b_initial_y_size_0	b_max_y_size_1	b_used_2	b_available_3	b_committed_4	a_used_5	a_available_6	a_committed_7	a_survived_8	a_promoted_9	a_copied_10	a_time_in_ns_11	promotion_rate_12
9437184	9437184	3015204	3071964	6291456	862888	5224280	6291456	2077072	1387144	0	597735	99	
9437184	9437184	3004988	3082180	6291456	1138556	4948612	6291456	1643564	681292	0	391759	98	
9437184	9437184	2964912	3122256	6291456	953412	5133756	6291456	1779872	953624	0	416368	99	
9437184	9437184	3016908	3070260	6291456	1179840	4907328	6291456	1781960	817612	0	498871	98	
9437184	9437184	2972440	3114728	6291456	908460	5178708	6291456	1782004	955700	0	488608	99	
9437184	9437184	2976608	3110560	6291456	1179056	4908112	6291456	1783020	817668	0	571349	98	
9437184	9437184	2972004	3115164	6291456	1029588	5057580	6291456	1782712	956704	0	451547	99	
9437184	9437184	3005832	3081336	6291456	1127308	4959860	6291456	1779680	817368	0	455625	98	
9437184	9437184	2965084	3122084	6291456	988600	5098568	6291456	1786648	953656	0	627329	99	
9437184	9437184	2995492	3091676	6291456	1812460	4274708	6291456	1427976	0	0	373336	0	
9437184	9437184	2976264	3110904	6291456	672200	5414968	6291456	1973208	1419336	0	544664	99	
9437184	9437184	3016088	3071080	6291456	1408000	4679168	6291456	1651560	545216	0	615073	98	
9437184	9437184	2973652	3113516	6291456	863192	5223976	6291456	1790560	1097704	0	634014	99	
9437184	9437184	2975312	3111856	6291456	1149036	4938132	6291456	1650844	684184	0	504310	98	
9437184	9437184	2985500	3101668	6291456	962436	5124732	6291456	1788344	958004	0	531342	99	
9437184	9437184	2973448	3113720	6291456	1470936	4616232	6291456	1285608	0	0	377047	0	
9437184	9437184	3022088	3065080	6291456	794480	5292688	6291456	1969816	1276956	0	604989	99	
9437184	9437184	2973436	3113732	6291456	1113636	4973532	6291456	1650828	684220	0	669825	98	
9437184	9437184	3014392	3072776	6291456	983632	5103536	6291456	1787948	957968	0	671147	99	
9437184	9437184	3021376	3065792	6291456	1400868	4686300	6291456	1788328	821340	0	600742	98	
9437184	9437184	2973352	3113816	6291456	830180	5256988	6291456	1651204	958332	0	641703	99	
9437184	9437184	3012320	3074848	6291456	1153280	4933888	6291456	1650844	684220	0	544985	98	
9437184	9437184	2984888	3102280	6291456	1051852	5035316	6291456	1787660	957968	0	621297	99	
9437184	9437184	2973364	3113804	6291456	933496	5153672	6291456	1650892	821040	0	517245	98	
9437184	9437184	2968896	3118272	6291456	1135900	4951268	6291456	1744564	821196	0	502497	98	
9437184	9437184	2973268	3113900	6291456	1437372	4649796	6291456	1284948	0	0	406646	0	
9437184	9437184	2988464	3098704	6291456	827088	5260080	6291456	1969000	1276308	0	601247	99	
9437184	9437184	3009204	3077964	6291456	1116764	4970404	6291456	1650672	684040	0	544596	98	
9437184	9437184	3017280	3069888	6291456	955136	5132032	6291456	1787480	957980	0	576058	99	
9437184	9437184	2997860	3089308	6291456	1141228	4945940	6291456	1787144	820848	0	519536	98	
9437184	9437184	3041756	3045412	6291456	1057208	5029960	6291456	1787140	957656	0	533973	99	
9437184	9437184	2973268	3113900	6291456	1095452	4991716	6291456	1650332	820844	0	530955	98	
9437184	9437184	2996004	3091164	6291456	1087904	4999264	6291456	1650348	820848	0	527123	98	
9437184	9437184	2988456	3098712	6291456	1017692	5069476	6291456	1650336	820848	0	597609	98	
9437184	9437184	2968512	3118656	6291456	1069668	5017500	6291456	1743724	820836	0	576341	98	
9437184	9437184	3011544	3075624	6291456	1183304	4903864	6291456	1793464	827012	0	611071	89	
9437184	9437184	3016068	3071100	6291456	955544	5131624	6291456	1787648	957812	0	570344	99	
9437184	9437184	2998320	3088848	6291456	1132368	4954800	6291456	1787796	821184	0	566781	98	
9437184	9437184	3032980	3054188	6291456	1014656	5072512	6291456	1787460	957972	0	598169	99	
9437184	9437184	2985116	3102052	6291456	1310924	4776244	6291456	1787784	820836	0	840544	98	
9437184	9437184	2973484	3113684	6291456	1528368	4558800	6291456	1297220	0	0	391713	0	
9437184	9437184	2998988	3088180	6291456	810032	5277136	6291456	1981576	1288548	0	581341	99	
9437184	9437184	2989956	3097212	6291456	1129136	4958032	6291456	1650828	684376	0	739383	98	
9437184	9437184	3029748	3057420	6291456	1020404	5066764	6291456	1787472	957812	0	637824	99	
9437184	9437184	2985476	3101692	6291456	1179540	4907628	6291456	1788456	821008	0	682596	98	
9437184	9437184	3012292	3074876	6291456	1052576	5034592	6291456	1788980	958808	0	668572	99	
9437184	9437184	2973616	3113552	6291456	1032344	5054824	6291456	1651512	821532	0	702947	98	
9437184	9437184	2969232	3117936	6291456	1110428	4976740	6291456	1738860	821328	0	654818	98	
9437184	9437184	2985168	3102000	6291456	1145320	4941848	6291456	1788808	821652	0	779132	89	
9437184	9437184	2991448	3095720	6291456	974836	5112332	6291456	1794812	958500	0	663378	99	
9437184	9437184	3012544	3074624	6291456	1086620	5000548	6291456	1794608	827672	0	647961	98	
9437184	9437184	2987136	3100032	6291456	1121504	4965664	6291456	1787772	958296	0	570766	99	
9437184	9437184	3022080	3065088	6291456	1040744	5046424	6291456	1650324	820836	0	592225	98	
9437184	9437184	2968840	3118328	6291456	1120444	4966724	6291456	1737744	820836	0	570163	98	
9437184	9437184	2985964	3101204	6291456	1204916	4882252	6291456	1787680	821032	0	621555	89	
9437184	9437184	3037824	3049344	6291456	1015820	5071348	6291456	1787664	957992	0	603066	99	
9437184	9437184	2985224	3101944	6291456	1188748	4898420	6291456	1787820	821016	0	629806	98	
9437184	9437184	3021452	3065716	6291456	1015040	5072128	6291456	1787988	958148	0	638701	99	
9437184	9437184	2985188	3101980	6291456	1179744	4907424	6291456	1787820	821188	0	733455	98	
9437184	9437184	3012412	3074756	6291456	1044468	5042700	6291456	1787492	957992	0	703347	99	
9437184	9437184	2968524	3118644	6291456	1276628	4810540	6291456	1737560	820848	0	677597	98	
9437184	9437184	3011024	3076144	6291456	1033664	5053504	6291456	1650332	820836	0	628773	89	
9437184	9437184	2968512	3118656	6291456	1137396	4949772	6291456	1740932	820856	0	1294406	98	
9437184	9437184	2973340	3113828	6291456	1447960	4639208	6291456	1284944	0	0	572260	0	
9437184	9437184	2999064	3088104	6291456	955084	5132084	6291456	1968996	1276292	0	880441	99	
9437184	9437184	2997904	3089264	6291456	1121132	4966036	6291456	1650340	684052	0	751059	98	
9437184	9437184	3021732	3065436	6291456	997728	5089440	6291456	1787616	957648	0	656957	99	
9437184	9437184	3035432	3051736	6291456	1113184	4973984	6291456	1788272	821304	0	736440	98	
9437184	9437184	3013796	3073372	6291456	1027984	5059184	6291456	1788308	958316	0	687933	99	
9437184	9437184	2968816	3118352	6291456	1139044	4948124	6291456	1738380	821340	0	643573	98	
9437184	9437184	2968828	3118340	6291456	1076180	5010988	6291456	1737892	821164	0	626748	89	
9437184	9437184	3018048	3069120	6291456	1129356	4957812	6291456	1787628	820848	0	684059	89	
9437184	9437184	3030148	3057020	6291456	975080	5112088	6291456	1794312	958128	0	607084	99	
9437184	9437184	3012464	3074704	6291456	1110596	4976572	6291456	1794176	827528	0	625350	98	
9437184	9437184	3011260	3075908	6291456	1050088	5037080	6291456	1788128	957980	0	655427	99	
9437184	9437184	2969236	3117932	6291456	1146192	4940976	6291456	1738580	821488	0	572113	98	
9437184	9437184	2969144	3118024	6291456	1116628	4970540	6291456	1738248	821212	0	567462	89	
9437184	9437184	2985648	3101520	6291456	1152428	4934740	6291456	1788008	821156	0	691744	89	
9437184	9437184	2985284	3101884	6291456	1057052	5030116	6291456	1787896	958188	0	627237	99	
9437184	9437184	2973520	3113648	6291456	983896	5103272	6291456	1650908	821048	0	594476	98	
9437184	9437184	3021792	3065376	6291456	1179432	4907736	6291456	1787864	821200	0	634372	98	
9437184	9437184	3012280	3074888	6291456	1045936	5041232	6291456	1787672	957988	0	755276	99	
9437184	9437184	2968968	3118200	6291456	1154380	4932788	6291456	1738092	821036	0	670549	98	
9437184	9437184	2973500	3113668	6291456	954672	5132496	6291456	1650652	821176	0	616710	89	
9437184	9437184	2998164	3089004	6291456	1145792	4941376	6291456	1787028	820828	0	656749	98	
9437184	9437184	2985028	3102140	6291456	1047400	5039768	6291456	1786912	957524	0	706537	99	
9437184	9437184	2968952	3118216	6291456	1126044	4961124	6291456	1738480	820740	0	696363	98	
9437184	9437184	2968968	3118200	6291456	1101404	4985764	6291456	1738776	821860	0	739090	89	
9437184	9437184	3038428	3048740	6291456	1268724	4818444	6291456	1787368	821024	0	594904	89	
9437184	9437184	3026460	3060708	6291456	1024056	5063112	6291456	1787192	957684	0	530012	99	
9437184	9437184	2986360	3100808	6291456	1157172	4929996	6291456	1787352	820860	0	586735	98	
9437184	9437184	2987768	3099400	6291456	1015924	5071244	6291456	1787504	957820	0	559850	99	
9437184	9437184	2985344	3101824	6291456	1179680	4907488	6291456	1787408	821036	0	602640	98	
9437184	9437184	3012576	3074592	6291456	994188	5092980	6291456	1787420	957708	0	614581	99	
9437184	9437184	3032160	3055008	6291456	1210244	4876924	6291456	1787408	821052	0	599195	98	
9437184	9437184	3042924	3044244	6291456	1035940	5051228	6291456	1787060	957696	0	560829	99	
9437184	9437184	2974012	3113156	6291456	1154744	4932424	6291456	1740820	820716	0	1130328	98	
9437184	9437184	3030416	3056752	6291456	1738428	4348740	6291456	1381232	0	0	404890	0	
9437184	9437184	2973720	3113448	6291456	678808	5408360	6291456	1928968	1372568	0	607254	99	
9437184	9437184	2969112	3118056	6291456	1270016	4817152	6291456	1601644	547740	0	460103	98	
9437184	9437184	3005188	3081980	6291456	1037136	5050032	6291456	1788368	958024	0	531922	90	
9437184	9437184	2969112	3118056	6291456	1197672	4889496	6291456	1738608	821680	0	501823	98	
9437184	9437184	3002520	3084648	6291456	929576	5157592	6291456	1650908	821048	0	520478	89	
9437184	9437184	3042160	3045008	6291456	1160576	4926592	6291456	1787864	821200	0	548023	98	
9437184	9437184	2991632	3095536	6291456	951708	5135460	6291456	1788508	958000	0	536876	99	
9437184	9437184	2989464	3097704	6291456	1124324	4962844	6291456	1788496	821844	0	588138	98	
9437184	9437184	3024980	3062188	6291456	985328	5101840	6291456	1793876	958004	0	729073	99	
9437184	9437184	3023676	3063492	6291456	1103804	4983364	6291456	1794340	827196	0	648927	98	
9437184	9437184	3004612	3082556	6291456	1022720	5064448	6291456	1788668	958480	0	611270	99	
9437184	9437184	2985104	3102064	6291456	1159196	4927972	6291456	1788188	821528	0	591510	98	
9437184	9437184	2989732	3097436	6291456	963448	5123720	6291456	1787708	958012	0	603858	99	
9437184	9437184	3001044	3086124	6291456	1130624	4956544	6291456	1787520	821036	0	619615	98	
9437184	9437184	3031232	3055936	6291456	984344	5102824	6291456	1787332	957824	0	684298	99	
9437184	9437184	3022692	3064476	6291456	1132204	4954964	6291456	1788084	820860	0	648283	98	
9437184	9437184	3032872	3054296	6291456	1021516	5065652	6291456	1788416	958548	0	716662	99	
9437184	9437184	2985412	3101756	6291456	1145284	4941884	6291456	1787728	821208	0	637674	98	
9437184	9437184	2975816	3111352	6291456	1014732	5072436	6291456	1787720	957860	0	579621	99	
9437184	9437184	2985448	3101720	6291456	1086964	5000204	6291456	1787900	821196	0	531232	98	
9437184	9437184	2987620	3099548	6291456	1087736	4999432	6291456	1787592	958040	0	653805	99	
9437184	9437184	2988392	3098776	6291456	1090072	4997096	6291456	1650436	820904	0	569205	98	
9437184	9437184	2990928	3096240	6291456	962756	5124412	6291456	1651228	820872	0	564774	98	
9437184	9437184	3000648	3086520	6291456	1223580	4863588	6291456	1788052	821704	0	434989	98	
9437184	9437184	2981976	3105192	6291456	1047328	5039840	6291456	1787340	957700	0	526966	99	
9437184	9437184	2969212	3117956	6291456	1028880	5058288	6291456	1738072	820992	0	499808	98	
9437184	9437184	2970960	3116208	6291456	1153012	4934156	6291456	1787704	821200	0	513996	89	
9437184	9437184	2985176	3101992	6291456	888408	5198760	6291456	1787540	957856	0	580883	99	
9437184	9437184	3002784	3084384	6291456	1214424	4872744	6291456	1787364	821036	0	566967	98	
9437184	9437184	2980184	3106984	6291456	1061092	5026076	6291456	1787508	957680	0	568388	99	
9437184	9437184	2974432	3112736	6291456	1021308	5065860	6291456	1651572	821168	0	517743	98	
9437184	9437184	2985320	3101848	6291456	1146996	4940172	6291456	1788224	821740	0	534788	98	
9437184	9437184	2985388	3101780	6291456	1019376	5067792	6291456	1787376	957820	0	498933	99	
9437184	9437184	2985484	3101684	6291456	1273144	4814024	6291456	1787564	820892	0	569045	98	
9437184	9437184	3027072	3060096	6291456	1028360	5058808	6291456	1789828	958008	0	682730	99	
9437184	9437184	2969416	3117752	6291456	1142696	4944472	6291456	1740568	823156	0	491159	98	
9437184	9437184	2969412	3117756	6291456	1139660	4947508	6291456	1739100	821528	0	553684	89	
9437184	9437184	2969412	3117756	6291456	1182896	4904272	6291456	1738912	821692	0	497347	89	
9437184	9437184	2987696	3099472	6291456	1014972	5072196	6291456	1650876	821340	0	512490	89	
9437184	9437184	2985256	3101912	6291456	1078752	5008416	6291456	1787524	820876	0	667533	98	
9437184	9437184	2979384	3107784	6291456	957532	5129636	6291456	1787508	957988	0	532377	99	
9437184	9437184	2998148	3089020	6291456	1167304	4919864	6291456	1787344	820860	0	643173	98	
9437184	9437184	3002792	3084376	6291456	1059452	5027716	6291456	1787372	957836	0	574093	99	
9437184	9437184	2973600	3113568	6291456	1047400	5039768	6291456	1650560	820888	0	505281	98	
9437184	9437184	2969012	3118156	6291456	1142608	4944560	6291456	1737928	821024	0	551246	98	
9437184	9437184	2968900	3118268	6291456	1119096	4968072	6291456	1741128	821044	0	1809822	89	
9437184	9437184	3029648	3057520	6291456	1734332	4352836	6291456	1380412	0	0	626051	0	
9437184	9437184	2973544	3113624	6291456	650884	5436284	6291456	1927652	1371740	0	490400	99	
9437184	9437184	3043048	3044120	6291456	1440980	4646188	6291456	1650700	547248	0	486400	98	
9437184	9437184	2992136	3095032	6291456	829456	5257712	6291456	1787668	1094804	0	531598	99	
9437184	9437184	3011732	3075436	6291456	1129576	4957592	6291456	1650556	684216	0	525929	98	
9437184	9437184	3030420	3056748	6291456	983312	5103856	6291456	1787396	957692	0	666956	99	
9437184	9437184	3021168	3066000	6291456	1296520	4790648	6291456	1787548	821040	0	628212	98	
9437184	9437184	2985412	3101756	6291456	941456	5145712	6291456	1787520	957836	0	658370	99	
9437184	9437184	2980976	3106192	6291456	1097980	4989188	6291456	1787672	821024	0	528050	98	
9437184	9437184	2998636	3088532	6291456	982896	5104272	6291456	1793684	957988	0	524679	99	
9437184	9437184	3020460	3066708	6291456	1312196	4774972	6291456	1793380	827036	0	572321	98	
9437184	9437184	2968808	3118360	6291456	957248	5129920	6291456	1737776	957684	0	554674	99	
9437184	9437184	2973520	3113648	6291456	1114528	4972640	6291456	1650500	684212	0	573131	87	
9437184	9437184	3015172	3071996	6291456	1038544	5048624	6291456	1787336	957640	0	615404	99	
9437184	9437184	2968880	3118288	6291456	1095004	4992164	6291456	1737944	821036	0	539724	98	
9437184	9437184	3032084	3055084	6291456	1277176	4809992	6291456	1787356	821024	0	541195	89	
9437184	9437184	3029808	3057360	6291456	989312	5097856	6291456	1787376	957684	0	798578	99	
9437184	9437184	3026832	3060336	6291456	1114796	4972372	6291456	1787532	821028	0	663233	98	
9437184	9437184	3015476	3071692	6291456	988780	5098388	6291456	1787384	957856	0	709485	99	
9437184	9437184	3027148	3060020	6291456	1125824	4961344	6291456	1787548	820864	0	650465	98	
9437184	9437184	3026480	3060688	6291456	968280	5118888	6291456	1788008	958020	0	753175	99	
9437184	9437184	3006528	3080640	6291456	1148944	4938224	6291456	1788320	821340	0	569147	98	
9437184	9437184	2985080	3102088	6291456	1034536	5052632	6291456	1787704	958332	0	651833	99	
9437184	9437184	2968964	3118204	6291456	1076928	5010240	6291456	1737480	820712	0	556452	98	
9437184	9437184	3018916	3068252	6291456	1158372	4928796	6291456	1787232	820888	0	657375	89	
9437184	9437184	2989164	3098004	6291456	1050608	5036560	6291456	1787356	957684	0	639115	99	
9437184	9437184	2968984	3118184	6291456	1113168	4974000	6291456	1737752	821000	0	651028	98	
9437184	9437184	2985260	3101908	6291456	1151804	4935364	6291456	1787204	820872	0	497094	89	
9437184	9437184	2985212	3101956	6291456	1027952	5059216	6291456	1787196	957672	0	559396	99	
9437184	9437184	2969064	3118104	6291456	1119904	4967264	6291456	1737636	820876	0	541047	98	
9437184	9437184	2986076	3101092	6291456	1150592	4936576	6291456	1787372	820876	0	671600	89	
9437184	9437184	2985224	3101944	6291456	1068116	5019052	6291456	1787496	957824	0	581968	99	
9437184	9437184	2973604	3113564	6291456	978592	5108576	6291456	1650560	821024	0	521558	98	
9437184	9437184	3016612	3070556	6291456	1211348	4875820	6291456	1787392	820872	0	614350	98	
9437184	9437184	2969904	3117264	6291456	1048016	5039152	6291456	1787708	957856	0	561533	99	
9437184	9437184	2969248	3117920	6291456	1126944	4960224	6291456	1738576	821188	0	583307	98	
9437184	9437184	2969424	3117744	6291456	1112288	4974880	6291456	1739064	821504	0	569936	89	
9437184	9437184	2985460	3101708	6291456	1161416	4925752	6291456	1788504	821680	0	566916	89	
9437184	9437184	2992280	3094888	6291456	1068680	5018488	6291456	1787884	958164	0	619026	99	
9437184	9437184	2973624	3113544	6291456	985476	5101692	6291456	1651044	821056	0	533030	98	
9437184	9437184	3022964	3064204	6291456	1191624	4895544	6291456	1787688	821340	0	564203	98	
9437184	9437184	3024460	3062708	6291456	1018916	5068252	6291456	1787544	957684	0	623963	99	
9437184	9437184	2984960	3102208	6291456	1147820	4939348	6291456	1787516	821200	0	537523	98	
9437184	9437184	2985316	3101852	6291456	1027316	5059852	6291456	1787520	957668	0	536945	99	
9437184	9437184	2968820	3118348	6291456	1047984	5039184	6291456	1738104	821188	0	605323	98	
9437184	9437184	2989688	3097480	6291456	1092524	4994644	6291456	1787240	821036	0	598788	89	
9437184	9437184	2993132	3094036	6291456	1089188	4997980	6291456	1787392	957540	0	582204	99	
9437184	9437184	2990020	3097148	6291456	1048552	5038616	6291456	1651056	821204	0	513009	98	
9437184	9437184	2969044	3118124	6291456	1147788	4939380	6291456	1737964	821188	0	633998	98	
9437184	9437184	2973744	3113424	6291456	1057096	5030072	6291456	1650912	820896	0	511944	89	
9437184	9437184	2973532	3113636	6291456	903836	5183332	6291456	1651212	821352	0	567233	98	
9437184	9437184	3016624	3070544	6291456	1147552	4939616	6291456	1787840	821184	0	615509	98	
9437184	9437184	2985380	3101788	6291456	1056952	5030216	6291456	1788184	957992	0	710088	99	
9437184	9437184	2973620	3113548	6291456	1062344	5024824	6291456	1651384	821516	0	553232	98	
9437184	9437184	2975628	3111540	6291456	1055180	5031988	6291456	1653112	821188	0	538322	98	
9437184	9437184	2973372	3113796	6291456	1017016	5070152	6291456	1653120	823244	0	530422	98	
9437184	9437184	2985092	3102076	6291456	1182800	4904368	6291456	1788036	821212	0	552387	98	
9437184	9437184	3015536	3071632	6291456	1113096	4974072	6291456	1787900	958160	0	567720	99	
9437184	9437184	3013696	3073472	6291456	982284	5104884	6291456	1650784	821060	0	532056	98	
9437184	9437184	3019692	3067476	6291456	1184108	4903060	6291456	1787560	821048	0	629109	98	
9437184	9437184	3016796	3070372	6291456	1055676	5031492	6291456	1787528	957848	0	563280	99	
9437184	9437184	2973420	3113748	6291456	1051752	5035416	6291456	1650572	821016	0	562924	98	
9437184	9437184	2973620	3113548	6291456	1052812	5034356	6291456	1651052	820868	0	595860	98	
9437184	9437184	2973548	3113620	6291456	982056	5105112	6291456	1651200	821504	0	532913	98	
9437184	9437184	3019536	3067632	6291456	1144460	4942708	6291456	1787344	821020	0	591067	98	
9437184	9437184	2974904	3112264	6291456	1119476	4967692	6291456	1787360	957660	0	564982	99	
9437184	9437184	3020088	3067080	6291456	930076	5157092	6291456	1653952	821036	0	1912400	98	
9437184	9437184	2973396	3113772	6291456	1474488	4612680	6291456	1284992	0	0	625668	0	
9437184	9437184	3025636	3061532	6291456	827736	5259432	6291456	1969064	1276328	0	752300	99	
9437184	9437184	3010064	3077104	6291456	1116192	4970976	6291456	1650560	684060	0	650730	98	
9437184	9437184	3016768	3070400	6291456	1014568	5072600	6291456	1787520	957836	0	594530	99	
9437184	9437184	2985104	3102064	6291456	1154744	4932424	6291456	1787228	821020	0	545402	98	
9437184	9437184	2985208	3101960	6291456	957364	5129804	6291456	1787240	957516	0	561994	99	
9437184	9437184	2998148	3089020	6291456	1119788	4967380	6291456	1787724	821048	0	641605	98	
9437184	9437184	3020376	3066792	6291456	978568	5108600	6291456	1787700	958012	0	555781	99	
9437184	9437184	3022044	3065124	6291456	1242840	4844328	6291456	1793856	821024	0	555310	98	
9437184	9437184	3000892	3086276	6291456	965096	5122072	6291456	1793700	964152	0	575345	99	
9437184	9437184	3002336	3084832	6291456	1304076	4783092	6291456	1787236	820868	0	660970	98	
9437184	9437184	2986320	3100848	6291456	1028488	5058680	6291456	1787248	957704	0	603889	99	
9437184	9437184	2969152	3118016	6291456	1092620	4994548	6291456	1737960	820880	0	641112	98	
9437184	9437184	3031820	3055348	6291456	1300040	4787128	6291456	1787884	821196	0	582962	89	
9437184	9437184	2985256	3101912	6291456	982912	5104256	6291456	1787728	958024	0	692846	99	
9437184	9437184	3020724	3066444	6291456	1146912	4940256	6291456	1788028	821024	0	547173	98	
9437184	9437184	2985032	3102136	6291456	962744	5124424	6291456	1787892	958340	0	593963	99	
9437184	9437184	3000088	3087080	6291456	1139196	4947972	6291456	1787400	820876	0	578414	98	
