b_initial_y_size_0	b_max_y_size_1	b_used_2	b_available_3	b_committed_4	a_used_5	a_available_6	a_committed_7	a_survived_8	a_promoted_9	a_copied_10	a_time_in_ns_11	promotion_rate_12
7864320	7864320	2536316	2536324	5242880	52732	5019908	5242880	72012	51740	0	179154	76	
7864320	7864320	2536304	2536336	5242880	36176	5036464	5242880	36176	0	0	86224	0	
7864320	7864320	2536232	2536408	5242880	7940	5064700	5242880	12688	4748	0	54859	13	
7864320	7864320	2536268	2536372	5242880	14340	5058300	5242880	14340	0	0	55131	0	
7864320	7864320	2536224	2536416	5242880	9132	5063508	5242880	9132	0	0	49657	0	
7864320	7864320	2536268	2536372	5242880	31372	5041268	5242880	31388	16	0	78691	0	
7864320	7864320	2536296	2536344	5242880	16260	5056380	5242880	16260	0	0	54196	0	
7864320	7864320	2536296	2536344	5242880	2208	5070432	5242880	3676	1468	0	41766	9	
7864320	7864320	2536296	2536344	5242880	508	5072132	5242880	508	0	0	31822	0	
7864320	7864320	2536296	2536344	5242880	28	5072612	5242880	28	0	0	31004	0	
7864320	7864320	2536296	2536344	5242880	28	5072612	5242880	28	0	0	29828	0	
7864320	7864320	2536296	2536344	5242880	28	5072612	5242880	28	0	0	29607	0	
7864320	7864320	2536296	2536344	5242880	28	5072612	5242880	28	0	0	29682	0	
7864320	7864320	2536296	2536344	5242880	28	5072612	5242880	28	0	0	27908	0	
7864320	7864320	2536296	2536344	5242880	28	5072612	5242880	28	0	0	28512	0	
7864320	7864320	2536296	2536344	5242880	28	5072612	5242880	28	0	0	47207	0	
7864320	7864320	2536296	2536344	5242880	28	5072612	5242880	28	0	0	33180	0	
7864320	7864320	2536296	2536344	5242880	28	5072612	5242880	28	0	0	30158	0	
7864320	7864320	2536296	2536344	5242880	28	5072612	5242880	28	0	0	28871	0	
7864320	7864320	2536296	2536344	5242880	28	5072612	5242880	28	0	0	27106	0	
7864320	7864320	2536296	2536344	5242880	28	5072612	5242880	28	0	0	28097	0	
7864320	7864320	2536296	2536344	5242880	28	5072612	5242880	28	0	0	28050	0	
7864320	7864320	2536296	2536344	5242880	28	5072612	5242880	28	0	0	27809	0	
7864320	7864320	2536296	2536344	5242880	28	5072612	5242880	28	0	0	27555	0	
7864320	7864320	2536296	2536344	5242880	28	5072612	5242880	28	0	0	50599	0	
7864320	7864320	2536296	2536344	5242880	28	5072612	5242880	28	0	0	27151	0	
7864320	7864320	2536296	2536344	5242880	28	5072612	5242880	28	0	0	27311	0	
7864320	7864320	2536296	2536344	5242880	28	5072612	5242880	28	0	0	27248	0	
7864320	7864320	2536296	2536344	5242880	28	5072612	5242880	28	0	0	31294	0	
7864320	7864320	2536296	2536344	5242880	15480	5057160	5242880	15480	0	0	57860	0	
7864320	7864320	2536296	2536344	5242880	11216	5061424	5242880	12164	948	0	65924	6	
7864320	7864320	2536296	2536344	5242880	2520	5070120	5242880	2520	0	0	35308	0	
7864320	7864320	2536296	2536344	5242880	560	5072080	5242880	560	0	0	29409	0	
7864320	7864320	2536296	2536344	5242880	84	5072556	5242880	84	0	0	28722	0	
7864320	7864320	2536296	2536344	5242880	28	5072612	5242880	28	0	0	27858	0	
7864320	7864320	2536296	2536344	5242880	31736	5040904	5242880	31736	0	0	71107	0	
7864320	7864320	2536296	2536344	5242880	16404	5056236	5242880	16404	0	0	51614	0	
7864320	7864320	2536296	2536344	5242880	3876	5068764	5242880	3876	0	0	34524	0	
7864320	7864320	2536296	2536344	5242880	828	5071812	5242880	828	0	0	29784	0	
7864320	7864320	2536296	2536344	5242880	124	5072516	5242880	124	0	0	28743	0	
7864320	7864320	2536296	2536344	5242880	28	5072612	5242880	28	0	0	28078	0	
7864320	7864320	2536296	2536344	5242880	28	5072612	5242880	28	0	0	32790	0	
7864320	7864320	2536296	2536344	5242880	28	5072612	5242880	28	0	0	31779	0	
7864320	7864320	2536296	2536344	5242880	28	5072612	5242880	28	0	0	32274	0	
7864320	7864320	2536248	2536392	5242880	15588	5057052	5242880	15588	0	0	53320	0	
7864320	7864320	2536248	2536392	5242880	11216	5061424	5242880	12272	1056	0	49098	6	
7864320	7864320	2536248	2536392	5242880	2536	5070104	5242880	2536	0	0	32892	0	
7864320	7864320	2536248	2536392	5242880	576	5072064	5242880	576	0	0	29423	0	
7864320	7864320	2536248	2536392	5242880	156	5072484	5242880	156	0	0	29153	0	
7864320	7864320	2536248	2536392	5242880	156	5072484	5242880	156	0	0	28809	0	
7864320	7864320	2536248	2536392	5242880	156	5072484	5242880	156	0	0	28313	0	
7864320	7864320	2536248	2536392	5242880	156	5072484	5242880	156	0	0	29305	0	
7864320	7864320	2536248	2536392	5242880	156	5072484	5242880	156	0	0	28325	0	
7864320	7864320	2536248	2536392	5242880	156	5072484	5242880	156	0	0	28066	0	
7864320	7864320	2536248	2536392	5242880	156	5072484	5242880	156	0	0	27720	0	
7864320	7864320	2536248	2536392	5242880	156	5072484	5242880	156	0	0	27873	0	
7864320	7864320	2536248	2536392	5242880	156	5072484	5242880	156	0	0	28182	0	
7864320	7864320	2536248	2536392	5242880	156	5072484	5242880	156	0	0	28059	0	
7864320	7864320	2536248	2536392	5242880	156	5072484	5242880	156	0	0	28719	0	
7864320	7864320	2536248	2536392	5242880	156	5072484	5242880	156	0	0	28406	0	
7864320	7864320	2536248	2536392	5242880	156	5072484	5242880	156	0	0	27866	0	
7864320	7864320	2536248	2536392	5242880	156	5072484	5242880	156	0	0	28480	0	
7864320	7864320	2536248	2536392	5242880	156	5072484	5242880	156	0	0	28213	0	
7864320	7864320	2536248	2536392	5242880	156	5072484	5242880	156	0	0	28002	0	
7864320	7864320	2536248	2536392	5242880	156	5072484	5242880	156	0	0	28040	0	
7864320	7864320	2536248	2536392	5242880	156	5072484	5242880	156	0	0	27778	0	
7864320	7864320	2536248	2536392	5242880	156	5072484	5242880	156	0	0	28415	0	
7864320	7864320	2536248	2536392	5242880	156	5072484	5242880	156	0	0	28088	0	
7864320	7864320	2536248	2536392	5242880	156	5072484	5242880	156	0	0	30265	0	
7864320	7864320	2536248	2536392	5242880	156	5072484	5242880	156	0	0	29888	0	
7864320	7864320	2536248	2536392	5242880	156	5072484	5242880	156	0	0	27574	0	
7864320	7864320	2536248	2536392	5242880	156	5072484	5242880	156	0	0	28223	0	
7864320	7864320	2536248	2536392	5242880	156	5072484	5242880	156	0	0	26590	0	
7864320	7864320	2536248	2536392	5242880	156	5072484	5242880	156	0	0	26974	0	
7864320	7864320	2536248	2536392	5242880	156	5072484	5242880	156	0	0	25121	0	
7864320	7864320	2536248	2536392	5242880	156	5072484	5242880	156	0	0	26356	0	
7864320	7864320	2536248	2536392	5242880	156	5072484	5242880	156	0	0	25707	0	
7864320	7864320	2536248	2536392	5242880	156	5072484	5242880	156	0	0	25045	0	
7864320	7864320	2536248	2536392	5242880	156	5072484	5242880	156	0	0	26438	0	
7864320	7864320	2536248	2536392	5242880	156	5072484	5242880	156	0	0	26622	0	
7864320	7864320	2536248	2536392	5242880	156	5072484	5242880	156	0	0	25994	0	
7864320	7864320	2536248	2536392	5242880	156	5072484	5242880	156	0	0	26995	0	
7864320	7864320	2536248	2536392	5242880	156	5072484	5242880	156	0	0	26516	0	
7864320	7864320	2536248	2536392	5242880	156	5072484	5242880	156	0	0	26477	0	
7864320	7864320	2536248	2536392	5242880	156	5072484	5242880	156	0	0	26495	0	
7864320	7864320	2536248	2536392	5242880	156	5072484	5242880	156	0	0	26543	0	
7864320	7864320	2536248	2536392	5242880	156	5072484	5242880	156	0	0	26904	0	
7864320	7864320	2536248	2536392	5242880	156	5072484	5242880	156	0	0	26248	0	
7864320	7864320	2536248	2536392	5242880	156	5072484	5242880	156	0	0	26153	0	
7864320	7864320	2536248	2536392	5242880	156	5072484	5242880	156	0	0	26225	0	
7864320	7864320	2536248	2536392	5242880	156	5072484	5242880	156	0	0	26130	0	
7864320	7864320	2536248	2536392	5242880	156	5072484	5242880	156	0	0	27171	0	
7864320	7864320	2536248	2536392	5242880	156	5072484	5242880	156	0	0	26010	0	
7864320	7864320	2536248	2536392	5242880	212	5072428	5242880	212	0	0	30927	0	
7864320	7864320	2536248	2536392	5242880	156	5072484	5242880	212	56	0	31148	26	
7864320	7864320	2536248	2536392	5242880	156	5072484	5242880	156	0	0	28219	0	
7864320	7864320	2536248	2536392	5242880	184	5072456	5242880	184	0	0	30887	0	
7864320	7864320	2536248	2536392	5242880	156	5072484	5242880	184	28	0	29313	15	
7864320	7864320	2536248	2536392	5242880	156	5072484	5242880	156	0	0	26675	0	
7864320	7864320	2536248	2536392	5242880	156	5072484	5242880	156	0	0	26876	0	
7864320	7864320	2536248	2536392	5242880	156	5072484	5242880	156	0	0	26472	0	
7864320	7864320	2536248	2536392	5242880	156	5072484	5242880	156	0	0	26406	0	
7864320	7864320	2536248	2536392	5242880	156	5072484	5242880	156	0	0	26523	0	
7864320	7864320	2536248	2536392	5242880	156	5072484	5242880	156	0	0	26074	0	
7864320	7864320	2536248	2536392	5242880	156	5072484	5242880	156	0	0	26409	0	
7864320	7864320	2536248	2536392	5242880	156	5072484	5242880	156	0	0	26513	0	
7864320	7864320	2536248	2536392	5242880	156	5072484	5242880	156	0	0	26526	0	
7864320	7864320	2536248	2536392	5242880	156	5072484	5242880	156	0	0	26228	0	
7864320	7864320	2536248	2536392	5242880	156	5072484	5242880	156	0	0	26707	0	
7864320	7864320	2536248	2536392	5242880	156	5072484	5242880	156	0	0	26249	0	
7864320	7864320	2536248	2536392	5242880	156	5072484	5242880	156	0	0	25888	0	
7864320	7864320	2536248	2536392	5242880	156	5072484	5242880	156	0	0	26247	0	
7864320	7864320	2536248	2536392	5242880	156	5072484	5242880	156	0	0	25979	0	
7864320	7864320	2536248	2536392	5242880	156	5072484	5242880	156	0	0	26193	0	
7864320	7864320	2536248	2536392	5242880	156	5072484	5242880	156	0	0	28865	0	
7864320	7864320	2536248	2536392	5242880	156	5072484	5242880	156	0	0	25943	0	
7864320	7864320	2536248	2536392	5242880	156	5072484	5242880	156	0	0	26004	0	
7864320	7864320	2536248	2536392	5242880	156	5072484	5242880	156	0	0	26021	0	
7864320	7864320	2536248	2536392	5242880	156	5072484	5242880	156	0	0	26206	0	
7864320	7864320	2536248	2536392	5242880	156	5072484	5242880	156	0	0	25561	0	
7864320	7864320	2536248	2536392	5242880	156	5072484	5242880	156	0	0	25997	0	
7864320	7864320	2536248	2536392	5242880	156	5072484	5242880	156	0	0	27033	0	
7864320	7864320	2536248	2536392	5242880	156	5072484	5242880	156	0	0	25849	0	
7864320	7864320	2536248	2536392	5242880	156	5072484	5242880	156	0	0	26002	0	
7864320	7864320	2536248	2536392	5242880	156	5072484	5242880	156	0	0	25887	0	
7864320	7864320	2536248	2536392	5242880	156	5072484	5242880	156	0	0	26263	0	
7864320	7864320	2536248	2536392	5242880	156	5072484	5242880	156	0	0	25949	0	
7864320	7864320	2536248	2536392	5242880	156	5072484	5242880	156	0	0	26169	0	
7864320	7864320	2536248	2536392	5242880	156	5072484	5242880	156	0	0	26215	0	
7864320	7864320	2536248	2536392	5242880	156	5072484	5242880	156	0	0	25846	0	
7864320	7864320	2536248	2536392	5242880	156	5072484	5242880	156	0	0	26560	0	
7864320	7864320	2536248	2536392	5242880	156	5072484	5242880	156	0	0	26153	0	
7864320	7864320	2536248	2536392	5242880	156	5072484	5242880	156	0	0	26175	0	
7864320	7864320	2536248	2536392	5242880	156	5072484	5242880	156	0	0	26268	0	
7864320	7864320	2536248	2536392	5242880	156	5072484	5242880	156	0	0	25797	0	
7864320	7864320	2536248	2536392	5242880	156	5072484	5242880	156	0	0	25919	0	
7864320	7864320	2536248	2536392	5242880	156	5072484	5242880	156	0	0	26219	0	
7864320	7864320	2536248	2536392	5242880	156	5072484	5242880	156	0	0	26010	0	
7864320	7864320	2536248	2536392	5242880	156	5072484	5242880	156	0	0	26406	0	
7864320	7864320	2536248	2536392	5242880	156	5072484	5242880	156	0	0	26128	0	
7864320	7864320	2536248	2536392	5242880	156	5072484	5242880	156	0	0	26213	0	
7864320	7864320	2536248	2536392	5242880	156	5072484	5242880	156	0	0	26123	0	
7864320	7864320	2536248	2536392	5242880	156	5072484	5242880	156	0	0	25894	0	
7864320	7864320	2536248	2536392	5242880	156	5072484	5242880	156	0	0	26098	0	
7864320	7864320	2536248	2536392	5242880	156	5072484	5242880	156	0	0	25966	0	
7864320	7864320	2536248	2536392	5242880	156	5072484	5242880	156	0	0	26468	0	
7864320	7864320	2536248	2536392	5242880	156	5072484	5242880	156	0	0	29760	0	
7864320	7864320	2536248	2536392	5242880	156	5072484	5242880	156	0	0	26311	0	
7864320	7864320	2536248	2536392	5242880	156	5072484	5242880	156	0	0	26291	0	
7864320	7864320	2536248	2536392	5242880	156	5072484	5242880	156	0	0	25779	0	
7864320	7864320	2536248	2536392	5242880	156	5072484	5242880	156	0	0	26296	0	
7864320	7864320	2536248	2536392	5242880	156	5072484	5242880	156	0	0	25744	0	
7864320	7864320	2536248	2536392	5242880	156	5072484	5242880	156	0	0	25967	0	
7864320	7864320	2536248	2536392	5242880	156	5072484	5242880	156	0	0	26381	0	
7864320	7864320	2536248	2536392	5242880	156	5072484	5242880	156	0	0	25877	0	
7864320	7864320	2536248	2536392	5242880	156	5072484	5242880	156	0	0	26296	0	
7864320	7864320	2536248	2536392	5242880	156	5072484	5242880	156	0	0	25651	0	
7864320	7864320	2536248	2536392	5242880	156	5072484	5242880	156	0	0	26413	0	
7864320	7864320	2536248	2536392	5242880	156	5072484	5242880	156	0	0	26301	0	
7864320	7864320	2536248	2536392	5242880	156	5072484	5242880	156	0	0	26059	0	
7864320	7864320	2536248	2536392	5242880	156	5072484	5242880	156	0	0	26179	0	
7864320	7864320	2536248	2536392	5242880	156	5072484	5242880	156	0	0	25818	0	
7864320	7864320	2536248	2536392	5242880	156	5072484	5242880	156	0	0	25976	0	
7864320	7864320	2536248	2536392	5242880	156	5072484	5242880	156	0	0	26211	0	
7864320	7864320	2536248	2536392	5242880	156	5072484	5242880	156	0	0	25757	0	
7864320	7864320	2536248	2536392	5242880	156	5072484	5242880	156	0	0	26074	0	
7864320	7864320	2536248	2536392	5242880	156	5072484	5242880	156	0	0	25737	0	
7864320	7864320	2536248	2536392	5242880	156	5072484	5242880	156	0	0	26335	0	
7864320	7864320	2536248	2536392	5242880	156	5072484	5242880	156	0	0	26455	0	
7864320	7864320	2536248	2536392	5242880	156	5072484	5242880	156	0	0	25814	0	
7864320	7864320	2536248	2536392	5242880	212	5072428	5242880	212	0	0	31276	0	
7864320	7864320	2536248	2536392	5242880	156	5072484	5242880	212	56	0	33923	26	
7864320	7864320	2536248	2536392	5242880	156	5072484	5242880	156	0	0	27238	0	
7864320	7864320	2536248	2536392	5242880	156	5072484	5242880	156	0	0	26445	0	
7864320	7864320	2536248	2536392	5242880	156	5072484	5242880	156	0	0	26126	0	
7864320	7864320	2536248	2536392	5242880	156	5072484	5242880	156	0	0	27227	0	
7864320	7864320	2536248	2536392	5242880	156	5072484	5242880	156	0	0	26115	0	
7864320	7864320	2536248	2536392	5242880	156	5072484	5242880	156	0	0	24749	0	
7864320	7864320	2536248	2536392	5242880	156	5072484	5242880	156	0	0	26373	0	
7864320	7864320	2536248	2536392	5242880	156	5072484	5242880	156	0	0	26046	0	
7864320	7864320	2536248	2536392	5242880	156	5072484	5242880	156	0	0	26262	0	
7864320	7864320	2536248	2536392	5242880	156	5072484	5242880	156	0	0	26366	0	
7864320	7864320	2536248	2536392	5242880	156	5072484	5242880	156	0	0	26362	0	
7864320	7864320	2536248	2536392	5242880	156	5072484	5242880	156	0	0	25931	0	
7864320	7864320	2536248	2536392	5242880	156	5072484	5242880	156	0	0	25638	0	
7864320	7864320	2536248	2536392	5242880	156	5072484	5242880	156	0	0	26023	0	
7864320	7864320	2536248	2536392	5242880	156	5072484	5242880	156	0	0	25581	0	
7864320	7864320	2536248	2536392	5242880	156	5072484	5242880	156	0	0	25917	0	
7864320	7864320	2536248	2536392	5242880	156	5072484	5242880	156	0	0	25663	0	
7864320	7864320	2536248	2536392	5242880	156	5072484	5242880	156	0	0	25942	0	
7864320	7864320	2536248	2536392	5242880	156	5072484	5242880	156	0	0	26163	0	
7864320	7864320	2536248	2536392	5242880	156	5072484	5242880	156	0	0	25751	0	
7864320	7864320	2536248	2536392	5242880	156	5072484	5242880	156	0	0	25895	0	
7864320	7864320	2536248	2536392	5242880	156	5072484	5242880	156	0	0	25581	0	
7864320	7864320	2536248	2536392	5242880	156	5072484	5242880	156	0	0	25825	0	
7864320	7864320	2536248	2536392	5242880	156	5072484	5242880	156	0	0	25856	0	
7864320	7864320	2536248	2536392	5242880	156	5072484	5242880	156	0	0	25745	0	
7864320	7864320	2536248	2536392	5242880	156	5072484	5242880	156	0	0	26021	0	
7864320	7864320	2536248	2536392	5242880	156	5072484	5242880	156	0	0	25427	0	
7864320	7864320	2536248	2536392	5242880	156	5072484	5242880	156	0	0	26004	0	
7864320	7864320	2536248	2536392	5242880	156	5072484	5242880	156	0	0	26005	0	
7864320	7864320	2536248	2536392	5242880	156	5072484	5242880	156	0	0	25570	0	
7864320	7864320	2536248	2536392	5242880	156	5072484	5242880	156	0	0	25958	0	
7864320	7864320	2536248	2536392	5242880	156	5072484	5242880	156	0	0	25600	0	
7864320	7864320	2536248	2536392	5242880	156	5072484	5242880	156	0	0	26118	0	
7864320	7864320	2536248	2536392	5242880	156	5072484	5242880	156	0	0	26074	0	
7864320	7864320	2536248	2536392	5242880	156	5072484	5242880	156	0	0	25715	0	
7864320	7864320	2536248	2536392	5242880	156	5072484	5242880	156	0	0	25763	0	
7864320	7864320	2536248	2536392	5242880	156	5072484	5242880	156	0	0	25565	0	
7864320	7864320	2536248	2536392	5242880	156	5072484	5242880	156	0	0	25901	0	
7864320	7864320	2536248	2536392	5242880	156	5072484	5242880	156	0	0	25739	0	
7864320	7864320	2536248	2536392	5242880	156	5072484	5242880	156	0	0	25913	0	
7864320	7864320	2536248	2536392	5242880	156	5072484	5242880	156	0	0	25895	0	
7864320	7864320	2536248	2536392	5242880	156	5072484	5242880	156	0	0	25662	0	
7864320	7864320	2536248	2536392	5242880	156	5072484	5242880	156	0	0	25894	0	
7864320	7864320	2536248	2536392	5242880	156	5072484	5242880	156	0	0	24495	0	
7864320	7864320	2536248	2536392	5242880	156	5072484	5242880	156	0	0	25439	0	
7864320	7864320	2536248	2536392	5242880	156	5072484	5242880	156	0	0	25482	0	
7864320	7864320	2536248	2536392	5242880	156	5072484	5242880	156	0	0	25542	0	
7864320	7864320	2536248	2536392	5242880	156	5072484	5242880	156	0	0	26010	0	
7864320	7864320	2536248	2536392	5242880	156	5072484	5242880	156	0	0	25948	0	
7864320	7864320	2536248	2536392	5242880	156	5072484	5242880	156	0	0	25733	0	
7864320	7864320	2536248	2536392	5242880	156	5072484	5242880	156	0	0	25852	0	
7864320	7864320	2536248	2536392	5242880	156	5072484	5242880	156	0	0	25435	0	
7864320	7864320	2536248	2536392	5242880	156	5072484	5242880	156	0	0	25820	0	
7864320	7864320	2536248	2536392	5242880	156	5072484	5242880	156	0	0	25743	0	
7864320	7864320	2536248	2536392	5242880	156	5072484	5242880	156	0	0	25664	0	
7864320	7864320	2536248	2536392	5242880	156	5072484	5242880	156	0	0	25917	0	
7864320	7864320	2536248	2536392	5242880	156	5072484	5242880	156	0	0	25560	0	
7864320	7864320	2536248	2536392	5242880	156	5072484	5242880	156	0	0	25735	0	
7864320	7864320	2536248	2536392	5242880	156	5072484	5242880	156	0	0	25476	0	
7864320	7864320	2536248	2536392	5242880	156	5072484	5242880	156	0	0	25952	0	
7864320	7864320	2536248	2536392	5242880	156	5072484	5242880	156	0	0	24454	0	
7864320	7864320	2536248	2536392	5242880	156	5072484	5242880	156	0	0	25604	0	
7864320	7864320	2536248	2536392	5242880	156	5072484	5242880	156	0	0	25277	0	
7864320	7864320	2536248	2536392	5242880	156	5072484	5242880	156	0	0	25686	0	
7864320	7864320	2536248	2536392	5242880	156	5072484	5242880	156	0	0	24256	0	
7864320	7864320	2536248	2536392	5242880	156	5072484	5242880	156	0	0	24361	0	
7864320	7864320	2536248	2536392	5242880	156	5072484	5242880	156	0	0	25522	0	
7864320	7864320	2536248	2536392	5242880	156	5072484	5242880	156	0	0	25965	0	
7864320	7864320	2536248	2536392	5242880	156	5072484	5242880	156	0	0	25597	0	
7864320	7864320	2536248	2536392	5242880	156	5072484	5242880	156	0	0	26051	0	
7864320	7864320	2536248	2536392	5242880	156	5072484	5242880	156	0	0	25687	0	
7864320	7864320	2536248	2536392	5242880	156	5072484	5242880	156	0	0	25632	0	
7864320	7864320	2536248	2536392	5242880	156	5072484	5242880	156	0	0	25840	0	
7864320	7864320	2536248	2536392	5242880	156	5072484	5242880	156	0	0	25841	0	
7864320	7864320	2536248	2536392	5242880	156	5072484	5242880	156	0	0	25765	0	
7864320	7864320	2536248	2536392	5242880	156	5072484	5242880	156	0	0	26016	0	
7864320	7864320	2536248	2536392	5242880	156	5072484	5242880	156	0	0	25695	0	
7864320	7864320	2536248	2536392	5242880	156	5072484	5242880	156	0	0	26134	0	
7864320	7864320	2536248	2536392	5242880	156	5072484	5242880	156	0	0	24324	0	
7864320	7864320	2536248	2536392	5242880	156	5072484	5242880	156	0	0	26104	0	
7864320	7864320	2536248	2536392	5242880	156	5072484	5242880	156	0	0	25332	0	
7864320	7864320	2536248	2536392	5242880	156	5072484	5242880	156	0	0	25717	0	
7864320	7864320	2536248	2536392	5242880	156	5072484	5242880	156	0	0	25861	0	
7864320	7864320	2536248	2536392	5242880	156	5072484	5242880	156	0	0	25670	0	
7864320	7864320	2536248	2536392	5242880	156	5072484	5242880	156	0	0	26203	0	
7864320	7864320	2536248	2536392	5242880	156	5072484	5242880	156	0	0	24434	0	
7864320	7864320	2536248	2536392	5242880	156	5072484	5242880	156	0	0	26094	0	
7864320	7864320	2536248	2536392	5242880	156	5072484	5242880	156	0	0	25829	0	
7864320	7864320	2536248	2536392	5242880	156	5072484	5242880	156	0	0	25832	0	
7864320	7864320	2536248	2536392	5242880	156	5072484	5242880	156	0	0	25803	0	
7864320	7864320	2536248	2536392	5242880	156	5072484	5242880	156	0	0	25318	0	
7864320	7864320	2536248	2536392	5242880	156	5072484	5242880	156	0	0	25778	0	
7864320	7864320	2536248	2536392	5242880	156	5072484	5242880	156	0	0	25868	0	
7864320	7864320	2536248	2536392	5242880	156	5072484	5242880	156	0	0	25619	0	
7864320	7864320	2536248	2536392	5242880	156	5072484	5242880	156	0	0	25665	0	
7864320	7864320	2536248	2536392	5242880	156	5072484	5242880	156	0	0	25595	0	
7864320	7864320	2536248	2536392	5242880	156	5072484	5242880	156	0	0	26093	0	
7864320	7864320	2536248	2536392	5242880	156	5072484	5242880	156	0	0	25815	0	
7864320	7864320	2536248	2536392	5242880	156	5072484	5242880	156	0	0	25593	0	
7864320	7864320	2536248	2536392	5242880	156	5072484	5242880	156	0	0	25756	0	
7864320	7864320	2536248	2536392	5242880	156	5072484	5242880	156	0	0	25640	0	
7864320	7864320	2536248	2536392	5242880	156	5072484	5242880	156	0	0	26287	0	
7864320	7864320	2536248	2536392	5242880	156	5072484	5242880	156	0	0	29080	0	
7864320	7864320	2536248	2536392	5242880	156	5072484	5242880	156	0	0	26116	0	
7864320	7864320	2536248	2536392	5242880	156	5072484	5242880	156	0	0	25732	0	
7864320	7864320	2536248	2536392	5242880	156	5072484	5242880	156	0	0	25378	0	
7864320	7864320	2536248	2536392	5242880	156	5072484	5242880	156	0	0	26062	0	
7864320	7864320	2536248	2536392	5242880	156	5072484	5242880	156	0	0	25376	0	
7864320	7864320	2536248	2536392	5242880	156	5072484	5242880	156	0	0	25717	0	
7864320	7864320	2536248	2536392	5242880	156	5072484	5242880	156	0	0	26306	0	
7864320	7864320	2536248	2536392	5242880	156	5072484	5242880	156	0	0	25422	0	
7864320	7864320	2536248	2536392	5242880	156	5072484	5242880	156	0	0	25980	0	
7864320	7864320	2536248	2536392	5242880	156	5072484	5242880	156	0	0	25348	0	
7864320	7864320	2536248	2536392	5242880	156	5072484	5242880	156	0	0	25731	0	
7864320	7864320	2536248	2536392	5242880	156	5072484	5242880	156	0	0	25910	0	
7864320	7864320	2536248	2536392	5242880	156	5072484	5242880	156	0	0	25190	0	
7864320	7864320	2536248	2536392	5242880	156	5072484	5242880	156	0	0	25735	0	
7864320	7864320	2536248	2536392	5242880	156	5072484	5242880	156	0	0	25241	0	
7864320	7864320	2536248	2536392	5242880	156	5072484	5242880	156	0	0	26038	0	
7864320	7864320	2536248	2536392	5242880	156	5072484	5242880	156	0	0	24506	0	
7864320	7864320	2536248	2536392	5242880	156	5072484	5242880	156	0	0	25689	0	
7864320	7864320	2536248	2536392	5242880	156	5072484	5242880	156	0	0	26121	0	
7864320	7864320	2536248	2536392	5242880	156	5072484	5242880	156	0	0	25502	0	
7864320	7864320	2536248	2536392	5242880	156	5072484	5242880	156	0	0	26273	0	
7864320	7864320	2536248	2536392	5242880	156	5072484	5242880	156	0	0	25790	0	
7864320	7864320	2536248	2536392	5242880	156	5072484	5242880	156	0	0	25848	0	
7864320	7864320	2536248	2536392	5242880	156	5072484	5242880	156	0	0	25811	0	
7864320	7864320	2536248	2536392	5242880	156	5072484	5242880	156	0	0	25604	0	
7864320	7864320	2536248	2536392	5242880	156	5072484	5242880	156	0	0	26030	0	
7864320	7864320	2536248	2536392	5242880	156	5072484	5242880	156	0	0	31592	0	
7864320	7864320	2536248	2536392	5242880	156	5072484	5242880	156	0	0	28664	0	
7864320	7864320	2536248	2536392	5242880	156	5072484	5242880	156	0	0	28010	0	
7864320	7864320	2536248	2536392	5242880	156	5072484	5242880	156	0	0	27233	0	
7864320	7864320	2536248	2536392	5242880	156	5072484	5242880	156	0	0	27174	0	
7864320	7864320	2536248	2536392	5242880	156	5072484	5242880	156	0	0	27117	0	
7864320	7864320	2536248	2536392	5242880	156	5072484	5242880	156	0	0	26324	0	
7864320	7864320	2536248	2536392	5242880	156	5072484	5242880	156	0	0	26855	0	
7864320	7864320	2536248	2536392	5242880	156	5072484	5242880	156	0	0	26339	0	
7864320	7864320	2536248	2536392	5242880	156	5072484	5242880	156	0	0	26806	0	
7864320	7864320	2536248	2536392	5242880	156	5072484	5242880	156	0	0	26428	0	
7864320	7864320	2536248	2536392	5242880	156	5072484	5242880	156	0	0	26176	0	
7864320	7864320	2536248	2536392	5242880	156	5072484	5242880	156	0	0	26283	0	
7864320	7864320	2536248	2536392	5242880	156	5072484	5242880	156	0	0	24340	0	
7864320	7864320	2536248	2536392	5242880	156	5072484	5242880	156	0	0	26031	0	
7864320	7864320	2536248	2536392	5242880	156	5072484	5242880	156	0	0	25894	0	
7864320	7864320	2536248	2536392	5242880	156	5072484	5242880	156	0	0	26516	0	
7864320	7864320	2536248	2536392	5242880	156	5072484	5242880	156	0	0	26743	0	
7864320	7864320	2536248	2536392	5242880	156	5072484	5242880	156	0	0	25889	0	
7864320	7864320	2536248	2536392	5242880	156	5072484	5242880	156	0	0	26247	0	
7864320	7864320	2536248	2536392	5242880	156	5072484	5242880	156	0	0	25626	0	
7864320	7864320	2536248	2536392	5242880	156	5072484	5242880	156	0	0	26091	0	
7864320	7864320	2536248	2536392	5242880	156	5072484	5242880	156	0	0	26202	0	
7864320	7864320	2536248	2536392	5242880	156	5072484	5242880	156	0	0	25596	0	
7864320	7864320	2536248	2536392	5242880	156	5072484	5242880	156	0	0	26345	0	
7864320	7864320	2536248	2536392	5242880	156	5072484	5242880	156	0	0	25746	0	
7864320	7864320	2536248	2536392	5242880	156	5072484	5242880	156	0	0	25913	0	
7864320	7864320	2536248	2536392	5242880	156	5072484	5242880	156	0	0	25625	0	
7864320	7864320	2536248	2536392	5242880	156	5072484	5242880	156	0	0	25425	0	
7864320	7864320	2536248	2536392	5242880	156	5072484	5242880	156	0	0	25738	0	
7864320	7864320	2536248	2536392	5242880	156	5072484	5242880	156	0	0	25794	0	
7864320	7864320	2536248	2536392	5242880	156	5072484	5242880	156	0	0	26340	0	
7864320	7864320	2536248	2536392	5242880	156	5072484	5242880	156	0	0	25567	0	
7864320	7864320	2536248	2536392	5242880	156	5072484	5242880	156	0	0	25632	0	
7864320	7864320	2536248	2536392	5242880	156	5072484	5242880	156	0	0	25830	0	
7864320	7864320	2536248	2536392	5242880	156	5072484	5242880	156	0	0	25733	0	
7864320	7864320	2536248	2536392	5242880	156	5072484	5242880	156	0	0	25907	0	
7864320	7864320	2536248	2536392	5242880	156	5072484	5242880	156	0	0	25945	0	
7864320	7864320	2536248	2536392	5242880	156	5072484	5242880	156	0	0	25920	0	
7864320	7864320	2536248	2536392	5242880	156	5072484	5242880	156	0	0	25965	0	
7864320	7864320	2536248	2536392	5242880	156	5072484	5242880	156	0	0	26060	0	
7864320	7864320	2536248	2536392	5242880	156	5072484	5242880	156	0	0	26117	0	
7864320	7864320	2536248	2536392	5242880	156	5072484	5242880	156	0	0	25853	0	
7864320	7864320	2536248	2536392	5242880	156	5072484	5242880	156	0	0	25932	0	
7864320	7864320	2536248	2536392	5242880	156	5072484	5242880	156	0	0	26012	0	
7864320	7864320	2536248	2536392	5242880	156	5072484	5242880	156	0	0	25623	0	
7864320	7864320	2536248	2536392	5242880	156	5072484	5242880	156	0	0	25946	0	
7864320	7864320	2536248	2536392	5242880	156	5072484	5242880	156	0	0	25860	0	
7864320	7864320	2536248	2536392	5242880	156	5072484	5242880	156	0	0	26266	0	
7864320	7864320	2536248	2536392	5242880	156	5072484	5242880	156	0	0	25848	0	
7864320	7864320	2536248	2536392	5242880	156	5072484	5242880	156	0	0	24264	0	
7864320	7864320	2536248	2536392	5242880	156	5072484	5242880	156	0	0	25887	0	
7864320	7864320	2536248	2536392	5242880	156	5072484	5242880	156	0	0	25692	0	
7864320	7864320	2536248	2536392	5242880	156	5072484	5242880	156	0	0	25972	0	
7864320	7864320	2536248	2536392	5242880	156	5072484	5242880	156	0	0	26077	0	
7864320	7864320	2536248	2536392	5242880	156	5072484	5242880	156	0	0	25793	0	
7864320	7864320	2536248	2536392	5242880	156	5072484	5242880	156	0	0	26012	0	
7864320	7864320	2536248	2536392	5242880	156	5072484	5242880	156	0	0	25719	0	
7864320	7864320	2536248	2536392	5242880	156	5072484	5242880	156	0	0	26013	0	
7864320	7864320	2536248	2536392	5242880	156	5072484	5242880	156	0	0	25791	0	
7864320	7864320	2536248	2536392	5242880	156	5072484	5242880	156	0	0	25758	0	
7864320	7864320	2536248	2536392	5242880	156	5072484	5242880	156	0	0	26028	0	
7864320	7864320	2536248	2536392	5242880	156	5072484	5242880	156	0	0	26014	0	
7864320	7864320	2536248	2536392	5242880	156	5072484	5242880	156	0	0	25818	0	
7864320	7864320	2536248	2536392	5242880	156	5072484	5242880	156	0	0	30087	0	
7864320	7864320	2536248	2536392	5242880	156	5072484	5242880	156	0	0	51275	0	
7864320	7864320	2536248	2536392	5242880	156	5072484	5242880	156	0	0	29684	0	
7864320	7864320	2536248	2536392	5242880	156	5072484	5242880	156	0	0	27858	0	
7864320	7864320	2536248	2536392	5242880	156	5072484	5242880	156	0	0	27116	0	
7864320	7864320	2536248	2536392	5242880	156	5072484	5242880	156	0	0	27886	0	
7864320	7864320	2536248	2536392	5242880	156	5072484	5242880	156	0	0	26544	0	
7864320	7864320	2536248	2536392	5242880	156	5072484	5242880	156	0	0	26707	0	
7864320	7864320	2536248	2536392	5242880	156	5072484	5242880	156	0	0	26321	0	
7864320	7864320	2536248	2536392	5242880	156	5072484	5242880	156	0	0	26068	0	
7864320	7864320	2536248	2536392	5242880	156	5072484	5242880	156	0	0	26458	0	
7864320	7864320	2536248	2536392	5242880	156	5072484	5242880	156	0	0	25950	0	
7864320	7864320	2536248	2536392	5242880	156	5072484	5242880	156	0	0	26258	0	
7864320	7864320	2536248	2536392	5242880	156	5072484	5242880	156	0	0	25880	0	
7864320	7864320	2536248	2536392	5242880	156	5072484	5242880	156	0	0	26118	0	
7864320	7864320	2536248	2536392	5242880	156	5072484	5242880	156	0	0	26453	0	
7864320	7864320	2536248	2536392	5242880	156	5072484	5242880	156	0	0	25920	0	
7864320	7864320	2536248	2536392	5242880	156	5072484	5242880	156	0	0	26376	0	
7864320	7864320	2536248	2536392	5242880	156	5072484	5242880	156	0	0	25883	0	
7864320	7864320	2536248	2536392	5242880	156	5072484	5242880	156	0	0	26070	0	
7864320	7864320	2536248	2536392	5242880	156	5072484	5242880	156	0	0	26521	0	
7864320	7864320	2536248	2536392	5242880	156	5072484	5242880	156	0	0	25658	0	
7864320	7864320	2536248	2536392	5242880	156	5072484	5242880	156	0	0	26404	0	
7864320	7864320	2536248	2536392	5242880	156	5072484	5242880	156	0	0	25832	0	
7864320	7864320	2536248	2536392	5242880	156	5072484	5242880	156	0	0	26132	0	
7864320	7864320	2536248	2536392	5242880	156	5072484	5242880	156	0	0	26094	0	
7864320	7864320	2536248	2536392	5242880	156	5072484	5242880	156	0	0	25685	0	
7864320	7864320	2536248	2536392	5242880	156	5072484	5242880	156	0	0	26050	0	
7864320	7864320	2536248	2536392	5242880	156	5072484	5242880	156	0	0	25905	0	
7864320	7864320	2536248	2536392	5242880	156	5072484	5242880	156	0	0	25842	0	
7864320	7864320	2536248	2536392	5242880	156	5072484	5242880	156	0	0	26358	0	
7864320	7864320	2536248	2536392	5242880	156	5072484	5242880	156	0	0	25736	0	
7864320	7864320	2536248	2536392	5242880	156	5072484	5242880	156	0	0	25792	0	
7864320	7864320	2536248	2536392	5242880	156	5072484	5242880	156	0	0	25792	0	
7864320	7864320	2536248	2536392	5242880	156	5072484	5242880	156	0	0	25994	0	
7864320	7864320	2536248	2536392	5242880	156	5072484	5242880	156	0	0	25770	0	
7864320	7864320	2536248	2536392	5242880	156	5072484	5242880	156	0	0	26040	0	
7864320	7864320	2536248	2536392	5242880	156	5072484	5242880	156	0	0	24705	0	
7864320	7864320	2536248	2536392	5242880	156	5072484	5242880	156	0	0	25813	0	
7864320	7864320	2536248	2536392	5242880	156	5072484	5242880	156	0	0	25883	0	
7864320	7864320	2536248	2536392	5242880	156	5072484	5242880	156	0	0	25978	0	
7864320	7864320	2536248	2536392	5242880	156	5072484	5242880	156	0	0	25702	0	
7864320	7864320	2536248	2536392	5242880	156	5072484	5242880	156	0	0	26028	0	
7864320	7864320	2536248	2536392	5242880	156	5072484	5242880	156	0	0	25885	0	
7864320	7864320	2536248	2536392	5242880	156	5072484	5242880	156	0	0	26214	0	
7864320	7864320	2536248	2536392	5242880	156	5072484	5242880	156	0	0	25927	0	
7864320	7864320	2536248	2536392	5242880	156	5072484	5242880	156	0	0	25690	0	
7864320	7864320	2536248	2536392	5242880	156	5072484	5242880	156	0	0	26244	0	
7864320	7864320	2536248	2536392	5242880	156	5072484	5242880	156	0	0	25738	0	
7864320	7864320	2536248	2536392	5242880	156	5072484	5242880	156	0	0	25963	0	
7864320	7864320	2536248	2536392	5242880	156	5072484	5242880	156	0	0	25555	0	
7864320	7864320	2536248	2536392	5242880	156	5072484	5242880	156	0	0	25840	0	
7864320	7864320	2536248	2536392	5242880	156	5072484	5242880	156	0	0	25564	0	
7864320	7864320	2536248	2536392	5242880	156	5072484	5242880	156	0	0	25908	0	
7864320	7864320	2536248	2536392	5242880	156	5072484	5242880	156	0	0	26283	0	
7864320	7864320	2536248	2536392	5242880	156	5072484	5242880	156	0	0	25817	0	
7864320	7864320	2536248	2536392	5242880	156	5072484	5242880	156	0	0	25972	0	
7864320	7864320	2536248	2536392	5242880	156	5072484	5242880	156	0	0	25402	0	
7864320	7864320	2536248	2536392	5242880	156	5072484	5242880	156	0	0	25154	0	
7864320	7864320	2536248	2536392	5242880	156	5072484	5242880	156	0	0	26147	0	
7864320	7864320	2536248	2536392	5242880	156	5072484	5242880	156	0	0	25974	0	
7864320	7864320	2536248	2536392	5242880	156	5072484	5242880	156	0	0	26061	0	
7864320	7864320	2536248	2536392	5242880	156	5072484	5242880	156	0	0	25665	0	
7864320	7864320	2536248	2536392	5242880	156	5072484	5242880	156	0	0	25748	0	
7864320	7864320	2536248	2536392	5242880	156	5072484	5242880	156	0	0	26131	0	
7864320	7864320	2536248	2536392	5242880	156	5072484	5242880	156	0	0	25988	0	
7864320	7864320	2536248	2536392	5242880	156	5072484	5242880	156	0	0	26119	0	
7864320	7864320	2536248	2536392	5242880	156	5072484	5242880	156	0	0	25854	0	
7864320	7864320	2536248	2536392	5242880	156	5072484	5242880	156	0	0	26303	0	
7864320	7864320	2536248	2536392	5242880	156	5072484	5242880	156	0	0	25879	0	
7864320	7864320	2536248	2536392	5242880	156	5072484	5242880	156	0	0	26031	0	
7864320	7864320	2536248	2536392	5242880	156	5072484	5242880	156	0	0	26206	0	
7864320	7864320	2536248	2536392	5242880	156	5072484	5242880	156	0	0	25446	0	
7864320	7864320	2536248	2536392	5242880	156	5072484	5242880	156	0	0	26003	0	
7864320	7864320	2536248	2536392	5242880	156	5072484	5242880	156	0	0	25876	0	
7864320	7864320	2536248	2536392	5242880	156	5072484	5242880	156	0	0	26212	0	
7864320	7864320	2536248	2536392	5242880	156	5072484	5242880	156	0	0	26084	0	
7864320	7864320	2536248	2536392	5242880	156	5072484	5242880	156	0	0	25377	0	
7864320	7864320	2536248	2536392	5242880	156	5072484	5242880	156	0	0	25914	0	
7864320	7864320	2536248	2536392	5242880	156	5072484	5242880	156	0	0	25973	0	
7864320	7864320	2536248	2536392	5242880	156	5072484	5242880	156	0	0	26103	0	
7864320	7864320	2536248	2536392	5242880	156	5072484	5242880	156	0	0	26279	0	
7864320	7864320	2536248	2536392	5242880	156	5072484	5242880	156	0	0	25751	0	
7864320	7864320	2536248	2536392	5242880	156	5072484	5242880	156	0	0	26005	0	
7864320	7864320	2536248	2536392	5242880	156	5072484	5242880	156	0	0	25685	0	
7864320	7864320	2536248	2536392	5242880	156	5072484	5242880	156	0	0	25866	0	
7864320	7864320	2536248	2536392	5242880	156	5072484	5242880	156	0	0	25870	0	
7864320	7864320	2536248	2536392	5242880	156	5072484	5242880	156	0	0	25447	0	
7864320	7864320	2536248	2536392	5242880	156	5072484	5242880	156	0	0	26019	0	
7864320	7864320	2536248	2536392	5242880	156	5072484	5242880	156	0	0	25736	0	
7864320	7864320	2536248	2536392	5242880	156	5072484	5242880	156	0	0	26174	0	
7864320	7864320	2536248	2536392	5242880	156	5072484	5242880	156	0	0	25788	0	
7864320	7864320	2536248	2536392	5242880	156	5072484	5242880	156	0	0	25764	0	
7864320	7864320	2536248	2536392	5242880	156	5072484	5242880	156	0	0	25987	0	
7864320	7864320	2536248	2536392	5242880	156	5072484	5242880	156	0	0	25803	0	
7864320	7864320	2536248	2536392	5242880	156	5072484	5242880	156	0	0	25909	0	
7864320	7864320	2536248	2536392	5242880	156	5072484	5242880	156	0	0	25491	0	
7864320	7864320	2536248	2536392	5242880	156	5072484	5242880	156	0	0	25785	0	
7864320	7864320	2536248	2536392	5242880	156	5072484	5242880	156	0	0	26225	0	
7864320	7864320	2536248	2536392	5242880	156	5072484	5242880	156	0	0	25529	0	
7864320	7864320	2536248	2536392	5242880	156	5072484	5242880	156	0	0	26071	0	
7864320	7864320	2536248	2536392	5242880	156	5072484	5242880	156	0	0	25742	0	
7864320	7864320	2536248	2536392	5242880	156	5072484	5242880	156	0	0	26029	0	
7864320	7864320	2536248	2536392	5242880	156	5072484	5242880	156	0	0	25858	0	
7864320	7864320	2536248	2536392	5242880	156	5072484	5242880	156	0	0	26131	0	
7864320	7864320	2536248	2536392	5242880	156	5072484	5242880	156	0	0	26101	0	
7864320	7864320	2536248	2536392	5242880	156	5072484	5242880	156	0	0	25549	0	
7864320	7864320	2536248	2536392	5242880	156	5072484	5242880	156	0	0	26910	0	
7864320	7864320	2536248	2536392	5242880	156	5072484	5242880	156	0	0	26196	0	
7864320	7864320	2536248	2536392	5242880	156	5072484	5242880	156	0	0	25821	0	
7864320	7864320	2536248	2536392	5242880	156	5072484	5242880	156	0	0	26188	0	
7864320	7864320	2536248	2536392	5242880	156	5072484	5242880	156	0	0	25610	0	
7864320	7864320	2536248	2536392	5242880	156	5072484	5242880	156	0	0	26420	0	
7864320	7864320	2536248	2536392	5242880	156	5072484	5242880	156	0	0	25599	0	
7864320	7864320	2536248	2536392	5242880	156	5072484	5242880	156	0	0	25885	0	
7864320	7864320	2536248	2536392	5242880	156	5072484	5242880	156	0	0	25964	0	
7864320	7864320	2536248	2536392	5242880	156	5072484	5242880	156	0	0	25876	0	
7864320	7864320	2536248	2536392	5242880	156	5072484	5242880	156	0	0	25856	0	
7864320	7864320	2536248	2536392	5242880	156	5072484	5242880	156	0	0	25984	0	
7864320	7864320	2536248	2536392	5242880	156	5072484	5242880	156	0	0	24576	0	
7864320	7864320	2536248	2536392	5242880	156	5072484	5242880	156	0	0	26207	0	
7864320	7864320	2536248	2536392	5242880	156	5072484	5242880	156	0	0	25778	0	
7864320	7864320	2536248	2536392	5242880	156	5072484	5242880	156	0	0	26166	0	
7864320	7864320	2536248	2536392	5242880	156	5072484	5242880	156	0	0	25775	0	
7864320	7864320	2536248	2536392	5242880	156	5072484	5242880	156	0	0	26085	0	
7864320	7864320	2536248	2536392	5242880	156	5072484	5242880	156	0	0	26171	0	
7864320	7864320	2536248	2536392	5242880	156	5072484	5242880	156	0	0	25868	0	
7864320	7864320	2536248	2536392	5242880	156	5072484	5242880	156	0	0	25920	0	
7864320	7864320	2536248	2536392	5242880	156	5072484	5242880	156	0	0	25872	0	
7864320	7864320	2536248	2536392	5242880	156	5072484	5242880	156	0	0	26209	0	
7864320	7864320	2536248	2536392	5242880	156	5072484	5242880	156	0	0	25898	0	
7864320	7864320	2536248	2536392	5242880	156	5072484	5242880	156	0	0	26348	0	
7864320	7864320	2536248	2536392	5242880	156	5072484	5242880	156	0	0	25985	0	
7864320	7864320	2536248	2536392	5242880	156	5072484	5242880	156	0	0	25919	0	
7864320	7864320	2536248	2536392	5242880	156	5072484	5242880	156	0	0	25969	0	
7864320	7864320	2536248	2536392	5242880	156	5072484	5242880	156	0	0	25843	0	
7864320	7864320	2536248	2536392	5242880	156	5072484	5242880	156	0	0	25744	0	
7864320	7864320	2536248	2536392	5242880	156	5072484	5242880	156	0	0	25953	0	
7864320	7864320	2536248	2536392	5242880	156	5072484	5242880	156	0	0	25687	0	
7864320	7864320	2536248	2536392	5242880	156	5072484	5242880	156	0	0	25923	0	
7864320	7864320	2536248	2536392	5242880	156	5072484	5242880	156	0	0	25661	0	
7864320	7864320	2536248	2536392	5242880	156	5072484	5242880	156	0	0	25832	0	
7864320	7864320	2536248	2536392	5242880	156	5072484	5242880	156	0	0	25566	0	
7864320	7864320	2536248	2536392	5242880	156	5072484	5242880	156	0	0	25825	0	
7864320	7864320	2536248	2536392	5242880	156	5072484	5242880	156	0	0	26006	0	
7864320	7864320	2536248	2536392	5242880	156	5072484	5242880	156	0	0	25721	0	
7864320	7864320	2536248	2536392	5242880	156	5072484	5242880	156	0	0	26218	0	
7864320	7864320	2536248	2536392	5242880	156	5072484	5242880	156	0	0	25558	0	
7864320	7864320	2536248	2536392	5242880	156	5072484	5242880	156	0	0	26127	0	
7864320	7864320	2536248	2536392	5242880	156	5072484	5242880	156	0	0	26305	0	
7864320	7864320	2536248	2536392	5242880	156	5072484	5242880	156	0	0	25535	0	
7864320	7864320	2536248	2536392	5242880	156	5072484	5242880	156	0	0	26278	0	
7864320	7864320	2536248	2536392	5242880	156	5072484	5242880	156	0	0	25988	0	
7864320	7864320	2536248	2536392	5242880	156	5072484	5242880	156	0	0	25887	0	
7864320	7864320	2536248	2536392	5242880	156	5072484	5242880	156	0	0	26299	0	
7864320	7864320	2536248	2536392	5242880	156	5072484	5242880	156	0	0	26093	0	
7864320	7864320	2536248	2536392	5242880	156	5072484	5242880	156	0	0	26119	0	
7864320	7864320	2536248	2536392	5242880	156	5072484	5242880	156	0	0	25344	0	
7864320	7864320	2536248	2536392	5242880	156	5072484	5242880	156	0	0	25767	0	
7864320	7864320	2536248	2536392	5242880	156	5072484	5242880	156	0	0	25876	0	
7864320	7864320	2536248	2536392	5242880	156	5072484	5242880	156	0	0	25861	0	
7864320	7864320	2536248	2536392	5242880	156	5072484	5242880	156	0	0	26290	0	
7864320	7864320	2536248	2536392	5242880	156	5072484	5242880	156	0	0	26043	0	
7864320	7864320	2536248	2536392	5242880	156	5072484	5242880	156	0	0	26134	0	
7864320	7864320	2536248	2536392	5242880	156	5072484	5242880	156	0	0	25429	0	
7864320	7864320	2536248	2536392	5242880	156	5072484	5242880	156	0	0	26495	0	
7864320	7864320	2536248	2536392	5242880	156	5072484	5242880	156	0	0	26364	0	
7864320	7864320	2536248	2536392	5242880	156	5072484	5242880	156	0	0	25994	0	
7864320	7864320	2536248	2536392	5242880	156	5072484	5242880	156	0	0	26343	0	
7864320	7864320	2536248	2536392	5242880	156	5072484	5242880	156	0	0	25776	0	
7864320	7864320	2536248	2536392	5242880	156	5072484	5242880	156	0	0	26401	0	
7864320	7864320	2536248	2536392	5242880	156	5072484	5242880	156	0	0	26577	0	
7864320	7864320	2536248	2536392	5242880	156	5072484	5242880	156	0	0	25832	0	
7864320	7864320	2536248	2536392	5242880	156	5072484	5242880	156	0	0	26331	0	
7864320	7864320	2536248	2536392	5242880	156	5072484	5242880	156	0	0	25836	0	
7864320	7864320	2536248	2536392	5242880	156	5072484	5242880	156	0	0	26097	0	
7864320	7864320	2536248	2536392	5242880	156	5072484	5242880	156	0	0	26159	0	
7864320	7864320	2536248	2536392	5242880	156	5072484	5242880	156	0	0	25868	0	
7864320	7864320	2536248	2536392	5242880	156	5072484	5242880	156	0	0	25934	0	
7864320	7864320	2536248	2536392	5242880	156	5072484	5242880	156	0	0	25633	0	
7864320	7864320	2536248	2536392	5242880	156	5072484	5242880	156	0	0	26468	0	
7864320	7864320	2536248	2536392	5242880	156	5072484	5242880	156	0	0	26185	0	
7864320	7864320	2536248	2536392	5242880	156	5072484	5242880	156	0	0	25472	0	
7864320	7864320	2536248	2536392	5242880	156	5072484	5242880	156	0	0	25855	0	
7864320	7864320	2536248	2536392	5242880	156	5072484	5242880	156	0	0	25553	0	
7864320	7864320	2536248	2536392	5242880	156	5072484	5242880	156	0	0	25875	0	
7864320	7864320	2536248	2536392	5242880	156	5072484	5242880	156	0	0	25897	0	
7864320	7864320	2536248	2536392	5242880	156	5072484	5242880	156	0	0	25988	0	
7864320	7864320	2536248	2536392	5242880	156	5072484	5242880	156	0	0	26823	0	
7864320	7864320	2536248	2536392	5242880	156	5072484	5242880	156	0	0	25672	0	
7864320	7864320	2536248	2536392	5242880	156	5072484	5242880	156	0	0	26220	0	
7864320	7864320	2536248	2536392	5242880	156	5072484	5242880	156	0	0	25520	0	
7864320	7864320	2536248	2536392	5242880	156	5072484	5242880	156	0	0	25969	0	
7864320	7864320	2536248	2536392	5242880	156	5072484	5242880	156	0	0	26094	0	
7864320	7864320	2536248	2536392	5242880	156	5072484	5242880	156	0	0	25757	0	
7864320	7864320	2536248	2536392	5242880	156	5072484	5242880	156	0	0	26383	0	
7864320	7864320	2536248	2536392	5242880	156	5072484	5242880	156	0	0	25938	0	
7864320	7864320	2536248	2536392	5242880	156	5072484	5242880	156	0	0	26040	0	
7864320	7864320	2536248	2536392	5242880	156	5072484	5242880	156	0	0	25758	0	
7864320	7864320	2536248	2536392	5242880	156	5072484	5242880	156	0	0	25893	0	
7864320	7864320	2536248	2536392	5242880	156	5072484	5242880	156	0	0	26102	0	
7864320	7864320	2536248	2536392	5242880	156	5072484	5242880	156	0	0	25648	0	
7864320	7864320	2536248	2536392	5242880	156	5072484	5242880	156	0	0	26133	0	
7864320	7864320	2536248	2536392	5242880	156	5072484	5242880	156	0	0	25655	0	
7864320	7864320	2536248	2536392	5242880	156	5072484	5242880	156	0	0	26044	0	
7864320	7864320	2536248	2536392	5242880	156	5072484	5242880	156	0	0	26034	0	
7864320	7864320	2536248	2536392	5242880	156	5072484	5242880	156	0	0	25658	0	
7864320	7864320	2536248	2536392	5242880	156	5072484	5242880	156	0	0	26169	0	
7864320	7864320	2536248	2536392	5242880	156	5072484	5242880	156	0	0	25979	0	
7864320	7864320	2536248	2536392	5242880	156	5072484	5242880	156	0	0	25879	0	
7864320	7864320	2536248	2536392	5242880	156	5072484	5242880	156	0	0	26020	0	
7864320	7864320	2536248	2536392	5242880	156	5072484	5242880	156	0	0	25874	0	
7864320	7864320	2536248	2536392	5242880	156	5072484	5242880	156	0	0	26155	0	
7864320	7864320	2536248	2536392	5242880	156	5072484	5242880	156	0	0	26091	0	
7864320	7864320	2536248	2536392	5242880	156	5072484	5242880	156	0	0	25866	0	
7864320	7864320	2536248	2536392	5242880	156	5072484	5242880	156	0	0	25943	0	
7864320	7864320	2536248	2536392	5242880	156	5072484	5242880	156	0	0	25773	0	
7864320	7864320	2536248	2536392	5242880	156	5072484	5242880	156	0	0	26094	0	
7864320	7864320	2536248	2536392	5242880	156	5072484	5242880	156	0	0	25819	0	
7864320	7864320	2536248	2536392	5242880	156	5072484	5242880	156	0	0	25640	0	
7864320	7864320	2536248	2536392	5242880	156	5072484	5242880	156	0	0	25525	0	
7864320	7864320	2536248	2536392	5242880	156	5072484	5242880	156	0	0	26033	0	
7864320	7864320	2536248	2536392	5242880	156	5072484	5242880	156	0	0	26050	0	
7864320	7864320	2536248	2536392	5242880	156	5072484	5242880	156	0	0	25701	0	
7864320	7864320	2536248	2536392	5242880	156	5072484	5242880	156	0	0	26003	0	
7864320	7864320	2536248	2536392	5242880	156	5072484	5242880	156	0	0	26051	0	
7864320	7864320	2536248	2536392	5242880	156	5072484	5242880	156	0	0	26132	0	
7864320	7864320	2536248	2536392	5242880	156	5072484	5242880	156	0	0	25822	0	
7864320	7864320	2536248	2536392	5242880	156	5072484	5242880	156	0	0	25603	0	
7864320	7864320	2536248	2536392	5242880	156	5072484	5242880	156	0	0	25988	0	
7864320	7864320	2536248	2536392	5242880	156	5072484	5242880	156	0	0	23848	0	
7864320	7864320	2536248	2536392	5242880	156	5072484	5242880	156	0	0	25879	0	
7864320	7864320	2536248	2536392	5242880	156	5072484	5242880	156	0	0	25804	0	
7864320	7864320	2536248	2536392	5242880	156	5072484	5242880	156	0	0	25463	0	
7864320	7864320	2536248	2536392	5242880	156	5072484	5242880	156	0	0	25933	0	
7864320	7864320	2536248	2536392	5242880	156	5072484	5242880	156	0	0	25522	0	
7864320	7864320	2536248	2536392	5242880	156	5072484	5242880	156	0	0	25847	0	
7864320	7864320	2536248	2536392	5242880	156	5072484	5242880	156	0	0	25320	0	
7864320	7864320	2536248	2536392	5242880	156	5072484	5242880	156	0	0	25883	0	
7864320	7864320	2536248	2536392	5242880	156	5072484	5242880	156	0	0	25948	0	
7864320	7864320	2536248	2536392	5242880	156	5072484	5242880	156	0	0	25657	0	
7864320	7864320	2536248	2536392	5242880	156	5072484	5242880	156	0	0	25908	0	
7864320	7864320	2536248	2536392	5242880	156	5072484	5242880	156	0	0	25700	0	
7864320	7864320	2536248	2536392	5242880	156	5072484	5242880	156	0	0	25475	0	
7864320	7864320	2536248	2536392	5242880	156	5072484	5242880	156	0	0	25764	0	
7864320	7864320	2536248	2536392	5242880	156	5072484	5242880	156	0	0	25553	0	
7864320	7864320	2536248	2536392	5242880	156	5072484	5242880	156	0	0	26011	0	
7864320	7864320	2536248	2536392	5242880	156	5072484	5242880	156	0	0	25703	0	
7864320	7864320	2536248	2536392	5242880	156	5072484	5242880	156	0	0	26243	0	
7864320	7864320	2536248	2536392	5242880	156	5072484	5242880	156	0	0	26134	0	
7864320	7864320	2536248	2536392	5242880	156	5072484	5242880	156	0	0	25612	0	
7864320	7864320	2536248	2536392	5242880	156	5072484	5242880	156	0	0	25887	0	
7864320	7864320	2536248	2536392	5242880	156	5072484	5242880	156	0	0	25708	0	
7864320	7864320	2536248	2536392	5242880	156	5072484	5242880	156	0	0	26239	0	
7864320	7864320	2536248	2536392	5242880	156	5072484	5242880	156	0	0	25524	0	
7864320	7864320	2536248	2536392	5242880	156	5072484	5242880	156	0	0	26054	0	
7864320	7864320	2536248	2536392	5242880	156	5072484	5242880	156	0	0	25807	0	
7864320	7864320	2536248	2536392	5242880	156	5072484	5242880	156	0	0	25373	0	
7864320	7864320	2536248	2536392	5242880	156	5072484	5242880	156	0	0	26155	0	
7864320	7864320	2536248	2536392	5242880	156	5072484	5242880	156	0	0	25658	0	
7864320	7864320	2536248	2536392	5242880	156	5072484	5242880	156	0	0	26199	0	
7864320	7864320	2536248	2536392	5242880	156	5072484	5242880	156	0	0	25904	0	
7864320	7864320	2536248	2536392	5242880	156	5072484	5242880	156	0	0	25690	0	
7864320	7864320	2536248	2536392	5242880	156	5072484	5242880	156	0	0	25789	0	
7864320	7864320	2536248	2536392	5242880	156	5072484	5242880	156	0	0	25668	0	
7864320	7864320	2536248	2536392	5242880	156	5072484	5242880	156	0	0	25799	0	
7864320	7864320	2536248	2536392	5242880	156	5072484	5242880	156	0	0	26008	0	
7864320	7864320	2536248	2536392	5242880	156	5072484	5242880	156	0	0	25731	0	
7864320	7864320	2536248	2536392	5242880	156	5072484	5242880	156	0	0	26167	0	
7864320	7864320	2536248	2536392	5242880	156	5072484	5242880	156	0	0	25486	0	
7864320	7864320	2536248	2536392	5242880	156	5072484	5242880	156	0	0	25996	0	
7864320	7864320	2536248	2536392	5242880	156	5072484	5242880	156	0	0	26116	0	
7864320	7864320	2536248	2536392	5242880	156	5072484	5242880	156	0	0	26270	0	
7864320	7864320	2536248	2536392	5242880	156	5072484	5242880	156	0	0	25805	0	
7864320	7864320	2536248	2536392	5242880	156	5072484	5242880	156	0	0	25883	0	
7864320	7864320	2536248	2536392	5242880	156	5072484	5242880	156	0	0	26149	0	
7864320	7864320	2536248	2536392	5242880	156	5072484	5242880	156	0	0	25742	0	
7864320	7864320	2536248	2536392	5242880	156	5072484	5242880	156	0	0	25827	0	
7864320	7864320	2536248	2536392	5242880	156	5072484	5242880	156	0	0	25937	0	
7864320	7864320	2536248	2536392	5242880	156	5072484	5242880	156	0	0	25415	0	
7864320	7864320	2536248	2536392	5242880	156	5072484	5242880	156	0	0	26002	0	
7864320	7864320	2536248	2536392	5242880	156	5072484	5242880	156	0	0	25382	0	
7864320	7864320	2536248	2536392	5242880	156	5072484	5242880	156	0	0	25898	0	
7864320	7864320	2536248	2536392	5242880	156	5072484	5242880	156	0	0	24684	0	
7864320	7864320	2536248	2536392	5242880	156	5072484	5242880	156	0	0	25575	0	
7864320	7864320	2536248	2536392	5242880	156	5072484	5242880	156	0	0	25894	0	
7864320	7864320	2536248	2536392	5242880	156	5072484	5242880	156	0	0	25657	0	
7864320	7864320	2536248	2536392	5242880	156	5072484	5242880	156	0	0	26067	0	
7864320	7864320	2536248	2536392	5242880	156	5072484	5242880	156	0	0	25754	0	
7864320	7864320	2536248	2536392	5242880	156	5072484	5242880	156	0	0	25335	0	
7864320	7864320	2536248	2536392	5242880	156	5072484	5242880	156	0	0	25925	0	
7864320	7864320	2536248	2536392	5242880	156	5072484	5242880	156	0	0	25632	0	
7864320	7864320	2536248	2536392	5242880	156	5072484	5242880	156	0	0	25911	0	
7864320	7864320	2536248	2536392	5242880	156	5072484	5242880	156	0	0	25339	0	
7864320	7864320	2536248	2536392	5242880	156	5072484	5242880	156	0	0	25611	0	
7864320	7864320	2536248	2536392	5242880	156	5072484	5242880	156	0	0	25880	0	
7864320	7864320	2536248	2536392	5242880	156	5072484	5242880	156	0	0	25733	0	
7864320	7864320	2536248	2536392	5242880	156	5072484	5242880	156	0	0	26045	0	
7864320	7864320	2536248	2536392	5242880	156	5072484	5242880	156	0	0	25571	0	
7864320	7864320	2536248	2536392	5242880	156	5072484	5242880	156	0	0	25734	0	
7864320	7864320	2536248	2536392	5242880	156	5072484	5242880	156	0	0	26068	0	
7864320	7864320	2536248	2536392	5242880	156	5072484	5242880	156	0	0	25655	0	
7864320	7864320	2536248	2536392	5242880	156	5072484	5242880	156	0	0	26004	0	
7864320	7864320	2536248	2536392	5242880	156	5072484	5242880	156	0	0	25662	0	
7864320	7864320	2536248	2536392	5242880	156	5072484	5242880	156	0	0	25777	0	
7864320	7864320	2536248	2536392	5242880	156	5072484	5242880	156	0	0	25782	0	
7864320	7864320	2536248	2536392	5242880	156	5072484	5242880	156	0	0	25943	0	
7864320	7864320	2536248	2536392	5242880	156	5072484	5242880	156	0	0	25913	0	
7864320	7864320	2536248	2536392	5242880	156	5072484	5242880	156	0	0	25599	0	
7864320	7864320	2536248	2536392	5242880	156	5072484	5242880	156	0	0	26320	0	
7864320	7864320	2536248	2536392	5242880	156	5072484	5242880	156	0	0	25699	0	
7864320	7864320	2536248	2536392	5242880	156	5072484	5242880	156	0	0	25836	0	
7864320	7864320	2536248	2536392	5242880	156	5072484	5242880	156	0	0	26061	0	
7864320	7864320	2536248	2536392	5242880	156	5072484	5242880	156	0	0	25625	0	
7864320	7864320	2536248	2536392	5242880	156	5072484	5242880	156	0	0	25882	0	
7864320	7864320	2536248	2536392	5242880	156	5072484	5242880	156	0	0	25709	0	
7864320	7864320	2536248	2536392	5242880	156	5072484	5242880	156	0	0	26200	0	
7864320	7864320	2536248	2536392	5242880	156	5072484	5242880	156	0	0	25940	0	
7864320	7864320	2536248	2536392	5242880	156	5072484	5242880	156	0	0	24254	0	
7864320	7864320	2536248	2536392	5242880	156	5072484	5242880	156	0	0	26131	0	
7864320	7864320	2536248	2536392	5242880	156	5072484	5242880	156	0	0	25764	0	
7864320	7864320	2536248	2536392	5242880	156	5072484	5242880	156	0	0	25730	0	
7864320	7864320	2536248	2536392	5242880	156	5072484	5242880	156	0	0	26082	0	
7864320	7864320	2536248	2536392	5242880	156	5072484	5242880	156	0	0	25654	0	
7864320	7864320	2536248	2536392	5242880	156	5072484	5242880	156	0	0	26416	0	
7864320	7864320	2536248	2536392	5242880	156	5072484	5242880	156	0	0	25510	0	
7864320	7864320	2536248	2536392	5242880	156	5072484	5242880	156	0	0	26074	0	
7864320	7864320	2536248	2536392	5242880	156	5072484	5242880	156	0	0	25907	0	
7864320	7864320	2536248	2536392	5242880	156	5072484	5242880	156	0	0	25815	0	
7864320	7864320	2536248	2536392	5242880	156	5072484	5242880	156	0	0	25669	0	
7864320	7864320	2536248	2536392	5242880	156	5072484	5242880	156	0	0	25574	0	
7864320	7864320	2536248	2536392	5242880	156	5072484	5242880	156	0	0	25888	0	
7864320	7864320	2536248	2536392	5242880	156	5072484	5242880	156	0	0	26058	0	
7864320	7864320	2536248	2536392	5242880	156	5072484	5242880	156	0	0	26242	0	
7864320	7864320	2536248	2536392	5242880	156	5072484	5242880	156	0	0	26182	0	
7864320	7864320	2536248	2536392	5242880	156	5072484	5242880	156	0	0	25904	0	
7864320	7864320	2536248	2536392	5242880	156	5072484	5242880	156	0	0	25894	0	
7864320	7864320	2536248	2536392	5242880	156	5072484	5242880	156	0	0	25625	0	
7864320	7864320	2536248	2536392	5242880	156	5072484	5242880	156	0	0	25683	0	
7864320	7864320	2536248	2536392	5242880	156	5072484	5242880	156	0	0	29617	0	
7864320	7864320	2536248	2536392	5242880	156	5072484	5242880	156	0	0	26027	0	
7864320	7864320	2536248	2536392	5242880	156	5072484	5242880	156	0	0	25861	0	
7864320	7864320	2536248	2536392	5242880	156	5072484	5242880	156	0	0	25602	0	
7864320	7864320	2536248	2536392	5242880	156	5072484	5242880	156	0	0	25813	0	
7864320	7864320	2536248	2536392	5242880	156	5072484	5242880	156	0	0	25501	0	
7864320	7864320	2536248	2536392	5242880	156	5072484	5242880	156	0	0	26038	0	
7864320	7864320	2536248	2536392	5242880	156	5072484	5242880	156	0	0	26052	0	
7864320	7864320	2536248	2536392	5242880	156	5072484	5242880	156	0	0	25679	0	
7864320	7864320	2536248	2536392	5242880	156	5072484	5242880	156	0	0	26168	0	
7864320	7864320	2536248	2536392	5242880	156	5072484	5242880	156	0	0	25369	0	
7864320	7864320	2536248	2536392	5242880	156	5072484	5242880	156	0	0	26021	0	
7864320	7864320	2536248	2536392	5242880	156	5072484	5242880	156	0	0	27110	0	
7864320	7864320	2536248	2536392	5242880	156	5072484	5242880	156	0	0	26174	0	
7864320	7864320	2536248	2536392	5242880	156	5072484	5242880	156	0	0	26129	0	
7864320	7864320	2536248	2536392	5242880	156	5072484	5242880	156	0	0	25710	0	
7864320	7864320	2536248	2536392	5242880	156	5072484	5242880	156	0	0	26099	0	
7864320	7864320	2536248	2536392	5242880	156	5072484	5242880	156	0	0	25772	0	
7864320	7864320	2536248	2536392	5242880	156	5072484	5242880	156	0	0	25318	0	
7864320	7864320	2536248	2536392	5242880	156	5072484	5242880	156	0	0	25831	0	
7864320	7864320	2536248	2536392	5242880	156	5072484	5242880	156	0	0	25716	0	
7864320	7864320	2536248	2536392	5242880	156	5072484	5242880	156	0	0	26164	0	
7864320	7864320	2536248	2536392	5242880	156	5072484	5242880	156	0	0	25479	0	
7864320	7864320	2536248	2536392	5242880	156	5072484	5242880	156	0	0	26031	0	
7864320	7864320	2536248	2536392	5242880	156	5072484	5242880	156	0	0	26041	0	
7864320	7864320	2536248	2536392	5242880	156	5072484	5242880	156	0	0	25927	0	
7864320	7864320	2536248	2536392	5242880	156	5072484	5242880	156	0	0	25987	0	
7864320	7864320	2536248	2536392	5242880	156	5072484	5242880	156	0	0	25669	0	
7864320	7864320	2536248	2536392	5242880	156	5072484	5242880	156	0	0	26019	0	
7864320	7864320	2536248	2536392	5242880	156	5072484	5242880	156	0	0	25745	0	
7864320	7864320	2536248	2536392	5242880	156	5072484	5242880	156	0	0	25688	0	
7864320	7864320	2536248	2536392	5242880	156	5072484	5242880	156	0	0	25718	0	
7864320	7864320	2536248	2536392	5242880	156	5072484	5242880	156	0	0	25610	0	
7864320	7864320	2536248	2536392	5242880	156	5072484	5242880	156	0	0	26059	0	
7864320	7864320	2536248	2536392	5242880	156	5072484	5242880	156	0	0	25998	0	
7864320	7864320	2536248	2536392	5242880	156	5072484	5242880	156	0	0	25553	0	
7864320	7864320	2536248	2536392	5242880	156	5072484	5242880	156	0	0	26449	0	
7864320	7864320	2536248	2536392	5242880	156	5072484	5242880	156	0	0	25580	0	
7864320	7864320	2536248	2536392	5242880	156	5072484	5242880	156	0	0	25927	0	
7864320	7864320	2536248	2536392	5242880	156	5072484	5242880	156	0	0	25915	0	
7864320	7864320	2536248	2536392	5242880	156	5072484	5242880	156	0	0	26851	0	
7864320	7864320	2536248	2536392	5242880	156	5072484	5242880	156	0	0	26361	0	
7864320	7864320	2536248	2536392	5242880	156	5072484	5242880	156	0	0	26024	0	
7864320	7864320	2536248	2536392	5242880	156	5072484	5242880	156	0	0	26133	0	
7864320	7864320	2536248	2536392	5242880	156	5072484	5242880	156	0	0	25838	0	
7864320	7864320	2536248	2536392	5242880	156	5072484	5242880	156	0	0	26560	0	
7864320	7864320	2536248	2536392	5242880	156	5072484	5242880	156	0	0	26295	0	
7864320	7864320	2536248	2536392	5242880	156	5072484	5242880	156	0	0	25858	0	
7864320	7864320	2536248	2536392	5242880	156	5072484	5242880	156	0	0	26236	0	
7864320	7864320	2536248	2536392	5242880	156	5072484	5242880	156	0	0	25863	0	
7864320	7864320	2536248	2536392	5242880	156	5072484	5242880	156	0	0	25827	0	
7864320	7864320	2536248	2536392	5242880	156	5072484	5242880	156	0	0	26169	0	
7864320	7864320	2536248	2536392	5242880	156	5072484	5242880	156	0	0	25619	0	
7864320	7864320	2536248	2536392	5242880	156	5072484	5242880	156	0	0	25853	0	
7864320	7864320	2536248	2536392	5242880	156	5072484	5242880	156	0	0	25834	0	
7864320	7864320	2536248	2536392	5242880	156	5072484	5242880	156	0	0	26048	0	
7864320	7864320	2536248	2536392	5242880	156	5072484	5242880	156	0	0	25856	0	
7864320	7864320	2536248	2536392	5242880	156	5072484	5242880	156	0	0	26299	0	
7864320	7864320	2536248	2536392	5242880	156	5072484	5242880	156	0	0	25920	0	
7864320	7864320	2536248	2536392	5242880	156	5072484	5242880	156	0	0	25671	0	
7864320	7864320	2536248	2536392	5242880	156	5072484	5242880	156	0	0	25814	0	
7864320	7864320	2536248	2536392	5242880	156	5072484	5242880	156	0	0	25613	0	
7864320	7864320	2536248	2536392	5242880	156	5072484	5242880	156	0	0	26301	0	
7864320	7864320	2536248	2536392	5242880	156	5072484	5242880	156	0	0	26027	0	
7864320	7864320	2536248	2536392	5242880	156	5072484	5242880	156	0	0	25831	0	
7864320	7864320	2536248	2536392	5242880	156	5072484	5242880	156	0	0	26198	0	
7864320	7864320	2536248	2536392	5242880	156	5072484	5242880	156	0	0	25600	0	
7864320	7864320	2536248	2536392	5242880	156	5072484	5242880	156	0	0	26016	0	
7864320	7864320	2536248	2536392	5242880	156	5072484	5242880	156	0	0	26030	0	
7864320	7864320	2536248	2536392	5242880	156	5072484	5242880	156	0	0	25622	0	
7864320	7864320	2536248	2536392	5242880	156	5072484	5242880	156	0	0	26053	0	
7864320	7864320	2536248	2536392	5242880	156	5072484	5242880	156	0	0	25361	0	
7864320	7864320	2536248	2536392	5242880	156	5072484	5242880	156	0	0	25932	0	
7864320	7864320	2536248	2536392	5242880	156	5072484	5242880	156	0	0	25398	0	
7864320	7864320	2536248	2536392	5242880	156	5072484	5242880	156	0	0	25948	0	
7864320	7864320	2536248	2536392	5242880	156	5072484	5242880	156	0	0	26078	0	
7864320	7864320	2536248	2536392	5242880	156	5072484	5242880	156	0	0	25662	0	
7864320	7864320	2536248	2536392	5242880	156	5072484	5242880	156	0	0	26022	0	
7864320	7864320	2536248	2536392	5242880	156	5072484	5242880	156	0	0	24108	0	
7864320	7864320	2536248	2536392	5242880	156	5072484	5242880	156	0	0	25761	0	
7864320	7864320	2536248	2536392	5242880	156	5072484	5242880	156	0	0	24496	0	
7864320	7864320	2536248	2536392	5242880	156	5072484	5242880	156	0	0	25515	0	
7864320	7864320	2536248	2536392	5242880	156	5072484	5242880	156	0	0	26415	0	
7864320	7864320	2536248	2536392	5242880	156	5072484	5242880	156	0	0	25886	0	
7864320	7864320	2536248	2536392	5242880	156	5072484	5242880	156	0	0	25960	0	
7864320	7864320	2536248	2536392	5242880	156	5072484	5242880	156	0	0	25442	0	
7864320	7864320	2536248	2536392	5242880	156	5072484	5242880	156	0	0	32314	0	
7864320	7864320	2536248	2536392	5242880	156	5072484	5242880	156	0	0	27965	0	
7864320	7864320	2536248	2536392	5242880	156	5072484	5242880	156	0	0	26504	0	
7864320	7864320	2536248	2536392	5242880	156	5072484	5242880	156	0	0	26558	0	
7864320	7864320	2536248	2536392	5242880	156	5072484	5242880	156	0	0	26232	0	
7864320	7864320	2536248	2536392	5242880	156	5072484	5242880	156	0	0	26431	0	
7864320	7864320	2536248	2536392	5242880	156	5072484	5242880	156	0	0	26729	0	
7864320	7864320	2536248	2536392	5242880	156	5072484	5242880	156	0	0	26001	0	
7864320	7864320	2536248	2536392	5242880	156	5072484	5242880	156	0	0	26224	0	
7864320	7864320	2536248	2536392	5242880	156	5072484	5242880	156	0	0	25841	0	
7864320	7864320	2536248	2536392	5242880	156	5072484	5242880	156	0	0	26333	0	
7864320	7864320	2536248	2536392	5242880	156	5072484	5242880	156	0	0	26009	0	
7864320	7864320	2536248	2536392	5242880	156	5072484	5242880	156	0	0	25861	0	
7864320	7864320	2536248	2536392	5242880	156	5072484	5242880	156	0	0	26164	0	
7864320	7864320	2536248	2536392	5242880	156	5072484	5242880	156	0	0	25891	0	
7864320	7864320	2536248	2536392	5242880	156	5072484	5242880	156	0	0	26576	0	
7864320	7864320	2536248	2536392	5242880	156	5072484	5242880	156	0	0	26156	0	
7864320	7864320	2536248	2536392	5242880	156	5072484	5242880	156	0	0	25629	0	
7864320	7864320	2536248	2536392	5242880	156	5072484	5242880	156	0	0	25975	0	
7864320	7864320	2536248	2536392	5242880	156	5072484	5242880	156	0	0	25577	0	
7864320	7864320	2536248	2536392	5242880	156	5072484	5242880	156	0	0	25963	0	
7864320	7864320	2536248	2536392	5242880	156	5072484	5242880	156	0	0	25600	0	
7864320	7864320	2536248	2536392	5242880	156	5072484	5242880	156	0	0	25968	0	
7864320	7864320	2536248	2536392	5242880	156	5072484	5242880	156	0	0	26148	0	
7864320	7864320	2536248	2536392	5242880	156	5072484	5242880	156	0	0	25662	0	
7864320	7864320	2536248	2536392	5242880	156	5072484	5242880	156	0	0	26515	0	
7864320	7864320	2536248	2536392	5242880	156	5072484	5242880	156	0	0	26054	0	
7864320	7864320	2536248	2536392	5242880	156	5072484	5242880	156	0	0	26406	0	
7864320	7864320	2536248	2536392	5242880	156	5072484	5242880	156	0	0	26089	0	
7864320	7864320	2536248	2536392	5242880	156	5072484	5242880	156	0	0	25614	0	
7864320	7864320	2536248	2536392	5242880	156	5072484	5242880	156	0	0	26296	0	
7864320	7864320	2536248	2536392	5242880	156	5072484	5242880	156	0	0	25680	0	
7864320	7864320	2536248	2536392	5242880	156	5072484	5242880	156	0	0	26058	0	
7864320	7864320	2536248	2536392	5242880	156	5072484	5242880	156	0	0	25665	0	
7864320	7864320	2536248	2536392	5242880	156	5072484	5242880	156	0	0	25792	0	
7864320	7864320	2536248	2536392	5242880	156	5072484	5242880	156	0	0	24853	0	
7864320	7864320	2536248	2536392	5242880	156	5072484	5242880	156	0	0	24117	0	
7864320	7864320	2536248	2536392	5242880	156	5072484	5242880	156	0	0	26241	0	
7864320	7864320	2536248	2536392	5242880	156	5072484	5242880	156	0	0	25871	0	
7864320	7864320	2536248	2536392	5242880	156	5072484	5242880	156	0	0	26193	0	
7864320	7864320	2536248	2536392	5242880	156	5072484	5242880	156	0	0	26027	0	
7864320	7864320	2536248	2536392	5242880	156	5072484	5242880	156	0	0	25339	0	
7864320	7864320	2536248	2536392	5242880	156	5072484	5242880	156	0	0	26335	0	
7864320	7864320	2536248	2536392	5242880	156	5072484	5242880	156	0	0	25668	0	
7864320	7864320	2536248	2536392	5242880	156	5072484	5242880	156	0	0	26086	0	
7864320	7864320	2536248	2536392	5242880	156	5072484	5242880	156	0	0	26120	0	
7864320	7864320	2536248	2536392	5242880	156	5072484	5242880	156	0	0	25897	0	
7864320	7864320	2536248	2536392	5242880	156	5072484	5242880	156	0	0	26249	0	
7864320	7864320	2536248	2536392	5242880	156	5072484	5242880	156	0	0	25383	0	
7864320	7864320	2536248	2536392	5242880	156	5072484	5242880	156	0	0	25825	0	
7864320	7864320	2536248	2536392	5242880	156	5072484	5242880	156	0	0	26291	0	
7864320	7864320	2536248	2536392	5242880	156	5072484	5242880	156	0	0	25760	0	
7864320	7864320	2536248	2536392	5242880	156	5072484	5242880	156	0	0	26069	0	
7864320	7864320	2536248	2536392	5242880	156	5072484	5242880	156	0	0	25683	0	
7864320	7864320	2536248	2536392	5242880	156	5072484	5242880	156	0	0	26088	0	
7864320	7864320	2536248	2536392	5242880	156	5072484	5242880	156	0	0	25579	0	
7864320	7864320	2536248	2536392	5242880	156	5072484	5242880	156	0	0	25894	0	
7864320	7864320	2536248	2536392	5242880	156	5072484	5242880	156	0	0	25980	0	
7864320	7864320	2536248	2536392	5242880	156	5072484	5242880	156	0	0	25577	0	
7864320	7864320	2536248	2536392	5242880	156	5072484	5242880	156	0	0	26544	0	
7864320	7864320	2536248	2536392	5242880	156	5072484	5242880	156	0	0	26049	0	
7864320	7864320	2536248	2536392	5242880	156	5072484	5242880	156	0	0	25988	0	
7864320	7864320	2536248	2536392	5242880	156	5072484	5242880	156	0	0	26024	0	
7864320	7864320	2536248	2536392	5242880	156	5072484	5242880	156	0	0	25364	0	
7864320	7864320	2536248	2536392	5242880	156	5072484	5242880	156	0	0	26113	0	
7864320	7864320	2536248	2536392	5242880	156	5072484	5242880	156	0	0	25653	0	
7864320	7864320	2536248	2536392	5242880	156	5072484	5242880	156	0	0	25906	0	
7864320	7864320	2536248	2536392	5242880	156	5072484	5242880	156	0	0	25785	0	
7864320	7864320	2536248	2536392	5242880	156	5072484	5242880	156	0	0	49414	0	
7864320	7864320	2536248	2536392	5242880	156	5072484	5242880	156	0	0	48338	0	
7864320	7864320	2536248	2536392	5242880	156	5072484	5242880	156	0	0	47413	0	
7864320	7864320	2536248	2536392	5242880	156	5072484	5242880	156	0	0	47452	0	
7864320	7864320	2536248	2536392	5242880	156	5072484	5242880	156	0	0	46983	0	
7864320	7864320	2536248	2536392	5242880	156	5072484	5242880	156	0	0	47177	0	
7864320	7864320	2536248	2536392	5242880	156	5072484	5242880	156	0	0	47281	0	
7864320	7864320	2536248	2536392	5242880	156	5072484	5242880	156	0	0	47115	0	
7864320	7864320	2536248	2536392	5242880	156	5072484	5242880	156	0	0	47092	0	
7864320	7864320	2536248	2536392	5242880	156	5072484	5242880	156	0	0	28254	0	
7864320	7864320	2536248	2536392	5242880	156	5072484	5242880	156	0	0	26864	0	
7864320	7864320	2536248	2536392	5242880	156	5072484	5242880	156	0	0	26920	0	
7864320	7864320	2536248	2536392	5242880	156	5072484	5242880	156	0	0	26434	0	
7864320	7864320	2536248	2536392	5242880	156	5072484	5242880	156	0	0	26477	0	
7864320	7864320	2536248	2536392	5242880	156	5072484	5242880	156	0	0	26375	0	
7864320	7864320	2536248	2536392	5242880	156	5072484	5242880	156	0	0	26350	0	
7864320	7864320	2536248	2536392	5242880	156	5072484	5242880	156	0	0	26200	0	
7864320	7864320	2536248	2536392	5242880	156	5072484	5242880	156	0	0	25970	0	
7864320	7864320	2536248	2536392	5242880	156	5072484	5242880	156	0	0	25972	0	
7864320	7864320	2536248	2536392	5242880	156	5072484	5242880	156	0	0	26515	0	
7864320	7864320	2536248	2536392	5242880	156	5072484	5242880	156	0	0	26427	0	
7864320	7864320	2536248	2536392	5242880	156	5072484	5242880	156	0	0	26082	0	
7864320	7864320	2536248	2536392	5242880	156	5072484	5242880	156	0	0	25844	0	
7864320	7864320	2536248	2536392	5242880	156	5072484	5242880	156	0	0	26018	0	
7864320	7864320	2536248	2536392	5242880	156	5072484	5242880	156	0	0	25601	0	
7864320	7864320	2536248	2536392	5242880	156	5072484	5242880	156	0	0	25776	0	
7864320	7864320	2536248	2536392	5242880	156	5072484	5242880	156	0	0	25929	0	
7864320	7864320	2536248	2536392	5242880	156	5072484	5242880	156	0	0	25693	0	
7864320	7864320	2536248	2536392	5242880	156	5072484	5242880	156	0	0	26181	0	
7864320	7864320	2536248	2536392	5242880	156	5072484	5242880	156	0	0	25528	0	
7864320	7864320	2536248	2536392	5242880	156	5072484	5242880	156	0	0	26371	0	
7864320	7864320	2536248	2536392	5242880	156	5072484	5242880	156	0	0	27015	0	
7864320	7864320	2536248	2536392	5242880	156	5072484	5242880	156	0	0	26081	0	
7864320	7864320	2536248	2536392	5242880	156	5072484	5242880	156	0	0	26212	0	
7864320	7864320	2536248	2536392	5242880	156	5072484	5242880	156	0	0	26125	0	
7864320	7864320	2536248	2536392	5242880	156	5072484	5242880	156	0	0	26307	0	
7864320	7864320	2536248	2536392	5242880	156	5072484	5242880	156	0	0	30070	0	
7864320	7864320	2536248	2536392	5242880	156	5072484	5242880	156	0	0	25852	0	
7864320	7864320	2536248	2536392	5242880	156	5072484	5242880	156	0	0	25870	0	
7864320	7864320	2536248	2536392	5242880	156	5072484	5242880	156	0	0	25622	0	
7864320	7864320	2536248	2536392	5242880	156	5072484	5242880	156	0	0	25862	0	
7864320	7864320	2536248	2536392	5242880	156	5072484	5242880	156	0	0	25836	0	
7864320	7864320	2536248	2536392	5242880	156	5072484	5242880	156	0	0	26216	0	
7864320	7864320	2536248	2536392	5242880	156	5072484	5242880	156	0	0	26070	0	
7864320	7864320	2536248	2536392	5242880	156	5072484	5242880	156	0	0	26085	0	
7864320	7864320	2536248	2536392	5242880	156	5072484	5242880	156	0	0	25801	0	
7864320	7864320	2536248	2536392	5242880	156	5072484	5242880	156	0	0	25785	0	
7864320	7864320	2536248	2536392	5242880	156	5072484	5242880	156	0	0	26072	0	
7864320	7864320	2536248	2536392	5242880	156	5072484	5242880	156	0	0	25899	0	
7864320	7864320	2536248	2536392	5242880	156	5072484	5242880	156	0	0	28421	0	
7864320	7864320	2536248	2536392	5242880	156	5072484	5242880	156	0	0	32570	0	
7864320	7864320	2536248	2536392	5242880	156	5072484	5242880	156	0	0	26709	0	
7864320	7864320	2536248	2536392	5242880	156	5072484	5242880	156	0	0	27024	0	
7864320	7864320	2536248	2536392	5242880	156	5072484	5242880	156	0	0	27589	0	
7864320	7864320	2536248	2536392	5242880	156	5072484	5242880	156	0	0	27514	0	
7864320	7864320	2536248	2536392	5242880	156	5072484	5242880	156	0	0	27047	0	
7864320	7864320	2536248	2536392	5242880	156	5072484	5242880	156	0	0	26080	0	
7864320	7864320	2536248	2536392	5242880	156	5072484	5242880	156	0	0	26409	0	
7864320	7864320	2536248	2536392	5242880	156	5072484	5242880	156	0	0	26379	0	
7864320	7864320	2536248	2536392	5242880	156	5072484	5242880	156	0	0	25643	0	
7864320	7864320	2536248	2536392	5242880	156	5072484	5242880	156	0	0	26233	0	
7864320	7864320	2536248	2536392	5242880	156	5072484	5242880	156	0	0	25717	0	
7864320	7864320	2536248	2536392	5242880	156	5072484	5242880	156	0	0	26203	0	
7864320	7864320	2536248	2536392	5242880	156	5072484	5242880	156	0	0	26161	0	
7864320	7864320	2536248	2536392	5242880	156	5072484	5242880	156	0	0	25857	0	
7864320	7864320	2536248	2536392	5242880	156	5072484	5242880	156	0	0	25928	0	
7864320	7864320	2536248	2536392	5242880	156	5072484	5242880	156	0	0	25708	0	
7864320	7864320	2536248	2536392	5242880	156	5072484	5242880	156	0	0	26091	0	
7864320	7864320	2536248	2536392	5242880	156	5072484	5242880	156	0	0	24566	0	
7864320	7864320	2536248	2536392	5242880	156	5072484	5242880	156	0	0	26164	0	
7864320	7864320	2536248	2536392	5242880	156	5072484	5242880	156	0	0	26173	0	
7864320	7864320	2536248	2536392	5242880	156	5072484	5242880	156	0	0	25685	0	
7864320	7864320	2536248	2536392	5242880	156	5072484	5242880	156	0	0	25779	0	
7864320	7864320	2536248	2536392	5242880	156	5072484	5242880	156	0	0	24436	0	
7864320	7864320	2536248	2536392	5242880	156	5072484	5242880	156	0	0	25755	0	
7864320	7864320	2536248	2536392	5242880	156	5072484	5242880	156	0	0	26140	0	
7864320	7864320	2536248	2536392	5242880	156	5072484	5242880	156	0	0	25567	0	
7864320	7864320	2536248	2536392	5242880	156	5072484	5242880	156	0	0	26103	0	
7864320	7864320	2536248	2536392	5242880	156	5072484	5242880	156	0	0	65697	0	
7864320	7864320	2536248	2536392	5242880	156	5072484	5242880	156	0	0	26063	0	
7864320	7864320	2536248	2536392	5242880	156	5072484	5242880	156	0	0	25906	0	
7864320	7864320	2536248	2536392	5242880	156	5072484	5242880	156	0	0	25703	0	
7864320	7864320	2536248	2536392	5242880	156	5072484	5242880	156	0	0	26197	0	
7864320	7864320	2536248	2536392	5242880	156	5072484	5242880	156	0	0	26070	0	
7864320	7864320	2536248	2536392	5242880	156	5072484	5242880	156	0	0	25957	0	
7864320	7864320	2536248	2536392	5242880	156	5072484	5242880	156	0	0	25800	0	
7864320	7864320	2536248	2536392	5242880	156	5072484	5242880	156	0	0	25765	0	
7864320	7864320	2536248	2536392	5242880	156	5072484	5242880	156	0	0	26315	0	
7864320	7864320	2536248	2536392	5242880	156	5072484	5242880	156	0	0	25756	0	
7864320	7864320	2536248	2536392	5242880	156	5072484	5242880	156	0	0	25923	0	
7864320	7864320	2536248	2536392	5242880	156	5072484	5242880	156	0	0	25843	0	
7864320	7864320	2536248	2536392	5242880	156	5072484	5242880	156	0	0	25572	0	
7864320	7864320	2536248	2536392	5242880	156	5072484	5242880	156	0	0	25945	0	
7864320	7864320	2536248	2536392	5242880	156	5072484	5242880	156	0	0	26188	0	
7864320	7864320	2536248	2536392	5242880	156	5072484	5242880	156	0	0	25955	0	
7864320	7864320	2536248	2536392	5242880	156	5072484	5242880	156	0	0	25853	0	
7864320	7864320	2536248	2536392	5242880	156	5072484	5242880	156	0	0	25576	0	
7864320	7864320	2536248	2536392	5242880	156	5072484	5242880	156	0	0	26620	0	
7864320	7864320	2536248	2536392	5242880	156	5072484	5242880	156	0	0	25679	0	
7864320	7864320	2536248	2536392	5242880	156	5072484	5242880	156	0	0	26054	0	
7864320	7864320	2536248	2536392	5242880	156	5072484	5242880	156	0	0	26124	0	
7864320	7864320	2536248	2536392	5242880	156	5072484	5242880	156	0	0	25997	0	
7864320	7864320	2536248	2536392	5242880	156	5072484	5242880	156	0	0	26042	0	
7864320	7864320	2536248	2536392	5242880	156	5072484	5242880	156	0	0	25347	0	
7864320	7864320	2536248	2536392	5242880	156	5072484	5242880	156	0	0	26049	0	
7864320	7864320	2536248	2536392	5242880	156	5072484	5242880	156	0	0	25438	0	
7864320	7864320	2536248	2536392	5242880	156	5072484	5242880	156	0	0	24586	0	
7864320	7864320	2536248	2536392	5242880	156	5072484	5242880	156	0	0	26183	0	
7864320	7864320	2536248	2536392	5242880	156	5072484	5242880	156	0	0	25365	0	
7864320	7864320	2536248	2536392	5242880	156	5072484	5242880	156	0	0	25861	0	
7864320	7864320	2536248	2536392	5242880	156	5072484	5242880	156	0	0	25748	0	
7864320	7864320	2536248	2536392	5242880	156	5072484	5242880	156	0	0	25994	0	
7864320	7864320	2536248	2536392	5242880	156	5072484	5242880	156	0	0	26207	0	
7864320	7864320	2536248	2536392	5242880	156	5072484	5242880	156	0	0	25466	0	
7864320	7864320	2536248	2536392	5242880	156	5072484	5242880	156	0	0	26052	0	
7864320	7864320	2536248	2536392	5242880	156	5072484	5242880	156	0	0	25615	0	
7864320	7864320	2536248	2536392	5242880	156	5072484	5242880	156	0	0	25817	0	
7864320	7864320	2536248	2536392	5242880	156	5072484	5242880	156	0	0	26187	0	
7864320	7864320	2536248	2536392	5242880	156	5072484	5242880	156	0	0	25490	0	
7864320	7864320	2536248	2536392	5242880	156	5072484	5242880	156	0	0	26069	0	
7864320	7864320	2536248	2536392	5242880	156	5072484	5242880	156	0	0	25812	0	
7864320	7864320	2536248	2536392	5242880	156	5072484	5242880	156	0	0	25945	0	
7864320	7864320	2536248	2536392	5242880	156	5072484	5242880	156	0	0	25806	0	
7864320	7864320	2536248	2536392	5242880	156	5072484	5242880	156	0	0	25969	0	
7864320	7864320	2536248	2536392	5242880	156	5072484	5242880	156	0	0	26007	0	
7864320	7864320	2536248	2536392	5242880	156	5072484	5242880	156	0	0	25826	0	
7864320	7864320	2536248	2536392	5242880	156	5072484	5242880	156	0	0	27000	0	
7864320	7864320	2536248	2536392	5242880	156	5072484	5242880	156	0	0	25983	0	
7864320	7864320	2536248	2536392	5242880	156	5072484	5242880	156	0	0	25782	0	
7864320	7864320	2536248	2536392	5242880	156	5072484	5242880	156	0	0	26222	0	
7864320	7864320	2536248	2536392	5242880	156	5072484	5242880	156	0	0	25973	0	
7864320	7864320	2536248	2536392	5242880	156	5072484	5242880	156	0	0	26095	0	
7864320	7864320	2536248	2536392	5242880	156	5072484	5242880	156	0	0	25881	0	
7864320	7864320	2536248	2536392	5242880	156	5072484	5242880	156	0	0	26165	0	
7864320	7864320	2536248	2536392	5242880	156	5072484	5242880	156	0	0	26164	0	
7864320	7864320	2536248	2536392	5242880	156	5072484	5242880	156	0	0	25843	0	
7864320	7864320	2536248	2536392	5242880	156	5072484	5242880	156	0	0	26372	0	
7864320	7864320	2536248	2536392	5242880	156	5072484	5242880	156	0	0	25942	0	
7864320	7864320	2536248	2536392	5242880	156	5072484	5242880	156	0	0	26169	0	
7864320	7864320	2536248	2536392	5242880	156	5072484	5242880	156	0	0	25901	0	
7864320	7864320	2536248	2536392	5242880	156	5072484	5242880	156	0	0	25719	0	
