b_initial_y_size_0	b_max_y_size_1	b_used_2	b_available_3	b_committed_4	a_used_5	a_available_6	a_committed_7	a_survived_8	a_promoted_9	a_copied_10	a_time_in_ns_11	promotion_rate_12
14155776	14155776	4565376	4565376	9437184	42112	9088640	9437184	63620	49156	0	238273	67	
14155776	14155776	4565364	4565388	9437184	12960	9117792	9437184	17864	4904	0	67806	33	
14155776	14155776	4565344	4565408	9437184	14188	9116564	9437184	14188	0	0	58048	0	
14155776	14155776	4565376	4565376	9437184	5040	9125712	9437184	5040	0	0	48141	0	
14155776	14155776	4565088	4565664	9437184	32464	9098288	9437184	32464	0	0	91991	0	
14155776	14155776	4565316	4565436	9437184	5484	9125268	9437184	5484	0	0	53039	0	
14155776	14155776	4565328	4565424	9437184	15112	9115640	9437184	16256	1144	0	68289	20	
14155776	14155776	4565340	4565412	9437184	1556	9129196	9437184	2504	948	0	45173	6	
14155776	14155776	4565372	4565380	9437184	32084	9098668	9437184	32084	0	0	86207	0	
14155776	14155776	4565316	4565436	9437184	5100	9125652	9437184	5100	0	0	48759	0	
14155776	14155776	4565364	4565388	9437184	15136	9115616	9437184	15136	0	0	62756	0	
14155776	14155776	4565328	4565424	9437184	3656	9127096	9437184	4604	948	0	47720	6	
14155776	14155776	4564944	4565808	9437184	32432	9098320	9437184	32432	0	0	80760	0	
14155776	14155776	4565328	4565424	9437184	5308	9125444	9437184	5308	0	0	45945	0	
14155776	14155776	4565352	4565400	9437184	14188	9116564	9437184	14572	384	0	60171	7	
14155776	14155776	4565328	4565424	9437184	3656	9127096	9437184	3656	0	0	41458	0	
14155776	14155776	4565372	4565380	9437184	42708	9088044	9437184	31372	0	0	97845	0	
14155776	14155776	4565352	4565400	9437184	14188	9116564	9437184	14188	0	0	57887	0	
14155776	14155776	4565328	4565424	9437184	5616	9125136	9437184	5616	0	0	44186	0	
14155776	14155776	4565372	4565380	9437184	31540	9099212	9437184	31540	0	0	79844	0	
14155776	14155776	4565316	4565436	9437184	6676	9124076	9437184	6844	168	0	50340	0	
14155776	14155776	4565352	4565400	9437184	14188	9116564	9437184	14188	0	0	57374	0	
14155776	14155776	4565328	4565424	9437184	4076	9126676	9437184	4076	0	0	41153	0	
14155776	14155776	4565372	4565380	9437184	31372	9099380	9437184	31372	0	0	77073	0	
14155776	14155776	4565356	4565396	9437184	6796	9123956	9437184	6796	0	0	45857	0	
14155776	14155776	4565352	4565400	9437184	14188	9116564	9437184	14188	0	0	56165	0	
14155776	14155776	4565340	4565412	9437184	4356	9126396	9437184	4356	0	0	39859	0	
14155776	14155776	4565372	4565380	9437184	31372	9099380	9437184	31372	0	0	75064	0	
14155776	14155776	4565316	4565436	9437184	6676	9124076	9437184	6676	0	0	43677	0	
14155776	14155776	4565364	4565388	9437184	14188	9116564	9437184	14188	0	0	55031	0	
14155776	14155776	4565328	4565424	9437184	4216	9126536	9437184	4216	0	0	39850	0	
14155776	14155776	4564944	4565808	9437184	32432	9098320	9437184	32432	0	0	75743	0	
14155776	14155776	4565316	4565436	9437184	5216	9125536	9437184	5216	0	0	42477	0	
14155776	14155776	4565352	4565400	9437184	14404	9116348	9437184	14404	0	0	59939	0	
14155776	14155776	4565328	4565424	9437184	3516	9127236	9437184	3732	216	0	45218	1	
14155776	14155776	4565040	4565712	9437184	32432	9098320	9437184	32432	0	0	76309	0	
14155776	14155776	4565316	4565436	9437184	5392	9125360	9437184	5392	0	0	42745	0	
14155776	14155776	4565352	4565400	9437184	14188	9116564	9437184	14188	0	0	54599	0	
14155776	14155776	4565328	4565424	9437184	4076	9126676	9437184	4076	0	0	40915	0	
14155776	14155776	4565372	4565380	9437184	31372	9099380	9437184	31372	0	0	75138	0	
14155776	14155776	4565356	4565396	9437184	6796	9123956	9437184	6796	0	0	44144	0	
14155776	14155776	4565352	4565400	9437184	14188	9116564	9437184	14188	0	0	54207	0	
14155776	14155776	4565340	4565412	9437184	4356	9126396	9437184	4356	0	0	41326	0	
14155776	14155776	4565372	4565380	9437184	31372	9099380	9437184	31372	0	0	76012	0	
14155776	14155776	4565316	4565436	9437184	6676	9124076	9437184	6676	0	0	43234	0	
14155776	14155776	4565364	4565388	9437184	14188	9116564	9437184	14188	0	0	54386	0	
14155776	14155776	4565328	4565424	9437184	4216	9126536	9437184	4216	0	0	39574	0	
14155776	14155776	4564944	4565808	9437184	37360	9093392	9437184	32432	0	0	90043	0	
14155776	14155776	4565376	4565376	9437184	1508	9129244	9437184	1508	0	0	39907	0	
14155776	14155776	4565352	4565400	9437184	14188	9116564	9437184	14188	0	0	54425	0	
14155776	14155776	4565328	4565424	9437184	3096	9127656	9437184	3096	0	0	37938	0	
14155776	14155776	4565040	4565712	9437184	32488	9098264	9437184	32488	0	0	77009	0	
14155776	14155776	4565316	4565436	9437184	5392	9125360	9437184	5448	56	0	44697	0	
14155776	14155776	4565352	4565400	9437184	14216	9116536	9437184	14216	0	0	56695	0	
14155776	14155776	4565328	4565424	9437184	4076	9126676	9437184	4104	28	0	42128	0	
14155776	14155776	4565372	4565380	9437184	31372	9099380	9437184	31372	0	0	75233	0	
14155776	14155776	4565356	4565396	9437184	6796	9123956	9437184	6796	0	0	42980	0	
14155776	14155776	4565352	4565400	9437184	14188	9116564	9437184	14188	0	0	53275	0	
14155776	14155776	4565340	4565412	9437184	4356	9126396	9437184	4356	0	0	39464	0	
14155776	14155776	4565372	4565380	9437184	31372	9099380	9437184	31372	0	0	73133	0	
14155776	14155776	4565316	4565436	9437184	6676	9124076	9437184	6676	0	0	42953	0	
14155776	14155776	4565364	4565388	9437184	14188	9116564	9437184	14188	0	0	52746	0	
14155776	14155776	4565328	4565424	9437184	4216	9126536	9437184	4216	0	0	39330	0	
14155776	14155776	4564944	4565808	9437184	32432	9098320	9437184	32432	0	0	73444	0	
14155776	14155776	4565316	4565436	9437184	5216	9125536	9437184	5216	0	0	41047	0	
14155776	14155776	4565352	4565400	9437184	14188	9116564	9437184	14188	0	0	52071	0	
14155776	14155776	4565328	4565424	9437184	3796	9126956	9437184	3796	0	0	38449	0	
14155776	14155776	4565372	4565380	9437184	31372	9099380	9437184	31372	0	0	73566	0	
14155776	14155776	4565356	4565396	9437184	6796	9123956	9437184	6796	0	0	42932	0	
14155776	14155776	4565352	4565400	9437184	14188	9116564	9437184	14188	0	0	53243	0	
14155776	14155776	4565328	4565424	9437184	4356	9126396	9437184	4356	0	0	38931	0	
14155776	14155776	4565372	4565380	9437184	31372	9099380	9437184	31372	0	0	72916	0	
14155776	14155776	4565356	4565396	9437184	6796	9123956	9437184	6796	0	0	41330	0	
14155776	14155776	4565352	4565400	9437184	14188	9116564	9437184	14188	0	0	53173	0	
14155776	14155776	4565340	4565412	9437184	4356	9126396	9437184	4356	0	0	38737	0	
14155776	14155776	4565372	4565380	9437184	31372	9099380	9437184	31372	0	0	72995	0	
14155776	14155776	4565316	4565436	9437184	6676	9124076	9437184	6676	0	0	42193	0	
14155776	14155776	4565364	4565388	9437184	14188	9116564	9437184	14188	0	0	52862	0	
14155776	14155776	4565328	4565424	9437184	4216	9126536	9437184	4216	0	0	38666	0	
14155776	14155776	4564944	4565808	9437184	32432	9098320	9437184	32432	0	0	73605	0	
14155776	14155776	4565316	4565436	9437184	5216	9125536	9437184	5216	0	0	39813	0	
14155776	14155776	4565352	4565400	9437184	14188	9116564	9437184	14188	0	0	53299	0	
14155776	14155776	4565328	4565424	9437184	3796	9126956	9437184	3796	0	0	38061	0	
14155776	14155776	4565372	4565380	9437184	42708	9088044	9437184	31372	0	0	102339	0	
14155776	14155776	4565352	4565400	9437184	14188	9116564	9437184	14188	0	0	53742	0	
14155776	14155776	4565328	4565424	9437184	5756	9124996	9437184	5756	0	0	40619	0	
14155776	14155776	4565372	4565380	9437184	31372	9099380	9437184	31372	0	0	73146	0	
14155776	14155776	4565356	4565396	9437184	6796	9123956	9437184	6796	0	0	41636	0	
14155776	14155776	4565352	4565400	9437184	14188	9116564	9437184	14188	0	0	52820	0	
14155776	14155776	4565328	4565424	9437184	4496	9126256	9437184	4496	0	0	39327	0	
14155776	14155776	4565288	4565464	9437184	31276	9099476	9437184	31276	0	0	74260	0	
14155776	14155776	4565356	4565396	9437184	6796	9123956	9437184	6796	0	0	41772	0	
14155776	14155776	4565352	4565400	9437184	14188	9116564	9437184	14188	0	0	52850	0	
14155776	14155776	4565340	4565412	9437184	4356	9126396	9437184	4356	0	0	38993	0	
14155776	14155776	4565372	4565380	9437184	31428	9099324	9437184	31428	0	0	100132	0	
14155776	14155776	4565356	4565396	9437184	6796	9123956	9437184	6852	56	0	50816	0	
14155776	14155776	4565352	4565400	9437184	14188	9116564	9437184	14188	0	0	54923	0	
14155776	14155776	4565328	4565424	9437184	4496	9126256	9437184	4496	0	0	41294	0	
14155776	14155776	4565372	4565380	9437184	31372	9099380	9437184	31372	0	0	74517	0	
14155776	14155776	4565356	4565396	9437184	6796	9123956	9437184	6796	0	0	43280	0	
14155776	14155776	4565352	4565400	9437184	14188	9116564	9437184	14188	0	0	53521	0	
14155776	14155776	4565328	4565424	9437184	4356	9126396	9437184	4356	0	0	40412	0	
14155776	14155776	4565372	4565380	9437184	31372	9099380	9437184	31372	0	0	73529	0	
14155776	14155776	4565356	4565396	9437184	6796	9123956	9437184	6796	0	0	43104	0	
14155776	14155776	4565352	4565400	9437184	14188	9116564	9437184	14188	0	0	53211	0	
14155776	14155776	4565328	4565424	9437184	4496	9126256	9437184	4496	0	0	40320	0	
14155776	14155776	4565288	4565464	9437184	31276	9099476	9437184	31276	0	0	73886	0	
14155776	14155776	4565356	4565396	9437184	6796	9123956	9437184	6796	0	0	42203	0	
14155776	14155776	4565352	4565400	9437184	14188	9116564	9437184	14188	0	0	53757	0	
14155776	14155776	4565340	4565412	9437184	4356	9126396	9437184	4356	0	0	39345	0	
14155776	14155776	4565372	4565380	9437184	31372	9099380	9437184	31372	0	0	74614	0	
14155776	14155776	4565356	4565396	9437184	6796	9123956	9437184	6796	0	0	42392	0	
14155776	14155776	4565352	4565400	9437184	14188	9116564	9437184	14188	0	0	53763	0	
14155776	14155776	4565328	4565424	9437184	4496	9126256	9437184	4496	0	0	39536	0	
14155776	14155776	4565372	4565380	9437184	42708	9088044	9437184	31372	0	0	105237	0	
14155776	14155776	4565352	4565400	9437184	14188	9116564	9437184	14188	0	0	54706	0	
14155776	14155776	4565328	4565424	9437184	5756	9124996	9437184	5756	0	0	42295	0	
14155776	14155776	4565300	4565452	9437184	31564	9099188	9437184	31564	0	0	74286	0	
14155776	14155776	4565356	4565396	9437184	6796	9123956	9437184	6796	0	0	43393	0	
14155776	14155776	4565352	4565400	9437184	14188	9116564	9437184	14188	0	0	53166	0	
14155776	14155776	4565328	4565424	9437184	4356	9126396	9437184	4356	0	0	39403	0	
14155776	14155776	4565372	4565380	9437184	31372	9099380	9437184	31372	0	0	73279	0	
14155776	14155776	4565368	4565384	9437184	6796	9123956	9437184	6796	0	0	41485	0	
14155776	14155776	4565352	4565400	9437184	14188	9116564	9437184	14188	0	0	52774	0	
14155776	14155776	4565328	4565424	9437184	4496	9126256	9437184	4496	0	0	38642	0	
14155776	14155776	4565288	4565464	9437184	31276	9099476	9437184	31276	0	0	72545	0	
14155776	14155776	4565356	4565396	9437184	6796	9123956	9437184	6796	0	0	41758	0	
14155776	14155776	4565352	4565400	9437184	14188	9116564	9437184	14188	0	0	53102	0	
14155776	14155776	4565328	4565424	9437184	4356	9126396	9437184	4356	0	0	38778	0	
14155776	14155776	4565372	4565380	9437184	31372	9099380	9437184	31372	0	0	73598	0	
14155776	14155776	4565356	4565396	9437184	6796	9123956	9437184	6796	0	0	42674	0	
14155776	14155776	4565352	4565400	9437184	14188	9116564	9437184	14188	0	0	52296	0	
14155776	14155776	4565328	4565424	9437184	4496	9126256	9437184	4496	0	0	39413	0	
14155776	14155776	4565372	4565380	9437184	31372	9099380	9437184	31372	0	0	72608	0	
14155776	14155776	4565356	4565396	9437184	6796	9123956	9437184	6796	0	0	42197	0	
14155776	14155776	4565352	4565400	9437184	14188	9116564	9437184	14188	0	0	51389	0	
14155776	14155776	4565328	4565424	9437184	4356	9126396	9437184	4356	0	0	39270	0	
14155776	14155776	4565372	4565380	9437184	31372	9099380	9437184	31372	0	0	73035	0	
14155776	14155776	4565368	4565384	9437184	6796	9123956	9437184	6796	0	0	42033	0	
14155776	14155776	4565352	4565400	9437184	14188	9116564	9437184	14188	0	0	52034	0	
14155776	14155776	4565328	4565424	9437184	4496	9126256	9437184	4496	0	0	39443	0	
14155776	14155776	4565288	4565464	9437184	31276	9099476	9437184	31276	0	0	71270	0	
14155776	14155776	4565356	4565396	9437184	6796	9123956	9437184	6796	0	0	42830	0	
14155776	14155776	4565352	4565400	9437184	14188	9116564	9437184	14188	0	0	53295	0	
14155776	14155776	4565328	4565424	9437184	4356	9126396	9437184	4356	0	0	40077	0	
14155776	14155776	4565372	4565380	9437184	31372	9099380	9437184	31372	0	0	74448	0	
14155776	14155776	4565356	4565396	9437184	6796	9123956	9437184	6796	0	0	41885	0	
14155776	14155776	4565352	4565400	9437184	14188	9116564	9437184	14188	0	0	53727	0	
14155776	14155776	4565328	4565424	9437184	4496	9126256	9437184	4496	0	0	39956	0	
14155776	14155776	4565372	4565380	9437184	31372	9099380	9437184	31372	0	0	75159	0	
14155776	14155776	4565356	4565396	9437184	6796	9123956	9437184	6796	0	0	42325	0	
14155776	14155776	4565352	4565400	9437184	14188	9116564	9437184	14188	0	0	54103	0	
14155776	14155776	4565328	4565424	9437184	4356	9126396	9437184	4356	0	0	39012	0	
14155776	14155776	4565372	4565380	9437184	42708	9088044	9437184	31372	0	0	104736	0	
14155776	14155776	4565364	4565388	9437184	14188	9116564	9437184	14188	0	0	55917	0	
14155776	14155776	4565328	4565424	9437184	5756	9124996	9437184	5756	0	0	41553	0	
14155776	14155776	4565300	4565452	9437184	31564	9099188	9437184	31564	0	0	75043	0	
14155776	14155776	4565368	4565384	9437184	6796	9123956	9437184	6796	0	0	42097	0	
14155776	14155776	4565352	4565400	9437184	14188	9116564	9437184	14188	0	0	54012	0	
14155776	14155776	4565328	4565424	9437184	4496	9126256	9437184	4496	0	0	39101	0	
14155776	14155776	4565288	4565464	9437184	31276	9099476	9437184	31276	0	0	73615	0	
14155776	14155776	4565356	4565396	9437184	6796	9123956	9437184	6796	0	0	41757	0	
14155776	14155776	4565352	4565400	9437184	14188	9116564	9437184	14188	0	0	54255	0	
14155776	14155776	4565328	4565424	9437184	4356	9126396	9437184	4356	0	0	39135	0	
14155776	14155776	4565372	4565380	9437184	31372	9099380	9437184	31372	0	0	74900	0	
14155776	14155776	4565356	4565396	9437184	6796	9123956	9437184	6796	0	0	42427	0	
14155776	14155776	4565352	4565400	9437184	14188	9116564	9437184	14188	0	0	54012	0	
14155776	14155776	4565328	4565424	9437184	4496	9126256	9437184	4496	0	0	47809	0	
14155776	14155776	4565372	4565380	9437184	31372	9099380	9437184	31372	0	0	74588	0	
14155776	14155776	4565316	4565436	9437184	6676	9124076	9437184	6676	0	0	43246	0	
14155776	14155776	4565364	4565388	9437184	14188	9116564	9437184	14188	0	0	53005	0	
14155776	14155776	4565328	4565424	9437184	4216	9126536	9437184	4216	0	0	39749	0	
14155776	14155776	4564944	4565808	9437184	32432	9098320	9437184	32432	0	0	74772	0	
14155776	14155776	4565328	4565424	9437184	5216	9125536	9437184	5216	0	0	41339	0	
14155776	14155776	4565352	4565400	9437184	14188	9116564	9437184	14188	0	0	53039	0	
14155776	14155776	4565328	4565424	9437184	3936	9126816	9437184	3936	0	0	39514	0	
14155776	14155776	4565288	4565464	9437184	31276	9099476	9437184	31276	0	0	73408	0	
14155776	14155776	4565356	4565396	9437184	6796	9123956	9437184	6796	0	0	43266	0	
14155776	14155776	4565352	4565400	9437184	14188	9116564	9437184	14188	0	0	54105	0	
14155776	14155776	4565328	4565424	9437184	4356	9126396	9437184	4356	0	0	44040	0	
14155776	14155776	4565372	4565380	9437184	31372	9099380	9437184	31372	0	0	75042	0	
14155776	14155776	4565356	4565396	9437184	6796	9123956	9437184	6796	0	0	42131	0	
14155776	14155776	4565352	4565400	9437184	14188	9116564	9437184	14188	0	0	53657	0	
14155776	14155776	4565328	4565424	9437184	4496	9126256	9437184	4496	0	0	39326	0	
14155776	14155776	4565372	4565380	9437184	31372	9099380	9437184	31372	0	0	74067	0	
14155776	14155776	4565316	4565436	9437184	6676	9124076	9437184	6676	0	0	42363	0	
14155776	14155776	4565364	4565388	9437184	14188	9116564	9437184	14188	0	0	53553	0	
14155776	14155776	4565328	4565424	9437184	4216	9126536	9437184	4216	0	0	39033	0	
14155776	14155776	4564944	4565808	9437184	32432	9098320	9437184	32432	0	0	73400	0	
14155776	14155776	4565328	4565424	9437184	5216	9125536	9437184	5216	0	0	40087	0	
14155776	14155776	4565352	4565400	9437184	14188	9116564	9437184	14188	0	0	52284	0	
14155776	14155776	4565328	4565424	9437184	3936	9126816	9437184	3936	0	0	37902	0	
14155776	14155776	4565288	4565464	9437184	47968	9082784	9437184	31276	0	0	105688	0	
14155776	14155776	4565352	4565400	9437184	14164	9116588	9437184	14164	0	0	89390	0	
14155776	14155776	4565328	4565424	9437184	2256	9128496	9437184	2256	0	0	59400	0	
14155776	14155776	4565300	4565452	9437184	32260	9098492	9437184	32260	0	0	74697	0	
14155776	14155776	4565316	4565436	9437184	5216	9125536	9437184	5216	0	0	40404	0	
14155776	14155776	4565352	4565400	9437184	14188	9116564	9437184	14188	0	0	52472	0	
14155776	14155776	4565328	4565424	9437184	3936	9126816	9437184	3936	0	0	38721	0	
14155776	14155776	4565372	4565380	9437184	31372	9099380	9437184	31372	0	0	72790	0	
14155776	14155776	4565356	4565396	9437184	6796	9123956	9437184	6796	0	0	41787	0	
14155776	14155776	4565352	4565400	9437184	14188	9116564	9437184	14188	0	0	52346	0	
14155776	14155776	4565340	4565412	9437184	4496	9126256	9437184	4496	0	0	38593	0	
14155776	14155776	4565372	4565380	9437184	31372	9099380	9437184	31372	0	0	71572	0	
14155776	14155776	4565316	4565436	9437184	6676	9124076	9437184	6676	0	0	41361	0	
14155776	14155776	4565364	4565388	9437184	14188	9116564	9437184	14188	0	0	51791	0	
14155776	14155776	4565328	4565424	9437184	4216	9126536	9437184	4216	0	0	38130	0	
14155776	14155776	4564944	4565808	9437184	32432	9098320	9437184	32432	0	0	73221	0	
14155776	14155776	4565328	4565424	9437184	5216	9125536	9437184	5216	0	0	39465	0	
14155776	14155776	4565352	4565400	9437184	14188	9116564	9437184	14188	0	0	51508	0	
14155776	14155776	4565328	4565424	9437184	3796	9126956	9437184	3796	0	0	37907	0	
14155776	14155776	4565372	4565380	9437184	31372	9099380	9437184	31372	0	0	72499	0	
14155776	14155776	4565356	4565396	9437184	6796	9123956	9437184	6796	0	0	41146	0	
14155776	14155776	4565352	4565400	9437184	14188	9116564	9437184	14188	0	0	51792	0	
14155776	14155776	4565328	4565424	9437184	4356	9126396	9437184	4356	0	0	38285	0	
14155776	14155776	4565372	4565380	9437184	31372	9099380	9437184	31372	0	0	71474	0	
14155776	14155776	4565356	4565396	9437184	6796	9123956	9437184	6796	0	0	40530	0	
14155776	14155776	4565352	4565400	9437184	14188	9116564	9437184	14188	0	0	51445	0	
14155776	14155776	4565340	4565412	9437184	4496	9126256	9437184	4496	0	0	37720	0	
14155776	14155776	4565372	4565380	9437184	31372	9099380	9437184	31372	0	0	71358	0	
14155776	14155776	4565316	4565436	9437184	6676	9124076	9437184	6676	0	0	41228	0	
14155776	14155776	4565364	4565388	9437184	14188	9116564	9437184	14188	0	0	51402	0	
14155776	14155776	4565328	4565424	9437184	4216	9126536	9437184	4216	0	0	37217	0	
14155776	14155776	4564944	4565808	9437184	32432	9098320	9437184	32432	0	0	71980	0	
14155776	14155776	4565328	4565424	9437184	5216	9125536	9437184	5216	0	0	39306	0	
14155776	14155776	4565352	4565400	9437184	14188	9116564	9437184	14188	0	0	51550	0	
14155776	14155776	4565328	4565424	9437184	3796	9126956	9437184	3796	0	0	36958	0	
14155776	14155776	4565372	4565380	9437184	31372	9099380	9437184	31372	0	0	71568	0	
14155776	14155776	4565356	4565396	9437184	6796	9123956	9437184	6796	0	0	40270	0	
14155776	14155776	4565352	4565400	9437184	14188	9116564	9437184	14188	0	0	51405	0	
14155776	14155776	4565328	4565424	9437184	4356	9126396	9437184	4356	0	0	38076	0	
14155776	14155776	4565372	4565380	9437184	31372	9099380	9437184	31372	0	0	72099	0	
14155776	14155776	4565356	4565396	9437184	6796	9123956	9437184	6796	0	0	40655	0	
14155776	14155776	4565352	4565400	9437184	14188	9116564	9437184	14188	0	0	52370	0	
14155776	14155776	4565340	4565412	9437184	4496	9126256	9437184	4496	0	0	38542	0	
14155776	14155776	4565372	4565380	9437184	31372	9099380	9437184	31372	0	0	72726	0	
14155776	14155776	4565316	4565436	9437184	6676	9124076	9437184	6676	0	0	41728	0	
14155776	14155776	4565364	4565388	9437184	14188	9116564	9437184	14188	0	0	52382	0	
14155776	14155776	4565328	4565424	9437184	4216	9126536	9437184	4216	0	0	38845	0	
14155776	14155776	4564944	4565808	9437184	32432	9098320	9437184	32432	0	0	73128	0	
14155776	14155776	4565328	4565424	9437184	5216	9125536	9437184	5216	0	0	40391	0	
14155776	14155776	4565352	4565400	9437184	14188	9116564	9437184	14188	0	0	52666	0	
14155776	14155776	4565328	4565424	9437184	3796	9126956	9437184	3796	0	0	37964	0	
14155776	14155776	4565372	4565380	9437184	31372	9099380	9437184	31372	0	0	72927	0	
14155776	14155776	4565356	4565396	9437184	6796	9123956	9437184	6796	0	0	41800	0	
14155776	14155776	4565352	4565400	9437184	14188	9116564	9437184	14188	0	0	52232	0	
14155776	14155776	4565328	4565424	9437184	4356	9126396	9437184	4356	0	0	38432	0	
14155776	14155776	4565372	4565380	9437184	31372	9099380	9437184	31372	0	0	72608	0	
14155776	14155776	4565356	4565396	9437184	6796	9123956	9437184	6796	0	0	41952	0	
14155776	14155776	4565352	4565400	9437184	14188	9116564	9437184	14188	0	0	51980	0	
14155776	14155776	4565340	4565412	9437184	4496	9126256	9437184	4496	0	0	38831	0	
14155776	14155776	4565372	4565380	9437184	31372	9099380	9437184	31372	0	0	71965	0	
14155776	14155776	4565316	4565436	9437184	6676	9124076	9437184	6676	0	0	41371	0	
14155776	14155776	4565364	4565388	9437184	14188	9116564	9437184	14188	0	0	52200	0	
14155776	14155776	4565328	4565424	9437184	4216	9126536	9437184	4216	0	0	38329	0	
14155776	14155776	4564944	4565808	9437184	32432	9098320	9437184	32432	0	0	74040	0	
14155776	14155776	4565328	4565424	9437184	5216	9125536	9437184	5216	0	0	39266	0	
14155776	14155776	4565352	4565400	9437184	14188	9116564	9437184	14188	0	0	51226	0	
14155776	14155776	4565328	4565424	9437184	3796	9126956	9437184	3796	0	0	37057	0	
14155776	14155776	4565372	4565380	9437184	31372	9099380	9437184	31372	0	0	70805	0	
14155776	14155776	4565356	4565396	9437184	6796	9123956	9437184	6796	0	0	40368	0	
14155776	14155776	4565352	4565400	9437184	14188	9116564	9437184	14188	0	0	50970	0	
14155776	14155776	4565328	4565424	9437184	4356	9126396	9437184	4356	0	0	37902	0	
14155776	14155776	4565372	4565380	9437184	31372	9099380	9437184	31372	0	0	71045	0	
14155776	14155776	4565356	4565396	9437184	6796	9123956	9437184	6796	0	0	40457	0	
14155776	14155776	4565352	4565400	9437184	14188	9116564	9437184	14188	0	0	51368	0	
14155776	14155776	4565340	4565412	9437184	4496	9126256	9437184	4496	0	0	37726	0	
14155776	14155776	4565372	4565380	9437184	31372	9099380	9437184	31372	0	0	70874	0	
14155776	14155776	4565316	4565436	9437184	6676	9124076	9437184	6676	0	0	40905	0	
14155776	14155776	4565364	4565388	9437184	14188	9116564	9437184	14188	0	0	50864	0	
14155776	14155776	4565328	4565424	9437184	4216	9126536	9437184	4216	0	0	37810	0	
14155776	14155776	4564944	4565808	9437184	32432	9098320	9437184	32432	0	0	71527	0	
14155776	14155776	4565328	4565424	9437184	5216	9125536	9437184	5216	0	0	38872	0	
14155776	14155776	4565352	4565400	9437184	14188	9116564	9437184	14188	0	0	51088	0	
14155776	14155776	4565328	4565424	9437184	3796	9126956	9437184	3796	0	0	36780	0	
14155776	14155776	4565372	4565380	9437184	31372	9099380	9437184	31372	0	0	70868	0	
14155776	14155776	4565356	4565396	9437184	6796	9123956	9437184	6796	0	0	40632	0	
14155776	14155776	4565352	4565400	9437184	14188	9116564	9437184	14188	0	0	51483	0	
14155776	14155776	4565328	4565424	9437184	4356	9126396	9437184	4356	0	0	37975	0	
14155776	14155776	4565372	4565380	9437184	31372	9099380	9437184	31372	0	0	70652	0	
14155776	14155776	4565356	4565396	9437184	6796	9123956	9437184	6796	0	0	40606	0	
14155776	14155776	4565352	4565400	9437184	14188	9116564	9437184	14188	0	0	51478	0	
14155776	14155776	4565340	4565412	9437184	4496	9126256	9437184	4496	0	0	37901	0	
14155776	14155776	4565372	4565380	9437184	31372	9099380	9437184	31372	0	0	70485	0	
14155776	14155776	4565316	4565436	9437184	6676	9124076	9437184	6676	0	0	40488	0	
14155776	14155776	4565364	4565388	9437184	14188	9116564	9437184	14188	0	0	50762	0	
14155776	14155776	4565328	4565424	9437184	4216	9126536	9437184	4216	0	0	37433	0	
14155776	14155776	4564944	4565808	9437184	32432	9098320	9437184	32432	0	0	71169	0	
14155776	14155776	4565328	4565424	9437184	5216	9125536	9437184	5216	0	0	38959	0	
14155776	14155776	4565352	4565400	9437184	14188	9116564	9437184	14188	0	0	51065	0	
14155776	14155776	4565328	4565424	9437184	3796	9126956	9437184	3796	0	0	36855	0	
14155776	14155776	4565372	4565380	9437184	31372	9099380	9437184	31372	0	0	71042	0	
14155776	14155776	4565356	4565396	9437184	6796	9123956	9437184	6796	0	0	40363	0	
14155776	14155776	4565352	4565400	9437184	14188	9116564	9437184	14188	0	0	51135	0	
14155776	14155776	4565328	4565424	9437184	4356	9126396	9437184	4356	0	0	37506	0	
14155776	14155776	4565372	4565380	9437184	31372	9099380	9437184	31372	0	0	70688	0	
14155776	14155776	4565356	4565396	9437184	6796	9123956	9437184	6796	0	0	44535	0	
14155776	14155776	4565352	4565400	9437184	14188	9116564	9437184	14188	0	0	51217	0	
14155776	14155776	4565340	4565412	9437184	4496	9126256	9437184	4496	0	0	38077	0	
14155776	14155776	4565372	4565380	9437184	31372	9099380	9437184	31372	0	0	70802	0	
14155776	14155776	4565316	4565436	9437184	6676	9124076	9437184	6676	0	0	40442	0	
14155776	14155776	4565364	4565388	9437184	14188	9116564	9437184	14188	0	0	50608	0	
14155776	14155776	4565328	4565424	9437184	4216	9126536	9437184	4216	0	0	37446	0	
14155776	14155776	4564944	4565808	9437184	32432	9098320	9437184	32432	0	0	71370	0	
14155776	14155776	4565328	4565424	9437184	5216	9125536	9437184	5216	0	0	39013	0	
14155776	14155776	4565352	4565400	9437184	14188	9116564	9437184	14188	0	0	51093	0	
14155776	14155776	4565328	4565424	9437184	3796	9126956	9437184	3796	0	0	37133	0	
14155776	14155776	4565372	4565380	9437184	31372	9099380	9437184	31372	0	0	70416	0	
14155776	14155776	4565356	4565396	9437184	6796	9123956	9437184	6796	0	0	40411	0	
14155776	14155776	4565352	4565400	9437184	14188	9116564	9437184	14188	0	0	51479	0	
14155776	14155776	4565328	4565424	9437184	4356	9126396	9437184	4356	0	0	41058	0	
14155776	14155776	4565372	4565380	9437184	31372	9099380	9437184	31372	0	0	73185	0	
14155776	14155776	4565356	4565396	9437184	6796	9123956	9437184	6796	0	0	42640	0	
14155776	14155776	4565352	4565400	9437184	14188	9116564	9437184	14188	0	0	53311	0	
14155776	14155776	4565340	4565412	9437184	4496	9126256	9437184	4496	0	0	39906	0	
14155776	14155776	4565372	4565380	9437184	31372	9099380	9437184	31372	0	0	73207	0	
14155776	14155776	4565316	4565436	9437184	6676	9124076	9437184	6676	0	0	42356	0	
14155776	14155776	4565364	4565388	9437184	14188	9116564	9437184	14188	0	0	53533	0	
14155776	14155776	4565328	4565424	9437184	4216	9126536	9437184	4216	0	0	39264	0	
14155776	14155776	4564944	4565808	9437184	32432	9098320	9437184	32432	0	0	73391	0	
14155776	14155776	4565328	4565424	9437184	5216	9125536	9437184	5216	0	0	40596	0	
14155776	14155776	4565352	4565400	9437184	14188	9116564	9437184	14188	0	0	53517	0	
14155776	14155776	4565328	4565424	9437184	3796	9126956	9437184	3796	0	0	38970	0	
14155776	14155776	4565372	4565380	9437184	31372	9099380	9437184	31372	0	0	73479	0	
14155776	14155776	4565356	4565396	9437184	6796	9123956	9437184	6796	0	0	43194	0	
14155776	14155776	4565352	4565400	9437184	14188	9116564	9437184	14188	0	0	53383	0	
14155776	14155776	4565328	4565424	9437184	4356	9126396	9437184	4356	0	0	39797	0	
14155776	14155776	4565372	4565380	9437184	31372	9099380	9437184	31372	0	0	73529	0	
14155776	14155776	4565356	4565396	9437184	6796	9123956	9437184	6796	0	0	42578	0	
14155776	14155776	4565352	4565400	9437184	14188	9116564	9437184	14188	0	0	52689	0	
14155776	14155776	4565340	4565412	9437184	4496	9126256	9437184	4496	0	0	39833	0	
14155776	14155776	4565372	4565380	9437184	31372	9099380	9437184	31372	0	0	73059	0	
14155776	14155776	4565316	4565436	9437184	6676	9124076	9437184	6676	0	0	42300	0	
14155776	14155776	4565364	4565388	9437184	14188	9116564	9437184	14188	0	0	53215	0	
14155776	14155776	4565328	4565424	9437184	4216	9126536	9437184	4216	0	0	39326	0	
14155776	14155776	4564944	4565808	9437184	32432	9098320	9437184	32432	0	0	73741	0	
14155776	14155776	4565328	4565424	9437184	5216	9125536	9437184	5216	0	0	40930	0	
14155776	14155776	4565352	4565400	9437184	14188	9116564	9437184	14188	0	0	53198	0	
14155776	14155776	4565328	4565424	9437184	3796	9126956	9437184	3796	0	0	38772	0	
14155776	14155776	4565372	4565380	9437184	31372	9099380	9437184	31372	0	0	74017	0	
14155776	14155776	4565356	4565396	9437184	6796	9123956	9437184	6796	0	0	42493	0	
14155776	14155776	4565352	4565400	9437184	14188	9116564	9437184	14188	0	0	52553	0	
14155776	14155776	4565328	4565424	9437184	4356	9126396	9437184	4356	0	0	39481	0	
14155776	14155776	4565372	4565380	9437184	31372	9099380	9437184	31372	0	0	73366	0	
14155776	14155776	4565356	4565396	9437184	6796	9123956	9437184	6796	0	0	42250	0	
14155776	14155776	4565352	4565400	9437184	14188	9116564	9437184	14188	0	0	53006	0	
14155776	14155776	4565340	4565412	9437184	4496	9126256	9437184	4496	0	0	39644	0	
14155776	14155776	4565372	4565380	9437184	31372	9099380	9437184	31372	0	0	73460	0	
14155776	14155776	4565316	4565436	9437184	6676	9124076	9437184	6676	0	0	63428	0	
14155776	14155776	4565364	4565388	9437184	14188	9116564	9437184	14188	0	0	52688	0	
14155776	14155776	4565328	4565424	9437184	4216	9126536	9437184	4216	0	0	39330	0	
14155776	14155776	4564944	4565808	9437184	32432	9098320	9437184	32432	0	0	74094	0	
14155776	14155776	4565328	4565424	9437184	5216	9125536	9437184	5216	0	0	40592	0	
14155776	14155776	4565352	4565400	9437184	14188	9116564	9437184	14188	0	0	53069	0	
14155776	14155776	4565328	4565424	9437184	3796	9126956	9437184	3796	0	0	38654	0	
14155776	14155776	4565372	4565380	9437184	31372	9099380	9437184	31372	0	0	73631	0	
14155776	14155776	4565356	4565396	9437184	6796	9123956	9437184	6796	0	0	42096	0	
14155776	14155776	4565352	4565400	9437184	14188	9116564	9437184	14188	0	0	52478	0	
14155776	14155776	4565328	4565424	9437184	4356	9126396	9437184	4356	0	0	39286	0	
14155776	14155776	4565372	4565380	9437184	31372	9099380	9437184	31372	0	0	72895	0	
14155776	14155776	4565356	4565396	9437184	6796	9123956	9437184	6796	0	0	42458	0	
14155776	14155776	4565352	4565400	9437184	14188	9116564	9437184	14188	0	0	52944	0	
14155776	14155776	4565340	4565412	9437184	4496	9126256	9437184	4496	0	0	39791	0	
14155776	14155776	4565372	4565380	9437184	31372	9099380	9437184	31372	0	0	72863	0	
14155776	14155776	4565316	4565436	9437184	6676	9124076	9437184	6676	0	0	42589	0	
14155776	14155776	4565364	4565388	9437184	14188	9116564	9437184	14188	0	0	53398	0	
14155776	14155776	4565328	4565424	9437184	4216	9126536	9437184	4216	0	0	39807	0	
14155776	14155776	4564944	4565808	9437184	32432	9098320	9437184	32432	0	0	74099	0	
14155776	14155776	4565328	4565424	9437184	5216	9125536	9437184	5216	0	0	40663	0	
14155776	14155776	4565352	4565400	9437184	14188	9116564	9437184	14188	0	0	53339	0	
14155776	14155776	4565328	4565424	9437184	3796	9126956	9437184	3796	0	0	39102	0	
14155776	14155776	4565372	4565380	9437184	31372	9099380	9437184	31372	0	0	74093	0	
14155776	14155776	4565356	4565396	9437184	6796	9123956	9437184	6796	0	0	42437	0	
14155776	14155776	4565352	4565400	9437184	14188	9116564	9437184	14188	0	0	54484	0	
14155776	14155776	4565328	4565424	9437184	4356	9126396	9437184	4356	0	0	40326	0	
14155776	14155776	4565372	4565380	9437184	31372	9099380	9437184	31372	0	0	75319	0	
14155776	14155776	4565356	4565396	9437184	6796	9123956	9437184	6796	0	0	43695	0	
14155776	14155776	4565352	4565400	9437184	14188	9116564	9437184	14188	0	0	54255	0	
14155776	14155776	4565340	4565412	9437184	4496	9126256	9437184	4496	0	0	40474	0	
14155776	14155776	4565372	4565380	9437184	31372	9099380	9437184	31372	0	0	97805	0	
14155776	14155776	4565316	4565436	9437184	6676	9124076	9437184	6676	0	0	43204	0	
14155776	14155776	4565364	4565388	9437184	14188	9116564	9437184	14188	0	0	54443	0	
14155776	14155776	4565328	4565424	9437184	4216	9126536	9437184	4216	0	0	40092	0	
14155776	14155776	4564944	4565808	9437184	32432	9098320	9437184	32432	0	0	75876	0	
14155776	14155776	4565328	4565424	9437184	5216	9125536	9437184	5216	0	0	42273	0	
14155776	14155776	4565352	4565400	9437184	14188	9116564	9437184	14188	0	0	53807	0	
14155776	14155776	4565328	4565424	9437184	3796	9126956	9437184	3796	0	0	39367	0	
14155776	14155776	4565372	4565380	9437184	31372	9099380	9437184	31372	0	0	75138	0	
14155776	14155776	4565356	4565396	9437184	6796	9123956	9437184	6796	0	0	43082	0	
14155776	14155776	4565352	4565400	9437184	14188	9116564	9437184	14188	0	0	54029	0	
14155776	14155776	4565328	4565424	9437184	4356	9126396	9437184	4356	0	0	40261	0	
14155776	14155776	4565372	4565380	9437184	31372	9099380	9437184	31372	0	0	74890	0	
14155776	14155776	4565356	4565396	9437184	6796	9123956	9437184	6796	0	0	43208	0	
14155776	14155776	4565352	4565400	9437184	14188	9116564	9437184	14188	0	0	54466	0	
14155776	14155776	4565340	4565412	9437184	4496	9126256	9437184	4496	0	0	40393	0	
14155776	14155776	4565372	4565380	9437184	31372	9099380	9437184	31372	0	0	75255	0	
14155776	14155776	4565316	4565436	9437184	6676	9124076	9437184	6676	0	0	43705	0	
14155776	14155776	4565364	4565388	9437184	14188	9116564	9437184	14188	0	0	54558	0	
14155776	14155776	4565328	4565424	9437184	4216	9126536	9437184	4216	0	0	40017	0	
14155776	14155776	4564944	4565808	9437184	32432	9098320	9437184	32432	0	0	75898	0	
14155776	14155776	4565328	4565424	9437184	5216	9125536	9437184	5216	0	0	42173	0	
14155776	14155776	4565352	4565400	9437184	14188	9116564	9437184	14188	0	0	54370	0	
14155776	14155776	4565328	4565424	9437184	3796	9126956	9437184	3796	0	0	39335	0	
14155776	14155776	4565372	4565380	9437184	31372	9099380	9437184	31372	0	0	75383	0	
14155776	14155776	4565356	4565396	9437184	6796	9123956	9437184	6796	0	0	43104	0	
14155776	14155776	4565352	4565400	9437184	14188	9116564	9437184	14188	0	0	54278	0	
14155776	14155776	4565328	4565424	9437184	4356	9126396	9437184	4356	0	0	40328	0	
14155776	14155776	4565372	4565380	9437184	31372	9099380	9437184	31372	0	0	75763	0	
14155776	14155776	4565356	4565396	9437184	6796	9123956	9437184	6796	0	0	43657	0	
14155776	14155776	4565352	4565400	9437184	14188	9116564	9437184	14188	0	0	54471	0	
14155776	14155776	4565340	4565412	9437184	4496	9126256	9437184	4496	0	0	40930	0	
14155776	14155776	4565372	4565380	9437184	31372	9099380	9437184	31372	0	0	75173	0	
14155776	14155776	4565316	4565436	9437184	6676	9124076	9437184	6676	0	0	43265	0	
14155776	14155776	4565364	4565388	9437184	14188	9116564	9437184	14188	0	0	54902	0	
14155776	14155776	4565328	4565424	9437184	4216	9126536	9437184	4216	0	0	40220	0	
14155776	14155776	4564944	4565808	9437184	32432	9098320	9437184	32432	0	0	74969	0	
14155776	14155776	4565328	4565424	9437184	5216	9125536	9437184	5216	0	0	41438	0	
14155776	14155776	4565352	4565400	9437184	14188	9116564	9437184	14188	0	0	54006	0	
14155776	14155776	4565328	4565424	9437184	3796	9126956	9437184	3796	0	0	39719	0	
14155776	14155776	4565372	4565380	9437184	31372	9099380	9437184	31372	0	0	73333	0	
14155776	14155776	4565356	4565396	9437184	6796	9123956	9437184	6796	0	0	41722	0	
14155776	14155776	4565352	4565400	9437184	14188	9116564	9437184	14188	0	0	52922	0	
14155776	14155776	4565328	4565424	9437184	4356	9126396	9437184	4356	0	0	39178	0	
14155776	14155776	4565372	4565380	9437184	31372	9099380	9437184	31372	0	0	72792	0	
14155776	14155776	4565356	4565396	9437184	6796	9123956	9437184	6796	0	0	42269	0	
14155776	14155776	4565352	4565400	9437184	14188	9116564	9437184	14188	0	0	53149	0	
14155776	14155776	4565340	4565412	9437184	4496	9126256	9437184	4496	0	0	39656	0	
14155776	14155776	4565372	4565380	9437184	31372	9099380	9437184	31372	0	0	73414	0	
14155776	14155776	4565316	4565436	9437184	6676	9124076	9437184	6676	0	0	42667	0	
14155776	14155776	4565364	4565388	9437184	14188	9116564	9437184	14188	0	0	53279	0	
14155776	14155776	4565328	4565424	9437184	4216	9126536	9437184	4216	0	0	39538	0	
14155776	14155776	4564944	4565808	9437184	32432	9098320	9437184	32432	0	0	74039	0	
14155776	14155776	4565328	4565424	9437184	5216	9125536	9437184	5216	0	0	40895	0	
14155776	14155776	4565352	4565400	9437184	14188	9116564	9437184	14188	0	0	53065	0	
14155776	14155776	4565328	4565424	9437184	3796	9126956	9437184	3796	0	0	38786	0	
14155776	14155776	4565372	4565380	9437184	31372	9099380	9437184	31372	0	0	73466	0	
14155776	14155776	4565356	4565396	9437184	6796	9123956	9437184	6796	0	0	41890	0	
14155776	14155776	4565352	4565400	9437184	14188	9116564	9437184	14188	0	0	53330	0	
14155776	14155776	4565328	4565424	9437184	4356	9126396	9437184	4356	0	0	38989	0	
14155776	14155776	4565372	4565380	9437184	31372	9099380	9437184	31372	0	0	73612	0	
14155776	14155776	4565356	4565396	9437184	6796	9123956	9437184	6796	0	0	42604	0	
14155776	14155776	4565352	4565400	9437184	14188	9116564	9437184	14188	0	0	52662	0	
14155776	14155776	4565340	4565412	9437184	4496	9126256	9437184	4496	0	0	40256	0	
14155776	14155776	4565372	4565380	9437184	31372	9099380	9437184	31372	0	0	73143	0	
14155776	14155776	4565316	4565436	9437184	6676	9124076	9437184	6676	0	0	42717	0	
14155776	14155776	4565364	4565388	9437184	14188	9116564	9437184	14188	0	0	52948	0	
14155776	14155776	4565328	4565424	9437184	4216	9126536	9437184	4216	0	0	39297	0	
14155776	14155776	4564944	4565808	9437184	32432	9098320	9437184	32432	0	0	74244	0	
14155776	14155776	4565328	4565424	9437184	5216	9125536	9437184	5216	0	0	40658	0	
14155776	14155776	4565352	4565400	9437184	14188	9116564	9437184	14188	0	0	52872	0	
14155776	14155776	4565328	4565424	9437184	3796	9126956	9437184	3796	0	0	38776	0	
14155776	14155776	4565372	4565380	9437184	31372	9099380	9437184	31372	0	0	73324	0	
14155776	14155776	4565356	4565396	9437184	6796	9123956	9437184	6796	0	0	42260	0	
14155776	14155776	4565352	4565400	9437184	14188	9116564	9437184	14188	0	0	53466	0	
14155776	14155776	4565328	4565424	9437184	4356	9126396	9437184	4356	0	0	39132	0	
14155776	14155776	4565372	4565380	9437184	31372	9099380	9437184	31372	0	0	73715	0	
14155776	14155776	4565356	4565396	9437184	6796	9123956	9437184	6796	0	0	42248	0	
14155776	14155776	4565352	4565400	9437184	14188	9116564	9437184	14188	0	0	53374	0	
14155776	14155776	4565340	4565412	9437184	4496	9126256	9437184	4496	0	0	39658	0	
14155776	14155776	4565372	4565380	9437184	31372	9099380	9437184	31372	0	0	72992	0	
14155776	14155776	4565316	4565436	9437184	6676	9124076	9437184	6676	0	0	42132	0	
14155776	14155776	4565364	4565388	9437184	14188	9116564	9437184	14188	0	0	52544	0	
14155776	14155776	4565328	4565424	9437184	4216	9126536	9437184	4216	0	0	39203	0	
14155776	14155776	4564944	4565808	9437184	32432	9098320	9437184	32432	0	0	74364	0	
14155776	14155776	4565328	4565424	9437184	5216	9125536	9437184	5216	0	0	40661	0	
14155776	14155776	4565352	4565400	9437184	14188	9116564	9437184	14188	0	0	53927	0	
14155776	14155776	4565328	4565424	9437184	3796	9126956	9437184	3796	0	0	39727	0	
14155776	14155776	4565372	4565380	9437184	31372	9099380	9437184	31372	0	0	75593	0	
14155776	14155776	4565356	4565396	9437184	6796	9123956	9437184	6796	0	0	43908	0	
14155776	14155776	4565352	4565400	9437184	14188	9116564	9437184	14188	0	0	54342	0	
14155776	14155776	4565328	4565424	9437184	4356	9126396	9437184	4356	0	0	40052	0	
14155776	14155776	4565372	4565380	9437184	31372	9099380	9437184	31372	0	0	75172	0	
14155776	14155776	4565356	4565396	9437184	6796	9123956	9437184	6796	0	0	43088	0	
14155776	14155776	4565352	4565400	9437184	14188	9116564	9437184	14188	0	0	53959	0	
14155776	14155776	4565340	4565412	9437184	4496	9126256	9437184	4496	0	0	40404	0	
14155776	14155776	4565372	4565380	9437184	31372	9099380	9437184	31372	0	0	74649	0	
14155776	14155776	4565316	4565436	9437184	6676	9124076	9437184	6676	0	0	43054	0	
14155776	14155776	4565364	4565388	9437184	14188	9116564	9437184	14188	0	0	54204	0	
14155776	14155776	4565328	4565424	9437184	4216	9126536	9437184	4216	0	0	40381	0	
14155776	14155776	4564944	4565808	9437184	32432	9098320	9437184	32432	0	0	75592	0	
14155776	14155776	4565328	4565424	9437184	5216	9125536	9437184	5216	0	0	41776	0	
14155776	14155776	4565352	4565400	9437184	14188	9116564	9437184	14188	0	0	54453	0	
14155776	14155776	4565328	4565424	9437184	3796	9126956	9437184	3796	0	0	39267	0	
14155776	14155776	4565372	4565380	9437184	31372	9099380	9437184	31372	0	0	75174	0	
14155776	14155776	4565356	4565396	9437184	6796	9123956	9437184	6796	0	0	42903	0	
14155776	14155776	4565352	4565400	9437184	14188	9116564	9437184	14188	0	0	53953	0	
14155776	14155776	4565328	4565424	9437184	4356	9126396	9437184	4356	0	0	40039	0	
14155776	14155776	4565372	4565380	9437184	31372	9099380	9437184	31372	0	0	74511	0	
14155776	14155776	4565356	4565396	9437184	6796	9123956	9437184	6796	0	0	42928	0	
14155776	14155776	4565352	4565400	9437184	14188	9116564	9437184	14188	0	0	53833	0	
14155776	14155776	4565340	4565412	9437184	4496	9126256	9437184	4496	0	0	44190	0	
14155776	14155776	4565372	4565380	9437184	31372	9099380	9437184	31372	0	0	74638	0	
14155776	14155776	4565316	4565436	9437184	6676	9124076	9437184	6676	0	0	43375	0	
14155776	14155776	4565364	4565388	9437184	14188	9116564	9437184	14188	0	0	53242	0	
14155776	14155776	4565328	4565424	9437184	4216	9126536	9437184	4216	0	0	39589	0	
14155776	14155776	4564944	4565808	9437184	32432	9098320	9437184	32432	0	0	75128	0	
14155776	14155776	4565328	4565424	9437184	5216	9125536	9437184	5216	0	0	41427	0	
14155776	14155776	4565352	4565400	9437184	14188	9116564	9437184	14188	0	0	54547	0	
14155776	14155776	4565328	4565424	9437184	3796	9126956	9437184	3796	0	0	39632	0	
14155776	14155776	4565372	4565380	9437184	31372	9099380	9437184	31372	0	0	74817	0	
14155776	14155776	4565356	4565396	9437184	6796	9123956	9437184	6796	0	0	43027	0	
14155776	14155776	4565352	4565400	9437184	14188	9116564	9437184	14188	0	0	54194	0	
14155776	14155776	4565328	4565424	9437184	4356	9126396	9437184	4356	0	0	40695	0	
14155776	14155776	4565372	4565380	9437184	31372	9099380	9437184	31372	0	0	74867	0	
14155776	14155776	4565356	4565396	9437184	6796	9123956	9437184	6796	0	0	43112	0	
14155776	14155776	4565352	4565400	9437184	14188	9116564	9437184	14188	0	0	54152	0	
14155776	14155776	4565340	4565412	9437184	4496	9126256	9437184	4496	0	0	40405	0	
14155776	14155776	4565372	4565380	9437184	31372	9099380	9437184	31372	0	0	74369	0	
14155776	14155776	4565316	4565436	9437184	6676	9124076	9437184	6676	0	0	43167	0	
14155776	14155776	4565364	4565388	9437184	14188	9116564	9437184	14188	0	0	54477	0	
14155776	14155776	4565328	4565424	9437184	4216	9126536	9437184	4216	0	0	40153	0	
14155776	14155776	4564944	4565808	9437184	32432	9098320	9437184	32432	0	0	75456	0	
14155776	14155776	4565328	4565424	9437184	5216	9125536	9437184	5216	0	0	41882	0	
14155776	14155776	4565352	4565400	9437184	14188	9116564	9437184	14188	0	0	54547	0	
14155776	14155776	4565328	4565424	9437184	3796	9126956	9437184	3796	0	0	39335	0	
14155776	14155776	4565372	4565380	9437184	31372	9099380	9437184	31372	0	0	75119	0	
14155776	14155776	4565356	4565396	9437184	6796	9123956	9437184	6796	0	0	43213	0	
14155776	14155776	4565352	4565400	9437184	14188	9116564	9437184	14188	0	0	54336	0	
14155776	14155776	4565328	4565424	9437184	4356	9126396	9437184	4356	0	0	40194	0	
14155776	14155776	4565372	4565380	9437184	31372	9099380	9437184	31372	0	0	74975	0	
14155776	14155776	4565356	4565396	9437184	6796	9123956	9437184	6796	0	0	43133	0	
14155776	14155776	4565352	4565400	9437184	14188	9116564	9437184	14188	0	0	53681	0	
14155776	14155776	4565340	4565412	9437184	4496	9126256	9437184	4496	0	0	40258	0	
14155776	14155776	4565372	4565380	9437184	31372	9099380	9437184	31372	0	0	74901	0	
14155776	14155776	4565316	4565436	9437184	6676	9124076	9437184	6676	0	0	42768	0	
14155776	14155776	4565364	4565388	9437184	14188	9116564	9437184	14188	0	0	54091	0	
14155776	14155776	4565328	4565424	9437184	4216	9126536	9437184	4216	0	0	40359	0	
14155776	14155776	4564944	4565808	9437184	32432	9098320	9437184	32432	0	0	75185	0	
14155776	14155776	4565328	4565424	9437184	5216	9125536	9437184	5216	0	0	41213	0	
14155776	14155776	4565352	4565400	9437184	14188	9116564	9437184	14188	0	0	53850	0	
14155776	14155776	4565328	4565424	9437184	3796	9126956	9437184	3796	0	0	39150	0	
14155776	14155776	4565372	4565380	9437184	31372	9099380	9437184	31372	0	0	74571	0	
14155776	14155776	4565356	4565396	9437184	6796	9123956	9437184	6796	0	0	43067	0	
14155776	14155776	4565352	4565400	9437184	14188	9116564	9437184	14188	0	0	53620	0	
14155776	14155776	4565328	4565424	9437184	4356	9126396	9437184	4356	0	0	39054	0	
14155776	14155776	4565372	4565380	9437184	31372	9099380	9437184	31372	0	0	73302	0	
14155776	14155776	4565356	4565396	9437184	6796	9123956	9437184	6796	0	0	42155	0	
14155776	14155776	4565352	4565400	9437184	14188	9116564	9437184	14188	0	0	52619	0	
14155776	14155776	4565340	4565412	9437184	4496	9126256	9437184	4496	0	0	39408	0	
14155776	14155776	4565372	4565380	9437184	31372	9099380	9437184	31372	0	0	73019	0	
14155776	14155776	4565316	4565436	9437184	6676	9124076	9437184	6676	0	0	42324	0	
14155776	14155776	4565364	4565388	9437184	14188	9116564	9437184	14188	0	0	53320	0	
14155776	14155776	4565328	4565424	9437184	4216	9126536	9437184	4216	0	0	39417	0	
14155776	14155776	4564944	4565808	9437184	32432	9098320	9437184	32432	0	0	74004	0	
14155776	14155776	4565328	4565424	9437184	5216	9125536	9437184	5216	0	0	40620	0	
14155776	14155776	4565352	4565400	9437184	14188	9116564	9437184	14188	0	0	52906	0	
14155776	14155776	4565328	4565424	9437184	3796	9126956	9437184	3796	0	0	38353	0	
14155776	14155776	4565372	4565380	9437184	31372	9099380	9437184	31372	0	0	73528	0	
14155776	14155776	4565356	4565396	9437184	6796	9123956	9437184	6796	0	0	42275	0	
14155776	14155776	4565352	4565400	9437184	14188	9116564	9437184	14188	0	0	52823	0	
14155776	14155776	4565328	4565424	9437184	4356	9126396	9437184	4356	0	0	50629	0	
14155776	14155776	4565372	4565380	9437184	31372	9099380	9437184	31372	0	0	72953	0	
14155776	14155776	4565356	4565396	9437184	6796	9123956	9437184	6796	0	0	42009	0	
14155776	14155776	4565352	4565400	9437184	14188	9116564	9437184	14188	0	0	52992	0	
14155776	14155776	4565340	4565412	9437184	4496	9126256	9437184	4496	0	0	39638	0	
14155776	14155776	4565372	4565380	9437184	31372	9099380	9437184	31372	0	0	73433	0	
14155776	14155776	4565316	4565436	9437184	6676	9124076	9437184	6676	0	0	42150	0	
