b_initial_y_size_0	b_max_y_size_1	b_used_2	b_available_3	b_committed_4	a_used_5	a_available_6	a_committed_7	a_survived_8	a_promoted_9	a_copied_10	a_time_in_ns_11	promotion_rate_12
12582912	12582912	4058024	4058200	8388608	49640	8066584	8388608	71008	49668	0	137827	68	
12582912	12582912	4058000	4058224	8388608	32276	8083948	8388608	36400	4124	0	96597	19	
12582912	12582912	4058064	4058160	8388608	11028	8105196	8388608	11028	0	0	57002	0	
12582912	12582912	4058064	4058160	8388608	15656	8100568	8388608	15656	0	0	63015	0	
12582912	12582912	4058052	4058172	8388608	7996	8108228	8388608	9464	1468	0	52925	9	
12582912	12582912	4058016	4058208	8388608	31448	8084776	8388608	31448	0	0	79099	0	
12582912	12582912	4058092	4058132	8388608	14420	8101804	8388608	14420	0	0	56706	0	
12582912	12582912	4058100	4058124	8388608	1360	8114864	8388608	1360	0	0	39405	0	
12582912	12582912	4058064	4058160	8388608	14188	8102036	8388608	14188	0	0	56693	0	
12582912	12582912	4058052	4058172	8388608	8528	8107696	8388608	8528	0	0	50205	0	
12582912	12582912	4058016	4058208	8388608	36400	8079824	8388608	32816	672	0	93635	7	
12582912	12582912	4058096	4058128	8388608	9480	8106744	8388608	9480	0	0	48709	0	
12582912	12582912	4058104	4058120	8388608	260	8115964	8388608	260	0	0	37841	0	
12582912	12582912	4058064	4058160	8388608	14188	8102036	8388608	14188	0	0	55697	0	
12582912	12582912	4058064	4058160	8388608	8276	8107948	8388608	8276	0	0	45906	0	
12582912	12582912	4058016	4058208	8388608	31448	8084776	8388608	31448	0	0	85312	0	
12582912	12582912	4058020	4058204	8388608	14208	8102016	8388608	14208	0	0	55817	0	
12582912	12582912	4058024	4058200	8388608	1396	8114828	8388608	1396	0	0	53314	0	
12582912	12582912	4058064	4058160	8388608	14188	8102036	8388608	14740	552	0	66514	39	
12582912	12582912	4058064	4058160	8388608	8276	8107948	8388608	8276	0	0	48690	0	
12582912	12582912	4058016	4058208	8388608	31448	8084776	8388608	31448	0	0	111647	0	
12582912	12582912	4058020	4058204	8388608	14208	8102016	8388608	14208	0	0	52368	0	
12582912	12582912	4058100	4058124	8388608	1360	8114864	8388608	1360	0	0	37438	0	
12582912	12582912	4058064	4058160	8388608	14188	8102036	8388608	14188	0	0	54138	0	
12582912	12582912	4058064	4058160	8388608	8416	8107808	8388608	8416	0	0	46018	0	
12582912	12582912	4058016	4058208	8388608	31448	8084776	8388608	31448	0	0	104809	0	
12582912	12582912	4058092	4058132	8388608	14420	8101804	8388608	14420	0	0	55856	0	
12582912	12582912	4058024	4058200	8388608	1904	8114320	8388608	1904	0	0	39931	0	
12582912	12582912	4058072	4058152	8388608	14188	8102036	8388608	15136	948	0	61837	49	
12582912	12582912	4058004	4058220	8388608	8836	8107388	8388608	8836	0	0	46530	0	
12582912	12582912	4057796	4058428	8388608	31564	8084660	8388608	31564	0	0	75063	0	
12582912	12582912	4058024	4058200	8388608	14784	8101440	8388608	14784	0	0	55561	0	
12582912	12582912	4058096	4058128	8388608	1696	8114528	8388608	1864	168	0	40184	1	
12582912	12582912	4058072	4058152	8388608	14188	8102036	8388608	14188	0	0	54831	0	
12582912	12582912	4058004	4058220	8388608	9132	8107092	8388608	9132	0	0	49639	0	
12582912	12582912	4058084	4058140	8388608	31972	8084252	8388608	31972	0	0	78568	0	
12582912	12582912	4058024	4058200	8388608	14324	8101900	8388608	14924	600	0	56852	1	
12582912	12582912	4058096	4058128	8388608	1756	8114468	8388608	1756	0	0	39028	0	
12582912	12582912	4058072	4058152	8388608	14188	8102036	8388608	14188	0	0	53852	0	
12582912	12582912	4058004	4058220	8388608	9116	8107108	8388608	9116	0	0	45560	0	
12582912	12582912	4057480	4058744	8388608	31736	8084488	8388608	31736	0	0	74735	0	
12582912	12582912	4058068	4058156	8388608	14792	8101432	8388608	14792	0	0	51821	0	
12582912	12582912	4058040	4058184	8388608	1832	8114392	8388608	1832	0	0	38437	0	
12582912	12582912	4058072	4058152	8388608	14188	8102036	8388608	14188	0	0	53386	0	
12582912	12582912	4058004	4058220	8388608	9116	8107108	8388608	9116	0	0	45918	0	
12582912	12582912	4057480	4058744	8388608	31736	8084488	8388608	31736	0	0	74691	0	
12582912	12582912	4058068	4058156	8388608	14792	8101432	8388608	14792	0	0	51430	0	
12582912	12582912	4058028	4058196	8388608	1832	8114392	8388608	1832	0	0	36622	0	
12582912	12582912	4058072	4058152	8388608	14188	8102036	8388608	14188	0	0	53708	0	
12582912	12582912	4058004	4058220	8388608	9116	8107108	8388608	9116	0	0	45275	0	
12582912	12582912	4057480	4058744	8388608	31736	8084488	8388608	31736	0	0	74141	0	
12582912	12582912	4058068	4058156	8388608	14792	8101432	8388608	14792	0	0	51474	0	
12582912	12582912	4058028	4058196	8388608	1832	8114392	8388608	1832	0	0	36894	0	
12582912	12582912	4058072	4058152	8388608	14188	8102036	8388608	14188	0	0	53266	0	
12582912	12582912	4058004	4058220	8388608	8976	8107248	8388608	8976	0	0	45374	0	
12582912	12582912	4057476	4058748	8388608	48108	8068116	8388608	31736	0	0	109216	0	
12582912	12582912	4058024	4058200	8388608	2320	8113904	8388608	2320	0	0	37495	0	
12582912	12582912	4058072	4058152	8388608	14188	8102036	8388608	14188	0	0	52753	0	
12582912	12582912	4058004	4058220	8388608	9312	8106912	8388608	9312	0	0	49147	0	
12582912	12582912	4058112	4058112	8388608	56	8116168	8388608	112	56	0	37697	0	
12582912	12582912	4057548	4058676	8388608	31680	8084544	8388608	31708	28	0	77729	50	
12582912	12582912	4058024	4058200	8388608	11696	8104528	8388608	11696	0	0	48835	0	
12582912	12582912	4058024	4058200	8388608	1240	8114984	8388608	1240	0	0	36025	0	
12582912	12582912	4058072	4058152	8388608	14188	8102036	8388608	14188	0	0	54477	0	
12582912	12582912	4058004	4058220	8388608	8976	8107248	8388608	8976	0	0	45244	0	
12582912	12582912	4058112	4058112	8388608	16	8116208	8388608	16	0	0	33972	0	
12582912	12582912	4057796	4058428	8388608	31508	8084716	8388608	31508	0	0	73938	0	
12582912	12582912	4058088	4058136	8388608	11524	8104700	8388608	11524	0	0	48366	0	
12582912	12582912	4058024	4058200	8388608	1240	8114984	8388608	1240	0	0	35417	0	
12582912	12582912	4058072	4058152	8388608	14188	8102036	8388608	14188	0	0	52995	0	
12582912	12582912	4058004	4058220	8388608	8976	8107248	8388608	8976	0	0	45003	0	
12582912	12582912	4057796	4058428	8388608	31564	8084660	8388608	31564	0	0	73886	0	
12582912	12582912	4058088	4058136	8388608	14736	8101488	8388608	14736	0	0	51625	0	
12582912	12582912	4058040	4058184	8388608	1832	8114392	8388608	1832	0	0	36554	0	
12582912	12582912	4058072	4058152	8388608	14188	8102036	8388608	14188	0	0	53249	0	
12582912	12582912	4058004	4058220	8388608	9116	8107108	8388608	9116	0	0	45068	0	
12582912	12582912	4058112	4058112	8388608	28	8116196	8388608	28	0	0	32439	0	
12582912	12582912	4057536	4058688	8388608	31680	8084544	8388608	31680	0	0	72718	0	
12582912	12582912	4058036	4058188	8388608	11696	8104528	8388608	11696	0	0	47443	0	
12582912	12582912	4058024	4058200	8388608	1240	8114984	8388608	1240	0	0	34567	0	
12582912	12582912	4058072	4058152	8388608	14188	8102036	8388608	14188	0	0	52964	0	
12582912	12582912	4058004	4058220	8388608	8976	8107248	8388608	8976	0	0	44885	0	
12582912	12582912	4058112	4058112	8388608	28	8116196	8388608	28	0	0	32493	0	
12582912	12582912	4057548	4058676	8388608	31680	8084544	8388608	31680	0	0	72650	0	
12582912	12582912	4058024	4058200	8388608	11696	8104528	8388608	11696	0	0	46541	0	
12582912	12582912	4058024	4058200	8388608	1240	8114984	8388608	1240	0	0	34405	0	
12582912	12582912	4058072	4058152	8388608	14188	8102036	8388608	14188	0	0	52348	0	
12582912	12582912	4058004	4058220	8388608	8976	8107248	8388608	8976	0	0	44744	0	
12582912	12582912	4058112	4058112	8388608	16	8116208	8388608	16	0	0	32527	0	
12582912	12582912	4057796	4058428	8388608	31508	8084716	8388608	31508	0	0	72585	0	
12582912	12582912	4058088	4058136	8388608	11524	8104700	8388608	11524	0	0	46658	0	
12582912	12582912	4058024	4058200	8388608	1240	8114984	8388608	1240	0	0	34429	0	
12582912	12582912	4058072	4058152	8388608	14188	8102036	8388608	14188	0	0	51933	0	
12582912	12582912	4058004	4058220	8388608	8976	8107248	8388608	8976	0	0	44533	0	
12582912	12582912	4057796	4058428	8388608	31564	8084660	8388608	31564	0	0	72182	0	
12582912	12582912	4058088	4058136	8388608	14736	8101488	8388608	14736	0	0	49775	0	
12582912	12582912	4058040	4058184	8388608	1832	8114392	8388608	1832	0	0	35529	0	
12582912	12582912	4058072	4058152	8388608	14188	8102036	8388608	14188	0	0	52189	0	
12582912	12582912	4058004	4058220	8388608	9116	8107108	8388608	9116	0	0	44369	0	
12582912	12582912	4058112	4058112	8388608	28	8116196	8388608	28	0	0	31553	0	
12582912	12582912	4057536	4058688	8388608	37904	8078320	8388608	31680	0	0	84826	0	
12582912	12582912	4058100	4058124	8388608	6796	8109428	8388608	6796	0	0	41806	0	
12582912	12582912	4057480	4058744	8388608	14704	8101520	8388608	14704	0	0	53282	0	
12582912	12582912	4058004	4058220	8388608	9956	8106268	8388608	9956	0	0	45771	0	
12582912	12582912	4058112	4058112	8388608	84	8116140	8388608	84	0	0	32759	0	
12582912	12582912	4057536	4058688	8388608	31680	8084544	8388608	31680	0	0	71403	0	
12582912	12582912	4058036	4058188	8388608	11752	8104472	8388608	11752	0	0	49391	0	
12582912	12582912	4058072	4058152	8388608	1128	8115096	8388608	1184	56	0	40776	0	
12582912	12582912	4058072	4058152	8388608	14188	8102036	8388608	14188	0	0	52514	0	
12582912	12582912	4058004	4058220	8388608	8976	8107248	8388608	8976	0	0	43662	0	
12582912	12582912	4058112	4058112	8388608	28	8116196	8388608	28	0	0	32405	0	
12582912	12582912	4057536	4058688	8388608	31680	8084544	8388608	31680	0	0	72163	0	
12582912	12582912	4058024	4058200	8388608	11696	8104528	8388608	11696	0	0	46474	0	
12582912	12582912	4058024	4058200	8388608	1240	8114984	8388608	1240	0	0	34794	0	
12582912	12582912	4058072	4058152	8388608	14188	8102036	8388608	14188	0	0	51898	0	
12582912	12582912	4058004	4058220	8388608	8976	8107248	8388608	8976	0	0	44223	0	
12582912	12582912	4058112	4058112	8388608	28	8116196	8388608	28	0	0	31457	0	
12582912	12582912	4057796	4058428	8388608	31508	8084716	8388608	31508	0	0	71756	0	
12582912	12582912	4058088	4058136	8388608	11524	8104700	8388608	11524	0	0	46549	0	
12582912	12582912	4058036	4058188	8388608	1240	8114984	8388608	1240	0	0	35528	0	
12582912	12582912	4058072	4058152	8388608	14188	8102036	8388608	14188	0	0	52400	0	
12582912	12582912	4058004	4058220	8388608	8976	8107248	8388608	8976	0	0	44613	0	
12582912	12582912	4057796	4058428	8388608	31564	8084660	8388608	31564	0	0	72435	0	
12582912	12582912	4058088	4058136	8388608	14736	8101488	8388608	14736	0	0	50200	0	
12582912	12582912	4058040	4058184	8388608	1832	8114392	8388608	1832	0	0	35938	0	
12582912	12582912	4058072	4058152	8388608	14188	8102036	8388608	14188	0	0	51609	0	
12582912	12582912	4058004	4058220	8388608	9116	8107108	8388608	9116	0	0	43805	0	
12582912	12582912	4057480	4058744	8388608	31736	8084488	8388608	31736	0	0	72443	0	
12582912	12582912	4058068	4058156	8388608	14792	8101432	8388608	14792	0	0	50379	0	
12582912	12582912	4058040	4058184	8388608	1832	8114392	8388608	1832	0	0	35550	0	
12582912	12582912	4058072	4058152	8388608	14188	8102036	8388608	14188	0	0	52464	0	
12582912	12582912	4058004	4058220	8388608	9116	8107108	8388608	9116	0	0	43845	0	
12582912	12582912	4057480	4058744	8388608	31736	8084488	8388608	31736	0	0	71869	0	
12582912	12582912	4058068	4058156	8388608	14792	8101432	8388608	14792	0	0	49439	0	
12582912	12582912	4058028	4058196	8388608	1832	8114392	8388608	1832	0	0	34786	0	
12582912	12582912	4058072	4058152	8388608	14188	8102036	8388608	14188	0	0	51358	0	
12582912	12582912	4058004	4058220	8388608	9116	8107108	8388608	9116	0	0	43858	0	
12582912	12582912	4057480	4058744	8388608	31736	8084488	8388608	31736	0	0	71741	0	
12582912	12582912	4058068	4058156	8388608	14792	8101432	8388608	14792	0	0	49960	0	
12582912	12582912	4058028	4058196	8388608	1832	8114392	8388608	1832	0	0	35436	0	
12582912	12582912	4058072	4058152	8388608	14188	8102036	8388608	14188	0	0	51391	0	
12582912	12582912	4058004	4058220	8388608	8976	8107248	8388608	8976	0	0	43832	0	
12582912	12582912	4057476	4058748	8388608	48108	8068116	8388608	31736	0	0	104334	0	
12582912	12582912	4058024	4058200	8388608	2320	8113904	8388608	2320	0	0	35774	0	
12582912	12582912	4058072	4058152	8388608	14188	8102036	8388608	14188	0	0	51885	0	
12582912	12582912	4058004	4058220	8388608	9256	8106968	8388608	9256	0	0	43985	0	
12582912	12582912	4058112	4058112	8388608	28	8116196	8388608	28	0	0	31161	0	
12582912	12582912	4057548	4058676	8388608	31680	8084544	8388608	31680	0	0	71601	0	
12582912	12582912	4058024	4058200	8388608	11696	8104528	8388608	11696	0	0	46841	0	
12582912	12582912	4058024	4058200	8388608	1240	8114984	8388608	1240	0	0	34302	0	
12582912	12582912	4058072	4058152	8388608	14188	8102036	8388608	14188	0	0	52426	0	
12582912	12582912	4058004	4058220	8388608	8976	8107248	8388608	8976	0	0	43457	0	
12582912	12582912	4058112	4058112	8388608	16	8116208	8388608	16	0	0	32348	0	
12582912	12582912	4057796	4058428	8388608	31508	8084716	8388608	31508	0	0	71667	0	
12582912	12582912	4058088	4058136	8388608	11524	8104700	8388608	11524	0	0	46320	0	
12582912	12582912	4058024	4058200	8388608	1240	8114984	8388608	1240	0	0	33865	0	
12582912	12582912	4058072	4058152	8388608	14188	8102036	8388608	14188	0	0	51767	0	
12582912	12582912	4058004	4058220	8388608	8976	8107248	8388608	8976	0	0	43698	0	
12582912	12582912	4057796	4058428	8388608	31564	8084660	8388608	31564	0	0	72254	0	
12582912	12582912	4058088	4058136	8388608	14736	8101488	8388608	14736	0	0	49855	0	
12582912	12582912	4058040	4058184	8388608	1832	8114392	8388608	1832	0	0	36195	0	
12582912	12582912	4058072	4058152	8388608	14188	8102036	8388608	14188	0	0	52312	0	
12582912	12582912	4058004	4058220	8388608	9116	8107108	8388608	9116	0	0	44318	0	
12582912	12582912	4058112	4058112	8388608	28	8116196	8388608	28	0	0	31569	0	
12582912	12582912	4057536	4058688	8388608	31680	8084544	8388608	31680	0	0	71808	0	
12582912	12582912	4058036	4058188	8388608	11696	8104528	8388608	11696	0	0	46983	0	
12582912	12582912	4058024	4058200	8388608	1240	8114984	8388608	1240	0	0	34184	0	
12582912	12582912	4058072	4058152	8388608	14188	8102036	8388608	14188	0	0	51959	0	
12582912	12582912	4058004	4058220	8388608	8976	8107248	8388608	8976	0	0	43550	0	
12582912	12582912	4058112	4058112	8388608	28	8116196	8388608	28	0	0	31407	0	
12582912	12582912	4057548	4058676	8388608	31680	8084544	8388608	31680	0	0	71690	0	
12582912	12582912	4058024	4058200	8388608	11696	8104528	8388608	11696	0	0	46949	0	
12582912	12582912	4058024	4058200	8388608	1240	8114984	8388608	1240	0	0	34267	0	
12582912	12582912	4058072	4058152	8388608	14188	8102036	8388608	14188	0	0	51837	0	
12582912	12582912	4058004	4058220	8388608	8976	8107248	8388608	8976	0	0	44000	0	
12582912	12582912	4058112	4058112	8388608	16	8116208	8388608	16	0	0	31875	0	
12582912	12582912	4057796	4058428	8388608	31508	8084716	8388608	31508	0	0	71303	0	
12582912	12582912	4058088	4058136	8388608	11524	8104700	8388608	11524	0	0	46408	0	
12582912	12582912	4058024	4058200	8388608	1240	8114984	8388608	1240	0	0	34269	0	
12582912	12582912	4058072	4058152	8388608	14188	8102036	8388608	14188	0	0	52352	0	
12582912	12582912	4058004	4058220	8388608	8976	8107248	8388608	8976	0	0	44338	0	
12582912	12582912	4057796	4058428	8388608	31564	8084660	8388608	31564	0	0	72246	0	
12582912	12582912	4058088	4058136	8388608	14736	8101488	8388608	14736	0	0	50140	0	
12582912	12582912	4058040	4058184	8388608	1832	8114392	8388608	1832	0	0	35244	0	
12582912	12582912	4058072	4058152	8388608	14188	8102036	8388608	14188	0	0	51802	0	
12582912	12582912	4058004	4058220	8388608	9116	8107108	8388608	9116	0	0	44314	0	
12582912	12582912	4058112	4058112	8388608	28	8116196	8388608	28	0	0	32213	0	
12582912	12582912	4057536	4058688	8388608	31680	8084544	8388608	31680	0	0	72322	0	
12582912	12582912	4058036	4058188	8388608	11696	8104528	8388608	11696	0	0	46930	0	
12582912	12582912	4058024	4058200	8388608	1240	8114984	8388608	1240	0	0	33975	0	
12582912	12582912	4058072	4058152	8388608	14188	8102036	8388608	14188	0	0	51458	0	
12582912	12582912	4058004	4058220	8388608	8976	8107248	8388608	8976	0	0	43588	0	
12582912	12582912	4058112	4058112	8388608	28	8116196	8388608	28	0	0	31513	0	
12582912	12582912	4057548	4058676	8388608	31680	8084544	8388608	31680	0	0	71091	0	
12582912	12582912	4058024	4058200	8388608	11696	8104528	8388608	11696	0	0	47026	0	
12582912	12582912	4058024	4058200	8388608	1240	8114984	8388608	1240	0	0	34251	0	
12582912	12582912	4058072	4058152	8388608	14188	8102036	8388608	14188	0	0	52134	0	
12582912	12582912	4058004	4058220	8388608	8976	8107248	8388608	8976	0	0	43678	0	
12582912	12582912	4058112	4058112	8388608	16	8116208	8388608	16	0	0	31850	0	
12582912	12582912	4057796	4058428	8388608	41844	8074380	8388608	31508	0	0	95662	0	
12582912	12582912	4058088	4058136	8388608	3584	8112640	8388608	3584	0	0	37851	0	
12582912	12582912	4058072	4058152	8388608	14188	8102036	8388608	14188	0	0	51215	0	
12582912	12582912	4058004	4058220	8388608	9536	8106688	8388608	9536	0	0	44736	0	
12582912	12582912	4058112	4058112	8388608	28	8116196	8388608	28	0	0	31693	0	
12582912	12582912	4057796	4058428	8388608	31508	8084716	8388608	31508	0	0	71885	0	
12582912	12582912	4058088	4058136	8388608	11524	8104700	8388608	11524	0	0	46264	0	
12582912	12582912	4058036	4058188	8388608	1240	8114984	8388608	1240	0	0	34351	0	
12582912	12582912	4058072	4058152	8388608	14188	8102036	8388608	14188	0	0	51468	0	
12582912	12582912	4058004	4058220	8388608	8976	8107248	8388608	8976	0	0	43956	0	
12582912	12582912	4057796	4058428	8388608	31564	8084660	8388608	31564	0	0	72039	0	
12582912	12582912	4058088	4058136	8388608	14736	8101488	8388608	14736	0	0	50291	0	
12582912	12582912	4058040	4058184	8388608	1832	8114392	8388608	1832	0	0	35486	0	
12582912	12582912	4058072	4058152	8388608	14188	8102036	8388608	14188	0	0	51794	0	
12582912	12582912	4058004	4058220	8388608	9116	8107108	8388608	9116	0	0	44057	0	
12582912	12582912	4057480	4058744	8388608	31736	8084488	8388608	31736	0	0	72724	0	
12582912	12582912	4058068	4058156	8388608	14792	8101432	8388608	14792	0	0	50283	0	
12582912	12582912	4058040	4058184	8388608	1832	8114392	8388608	1832	0	0	35102	0	
12582912	12582912	4058072	4058152	8388608	14188	8102036	8388608	14188	0	0	51854	0	
12582912	12582912	4058004	4058220	8388608	9116	8107108	8388608	9116	0	0	44108	0	
12582912	12582912	4057480	4058744	8388608	31736	8084488	8388608	31736	0	0	71872	0	
12582912	12582912	4058068	4058156	8388608	14792	8101432	8388608	14792	0	0	49632	0	
12582912	12582912	4058028	4058196	8388608	1832	8114392	8388608	1832	0	0	34850	0	
12582912	12582912	4058072	4058152	8388608	14188	8102036	8388608	14188	0	0	51535	0	
12582912	12582912	4058004	4058220	8388608	9116	8107108	8388608	9116	0	0	43743	0	
12582912	12582912	4057480	4058744	8388608	31736	8084488	8388608	31736	0	0	71966	0	
12582912	12582912	4058068	4058156	8388608	14792	8101432	8388608	14792	0	0	49896	0	
12582912	12582912	4058028	4058196	8388608	1832	8114392	8388608	1832	0	0	34515	0	
12582912	12582912	4058072	4058152	8388608	14188	8102036	8388608	14188	0	0	51626	0	
12582912	12582912	4058004	4058220	8388608	8976	8107248	8388608	8976	0	0	43669	0	
12582912	12582912	4057476	4058748	8388608	31736	8084488	8388608	31736	0	0	71806	0	
12582912	12582912	4058068	4058156	8388608	14792	8101432	8388608	14792	0	0	49616	0	
12582912	12582912	4058028	4058196	8388608	1832	8114392	8388608	1832	0	0	35064	0	
12582912	12582912	4058072	4058152	8388608	14188	8102036	8388608	14188	0	0	51449	0	
12582912	12582912	4058004	4058220	8388608	8976	8107248	8388608	8976	0	0	43424	0	
12582912	12582912	4057476	4058748	8388608	31736	8084488	8388608	31736	0	0	98715	0	
12582912	12582912	4058068	4058156	8388608	14792	8101432	8388608	14792	0	0	49564	0	
12582912	12582912	4058028	4058196	8388608	1832	8114392	8388608	1832	0	0	35144	0	
12582912	12582912	4058072	4058152	8388608	14188	8102036	8388608	14188	0	0	51137	0	
12582912	12582912	4058004	4058220	8388608	8976	8107248	8388608	8976	0	0	43324	0	
12582912	12582912	4058112	4058112	8388608	16	8116208	8388608	16	0	0	31219	0	
12582912	12582912	4057796	4058428	8388608	31508	8084716	8388608	31508	0	0	71458	0	
12582912	12582912	4058088	4058136	8388608	11524	8104700	8388608	11524	0	0	45959	0	
12582912	12582912	4058024	4058200	8388608	1240	8114984	8388608	1240	0	0	34101	0	
12582912	12582912	4058072	4058152	8388608	14188	8102036	8388608	14188	0	0	51554	0	
12582912	12582912	4058004	4058220	8388608	8976	8107248	8388608	8976	0	0	43917	0	
12582912	12582912	4057796	4058428	8388608	31564	8084660	8388608	31564	0	0	95307	0	
12582912	12582912	4058088	4058136	8388608	14736	8101488	8388608	14736	0	0	49718	0	
12582912	12582912	4058040	4058184	8388608	1832	8114392	8388608	1832	0	0	35162	0	
12582912	12582912	4058072	4058152	8388608	14188	8102036	8388608	14188	0	0	52095	0	
12582912	12582912	4058004	4058220	8388608	9116	8107108	8388608	9116	0	0	43976	0	
12582912	12582912	4058112	4058112	8388608	28	8116196	8388608	28	0	0	31642	0	
12582912	12582912	4057536	4058688	8388608	37904	8078320	8388608	31680	0	0	83790	0	
12582912	12582912	4058100	4058124	8388608	6796	8109428	8388608	6796	0	0	41395	0	
12582912	12582912	4057480	4058744	8388608	14704	8101520	8388608	14704	0	0	51086	0	
12582912	12582912	4058004	4058220	8388608	9956	8106268	8388608	9956	0	0	45126	0	
12582912	12582912	4058112	4058112	8388608	84	8116140	8388608	84	0	0	31492	0	
12582912	12582912	4057536	4058688	8388608	31680	8084544	8388608	31680	0	0	71634	0	
12582912	12582912	4058036	4058188	8388608	11696	8104528	8388608	11696	0	0	46509	0	
12582912	12582912	4058024	4058200	8388608	1240	8114984	8388608	1240	0	0	33878	0	
12582912	12582912	4058072	4058152	8388608	14188	8102036	8388608	14188	0	0	51482	0	
12582912	12582912	4058004	4058220	8388608	8976	8107248	8388608	8976	0	0	43257	0	
12582912	12582912	4058112	4058112	8388608	28	8116196	8388608	28	0	0	31596	0	
12582912	12582912	4057536	4058688	8388608	31680	8084544	8388608	31680	0	0	71876	0	
12582912	12582912	4058024	4058200	8388608	11696	8104528	8388608	11696	0	0	46210	0	
12582912	12582912	4058024	4058200	8388608	1240	8114984	8388608	1240	0	0	33699	0	
12582912	12582912	4058072	4058152	8388608	14188	8102036	8388608	14188	0	0	51337	0	
12582912	12582912	4058004	4058220	8388608	8976	8107248	8388608	8976	0	0	43970	0	
12582912	12582912	4058112	4058112	8388608	28	8116196	8388608	28	0	0	31183	0	
12582912	12582912	4057796	4058428	8388608	31508	8084716	8388608	31508	0	0	71658	0	
12582912	12582912	4058088	4058136	8388608	11524	8104700	8388608	11524	0	0	45738	0	
12582912	12582912	4058036	4058188	8388608	1240	8114984	8388608	1240	0	0	34357	0	
12582912	12582912	4058072	4058152	8388608	14188	8102036	8388608	14188	0	0	51733	0	
12582912	12582912	4058004	4058220	8388608	8976	8107248	8388608	8976	0	0	44325	0	
12582912	12582912	4057796	4058428	8388608	31564	8084660	8388608	31564	0	0	72173	0	
12582912	12582912	4058088	4058136	8388608	14736	8101488	8388608	14736	0	0	50154	0	
12582912	12582912	4058040	4058184	8388608	1832	8114392	8388608	1832	0	0	35423	0	
12582912	12582912	4058072	4058152	8388608	14188	8102036	8388608	14188	0	0	51592	0	
12582912	12582912	4058004	4058220	8388608	9116	8107108	8388608	9116	0	0	43796	0	
12582912	12582912	4057480	4058744	8388608	31736	8084488	8388608	31736	0	0	72510	0	
12582912	12582912	4058068	4058156	8388608	14792	8101432	8388608	14792	0	0	49841	0	
12582912	12582912	4058040	4058184	8388608	1832	8114392	8388608	1832	0	0	35419	0	
12582912	12582912	4058072	4058152	8388608	14188	8102036	8388608	14188	0	0	51743	0	
12582912	12582912	4058004	4058220	8388608	9116	8107108	8388608	9116	0	0	43749	0	
12582912	12582912	4057480	4058744	8388608	31736	8084488	8388608	31736	0	0	71962	0	
12582912	12582912	4058068	4058156	8388608	14792	8101432	8388608	14792	0	0	49767	0	
12582912	12582912	4058028	4058196	8388608	1832	8114392	8388608	1832	0	0	35120	0	
12582912	12582912	4058072	4058152	8388608	14188	8102036	8388608	14188	0	0	51629	0	
12582912	12582912	4058004	4058220	8388608	9116	8107108	8388608	9116	0	0	43841	0	
12582912	12582912	4057480	4058744	8388608	31736	8084488	8388608	31736	0	0	72051	0	
12582912	12582912	4058068	4058156	8388608	14792	8101432	8388608	14792	0	0	49852	0	
12582912	12582912	4058028	4058196	8388608	1832	8114392	8388608	1832	0	0	35178	0	
12582912	12582912	4058072	4058152	8388608	14188	8102036	8388608	14188	0	0	52073	0	
12582912	12582912	4058004	4058220	8388608	8976	8107248	8388608	8976	0	0	43543	0	
12582912	12582912	4057476	4058748	8388608	31736	8084488	8388608	31736	0	0	71717	0	
12582912	12582912	4058068	4058156	8388608	14792	8101432	8388608	14792	0	0	49825	0	
12582912	12582912	4058028	4058196	8388608	1832	8114392	8388608	1832	0	0	35339	0	
12582912	12582912	4058072	4058152	8388608	14188	8102036	8388608	14188	0	0	51650	0	
12582912	12582912	4058004	4058220	8388608	8976	8107248	8388608	8976	0	0	43717	0	
12582912	12582912	4057476	4058748	8388608	31736	8084488	8388608	31736	0	0	72092	0	
12582912	12582912	4058068	4058156	8388608	14792	8101432	8388608	14792	0	0	49501	0	
12582912	12582912	4058028	4058196	8388608	1832	8114392	8388608	1832	0	0	35206	0	
12582912	12582912	4058072	4058152	8388608	14188	8102036	8388608	14188	0	0	51368	0	
12582912	12582912	4058004	4058220	8388608	8976	8107248	8388608	8976	0	0	54675	0	
12582912	12582912	4058112	4058112	8388608	16	8116208	8388608	16	0	0	32817	0	
12582912	12582912	4057796	4058428	8388608	31508	8084716	8388608	31508	0	0	72218	0	
12582912	12582912	4058088	4058136	8388608	11524	8104700	8388608	11524	0	0	46105	0	
12582912	12582912	4058024	4058200	8388608	1240	8114984	8388608	1240	0	0	34046	0	
12582912	12582912	4058072	4058152	8388608	14188	8102036	8388608	14188	0	0	51532	0	
12582912	12582912	4058004	4058220	8388608	8976	8107248	8388608	8976	0	0	43329	0	
12582912	12582912	4057796	4058428	8388608	35488	8080736	8388608	31564	0	0	86163	0	
12582912	12582912	4058088	4058136	8388608	11816	8104408	8388608	11816	0	0	47071	0	
12582912	12582912	4058036	4058188	8388608	1240	8114984	8388608	1240	0	0	34034	0	
12582912	12582912	4058072	4058152	8388608	14188	8102036	8388608	14188	0	0	52336	0	
12582912	12582912	4058004	4058220	8388608	8976	8107248	8388608	8976	0	0	43325	0	
12582912	12582912	4057796	4058428	8388608	31564	8084660	8388608	31564	0	0	71505	0	
12582912	12582912	4058088	4058136	8388608	14736	8101488	8388608	14736	0	0	49724	0	
12582912	12582912	4058040	4058184	8388608	1832	8114392	8388608	1832	0	0	35283	0	
12582912	12582912	4058072	4058152	8388608	14188	8102036	8388608	14188	0	0	51480	0	
12582912	12582912	4058004	4058220	8388608	9116	8107108	8388608	9116	0	0	43745	0	
12582912	12582912	4057480	4058744	8388608	31736	8084488	8388608	31736	0	0	72369	0	
12582912	12582912	4058068	4058156	8388608	14792	8101432	8388608	14792	0	0	49140	0	
12582912	12582912	4058040	4058184	8388608	1832	8114392	8388608	1832	0	0	34920	0	
12582912	12582912	4058072	4058152	8388608	14188	8102036	8388608	14188	0	0	51307	0	
12582912	12582912	4058004	4058220	8388608	9116	8107108	8388608	9116	0	0	43254	0	
12582912	12582912	4057480	4058744	8388608	31736	8084488	8388608	31736	0	0	71268	0	
12582912	12582912	4058068	4058156	8388608	14792	8101432	8388608	14792	0	0	49133	0	
12582912	12582912	4058028	4058196	8388608	1832	8114392	8388608	1832	0	0	34833	0	
12582912	12582912	4058072	4058152	8388608	14188	8102036	8388608	14188	0	0	51147	0	
12582912	12582912	4058004	4058220	8388608	9116	8107108	8388608	9116	0	0	69504	0	
12582912	12582912	4057480	4058744	8388608	31736	8084488	8388608	31736	0	0	71262	0	
12582912	12582912	4058068	4058156	8388608	14792	8101432	8388608	14792	0	0	49375	0	
12582912	12582912	4058028	4058196	8388608	1832	8114392	8388608	1832	0	0	34635	0	
12582912	12582912	4058072	4058152	8388608	14188	8102036	8388608	14188	0	0	51497	0	
12582912	12582912	4058004	4058220	8388608	8976	8107248	8388608	8976	0	0	43637	0	
12582912	12582912	4057476	4058748	8388608	31736	8084488	8388608	31736	0	0	71621	0	
12582912	12582912	4058068	4058156	8388608	14792	8101432	8388608	14792	0	0	49232	0	
12582912	12582912	4058028	4058196	8388608	1832	8114392	8388608	1832	0	0	35058	0	
12582912	12582912	4058072	4058152	8388608	14188	8102036	8388608	14188	0	0	51336	0	
12582912	12582912	4058004	4058220	8388608	8976	8107248	8388608	8976	0	0	43407	0	
12582912	12582912	4057476	4058748	8388608	31736	8084488	8388608	31736	0	0	71682	0	
12582912	12582912	4058068	4058156	8388608	14792	8101432	8388608	14792	0	0	49263	0	
12582912	12582912	4058028	4058196	8388608	1832	8114392	8388608	1832	0	0	34784	0	
12582912	12582912	4058072	4058152	8388608	14188	8102036	8388608	14188	0	0	51515	0	
12582912	12582912	4058004	4058220	8388608	8976	8107248	8388608	8976	0	0	43000	0	
12582912	12582912	4058112	4058112	8388608	16	8116208	8388608	16	0	0	31050	0	
12582912	12582912	4057796	4058428	8388608	31508	8084716	8388608	31508	0	0	71162	0	
12582912	12582912	4058088	4058136	8388608	11524	8104700	8388608	11524	0	0	45965	0	
12582912	12582912	4058024	4058200	8388608	1240	8114984	8388608	1240	0	0	33688	0	
12582912	12582912	4058072	4058152	8388608	14188	8102036	8388608	14188	0	0	51365	0	
12582912	12582912	4058004	4058220	8388608	8976	8107248	8388608	8976	0	0	43311	0	
12582912	12582912	4057796	4058428	8388608	31564	8084660	8388608	31564	0	0	71231	0	
12582912	12582912	4058088	4058136	8388608	14736	8101488	8388608	14736	0	0	49387	0	
12582912	12582912	4058040	4058184	8388608	1832	8114392	8388608	1832	0	0	34995	0	
12582912	12582912	4058072	4058152	8388608	14188	8102036	8388608	14188	0	0	51471	0	
12582912	12582912	4058004	4058220	8388608	9116	8107108	8388608	9116	0	0	44509	0	
12582912	12582912	4058112	4058112	8388608	28	8116196	8388608	28	0	0	31727	0	
12582912	12582912	4057536	4058688	8388608	31680	8084544	8388608	31680	0	0	71674	0	
12582912	12582912	4058036	4058188	8388608	11696	8104528	8388608	11696	0	0	45632	0	
12582912	12582912	4058024	4058200	8388608	1240	8114984	8388608	1240	0	0	33658	0	
12582912	12582912	4058072	4058152	8388608	14188	8102036	8388608	14188	0	0	51817	0	
12582912	12582912	4058004	4058220	8388608	8976	8107248	8388608	8976	0	0	43808	0	
12582912	12582912	4058112	4058112	8388608	28	8116196	8388608	28	0	0	31387	0	
12582912	12582912	4057548	4058676	8388608	37904	8078320	8388608	31680	0	0	83842	0	
12582912	12582912	4058088	4058136	8388608	6796	8109428	8388608	6796	0	0	41013	0	
12582912	12582912	4057480	4058744	8388608	14704	8101520	8388608	14704	0	0	50728	0	
12582912	12582912	4058004	4058220	8388608	9956	8106268	8388608	9956	0	0	45249	0	
12582912	12582912	4058112	4058112	8388608	84	8116140	8388608	84	0	0	31961	0	
12582912	12582912	4057536	4058688	8388608	31680	8084544	8388608	31680	0	0	71634	0	
12582912	12582912	4058024	4058200	8388608	11696	8104528	8388608	11696	0	0	46388	0	
12582912	12582912	4058024	4058200	8388608	1240	8114984	8388608	1240	0	0	36909	0	
12582912	12582912	4058072	4058152	8388608	14188	8102036	8388608	14188	0	0	51665	0	
12582912	12582912	4058004	4058220	8388608	8976	8107248	8388608	8976	0	0	43320	0	
12582912	12582912	4058112	4058112	8388608	28	8116196	8388608	28	0	0	31232	0	
12582912	12582912	4057796	4058428	8388608	31508	8084716	8388608	31508	0	0	71193	0	
12582912	12582912	4058088	4058136	8388608	11524	8104700	8388608	11524	0	0	45367	0	
12582912	12582912	4058036	4058188	8388608	1240	8114984	8388608	1240	0	0	34093	0	
12582912	12582912	4058072	4058152	8388608	14188	8102036	8388608	14188	0	0	51331	0	
12582912	12582912	4058004	4058220	8388608	8976	8107248	8388608	8976	0	0	43190	0	
12582912	12582912	4057796	4058428	8388608	31564	8084660	8388608	31564	0	0	72005	0	
12582912	12582912	4058088	4058136	8388608	14736	8101488	8388608	14736	0	0	49565	0	
12582912	12582912	4058040	4058184	8388608	1832	8114392	8388608	1832	0	0	35076	0	
12582912	12582912	4058072	4058152	8388608	14188	8102036	8388608	14188	0	0	51053	0	
12582912	12582912	4058004	4058220	8388608	9116	8107108	8388608	9116	0	0	43652	0	
12582912	12582912	4057480	4058744	8388608	31736	8084488	8388608	31736	0	0	71790	0	
12582912	12582912	4058068	4058156	8388608	14792	8101432	8388608	14792	0	0	49434	0	
12582912	12582912	4058040	4058184	8388608	1832	8114392	8388608	1832	0	0	34654	0	
12582912	12582912	4058072	4058152	8388608	14188	8102036	8388608	14188	0	0	51155	0	
12582912	12582912	4058004	4058220	8388608	9116	8107108	8388608	9116	0	0	43610	0	
12582912	12582912	4057480	4058744	8388608	31736	8084488	8388608	31736	0	0	71959	0	
12582912	12582912	4058068	4058156	8388608	14792	8101432	8388608	14792	0	0	49805	0	
12582912	12582912	4058028	4058196	8388608	1832	8114392	8388608	1832	0	0	35076	0	
12582912	12582912	4058072	4058152	8388608	14188	8102036	8388608	14188	0	0	51055	0	
12582912	12582912	4058004	4058220	8388608	9116	8107108	8388608	9116	0	0	43465	0	
12582912	12582912	4057480	4058744	8388608	31736	8084488	8388608	31736	0	0	71653	0	
12582912	12582912	4058068	4058156	8388608	14792	8101432	8388608	14792	0	0	49458	0	
12582912	12582912	4058028	4058196	8388608	1832	8114392	8388608	1832	0	0	34739	0	
12582912	12582912	4058072	4058152	8388608	14188	8102036	8388608	14188	0	0	50944	0	
12582912	12582912	4058004	4058220	8388608	8976	8107248	8388608	8976	0	0	43657	0	
12582912	12582912	4057476	4058748	8388608	31736	8084488	8388608	31736	0	0	72519	0	
12582912	12582912	4058068	4058156	8388608	14792	8101432	8388608	14792	0	0	49835	0	
12582912	12582912	4058028	4058196	8388608	1832	8114392	8388608	1832	0	0	34780	0	
12582912	12582912	4058072	4058152	8388608	14188	8102036	8388608	14188	0	0	51382	0	
12582912	12582912	4058004	4058220	8388608	8976	8107248	8388608	8976	0	0	45571	0	
12582912	12582912	4057476	4058748	8388608	31736	8084488	8388608	31736	0	0	72470	0	
12582912	12582912	4058068	4058156	8388608	14792	8101432	8388608	14792	0	0	53774	0	
12582912	12582912	4058028	4058196	8388608	1832	8114392	8388608	1832	0	0	35091	0	
12582912	12582912	4058072	4058152	8388608	14188	8102036	8388608	14188	0	0	51522	0	
12582912	12582912	4058004	4058220	8388608	8976	8107248	8388608	8976	0	0	43584	0	
12582912	12582912	4058112	4058112	8388608	16	8116208	8388608	16	0	0	31820	0	
12582912	12582912	4057796	4058428	8388608	31508	8084716	8388608	31508	0	0	72222	0	
12582912	12582912	4058088	4058136	8388608	11524	8104700	8388608	11524	0	0	46058	0	
12582912	12582912	4058024	4058200	8388608	1240	8114984	8388608	1240	0	0	33997	0	
12582912	12582912	4058072	4058152	8388608	14188	8102036	8388608	14188	0	0	51333	0	
12582912	12582912	4058004	4058220	8388608	8976	8107248	8388608	8976	0	0	43446	0	
12582912	12582912	4057796	4058428	8388608	31564	8084660	8388608	31564	0	0	71646	0	
12582912	12582912	4058088	4058136	8388608	14736	8101488	8388608	14736	0	0	49453	0	
12582912	12582912	4058040	4058184	8388608	1832	8114392	8388608	1832	0	0	35950	0	
12582912	12582912	4058072	4058152	8388608	14188	8102036	8388608	14188	0	0	52413	0	
12582912	12582912	4058004	4058220	8388608	9116	8107108	8388608	9116	0	0	44851	0	
12582912	12582912	4058112	4058112	8388608	28	8116196	8388608	28	0	0	32028	0	
12582912	12582912	4057536	4058688	8388608	37904	8078320	8388608	31680	0	0	85281	0	
12582912	12582912	4058100	4058124	8388608	6796	8109428	8388608	6796	0	0	42094	0	
12582912	12582912	4057480	4058744	8388608	14704	8101520	8388608	14704	0	0	52684	0	
12582912	12582912	4058004	4058220	8388608	9956	8106268	8388608	9956	0	0	46055	0	
12582912	12582912	4058112	4058112	8388608	84	8116140	8388608	84	0	0	32016	0	
12582912	12582912	4057536	4058688	8388608	31680	8084544	8388608	31680	0	0	72769	0	
12582912	12582912	4058036	4058188	8388608	11696	8104528	8388608	11696	0	0	47213	0	
12582912	12582912	4058024	4058200	8388608	1240	8114984	8388608	1240	0	0	34335	0	
12582912	12582912	4058072	4058152	8388608	14188	8102036	8388608	14188	0	0	52393	0	
12582912	12582912	4058004	4058220	8388608	8976	8107248	8388608	8976	0	0	44288	0	
12582912	12582912	4058112	4058112	8388608	28	8116196	8388608	28	0	0	31845	0	
12582912	12582912	4057536	4058688	8388608	31680	8084544	8388608	31680	0	0	72761	0	
12582912	12582912	4058024	4058200	8388608	11696	8104528	8388608	11696	0	0	46536	0	
12582912	12582912	4058024	4058200	8388608	1240	8114984	8388608	1240	0	0	34140	0	
12582912	12582912	4058072	4058152	8388608	14188	8102036	8388608	14188	0	0	52146	0	
12582912	12582912	4058004	4058220	8388608	8976	8107248	8388608	8976	0	0	44440	0	
12582912	12582912	4058112	4058112	8388608	28	8116196	8388608	28	0	0	31815	0	
12582912	12582912	4057796	4058428	8388608	31508	8084716	8388608	31508	0	0	73495	0	
12582912	12582912	4058088	4058136	8388608	11524	8104700	8388608	11524	0	0	46878	0	
12582912	12582912	4058036	4058188	8388608	1240	8114984	8388608	1240	0	0	34518	0	
12582912	12582912	4058072	4058152	8388608	14188	8102036	8388608	14188	0	0	52832	0	
12582912	12582912	4058004	4058220	8388608	8976	8107248	8388608	8976	0	0	44062	0	
12582912	12582912	4057796	4058428	8388608	31564	8084660	8388608	31564	0	0	73215	0	
12582912	12582912	4058088	4058136	8388608	14736	8101488	8388608	14736	0	0	50230	0	
12582912	12582912	4058040	4058184	8388608	1832	8114392	8388608	1832	0	0	35372	0	
12582912	12582912	4058072	4058152	8388608	14188	8102036	8388608	14188	0	0	52261	0	
12582912	12582912	4058004	4058220	8388608	9116	8107108	8388608	9116	0	0	44924	0	
12582912	12582912	4057480	4058744	8388608	31736	8084488	8388608	31736	0	0	73623	0	
12582912	12582912	4058068	4058156	8388608	14792	8101432	8388608	14792	0	0	50450	0	
12582912	12582912	4058040	4058184	8388608	1832	8114392	8388608	1832	0	0	35771	0	
12582912	12582912	4058072	4058152	8388608	14188	8102036	8388608	14188	0	0	52287	0	
12582912	12582912	4058004	4058220	8388608	9116	8107108	8388608	9116	0	0	44341	0	
12582912	12582912	4057480	4058744	8388608	31736	8084488	8388608	31736	0	0	73331	0	
12582912	12582912	4058068	4058156	8388608	14792	8101432	8388608	14792	0	0	50314	0	
12582912	12582912	4058028	4058196	8388608	1832	8114392	8388608	1832	0	0	35781	0	
12582912	12582912	4058072	4058152	8388608	14188	8102036	8388608	14188	0	0	52496	0	
12582912	12582912	4058004	4058220	8388608	9116	8107108	8388608	9116	0	0	44779	0	
12582912	12582912	4057480	4058744	8388608	31736	8084488	8388608	31736	0	0	73088	0	
12582912	12582912	4058068	4058156	8388608	14792	8101432	8388608	14792	0	0	49982	0	
12582912	12582912	4058028	4058196	8388608	1832	8114392	8388608	1832	0	0	35122	0	
12582912	12582912	4058072	4058152	8388608	14188	8102036	8388608	14188	0	0	52299	0	
12582912	12582912	4058004	4058220	8388608	8976	8107248	8388608	8976	0	0	44433	0	
12582912	12582912	4057476	4058748	8388608	31736	8084488	8388608	31736	0	0	72913	0	
12582912	12582912	4058068	4058156	8388608	14792	8101432	8388608	14792	0	0	50312	0	
12582912	12582912	4058028	4058196	8388608	1832	8114392	8388608	1832	0	0	35931	0	
12582912	12582912	4058072	4058152	8388608	14188	8102036	8388608	14188	0	0	52294	0	
12582912	12582912	4058004	4058220	8388608	8976	8107248	8388608	8976	0	0	44226	0	
12582912	12582912	4057476	4058748	8388608	31736	8084488	8388608	31736	0	0	73168	0	
12582912	12582912	4058068	4058156	8388608	14792	8101432	8388608	14792	0	0	50432	0	
12582912	12582912	4058028	4058196	8388608	1832	8114392	8388608	1832	0	0	35277	0	
12582912	12582912	4058072	4058152	8388608	14188	8102036	8388608	14188	0	0	52298	0	
12582912	12582912	4058004	4058220	8388608	8976	8107248	8388608	8976	0	0	44337	0	
12582912	12582912	4058112	4058112	8388608	16	8116208	8388608	16	0	0	32002	0	
12582912	12582912	4057796	4058428	8388608	31508	8084716	8388608	31508	0	0	73531	0	
12582912	12582912	4058088	4058136	8388608	11524	8104700	8388608	11524	0	0	46910	0	
12582912	12582912	4058024	4058200	8388608	1240	8114984	8388608	1240	0	0	34583	0	
12582912	12582912	4058072	4058152	8388608	14188	8102036	8388608	14188	0	0	51973	0	
12582912	12582912	4058004	4058220	8388608	8976	8107248	8388608	8976	0	0	45716	0	
12582912	12582912	4057796	4058428	8388608	35488	8080736	8388608	31564	0	0	88569	0	
12582912	12582912	4058088	4058136	8388608	11816	8104408	8388608	11816	0	0	47521	0	
12582912	12582912	4058036	4058188	8388608	1240	8114984	8388608	1240	0	0	34764	0	
12582912	12582912	4058072	4058152	8388608	14188	8102036	8388608	14188	0	0	52229	0	
12582912	12582912	4058004	4058220	8388608	8976	8107248	8388608	8976	0	0	44301	0	
12582912	12582912	4057796	4058428	8388608	31564	8084660	8388608	31564	0	0	73188	0	
12582912	12582912	4058088	4058136	8388608	14736	8101488	8388608	14736	0	0	50409	0	
12582912	12582912	4058040	4058184	8388608	1832	8114392	8388608	1832	0	0	35550	0	
12582912	12582912	4058072	4058152	8388608	14188	8102036	8388608	14188	0	0	52384	0	
12582912	12582912	4058004	4058220	8388608	9116	8107108	8388608	9116	0	0	45065	0	
12582912	12582912	4057480	4058744	8388608	31736	8084488	8388608	31736	0	0	73877	0	
12582912	12582912	4058068	4058156	8388608	14792	8101432	8388608	14792	0	0	50689	0	
12582912	12582912	4058040	4058184	8388608	1832	8114392	8388608	1832	0	0	35235	0	
12582912	12582912	4058072	4058152	8388608	14188	8102036	8388608	14188	0	0	52357	0	
12582912	12582912	4058004	4058220	8388608	9116	8107108	8388608	9116	0	0	44188	0	
12582912	12582912	4057480	4058744	8388608	31736	8084488	8388608	31736	0	0	73143	0	
12582912	12582912	4058068	4058156	8388608	14792	8101432	8388608	14792	0	0	50474	0	
12582912	12582912	4058028	4058196	8388608	1832	8114392	8388608	1832	0	0	35650	0	
12582912	12582912	4058072	4058152	8388608	14188	8102036	8388608	14188	0	0	52539	0	
12582912	12582912	4058004	4058220	8388608	9116	8107108	8388608	9116	0	0	44461	0	
12582912	12582912	4057480	4058744	8388608	31736	8084488	8388608	31736	0	0	73379	0	
12582912	12582912	4058068	4058156	8388608	14792	8101432	8388608	14792	0	0	50897	0	
12582912	12582912	4058028	4058196	8388608	1832	8114392	8388608	1832	0	0	35899	0	
12582912	12582912	4058072	4058152	8388608	14188	8102036	8388608	14188	0	0	52530	0	
12582912	12582912	4058004	4058220	8388608	8976	8107248	8388608	8976	0	0	44552	0	
12582912	12582912	4057476	4058748	8388608	31736	8084488	8388608	31736	0	0	76394	0	
12582912	12582912	4058068	4058156	8388608	14792	8101432	8388608	14792	0	0	50290	0	
12582912	12582912	4058028	4058196	8388608	1832	8114392	8388608	1832	0	0	35336	0	
12582912	12582912	4058072	4058152	8388608	14188	8102036	8388608	14188	0	0	52445	0	
12582912	12582912	4058004	4058220	8388608	8976	8107248	8388608	8976	0	0	44454	0	
12582912	12582912	4057476	4058748	8388608	31736	8084488	8388608	31736	0	0	73133	0	
12582912	12582912	4058068	4058156	8388608	14792	8101432	8388608	14792	0	0	50592	0	
12582912	12582912	4058028	4058196	8388608	1832	8114392	8388608	1832	0	0	35555	0	
12582912	12582912	4058072	4058152	8388608	14188	8102036	8388608	14188	0	0	50293	0	
12582912	12582912	4058004	4058220	8388608	8976	8107248	8388608	8976	0	0	50474	0	
12582912	12582912	4058112	4058112	8388608	16	8116208	8388608	16	0	0	32024	0	
12582912	12582912	4057796	4058428	8388608	31508	8084716	8388608	31508	0	0	73864	0	
12582912	12582912	4058088	4058136	8388608	11524	8104700	8388608	11524	0	0	47098	0	
12582912	12582912	4058024	4058200	8388608	1240	8114984	8388608	1240	0	0	35016	0	
12582912	12582912	4058072	4058152	8388608	14188	8102036	8388608	14188	0	0	52554	0	
12582912	12582912	4058004	4058220	8388608	8976	8107248	8388608	8976	0	0	44547	0	
12582912	12582912	4057796	4058428	8388608	31564	8084660	8388608	31564	0	0	72302	0	
12582912	12582912	4058088	4058136	8388608	14736	8101488	8388608	14736	0	0	50755	0	
12582912	12582912	4058040	4058184	8388608	1832	8114392	8388608	1832	0	0	36085	0	
12582912	12582912	4058072	4058152	8388608	14188	8102036	8388608	14188	0	0	52102	0	
12582912	12582912	4058004	4058220	8388608	9116	8107108	8388608	9116	0	0	44863	0	
12582912	12582912	4058112	4058112	8388608	28	8116196	8388608	28	0	0	32045	0	
12582912	12582912	4057536	4058688	8388608	31680	8084544	8388608	31680	0	0	73570	0	
12582912	12582912	4058036	4058188	8388608	11696	8104528	8388608	11696	0	0	47340	0	
12582912	12582912	4058024	4058200	8388608	1240	8114984	8388608	1240	0	0	34492	0	
12582912	12582912	4058072	4058152	8388608	14188	8102036	8388608	14188	0	0	52221	0	
12582912	12582912	4058004	4058220	8388608	8976	8107248	8388608	8976	0	0	44157	0	
12582912	12582912	4058112	4058112	8388608	28	8116196	8388608	28	0	0	31431	0	
12582912	12582912	4057548	4058676	8388608	37904	8078320	8388608	31680	0	0	84583	0	
12582912	12582912	4058088	4058136	8388608	6796	8109428	8388608	6796	0	0	41737	0	
12582912	12582912	4057480	4058744	8388608	14704	8101520	8388608	14704	0	0	52279	0	
12582912	12582912	4058004	4058220	8388608	9956	8106268	8388608	9956	0	0	45929	0	
12582912	12582912	4058112	4058112	8388608	84	8116140	8388608	84	0	0	32368	0	
12582912	12582912	4057536	4058688	8388608	31680	8084544	8388608	31680	0	0	72517	0	
12582912	12582912	4058024	4058200	8388608	11696	8104528	8388608	11696	0	0	48412	0	
12582912	12582912	4058024	4058200	8388608	1240	8114984	8388608	1240	0	0	35163	0	
12582912	12582912	4058072	4058152	8388608	14188	8102036	8388608	14188	0	0	52358	0	
12582912	12582912	4058004	4058220	8388608	8976	8107248	8388608	8976	0	0	44564	0	
12582912	12582912	4058112	4058112	8388608	28	8116196	8388608	28	0	0	31989	0	
12582912	12582912	4057796	4058428	8388608	31508	8084716	8388608	31508	0	0	73294	0	
12582912	12582912	4058088	4058136	8388608	11524	8104700	8388608	11524	0	0	47997	0	
12582912	12582912	4058036	4058188	8388608	1240	8114984	8388608	1240	0	0	34990	0	
12582912	12582912	4058072	4058152	8388608	14188	8102036	8388608	14188	0	0	53100	0	
12582912	12582912	4058004	4058220	8388608	8976	8107248	8388608	8976	0	0	44717	0	
12582912	12582912	4057796	4058428	8388608	31564	8084660	8388608	31564	0	0	73013	0	
12582912	12582912	4058088	4058136	8388608	14736	8101488	8388608	14736	0	0	50398	0	
12582912	12582912	4058040	4058184	8388608	1832	8114392	8388608	1832	0	0	36317	0	
12582912	12582912	4058072	4058152	8388608	14188	8102036	8388608	14188	0	0	53202	0	
12582912	12582912	4058004	4058220	8388608	9116	8107108	8388608	9116	0	0	44705	0	
12582912	12582912	4057480	4058744	8388608	31736	8084488	8388608	31736	0	0	73846	0	
12582912	12582912	4058068	4058156	8388608	14792	8101432	8388608	14792	0	0	51194	0	
12582912	12582912	4058040	4058184	8388608	1832	8114392	8388608	1832	0	0	35710	0	
12582912	12582912	4058072	4058152	8388608	14188	8102036	8388608	14188	0	0	52569	0	
12582912	12582912	4058004	4058220	8388608	9116	8107108	8388608	9116	0	0	44859	0	
12582912	12582912	4057480	4058744	8388608	31736	8084488	8388608	31736	0	0	72508	0	
12582912	12582912	4058068	4058156	8388608	14792	8101432	8388608	14792	0	0	50541	0	
12582912	12582912	4058028	4058196	8388608	1832	8114392	8388608	1832	0	0	35790	0	
12582912	12582912	4058072	4058152	8388608	14188	8102036	8388608	14188	0	0	52677	0	
12582912	12582912	4058004	4058220	8388608	9116	8107108	8388608	9116	0	0	44930	0	
12582912	12582912	4057480	4058744	8388608	31736	8084488	8388608	31736	0	0	73244	0	
12582912	12582912	4058068	4058156	8388608	14792	8101432	8388608	14792	0	0	50552	0	
12582912	12582912	4058028	4058196	8388608	1832	8114392	8388608	1832	0	0	35466	0	
12582912	12582912	4058072	4058152	8388608	14188	8102036	8388608	14188	0	0	52501	0	
12582912	12582912	4058004	4058220	8388608	8976	8107248	8388608	8976	0	0	44899	0	
12582912	12582912	4057476	4058748	8388608	31736	8084488	8388608	31736	0	0	73250	0	
12582912	12582912	4058068	4058156	8388608	14792	8101432	8388608	14792	0	0	50524	0	
12582912	12582912	4058028	4058196	8388608	1832	8114392	8388608	1832	0	0	35634	0	
12582912	12582912	4058072	4058152	8388608	14188	8102036	8388608	14188	0	0	52389	0	
12582912	12582912	4058004	4058220	8388608	8976	8107248	8388608	8976	0	0	44801	0	
12582912	12582912	4057476	4058748	8388608	31736	8084488	8388608	31736	0	0	73380	0	
12582912	12582912	4058068	4058156	8388608	14792	8101432	8388608	14792	0	0	50401	0	
12582912	12582912	4058028	4058196	8388608	1832	8114392	8388608	1832	0	0	35267	0	
12582912	12582912	4058072	4058152	8388608	14188	8102036	8388608	14188	0	0	52078	0	
12582912	12582912	4058004	4058220	8388608	8976	8107248	8388608	8976	0	0	43882	0	
12582912	12582912	4058112	4058112	8388608	16	8116208	8388608	16	0	0	32080	0	
12582912	12582912	4057796	4058428	8388608	31508	8084716	8388608	31508	0	0	73011	0	
12582912	12582912	4058088	4058136	8388608	11524	8104700	8388608	11524	0	0	47382	0	
12582912	12582912	4058024	4058200	8388608	1240	8114984	8388608	1240	0	0	34471	0	
12582912	12582912	4058072	4058152	8388608	14188	8102036	8388608	14188	0	0	52070	0	
12582912	12582912	4058004	4058220	8388608	8976	8107248	8388608	8976	0	0	44305	0	
12582912	12582912	4057796	4058428	8388608	31564	8084660	8388608	31564	0	0	73116	0	
12582912	12582912	4058088	4058136	8388608	14736	8101488	8388608	14736	0	0	50556	0	
12582912	12582912	4058040	4058184	8388608	1832	8114392	8388608	1832	0	0	34902	0	
12582912	12582912	4058072	4058152	8388608	14188	8102036	8388608	14188	0	0	50831	0	
12582912	12582912	4058004	4058220	8388608	9116	8107108	8388608	9116	0	0	43542	0	
12582912	12582912	4058112	4058112	8388608	28	8116196	8388608	28	0	0	31252	0	
12582912	12582912	4057536	4058688	8388608	37904	8078320	8388608	31680	0	0	83315	0	
12582912	12582912	4058100	4058124	8388608	6796	8109428	8388608	6796	0	0	40941	0	
12582912	12582912	4057480	4058744	8388608	14704	8101520	8388608	14704	0	0	54639	0	
12582912	12582912	4058004	4058220	8388608	9956	8106268	8388608	9956	0	0	44604	0	
12582912	12582912	4058112	4058112	8388608	84	8116140	8388608	84	0	0	31787	0	
12582912	12582912	4057536	4058688	8388608	31680	8084544	8388608	31680	0	0	70743	0	
12582912	12582912	4058036	4058188	8388608	11696	8104528	8388608	11696	0	0	46439	0	
12582912	12582912	4058024	4058200	8388608	1240	8114984	8388608	1240	0	0	33596	0	
12582912	12582912	4058072	4058152	8388608	14188	8102036	8388608	14188	0	0	51012	0	
12582912	12582912	4058004	4058220	8388608	8976	8107248	8388608	8976	0	0	43264	0	
12582912	12582912	4058112	4058112	8388608	28	8116196	8388608	28	0	0	31603	0	
12582912	12582912	4057536	4058688	8388608	31680	8084544	8388608	31680	0	0	71530	0	
12582912	12582912	4058024	4058200	8388608	11696	8104528	8388608	11696	0	0	46002	0	
12582912	12582912	4058024	4058200	8388608	1240	8114984	8388608	1240	0	0	33361	0	
12582912	12582912	4058072	4058152	8388608	14188	8102036	8388608	14188	0	0	50902	0	
12582912	12582912	4058004	4058220	8388608	8976	8107248	8388608	8976	0	0	43482	0	
12582912	12582912	4058112	4058112	8388608	28	8116196	8388608	28	0	0	31337	0	
12582912	12582912	4057796	4058428	8388608	31508	8084716	8388608	31508	0	0	71922	0	
12582912	12582912	4058088	4058136	8388608	11524	8104700	8388608	11524	0	0	46011	0	
12582912	12582912	4058036	4058188	8388608	1240	8114984	8388608	1240	0	0	33471	0	
12582912	12582912	4058072	4058152	8388608	14188	8102036	8388608	14188	0	0	51269	0	
12582912	12582912	4058004	4058220	8388608	8976	8107248	8388608	8976	0	0	43455	0	
12582912	12582912	4057796	4058428	8388608	31564	8084660	8388608	31564	0	0	71369	0	
12582912	12582912	4058088	4058136	8388608	14736	8101488	8388608	14736	0	0	49399	0	
12582912	12582912	4058040	4058184	8388608	1832	8114392	8388608	1832	0	0	36611	0	
12582912	12582912	4058072	4058152	8388608	14188	8102036	8388608	14188	0	0	51597	0	
12582912	12582912	4058004	4058220	8388608	9116	8107108	8388608	9116	0	0	43848	0	
12582912	12582912	4057480	4058744	8388608	31736	8084488	8388608	31736	0	0	72072	0	
12582912	12582912	4058068	4058156	8388608	14792	8101432	8388608	14792	0	0	49476	0	
12582912	12582912	4058040	4058184	8388608	1832	8114392	8388608	1832	0	0	34939	0	
12582912	12582912	4058072	4058152	8388608	14188	8102036	8388608	14188	0	0	51294	0	
12582912	12582912	4058004	4058220	8388608	9116	8107108	8388608	9116	0	0	43799	0	
12582912	12582912	4057480	4058744	8388608	31736	8084488	8388608	31736	0	0	71509	0	
12582912	12582912	4058068	4058156	8388608	14792	8101432	8388608	14792	0	0	49349	0	
12582912	12582912	4058028	4058196	8388608	1832	8114392	8388608	1832	0	0	34815	0	
12582912	12582912	4058072	4058152	8388608	14188	8102036	8388608	14188	0	0	51270	0	
12582912	12582912	4058004	4058220	8388608	9116	8107108	8388608	9116	0	0	43356	0	
