b_initial_y_size_0	b_max_y_size_1	b_used_2	b_available_3	b_committed_4	a_used_5	a_available_6	a_committed_7	a_survived_8	a_promoted_9	a_copied_10	a_time_in_ns_11	promotion_rate_12
15728640	15728640	5072632	5072648	10485760	17744	10127536	10485760	67488	49744	0	240759	82	
15728640	15728640	5072624	5072656	10485760	14204	10131076	10485760	17428	3224	0	75928	18	
15728640	15728640	5072616	5072664	10485760	6252	10139028	10485760	6252	0	0	51419	0	
15728640	15728640	5072616	5072664	10485760	31736	10113544	10485760	33492	1756	0	89736	28	
15728640	15728640	5072616	5072664	10485760	16404	10128876	10485760	16404	0	0	62138	0	
15728640	15728640	5072616	5072664	10485760	3876	10141404	10485760	3876	0	0	46572	0	
15728640	15728640	5072616	5072664	10485760	828	10144452	10485760	828	0	0	39789	0	
15728640	15728640	5072616	5072664	10485760	14956	10130324	10485760	14956	0	0	57904	0	
15728640	15728640	5072616	5072664	10485760	11916	10133364	10485760	12168	252	0	57443	1	
15728640	15728640	5072616	5072664	10485760	2676	10142604	10485760	2676	0	0	40586	0	
15728640	15728640	5072616	5072664	10485760	576	10144704	10485760	576	0	0	37061	0	
15728640	15728640	5072616	5072664	10485760	156	10145124	10485760	156	0	0	35930	0	
15728640	15728640	5072616	5072664	10485760	28	10145252	10485760	28	0	0	37697	0	
15728640	15728640	5072616	5072664	10485760	31736	10113544	10485760	31736	0	0	91077	0	
15728640	15728640	5072616	5072664	10485760	16680	10128600	10485760	16680	0	0	63003	0	
15728640	15728640	5072616	5072664	10485760	3060	10142220	10485760	3780	720	0	45197	4	
15728640	15728640	5072616	5072664	10485760	672	10144608	10485760	672	0	0	40648	0	
15728640	15728640	5072616	5072664	10485760	68	10145212	10485760	68	0	0	38507	0	
15728640	15728640	5072616	5072664	10485760	28	10145252	10485760	28	0	0	37278	0	
15728640	15728640	5072616	5072664	10485760	28	10145252	10485760	28	0	0	36720	0	
15728640	15728640	5072616	5072664	10485760	28	10145252	10485760	28	0	0	58432	0	
15728640	15728640	5072568	5072712	10485760	15592	10129688	10485760	15592	0	0	69419	0	
15728640	15728640	5072568	5072712	10485760	11076	10134204	10485760	12252	1176	0	61241	7	
15728640	15728640	5072568	5072712	10485760	2536	10142744	10485760	2536	0	0	43657	0	
15728640	15728640	5072568	5072712	10485760	576	10144704	10485760	576	0	0	53847	0	
15728640	15728640	5072568	5072712	10485760	32072	10113208	10485760	32072	0	0	87740	0	
15728640	15728640	5072568	5072712	10485760	16172	10129108	10485760	16508	336	0	65530	1	
15728640	15728640	5072568	5072712	10485760	3640	10141640	10485760	3640	0	0	44262	0	
15728640	15728640	5072568	5072712	10485760	844	10144436	10485760	844	0	0	39289	0	
15728640	15728640	5072568	5072712	10485760	124	10145156	10485760	124	0	0	38338	0	
15728640	15728640	5072568	5072712	10485760	124	10145156	10485760	124	0	0	36545	0	
15728640	15728640	5072568	5072712	10485760	124	10145156	10485760	124	0	0	36172	0	
15728640	15728640	5072568	5072712	10485760	124	10145156	10485760	124	0	0	35601	0	
15728640	15728640	5072568	5072712	10485760	124	10145156	10485760	124	0	0	35197	0	
15728640	15728640	5072568	5072712	10485760	124	10145156	10485760	124	0	0	35200	0	
15728640	15728640	5072568	5072712	10485760	124	10145156	10485760	124	0	0	34988	0	
15728640	15728640	5072568	5072712	10485760	124	10145156	10485760	124	0	0	35069	0	
15728640	15728640	5072568	5072712	10485760	124	10145156	10485760	124	0	0	34915	0	
15728640	15728640	5072568	5072712	10485760	124	10145156	10485760	124	0	0	35462	0	
15728640	15728640	5072568	5072712	10485760	124	10145156	10485760	124	0	0	35385	0	
15728640	15728640	5072568	5072712	10485760	124	10145156	10485760	124	0	0	35329	0	
15728640	15728640	5072568	5072712	10485760	124	10145156	10485760	124	0	0	34910	0	
15728640	15728640	5072568	5072712	10485760	124	10145156	10485760	124	0	0	34854	0	
15728640	15728640	5072568	5072712	10485760	124	10145156	10485760	124	0	0	34786	0	
15728640	15728640	5072568	5072712	10485760	124	10145156	10485760	124	0	0	34784	0	
15728640	15728640	5072568	5072712	10485760	124	10145156	10485760	124	0	0	35041	0	
15728640	15728640	5072568	5072712	10485760	180	10145100	10485760	180	0	0	39989	0	
15728640	15728640	5072568	5072712	10485760	152	10145128	10485760	208	56	0	43003	31	
15728640	15728640	5072568	5072712	10485760	124	10145156	10485760	152	28	0	38186	18	
15728640	15728640	5072568	5072712	10485760	124	10145156	10485760	124	0	0	35480	0	
15728640	15728640	5072568	5072712	10485760	124	10145156	10485760	124	0	0	35472	0	
15728640	15728640	5072568	5072712	10485760	124	10145156	10485760	124	0	0	35095	0	
15728640	15728640	5072568	5072712	10485760	124	10145156	10485760	124	0	0	35436	0	
15728640	15728640	5072568	5072712	10485760	124	10145156	10485760	124	0	0	34851	0	
15728640	15728640	5072568	5072712	10485760	124	10145156	10485760	124	0	0	36259	0	
15728640	15728640	5072568	5072712	10485760	124	10145156	10485760	124	0	0	35445	0	
15728640	15728640	5072568	5072712	10485760	124	10145156	10485760	124	0	0	34905	0	
15728640	15728640	5072568	5072712	10485760	124	10145156	10485760	124	0	0	34742	0	
15728640	15728640	5072568	5072712	10485760	124	10145156	10485760	124	0	0	34656	0	
15728640	15728640	5072568	5072712	10485760	124	10145156	10485760	124	0	0	34458	0	
15728640	15728640	5072568	5072712	10485760	124	10145156	10485760	124	0	0	34993	0	
15728640	15728640	5072568	5072712	10485760	124	10145156	10485760	124	0	0	34408	0	
15728640	15728640	5072568	5072712	10485760	124	10145156	10485760	124	0	0	34685	0	
15728640	15728640	5072568	5072712	10485760	124	10145156	10485760	124	0	0	34582	0	
15728640	15728640	5072568	5072712	10485760	124	10145156	10485760	124	0	0	34418	0	
15728640	15728640	5072568	5072712	10485760	124	10145156	10485760	124	0	0	34583	0	
15728640	15728640	5072568	5072712	10485760	124	10145156	10485760	124	0	0	38286	0	
15728640	15728640	5072568	5072712	10485760	124	10145156	10485760	124	0	0	36942	0	
15728640	15728640	5072568	5072712	10485760	124	10145156	10485760	124	0	0	33435	0	
15728640	15728640	5072568	5072712	10485760	124	10145156	10485760	124	0	0	53700	0	
15728640	15728640	5072568	5072712	10485760	124	10145156	10485760	124	0	0	52976	0	
15728640	15728640	5072568	5072712	10485760	124	10145156	10485760	124	0	0	66401	0	
15728640	15728640	5072568	5072712	10485760	124	10145156	10485760	124	0	0	49035	0	
15728640	15728640	5072568	5072712	10485760	124	10145156	10485760	124	0	0	39893	0	
15728640	15728640	5072568	5072712	10485760	124	10145156	10485760	124	0	0	38061	0	
15728640	15728640	5072568	5072712	10485760	124	10145156	10485760	124	0	0	36828	0	
15728640	15728640	5072568	5072712	10485760	124	10145156	10485760	124	0	0	37241	0	
15728640	15728640	5072568	5072712	10485760	124	10145156	10485760	124	0	0	36184	0	
15728640	15728640	5072568	5072712	10485760	124	10145156	10485760	124	0	0	35626	0	
15728640	15728640	5072568	5072712	10485760	124	10145156	10485760	124	0	0	36377	0	
15728640	15728640	5072568	5072712	10485760	124	10145156	10485760	124	0	0	36207	0	
15728640	15728640	5072568	5072712	10485760	124	10145156	10485760	124	0	0	35258	0	
15728640	15728640	5072568	5072712	10485760	124	10145156	10485760	124	0	0	35425	0	
15728640	15728640	5072568	5072712	10485760	124	10145156	10485760	124	0	0	35728	0	
15728640	15728640	5072568	5072712	10485760	180	10145100	10485760	180	0	0	39971	0	
15728640	15728640	5072568	5072712	10485760	124	10145156	10485760	180	56	0	45154	31	
15728640	15728640	5072568	5072712	10485760	124	10145156	10485760	124	0	0	36807	0	
15728640	15728640	5072568	5072712	10485760	124	10145156	10485760	124	0	0	37054	0	
15728640	15728640	5072568	5072712	10485760	124	10145156	10485760	124	0	0	36244	0	
15728640	15728640	5072568	5072712	10485760	124	10145156	10485760	124	0	0	36498	0	
15728640	15728640	5072568	5072712	10485760	124	10145156	10485760	124	0	0	35800	0	
15728640	15728640	5072568	5072712	10485760	124	10145156	10485760	124	0	0	36315	0	
15728640	15728640	5072568	5072712	10485760	124	10145156	10485760	124	0	0	35981	0	
15728640	15728640	5072568	5072712	10485760	124	10145156	10485760	124	0	0	36047	0	
15728640	15728640	5072568	5072712	10485760	124	10145156	10485760	124	0	0	36093	0	
15728640	15728640	5072568	5072712	10485760	124	10145156	10485760	124	0	0	36461	0	
15728640	15728640	5072568	5072712	10485760	124	10145156	10485760	124	0	0	36111	0	
15728640	15728640	5072568	5072712	10485760	124	10145156	10485760	124	0	0	36293	0	
15728640	15728640	5072568	5072712	10485760	124	10145156	10485760	124	0	0	35944	0	
15728640	15728640	5072568	5072712	10485760	124	10145156	10485760	124	0	0	35854	0	
15728640	15728640	5072568	5072712	10485760	124	10145156	10485760	124	0	0	35502	0	
15728640	15728640	5072568	5072712	10485760	124	10145156	10485760	124	0	0	35634	0	
15728640	15728640	5072568	5072712	10485760	124	10145156	10485760	124	0	0	36020	0	
15728640	15728640	5072568	5072712	10485760	124	10145156	10485760	124	0	0	36041	0	
15728640	15728640	5072568	5072712	10485760	124	10145156	10485760	124	0	0	35895	0	
15728640	15728640	5072568	5072712	10485760	124	10145156	10485760	124	0	0	35908	0	
15728640	15728640	5072568	5072712	10485760	124	10145156	10485760	124	0	0	36616	0	
15728640	15728640	5072568	5072712	10485760	124	10145156	10485760	124	0	0	38479	0	
15728640	15728640	5072568	5072712	10485760	124	10145156	10485760	124	0	0	36978	0	
15728640	15728640	5072568	5072712	10485760	124	10145156	10485760	124	0	0	36952	0	
15728640	15728640	5072568	5072712	10485760	124	10145156	10485760	124	0	0	36693	0	
15728640	15728640	5072568	5072712	10485760	124	10145156	10485760	124	0	0	36335	0	
15728640	15728640	5072568	5072712	10485760	124	10145156	10485760	124	0	0	36595	0	
15728640	15728640	5072568	5072712	10485760	124	10145156	10485760	124	0	0	36849	0	
15728640	15728640	5072568	5072712	10485760	124	10145156	10485760	124	0	0	36021	0	
15728640	15728640	5072568	5072712	10485760	124	10145156	10485760	124	0	0	35566	0	
15728640	15728640	5072568	5072712	10485760	124	10145156	10485760	124	0	0	36127	0	
15728640	15728640	5072568	5072712	10485760	124	10145156	10485760	124	0	0	35807	0	
15728640	15728640	5072568	5072712	10485760	124	10145156	10485760	124	0	0	35633	0	
15728640	15728640	5072568	5072712	10485760	124	10145156	10485760	124	0	0	35333	0	
15728640	15728640	5072568	5072712	10485760	124	10145156	10485760	124	0	0	35662	0	
15728640	15728640	5072568	5072712	10485760	124	10145156	10485760	124	0	0	34864	0	
15728640	15728640	5072568	5072712	10485760	124	10145156	10485760	124	0	0	34992	0	
15728640	15728640	5072568	5072712	10485760	124	10145156	10485760	124	0	0	35439	0	
15728640	15728640	5072568	5072712	10485760	124	10145156	10485760	124	0	0	35333	0	
15728640	15728640	5072568	5072712	10485760	124	10145156	10485760	124	0	0	35598	0	
15728640	15728640	5072568	5072712	10485760	124	10145156	10485760	124	0	0	35528	0	
15728640	15728640	5072568	5072712	10485760	124	10145156	10485760	124	0	0	34801	0	
15728640	15728640	5072568	5072712	10485760	124	10145156	10485760	124	0	0	35390	0	
15728640	15728640	5072568	5072712	10485760	124	10145156	10485760	124	0	0	35498	0	
15728640	15728640	5072568	5072712	10485760	124	10145156	10485760	124	0	0	35430	0	
15728640	15728640	5072568	5072712	10485760	124	10145156	10485760	124	0	0	35423	0	
15728640	15728640	5072568	5072712	10485760	124	10145156	10485760	124	0	0	35649	0	
15728640	15728640	5072568	5072712	10485760	124	10145156	10485760	124	0	0	35505	0	
15728640	15728640	5072568	5072712	10485760	124	10145156	10485760	124	0	0	35335	0	
15728640	15728640	5072568	5072712	10485760	124	10145156	10485760	124	0	0	35488	0	
15728640	15728640	5072568	5072712	10485760	124	10145156	10485760	124	0	0	35307	0	
15728640	15728640	5072568	5072712	10485760	124	10145156	10485760	124	0	0	35655	0	
15728640	15728640	5072568	5072712	10485760	124	10145156	10485760	124	0	0	35331	0	
15728640	15728640	5072568	5072712	10485760	124	10145156	10485760	124	0	0	35983	0	
15728640	15728640	5072568	5072712	10485760	124	10145156	10485760	124	0	0	35875	0	
15728640	15728640	5072568	5072712	10485760	124	10145156	10485760	124	0	0	35988	0	
15728640	15728640	5072568	5072712	10485760	124	10145156	10485760	124	0	0	35836	0	
15728640	15728640	5072568	5072712	10485760	124	10145156	10485760	124	0	0	35293	0	
15728640	15728640	5072568	5072712	10485760	124	10145156	10485760	124	0	0	35087	0	
15728640	15728640	5072568	5072712	10485760	124	10145156	10485760	124	0	0	36074	0	
15728640	15728640	5072568	5072712	10485760	124	10145156	10485760	124	0	0	35420	0	
15728640	15728640	5072568	5072712	10485760	124	10145156	10485760	124	0	0	36581	0	
15728640	15728640	5072568	5072712	10485760	124	10145156	10485760	124	0	0	35733	0	
15728640	15728640	5072568	5072712	10485760	124	10145156	10485760	124	0	0	38032	0	
15728640	15728640	5072568	5072712	10485760	124	10145156	10485760	124	0	0	36442	0	
15728640	15728640	5072568	5072712	10485760	124	10145156	10485760	124	0	0	36156	0	
15728640	15728640	5072568	5072712	10485760	124	10145156	10485760	124	0	0	36362	0	
15728640	15728640	5072568	5072712	10485760	124	10145156	10485760	124	0	0	36134	0	
15728640	15728640	5072568	5072712	10485760	124	10145156	10485760	124	0	0	36420	0	
15728640	15728640	5072568	5072712	10485760	124	10145156	10485760	124	0	0	35548	0	
15728640	15728640	5072568	5072712	10485760	124	10145156	10485760	124	0	0	36367	0	
15728640	15728640	5072568	5072712	10485760	124	10145156	10485760	124	0	0	35941	0	
15728640	15728640	5072568	5072712	10485760	124	10145156	10485760	124	0	0	33579	0	
15728640	15728640	5072568	5072712	10485760	124	10145156	10485760	124	0	0	33764	0	
15728640	15728640	5072568	5072712	10485760	124	10145156	10485760	124	0	0	33549	0	
15728640	15728640	5072568	5072712	10485760	124	10145156	10485760	124	0	0	35984	0	
15728640	15728640	5072568	5072712	10485760	124	10145156	10485760	124	0	0	36783	0	
15728640	15728640	5072568	5072712	10485760	124	10145156	10485760	124	0	0	36789	0	
15728640	15728640	5072568	5072712	10485760	124	10145156	10485760	124	0	0	36709	0	
15728640	15728640	5072568	5072712	10485760	124	10145156	10485760	124	0	0	37130	0	
15728640	15728640	5072568	5072712	10485760	124	10145156	10485760	124	0	0	36263	0	
15728640	15728640	5072568	5072712	10485760	124	10145156	10485760	124	0	0	35541	0	
15728640	15728640	5072568	5072712	10485760	124	10145156	10485760	124	0	0	36204	0	
15728640	15728640	5072568	5072712	10485760	124	10145156	10485760	124	0	0	36028	0	
15728640	15728640	5072568	5072712	10485760	124	10145156	10485760	124	0	0	35846	0	
15728640	15728640	5072568	5072712	10485760	124	10145156	10485760	124	0	0	36203	0	
15728640	15728640	5072568	5072712	10485760	124	10145156	10485760	124	0	0	35756	0	
15728640	15728640	5072568	5072712	10485760	124	10145156	10485760	124	0	0	35766	0	
15728640	15728640	5072568	5072712	10485760	124	10145156	10485760	124	0	0	36035	0	
15728640	15728640	5072568	5072712	10485760	124	10145156	10485760	124	0	0	35766	0	
15728640	15728640	5072568	5072712	10485760	124	10145156	10485760	124	0	0	36265	0	
15728640	15728640	5072568	5072712	10485760	124	10145156	10485760	124	0	0	35556	0	
15728640	15728640	5072568	5072712	10485760	124	10145156	10485760	124	0	0	36214	0	
15728640	15728640	5072568	5072712	10485760	124	10145156	10485760	124	0	0	36701	0	
15728640	15728640	5072568	5072712	10485760	124	10145156	10485760	124	0	0	36234	0	
15728640	15728640	5072568	5072712	10485760	124	10145156	10485760	124	0	0	36094	0	
15728640	15728640	5072568	5072712	10485760	124	10145156	10485760	124	0	0	35578	0	
15728640	15728640	5072568	5072712	10485760	124	10145156	10485760	124	0	0	36130	0	
15728640	15728640	5072568	5072712	10485760	124	10145156	10485760	124	0	0	35860	0	
15728640	15728640	5072568	5072712	10485760	124	10145156	10485760	124	0	0	36047	0	
15728640	15728640	5072568	5072712	10485760	124	10145156	10485760	124	0	0	36523	0	
15728640	15728640	5072568	5072712	10485760	124	10145156	10485760	124	0	0	36303	0	
15728640	15728640	5072568	5072712	10485760	124	10145156	10485760	124	0	0	35771	0	
15728640	15728640	5072568	5072712	10485760	124	10145156	10485760	124	0	0	36308	0	
15728640	15728640	5072568	5072712	10485760	124	10145156	10485760	124	0	0	49876	0	
15728640	15728640	5072568	5072712	10485760	124	10145156	10485760	124	0	0	37410	0	
15728640	15728640	5072568	5072712	10485760	124	10145156	10485760	124	0	0	35854	0	
15728640	15728640	5072568	5072712	10485760	124	10145156	10485760	124	0	0	35173	0	
15728640	15728640	5072568	5072712	10485760	124	10145156	10485760	124	0	0	35124	0	
15728640	15728640	5072568	5072712	10485760	124	10145156	10485760	124	0	0	35374	0	
15728640	15728640	5072568	5072712	10485760	124	10145156	10485760	124	0	0	34640	0	
15728640	15728640	5072568	5072712	10485760	124	10145156	10485760	124	0	0	34791	0	
15728640	15728640	5072568	5072712	10485760	124	10145156	10485760	124	0	0	35153	0	
15728640	15728640	5072568	5072712	10485760	124	10145156	10485760	124	0	0	35034	0	
15728640	15728640	5072568	5072712	10485760	124	10145156	10485760	124	0	0	34746	0	
15728640	15728640	5072568	5072712	10485760	124	10145156	10485760	124	0	0	35417	0	
15728640	15728640	5072568	5072712	10485760	124	10145156	10485760	124	0	0	34656	0	
15728640	15728640	5072568	5072712	10485760	124	10145156	10485760	124	0	0	34748	0	
15728640	15728640	5072568	5072712	10485760	124	10145156	10485760	124	0	0	34830	0	
15728640	15728640	5072568	5072712	10485760	124	10145156	10485760	124	0	0	34780	0	
15728640	15728640	5072568	5072712	10485760	124	10145156	10485760	124	0	0	34539	0	
15728640	15728640	5072568	5072712	10485760	124	10145156	10485760	124	0	0	34142	0	
15728640	15728640	5072568	5072712	10485760	124	10145156	10485760	124	0	0	34032	0	
15728640	15728640	5072568	5072712	10485760	124	10145156	10485760	124	0	0	34487	0	
15728640	15728640	5072568	5072712	10485760	124	10145156	10485760	124	0	0	35953	0	
15728640	15728640	5072568	5072712	10485760	124	10145156	10485760	124	0	0	34522	0	
15728640	15728640	5072568	5072712	10485760	124	10145156	10485760	124	0	0	34357	0	
15728640	15728640	5072568	5072712	10485760	124	10145156	10485760	124	0	0	34878	0	
15728640	15728640	5072568	5072712	10485760	124	10145156	10485760	124	0	0	35058	0	
15728640	15728640	5072568	5072712	10485760	124	10145156	10485760	124	0	0	34332	0	
15728640	15728640	5072568	5072712	10485760	124	10145156	10485760	124	0	0	34468	0	
15728640	15728640	5072568	5072712	10485760	124	10145156	10485760	124	0	0	34192	0	
15728640	15728640	5072568	5072712	10485760	124	10145156	10485760	124	0	0	34552	0	
15728640	15728640	5072568	5072712	10485760	124	10145156	10485760	124	0	0	35346	0	
15728640	15728640	5072568	5072712	10485760	124	10145156	10485760	124	0	0	35252	0	
15728640	15728640	5072568	5072712	10485760	124	10145156	10485760	124	0	0	31908	0	
15728640	15728640	5072568	5072712	10485760	124	10145156	10485760	124	0	0	34657	0	
15728640	15728640	5072568	5072712	10485760	124	10145156	10485760	124	0	0	34648	0	
15728640	15728640	5072568	5072712	10485760	124	10145156	10485760	124	0	0	34688	0	
15728640	15728640	5072568	5072712	10485760	124	10145156	10485760	124	0	0	34613	0	
15728640	15728640	5072568	5072712	10485760	124	10145156	10485760	124	0	0	34491	0	
15728640	15728640	5072568	5072712	10485760	124	10145156	10485760	124	0	0	34418	0	
15728640	15728640	5072568	5072712	10485760	124	10145156	10485760	124	0	0	34271	0	
15728640	15728640	5072568	5072712	10485760	124	10145156	10485760	124	0	0	34990	0	
15728640	15728640	5072568	5072712	10485760	124	10145156	10485760	124	0	0	34685	0	
15728640	15728640	5072568	5072712	10485760	124	10145156	10485760	124	0	0	34596	0	
15728640	15728640	5072568	5072712	10485760	124	10145156	10485760	124	0	0	37451	0	
15728640	15728640	5072568	5072712	10485760	124	10145156	10485760	124	0	0	36499	0	
15728640	15728640	5072568	5072712	10485760	124	10145156	10485760	124	0	0	35514	0	
15728640	15728640	5072568	5072712	10485760	124	10145156	10485760	124	0	0	35307	0	
15728640	15728640	5072568	5072712	10485760	124	10145156	10485760	124	0	0	34981	0	
15728640	15728640	5072568	5072712	10485760	124	10145156	10485760	124	0	0	34858	0	
15728640	15728640	5072568	5072712	10485760	124	10145156	10485760	124	0	0	34685	0	
15728640	15728640	5072568	5072712	10485760	124	10145156	10485760	124	0	0	34813	0	
15728640	15728640	5072568	5072712	10485760	124	10145156	10485760	124	0	0	47470	0	
15728640	15728640	5072568	5072712	10485760	124	10145156	10485760	124	0	0	35706	0	
15728640	15728640	5072568	5072712	10485760	124	10145156	10485760	124	0	0	34945	0	
15728640	15728640	5072568	5072712	10485760	124	10145156	10485760	124	0	0	34748	0	
15728640	15728640	5072568	5072712	10485760	124	10145156	10485760	124	0	0	34399	0	
15728640	15728640	5072568	5072712	10485760	124	10145156	10485760	124	0	0	34122	0	
15728640	15728640	5072568	5072712	10485760	124	10145156	10485760	124	0	0	34534	0	
15728640	15728640	5072568	5072712	10485760	124	10145156	10485760	124	0	0	32068	0	
15728640	15728640	5072568	5072712	10485760	124	10145156	10485760	124	0	0	34459	0	
15728640	15728640	5072568	5072712	10485760	124	10145156	10485760	124	0	0	34382	0	
15728640	15728640	5072568	5072712	10485760	124	10145156	10485760	124	0	0	34571	0	
15728640	15728640	5072568	5072712	10485760	124	10145156	10485760	124	0	0	35589	0	
15728640	15728640	5072568	5072712	10485760	124	10145156	10485760	124	0	0	34540	0	
15728640	15728640	5072568	5072712	10485760	124	10145156	10485760	124	0	0	34609	0	
15728640	15728640	5072568	5072712	10485760	124	10145156	10485760	124	0	0	34583	0	
15728640	15728640	5072568	5072712	10485760	124	10145156	10485760	124	0	0	34242	0	
15728640	15728640	5072568	5072712	10485760	124	10145156	10485760	124	0	0	34170	0	
15728640	15728640	5072568	5072712	10485760	124	10145156	10485760	124	0	0	34439	0	
15728640	15728640	5072568	5072712	10485760	124	10145156	10485760	124	0	0	38144	0	
15728640	15728640	5072568	5072712	10485760	124	10145156	10485760	124	0	0	35573	0	
15728640	15728640	5072568	5072712	10485760	124	10145156	10485760	124	0	0	35146	0	
15728640	15728640	5072568	5072712	10485760	124	10145156	10485760	124	0	0	34553	0	
15728640	15728640	5072568	5072712	10485760	124	10145156	10485760	124	0	0	34584	0	
15728640	15728640	5072568	5072712	10485760	124	10145156	10485760	124	0	0	34567	0	
15728640	15728640	5072568	5072712	10485760	124	10145156	10485760	124	0	0	35769	0	
15728640	15728640	5072568	5072712	10485760	124	10145156	10485760	124	0	0	34940	0	
15728640	15728640	5072568	5072712	10485760	124	10145156	10485760	124	0	0	34773	0	
15728640	15728640	5072568	5072712	10485760	124	10145156	10485760	124	0	0	34120	0	
15728640	15728640	5072568	5072712	10485760	124	10145156	10485760	124	0	0	34142	0	
15728640	15728640	5072568	5072712	10485760	124	10145156	10485760	124	0	0	34234	0	
15728640	15728640	5072568	5072712	10485760	124	10145156	10485760	124	0	0	34293	0	
15728640	15728640	5072568	5072712	10485760	124	10145156	10485760	124	0	0	33942	0	
15728640	15728640	5072568	5072712	10485760	124	10145156	10485760	124	0	0	35585	0	
15728640	15728640	5072568	5072712	10485760	124	10145156	10485760	124	0	0	34730	0	
15728640	15728640	5072568	5072712	10485760	124	10145156	10485760	124	0	0	37462	0	
15728640	15728640	5072568	5072712	10485760	124	10145156	10485760	124	0	0	36046	0	
15728640	15728640	5072568	5072712	10485760	124	10145156	10485760	124	0	0	35503	0	
15728640	15728640	5072568	5072712	10485760	124	10145156	10485760	124	0	0	35817	0	
15728640	15728640	5072568	5072712	10485760	124	10145156	10485760	124	0	0	35570	0	
15728640	15728640	5072568	5072712	10485760	124	10145156	10485760	124	0	0	34975	0	
15728640	15728640	5072568	5072712	10485760	124	10145156	10485760	124	0	0	34802	0	
15728640	15728640	5072568	5072712	10485760	124	10145156	10485760	124	0	0	38719	0	
15728640	15728640	5072568	5072712	10485760	124	10145156	10485760	124	0	0	39268	0	
15728640	15728640	5072568	5072712	10485760	124	10145156	10485760	124	0	0	36756	0	
15728640	15728640	5072568	5072712	10485760	124	10145156	10485760	124	0	0	36387	0	
15728640	15728640	5072568	5072712	10485760	124	10145156	10485760	124	0	0	35822	0	
15728640	15728640	5072568	5072712	10485760	124	10145156	10485760	124	0	0	35429	0	
15728640	15728640	5072568	5072712	10485760	124	10145156	10485760	124	0	0	36104	0	
15728640	15728640	5072568	5072712	10485760	124	10145156	10485760	124	0	0	35334	0	
15728640	15728640	5072568	5072712	10485760	124	10145156	10485760	124	0	0	34981	0	
15728640	15728640	5072568	5072712	10485760	124	10145156	10485760	124	0	0	35424	0	
15728640	15728640	5072568	5072712	10485760	124	10145156	10485760	124	0	0	36044	0	
15728640	15728640	5072568	5072712	10485760	124	10145156	10485760	124	0	0	35635	0	
15728640	15728640	5072568	5072712	10485760	124	10145156	10485760	124	0	0	35147	0	
15728640	15728640	5072568	5072712	10485760	124	10145156	10485760	124	0	0	35656	0	
15728640	15728640	5072568	5072712	10485760	124	10145156	10485760	124	0	0	34812	0	
15728640	15728640	5072568	5072712	10485760	124	10145156	10485760	124	0	0	34770	0	
15728640	15728640	5072568	5072712	10485760	124	10145156	10485760	124	0	0	35125	0	
15728640	15728640	5072568	5072712	10485760	124	10145156	10485760	124	0	0	34763	0	
15728640	15728640	5072568	5072712	10485760	124	10145156	10485760	124	0	0	32105	0	
15728640	15728640	5072568	5072712	10485760	124	10145156	10485760	124	0	0	34758	0	
15728640	15728640	5072568	5072712	10485760	124	10145156	10485760	124	0	0	34646	0	
15728640	15728640	5072568	5072712	10485760	124	10145156	10485760	124	0	0	34283	0	
15728640	15728640	5072568	5072712	10485760	124	10145156	10485760	124	0	0	36363	0	
15728640	15728640	5072568	5072712	10485760	124	10145156	10485760	124	0	0	34818	0	
15728640	15728640	5072568	5072712	10485760	124	10145156	10485760	124	0	0	34631	0	
15728640	15728640	5072568	5072712	10485760	124	10145156	10485760	124	0	0	34653	0	
15728640	15728640	5072568	5072712	10485760	124	10145156	10485760	124	0	0	34641	0	
15728640	15728640	5072568	5072712	10485760	124	10145156	10485760	124	0	0	34491	0	
15728640	15728640	5072568	5072712	10485760	124	10145156	10485760	124	0	0	31638	0	
15728640	15728640	5072568	5072712	10485760	124	10145156	10485760	124	0	0	34814	0	
15728640	15728640	5072568	5072712	10485760	124	10145156	10485760	124	0	0	34235	0	
15728640	15728640	5072568	5072712	10485760	124	10145156	10485760	124	0	0	34295	0	
15728640	15728640	5072568	5072712	10485760	124	10145156	10485760	124	0	0	34560	0	
15728640	15728640	5072568	5072712	10485760	124	10145156	10485760	124	0	0	34315	0	
15728640	15728640	5072568	5072712	10485760	124	10145156	10485760	124	0	0	34306	0	
15728640	15728640	5072568	5072712	10485760	124	10145156	10485760	124	0	0	34612	0	
15728640	15728640	5072568	5072712	10485760	124	10145156	10485760	124	0	0	34451	0	
15728640	15728640	5072568	5072712	10485760	124	10145156	10485760	124	0	0	34523	0	
15728640	15728640	5072568	5072712	10485760	124	10145156	10485760	124	0	0	34106	0	
15728640	15728640	5072568	5072712	10485760	124	10145156	10485760	124	0	0	34437	0	
15728640	15728640	5072568	5072712	10485760	124	10145156	10485760	124	0	0	34295	0	
15728640	15728640	5072568	5072712	10485760	124	10145156	10485760	124	0	0	34212	0	
15728640	15728640	5072568	5072712	10485760	124	10145156	10485760	124	0	0	34343	0	
15728640	15728640	5072568	5072712	10485760	124	10145156	10485760	124	0	0	34453	0	
15728640	15728640	5072568	5072712	10485760	124	10145156	10485760	124	0	0	34308	0	
15728640	15728640	5072568	5072712	10485760	124	10145156	10485760	124	0	0	34123	0	
15728640	15728640	5072568	5072712	10485760	124	10145156	10485760	124	0	0	33890	0	
15728640	15728640	5072568	5072712	10485760	124	10145156	10485760	124	0	0	34262	0	
15728640	15728640	5072568	5072712	10485760	124	10145156	10485760	124	0	0	34152	0	
15728640	15728640	5072568	5072712	10485760	124	10145156	10485760	124	0	0	33911	0	
15728640	15728640	5072568	5072712	10485760	124	10145156	10485760	124	0	0	33900	0	
15728640	15728640	5072568	5072712	10485760	124	10145156	10485760	124	0	0	33892	0	
15728640	15728640	5072568	5072712	10485760	124	10145156	10485760	124	0	0	31461	0	
15728640	15728640	5072568	5072712	10485760	124	10145156	10485760	124	0	0	34381	0	
15728640	15728640	5072568	5072712	10485760	124	10145156	10485760	124	0	0	32861	0	
15728640	15728640	5072568	5072712	10485760	124	10145156	10485760	124	0	0	35074	0	
15728640	15728640	5072568	5072712	10485760	124	10145156	10485760	124	0	0	34471	0	
15728640	15728640	5072568	5072712	10485760	124	10145156	10485760	124	0	0	34331	0	
15728640	15728640	5072568	5072712	10485760	124	10145156	10485760	124	0	0	34843	0	
15728640	15728640	5072568	5072712	10485760	124	10145156	10485760	124	0	0	34393	0	
15728640	15728640	5072568	5072712	10485760	124	10145156	10485760	124	0	0	34361	0	
15728640	15728640	5072568	5072712	10485760	124	10145156	10485760	124	0	0	34469	0	
15728640	15728640	5072568	5072712	10485760	124	10145156	10485760	124	0	0	34706	0	
15728640	15728640	5072568	5072712	10485760	124	10145156	10485760	124	0	0	34633	0	
15728640	15728640	5072568	5072712	10485760	124	10145156	10485760	124	0	0	34410	0	
15728640	15728640	5072568	5072712	10485760	124	10145156	10485760	124	0	0	34138	0	
15728640	15728640	5072568	5072712	10485760	124	10145156	10485760	124	0	0	34706	0	
15728640	15728640	5072568	5072712	10485760	124	10145156	10485760	124	0	0	34058	0	
15728640	15728640	5072568	5072712	10485760	124	10145156	10485760	124	0	0	34256	0	
15728640	15728640	5072568	5072712	10485760	124	10145156	10485760	124	0	0	33885	0	
15728640	15728640	5072568	5072712	10485760	124	10145156	10485760	124	0	0	33995	0	
15728640	15728640	5072568	5072712	10485760	124	10145156	10485760	124	0	0	33798	0	
15728640	15728640	5072568	5072712	10485760	124	10145156	10485760	124	0	0	34294	0	
15728640	15728640	5072568	5072712	10485760	124	10145156	10485760	124	0	0	34141	0	
15728640	15728640	5072568	5072712	10485760	124	10145156	10485760	124	0	0	34143	0	
15728640	15728640	5072568	5072712	10485760	124	10145156	10485760	124	0	0	34197	0	
15728640	15728640	5072568	5072712	10485760	124	10145156	10485760	124	0	0	34478	0	
15728640	15728640	5072568	5072712	10485760	124	10145156	10485760	124	0	0	34725	0	
15728640	15728640	5072568	5072712	10485760	124	10145156	10485760	124	0	0	34283	0	
15728640	15728640	5072568	5072712	10485760	124	10145156	10485760	124	0	0	34538	0	
15728640	15728640	5072568	5072712	10485760	124	10145156	10485760	124	0	0	31459	0	
15728640	15728640	5072568	5072712	10485760	124	10145156	10485760	124	0	0	33833	0	
15728640	15728640	5072568	5072712	10485760	124	10145156	10485760	124	0	0	33945	0	
15728640	15728640	5072568	5072712	10485760	124	10145156	10485760	124	0	0	34354	0	
15728640	15728640	5072568	5072712	10485760	124	10145156	10485760	124	0	0	34347	0	
15728640	15728640	5072568	5072712	10485760	124	10145156	10485760	124	0	0	35889	0	
15728640	15728640	5072568	5072712	10485760	124	10145156	10485760	124	0	0	34629	0	
15728640	15728640	5072568	5072712	10485760	124	10145156	10485760	124	0	0	34193	0	
15728640	15728640	5072568	5072712	10485760	124	10145156	10485760	124	0	0	33893	0	
15728640	15728640	5072568	5072712	10485760	124	10145156	10485760	124	0	0	34428	0	
15728640	15728640	5072568	5072712	10485760	124	10145156	10485760	124	0	0	34483	0	
15728640	15728640	5072568	5072712	10485760	124	10145156	10485760	124	0	0	34134	0	
15728640	15728640	5072568	5072712	10485760	124	10145156	10485760	124	0	0	34257	0	
15728640	15728640	5072568	5072712	10485760	124	10145156	10485760	124	0	0	34291	0	
15728640	15728640	5072568	5072712	10485760	124	10145156	10485760	124	0	0	34291	0	
15728640	15728640	5072568	5072712	10485760	124	10145156	10485760	124	0	0	34431	0	
15728640	15728640	5072568	5072712	10485760	124	10145156	10485760	124	0	0	34287	0	
15728640	15728640	5072568	5072712	10485760	124	10145156	10485760	124	0	0	34310	0	
15728640	15728640	5072568	5072712	10485760	124	10145156	10485760	124	0	0	34523	0	
15728640	15728640	5072568	5072712	10485760	124	10145156	10485760	124	0	0	34586	0	
15728640	15728640	5072568	5072712	10485760	124	10145156	10485760	124	0	0	34416	0	
15728640	15728640	5072568	5072712	10485760	124	10145156	10485760	124	0	0	34357	0	
15728640	15728640	5072568	5072712	10485760	124	10145156	10485760	124	0	0	34435	0	
15728640	15728640	5072568	5072712	10485760	124	10145156	10485760	124	0	0	33985	0	
15728640	15728640	5072568	5072712	10485760	124	10145156	10485760	124	0	0	34162	0	
15728640	15728640	5072568	5072712	10485760	124	10145156	10485760	124	0	0	34290	0	
15728640	15728640	5072568	5072712	10485760	124	10145156	10485760	124	0	0	34158	0	
15728640	15728640	5072568	5072712	10485760	124	10145156	10485760	124	0	0	34103	0	
15728640	15728640	5072568	5072712	10485760	124	10145156	10485760	124	0	0	34033	0	
15728640	15728640	5072568	5072712	10485760	124	10145156	10485760	124	0	0	34396	0	
15728640	15728640	5072568	5072712	10485760	124	10145156	10485760	124	0	0	33899	0	
15728640	15728640	5072568	5072712	10485760	124	10145156	10485760	124	0	0	31324	0	
15728640	15728640	5072568	5072712	10485760	124	10145156	10485760	124	0	0	31547	0	
15728640	15728640	5072568	5072712	10485760	124	10145156	10485760	124	0	0	34128	0	
15728640	15728640	5072568	5072712	10485760	124	10145156	10485760	124	0	0	34312	0	
15728640	15728640	5072568	5072712	10485760	124	10145156	10485760	124	0	0	34195	0	
15728640	15728640	5072568	5072712	10485760	124	10145156	10485760	124	0	0	35452	0	
15728640	15728640	5072568	5072712	10485760	124	10145156	10485760	124	0	0	34475	0	
15728640	15728640	5072568	5072712	10485760	124	10145156	10485760	124	0	0	34325	0	
15728640	15728640	5072568	5072712	10485760	124	10145156	10485760	124	0	0	31747	0	
15728640	15728640	5072568	5072712	10485760	124	10145156	10485760	124	0	0	34819	0	
15728640	15728640	5072568	5072712	10485760	124	10145156	10485760	124	0	0	34804	0	
15728640	15728640	5072568	5072712	10485760	124	10145156	10485760	124	0	0	34456	0	
15728640	15728640	5072568	5072712	10485760	124	10145156	10485760	124	0	0	34690	0	
15728640	15728640	5072568	5072712	10485760	124	10145156	10485760	124	0	0	34439	0	
15728640	15728640	5072568	5072712	10485760	124	10145156	10485760	124	0	0	34038	0	
15728640	15728640	5072568	5072712	10485760	124	10145156	10485760	124	0	0	33853	0	
15728640	15728640	5072568	5072712	10485760	124	10145156	10485760	124	0	0	33938	0	
15728640	15728640	5072568	5072712	10485760	124	10145156	10485760	124	0	0	34212	0	
15728640	15728640	5072568	5072712	10485760	124	10145156	10485760	124	0	0	35086	0	
15728640	15728640	5072568	5072712	10485760	124	10145156	10485760	124	0	0	34461	0	
15728640	15728640	5072568	5072712	10485760	124	10145156	10485760	124	0	0	34461	0	
15728640	15728640	5072568	5072712	10485760	124	10145156	10485760	124	0	0	34442	0	
15728640	15728640	5072568	5072712	10485760	124	10145156	10485760	124	0	0	34990	0	
15728640	15728640	5072568	5072712	10485760	124	10145156	10485760	124	0	0	34202	0	
15728640	15728640	5072568	5072712	10485760	124	10145156	10485760	124	0	0	34366	0	
15728640	15728640	5072568	5072712	10485760	124	10145156	10485760	124	0	0	34008	0	
15728640	15728640	5072568	5072712	10485760	124	10145156	10485760	124	0	0	34261	0	
15728640	15728640	5072568	5072712	10485760	124	10145156	10485760	124	0	0	34332	0	
15728640	15728640	5072568	5072712	10485760	124	10145156	10485760	124	0	0	34565	0	
15728640	15728640	5072568	5072712	10485760	124	10145156	10485760	124	0	0	34487	0	
15728640	15728640	5072568	5072712	10485760	124	10145156	10485760	124	0	0	34127	0	
15728640	15728640	5072568	5072712	10485760	124	10145156	10485760	124	0	0	34182	0	
15728640	15728640	5072568	5072712	10485760	124	10145156	10485760	124	0	0	34286	0	
15728640	15728640	5072568	5072712	10485760	124	10145156	10485760	124	0	0	34073	0	
15728640	15728640	5072568	5072712	10485760	124	10145156	10485760	124	0	0	34374	0	
15728640	15728640	5072568	5072712	10485760	124	10145156	10485760	124	0	0	34501	0	
15728640	15728640	5072568	5072712	10485760	124	10145156	10485760	124	0	0	34483	0	
15728640	15728640	5072568	5072712	10485760	124	10145156	10485760	124	0	0	36926	0	
15728640	15728640	5072568	5072712	10485760	124	10145156	10485760	124	0	0	35037	0	
15728640	15728640	5072568	5072712	10485760	124	10145156	10485760	124	0	0	35162	0	
15728640	15728640	5072568	5072712	10485760	124	10145156	10485760	124	0	0	35489	0	
15728640	15728640	5072568	5072712	10485760	124	10145156	10485760	124	0	0	34706	0	
15728640	15728640	5072568	5072712	10485760	124	10145156	10485760	124	0	0	34451	0	
15728640	15728640	5072568	5072712	10485760	124	10145156	10485760	124	0	0	34676	0	
15728640	15728640	5072568	5072712	10485760	124	10145156	10485760	124	0	0	34708	0	
15728640	15728640	5072568	5072712	10485760	124	10145156	10485760	124	0	0	34401	0	
15728640	15728640	5072568	5072712	10485760	124	10145156	10485760	124	0	0	34419	0	
15728640	15728640	5072568	5072712	10485760	124	10145156	10485760	124	0	0	34434	0	
15728640	15728640	5072568	5072712	10485760	124	10145156	10485760	124	0	0	34495	0	
15728640	15728640	5072568	5072712	10485760	124	10145156	10485760	124	0	0	34384	0	
15728640	15728640	5072568	5072712	10485760	124	10145156	10485760	124	0	0	34084	0	
15728640	15728640	5072568	5072712	10485760	124	10145156	10485760	124	0	0	34270	0	
15728640	15728640	5072568	5072712	10485760	124	10145156	10485760	124	0	0	34231	0	
15728640	15728640	5072568	5072712	10485760	124	10145156	10485760	124	0	0	34573	0	
15728640	15728640	5072568	5072712	10485760	124	10145156	10485760	124	0	0	34361	0	
15728640	15728640	5072568	5072712	10485760	124	10145156	10485760	124	0	0	35108	0	
15728640	15728640	5072568	5072712	10485760	124	10145156	10485760	124	0	0	34374	0	
15728640	15728640	5072568	5072712	10485760	124	10145156	10485760	124	0	0	34086	0	
15728640	15728640	5072568	5072712	10485760	124	10145156	10485760	124	0	0	34389	0	
15728640	15728640	5072568	5072712	10485760	124	10145156	10485760	124	0	0	34386	0	
15728640	15728640	5072568	5072712	10485760	124	10145156	10485760	124	0	0	34404	0	
15728640	15728640	5072568	5072712	10485760	124	10145156	10485760	124	0	0	34227	0	
15728640	15728640	5072568	5072712	10485760	124	10145156	10485760	124	0	0	34110	0	
15728640	15728640	5072568	5072712	10485760	124	10145156	10485760	124	0	0	57100	0	
15728640	15728640	5072568	5072712	10485760	124	10145156	10485760	124	0	0	34420	0	
15728640	15728640	5072568	5072712	10485760	124	10145156	10485760	124	0	0	34298	0	
15728640	15728640	5072568	5072712	10485760	124	10145156	10485760	124	0	0	33900	0	
15728640	15728640	5072568	5072712	10485760	124	10145156	10485760	124	0	0	34131	0	
15728640	15728640	5072568	5072712	10485760	124	10145156	10485760	124	0	0	35404	0	
15728640	15728640	5072568	5072712	10485760	124	10145156	10485760	124	0	0	34747	0	
15728640	15728640	5072568	5072712	10485760	124	10145156	10485760	124	0	0	34887	0	
15728640	15728640	5072568	5072712	10485760	124	10145156	10485760	124	0	0	34218	0	
15728640	15728640	5072568	5072712	10485760	124	10145156	10485760	124	0	0	34714	0	
15728640	15728640	5072568	5072712	10485760	124	10145156	10485760	124	0	0	37483	0	
15728640	15728640	5072568	5072712	10485760	124	10145156	10485760	124	0	0	34221	0	
15728640	15728640	5072568	5072712	10485760	124	10145156	10485760	124	0	0	34249	0	
15728640	15728640	5072568	5072712	10485760	124	10145156	10485760	124	0	0	34205	0	
15728640	15728640	5072568	5072712	10485760	124	10145156	10485760	124	0	0	34000	0	
15728640	15728640	5072568	5072712	10485760	124	10145156	10485760	124	0	0	34217	0	
15728640	15728640	5072568	5072712	10485760	124	10145156	10485760	124	0	0	34170	0	
15728640	15728640	5072568	5072712	10485760	124	10145156	10485760	124	0	0	33999	0	
15728640	15728640	5072568	5072712	10485760	124	10145156	10485760	124	0	0	33923	0	
15728640	15728640	5072568	5072712	10485760	124	10145156	10485760	124	0	0	33914	0	
15728640	15728640	5072568	5072712	10485760	124	10145156	10485760	124	0	0	33918	0	
15728640	15728640	5072568	5072712	10485760	124	10145156	10485760	124	0	0	34316	0	
15728640	15728640	5072568	5072712	10485760	124	10145156	10485760	124	0	0	34004	0	
15728640	15728640	5072568	5072712	10485760	124	10145156	10485760	124	0	0	31303	0	
15728640	15728640	5072568	5072712	10485760	124	10145156	10485760	124	0	0	33908	0	
15728640	15728640	5072568	5072712	10485760	124	10145156	10485760	124	0	0	34119	0	
15728640	15728640	5072568	5072712	10485760	124	10145156	10485760	124	0	0	33846	0	
15728640	15728640	5072568	5072712	10485760	124	10145156	10485760	124	0	0	34055	0	
15728640	15728640	5072568	5072712	10485760	124	10145156	10485760	124	0	0	34311	0	
15728640	15728640	5072568	5072712	10485760	124	10145156	10485760	124	0	0	34995	0	
15728640	15728640	5072568	5072712	10485760	124	10145156	10485760	124	0	0	34730	0	
15728640	15728640	5072568	5072712	10485760	124	10145156	10485760	124	0	0	34354	0	
15728640	15728640	5072568	5072712	10485760	124	10145156	10485760	124	0	0	34137	0	
15728640	15728640	5072568	5072712	10485760	124	10145156	10485760	124	0	0	33936	0	
15728640	15728640	5072568	5072712	10485760	124	10145156	10485760	124	0	0	34350	0	
15728640	15728640	5072568	5072712	10485760	124	10145156	10485760	124	0	0	34240	0	
15728640	15728640	5072568	5072712	10485760	124	10145156	10485760	124	0	0	35817	0	
15728640	15728640	5072568	5072712	10485760	124	10145156	10485760	124	0	0	34483	0	
15728640	15728640	5072568	5072712	10485760	124	10145156	10485760	124	0	0	34460	0	
15728640	15728640	5072568	5072712	10485760	124	10145156	10485760	124	0	0	34428	0	
15728640	15728640	5072568	5072712	10485760	124	10145156	10485760	124	0	0	34060	0	
15728640	15728640	5072568	5072712	10485760	124	10145156	10485760	124	0	0	35038	0	
15728640	15728640	5072568	5072712	10485760	124	10145156	10485760	124	0	0	34754	0	
15728640	15728640	5072568	5072712	10485760	124	10145156	10485760	124	0	0	34291	0	
