b_initial_y_size_0	b_max_y_size_1	b_used_2	b_available_3	b_committed_4	a_used_5	a_available_6	a_committed_7	a_survived_8	a_promoted_9	a_copied_10	a_time_in_ns_11	promotion_rate_12
15728640	15728640	5072592	5072688	10485760	46832	10098448	10485760	67624	49132	0	205642	78	
15728640	15728640	5072516	5072764	10485760	31564	10113716	10485760	35808	4244	0	108458	22	
15728640	15728640	5072588	5072692	10485760	7356	10137924	10485760	7356	0	0	48576	0	
15728640	15728640	5072624	5072656	10485760	14220	10131060	10485760	14220	0	0	83910	0	
15728640	15728640	5072552	5072728	10485760	4972	10140308	10485760	4972	0	0	54793	0	
15728640	15728640	5072628	5072652	10485760	48104	10097176	10485760	33628	2296	0	218300	46	
15728640	15728640	5072632	5072648	10485760	14440	10130840	10485760	14440	0	0	67996	0	
15728640	15728640	5072620	5072660	10485760	1400	10143880	10485760	1676	276	0	48432	1	
15728640	15728640	5072640	5072640	10485760	32160	10113120	10485760	32160	0	0	87079	0	
15728640	15728640	5072552	5072728	10485760	8308	10136972	10485760	8308	0	0	54926	0	
15728640	15728640	5072600	5072680	10485760	14188	10131092	10485760	15820	1632	0	67759	19	
15728640	15728640	5072532	5072748	10485760	7996	10137284	10485760	7996	0	0	50699	0	
15728640	15728640	5072064	5073216	10485760	32432	10112848	10485760	32432	0	0	82523	0	
15728640	15728640	5072616	5072664	10485760	12984	10132296	10485760	12984	0	0	56063	0	
15728640	15728640	5072600	5072680	10485760	1128	10144152	10485760	1128	0	0	40348	0	
15728640	15728640	5072600	5072680	10485760	14188	10131092	10485760	14188	0	0	61041	0	
15728640	15728640	5072532	5072748	10485760	8136	10137144	10485760	8136	0	0	49372	0	
15728640	15728640	5072064	5073216	10485760	32432	10112848	10485760	32432	0	0	80037	0	
15728640	15728640	5072616	5072664	10485760	12984	10132296	10485760	12984	0	0	55394	0	
15728640	15728640	5072600	5072680	10485760	1128	10144152	10485760	1128	0	0	39768	0	
15728640	15728640	5072600	5072680	10485760	14188	10131092	10485760	14188	0	0	58554	0	
15728640	15728640	5072532	5072748	10485760	8136	10137144	10485760	8136	0	0	49027	0	
15728640	15728640	5072064	5073216	10485760	32432	10112848	10485760	32432	0	0	79520	0	
15728640	15728640	5072616	5072664	10485760	12984	10132296	10485760	12984	0	0	54423	0	
15728640	15728640	5072600	5072680	10485760	1128	10144152	10485760	1128	0	0	38993	0	
15728640	15728640	5072600	5072680	10485760	14188	10131092	10485760	14188	0	0	57164	0	
15728640	15728640	5072532	5072748	10485760	8136	10137144	10485760	8136	0	0	48350	0	
15728640	15728640	5072064	5073216	10485760	38008	10107272	10485760	32432	0	0	92776	0	
15728640	15728640	5072616	5072664	10485760	8604	10136676	10485760	8604	0	0	47228	0	
15728640	15728640	5072600	5072680	10485760	180	10145100	10485760	180	0	0	40767	0	
15728640	15728640	5072600	5072680	10485760	14956	10130324	10485760	14956	0	0	60029	0	
15728640	15728640	5072532	5072748	10485760	6736	10138544	10485760	7504	768	0	52701	5	
15728640	15728640	5072496	5072784	10485760	32144	10113136	10485760	32144	0	0	77460	0	
15728640	15728640	5072616	5072664	10485760	12692	10132588	10485760	12692	0	0	52010	0	
15728640	15728640	5072620	5072660	10485760	1076	10144204	10485760	1076	0	0	37752	0	
15728640	15728640	5072600	5072680	10485760	14188	10131092	10485760	14188	0	0	55818	0	
15728640	15728640	5072532	5072748	10485760	8136	10137144	10485760	8136	0	0	47564	0	
15728640	15728640	5072064	5073216	10485760	32432	10112848	10485760	32432	0	0	76911	0	
15728640	15728640	5072616	5072664	10485760	12984	10132296	10485760	12984	0	0	51461	0	
15728640	15728640	5072600	5072680	10485760	1128	10144152	10485760	1128	0	0	37777	0	
15728640	15728640	5072600	5072680	10485760	14188	10131092	10485760	14188	0	0	55094	0	
15728640	15728640	5072532	5072748	10485760	8136	10137144	10485760	8136	0	0	46702	0	
15728640	15728640	5072064	5073216	10485760	32432	10112848	10485760	32432	0	0	76020	0	
15728640	15728640	5072616	5072664	10485760	12984	10132296	10485760	12984	0	0	51194	0	
15728640	15728640	5072600	5072680	10485760	1128	10144152	10485760	1128	0	0	37072	0	
15728640	15728640	5072600	5072680	10485760	14188	10131092	10485760	14188	0	0	54149	0	
15728640	15728640	5072532	5072748	10485760	8192	10137088	10485760	8192	0	0	50630	0	
15728640	15728640	5072324	5072956	10485760	32288	10112992	10485760	32344	56	0	84799	0	
15728640	15728640	5072596	5072684	10485760	12748	10132532	10485760	12776	28	0	53752	0	
15728640	15728640	5072620	5072660	10485760	1076	10144204	10485760	1076	0	0	37928	0	
15728640	15728640	5072600	5072680	10485760	14188	10131092	10485760	14188	0	0	55791	0	
15728640	15728640	5072532	5072748	10485760	8136	10137144	10485760	8136	0	0	49357	0	
15728640	15728640	5072064	5073216	10485760	32432	10112848	10485760	32432	0	0	75565	0	
15728640	15728640	5072616	5072664	10485760	12984	10132296	10485760	12984	0	0	50939	0	
15728640	15728640	5072600	5072680	10485760	1128	10144152	10485760	1128	0	0	36885	0	
15728640	15728640	5072600	5072680	10485760	14188	10131092	10485760	14188	0	0	54615	0	
15728640	15728640	5072532	5072748	10485760	8136	10137144	10485760	8136	0	0	45944	0	
15728640	15728640	5072064	5073216	10485760	32432	10112848	10485760	32432	0	0	75628	0	
15728640	15728640	5072616	5072664	10485760	12984	10132296	10485760	12984	0	0	50786	0	
15728640	15728640	5072600	5072680	10485760	1128	10144152	10485760	1128	0	0	37754	0	
15728640	15728640	5072600	5072680	10485760	14188	10131092	10485760	14188	0	0	54672	0	
15728640	15728640	5072532	5072748	10485760	8136	10137144	10485760	8136	0	0	45553	0	
15728640	15728640	5072064	5073216	10485760	32432	10112848	10485760	32432	0	0	74761	0	
15728640	15728640	5072616	5072664	10485760	12984	10132296	10485760	12984	0	0	50718	0	
15728640	15728640	5072600	5072680	10485760	1128	10144152	10485760	1128	0	0	36861	0	
15728640	15728640	5072600	5072680	10485760	14188	10131092	10485760	14188	0	0	54665	0	
15728640	15728640	5072532	5072748	10485760	8136	10137144	10485760	8136	0	0	49086	0	
15728640	15728640	5072336	5072944	10485760	41928	10103352	10485760	32260	0	0	101168	0	
15728640	15728640	5072628	5072652	10485760	5336	10139944	10485760	5336	0	0	42917	0	
15728640	15728640	5072612	5072668	10485760	14188	10131092	10485760	14188	0	0	54803	0	
15728640	15728640	5072544	5072736	10485760	8976	10136304	10485760	8976	0	0	46962	0	
15728640	15728640	5072624	5072656	10485760	31372	10113908	10485760	31372	0	0	75963	0	
15728640	15728640	5072564	5072716	10485760	14324	10130956	10485760	14324	0	0	53109	0	
15728640	15728640	5072612	5072668	10485760	1412	10143868	10485760	1412	0	0	37703	0	
15728640	15728640	5072612	5072668	10485760	14188	10131092	10485760	14188	0	0	54894	0	
15728640	15728640	5072544	5072736	10485760	8276	10137004	10485760	8276	0	0	47630	0	
15728640	15728640	5072336	5072944	10485760	32260	10113020	10485760	32260	0	0	76849	0	
15728640	15728640	5072608	5072672	10485760	12748	10132532	10485760	12748	0	0	51111	0	
15728640	15728640	5072632	5072648	10485760	1076	10144204	10485760	1076	0	0	36794	0	
15728640	15728640	5072612	5072668	10485760	14188	10131092	10485760	14188	0	0	56153	0	
15728640	15728640	5072544	5072736	10485760	7996	10137284	10485760	7996	0	0	46378	0	
15728640	15728640	5072324	5072956	10485760	32260	10113020	10485760	32260	0	0	75506	0	
15728640	15728640	5072596	5072684	10485760	12748	10132532	10485760	12748	0	0	50284	0	
15728640	15728640	5072620	5072660	10485760	1076	10144204	10485760	1076	0	0	37324	0	
15728640	15728640	5072600	5072680	10485760	14188	10131092	10485760	14188	0	0	54444	0	
15728640	15728640	5072532	5072748	10485760	8052	10137228	10485760	8052	0	0	51676	0	
15728640	15728640	5072324	5072956	10485760	32260	10113020	10485760	32316	56	0	81378	0	
15728640	15728640	5072596	5072684	10485760	12748	10132532	10485760	12748	0	0	51039	0	
15728640	15728640	5072620	5072660	10485760	1076	10144204	10485760	1076	0	0	36702	0	
15728640	15728640	5072600	5072680	10485760	14188	10131092	10485760	14188	0	0	55963	0	
15728640	15728640	5072532	5072748	10485760	7996	10137284	10485760	7996	0	0	46207	0	
15728640	15728640	5072064	5073216	10485760	32432	10112848	10485760	32432	0	0	75533	0	
15728640	15728640	5072616	5072664	10485760	12984	10132296	10485760	12984	0	0	50594	0	
15728640	15728640	5072600	5072680	10485760	1128	10144152	10485760	1128	0	0	36908	0	
15728640	15728640	5072600	5072680	10485760	14188	10131092	10485760	14188	0	0	69590	0	
15728640	15728640	5072532	5072748	10485760	8136	10137144	10485760	8136	0	0	47061	0	
15728640	15728640	5072064	5073216	10485760	32432	10112848	10485760	32432	0	0	75672	0	
15728640	15728640	5072616	5072664	10485760	12984	10132296	10485760	12984	0	0	51354	0	
15728640	15728640	5072600	5072680	10485760	1128	10144152	10485760	1128	0	0	36983	0	
15728640	15728640	5072600	5072680	10485760	14188	10131092	10485760	14188	0	0	54238	0	
15728640	15728640	5072532	5072748	10485760	8136	10137144	10485760	8136	0	0	45673	0	
15728640	15728640	5072064	5073216	10485760	38008	10107272	10485760	32432	0	0	138232	0	
15728640	15728640	5072616	5072664	10485760	8604	10136676	10485760	8604	0	0	46029	0	
15728640	15728640	5072600	5072680	10485760	164	10145116	10485760	164	0	0	35565	0	
15728640	15728640	5072600	5072680	10485760	14188	10131092	10485760	14188	0	0	55223	0	
15728640	15728640	5072532	5072748	10485760	7996	10137284	10485760	7996	0	0	45607	0	
15728640	15728640	5072064	5073216	10485760	32432	10112848	10485760	32432	0	0	75262	0	
15728640	15728640	5072616	5072664	10485760	12984	10132296	10485760	12984	0	0	50449	0	
15728640	15728640	5072600	5072680	10485760	1128	10144152	10485760	1128	0	0	36567	0	
15728640	15728640	5072600	5072680	10485760	14188	10131092	10485760	14188	0	0	54699	0	
15728640	15728640	5072532	5072748	10485760	8136	10137144	10485760	8136	0	0	45419	0	
15728640	15728640	5072064	5073216	10485760	38008	10107272	10485760	32432	0	0	89691	0	
15728640	15728640	5072616	5072664	10485760	8604	10136676	10485760	8604	0	0	46719	0	
15728640	15728640	5072600	5072680	10485760	164	10145116	10485760	164	0	0	35947	0	
15728640	15728640	5072600	5072680	10485760	14188	10131092	10485760	14188	0	0	55381	0	
15728640	15728640	5072532	5072748	10485760	7996	10137284	10485760	7996	0	0	47117	0	
15728640	15728640	5072064	5073216	10485760	32432	10112848	10485760	32432	0	0	76498	0	
15728640	15728640	5072616	5072664	10485760	12984	10132296	10485760	12984	0	0	51987	0	
15728640	15728640	5072600	5072680	10485760	1128	10144152	10485760	1128	0	0	37973	0	
15728640	15728640	5072600	5072680	10485760	14188	10131092	10485760	14188	0	0	56081	0	
15728640	15728640	5072532	5072748	10485760	8136	10137144	10485760	8136	0	0	46807	0	
15728640	15728640	5072064	5073216	10485760	32432	10112848	10485760	32432	0	0	76842	0	
15728640	15728640	5072616	5072664	10485760	12984	10132296	10485760	12984	0	0	52451	0	
15728640	15728640	5072600	5072680	10485760	1128	10144152	10485760	1128	0	0	37561	0	
15728640	15728640	5072600	5072680	10485760	14188	10131092	10485760	14188	0	0	55593	0	
15728640	15728640	5072532	5072748	10485760	8136	10137144	10485760	8136	0	0	47449	0	
15728640	15728640	5072064	5073216	10485760	32432	10112848	10485760	32432	0	0	76299	0	
15728640	15728640	5072616	5072664	10485760	12984	10132296	10485760	12984	0	0	52318	0	
15728640	15728640	5072600	5072680	10485760	1128	10144152	10485760	1128	0	0	37221	0	
15728640	15728640	5072600	5072680	10485760	14188	10131092	10485760	14188	0	0	55519	0	
15728640	15728640	5072532	5072748	10485760	8136	10137144	10485760	8136	0	0	46808	0	
15728640	15728640	5072064	5073216	10485760	32432	10112848	10485760	32432	0	0	76186	0	
15728640	15728640	5072616	5072664	10485760	12984	10132296	10485760	12984	0	0	51533	0	
15728640	15728640	5072600	5072680	10485760	1128	10144152	10485760	1128	0	0	37562	0	
15728640	15728640	5072600	5072680	10485760	14188	10131092	10485760	14188	0	0	55069	0	
15728640	15728640	5072532	5072748	10485760	8136	10137144	10485760	8136	0	0	45550	0	
15728640	15728640	5072064	5073216	10485760	32432	10112848	10485760	32432	0	0	75422	0	
15728640	15728640	5072616	5072664	10485760	12984	10132296	10485760	12984	0	0	50306	0	
15728640	15728640	5072600	5072680	10485760	1128	10144152	10485760	1128	0	0	36514	0	
15728640	15728640	5072600	5072680	10485760	14188	10131092	10485760	14188	0	0	53857	0	
15728640	15728640	5072532	5072748	10485760	8136	10137144	10485760	8136	0	0	45031	0	
15728640	15728640	5072064	5073216	10485760	32432	10112848	10485760	32432	0	0	74283	0	
15728640	15728640	5072616	5072664	10485760	12984	10132296	10485760	12984	0	0	51475	0	
15728640	15728640	5072600	5072680	10485760	1128	10144152	10485760	1128	0	0	36408	0	
15728640	15728640	5072600	5072680	10485760	14188	10131092	10485760	14188	0	0	54878	0	
15728640	15728640	5072532	5072748	10485760	8136	10137144	10485760	8136	0	0	45532	0	
15728640	15728640	5072064	5073216	10485760	32432	10112848	10485760	32432	0	0	93961	0	
15728640	15728640	5072616	5072664	10485760	12984	10132296	10485760	12984	0	0	55444	0	
15728640	15728640	5072600	5072680	10485760	1128	10144152	10485760	1128	0	0	38491	0	
15728640	15728640	5072600	5072680	10485760	14188	10131092	10485760	14188	0	0	58617	0	
15728640	15728640	5072532	5072748	10485760	8136	10137144	10485760	8136	0	0	46889	0	
15728640	15728640	5072064	5073216	10485760	32432	10112848	10485760	32432	0	0	76730	0	
15728640	15728640	5072616	5072664	10485760	12984	10132296	10485760	12984	0	0	50463	0	
15728640	15728640	5072600	5072680	10485760	1128	10144152	10485760	1128	0	0	37158	0	
15728640	15728640	5072600	5072680	10485760	14188	10131092	10485760	14188	0	0	54198	0	
15728640	15728640	5072532	5072748	10485760	8136	10137144	10485760	8136	0	0	45695	0	
15728640	15728640	5072064	5073216	10485760	32432	10112848	10485760	32432	0	0	75424	0	
15728640	15728640	5072616	5072664	10485760	12984	10132296	10485760	12984	0	0	50626	0	
15728640	15728640	5072600	5072680	10485760	1128	10144152	10485760	1128	0	0	37157	0	
15728640	15728640	5072600	5072680	10485760	14188	10131092	10485760	14188	0	0	55268	0	
15728640	15728640	5072532	5072748	10485760	8136	10137144	10485760	8136	0	0	46569	0	
15728640	15728640	5072064	5073216	10485760	32432	10112848	10485760	32432	0	0	76406	0	
15728640	15728640	5072616	5072664	10485760	12984	10132296	10485760	12984	0	0	64877	0	
15728640	15728640	5072600	5072680	10485760	1128	10144152	10485760	1128	0	0	36755	0	
15728640	15728640	5072600	5072680	10485760	14188	10131092	10485760	14188	0	0	54708	0	
15728640	15728640	5072532	5072748	10485760	8136	10137144	10485760	8136	0	0	46044	0	
15728640	15728640	5072336	5072944	10485760	41928	10103352	10485760	32260	0	0	103292	0	
15728640	15728640	5072628	5072652	10485760	5336	10139944	10485760	5336	0	0	43884	0	
15728640	15728640	5072612	5072668	10485760	14188	10131092	10485760	14188	0	0	55559	0	
15728640	15728640	5072544	5072736	10485760	8976	10136304	10485760	8976	0	0	47956	0	
15728640	15728640	5072624	5072656	10485760	31372	10113908	10485760	31372	0	0	76265	0	
15728640	15728640	5072564	5072716	10485760	14324	10130956	10485760	14324	0	0	53551	0	
15728640	15728640	5072612	5072668	10485760	1412	10143868	10485760	1412	0	0	37964	0	
15728640	15728640	5072612	5072668	10485760	14188	10131092	10485760	14188	0	0	55700	0	
15728640	15728640	5072544	5072736	10485760	8276	10137004	10485760	8276	0	0	46291	0	
15728640	15728640	5072336	5072944	10485760	32260	10113020	10485760	32260	0	0	76035	0	
15728640	15728640	5072608	5072672	10485760	12748	10132532	10485760	12748	0	0	51116	0	
15728640	15728640	5072632	5072648	10485760	1076	10144204	10485760	1076	0	0	37394	0	
15728640	15728640	5072612	5072668	10485760	14188	10131092	10485760	14188	0	0	56758	0	
15728640	15728640	5072544	5072736	10485760	7996	10137284	10485760	7996	0	0	46384	0	
15728640	15728640	5072324	5072956	10485760	32260	10113020	10485760	32260	0	0	74986	0	
15728640	15728640	5072596	5072684	10485760	12748	10132532	10485760	12748	0	0	49857	0	
15728640	15728640	5072620	5072660	10485760	1076	10144204	10485760	1076	0	0	36598	0	
15728640	15728640	5072600	5072680	10485760	14188	10131092	10485760	14188	0	0	53956	0	
15728640	15728640	5072532	5072748	10485760	7996	10137284	10485760	7996	0	0	45120	0	
15728640	15728640	5072324	5072956	10485760	32260	10113020	10485760	32260	0	0	74673	0	
15728640	15728640	5072596	5072684	10485760	12748	10132532	10485760	12748	0	0	49969	0	
15728640	15728640	5072620	5072660	10485760	1076	10144204	10485760	1076	0	0	36142	0	
15728640	15728640	5072600	5072680	10485760	14188	10131092	10485760	14188	0	0	54014	0	
15728640	15728640	5072532	5072748	10485760	7996	10137284	10485760	7996	0	0	45259	0	
15728640	15728640	5072064	5073216	10485760	32432	10112848	10485760	32432	0	0	75043	0	
15728640	15728640	5072616	5072664	10485760	12984	10132296	10485760	12984	0	0	50887	0	
15728640	15728640	5072600	5072680	10485760	1128	10144152	10485760	1128	0	0	36374	0	
15728640	15728640	5072600	5072680	10485760	14188	10131092	10485760	14188	0	0	53866	0	
15728640	15728640	5072532	5072748	10485760	8136	10137144	10485760	8136	0	0	44911	0	
15728640	15728640	5072064	5073216	10485760	32432	10112848	10485760	32432	0	0	74741	0	
15728640	15728640	5072616	5072664	10485760	12984	10132296	10485760	12984	0	0	50273	0	
15728640	15728640	5072600	5072680	10485760	1128	10144152	10485760	1128	0	0	36310	0	
15728640	15728640	5072600	5072680	10485760	14188	10131092	10485760	14188	0	0	53744	0	
15728640	15728640	5072532	5072748	10485760	8136	10137144	10485760	8136	0	0	44811	0	
15728640	15728640	5072064	5073216	10485760	32432	10112848	10485760	32432	0	0	73791	0	
15728640	15728640	5072616	5072664	10485760	12984	10132296	10485760	12984	0	0	50177	0	
15728640	15728640	5072600	5072680	10485760	1128	10144152	10485760	1128	0	0	36291	0	
15728640	15728640	5072600	5072680	10485760	14188	10131092	10485760	14188	0	0	54229	0	
15728640	15728640	5072532	5072748	10485760	8136	10137144	10485760	8136	0	0	45158	0	
15728640	15728640	5072064	5073216	10485760	32432	10112848	10485760	32432	0	0	74230	0	
15728640	15728640	5072616	5072664	10485760	12984	10132296	10485760	12984	0	0	50228	0	
15728640	15728640	5072600	5072680	10485760	1128	10144152	10485760	1128	0	0	36758	0	
15728640	15728640	5072600	5072680	10485760	14188	10131092	10485760	14188	0	0	54902	0	
15728640	15728640	5072532	5072748	10485760	8136	10137144	10485760	8136	0	0	45786	0	
15728640	15728640	5072064	5073216	10485760	32432	10112848	10485760	32432	0	0	74614	0	
15728640	15728640	5072616	5072664	10485760	12984	10132296	10485760	12984	0	0	50478	0	
15728640	15728640	5072600	5072680	10485760	1128	10144152	10485760	1128	0	0	35970	0	
15728640	15728640	5072600	5072680	10485760	14188	10131092	10485760	14188	0	0	53660	0	
15728640	15728640	5072532	5072748	10485760	8136	10137144	10485760	8136	0	0	44794	0	
15728640	15728640	5072064	5073216	10485760	38008	10107272	10485760	32432	0	0	90388	0	
15728640	15728640	5072616	5072664	10485760	8604	10136676	10485760	8604	0	0	46320	0	
15728640	15728640	5072600	5072680	10485760	164	10145116	10485760	164	0	0	35391	0	
15728640	15728640	5072600	5072680	10485760	14188	10131092	10485760	14188	0	0	53887	0	
15728640	15728640	5072532	5072748	10485760	7996	10137284	10485760	7996	0	0	45035	0	
15728640	15728640	5072064	5073216	10485760	32432	10112848	10485760	32432	0	0	74792	0	
15728640	15728640	5072616	5072664	10485760	12984	10132296	10485760	12984	0	0	50468	0	
15728640	15728640	5072600	5072680	10485760	1128	10144152	10485760	1128	0	0	36114	0	
15728640	15728640	5072600	5072680	10485760	14188	10131092	10485760	14188	0	0	53939	0	
15728640	15728640	5072532	5072748	10485760	8136	10137144	10485760	8136	0	0	45168	0	
15728640	15728640	5072064	5073216	10485760	32432	10112848	10485760	32432	0	0	74383	0	
15728640	15728640	5072616	5072664	10485760	12984	10132296	10485760	12984	0	0	50190	0	
15728640	15728640	5072600	5072680	10485760	1128	10144152	10485760	1128	0	0	36126	0	
15728640	15728640	5072600	5072680	10485760	14188	10131092	10485760	14188	0	0	54129	0	
15728640	15728640	5072532	5072748	10485760	8136	10137144	10485760	8136	0	0	44977	0	
15728640	15728640	5072064	5073216	10485760	32432	10112848	10485760	32432	0	0	74510	0	
15728640	15728640	5072616	5072664	10485760	12984	10132296	10485760	12984	0	0	49968	0	
15728640	15728640	5072600	5072680	10485760	1128	10144152	10485760	1128	0	0	36178	0	
15728640	15728640	5072600	5072680	10485760	14188	10131092	10485760	14188	0	0	54128	0	
15728640	15728640	5072532	5072748	10485760	8136	10137144	10485760	8136	0	0	45286	0	
15728640	15728640	5072064	5073216	10485760	32432	10112848	10485760	32432	0	0	77563	0	
15728640	15728640	5072616	5072664	10485760	12984	10132296	10485760	12984	0	0	50206	0	
15728640	15728640	5072600	5072680	10485760	1128	10144152	10485760	1128	0	0	35961	0	
15728640	15728640	5072600	5072680	10485760	14188	10131092	10485760	14188	0	0	53574	0	
15728640	15728640	5072532	5072748	10485760	8136	10137144	10485760	8136	0	0	45073	0	
15728640	15728640	5072064	5073216	10485760	32432	10112848	10485760	32432	0	0	73915	0	
15728640	15728640	5072616	5072664	10485760	12984	10132296	10485760	12984	0	0	50038	0	
15728640	15728640	5072600	5072680	10485760	1128	10144152	10485760	1128	0	0	36386	0	
15728640	15728640	5072600	5072680	10485760	14188	10131092	10485760	14188	0	0	54045	0	
15728640	15728640	5072532	5072748	10485760	8136	10137144	10485760	8136	0	0	45051	0	
15728640	15728640	5072064	5073216	10485760	32432	10112848	10485760	32432	0	0	74202	0	
15728640	15728640	5072616	5072664	10485760	12984	10132296	10485760	12984	0	0	50148	0	
15728640	15728640	5072600	5072680	10485760	1128	10144152	10485760	1128	0	0	35924	0	
15728640	15728640	5072600	5072680	10485760	14188	10131092	10485760	14188	0	0	53213	0	
15728640	15728640	5072532	5072748	10485760	8136	10137144	10485760	8136	0	0	44591	0	
15728640	15728640	5072064	5073216	10485760	32432	10112848	10485760	32432	0	0	74703	0	
15728640	15728640	5072616	5072664	10485760	12984	10132296	10485760	12984	0	0	49990	0	
15728640	15728640	5072600	5072680	10485760	1128	10144152	10485760	1128	0	0	36431	0	
15728640	15728640	5072600	5072680	10485760	14188	10131092	10485760	14188	0	0	59914	0	
15728640	15728640	5072532	5072748	10485760	8136	10137144	10485760	8136	0	0	47718	0	
15728640	15728640	5072064	5073216	10485760	32432	10112848	10485760	32432	0	0	76341	0	
15728640	15728640	5072616	5072664	10485760	12984	10132296	10485760	12984	0	0	51143	0	
15728640	15728640	5072600	5072680	10485760	1128	10144152	10485760	1128	0	0	37044	0	
15728640	15728640	5072600	5072680	10485760	14188	10131092	10485760	14188	0	0	54057	0	
15728640	15728640	5072532	5072748	10485760	8136	10137144	10485760	8136	0	0	45726	0	
15728640	15728640	5072064	5073216	10485760	32432	10112848	10485760	32432	0	0	74615	0	
15728640	15728640	5072616	5072664	10485760	12984	10132296	10485760	12984	0	0	50009	0	
15728640	15728640	5072600	5072680	10485760	1128	10144152	10485760	1128	0	0	36088	0	
15728640	15728640	5072600	5072680	10485760	14188	10131092	10485760	14188	0	0	53459	0	
15728640	15728640	5072532	5072748	10485760	8136	10137144	10485760	8136	0	0	45057	0	
15728640	15728640	5072336	5072944	10485760	32260	10113020	10485760	32260	0	0	75830	0	
15728640	15728640	5072608	5072672	10485760	12748	10132532	10485760	12748	0	0	50309	0	
15728640	15728640	5072632	5072648	10485760	1076	10144204	10485760	1076	0	0	36129	0	
15728640	15728640	5072612	5072668	10485760	14188	10131092	10485760	14188	0	0	53518	0	
15728640	15728640	5072544	5072736	10485760	8136	10137144	10485760	8136	0	0	44736	0	
15728640	15728640	5072336	5072944	10485760	41928	10103352	10485760	32260	0	0	101867	0	
15728640	15728640	5072628	5072652	10485760	5336	10139944	10485760	5336	0	0	42639	0	
15728640	15728640	5072612	5072668	10485760	14188	10131092	10485760	14188	0	0	53970	0	
15728640	15728640	5072544	5072736	10485760	8976	10136304	10485760	8976	0	0	46311	0	
15728640	15728640	5072624	5072656	10485760	31372	10113908	10485760	31372	0	0	74907	0	
15728640	15728640	5072564	5072716	10485760	14324	10130956	10485760	14324	0	0	52277	0	
15728640	15728640	5072612	5072668	10485760	1412	10143868	10485760	1412	0	0	36388	0	
15728640	15728640	5072612	5072668	10485760	14188	10131092	10485760	14188	0	0	53929	0	
15728640	15728640	5072544	5072736	10485760	8276	10137004	10485760	8276	0	0	45012	0	
15728640	15728640	5072324	5072956	10485760	32260	10113020	10485760	32260	0	0	74770	0	
15728640	15728640	5072596	5072684	10485760	12748	10132532	10485760	12748	0	0	49732	0	
15728640	15728640	5072620	5072660	10485760	1076	10144204	10485760	1076	0	0	36019	0	
15728640	15728640	5072600	5072680	10485760	14188	10131092	10485760	14188	0	0	54143	0	
15728640	15728640	5072532	5072748	10485760	7996	10137284	10485760	7996	0	0	44867	0	
15728640	15728640	5072324	5072956	10485760	32260	10113020	10485760	32260	0	0	74518	0	
15728640	15728640	5072596	5072684	10485760	12748	10132532	10485760	12748	0	0	49921	0	
15728640	15728640	5072620	5072660	10485760	1076	10144204	10485760	1076	0	0	36065	0	
15728640	15728640	5072600	5072680	10485760	14188	10131092	10485760	14188	0	0	53890	0	
15728640	15728640	5072532	5072748	10485760	7996	10137284	10485760	7996	0	0	44964	0	
15728640	15728640	5072064	5073216	10485760	32432	10112848	10485760	32432	0	0	74415	0	
15728640	15728640	5072616	5072664	10485760	12984	10132296	10485760	12984	0	0	50042	0	
15728640	15728640	5072600	5072680	10485760	1128	10144152	10485760	1128	0	0	36354	0	
15728640	15728640	5072600	5072680	10485760	14188	10131092	10485760	14188	0	0	53496	0	
15728640	15728640	5072532	5072748	10485760	8136	10137144	10485760	8136	0	0	45081	0	
15728640	15728640	5072064	5073216	10485760	32432	10112848	10485760	32432	0	0	74588	0	
15728640	15728640	5072616	5072664	10485760	12984	10132296	10485760	12984	0	0	50477	0	
15728640	15728640	5072600	5072680	10485760	1128	10144152	10485760	1128	0	0	36026	0	
15728640	15728640	5072600	5072680	10485760	14188	10131092	10485760	14188	0	0	53583	0	
15728640	15728640	5072532	5072748	10485760	8136	10137144	10485760	8136	0	0	44734	0	
15728640	15728640	5072064	5073216	10485760	32432	10112848	10485760	32432	0	0	74411	0	
15728640	15728640	5072616	5072664	10485760	12984	10132296	10485760	12984	0	0	51076	0	
15728640	15728640	5072600	5072680	10485760	1128	10144152	10485760	1128	0	0	36605	0	
15728640	15728640	5072600	5072680	10485760	14188	10131092	10485760	14188	0	0	54070	0	
15728640	15728640	5072532	5072748	10485760	8136	10137144	10485760	8136	0	0	45635	0	
15728640	15728640	5072064	5073216	10485760	32432	10112848	10485760	32432	0	0	74614	0	
15728640	15728640	5072616	5072664	10485760	12984	10132296	10485760	12984	0	0	50200	0	
15728640	15728640	5072600	5072680	10485760	1128	10144152	10485760	1128	0	0	36369	0	
15728640	15728640	5072600	5072680	10485760	14188	10131092	10485760	14188	0	0	53918	0	
15728640	15728640	5072532	5072748	10485760	8136	10137144	10485760	8136	0	0	45103	0	
15728640	15728640	5072064	5073216	10485760	32432	10112848	10485760	32432	0	0	74710	0	
15728640	15728640	5072616	5072664	10485760	12984	10132296	10485760	12984	0	0	47473	0	
15728640	15728640	5072600	5072680	10485760	1128	10144152	10485760	1128	0	0	35976	0	
15728640	15728640	5072600	5072680	10485760	14188	10131092	10485760	14188	0	0	53676	0	
15728640	15728640	5072532	5072748	10485760	8136	10137144	10485760	8136	0	0	44674	0	
15728640	15728640	5072064	5073216	10485760	32432	10112848	10485760	32432	0	0	74993	0	
15728640	15728640	5072616	5072664	10485760	12984	10132296	10485760	12984	0	0	50265	0	
15728640	15728640	5072600	5072680	10485760	1128	10144152	10485760	1128	0	0	36355	0	
15728640	15728640	5072600	5072680	10485760	14188	10131092	10485760	14188	0	0	53882	0	
15728640	15728640	5072532	5072748	10485760	8136	10137144	10485760	8136	0	0	44778	0	
15728640	15728640	5072064	5073216	10485760	32432	10112848	10485760	32432	0	0	74883	0	
15728640	15728640	5072616	5072664	10485760	12984	10132296	10485760	12984	0	0	50305	0	
15728640	15728640	5072600	5072680	10485760	1128	10144152	10485760	1128	0	0	36344	0	
15728640	15728640	5072600	5072680	10485760	14188	10131092	10485760	14188	0	0	54027	0	
15728640	15728640	5072532	5072748	10485760	8136	10137144	10485760	8136	0	0	45398	0	
15728640	15728640	5072064	5073216	10485760	38008	10107272	10485760	32432	0	0	90199	0	
15728640	15728640	5072616	5072664	10485760	8604	10136676	10485760	8604	0	0	46525	0	
15728640	15728640	5072600	5072680	10485760	164	10145116	10485760	164	0	0	35353	0	
15728640	15728640	5072600	5072680	10485760	14188	10131092	10485760	14188	0	0	54580	0	
15728640	15728640	5072532	5072748	10485760	7996	10137284	10485760	7996	0	0	44829	0	
15728640	15728640	5072064	5073216	10485760	32432	10112848	10485760	32432	0	0	74750	0	
15728640	15728640	5072616	5072664	10485760	12984	10132296	10485760	12984	0	0	50732	0	
15728640	15728640	5072600	5072680	10485760	1128	10144152	10485760	1128	0	0	36713	0	
15728640	15728640	5072600	5072680	10485760	14188	10131092	10485760	14188	0	0	53828	0	
15728640	15728640	5072532	5072748	10485760	8136	10137144	10485760	8136	0	0	45218	0	
15728640	15728640	5072064	5073216	10485760	32432	10112848	10485760	32432	0	0	74817	0	
15728640	15728640	5072616	5072664	10485760	12984	10132296	10485760	12984	0	0	51191	0	
15728640	15728640	5072600	5072680	10485760	1128	10144152	10485760	1128	0	0	36330	0	
15728640	15728640	5072600	5072680	10485760	14188	10131092	10485760	14188	0	0	54565	0	
15728640	15728640	5072532	5072748	10485760	8136	10137144	10485760	8136	0	0	45718	0	
15728640	15728640	5072064	5073216	10485760	32432	10112848	10485760	32432	0	0	77216	0	
15728640	15728640	5072616	5072664	10485760	12984	10132296	10485760	12984	0	0	50984	0	
15728640	15728640	5072600	5072680	10485760	1128	10144152	10485760	1128	0	0	36478	0	
15728640	15728640	5072600	5072680	10485760	14188	10131092	10485760	14188	0	0	64735	0	
15728640	15728640	5072532	5072748	10485760	8136	10137144	10485760	8136	0	0	46130	0	
15728640	15728640	5072064	5073216	10485760	32432	10112848	10485760	32432	0	0	75286	0	
15728640	15728640	5072616	5072664	10485760	12984	10132296	10485760	12984	0	0	50087	0	
15728640	15728640	5072600	5072680	10485760	1128	10144152	10485760	1128	0	0	36369	0	
15728640	15728640	5072600	5072680	10485760	14188	10131092	10485760	14188	0	0	54325	0	
15728640	15728640	5072532	5072748	10485760	8136	10137144	10485760	8136	0	0	45258	0	
15728640	15728640	5072064	5073216	10485760	32432	10112848	10485760	32432	0	0	75000	0	
15728640	15728640	5072616	5072664	10485760	12984	10132296	10485760	12984	0	0	50395	0	
15728640	15728640	5072600	5072680	10485760	1128	10144152	10485760	1128	0	0	36440	0	
15728640	15728640	5072600	5072680	10485760	14188	10131092	10485760	14188	0	0	54111	0	
15728640	15728640	5072532	5072748	10485760	8136	10137144	10485760	8136	0	0	45068	0	
15728640	15728640	5072064	5073216	10485760	32432	10112848	10485760	32432	0	0	74902	0	
15728640	15728640	5072616	5072664	10485760	12984	10132296	10485760	12984	0	0	50153	0	
15728640	15728640	5072600	5072680	10485760	1128	10144152	10485760	1128	0	0	36106	0	
15728640	15728640	5072600	5072680	10485760	14188	10131092	10485760	14188	0	0	58899	0	
15728640	15728640	5072532	5072748	10485760	8136	10137144	10485760	8136	0	0	46546	0	
15728640	15728640	5072064	5073216	10485760	32432	10112848	10485760	32432	0	0	75502	0	
15728640	15728640	5072616	5072664	10485760	12984	10132296	10485760	12984	0	0	50785	0	
15728640	15728640	5072600	5072680	10485760	1128	10144152	10485760	1128	0	0	36515	0	
15728640	15728640	5072600	5072680	10485760	14188	10131092	10485760	14188	0	0	54208	0	
15728640	15728640	5072532	5072748	10485760	8136	10137144	10485760	8136	0	0	45015	0	
15728640	15728640	5072336	5072944	10485760	32260	10113020	10485760	32260	0	0	74699	0	
15728640	15728640	5072608	5072672	10485760	12748	10132532	10485760	12748	0	0	49777	0	
15728640	15728640	5072632	5072648	10485760	1076	10144204	10485760	1076	0	0	37080	0	
15728640	15728640	5072612	5072668	10485760	14188	10131092	10485760	14188	0	0	54186	0	
15728640	15728640	5072544	5072736	10485760	8136	10137144	10485760	8136	0	0	45448	0	
15728640	15728640	5072336	5072944	10485760	32260	10113020	10485760	32260	0	0	75153	0	
15728640	15728640	5072608	5072672	10485760	12748	10132532	10485760	12748	0	0	53130	0	
15728640	15728640	5072632	5072648	10485760	1076	10144204	10485760	1076	0	0	38998	0	
15728640	15728640	5072612	5072668	10485760	14188	10131092	10485760	14188	0	0	55450	0	
15728640	15728640	5072544	5072736	10485760	7996	10137284	10485760	7996	0	0	46297	0	
15728640	15728640	5072336	5072944	10485760	32260	10113020	10485760	32260	0	0	76822	0	
15728640	15728640	5072608	5072672	10485760	12748	10132532	10485760	12748	0	0	50976	0	
15728640	15728640	5072632	5072648	10485760	1076	10144204	10485760	1076	0	0	36647	0	
15728640	15728640	5072612	5072668	10485760	14188	10131092	10485760	14188	0	0	54499	0	
15728640	15728640	5072544	5072736	10485760	7996	10137284	10485760	7996	0	0	45097	0	
15728640	15728640	5072324	5072956	10485760	41928	10103352	10485760	32260	0	0	101393	0	
15728640	15728640	5072616	5072664	10485760	5336	10139944	10485760	5336	0	0	43446	0	
15728640	15728640	5072600	5072680	10485760	14188	10131092	10485760	14188	0	0	54151	0	
15728640	15728640	5072532	5072748	10485760	8976	10136304	10485760	8976	0	0	46711	0	
15728640	15728640	5072064	5073216	10485760	32432	10112848	10485760	32432	0	0	75791	0	
15728640	15728640	5072616	5072664	10485760	12984	10132296	10485760	12984	0	0	51076	0	
15728640	15728640	5072600	5072680	10485760	1128	10144152	10485760	1128	0	0	36909	0	
15728640	15728640	5072600	5072680	10485760	14188	10131092	10485760	14188	0	0	55179	0	
15728640	15728640	5072532	5072748	10485760	8136	10137144	10485760	8136	0	0	45537	0	
15728640	15728640	5072064	5073216	10485760	32432	10112848	10485760	32432	0	0	75141	0	
15728640	15728640	5072616	5072664	10485760	12984	10132296	10485760	12984	0	0	50371	0	
15728640	15728640	5072600	5072680	10485760	1128	10144152	10485760	1128	0	0	36962	0	
15728640	15728640	5072600	5072680	10485760	14188	10131092	10485760	14188	0	0	54493	0	
15728640	15728640	5072532	5072748	10485760	8136	10137144	10485760	8136	0	0	45227	0	
15728640	15728640	5072064	5073216	10485760	32432	10112848	10485760	32432	0	0	74719	0	
15728640	15728640	5072616	5072664	10485760	12984	10132296	10485760	12984	0	0	50506	0	
15728640	15728640	5072600	5072680	10485760	1128	10144152	10485760	1128	0	0	36512	0	
15728640	15728640	5072600	5072680	10485760	14188	10131092	10485760	14188	0	0	53804	0	
15728640	15728640	5072532	5072748	10485760	8136	10137144	10485760	8136	0	0	45477	0	
15728640	15728640	5072064	5073216	10485760	32432	10112848	10485760	32432	0	0	74736	0	
15728640	15728640	5072616	5072664	10485760	12984	10132296	10485760	12984	0	0	50152	0	
15728640	15728640	5072600	5072680	10485760	1128	10144152	10485760	1128	0	0	36532	0	
15728640	15728640	5072600	5072680	10485760	14188	10131092	10485760	14188	0	0	53620	0	
15728640	15728640	5072532	5072748	10485760	8136	10137144	10485760	8136	0	0	45311	0	
15728640	15728640	5072064	5073216	10485760	32432	10112848	10485760	32432	0	0	75206	0	
15728640	15728640	5072616	5072664	10485760	12984	10132296	10485760	12984	0	0	50631	0	
15728640	15728640	5072600	5072680	10485760	1128	10144152	10485760	1128	0	0	36741	0	
15728640	15728640	5072600	5072680	10485760	14188	10131092	10485760	14188	0	0	53982	0	
15728640	15728640	5072532	5072748	10485760	8136	10137144	10485760	8136	0	0	45529	0	
15728640	15728640	5072064	5073216	10485760	32432	10112848	10485760	32432	0	0	74777	0	
15728640	15728640	5072616	5072664	10485760	12984	10132296	10485760	12984	0	0	50524	0	
15728640	15728640	5072600	5072680	10485760	1128	10144152	10485760	1128	0	0	36622	0	
15728640	15728640	5072600	5072680	10485760	14188	10131092	10485760	14188	0	0	54227	0	
15728640	15728640	5072532	5072748	10485760	8136	10137144	10485760	8136	0	0	45235	0	
15728640	15728640	5072064	5073216	10485760	32432	10112848	10485760	32432	0	0	74837	0	
15728640	15728640	5072616	5072664	10485760	12984	10132296	10485760	12984	0	0	50447	0	
15728640	15728640	5072600	5072680	10485760	1128	10144152	10485760	1128	0	0	36432	0	
15728640	15728640	5072600	5072680	10485760	14188	10131092	10485760	14188	0	0	54235	0	
15728640	15728640	5072532	5072748	10485760	8136	10137144	10485760	8136	0	0	45303	0	
15728640	15728640	5072064	5073216	10485760	32432	10112848	10485760	32432	0	0	74242	0	
15728640	15728640	5072616	5072664	10485760	12984	10132296	10485760	12984	0	0	50217	0	
15728640	15728640	5072600	5072680	10485760	1128	10144152	10485760	1128	0	0	36355	0	
15728640	15728640	5072600	5072680	10485760	14188	10131092	10485760	14188	0	0	53431	0	
15728640	15728640	5072532	5072748	10485760	8136	10137144	10485760	8136	0	0	41541	0	
15728640	15728640	5072064	5073216	10485760	32432	10112848	10485760	32432	0	0	88682	0	
15728640	15728640	5072616	5072664	10485760	12984	10132296	10485760	12984	0	0	49169	0	
15728640	15728640	5072600	5072680	10485760	1128	10144152	10485760	1128	0	0	35611	0	
15728640	15728640	5072600	5072680	10485760	14188	10131092	10485760	14188	0	0	52454	0	
15728640	15728640	5072532	5072748	10485760	8136	10137144	10485760	8136	0	0	45620	0	
15728640	15728640	5072064	5073216	10485760	38008	10107272	10485760	32432	0	0	82238	0	
15728640	15728640	5072616	5072664	10485760	8604	10136676	10485760	8604	0	0	44548	0	
15728640	15728640	5072600	5072680	10485760	164	10145116	10485760	164	0	0	34768	0	
15728640	15728640	5072600	5072680	10485760	14188	10131092	10485760	14188	0	0	53760	0	
15728640	15728640	5072532	5072748	10485760	7996	10137284	10485760	7996	0	0	44792	0	
15728640	15728640	5072064	5073216	10485760	38008	10107272	10485760	32432	0	0	88567	0	
15728640	15728640	5072616	5072664	10485760	8604	10136676	10485760	8604	0	0	45409	0	
15728640	15728640	5072600	5072680	10485760	164	10145116	10485760	164	0	0	34942	0	
15728640	15728640	5072600	5072680	10485760	14188	10131092	10485760	14188	0	0	53111	0	
15728640	15728640	5072532	5072748	10485760	7996	10137284	10485760	7996	0	0	44456	0	
15728640	15728640	5072064	5073216	10485760	32432	10112848	10485760	32432	0	0	102009	0	
15728640	15728640	5072616	5072664	10485760	12984	10132296	10485760	12984	0	0	49935	0	
15728640	15728640	5072600	5072680	10485760	1128	10144152	10485760	1128	0	0	35447	0	
15728640	15728640	5072600	5072680	10485760	14188	10131092	10485760	14188	0	0	52911	0	
15728640	15728640	5072532	5072748	10485760	8136	10137144	10485760	8136	0	0	44655	0	
15728640	15728640	5072064	5073216	10485760	32432	10112848	10485760	32432	0	0	90437	0	
15728640	15728640	5072616	5072664	10485760	12984	10132296	10485760	12984	0	0	48996	0	
15728640	15728640	5072600	5072680	10485760	1128	10144152	10485760	1128	0	0	36306	0	
15728640	15728640	5072600	5072680	10485760	14188	10131092	10485760	14188	0	0	54789	0	
15728640	15728640	5072532	5072748	10485760	8136	10137144	10485760	8136	0	0	46337	0	
15728640	15728640	5072064	5073216	10485760	32432	10112848	10485760	32432	0	0	76025	0	
15728640	15728640	5072616	5072664	10485760	12984	10132296	10485760	12984	0	0	50399	0	
15728640	15728640	5072600	5072680	10485760	1128	10144152	10485760	1128	0	0	36450	0	
15728640	15728640	5072600	5072680	10485760	14188	10131092	10485760	14188	0	0	53878	0	
15728640	15728640	5072532	5072748	10485760	8136	10137144	10485760	8136	0	0	45483	0	
15728640	15728640	5072064	5073216	10485760	32432	10112848	10485760	32432	0	0	75071	0	
15728640	15728640	5072616	5072664	10485760	12984	10132296	10485760	12984	0	0	51325	0	
15728640	15728640	5072600	5072680	10485760	1128	10144152	10485760	1128	0	0	36437	0	
15728640	15728640	5072600	5072680	10485760	14188	10131092	10485760	14188	0	0	54388	0	
15728640	15728640	5072532	5072748	10485760	8136	10137144	10485760	8136	0	0	45438	0	
15728640	15728640	5072064	5073216	10485760	32432	10112848	10485760	32432	0	0	74526	0	
15728640	15728640	5072616	5072664	10485760	12984	10132296	10485760	12984	0	0	50293	0	
15728640	15728640	5072600	5072680	10485760	1128	10144152	10485760	1128	0	0	36701	0	
15728640	15728640	5072600	5072680	10485760	14188	10131092	10485760	14188	0	0	53854	0	
15728640	15728640	5072532	5072748	10485760	8136	10137144	10485760	8136	0	0	45323	0	
15728640	15728640	5072336	5072944	10485760	32260	10113020	10485760	32260	0	0	74524	0	
15728640	15728640	5072608	5072672	10485760	12748	10132532	10485760	12748	0	0	54345	0	
15728640	15728640	5072632	5072648	10485760	1076	10144204	10485760	1076	0	0	37241	0	
15728640	15728640	5072612	5072668	10485760	14188	10131092	10485760	14188	0	0	55355	0	
15728640	15728640	5072544	5072736	10485760	8136	10137144	10485760	8136	0	0	46034	0	
15728640	15728640	5072336	5072944	10485760	32260	10113020	10485760	32260	0	0	139977	0	
15728640	15728640	5072608	5072672	10485760	12748	10132532	10485760	12748	0	0	50087	0	
15728640	15728640	5072632	5072648	10485760	1076	10144204	10485760	1076	0	0	36404	0	
15728640	15728640	5072612	5072668	10485760	14188	10131092	10485760	14188	0	0	53856	0	
15728640	15728640	5072544	5072736	10485760	7996	10137284	10485760	7996	0	0	45143	0	
15728640	15728640	5072336	5072944	10485760	32260	10113020	10485760	32260	0	0	131225	0	
15728640	15728640	5072608	5072672	10485760	12748	10132532	10485760	12748	0	0	53542	0	
15728640	15728640	5072632	5072648	10485760	1076	10144204	10485760	1076	0	0	37747	0	
15728640	15728640	5072612	5072668	10485760	14188	10131092	10485760	14188	0	0	55237	0	
15728640	15728640	5072544	5072736	10485760	7996	10137284	10485760	7996	0	0	46023	0	
15728640	15728640	5072324	5072956	10485760	32260	10113020	10485760	32260	0	0	75329	0	
15728640	15728640	5072596	5072684	10485760	12748	10132532	10485760	12748	0	0	72348	0	
15728640	15728640	5072620	5072660	10485760	1076	10144204	10485760	1076	0	0	36707	0	
15728640	15728640	5072600	5072680	10485760	14188	10131092	10485760	14188	0	0	53717	0	
15728640	15728640	5072532	5072748	10485760	7996	10137284	10485760	7996	0	0	45422	0	
15728640	15728640	5072324	5072956	10485760	32260	10113020	10485760	32260	0	0	75574	0	
15728640	15728640	5072596	5072684	10485760	12748	10132532	10485760	12748	0	0	50194	0	
15728640	15728640	5072620	5072660	10485760	1076	10144204	10485760	1076	0	0	36713	0	
15728640	15728640	5072600	5072680	10485760	14188	10131092	10485760	14188	0	0	54121	0	
15728640	15728640	5072532	5072748	10485760	7996	10137284	10485760	7996	0	0	45357	0	
15728640	15728640	5072064	5073216	10485760	38008	10107272	10485760	32432	0	0	93945	0	
15728640	15728640	5072616	5072664	10485760	8604	10136676	10485760	8604	0	0	75690	0	
15728640	15728640	5072600	5072680	10485760	164	10145116	10485760	164	0	0	57761	0	
15728640	15728640	5072600	5072680	10485760	14188	10131092	10485760	14188	0	0	90859	0	
15728640	15728640	5072532	5072748	10485760	7996	10137284	10485760	7996	0	0	47486	0	
15728640	15728640	5072064	5073216	10485760	32432	10112848	10485760	32432	0	0	79822	0	
15728640	15728640	5072616	5072664	10485760	12984	10132296	10485760	12984	0	0	53391	0	
15728640	15728640	5072600	5072680	10485760	1128	10144152	10485760	1128	0	0	38357	0	
15728640	15728640	5072600	5072680	10485760	14188	10131092	10485760	14188	0	0	55406	0	
15728640	15728640	5072532	5072748	10485760	8136	10137144	10485760	8136	0	0	45697	0	
15728640	15728640	5072064	5073216	10485760	38008	10107272	10485760	32432	0	0	86949	0	
15728640	15728640	5072616	5072664	10485760	8604	10136676	10485760	8604	0	0	46370	0	
