b_initial_y_size_0	b_max_y_size_1	b_used_2	b_available_3	b_committed_4	a_used_5	a_available_6	a_committed_7	a_survived_8	a_promoted_9	a_copied_10	a_time_in_ns_11	promotion_rate_12
9437184	9437184	3043584	0	6291456	99312	2944272	6291456	375320	369568	0	442884	99	
9437184	9437184	3043584	0	6291456	7268	3036316	6291456	12756	5488	0	185414	95	
9437184	9437184	3043584	0	6291456	1020	3042564	6291456	8060	7040	0	149190	96	
9437184	9437184	3043584	0	6291456	1540	3042044	6291456	2108	568	0	75366	55	
9437184	9437184	3043576	8	6291456	1168	3042416	6291456	2384	1216	0	80151	78	
9437184	9437184	3043584	0	6291456	41668	3001916	6291456	14440	688	0	120940	58	
9437184	9437184	3043576	8	6291456	33912	3009672	6291456	24336	9544	0	121872	69	
9437184	9437184	3043580	4	6291456	65656	2977928	6291456	16852	14148	0	106240	95	
9437184	9437184	3043584	0	6291456	912	3042672	6291456	2964	2052	0	88297	75	
9437184	9437184	3043580	4	6291456	33512	3010072	6291456	1596	268	0	132395	29	
9437184	9437184	3043584	0	6291456	41328	3002256	6291456	11080	796	0	102766	59	
9437184	9437184	3043584	0	6291456	66044	2977540	6291456	18068	9616	0	138276	93	
9437184	9437184	3043584	0	6291456	908	3042676	6291456	8680	7772	0	70107	91	
9437184	9437184	3043584	0	6291456	228	3043356	6291456	884	656	0	56741	72	
9437184	9437184	3043584	0	6291456	1052	3042532	6291456	1052	0	0	67855	0	
9437184	9437184	3043584	0	6291456	1760	3041824	6291456	2144	384	0	75286	36	
9437184	9437184	3043584	0	6291456	35072	3008512	6291456	3612	900	0	150761	51	
9437184	9437184	3043584	0	6291456	401128	2642456	6291456	322344	2224	0	561784	82	
9437184	9437184	3043576	8	6291456	99276	2944308	6291456	327496	316068	0	632331	98	
9437184	9437184	3043584	0	6291456	65580	2978004	6291456	20548	8816	0	189034	77	
9437184	9437184	3043584	0	6291456	375756	2667828	6291456	332724	9708	0	467304	82	
9437184	9437184	3043580	4	6291456	69292	2974292	6291456	334940	318660	0	366322	98	
9437184	9437184	3043584	0	6291456	8792	3034792	6291456	22100	13308	0	125033	81	
9437184	9437184	3043584	0	6291456	394876	2648708	6291456	324508	7560	0	390467	85	
9437184	9437184	3043580	4	6291456	67480	2976104	6291456	322628	312368	0	454740	98	
9437184	9437184	3043580	4	6291456	428892	2614692	6291456	345508	8392	0	387996	81	
9437184	9437184	3043584	0	6291456	430680	2612904	6291456	365284	10576	0	396615	3	
9437184	9437184	3043580	4	6291456	692500	2351084	6291456	649788	26552	0	573092	7	
9437184	9437184	3043580	4	6291456	439968	2603616	6291456	956928	618668	0	691825	99	
9437184	9437184	3043568	16	6291456	389384	2654200	6291456	346588	16732	0	352592	4	
9437184	9437184	3043556	28	6291456	712656	2330928	6291456	645988	3416	0	695996	1	
9437184	9437184	3043568	16	6291456	375208	2668376	6291456	325576	1236	0	313392	0	
9437184	9437184	3043584	0	6291456	666604	2376980	6291456	559196	3036	0	529906	0	
9437184	9437184	3043580	4	6291456	542588	2500996	6291456	652060	225572	0	960513	40	
9437184	9437184	3043552	32	6291456	436904	2606680	6291456	472212	105344	0	446893	24	
9437184	9437184	3043552	32	6291456	704748	2338836	6291456	653612	37648	0	667298	10	
9437184	9437184	3043568	16	6291456	507560	2536024	6291456	725984	294640	0	836549	47	
9437184	9437184	3043556	28	6291456	361992	2681592	6291456	321280	0	0	324523	0	
9437184	9437184	3043576	8	6291456	723952	2319632	6291456	642248	0	0	504067	0	
9437184	9437184	3043572	12	6291456	391388	2652196	6291456	327252	844	0	298009	0	
9437184	9437184	3043556	28	6291456	765648	2277936	6291456	648368	0	0	515079	0	
9437184	9437184	3043576	8	6291456	423308	2620276	6291456	349908	1300	0	315726	0	
9437184	9437184	3043584	0	6291456	391692	2651892	6291456	321520	324	0	402171	0	
9437184	9437184	3043576	8	6291456	766636	2276948	6291456	643080	0	0	630422	0	
9437184	9437184	3043580	4	6291456	400376	2643208	6291456	328396	1784	0	345013	0	
9437184	9437184	3043556	28	6291456	763656	2279928	6291456	647736	236	0	529247	0	
9437184	9437184	3043584	0	6291456	393128	2650456	6291456	326776	336	0	302285	0	
9437184	9437184	3043580	4	6291456	363572	2680012	6291456	321204	0	0	310977	0	
9437184	9437184	3043572	12	6291456	772432	2271152	6291456	642200	0	0	506046	0	
9437184	9437184	3043584	0	6291456	385580	2658004	6291456	327264	864	0	322317	0	
9437184	9437184	3043580	4	6291456	802480	2241104	6291456	647056	0	0	459365	0	
9437184	9437184	3043484	100	6291456	380884	2662700	6291456	346292	0	0	347355	0	
9437184	9437184	3043584	0	6291456	366260	2677324	6291456	321308	0	0	352975	0	
9437184	9437184	3043580	4	6291456	717996	2325588	6291456	647528	0	0	423911	0	
9437184	9437184	3043580	4	6291456	384728	2658856	6291456	326908	520	0	315125	0	
9437184	9437184	3043572	12	6291456	391856	2651728	6291456	321724	0	0	413776	0	
9437184	9437184	3043576	8	6291456	765912	2277672	6291456	641836	540	0	547552	0	
9437184	9437184	3043576	8	6291456	393920	2649664	6291456	326396	0	0	350780	0	
9437184	9437184	3043576	8	6291456	770516	2273068	6291456	647132	0	0	510315	0	
9437184	9437184	3043544	40	6291456	398016	2645568	6291456	326480	0	0	369455	0	
9437184	9437184	3043580	4	6291456	391420	2652164	6291456	321240	0	0	352099	0	
9437184	9437184	3043576	8	6291456	727052	2316532	6291456	642712	0	0	458961	0	
9437184	9437184	3043580	4	6291456	399340	2644244	6291456	327880	1416	0	437031	0	
9437184	9437184	3043568	16	6291456	723536	2320048	6291456	648980	0	0	491366	0	
9437184	9437184	3043528	56	6291456	467660	2575924	6291456	418824	1904	0	417795	0	
9437184	9437184	3043584	0	6291456	383884	2659700	6291456	321356	0	0	322791	0	
9437184	9437184	3043576	8	6291456	765960	2277624	6291456	647068	0	0	426446	0	
9437184	9437184	3043584	0	6291456	369648	2673936	6291456	326388	0	0	312494	0	
9437184	9437184	3043556	28	6291456	392360	2651224	6291456	321176	0	0	263906	0	
9437184	9437184	3043580	4	6291456	718036	2325548	6291456	641376	0	0	414335	0	
9437184	9437184	3043568	16	6291456	359008	2684576	6291456	326460	56	0	338189	0	
9437184	9437184	3043584	0	6291456	771084	2272500	6291456	647092	0	0	405616	0	
9437184	9437184	3043564	20	6291456	466112	2577472	6291456	406332	0	0	303106	0	
9437184	9437184	3043584	0	6291456	385940	2657644	6291456	321304	0	0	286615	0	
9437184	9437184	3043564	20	6291456	776692	2266892	6291456	646960	0	0	524617	0	
9437184	9437184	3043568	16	6291456	400792	2642792	6291456	326460	0	0	329705	0	
9437184	9437184	3043584	0	6291456	761952	2281632	6291456	647132	0	0	492005	0	
9437184	9437184	3043564	20	6291456	516768	2526816	6291456	422384	0	0	392091	0	
9437184	9437184	3043568	16	6291456	392760	2650824	6291456	321284	0	0	285094	0	
9437184	9437184	3043556	28	6291456	775828	2267756	6291456	641548	0	0	485494	0	
9437184	9437184	3043576	8	6291456	388748	2654836	6291456	326392	28	0	321671	0	
9437184	9437184	3043584	0	6291456	720416	2323168	6291456	647068	0	0	528545	0	
9437184	9437184	3043584	0	6291456	573912	2469672	6291456	448172	0	0	418574	0	
9437184	9437184	3043564	20	6291456	383804	2659780	6291456	321800	0	0	344139	0	
9437184	9437184	3043584	0	6291456	721792	2321792	6291456	641860	564	0	510947	0	
9437184	9437184	3043580	4	6291456	387692	2655892	6291456	326428	0	0	312929	0	
9437184	9437184	3043584	0	6291456	710972	2332612	6291456	647176	0	0	455306	0	
9437184	9437184	3043564	20	6291456	577568	2466016	6291456	488120	0	0	450595	0	
9437184	9437184	3043556	28	6291456	390704	2652880	6291456	321300	0	0	347691	0	
9437184	9437184	3043584	0	6291456	726628	2316956	6291456	646496	0	0	560794	0	
9437184	9437184	3043584	0	6291456	366412	2677172	6291456	326364	0	0	316698	0	
9437184	9437184	3043576	8	6291456	364340	2679244	6291456	321292	0	0	363281	0	
9437184	9437184	3043584	0	6291456	719256	2324328	6291456	641308	0	0	574256	0	
9437184	9437184	3043576	8	6291456	399224	2644360	6291456	326388	0	0	314722	0	
9437184	9437184	3043584	0	6291456	716464	2327120	6291456	647068	0	0	506649	0	
9437184	9437184	3043568	16	6291456	527556	2516028	6291456	440472	0	0	427325	0	
9437184	9437184	3043552	32	6291456	392440	2651144	6291456	321276	0	0	323509	0	
9437184	9437184	3043552	32	6291456	763156	2280428	6291456	642096	0	0	520927	0	
9437184	9437184	3043568	16	6291456	397536	2646048	6291456	326524	0	0	361181	0	
9437184	9437184	3043568	16	6291456	765828	2277756	6291456	647152	0	0	511890	0	
9437184	9437184	3043536	48	6291456	475148	2568436	6291456	420008	0	0	397803	0	
9437184	9437184	3043580	4	6291456	373448	2670136	6291456	321368	0	0	367411	0	
9437184	9437184	3043576	8	6291456	722808	2320776	6291456	647176	0	0	528190	0	
9437184	9437184	3043584	0	6291456	390336	2653248	6291456	326364	0	0	293149	0	
9437184	9437184	3043580	4	6291456	380852	2662732	6291456	321340	0	0	298488	0	
9437184	9437184	3043564	20	6291456	709652	2333932	6291456	641444	0	0	568648	0	
9437184	9437184	3043568	16	6291456	426404	2617180	6291456	326588	0	0	286049	0	
9437184	9437184	3043564	20	6291456	763264	2280320	6291456	647120	0	0	485207	0	
9437184	9437184	3043512	72	6291456	511204	2532380	6291456	402288	0	0	371523	0	
9437184	9437184	3043556	28	6291456	394668	2648916	6291456	321304	0	0	405872	0	
9437184	9437184	3043580	4	6291456	769312	2274272	6291456	641296	0	0	497461	0	
9437184	9437184	3043576	8	6291456	380832	2662752	6291456	326548	0	0	298135	0	
9437184	9437184	3043540	44	6291456	761220	2282364	6291456	647076	0	0	445859	0	
9437184	9437184	3043576	8	6291456	525172	2518412	6291456	406344	0	0	380397	0	
9437184	9437184	3043580	4	6291456	414152	2629432	6291456	321236	0	0	333640	0	
9437184	9437184	3043580	4	6291456	772736	2270848	6291456	641308	0	0	507932	0	
9437184	9437184	3043584	0	6291456	389936	2653648	6291456	326364	0	0	323567	0	
9437184	9437184	3043576	8	6291456	767804	2275780	6291456	647068	0	0	456779	0	
9437184	9437184	3043572	12	6291456	437688	2605896	6291456	375384	0	0	325942	0	
9437184	9437184	3043572	12	6291456	401148	2642436	6291456	321392	0	0	373312	0	
9437184	9437184	3043572	12	6291456	765648	2277936	6291456	641480	0	0	508976	0	
9437184	9437184	3043580	4	6291456	398076	2645508	6291456	326364	0	0	344305	0	
9437184	9437184	3043584	0	6291456	779328	2264256	6291456	647464	0	0	530688	0	
9437184	9437184	3043580	4	6291456	510344	2533240	6291456	403504	396	0	362937	0	
9437184	9437184	3043560	24	6291456	396604	2646980	6291456	321316	0	0	318530	0	
9437184	9437184	3043584	0	6291456	771404	2272180	6291456	641308	0	0	478207	0	
9437184	9437184	3043544	40	6291456	394448	2649136	6291456	326480	0	0	341627	0	
9437184	9437184	3043584	0	6291456	764328	2279256	6291456	647056	0	0	410201	0	
9437184	9437184	3043564	20	6291456	465892	2577692	6291456	394668	0	0	344932	0	
9437184	9437184	3043580	4	6291456	403140	2640444	6291456	321244	0	0	307324	0	
9437184	9437184	3043572	12	6291456	762744	2280840	6291456	642248	0	0	467088	0	
9437184	9437184	3043576	8	6291456	380564	2663020	6291456	327276	876	0	338960	0	
9437184	9437184	3043548	36	6291456	711828	2331756	6291456	647176	0	0	541121	0	
9437184	9437184	3043560	24	6291456	528380	2515204	6291456	466888	0	0	431080	0	
9437184	9437184	3043580	4	6291456	387484	2656100	6291456	321368	0	0	328818	0	
9437184	9437184	3043576	8	6291456	717088	2326496	6291456	647080	0	0	500177	0	
9437184	9437184	3043584	0	6291456	374256	2669328	6291456	326376	0	0	358193	0	
9437184	9437184	3043580	4	6291456	360084	2683500	6291456	321224	0	0	295911	0	
9437184	9437184	3043576	8	6291456	764768	2278816	6291456	641320	0	0	427878	0	
9437184	9437184	3043580	4	6291456	401168	2642416	6291456	326376	0	0	335430	0	
9437184	9437184	3043572	12	6291456	731236	2312348	6291456	647144	0	0	463150	0	
9437184	9437184	3043580	4	6291456	512256	2531328	6291456	419188	0	0	335508	0	
9437184	9437184	3043568	16	6291456	390256	2653328	6291456	321244	0	0	343868	0	
9437184	9437184	3043564	20	6291456	771556	2272028	6291456	641516	0	0	579848	0	
9437184	9437184	3043584	0	6291456	373760	2669824	6291456	326400	0	0	305386	0	
9437184	9437184	3043556	28	6291456	794480	2249104	6291456	647280	0	0	505293	0	
9437184	9437184	3043556	28	6291456	516564	2527020	6291456	411980	0	0	351261	0	
9437184	9437184	3043572	12	6291456	393020	2650564	6291456	321960	0	0	373546	0	
9437184	9437184	3043580	4	6291456	762452	2281132	6291456	641992	672	0	491777	0	
9437184	9437184	3043580	4	6291456	357324	2686260	6291456	326376	0	0	296197	0	
9437184	9437184	3043536	48	6291456	726656	2316928	6291456	647348	0	0	541871	0	
9437184	9437184	3043580	4	6291456	566640	2476944	6291456	464868	0	0	456881	0	
9437184	9437184	3043572	12	6291456	420348	2623236	6291456	321244	0	0	346195	0	
9437184	9437184	3043584	0	6291456	769344	2274240	6291456	641308	0	0	553859	0	
9437184	9437184	3043564	20	6291456	366360	2677224	6291456	326384	0	0	372454	0	
9437184	9437184	3043584	0	6291456	715892	2327692	6291456	647056	0	0	579860	0	
9437184	9437184	3043532	52	6291456	546016	2497568	6291456	455296	0	0	475950	0	
9437184	9437184	3043556	28	6291456	402352	2641232	6291456	321256	0	0	431972	0	
9437184	9437184	3043576	8	6291456	718052	2325532	6291456	641552	0	0	642558	0	
9437184	9437184	3043576	8	6291456	391368	2652216	6291456	326364	0	0	412498	0	
9437184	9437184	3043572	12	6291456	388448	2655136	6291456	321248	0	0	340876	0	
9437184	9437184	3043572	12	6291456	774512	2269072	6291456	641468	0	0	515172	0	
9437184	9437184	3043584	0	6291456	387132	2656452	6291456	326388	0	0	356233	0	
9437184	9437184	3043584	0	6291456	770296	2273288	6291456	647068	0	0	527104	0	
9437184	9437184	3043484	100	6291456	418016	2625568	6291456	342892	0	0	409076	0	
9437184	9437184	3043572	12	6291456	382168	2661416	6291456	321236	0	0	373716	0	
9437184	9437184	3043576	8	6291456	722592	2320992	6291456	641296	0	0	490022	0	
9437184	9437184	3043584	0	6291456	394280	2649304	6291456	326364	0	0	320024	0	
9437184	9437184	3043572	12	6291456	713932	2329652	6291456	647068	0	0	481976	0	
9437184	9437184	3043552	32	6291456	584808	2458776	6291456	485152	0	0	345583	0	
9437184	9437184	3043560	24	6291456	397500	2646084	6291456	321392	0	0	293640	0	
9437184	9437184	3043572	12	6291456	716600	2326984	6291456	641516	0	0	506430	0	
9437184	9437184	3043584	0	6291456	399652	2643932	6291456	326376	0	0	333165	0	
9437184	9437184	3043580	4	6291456	773108	2270476	6291456	647100	0	0	446693	0	
9437184	9437184	3043544	40	6291456	514768	2528816	6291456	445828	0	0	329089	0	
9437184	9437184	3043584	0	6291456	423440	2620144	6291456	321340	0	0	333980	0	
9437184	9437184	3043572	12	6291456	798472	2245112	6291456	641516	0	0	486389	0	
9437184	9437184	3043584	0	6291456	396040	2647544	6291456	326408	0	0	359649	0	
9437184	9437184	3043568	16	6291456	794300	2249284	6291456	647076	0	0	509707	0	
9437184	9437184	3043572	12	6291456	462452	2581132	6291456	378444	0	0	406075	0	
9437184	9437184	3043580	4	6291456	400024	2643560	6291456	321224	0	0	316785	0	
9437184	9437184	3043580	4	6291456	720356	2323228	6291456	641320	0	0	488262	0	
9437184	9437184	3043560	24	6291456	418464	2625120	6291456	326364	0	0	381587	0	
9437184	9437184	3043576	8	6291456	780568	2263016	6291456	647056	0	0	522026	0	
9437184	9437184	3043564	20	6291456	468528	2575056	6291456	409384	0	0	480602	0	
9437184	9437184	3043584	0	6291456	398072	2645512	6291456	321264	0	0	331628	0	
9437184	9437184	3043540	44	6291456	800852	2242732	6291456	646916	0	0	522981	0	
9437184	9437184	3043580	4	6291456	400112	2643472	6291456	326376	0	0	397836	0	
9437184	9437184	3043584	0	6291456	721336	2322248	6291456	647068	0	0	500106	0	
9437184	9437184	3043560	24	6291456	509824	2533760	6291456	432972	0	0	428234	0	
9437184	9437184	3043580	4	6291456	366496	2677088	6291456	321328	0	0	307388	0	
9437184	9437184	3043576	8	6291456	761976	2281608	6291456	647056	0	0	432532	0	
9437184	9437184	3043576	8	6291456	366364	2677220	6291456	326388	0	0	309716	0	
9437184	9437184	3043580	4	6291456	367456	2676128	6291456	321292	0	0	291258	0	
9437184	9437184	3043576	8	6291456	715236	2328348	6291456	641296	0	0	475633	0	
9437184	9437184	3043576	8	6291456	402056	2641528	6291456	326388	0	0	326760	0	
9437184	9437184	3043580	4	6291456	779760	2263824	6291456	647056	0	0	508862	0	
9437184	9437184	3043584	0	6291456	451616	2591968	6291456	399300	0	0	319757	0	
9437184	9437184	3043568	16	6291456	384284	2659300	6291456	321284	0	0	311398	0	
9437184	9437184	3043576	8	6291456	770472	2273112	6291456	647068	0	0	535287	0	
9437184	9437184	3043568	16	6291456	363104	2680480	6291456	326428	0	0	315239	0	
9437184	9437184	3043560	24	6291456	419656	2623928	6291456	321276	0	0	272535	0	
9437184	9437184	3043584	0	6291456	765120	2278464	6291456	641308	0	0	469983	0	
9437184	9437184	3043584	0	6291456	399724	2643860	6291456	326364	0	0	295807	0	
9437184	9437184	3043564	20	6291456	764052	2279532	6291456	647188	0	0	453054	0	
9437184	9437184	3043532	52	6291456	393212	2650372	6291456	330256	0	0	360323	0	
9437184	9437184	3043572	12	6291456	386024	2657560	6291456	321416	0	0	309753	0	
9437184	9437184	3043552	32	6291456	774096	2269488	6291456	641412	0	0	659747	0	
9437184	9437184	3043580	4	6291456	377548	2666036	6291456	326376	0	0	312801	0	
9437184	9437184	3043584	0	6291456	715136	2328448	6291456	647056	0	0	449972	0	
9437184	9437184	3043580	4	6291456	565464	2478120	6291456	455064	0	0	439220	0	
9437184	9437184	3043572	12	6291456	367484	2676100	6291456	321236	0	0	366000	0	
9437184	9437184	3043572	12	6291456	764144	2279440	6291456	646736	0	0	535312	0	
9437184	9437184	3043508	76	6291456	424728	2618856	6291456	326592	0	0	418362	0	
9437184	9437184	3043580	4	6291456	761696	2281888	6291456	647056	0	0	535317	0	
9437184	9437184	3043580	4	6291456	514040	2529544	6291456	414904	0	0	387470	0	
9437184	9437184	3043556	28	6291456	391432	2652152	6291456	321336	0	0	321544	0	
9437184	9437184	3043568	16	6291456	721504	2322080	6291456	641372	0	0	458254	0	
9437184	9437184	3043580	4	6291456	397192	2646392	6291456	326388	0	0	416417	0	
9437184	9437184	3043576	8	6291456	722728	2320856	6291456	647144	0	0	513636	0	
9437184	9437184	3043584	0	6291456	587952	2455632	6291456	478088	0	0	377551	0	
9437184	9437184	3043576	8	6291456	360448	2683136	6291456	321236	0	0	326570	0	
9437184	9437184	3043584	0	6291456	711844	2331740	6291456	647004	0	0	521279	0	
9437184	9437184	3043564	20	6291456	374788	2668796	6291456	326384	0	0	343499	0	
9437184	9437184	3043572	12	6291456	402820	2640764	6291456	321216	0	0	406311	0	
9437184	9437184	3043580	4	6291456	800672	2242912	6291456	641404	0	0	511241	0	
9437184	9437184	3043576	8	6291456	378556	2665028	6291456	326388	0	0	332571	0	
9437184	9437184	3043568	16	6291456	764672	2278912	6291456	647192	0	0	621890	0	
9437184	9437184	3043544	40	6291456	423744	2619840	6291456	357832	28	0	416575	0	
9437184	9437184	3043572	12	6291456	363048	2680536	6291456	321248	0	0	317545	0	
9437184	9437184	3043576	8	6291456	802120	2241464	6291456	647004	0	0	460036	0	
9437184	9437184	3043584	0	6291456	385728	2657856	6291456	326376	0	0	362471	0	
9437184	9437184	3043584	0	6291456	766604	2276980	6291456	647068	0	0	478405	0	
9437184	9437184	3043568	16	6291456	519032	2524552	6291456	415144	0	0	385982	0	
9437184	9437184	3043572	12	6291456	401640	2641944	6291456	321268	0	0	293397	0	
9437184	9437184	3043580	4	6291456	705280	2338304	6291456	641296	0	0	517438	0	
9437184	9437184	3043584	0	6291456	396932	2646652	6291456	326364	0	0	251829	0	
9437184	9437184	3043568	16	6291456	761088	2282496	6291456	647112	0	0	564780	0	
9437184	9437184	3043540	44	6291456	543764	2499820	6291456	448440	0	0	423724	0	
9437184	9437184	3043564	20	6291456	427780	2615804	6291456	321392	0	0	359925	0	
9437184	9437184	3043576	8	6291456	771448	2272136	6291456	641320	0	0	505171	0	
9437184	9437184	3043568	16	6291456	367836	2675748	6291456	326408	0	0	289593	0	
9437184	9437184	3043576	8	6291456	761172	2282412	6291456	647068	0	0	476197	0	
9437184	9437184	3043532	52	6291456	510012	2533572	6291456	416020	0	0	346119	0	
9437184	9437184	3043584	0	6291456	397520	2646064	6291456	321236	0	0	282400	0	
9437184	9437184	3043580	4	6291456	712260	2331324	6291456	641372	0	0	494979	0	
9437184	9437184	3043580	4	6291456	398720	2644864	6291456	326388	0	0	258996	0	
9437184	9437184	3043560	24	6291456	762264	2281320	6291456	647112	0	0	488523	0	
9437184	9437184	3043580	4	6291456	553076	2490508	6291456	453668	0	0	397893	0	
9437184	9437184	3043576	8	6291456	391028	2652556	6291456	321328	0	0	263745	0	
9437184	9437184	3043560	24	6291456	718384	2325200	6291456	641476	0	0	483754	0	
9437184	9437184	3043580	4	6291456	393716	2649868	6291456	326400	0	0	294061	0	
9437184	9437184	3043584	0	6291456	421760	2621824	6291456	321228	0	0	260775	0	
9437184	9437184	3043576	8	6291456	765156	2278428	6291456	641308	0	0	496499	0	
9437184	9437184	3043576	8	6291456	392388	2651196	6291456	326484	0	0	284461	0	
9437184	9437184	3043568	16	6291456	723240	2320344	6291456	647144	0	0	450187	0	
9437184	9437184	3043544	40	6291456	450272	2593312	6291456	356332	0	0	368021	0	
9437184	9437184	3043576	8	6291456	381460	2662124	6291456	321316	0	0	315673	0	
9437184	9437184	3043580	4	6291456	774620	2268964	6291456	641308	0	0	518421	0	
9437184	9437184	3043580	4	6291456	421924	2621660	6291456	326440	0	0	271382	0	
9437184	9437184	3043580	4	6291456	762864	2280720	6291456	647056	0	0	496483	0	
9437184	9437184	3043496	88	6291456	432296	2611288	6291456	381892	0	0	363078	0	
9437184	9437184	3043580	4	6291456	365064	2678520	6291456	321328	0	0	289636	0	
9437184	9437184	3043576	8	6291456	762848	2280736	6291456	647068	0	0	475041	0	
9437184	9437184	3043584	0	6291456	393352	2650232	6291456	326388	0	0	314273	0	
9437184	9437184	3043580	4	6291456	399472	2644112	6291456	321312	0	0	292379	0	
9437184	9437184	3043576	8	6291456	763812	2279772	6291456	641468	0	0	467845	0	
9437184	9437184	3043576	8	6291456	395408	2648176	6291456	326376	0	0	359634	0	
9437184	9437184	3043584	0	6291456	778440	2265144	6291456	647092	0	0	511489	0	
9437184	9437184	3043572	12	6291456	418708	2624876	6291456	332748	0	0	286316	0	
9437184	9437184	3043584	0	6291456	389408	2654176	6291456	321260	0	0	282786	0	
9437184	9437184	3043580	4	6291456	728776	2314808	6291456	641296	0	0	475207	0	
9437184	9437184	3043580	4	6291456	410772	2632812	6291456	326376	0	0	339646	0	
9437184	9437184	3043584	0	6291456	717260	2326324	6291456	647092	0	0	510181	0	
9437184	9437184	3043564	20	6291456	540480	2503104	6291456	442664	0	0	305668	0	
9437184	9437184	3043568	16	6291456	400192	2643392	6291456	322076	684	0	333319	0	
9437184	9437184	3043572	12	6291456	729208	2314376	6291456	641480	0	0	498812	0	
9437184	9437184	3043576	8	6291456	402084	2641500	6291456	326408	0	0	300548	0	
9437184	9437184	3043584	0	6291456	766948	2276636	6291456	647120	0	0	527932	0	
9437184	9437184	3043568	16	6291456	550600	2492984	6291456	433452	0	0	374597	0	
9437184	9437184	3043568	16	6291456	390880	2652704	6291456	321264	0	0	280637	0	
9437184	9437184	3043580	4	6291456	768596	2274988	6291456	641296	0	0	531521	0	
9437184	9437184	3043584	0	6291456	393756	2649828	6291456	326364	0	0	264275	0	
9437184	9437184	3043580	4	6291456	771144	2272440	6291456	647068	0	0	471637	0	
9437184	9437184	3043548	36	6291456	518868	2524716	6291456	405440	0	0	335358	0	
9437184	9437184	3043572	12	6291456	393060	2650524	6291456	321236	0	0	284135	0	
9437184	9437184	3043584	0	6291456	766396	2277188	6291456	641296	0	0	470182	0	
9437184	9437184	3043580	4	6291456	360960	2682624	6291456	326364	0	0	308366	0	
9437184	9437184	3043556	28	6291456	722320	2321264	6291456	647172	0	0	475589	0	
9437184	9437184	3043560	24	6291456	566896	2476688	6291456	453448	0	0	438085	0	
9437184	9437184	3043572	12	6291456	386432	2657152	6291456	321268	0	0	263963	0	
9437184	9437184	3043572	12	6291456	706112	2337472	6291456	641456	0	0	472095	0	
9437184	9437184	3043576	8	6291456	402500	2641084	6291456	326364	0	0	301911	0	
9437184	9437184	3043572	12	6291456	727292	2316292	6291456	647112	0	0	408390	0	
9437184	9437184	3043552	32	6291456	574624	2468960	6291456	489288	0	0	375651	0	
9437184	9437184	3043560	24	6291456	393944	2649640	6291456	321412	0	0	321798	0	
9437184	9437184	3043572	12	6291456	773552	2270032	6291456	646916	0	0	531314	0	
9437184	9437184	3043548	36	6291456	429352	2614232	6291456	326480	0	0	409772	0	
9437184	9437184	3043580	4	6291456	763776	2279808	6291456	647068	0	0	546402	0	
9437184	9437184	3043580	4	6291456	519612	2523972	6291456	406644	0	0	346293	0	
9437184	9437184	3043584	0	6291456	386000	2657584	6291456	321260	0	0	358820	0	
9437184	9437184	3043576	8	6291456	722500	2321084	6291456	641296	0	0	568629	0	
9437184	9437184	3043584	0	6291456	401548	2642036	6291456	326384	0	0	352853	0	
9437184	9437184	3043572	12	6291456	718048	2325536	6291456	647320	0	0	512889	0	
9437184	9437184	3043576	8	6291456	546904	2496680	6291456	467720	0	0	443993	0	
9437184	9437184	3043580	4	6291456	390548	2653036	6291456	321376	0	0	296633	0	
9437184	9437184	3043580	4	6291456	763368	2280216	6291456	646960	0	0	451011	0	
9437184	9437184	3043580	4	6291456	399056	2644528	6291456	326428	0	0	422007	0	
9437184	9437184	3043564	20	6291456	713752	2329832	6291456	647056	0	0	505266	0	
9437184	9437184	3043564	20	6291456	556180	2487404	6291456	481988	0	0	424068	0	
9437184	9437184	3043580	4	6291456	403876	2639708	6291456	321396	0	0	280926	0	
9437184	9437184	3043576	8	6291456	765604	2277980	6291456	646896	0	0	583557	0	
9437184	9437184	3043576	8	6291456	402084	2641500	6291456	326364	0	0	327221	0	
9437184	9437184	3043580	4	6291456	729860	2313724	6291456	647236	0	0	472723	0	
9437184	9437184	3043560	24	6291456	575328	2468256	6291456	456660	0	0	441014	0	
9437184	9437184	3043552	32	6291456	390200	2653384	6291456	321224	0	0	332114	0	
9437184	9437184	3043584	0	6291456	766076	2277508	6291456	641328	0	0	644720	0	
9437184	9437184	3043576	8	6291456	384084	2659500	6291456	326400	0	0	455434	0	
9437184	9437184	3043576	8	6291456	778192	2265392	6291456	647068	0	0	566638	0	
9437184	9437184	3043548	36	6291456	466328	2577256	6291456	409868	0	0	394597	0	
9437184	9437184	3043580	4	6291456	390400	2653184	6291456	321328	0	0	345459	0	
9437184	9437184	3043580	4	6291456	708564	2335020	6291456	646992	0	0	467843	0	
9437184	9437184	3043584	0	6291456	432692	2610892	6291456	326400	0	0	342496	0	
9437184	9437184	3043580	4	6291456	794720	2248864	6291456	647088	0	0	456436	0	
9437184	9437184	3043564	20	6291456	530416	2513168	6291456	431344	0	0	387381	0	
9437184	9437184	3043576	8	6291456	392180	2651404	6291456	321256	0	0	305726	0	
9437184	9437184	3043576	8	6291456	765888	2277696	6291456	641496	0	0	503246	0	
9437184	9437184	3043580	4	6291456	381504	2662080	6291456	326364	0	0	342652	0	
9437184	9437184	3043572	12	6291456	793976	2249608	6291456	647320	0	0	495968	0	
9437184	9437184	3043572	12	6291456	448088	2595496	6291456	411116	0	0	414026	0	
9437184	9437184	3043580	4	6291456	417660	2625924	6291456	321356	0	0	379367	0	
9437184	9437184	3043556	28	6291456	764452	2279132	6291456	646928	0	0	464600	0	
9437184	9437184	3043580	4	6291456	387164	2656420	6291456	326408	0	0	443926	0	
9437184	9437184	3043584	0	6291456	768464	2275120	6291456	647200	0	0	537065	0	
9437184	9437184	3043560	24	6291456	544540	2499044	6291456	439288	0	0	406613	0	
9437184	9437184	3043572	12	6291456	370120	2673464	6291456	321256	0	0	310678	0	
9437184	9437184	3043584	0	6291456	770724	2272860	6291456	646940	0	0	558081	0	
9437184	9437184	3043568	16	6291456	394868	2648716	6291456	326632	0	0	335246	0	
9437184	9437184	3043580	4	6291456	712660	2330924	6291456	647236	0	0	473766	0	
9437184	9437184	3043580	4	6291456	574736	2468848	6291456	472020	0	0	369151	0	
9437184	9437184	3043552	32	6291456	396748	2646836	6291456	321244	0	0	296503	0	
9437184	9437184	3043576	8	6291456	719216	2324368	6291456	641392	0	0	474948	0	
9437184	9437184	3043576	8	6291456	398756	2644828	6291456	326388	0	0	306214	0	
9437184	9437184	3043572	12	6291456	768120	2275464	6291456	647068	0	0	601847	0	
9437184	9437184	3043580	4	6291456	577292	2466292	6291456	446728	0	0	363066	0	
9437184	9437184	3043572	12	6291456	415452	2628132	6291456	321280	0	0	332193	0	
9437184	9437184	3043580	4	6291456	769264	2274320	6291456	641296	0	0	488665	0	
9437184	9437184	3043580	4	6291456	403184	2640400	6291456	326388	0	0	301322	0	
9437184	9437184	3043580	4	6291456	773072	2270512	6291456	647068	0	0	493695	0	
9437184	9437184	3043568	16	6291456	439968	2603616	6291456	372924	0	0	307069	0	
9437184	9437184	3043560	24	6291456	365564	2678020	6291456	321236	0	0	293009	0	
9437184	9437184	3043572	12	6291456	717848	2325736	6291456	646980	0	0	617220	0	
9437184	9437184	3043552	32	6291456	390280	2653304	6291456	326384	0	0	315084	0	
9437184	9437184	3043580	4	6291456	379692	2663892	6291456	321248	0	0	312157	0	
9437184	9437184	3043560	24	6291456	718016	2325568	6291456	641336	0	0	465472	0	
9437184	9437184	3043580	4	6291456	364372	2679212	6291456	326440	0	0	288470	0	
9437184	9437184	3043568	16	6291456	761888	2281696	6291456	647152	0	0	470675	0	
9437184	9437184	3043548	36	6291456	520620	2522964	6291456	420576	0	0	466578	0	
9437184	9437184	3043564	20	6291456	381824	2661760	6291456	321300	0	0	307810	0	
9437184	9437184	3043520	64	6291456	714628	2328956	6291456	641628	0	0	461287	0	
9437184	9437184	3043572	12	6291456	378792	2664792	6291456	326440	0	0	349482	0	
9437184	9437184	3043576	8	6291456	389256	2654328	6291456	321176	0	0	322080	0	
9437184	9437184	3043560	24	6291456	770136	2273448	6291456	641404	0	0	490665	0	
9437184	9437184	3043584	0	6291456	419956	2623628	6291456	326536	0	0	297907	0	
9437184	9437184	3043584	0	6291456	771784	2271800	6291456	647056	0	0	431925	0	
9437184	9437184	3043496	88	6291456	398164	2645420	6291456	339576	0	0	320410	0	
9437184	9437184	3043564	20	6291456	367856	2675728	6291456	321256	0	0	307574	0	
9437184	9437184	3043540	44	6291456	774404	2269180	6291456	645856	0	0	468327	0	
9437184	9437184	3043572	12	6291456	404368	2639216	6291456	326460	0	0	285370	0	
9437184	9437184	3043580	4	6291456	765120	2278464	6291456	647068	0	0	509564	0	
9437184	9437184	3043476	108	6291456	472380	2571204	6291456	416596	0	0	410294	0	
9437184	9437184	3043584	0	6291456	395332	2648252	6291456	321320	0	0	308354	0	
9437184	9437184	3043568	16	6291456	733748	2309836	6291456	647088	0	0	471757	0	
9437184	9437184	3043572	12	6291456	380548	2663036	6291456	326460	0	0	425592	0	
9437184	9437184	3043580	4	6291456	395180	2648404	6291456	321248	0	0	293617	0	
9437184	9437184	3043580	4	6291456	762852	2280732	6291456	641296	0	0	526706	0	
9437184	9437184	3043564	20	6291456	384824	2658760	6291456	326428	0	0	300245	0	
9437184	9437184	3043584	0	6291456	770560	2273024	6291456	647080	0	0	466314	0	
9437184	9437184	3043568	16	6291456	421620	2621964	6291456	367048	0	0	328255	0	
9437184	9437184	3043568	16	6291456	394876	2648708	6291456	321364	0	0	289665	0	
9437184	9437184	3043568	16	6291456	724160	2319424	6291456	641588	0	0	490970	0	
9437184	9437184	3043580	4	6291456	425920	2617664	6291456	326364	0	0	301680	0	
9437184	9437184	3043572	12	6291456	711200	2332384	6291456	647320	0	0	402479	0	
9437184	9437184	3043576	8	6291456	550912	2492672	6291456	477188	0	0	423362	0	
9437184	9437184	3043580	4	6291456	424668	2618916	6291456	321396	0	0	349350	0	
9437184	9437184	3043568	16	6291456	735084	2308500	6291456	641416	0	0	484521	0	
9437184	9437184	3043564	20	6291456	390128	2653456	6291456	326496	0	0	332881	0	
9437184	9437184	3043580	4	6291456	799856	2243728	6291456	647068	0	0	461798	0	
9437184	9437184	3043580	4	6291456	471500	2572084	6291456	417456	0	0	382130	0	
9437184	9437184	3043580	4	6291456	386960	2656624	6291456	321368	0	0	307093	0	
9437184	9437184	3043576	8	6291456	770264	2273320	6291456	647080	0	0	497452	0	
9437184	9437184	3043580	4	6291456	394352	2649232	6291456	326400	0	0	301716	0	
9437184	9437184	3043576	8	6291456	706200	2337384	6291456	647088	0	0	422717	0	
9437184	9437184	3043580	4	6291456	570728	2472856	6291456	503052	0	0	374160	0	
9437184	9437184	3043580	4	6291456	391484	2652100	6291456	321356	0	0	261605	0	
9437184	9437184	3043576	8	6291456	719716	2323868	6291456	647056	0	0	518080	0	
9437184	9437184	3043584	0	6291456	403056	2640528	6291456	326388	0	0	310884	0	
9437184	9437184	3043564	20	6291456	394868	2648716	6291456	321376	0	0	308215	0	
9437184	9437184	3043580	4	6291456	723388	2320196	6291456	641296	0	0	522256	0	
9437184	9437184	3043560	24	6291456	396884	2646700	6291456	326440	0	0	298898	0	
9437184	9437184	3043580	4	6291456	728092	2315492	6291456	647164	0	0	433594	0	
9437184	9437184	3043548	36	6291456	510868	2532716	6291456	413344	0	0	334434	0	
9437184	9437184	3043584	0	6291456	387072	2656512	6291456	321256	0	0	295654	0	
9437184	9437184	3043572	12	6291456	761376	2282208	6291456	641392	0	0	543303	0	
9437184	9437184	3043580	4	6291456	390496	2653088	6291456	326388	0	0	297210	0	
9437184	9437184	3043544	40	6291456	712208	2331376	6291456	647172	0	0	461269	0	
9437184	9437184	3043552	32	6291456	528840	2514744	6291456	463612	0	0	363220	0	
9437184	9437184	3043580	4	6291456	387128	2656456	6291456	321296	0	0	310689	0	
9437184	9437184	3043576	8	6291456	779216	2264368	6291456	647056	0	0	507093	0	
9437184	9437184	3043560	24	6291456	394724	2648860	6291456	326408	0	0	328528	0	
9437184	9437184	3043584	0	6291456	761496	2282088	6291456	647156	0	0	470636	0	
9437184	9437184	3043568	16	6291456	519720	2523864	6291456	443844	0	0	420991	0	
9437184	9437184	3043576	8	6291456	405240	2638344	6291456	321284	0	0	316272	0	
9437184	9437184	3043576	8	6291456	713088	2330496	6291456	643196	0	0	440376	0	
9437184	9437184	3043584	0	6291456	385912	2657672	6291456	326472	0	0	395710	0	
9437184	9437184	3043576	8	6291456	381712	2661872	6291456	321220	0	0	337321	0	
9437184	9437184	3043580	4	6291456	718136	2325448	6291456	641336	0	0	440439	0	
9437184	9437184	3043572	12	6291456	385104	2658480	6291456	326364	0	0	394828	0	
9437184	9437184	3043580	4	6291456	764568	2279016	6291456	647068	0	0	583486	0	
9437184	9437184	3043584	0	6291456	507276	2536308	6291456	406236	0	0	347005	0	
9437184	9437184	3043572	12	6291456	375752	2667832	6291456	321308	0	0	319377	0	
9437184	9437184	3043572	12	6291456	768096	2275488	6291456	641520	0	0	476297	0	
9437184	9437184	3043576	8	6291456	374908	2668676	6291456	326388	0	0	326626	0	
9437184	9437184	3043572	12	6291456	771364	2272220	6291456	647280	0	0	504586	0	
9437184	9437184	3043580	4	6291456	507328	2536256	6291456	422412	0	0	376477	0	
9437184	9437184	3043584	0	6291456	401116	2642468	6291456	321276	0	0	345484	0	
9437184	9437184	3043556	28	6291456	801924	2241660	6291456	641584	0	0	514440	0	
9437184	9437184	3043576	8	6291456	370856	2672728	6291456	326396	0	0	356836	0	
9437184	9437184	3043576	8	6291456	771420	2272164	6291456	647080	0	0	528643	0	
9437184	9437184	3043552	32	6291456	508960	2534624	6291456	412136	0	0	411042	0	
9437184	9437184	3043572	12	6291456	397956	2645628	6291456	321268	0	0	361406	0	
9437184	9437184	3043576	8	6291456	762592	2280992	6291456	641320	0	0	591672	0	
9437184	9437184	3043576	8	6291456	386296	2657288	6291456	326388	0	0	315102	0	
9437184	9437184	3043576	8	6291456	769408	2274176	6291456	647080	0	0	483333	0	
9437184	9437184	3043572	12	6291456	507680	2535904	6291456	414904	0	0	416359	0	
9437184	9437184	3043568	16	6291456	367708	2675876	6291456	321344	0	0	384451	0	
9437184	9437184	3043540	44	6291456	736076	2307508	6291456	646916	0	0	595946	0	
9437184	9437184	3043576	8	6291456	395688	2647896	6291456	326364	0	0	309800	0	
9437184	9437184	3043576	8	6291456	724428	2319156	6291456	647080	0	0	519170	0	
9437184	9437184	3043552	32	6291456	606096	2437488	6291456	493188	0	0	391292	0	
9437184	9437184	3043580	4	6291456	379400	2664184	6291456	321256	0	0	254777	0	
9437184	9437184	3043540	44	6291456	723744	2319840	6291456	641588	0	0	508214	0	
9437184	9437184	3043580	4	6291456	373688	2669896	6291456	326388	0	0	249109	0	
9437184	9437184	3043568	16	6291456	368196	2675388	6291456	321196	0	0	241670	0	
9437184	9437184	3043580	4	6291456	779076	2264508	6291456	641320	0	0	515291	0	
9437184	9437184	3043584	0	6291456	375228	2668356	6291456	326408	0	0	272695	0	
9437184	9437184	3043576	8	6291456	769820	2273764	6291456	647092	0	0	432255	0	
9437184	9437184	3043572	12	6291456	454824	2588760	6291456	374844	0	0	280824	0	
9437184	9437184	3043584	0	6291456	387396	2656188	6291456	321256	0	0	349435	0	
9437184	9437184	3043572	12	6291456	727664	2315920	6291456	641480	0	0	549660	0	
9437184	9437184	3043584	0	6291456	370144	2673440	6291456	326384	0	0	329059	0	
9437184	9437184	3043572	12	6291456	394756	2648828	6291456	321272	0	0	310259	0	
9437184	9437184	3043580	4	6291456	711472	2332112	6291456	641404	0	0	414355	0	
9437184	9437184	3043580	4	6291456	408248	2635336	6291456	326364	0	0	323561	0	
9437184	9437184	3043580	4	6291456	709412	2334172	6291456	647068	0	0	405150	0	
9437184	9437184	3043552	32	6291456	477616	2565968	6291456	410588	0	0	346438	0	
9437184	9437184	3043584	0	6291456	372344	2671240	6291456	321264	0	0	298048	0	
9437184	9437184	3043576	8	6291456	762176	2281408	6291456	647068	0	0	482797	0	
9437184	9437184	3043584	0	6291456	392928	2650656	6291456	326388	0	0	317932	0	
9437184	9437184	3043564	20	6291456	773780	2269804	6291456	647088	0	0	444752	0	
9437184	9437184	3043568	16	6291456	555688	2487896	6291456	445028	0	0	389020	0	
9437184	9437184	3043576	8	6291456	399560	2644024	6291456	321280	0	0	312626	0	
9437184	9437184	3043584	0	6291456	771492	2272092	6291456	641296	0	0	431461	0	
9437184	9437184	3043576	8	6291456	408044	2635540	6291456	326428	0	0	329282	0	
9437184	9437184	3043564	20	6291456	765888	2277696	6291456	647056	0	0	410707	0	
9437184	9437184	3043576	8	6291456	517060	2526524	6291456	396744	0	0	360636	0	
9437184	9437184	3043568	16	6291456	391820	2651764	6291456	321280	0	0	302794	0	
9437184	9437184	3043580	4	6291456	772692	2270892	6291456	641468	0	0	487229	0	
9437184	9437184	3043584	0	6291456	399580	2644004	6291456	326440	0	0	360156	0	
9437184	9437184	3043576	8	6291456	780844	2262740	6291456	647164	0	0	494272	0	
9437184	9437184	3043568	16	6291456	455928	2587656	6291456	375080	0	0	348475	0	
9437184	9437184	3043564	20	6291456	400480	2643104	6291456	321244	0	0	264015	0	
9437184	9437184	3043580	4	6291456	708256	2335328	6291456	641296	0	0	463570	0	
9437184	9437184	3043584	0	6291456	396124	2647460	6291456	326388	0	0	277733	0	
9437184	9437184	3043556	28	6291456	714748	2328836	6291456	647112	0	0	537708	0	
9437184	9437184	3043576	8	6291456	584452	2459132	6291456	489880	0	0	458184	0	
9437184	9437184	3043584	0	6291456	377512	2666072	6291456	321300	0	0	254189	0	
9437184	9437184	3043572	12	6291456	773128	2270456	6291456	646980	0	0	519187	0	
9437184	9437184	3043576	8	6291456	391304	2652280	6291456	326464	0	0	283782	0	
9437184	9437184	3043560	24	6291456	768308	2275276	6291456	647056	0	0	510209	0	
9437184	9437184	3043576	8	6291456	520308	2523276	6291456	431268	0	0	389099	0	
9437184	9437184	3043568	16	6291456	420376	2623208	6291456	321268	0	0	273279	0	
9437184	9437184	3043580	4	6291456	776648	2266936	6291456	641332	0	0	498492	0	
9437184	9437184	3043572	12	6291456	398016	2645568	6291456	326384	0	0	323928	0	
9437184	9437184	3043564	20	6291456	722044	2321540	6291456	647120	0	0	542140	0	
9437184	9437184	3043560	24	6291456	459356	2584228	6291456	424012	0	0	344685	0	
9437184	9437184	3043580	4	6291456	386360	2657224	6291456	324256	0	0	306158	0	
9437184	9437184	3043556	28	6291456	762252	2281332	6291456	647344	0	0	491221	0	
9437184	9437184	3043556	28	6291456	386208	2657376	6291456	326364	0	0	328697	0	
9437184	9437184	3043552	32	6291456	395960	2647624	6291456	321332	0	0	273091	0	
9437184	9437184	3043576	8	6291456	767500	2276084	6291456	641380	0	0	575487	0	
9437184	9437184	3043564	20	6291456	407288	2636296	6291456	326556	0	0	330063	0	
9437184	9437184	3043564	20	6291456	766884	2276700	6291456	647056	0	0	558431	0	
9437184	9437184	3043580	4	6291456	429588	2613996	6291456	352244	0	0	396975	0	
9437184	9437184	3043576	8	6291456	403824	2639760	6291456	321224	0	0	283487	0	
9437184	9437184	3043580	4	6291456	765484	2278100	6291456	641308	0	0	495313	0	
9437184	9437184	3043548	36	6291456	401176	2642408	6291456	326384	0	0	327041	0	
9437184	9437184	3043580	4	6291456	761312	2282272	6291456	647168	0	0	449052	0	
9437184	9437184	3043528	56	6291456	454264	2589320	6291456	397156	0	0	395276	0	
9437184	9437184	3043576	8	6291456	388652	2654932	6291456	321328	0	0	347909	0	
9437184	9437184	3043580	4	6291456	762560	2281024	6291456	646960	0	0	543614	0	
9437184	9437184	3043572	12	6291456	368852	2674732	6291456	326384	0	0	313824	0	
9437184	9437184	3043572	12	6291456	388524	2655060	6291456	321312	0	0	356948	0	
9437184	9437184	3043584	0	6291456	717888	2325696	6291456	641308	0	0	474979	0	
9437184	9437184	3043580	4	6291456	394856	2648728	6291456	326364	0	0	315789	0	
9437184	9437184	3043580	4	6291456	783176	2260408	6291456	647092	0	0	529983	0	
9437184	9437184	3043568	16	6291456	455012	2588572	6291456	369356	0	0	280512	0	
9437184	9437184	3043580	4	6291456	369452	2674132	6291456	321224	0	0	296434	0	
9437184	9437184	3043552	32	6291456	771208	2272376	6291456	641520	0	0	500727	0	
9437184	9437184	3043576	8	6291456	376048	2667536	6291456	326376	0	0	259132	0	
9437184	9437184	3043584	0	6291456	769548	2274036	6291456	647236	0	0	615627	0	
9437184	9437184	3043568	16	6291456	508528	2535056	6291456	423492	0	0	346741	0	
9437184	9437184	3043584	0	6291456	390016	2653568	6291456	321276	0	0	279094	0	
9437184	9437184	3043584	0	6291456	772296	2271288	6291456	646496	0	0	505017	0	
9437184	9437184	3043584	0	6291456	373488	2670096	6291456	326548	0	0	343898	0	
9437184	9437184	3043564	20	6291456	762512	2281072	6291456	647112	0	0	601524	0	
9437184	9437184	3043568	16	6291456	533428	2510156	6291456	443844	0	0	384246	0	
9437184	9437184	3043584	0	6291456	392276	2651308	6291456	321276	0	0	261398	0	
9437184	9437184	3043556	28	6291456	765288	2278296	6291456	642496	0	0	500555	0	
9437184	9437184	3043584	0	6291456	391580	2652004	6291456	326548	0	0	296109	0	
9437184	9437184	3043572	12	6291456	732328	2311256	6291456	647320	0	0	499461	0	
9437184	9437184	3043572	12	6291456	551068	2492516	6291456	457028	0	0	426258	0	
9437184	9437184	3043568	16	6291456	380624	2662960	6291456	321256	0	0	404768	0	
9437184	9437184	3043580	4	6291456	773596	2269988	6291456	646928	0	0	569572	0	
9437184	9437184	3043548	36	6291456	364952	2678632	6291456	326480	0	0	292952	0	
9437184	9437184	3043572	12	6291456	766344	2277240	6291456	647088	0	0	464400	0	
9437184	9437184	3043552	32	6291456	580524	2463060	6291456	450488	0	0	404273	0	
9437184	9437184	3043564	20	6291456	378840	2664744	6291456	321216	0	0	270560	0	
9437184	9437184	3043580	4	6291456	721760	2321824	6291456	641308	0	0	436397	0	
9437184	9437184	3043544	40	6291456	390176	2653408	6291456	326384	0	0	413134	0	
9437184	9437184	3043580	4	6291456	764232	2279352	6291456	647144	0	0	567312	0	
9437184	9437184	3043568	16	6291456	551276	2492308	6291456	444984	0	0	372116	0	
9437184	9437184	3043584	0	6291456	391528	2652056	6291456	321300	0	0	303682	0	
9437184	9437184	3043572	12	6291456	764544	2279040	6291456	641456	0	0	457693	0	
9437184	9437184	3043580	4	6291456	433844	2609740	6291456	326376	0	0	346291	0	
9437184	9437184	3043568	16	6291456	733496	2310088	6291456	647204	0	0	560135	0	
9437184	9437184	3043560	24	6291456	465840	2577744	6291456	413840	0	0	360533	0	
9437184	9437184	3043556	28	6291456	390624	2652960	6291456	321264	0	0	300077	0	
9437184	9437184	3043576	8	6291456	762144	2281440	6291456	647080	0	0	523116	0	
9437184	9437184	3043580	4	6291456	384492	2659092	6291456	326400	0	0	284614	0	
9437184	9437184	3043584	0	6291456	387560	2656024	6291456	321176	0	0	344709	0	
9437184	9437184	3043572	12	6291456	762160	2281424	6291456	641468	0	0	495731	0	
9437184	9437184	3043584	0	6291456	371888	2671696	6291456	326376	0	0	354121	0	
9437184	9437184	3043576	8	6291456	800408	2243176	6291456	647100	0	0	500428	0	
9437184	9437184	3043576	8	6291456	430936	2612648	6291456	341816	0	0	382893	0	
9437184	9437184	3043536	48	6291456	397960	2645624	6291456	321236	0	0	283402	0	
9437184	9437184	3043572	12	6291456	762960	2280624	6291456	641380	0	0	475724	0	
9437184	9437184	3043580	4	6291456	421648	2621936	6291456	326588	0	0	336964	0	
9437184	9437184	3043584	0	6291456	772244	2271340	6291456	647080	0	0	562902	0	
9437184	9437184	3043580	4	6291456	458188	2585396	6291456	370952	0	0	356046	0	
9437184	9437184	3043576	8	6291456	392156	2651428	6291456	321288	0	0	298005	0	
9437184	9437184	3043580	4	6291456	761916	2281668	6291456	641320	0	0	461146	0	
9437184	9437184	3043576	8	6291456	376244	2667340	6291456	326376	0	0	314271	0	
9437184	9437184	3043556	28	6291456	706808	2336776	6291456	647172	0	0	441708	0	
9437184	9437184	3043548	36	6291456	568032	2475552	6291456	466620	0	0	411235	0	
9437184	9437184	3043564	20	6291456	377960	2665624	6291456	321352	0	0	266253	0	
9437184	9437184	3043568	16	6291456	733112	2310472	6291456	646896	0	0	500937	0	
9437184	9437184	3043580	4	6291456	393216	2650368	6291456	326376	0	0	314292	0	
9437184	9437184	3043584	0	6291456	392396	2651188	6291456	321164	0	0	308269	0	
9437184	9437184	3043580	4	6291456	762144	2281440	6291456	641488	0	0	582876	0	
9437184	9437184	3043584	0	6291456	391464	2652120	6291456	326376	0	0	276418	0	
9437184	9437184	3043572	12	6291456	721064	2322520	6291456	647248	0	0	526934	0	
9437184	9437184	3043584	0	6291456	451072	2592512	6291456	379044	0	0	277054	0	
9437184	9437184	3043560	24	6291456	365612	2677972	6291456	321256	0	0	311385	0	
9437184	9437184	3043560	24	6291456	764580	2279004	6291456	647004	0	0	516485	0	
9437184	9437184	3043560	24	6291456	391760	2651824	6291456	326464	0	0	341988	0	
9437184	9437184	3043560	24	6291456	715564	2328020	6291456	647068	0	0	404044	0	
9437184	9437184	3043544	40	6291456	577824	2465760	6291456	483476	0	0	335490	0	
9437184	9437184	3043568	16	6291456	392744	2650840	6291456	321320	0	0	263964	0	
9437184	9437184	3043568	16	6291456	763664	2279920	6291456	641824	0	0	495515	0	
9437184	9437184	3043564	20	6291456	417632	2625952	6291456	326480	0	0	287286	0	
9437184	9437184	3043576	8	6291456	701040	2342544	6291456	647068	0	0	553998	0	
9437184	9437184	3043580	4	6291456	544436	2499148	6291456	462408	0	0	371038	0	
9437184	9437184	3043564	20	6291456	376744	2666840	6291456	321348	0	0	326566	0	
9437184	9437184	3043576	8	6291456	765792	2277792	6291456	647068	0	0	483482	0	
9437184	9437184	3043584	0	6291456	388736	2654848	6291456	326364	0	0	303124	0	
9437184	9437184	3043560	24	6291456	764424	2279160	6291456	647092	0	0	476408	0	
9437184	9437184	3043556	28	6291456	549516	2494068	6291456	452792	0	0	371856	0	
9437184	9437184	3043572	12	6291456	368756	2674828	6291456	321392	0	0	285617	0	
9437184	9437184	3043576	8	6291456	772600	2270984	6291456	647104	0	0	462790	0	
9437184	9437184	3043584	0	6291456	393248	2650336	6291456	326408	0	0	359101	0	
9437184	9437184	3043568	16	6291456	725568	2318016	6291456	647100	0	0	568854	0	
9437184	9437184	3043552	32	6291456	579704	2463880	6291456	470468	0	0	464653	0	
9437184	9437184	3043584	0	6291456	386172	2657412	6291456	321300	0	0	273830	0	
9437184	9437184	3043576	8	6291456	707468	2336116	6291456	641496	0	0	559005	0	
9437184	9437184	3043584	0	6291456	373416	2670168	6291456	326612	0	0	314954	0	
9437184	9437184	3043576	8	6291456	393568	2650016	6291456	321332	0	0	306738	0	
9437184	9437184	3043584	0	6291456	771728	2271856	6291456	641468	0	0	521834	0	
9437184	9437184	3043548	36	6291456	399288	2644296	6291456	326404	0	0	380276	0	
9437184	9437184	3043564	20	6291456	767736	2275848	6291456	647076	0	0	452052	0	
9437184	9437184	3043572	12	6291456	430968	2612616	6291456	355340	0	0	283584	0	
9437184	9437184	3043572	12	6291456	380816	2662768	6291456	321224	0	0	285136	0	
9437184	9437184	3043572	12	6291456	792152	2251432	6291456	641372	0	0	495538	0	
9437184	9437184	3043548	36	6291456	396880	2646704	6291456	326384	0	0	288375	0	
9437184	9437184	3043584	0	6291456	718120	2325464	6291456	647100	0	0	475135	0	
9437184	9437184	3043560	24	6291456	519592	2523992	6291456	424280	0	0	351249	0	
9437184	9437184	3043572	12	6291456	382708	2660876	6291456	321244	0	0	259500	0	
9437184	9437184	3043580	4	6291456	700760	2342824	6291456	643868	0	0	447668	0	
9437184	9437184	3043564	20	6291456	397988	2645596	6291456	326384	0	0	357005	0	
9437184	9437184	3043576	8	6291456	388148	2655436	6291456	321296	0	0	303877	0	
9437184	9437184	3043576	8	6291456	781260	2262324	6291456	641444	0	0	416033	0	
9437184	9437184	3043584	0	6291456	407328	2636256	6291456	326536	0	0	326276	0	
9437184	9437184	3043580	4	6291456	722072	2321512	6291456	647080	0	0	474673	0	
9437184	9437184	3043576	8	6291456	422248	2621336	6291456	373760	0	0	321986	0	
9437184	9437184	3043580	4	6291456	390548	2653036	6291456	321372	0	0	389017	0	
9437184	9437184	3043568	16	6291456	728168	2315416	6291456	646896	0	0	528079	0	
9437184	9437184	3043572	12	6291456	421924	2621660	6291456	326364	0	0	326209	0	
9437184	9437184	3043564	20	6291456	729536	2314048	6291456	647132	0	0	470304	0	
9437184	9437184	3043580	4	6291456	577624	2465960	6291456	473080	0	0	448453	0	
9437184	9437184	3043580	4	6291456	379476	2664108	6291456	321356	0	0	326416	0	
9437184	9437184	3043564	20	6291456	769488	2274096	6291456	643548	0	0	455789	0	
9437184	9437184	3043580	4	6291456	397652	2645932	6291456	326568	0	0	302802	0	
9437184	9437184	3043568	16	6291456	727784	2315800	6291456	647172	0	0	495532	0	
9437184	9437184	3043532	52	6291456	571808	2471776	6291456	452920	0	0	409744	0	
9437184	9437184	3043584	0	6291456	397148	2646436	6291456	321256	0	0	297335	0	
9437184	9437184	3043580	4	6291456	766760	2276824	6291456	641320	0	0	548851	0	
9437184	9437184	3043580	4	6291456	399536	2644048	6291456	326476	0	0	278573	0	
9437184	9437184	3043568	16	6291456	769944	2273640	6291456	647176	0	0	485285	0	
9437184	9437184	3043560	24	6291456	453352	2590232	6291456	399508	0	0	358518	0	
9437184	9437184	3043580	4	6291456	397260	2646324	6291456	321332	0	0	299189	0	
9437184	9437184	3043568	16	6291456	728828	2314756	6291456	647016	0	0	597557	0	
9437184	9437184	3043572	12	6291456	400044	2643540	6291456	326512	0	0	306173	0	
9437184	9437184	3043572	12	6291456	395840	2647744	6291456	321228	0	0	289862	0	
9437184	9437184	3043556	28	6291456	783484	2260100	6291456	641336	0	0	414786	0	
9437184	9437184	3043556	28	6291456	415172	2628412	6291456	326384	0	0	387851	0	
9437184	9437184	3043564	20	6291456	770988	2272596	6291456	647248	0	0	479598	0	
9437184	9437184	3043584	0	6291456	373776	2669808	6291456	326588	0	0	298437	0	
9437184	9437184	3043584	0	6291456	386144	2657440	6291456	321224	0	0	311388	0	
9437184	9437184	3043580	4	6291456	796620	2246964	6291456	641320	0	0	490222	0	
9437184	9437184	3043580	4	6291456	380584	2663000	6291456	326632	0	0	287597	0	
9437184	9437184	3043564	20	6291456	771332	2272252	6291456	647100	0	0	498008	0	
9437184	9437184	3043564	20	6291456	515728	2527856	6291456	394592	0	0	349260	0	
9437184	9437184	3043544	40	6291456	369948	2673636	6291456	321236	0	0	288458	0	
9437184	9437184	3043584	0	6291456	796424	2247160	6291456	641296	0	0	402520	0	
9437184	9437184	3043576	8	6291456	395232	2648352	6291456	326364	0	0	337647	0	
9437184	9437184	3043556	28	6291456	775484	2268100	6291456	647096	0	0	476367	0	
9437184	9437184	3043548	36	6291456	453376	2590208	6291456	379112	0	0	365356	0	
9437184	9437184	3043584	0	6291456	390908	2652676	6291456	321256	0	0	261563	0	
9437184	9437184	3043560	24	6291456	767808	2275776	6291456	641480	0	0	614004	0	
9437184	9437184	3043576	8	6291456	386732	2656852	6291456	326364	0	0	266520	0	
9437184	9437184	3043580	4	6291456	730548	2313036	6291456	647280	0	0	508132	0	
9437184	9437184	3043580	4	6291456	531184	2512400	6291456	447012	0	0	367282	0	
9437184	9437184	3043584	0	6291456	377272	2666312	6291456	321276	0	0	324443	0	
9437184	9437184	3043568	16	6291456	765232	2278352	6291456	647044	0	0	497612	0	
9437184	9437184	3043576	8	6291456	390436	2653148	6291456	326376	0	0	274071	0	
9437184	9437184	3043560	24	6291456	723048	2320536	6291456	647136	0	0	482325	0	
9437184	9437184	3043584	0	6291456	580764	2462820	6291456	484808	0	0	426434	0	
9437184	9437184	3043568	16	6291456	370396	2673188	6291456	321300	0	0	316350	0	
9437184	9437184	3043572	12	6291456	794240	2249344	6291456	647068	0	0	517956	0	
9437184	9437184	3043576	8	6291456	398328	2645256	6291456	326364	0	0	348650	0	
9437184	9437184	3043580	4	6291456	699832	2343752	6291456	647088	0	0	474829	0	
9437184	9437184	3043584	0	6291456	569256	2474328	6291456	471320	0	0	378968	0	
9437184	9437184	3043564	20	6291456	386636	2656948	6291456	321392	0	0	355970	0	
9437184	9437184	3043540	44	6291456	785828	2257756	6291456	642764	0	0	545476	0	
9437184	9437184	3043580	4	6291456	398108	2645476	6291456	326400	0	0	354520	0	
9437184	9437184	3043584	0	6291456	720736	2322848	6291456	647080	0	0	603278	0	
9437184	9437184	3043548	36	6291456	533124	2510460	6291456	443320	0	0	384885	0	
9437184	9437184	3043568	16	6291456	380048	2663536	6291456	321320	0	0	289991	0	
9437184	9437184	3043584	0	6291456	768160	2275424	6291456	647048	0	0	503701	0	
9437184	9437184	3043556	28	6291456	399920	2643664	6291456	326364	0	0	318171	0	
9437184	9437184	3043584	0	6291456	799548	2244036	6291456	647276	0	0	517257	0	
9437184	9437184	3043540	44	6291456	511200	2532384	6291456	408900	0	0	396928	0	
9437184	9437184	3043572	12	6291456	367064	2676520	6291456	321224	0	0	321512	0	
9437184	9437184	3043528	56	6291456	761184	2282400	6291456	641628	0	0	513351	0	
9437184	9437184	3043584	0	6291456	391832	2651752	6291456	326588	0	0	298488	0	
9437184	9437184	3043576	8	6291456	725688	2317896	6291456	647256	0	0	654789	0	
9437184	9437184	3043576	8	6291456	538192	2505392	6291456	462272	0	0	342485	0	
9437184	9437184	3043560	24	6291456	385408	2658176	6291456	321264	0	0	322377	0	
9437184	9437184	3043580	4	6291456	762464	2281120	6291456	647036	0	0	509891	0	
9437184	9437184	3043584	0	6291456	378308	2665276	6291456	326376	0	0	281660	0	
9437184	9437184	3043568	16	6291456	386448	2657136	6291456	321164	0	0	314046	0	
9437184	9437184	3043584	0	6291456	769588	2273996	6291456	641308	0	0	489802	0	
9437184	9437184	3043584	0	6291456	395096	2648488	6291456	326364	0	0	347532	0	
9437184	9437184	3043576	8	6291456	763136	2280448	6291456	647056	0	0	414077	0	
9437184	9437184	3043584	0	6291456	425344	2618240	6291456	349564	0	0	408876	0	
9437184	9437184	3043560	24	6291456	387452	2656132	6291456	321224	0	0	297444	0	
9437184	9437184	3043576	8	6291456	761780	2281804	6291456	642932	0	0	551265	0	
9437184	9437184	3043584	0	6291456	424664	2618920	6291456	328020	1636	0	335821	0	
9437184	9437184	3043568	16	6291456	762800	2280784	6291456	973028	325140	0	651633	99	
9437184	9437184	3043580	4	6291456	440804	2602780	6291456	1046076	644304	0	716999	99	
9437184	9437184	3043580	4	6291456	682156	2361428	6291456	981304	396968	0	701524	98	
9437184	9437184	3043584	0	6291456	736564	2307020	6291456	1228416	582352	0	917522	99	
9437184	9437184	3043584	0	6291456	397740	2645844	6291456	979744	641484	0	761616	99	
9437184	9437184	3043576	8	6291456	812624	2230960	6291456	989840	336284	0	695088	99	
9437184	9437184	3043576	8	6291456	385232	2658352	6291456	984672	649540	0	844623	99	
9437184	9437184	3043576	8	6291456	768492	2275092	6291456	982388	333924	0	838335	99	
9437184	9437184	3043564	20	6291456	465984	2577600	6291456	1073296	645216	0	1120334	99	
9437184	9437184	662780	2380804	6291456	0	3043584	6291456	597372	597372	0	1067587	139	
9437184	9437184	3043568	16	6291456	715764	2327820	6291456	618796	0	0	483029	0	
9437184	9437184	3043568	16	6291456	541172	2502412	6291456	1042908	614040	0	843662	99	
9437184	9437184	3043584	0	6291456	767100	2276484	6291456	1074704	426756	0	730303	99	
9437184	9437184	3043580	4	6291456	422432	2621152	6291456	983916	643380	0	673269	99	
9437184	9437184	3043576	8	6291456	777456	2266128	6291456	988004	338896	0	776338	99	
9437184	9437184	3043584	0	6291456	399424	2644160	6291456	980260	645092	0	673037	99	
9437184	9437184	3043568	16	6291456	765528	2278056	6291456	981760	334248	0	670392	99	
9437184	9437184	3043572	12	6291456	544688	2498896	6291456	1096976	645492	0	928085	99	
9437184	9437184	3043572	12	6291456	625408	2418176	6291456	979752	446728	0	689649	98	
9437184	9437184	3043580	4	6291456	781440	2262144	6291456	1179064	531060	0	800110	99	
9437184	9437184	3043576	8	6291456	397820	2645764	6291456	979736	643340	0	842022	99	
9437184	9437184	3043576	8	6291456	795236	2248348	6291456	988036	334368	0	810981	99	
9437184	9437184	3043580	4	6291456	378820	2664764	6291456	984752	649588	0	848999	99	
9437184	9437184	3043520	64	6291456	706464	2337120	6291456	982068	333956	0	776244	99	
9437184	9437184	3043564	20	6291456	587448	2456136	6291456	1135876	645816	0	830483	99	
9437184	9437184	3043548	36	6291456	580400	2463184	6291456	979860	485284	0	805138	99	
9437184	9437184	3043568	16	6291456	761888	2281696	6291456	1140508	492504	0	826558	99	
9437184	9437184	3043580	4	6291456	420672	2622912	6291456	983780	643340	0	806318	99	
9437184	9437184	3043580	4	6291456	794816	2248768	6291456	988224	338896	0	856628	99	
9437184	9437184	3043576	8	6291456	376340	2667244	6291456	980248	645632	0	656741	99	
9437184	9437184	3043576	8	6291456	799808	2243776	6291456	981284	333708	0	769315	99	
9437184	9437184	3043580	4	6291456	542176	2501408	6291456	1091912	645512	0	770092	99	
9437184	9437184	3043564	20	6291456	616224	2427360	6291456	979788	441644	0	843261	98	
9437184	9437184	3043572	12	6291456	767248	2276336	6291456	1184040	536104	0	979300	99	
9437184	9437184	832792	2210792	6291456	0	3043584	6291456	656104	656104	0	1004301	101	
9437184	9437184	3043584	0	6291456	769452	2274132	6291456	656384	0	0	430819	0	
9437184	9437184	3043572	12	6291456	386352	2657232	6291456	992444	651792	0	918709	99	
9437184	9437184	3043568	16	6291456	762700	2280884	6291456	988184	338572	0	615627	99	
9437184	9437184	3043580	4	6291456	404000	2639584	6291456	980668	645956	0	781256	99	
9437184	9437184	3043576	8	6291456	772848	2270736	6291456	981284	334032	0	722579	99	
9437184	9437184	3043584	0	6291456	551888	2491696	6291456	1119804	645188	0	939832	99	
9437184	9437184	3043584	0	6291456	618448	2425136	6291456	979792	469860	0	640489	98	
9437184	9437184	3043580	4	6291456	732636	2310948	6291456	1155816	507928	0	804997	99	
9437184	9437184	3043584	0	6291456	386688	2656896	6291456	983784	643320	0	728691	99	
9437184	9437184	3043576	8	6291456	722416	2321168	6291456	988004	338896	0	639312	99	
9437184	9437184	3043564	20	6291456	429584	2614000	6291456	993968	645632	0	749347	99	
9437184	9437184	3043568	16	6291456	770448	2273136	6291456	981256	346672	0	741915	99	
9437184	9437184	3043544	40	6291456	621676	2421908	6291456	1160996	632588	0	827123	99	
9437184	9437184	3043580	4	6291456	530864	2512720	6291456	979704	523652	0	837684	99	
9437184	9437184	3043584	0	6291456	767052	2276532	6291456	1101972	454076	0	829728	99	
9437184	9437184	3043536	48	6291456	394256	2649328	6291456	984792	643340	0	732240	99	
9437184	9437184	3043584	0	6291456	724448	2319136	6291456	988004	340116	0	814012	99	
9437184	9437184	3043560	24	6291456	442332	2601252	6291456	1015556	644412	0	806499	99	
9437184	9437184	3043572	12	6291456	712248	2331336	6291456	981436	367904	0	865943	99	
9437184	9437184	3043572	12	6291456	671392	2372192	6291456	1201096	611376	0	819097	99	
9437184	9437184	3043584	0	6291456	512088	2531496	6291456	979796	584924	0	746356	99	
9437184	9437184	3043584	0	6291456	763352	2280232	6291456	1040920	392884	0	915956	99	
9437184	9437184	3043576	8	6291456	405964	2637620	6291456	984784	643288	0	921773	99	
9437184	9437184	537064	2506520	6291456	0	3043584	6291456	361868	361868	0	1054813	105	
9437184	9437184	3043580	4	6291456	720280	2323304	6291456	652676	0	0	581355	0	
9437184	9437184	3043580	4	6291456	722112	2321472	6291456	1293520	651468	0	674952	99	
9437184	9437184	3043580	4	6291456	400992	2642592	6291456	978896	637464	0	782171	99	
9437184	9437184	3043584	0	6291456	720428	2323156	6291456	988028	340224	0	738051	99	
9437184	9437184	3043524	60	6291456	540056	2503528	6291456	1103512	644304	0	689831	99	
9437184	9437184	3043576	8	6291456	610788	2432796	6291456	981308	454452	0	733883	98	
9437184	9437184	3043576	8	6291456	764320	2279264	6291456	1172768	524848	0	764355	99	
9437184	9437184	3043572	12	6291456	425548	2618036	6291456	983992	643340	0	588088	99	
9437184	9437184	3043576	8	6291456	763968	2279616	6291456	988016	338896	0	704645	99	
9437184	9437184	3043584	0	6291456	389768	2653816	6291456	980248	645092	0	597577	99	
9437184	9437184	3043584	0	6291456	720656	2322928	6291456	981916	334248	0	689367	99	
9437184	9437184	3043540	44	6291456	584804	2458780	6291456	1156260	645512	0	887826	99	
9437184	9437184	3043580	4	6291456	593972	2449612	6291456	979828	505992	0	903476	99	
9437184	9437184	3043580	4	6291456	761568	2282016	6291456	1119684	471796	0	884500	99	
9437184	9437184	3043576	8	6291456	418380	2625204	6291456	983772	643320	0	893211	99	
9437184	9437184	3043564	20	6291456	765724	2277860	6291456	988024	338896	0	774289	99	
9437184	9437184	3043584	0	6291456	418760	2624824	6291456	980224	645632	0	736517	99	
9437184	9437184	3043548	36	6291456	768780	2274804	6291456	981216	334032	0	812885	99	
9437184	9437184	3043572	12	6291456	546340	2497244	6291456	1122068	645188	0	802337	99	
9437184	9437184	3043580	4	6291456	611736	2431848	6291456	979816	472124	0	963501	99	
9437184	9437184	3043560	24	6291456	721408	2322176	6291456	1153540	505664	0	908308	99	
9437184	9437184	3043584	0	6291456	393592	2649992	6291456	984868	643320	0	1036307	99	
9437184	9437184	3043580	4	6291456	772852	2270732	6291456	988068	340116	0	843774	99	
9437184	9437184	903940	2139644	6291456	0	3043584	6291456	690352	690352	0	1271797	106	
9437184	9437184	3043584	0	6291456	764688	2278896	6291456	655304	0	0	495128	0	
9437184	9437184	3043580	4	6291456	441112	2602472	6291456	1037804	651792	0	927558	99	
9437184	9437184	3043572	12	6291456	695720	2347864	6291456	981264	382080	0	913743	98	
9437184	9437184	3043556	28	6291456	712004	2331580	6291456	1225212	597220	0	901443	99	
9437184	9437184	3043584	0	6291456	403624	2639960	6291456	979764	623392	0	848998	99	
9437184	9437184	3043556	28	6291456	803452	2240132	6291456	1007888	354396	0	629697	99	
9437184	9437184	3043580	4	6291456	423204	2620380	6291456	984696	649476	0	593355	99	
9437184	9437184	3043568	16	6291456	796764	2246820	6291456	981768	333988	0	742228	99	
9437184	9437184	3043584	0	6291456	452832	2590752	6291456	1029112	644304	0	748596	99	
9437184	9437184	3043572	12	6291456	705936	2337648	6291456	981256	380912	0	744907	98	
9437184	9437184	3043580	4	6291456	690816	2352768	6291456	1204620	598368	0	917970	99	
9437184	9437184	3043576	8	6291456	444768	2598816	6291456	979716	601672	0	753293	99	
9437184	9437184	3043576	8	6291456	720600	2322984	6291456	1023932	376056	0	892947	99	
9437184	9437184	3043584	0	6291456	387444	2656140	6291456	984816	643320	0	735561	99	
9437184	9437184	3043580	4	6291456	762852	2280732	6291456	988060	340548	0	766045	99	
9437184	9437184	3043528	56	6291456	543996	2499588	6291456	1103800	645492	0	989838	99	
9437184	9437184	3043568	16	6291456	628352	2415232	6291456	979808	453552	0	727812	98	
9437184	9437184	3043564	20	6291456	708012	2335572	6291456	1172280	524236	0	900852	99	
9437184	9437184	3043576	8	6291456	424340	2619244	6291456	983792	643340	0	719503	99	
9437184	9437184	3043576	8	6291456	763920	2279664	6291456	988048	338896	0	835571	99	
9437184	9437184	3043584	0	6291456	382700	2660884	6291456	980236	645632	0	701897	99	
9437184	9437184	3043584	0	6291456	764624	2278960	6291456	981260	334032	0	788291	99	
9437184	9437184	3043552	32	6291456	607056	2436528	6291456	1155668	645208	0	959542	99	
9437184	9437184	803712	2239872	6291456	0	3043584	6291456	663328	663328	0	1303431	129	
9437184	9437184	3043576	8	6291456	763180	2280404	6291456	639396	0	0	506989	0	
9437184	9437184	3043580	4	6291456	421152	2622432	6291456	988624	634816	0	857517	99	
9437184	9437184	3043580	4	6291456	772724	2270860	6291456	999664	351724	0	794647	99	
9437184	9437184	3043576	8	6291456	400828	2642756	6291456	984976	643360	0	823030	99	
9437184	9437184	3043564	20	6291456	768420	2275164	6291456	988024	340224	0	794490	99	
9437184	9437184	3043556	28	6291456	435836	2607748	6291456	1040044	644304	0	649708	99	
9437184	9437184	3043576	8	6291456	714792	2328792	6291456	981304	391368	0	675497	98	
9437184	9437184	3043560	24	6291456	763132	2280452	6291456	1216396	587952	0	834937	99	
9437184	9437184	3043580	4	6291456	424920	2618664	6291456	979736	623832	0	736141	99	
9437184	9437184	3043580	4	6291456	765480	2278104	6291456	1001764	353816	0	605967	99	
9437184	9437184	3043580	4	6291456	398504	2645080	6291456	984952	643360	0	859663	99	
9437184	9437184	3043572	12	6291456	763948	2279636	6291456	988004	340224	0	646154	99	
9437184	9437184	3043580	4	6291456	511140	2532444	6291456	1044996	644304	0	839872	99	
9437184	9437184	3043584	0	6291456	671536	2372048	6291456	981256	395996	0	816018	98	
9437184	9437184	3043576	8	6291456	708320	2335264	6291456	1189596	583264	0	920507	99	
9437184	9437184	3043556	28	6291456	437876	2605708	6291456	979860	601752	0	744515	99	
9437184	9437184	3043580	4	6291456	763420	2280164	6291456	1023896	375996	0	890389	99	
9437184	9437184	3043584	0	6291456	420140	2623444	6291456	984776	643320	0	785292	99	
9437184	9437184	3043576	8	6291456	780380	2263204	6291456	988088	340224	0	911037	99	
9437184	9437184	3043476	108	6291456	452360	2591224	6291456	1032696	644304	0	685201	99	
9437184	9437184	3043580	4	6291456	681032	2362552	6291456	981288	384224	0	796516	98	
9437184	9437184	3043580	4	6291456	764060	2279524	6291456	1228140	595056	0	884976	99	
9437184	9437184	3043572	12	6291456	393036	2650548	6291456	979684	628484	0	943862	99	
9437184	9437184	524128	2519456	6291456	0	3043584	6291456	370100	370100	0	951347	105	
9437184	9437184	3043572	12	6291456	768076	2275508	6291456	652524	0	0	589213	0	
9437184	9437184	3043576	8	6291456	710188	2333396	6291456	1271192	650876	0	880094	99	
9437184	9437184	3043568	16	6291456	450668	2592916	6291456	975224	615704	0	662803	99	
9437184	9437184	3043576	8	6291456	787804	2255780	6291456	1005344	357456	0	593838	99	
9437184	9437184	3043556	28	6291456	394428	2649156	6291456	984936	643320	0	633389	99	
9437184	9437184	3043572	12	6291456	761676	2281908	6291456	988048	340224	0	678774	99	
9437184	9437184	3043572	12	6291456	453932	2589652	6291456	1048956	644304	0	651819	99	
9437184	9437184	3043560	24	6291456	680056	2363528	6291456	981432	399568	0	845192	98	
9437184	9437184	3043576	8	6291456	776244	2267340	6291456	1225836	579752	0	927620	99	
9437184	9437184	3043568	16	6291456	392892	2650692	6291456	979716	641484	0	749378	99	
9437184	9437184	3043564	20	6291456	768360	2275224	6291456	984372	336184	0	846659	99	
9437184	9437184	3043568	16	6291456	428104	2615480	6291456	985040	643880	0	731375	99	
9437184	9437184	3043564	20	6291456	761976	2281608	6291456	987464	339792	0	915803	99	
9437184	9437184	3043576	8	6291456	516144	2527440	6291456	1057288	644196	0	1046537	99	
9437184	9437184	3043584	0	6291456	673560	2370024	6291456	981256	407792	0	833840	98	
9437184	9437184	3043520	64	6291456	693468	2350116	6291456	1189068	571468	0	816067	99	
9437184	9437184	3043584	0	6291456	421284	2622300	6291456	979804	613020	0	811837	99	
9437184	9437184	3043580	4	6291456	774004	2269580	6291456	1018224	364808	0	718319	99	
9437184	9437184	3043564	20	6291456	400676	2642908	6291456	984788	649380	0	852238	99	
9437184	9437184	3043576	8	6291456	768720	2274864	6291456	981984	334408	0	883045	99	
9437184	9437184	3043568	16	6291456	510712	2532872	6291456	1070736	644088	0	950954	99	
9437184	9437184	3043564	20	6291456	671700	2371884	6291456	981348	421528	0	907668	98	
9437184	9437184	3043576	8	6291456	766608	2276976	6291456	1200940	557664	0	908191	99	
9437184	9437184	897692	2145892	6291456	0	3043584	6291456	682308	682308	0	1163661	106	
9437184	9437184	3043584	0	6291456	772924	2270660	6291456	656348	0	0	525348	0	
9437184	9437184	3043584	0	6291456	420624	2622960	6291456	992380	651792	0	988243	99	
9437184	9437184	3043576	8	6291456	765168	2278416	6291456	988016	338896	0	628538	99	
9437184	9437184	3043584	0	6291456	408740	2634844	6291456	980248	645092	0	716486	99	
9437184	9437184	3043580	4	6291456	776684	2266900	6291456	981716	334248	0	643531	99	
9437184	9437184	3043584	0	6291456	512784	2530800	6291456	1091224	645492	0	831382	99	
9437184	9437184	3043560	24	6291456	614144	2429440	6291456	979872	440976	0	786975	98	
9437184	9437184	3043568	16	6291456	769852	2273732	6291456	1184880	536832	0	926070	99	
9437184	9437184	3043572	12	6291456	399488	2644096	6291456	983792	643320	0	800577	99	
9437184	9437184	3043560	24	6291456	767108	2276476	6291456	988004	338896	0	740457	99	
9437184	9437184	3043568	16	6291456	387772	2655812	6291456	980288	645632	0	844702	99	
9437184	9437184	3043556	28	6291456	801032	2242552	6291456	981236	334032	0	752381	99	
9437184	9437184	3043584	0	6291456	551008	2492576	6291456	1110688	645208	0	877984	99	
9437184	9437184	3043568	16	6291456	585768	2457816	6291456	979724	460724	0	810381	98	
9437184	9437184	3043584	0	6291456	774120	2269464	6291456	1164932	517024	0	931897	99	
9437184	9437184	3043572	12	6291456	385000	2658584	6291456	983836	643340	0	808347	99	
9437184	9437184	3043576	8	6291456	710288	2333296	6291456	988004	338896	0	778838	99	
9437184	9437184	3043576	8	6291456	433916	2609668	6291456	991972	645632	0	797237	99	
9437184	9437184	3043584	0	6291456	773992	2269592	6291456	981248	344676	0	834233	99	
9437184	9437184	3043560	24	6291456	587456	2456128	6291456	1153916	634584	0	919156	99	
9437184	9437184	3043580	4	6291456	530792	2512792	6291456	979788	514576	0	978863	99	
9437184	9437184	3043580	4	6291456	764868	2278716	6291456	1111060	463172	0	778329	99	
9437184	9437184	3043580	4	6291456	428672	2614912	6291456	984772	643320	0	935681	99	
9437184	9437184	494220	2549364	6291456	0	3043584	6291456	352192	352192	0	1031607	103	
9437184	9437184	3043564	20	6291456	764340	2279244	6291456	653196	0	0	469109	0	
9437184	9437184	3043584	0	6291456	698556	2345028	6291456	1293912	651772	0	772380	99	
9437184	9437184	3043584	0	6291456	397864	2645720	6291456	979016	637572	0	694415	99	
9437184	9437184	3043580	4	6291456	795956	2247628	6291456	988028	340116	0	690947	99	
9437184	9437184	3043572	12	6291456	418456	2625128	6291456	979116	644412	0	618446	99	
9437184	9437184	3043572	12	6291456	770400	2273184	6291456	981244	334140	0	786151	99	
9437184	9437184	3043540	44	6291456	608824	2434760	6291456	1164788	645120	0	766941	99	
9437184	9437184	3043580	4	6291456	550456	2493128	6291456	981440	514912	0	639339	99	
9437184	9437184	3043584	0	6291456	725008	2318576	6291456	1112384	464508	0	794250	99	
9437184	9437184	3043580	4	6291456	395608	2647976	6291456	984736	643308	0	703416	99	
9437184	9437184	3043552	32	6291456	784436	2259148	6291456	987996	340100	0	786088	99	
9437184	9437184	3043568	16	6291456	402452	2641132	6291456	991880	644380	0	734163	99	
9437184	9437184	3043576	8	6291456	730428	2313156	6291456	981240	345688	0	678494	99	
9437184	9437184	3043568	16	6291456	690324	2353260	6291456	1210356	633544	0	1017182	99	
9437184	9437184	3043568	16	6291456	479096	2564488	6291456	979724	572132	0	906899	99	
9437184	9437184	3043580	4	6291456	768564	2275020	6291456	1053476	405528	0	810154	99	
9437184	9437184	3043576	8	6291456	417696	2625888	6291456	984768	643308	0	807502	99	
9437184	9437184	3043572	12	6291456	782860	2260724	6291456	988040	340100	0	870599	99	
9437184	9437184	3043564	20	6291456	424696	2618888	6291456	994692	644380	0	880635	99	
9437184	9437184	3043572	12	6291456	761808	2281776	6291456	981208	348544	0	917090	99	
9437184	9437184	3043564	20	6291456	614928	2428656	6291456	1174784	630668	0	860793	99	
9437184	9437184	3043556	28	6291456	526228	2517356	6291456	979664	539384	0	973402	99	
9437184	9437184	3043576	8	6291456	779176	2264408	6291456	1086172	438316	0	985543	99	
9437184	9437184	975812	2067772	6291456	0	3043584	6291456	715812	715812	0	1153868	110	
9437184	9437184	3043576	8	6291456	726216	2317368	6291456	655260	0	0	571785	0	
9437184	9437184	3043564	20	6291456	396232	2647352	6291456	986400	651220	0	628806	99	
9437184	9437184	3043584	0	6291456	719128	2324456	6291456	981740	334556	0	794810	99	
9437184	9437184	3043572	12	6291456	608832	2434752	6291456	1184280	645176	0	824258	99	
9437184	9437184	3043568	16	6291456	545360	2498224	6291456	979748	534372	0	796176	99	
9437184	9437184	3043580	4	6291456	794820	2248764	6291456	1091224	443348	0	882856	99	
9437184	9437184	3043572	12	6291456	411428	2632156	6291456	984800	643288	0	733996	99	
9437184	9437184	3043584	0	6291456	766276	2277308	6291456	987988	340100	0	693371	99	
9437184	9437184	3043584	0	6291456	393284	2650300	6291456	979064	644380	0	772509	99	
9437184	9437184	3043580	4	6291456	716404	2327180	6291456	981264	334124	0	736625	99	
9437184	9437184	3043580	4	6291456	678844	2364740	6291456	1208384	645088	0	832545	99	
9437184	9437184	3043576	8	6291456	511012	2532572	6291456	979708	558632	0	572762	99	
9437184	9437184	3043576	8	6291456	762264	2281320	6291456	1067060	419048	0	800390	99	
9437184	9437184	3043580	4	6291456	429792	2613792	6291456	984748	643308	0	713240	99	
9437184	9437184	3043584	0	6291456	764436	2279148	6291456	988024	340100	0	789787	99	
9437184	9437184	3043584	0	6291456	387776	2655808	6291456	979000	644380	0	760786	99	
9437184	9437184	3043572	12	6291456	791396	2252188	6291456	981260	334124	0	796979	99	
9437184	9437184	3043584	0	6291456	604244	2439340	6291456	1174704	645108	0	911890	99	
9437184	9437184	3043580	4	6291456	519228	2524356	6291456	979688	524864	0	852044	99	
9437184	9437184	3043576	8	6291456	769328	2274256	6291456	1100660	452816	0	806203	99	
9437184	9437184	3043584	0	6291456	418888	2624696	6291456	984852	643288	0	856724	99	
9437184	9437184	3043584	0	6291456	793828	2249756	6291456	987968	340100	0	773111	99	
9437184	9437184	3043584	0	6291456	391296	2652288	6291456	978988	644380	0	976144	99	
9437184	9437184	653548	2390036	6291456	0	3043584	6291456	561912	561912	0	1283938	167	
9437184	9437184	3043576	8	6291456	690856	2352728	6291456	609300	0	0	500103	0	
9437184	9437184	3043580	4	6291456	588392	2455192	6291456	1115748	604568	0	764011	99	
9437184	9437184	3043540	44	6291456	689968	2353616	6291456	1120932	509128	0	806256	99	
9437184	9437184	3043584	0	6291456	440520	2603064	6291456	979828	607224	0	775164	99	
9437184	9437184	3043564	20	6291456	771184	2272400	6291456	1018540	370616	0	788823	99	
9437184	9437184	3043580	4	6291456	390668	2652916	6291456	984648	643316	0	747869	99	
9437184	9437184	3043576	8	6291456	771444	2272140	6291456	987848	340100	0	721234	99	
9437184	9437184	3043564	20	6291456	475284	2568300	6291456	1066900	644272	0	666980	99	
9437184	9437184	3043580	4	6291456	653680	2389904	6291456	981300	417548	0	788233	98	
9437184	9437184	3043576	8	6291456	777360	2266224	6291456	1209676	561724	0	787821	99	
9437184	9437184	3043580	4	6291456	378212	2665372	6291456	979708	643288	0	710797	99	
9437184	9437184	3043576	8	6291456	778664	2264920	6291456	987956	334432	0	686495	99	
9437184	9437184	3043584	0	6291456	386432	2657152	6291456	984636	649508	0	668993	99	
9437184	9437184	3043572	12	6291456	707420	2336164	6291456	981760	334232	0	762460	99	
9437184	9437184	3043580	4	6291456	612136	2431448	6291456	1164912	645480	0	870284	99	
9437184	9437184	3043568	16	6291456	541456	2502128	6291456	979740	514700	0	711206	99	
9437184	9437184	3043584	0	6291456	768196	2275388	6291456	1110896	463020	0	953625	99	
9437184	9437184	3043580	4	6291456	385076	2658508	6291456	984856	643308	0	634841	99	
9437184	9437184	3043584	0	6291456	765444	2278140	6291456	987968	340100	0	720689	99	
9437184	9437184	3043536	48	6291456	394176	2649408	6291456	987684	644380	0	703061	99	
9437184	9437184	3043572	12	6291456	781492	2262092	6291456	981240	341848	0	789887	99	
9437184	9437184	3043572	12	6291456	614264	2429320	6291456	1181780	637384	0	1048499	99	
9437184	9437184	3043584	0	6291456	564444	2479140	6291456	979688	539664	0	1030962	99	
9437184	9437184	629988	2413596	6291456	0	3043584	6291456	347348	347348	0	1012008	78	
9437184	9437184	3043580	4	6291456	763856	2279728	6291456	649300	0	0	508304	0	
9437184	9437184	3043544	40	6291456	676564	2367020	6291456	1252364	647312	0	1080364	99	
9437184	9437184	3043584	0	6291456	441904	2601680	6291456	979604	600472	0	753054	99	
9437184	9437184	3043572	12	6291456	722944	2320640	6291456	1025112	377168	0	927746	99	
9437184	9437184	3043584	0	6291456	394080	2649504	6291456	984648	643424	0	959257	99	
9437184	9437184	3043568	16	6291456	762484	2281100	6291456	987752	340316	0	709457	99	
9437184	9437184	3043568	16	6291456	559152	2484432	6291456	1111476	645460	0	940408	99	
9437184	9437184	3043580	4	6291456	606196	2437388	6291456	979736	461284	0	660078	98	
9437184	9437184	3043584	0	6291456	731800	2311784	6291456	1164356	516456	0	904982	99	
9437184	9437184	3043576	8	6291456	393824	2649760	6291456	983732	643308	0	903976	99	
9437184	9437184	3043576	8	6291456	773692	2269892	6291456	987992	338880	0	792551	99	
9437184	9437184	3043580	4	6291456	418756	2624828	6291456	980200	645600	0	702624	99	
9437184	9437184	3043572	12	6291456	769368	2274216	6291456	981348	334016	0	695744	99	
9437184	9437184	3043548	36	6291456	580540	2463044	6291456	1131840	645176	0	870791	99	
9437184	9437184	3043580	4	6291456	590720	2452864	6291456	979664	481932	0	836627	99	
9437184	9437184	3043560	24	6291456	735892	2307692	6291456	1143740	495768	0	826129	99	
9437184	9437184	3043584	0	6291456	419760	2623824	6291456	983744	643308	0	829182	99	
9437184	9437184	3043584	0	6291456	779628	2263956	6291456	988088	338880	0	680719	99	
9437184	9437184	3043572	12	6291456	391268	2652316	6291456	980240	645600	0	762809	99	
9437184	9437184	3043584	0	6291456	717192	2326392	6291456	981244	334016	0	693635	99	
9437184	9437184	3043584	0	6291456	672840	2370744	6291456	1186364	645176	0	762715	99	
9437184	9437184	3043568	16	6291456	533952	2509632	6291456	979748	536456	0	678766	99	
9437184	9437184	3043576	8	6291456	786292	2257292	6291456	1089144	441204	0	854258	99	
9437184	9437184	982928	2060656	6291456	0	3043584	6291456	710692	710692	0	1670555	109	
9437184	9437184	3043576	8	6291456	734032	2309552	6291456	650128	0	0	522860	0	
9437184	9437184	3043564	20	6291456	418340	2625244	6291456	987060	645548	0	773603	99	
9437184	9437184	3043576	8	6291456	722892	2320692	6291456	987968	340424	0	647196	99	
9437184	9437184	3043584	0	6291456	577940	2465644	6291456	1092504	644056	0	838854	99	
9437184	9437184	3043568	16	6291456	618264	2425320	6291456	981252	443696	0	698836	98	
9437184	9437184	3043580	4	6291456	773208	2270376	6291456	1181692	535516	0	691095	99	
9437184	9437184	3043564	20	6291456	390688	2652896	6291456	979676	641512	0	710793	99	
9437184	9437184	3043584	0	6291456	763188	2280396	6291456	989708	336168	0	688184	99	
9437184	9437184	3043568	16	6291456	397160	2646424	6291456	984812	649448	0	692910	99	
9437184	9437184	3043580	4	6291456	731096	2312488	6291456	982076	334392	0	679980	99	
9437184	9437184	3043572	12	6291456	556184	2487400	6291456	1114244	645460	0	672797	99	
9437184	9437184	3043580	4	6291456	626992	2416592	6291456	979836	464052	0	722647	98	
9437184	9437184	3043572	12	6291456	766536	2277048	6291456	1161724	513688	0	764640	99	
9437184	9437184	3043580	4	6291456	393260	2650324	6291456	979716	643308	0	884565	99	
9437184	9437184	3043576	8	6291456	723984	2319600	6291456	988224	334432	0	699318	99	
9437184	9437184	3043576	8	6291456	371488	2672096	6291456	984660	649616	0	813304	99	
9437184	9437184	3043568	16	6291456	718072	2325512	6291456	981640	334448	0	665179	99	
9437184	9437184	3043548	36	6291456	663232	2380352	6291456	1208852	645196	0	972463	99	
9437184	9437184	3043556	28	6291456	463456	2580128	6291456	979664	559028	0	839645	99	
