b_initial_y_size_0	b_max_y_size_1	b_used_2	b_available_3	b_committed_4	a_used_5	a_available_6	a_committed_7	a_survived_8	a_promoted_9	a_copied_10	a_time_in_ns_11	promotion_rate_12
36175872	36175872	11595256	71816	24117248	2994988	8672084	24117248	7665184	5200988	0	1565566	99	
36175872	36175872	11579220	87852	24117248	4703652	6963420	24117248	6373712	2455212	0	1117870	99	
36175872	36175872	11606812	60260	24117248	3749324	7917748	24117248	6983480	3822164	0	1432243	97	
36175872	36175872	11641264	25808	24117248	3973308	7693764	24117248	6583000	3152624	0	1375674	99	
36175872	36175872	4813800	6853272	24117248	0	11667072	24117248	3337480	3337480	0	1509024	97	
36175872	36175872	11592252	74820	24117248	6004096	5662976	24117248	5068220	0	0	942676	0	
36175872	36175872	11613288	53784	24117248	2953528	8713544	24117248	7444048	4972316	0	1484592	98	
36175872	36175872	11596840	70232	24117248	4567096	7099976	24117248	6172048	2463056	0	1268625	99	
36175872	36175872	11608392	58680	24117248	3757856	7909216	24117248	6855564	3700300	0	1309459	99	
36175872	36175872	6814804	4852268	24117248	0	11667072	24117248	3860808	3860808	0	2233640	122	
36175872	36175872	11592280	74792	24117248	6121888	5545184	24117248	5067164	0	0	896033	0	
36175872	36175872	11661004	6068	24117248	2861424	8805648	24117248	7443132	4971264	0	1653290	98	
36175872	36175872	11664172	2900	24117248	4528412	7138660	24117248	6311760	2463176	0	1196375	99	
36175872	36175872	11638484	28588	24117248	3717172	7949900	24117248	6997280	3839888	0	1581333	99	
36175872	36175872	11609076	57996	24117248	4092912	7574160	24117248	6578124	3148728	0	1378752	99	
36175872	36175872	11624656	42416	24117248	3899324	7767748	24117248	6715068	3420732	0	1359914	99	
36175872	36175872	9575480	2091592	24117248	0	11667072	24117248	5117304	5117304	0	3193042	155	
36175872	36175872	11592476	74596	24117248	6120296	5546776	24117248	5066800	0	0	1010533	0	
36175872	36175872	11659484	7588	24117248	2928792	8738280	24117248	7443276	4970884	0	1674375	98	
36175872	36175872	11661572	5500	24117248	4765308	6901764	24117248	6310968	2463712	0	1244675	99	
36175872	36175872	11604072	63000	24117248	3519328	8147744	24117248	6858424	3838556	0	1410981	99	
36175872	36175872	11621912	45160	24117248	4462592	7204480	24117248	6578100	3011172	0	1402021	99	
36175872	36175872	11647524	19548	24117248	3717672	7949400	24117248	6713380	3558228	0	1440706	99	
36175872	36175872	11609652	57420	24117248	4207804	7459268	24117248	6575588	3146464	0	1332457	99	
36175872	36175872	11604272	62800	24117248	4001720	7665352	24117248	6713112	3420436	0	1364965	99	
36175872	36175872	11597224	69848	24117248	3947696	7719376	24117248	6576340	3284004	0	1382714	99	
36175872	36175872	11592724	74348	24117248	4022864	7644208	24117248	6666316	3283648	0	1662184	99	
36175872	36175872	5421540	6245532	24117248	0	11667072	24117248	3752588	3752588	0	4165995	110	
36175872	36175872	11592640	74432	24117248	6343148	5323924	24117248	5068432	0	0	1038201	0	
36175872	36175872	11597008	70064	24117248	2829392	8837680	24117248	7308484	4972528	0	1634478	98	
36175872	36175872	11632084	34988	24117248	4623608	7043464	24117248	6174188	2327256	0	1247346	99	
36175872	36175872	11597044	70028	24117248	3720584	7946488	24117248	6857800	3838244	0	1563453	99	
36175872	36175872	11612564	54508	24117248	3985408	7681664	24117248	6440712	3010856	0	1339231	99	
36175872	36175872	11597056	70016	24117248	3905520	7761552	24117248	6714120	3421172	0	1395373	99	
36175872	36175872	11593396	73676	24117248	4125932	7541140	24117248	6664984	3284244	0	1423124	99	
36175872	36175872	11592860	74212	24117248	4124668	7542404	24117248	6665368	3284832	0	1387697	97	
36175872	36175872	11592572	74500	24117248	4060044	7607028	24117248	6666128	3284616	0	1528778	97	
36175872	36175872	11592308	74764	24117248	4192784	7474288	24117248	6665436	3285588	0	1509078	97	
36175872	36175872	11631140	35932	24117248	3911540	7755532	24117248	6576424	3283944	0	1463928	97	
36175872	36175872	11592628	74444	24117248	4067188	7599884	24117248	6663492	3283808	0	1294029	99	
36175872	36175872	11592456	74616	24117248	4192376	7474696	24117248	6663492	3283764	0	1433069	97	
36175872	36175872	11630896	36176	24117248	4023616	7643456	24117248	6576452	3283824	0	1433308	97	
36175872	36175872	11596984	70088	24117248	3923740	7743332	24117248	6578760	3283932	0	1972223	99	
36175872	36175872	6054000	5613072	24117248	0	11667072	24117248	4215368	4215368	0	6265426	127	
36175872	36175872	11592652	74420	24117248	6157488	5509584	24117248	5067612	0	0	929616	0	
36175872	36175872	11621892	45180	24117248	2940088	8726984	24117248	7443164	4971696	0	1839671	98	
36175872	36175872	11604212	62860	24117248	4631124	7035948	24117248	6308456	2462756	0	1366694	99	
36175872	36175872	11604432	62640	24117248	3594336	8072736	24117248	6855868	3837028	0	1605192	99	
36175872	36175872	11592752	74320	24117248	4130912	7536160	24117248	6527668	3010168	0	1358225	99	
36175872	36175872	11596996	70076	24117248	4138672	7528400	24117248	6715508	3421572	0	1461836	97	
36175872	36175872	11608688	58384	24117248	4105156	7561916	24117248	6577884	3285236	0	1506704	99	
36175872	36175872	11639692	27380	24117248	3887488	7779584	24117248	6576624	3283964	0	1447545	99	
36175872	36175872	11592704	74368	24117248	3994804	7672268	24117248	6664672	3283988	0	1397216	99	
36175872	36175872	11592512	74560	24117248	4059296	7607776	24117248	6665804	3284780	0	1483873	97	
36175872	36175872	11592420	74652	24117248	4061712	7605360	24117248	6665512	3285116	0	1437939	97	
36175872	36175872	11592404	74668	24117248	3963456	7703616	24117248	6664692	3284492	0	1471185	97	
36175872	36175872	11592256	74816	24117248	4178996	7488076	24117248	6664004	3284296	0	1408916	97	
36175872	36175872	11615020	52052	24117248	4002400	7664672	24117248	6575984	3283804	0	1418914	97	
36175872	36175872	11596932	70140	24117248	4106144	7560928	24117248	6576184	3283492	0	1511968	99	
36175872	36175872	11640264	26808	24117248	3916196	7750876	24117248	6576796	3283976	0	1542827	99	
36175872	36175872	11592400	74672	24117248	4098544	7568528	24117248	6664196	3284132	0	1416689	99	
36175872	36175872	11592244	74828	24117248	4224804	7442268	24117248	6664536	3284144	0	1484982	97	
