b_initial_y_size_0	b_max_y_size_1	b_used_2	b_available_3	b_committed_4	a_used_5	a_available_6	a_committed_7	a_survived_8	a_promoted_9	a_copied_10	a_time_in_ns_11	promotion_rate_12
29884416	29884416	9552992	85024	19922944	2445900	7192116	19922944	6390120	4383616	0	1452997	99	
29884416	29884416	9599848	38168	19922944	3874260	5763756	19922944	5195664	1910308	0	1605985	95	
29884416	29884416	9614404	23612	19922944	3054136	6583880	19922944	5881344	3276668	0	1174537	99	
29884416	29884416	9597824	40192	19922944	3465728	6172288	19922944	5480100	2596000	0	1101674	99	
29884416	29884416	9563248	74768	19922944	3177936	6460080	19922944	5571688	2875436	0	1328663	99	
29884416	29884416	3995576	5642440	19922944	0	9638016	19922944	2612064	2612064	0	1517090	96	
29884416	29884416	9604652	33364	19922944	5092944	4545072	19922944	4159596	0	0	792360	0	
29884416	29884416	9563040	74976	19922944	2611072	7026944	19922944	6162820	4150920	0	1451615	99	
29884416	29884416	9619284	18732	19922944	3902976	5735040	19922944	5077928	1915996	0	1028235	95	
29884416	29884416	9607972	30044	19922944	2986760	6651256	19922944	5624632	3153256	0	1116332	99	
29884416	29884416	9610468	27548	19922944	3438764	6199252	19922944	5344344	2462712	0	1247176	99	
29884416	29884416	4278520	5359496	19922944	0	9638016	19922944	2916728	2916728	0	2118205	101	
29884416	29884416	9604580	33436	19922944	5007600	4630416	19922944	4158728	0	0	932028	0	
29884416	29884416	9581216	56800	19922944	2543748	7094268	19922944	6211196	4150052	0	1458239	99	
29884416	29884416	9579716	58300	19922944	3841948	5796068	19922944	5215036	2052464	0	1053437	99	
29884416	29884416	9568036	69980	19922944	2946476	6691540	19922944	5627048	3153880	0	1253397	99	
29884416	29884416	9568072	69944	19922944	3556848	6081168	19922944	5348796	2464504	0	1165104	99	
29884416	29884416	9562980	75036	19922944	3341620	6296396	19922944	5571048	2875612	0	1054639	99	
29884416	29884416	9563144	74872	19922944	3332484	6305532	19922944	5432592	2599536	0	1097244	96	
29884416	29884416	6367888	3270128	19922944	0	9638016	19922944	3516496	3516496	0	3563043	124	
29884416	29884416	9579296	58720	19922944	5105788	4532228	19922944	4253836	0	0	817736	0	
29884416	29884416	9563024	74992	19922944	2483960	7154056	19922944	6256408	4245172	0	1410678	99	
29884416	29884416	9579572	58444	19922944	3807044	5830972	19922944	5078200	1915336	0	1108694	95	
29884416	29884416	9579728	58288	19922944	3078520	6559496	19922944	5763348	3154200	0	2252345	99	
29884416	29884416	9623916	14100	19922944	3501292	6136724	19922944	5483480	2600484	0	1259293	99	
29884416	29884416	9563676	74340	19922944	3240908	6397108	19922944	5570756	2874300	0	1128769	99	
29884416	29884416	9563336	74680	19922944	3560652	6077364	19922944	5433524	2600548	0	1131299	96	
29884416	29884416	9592644	45372	19922944	3363248	6274768	19922944	5482244	2737060	0	1234090	96	
29884416	29884416	9629592	8424	19922944	3242512	6395504	19922944	5481480	2736512	0	1142658	99	
29884416	29884416	9567784	70232	19922944	3227076	6410940	19922944	5481192	2736284	0	1258064	99	
29884416	29884416	9568000	70016	19922944	3213992	6424024	19922944	5481668	2736236	0	1451877	99	
29884416	29884416	3488316	6149700	19922944	0	9638016	19922944	2322344	2322344	0	20977916	84	
29884416	29884416	9636732	1284	19922944	4969476	4668540	19922944	4170632	0	0	865638	0	
29884416	29884416	9618232	19784	19922944	2486592	7151424	19922944	6223992	4161960	0	1475909	99	
29884416	29884416	9597852	40164	19922944	3935888	5702128	19922944	5216360	2053360	0	1127650	99	
29884416	29884416	9579916	58100	19922944	2964188	6673828	19922944	5626900	3154300	0	1331251	99	
29884416	29884416	9587996	50020	19922944	3364288	6273728	19922944	5347436	2463916	0	2022908	99	
29884416	29884416	9630908	7108	19922944	3448512	6189504	19922944	5620364	2874824	0	1219801	99	
29884416	29884416	9575692	62324	19922944	3182884	6455132	19922944	5483016	2736852	0	1254476	99	
29884416	29884416	9563420	74596	19922944	3443772	6194244	19922944	5570168	2737476	0	1223109	99	
29884416	29884416	9614208	23808	19922944	3333140	6304876	19922944	5482636	2736788	0	1179944	96	
29884416	29884416	9597496	40520	19922944	3415460	6222556	19922944	5482756	2737164	0	1211957	99	
29884416	29884416	9612272	25744	19922944	3344088	6293928	19922944	5483028	2736920	0	1156623	99	
29884416	29884416	9610744	27272	19922944	3399388	6238628	19922944	5484312	2737420	0	1267015	99	
29884416	29884416	9597612	40404	19922944	3351076	6286940	19922944	5485400	2738204	0	1214043	99	
29884416	29884416	9618876	19140	19922944	3240784	6397232	19922944	5484220	2738524	0	1145627	99	
29884416	29884416	9567880	70136	19922944	3332612	6305404	19922944	5482084	2737012	0	1157682	99	
29884416	29884416	9596564	41452	19922944	3301948	6336068	19922944	5481632	2736400	0	1179603	99	
29884416	29884416	7382424	2255592	19922944	0	9638016	19922944	4379760	4379760	0	5569822	159	
29884416	29884416	9579980	58036	19922944	5111416	4526600	19922944	4254292	0	0	873467	0	
29884416	29884416	9567868	70148	19922944	2325672	7312344	19922944	6170104	4245608	0	1446605	99	
29884416	29884416	9607072	30944	19922944	3805328	5832688	19922944	5077492	1915824	0	1136957	99	
29884416	29884416	9579656	58360	19922944	3145608	6492408	19922944	5761408	3152968	0	1271727	99	
29884416	29884416	9563644	74372	19922944	3302348	6335668	19922944	5432384	2599744	0	1021152	99	
29884416	29884416	9563280	74736	19922944	3461120	6176896	19922944	5570000	2736732	0	1196330	96	
29884416	29884416	9631416	6600	19922944	3331564	6306452	19922944	5482272	2737348	0	1194555	96	
29884416	29884416	9595492	42524	19922944	3208840	6429176	19922944	5481312	2736252	0	1296580	99	
29884416	29884416	9567988	70028	19922944	3321072	6316944	19922944	5481592	2736376	0	1222256	99	
29884416	29884416	9585352	52664	19922944	3259412	6378604	19922944	5481960	2736544	0	1271994	99	
29884416	29884416	9568024	69992	19922944	3251092	6386924	19922944	5483556	2736728	0	1253534	99	
29884416	29884416	9567928	70088	19922944	3208416	6429600	19922944	5483884	2738140	0	1180641	99	
29884416	29884416	9567928	70088	19922944	3244688	6393328	19922944	5482588	2737048	0	1218497	99	
29884416	29884416	9567964	70052	19922944	3257744	6380272	19922944	5481916	2736840	0	1376343	99	
29884416	29884416	9567964	70052	19922944	3364776	6273240	19922944	5482484	2736404	0	1198884	99	
29884416	29884416	9631132	6884	19922944	3246512	6391504	19922944	5483748	2737384	0	1177897	99	
29884416	29884416	9567864	70152	19922944	3312000	6326016	19922944	5483424	2737648	0	1369534	99	
29884416	29884416	9581328	56688	19922944	3413368	6224648	19922944	5484716	2737072	0	1206076	99	
29884416	29884416	9610536	27480	19922944	3331000	6307016	19922944	5484688	2738956	0	1206257	99	
29884416	29884416	9594840	43176	19922944	3363652	6274364	19922944	5482288	2737032	0	1232439	99	
29884416	29884416	9629648	8368	19922944	3259836	6378180	19922944	5481452	2736544	0	1246066	99	
29884416	29884416	9567864	70152	19922944	3243728	6394288	19922944	5481320	2736208	0	1209067	99	
29884416	29884416	9567816	70200	19922944	3333768	6304248	19922944	5482136	2736412	0	1270082	99	
29884416	29884416	9597648	40368	19922944	3252376	6385640	19922944	5482144	2737020	0	1228598	99	
29884416	29884416	9567828	70188	19922944	3304076	6333940	19922944	5485912	2736408	0	4103266	99	
29884416	29884416	3774444	5863572	19922944	0	9638016	19922944	2776664	2776664	0	8939896	100	
