b_initial_y_size_0	b_max_y_size_1	b_used_2	b_available_3	b_committed_4	a_used_5	a_available_6	a_committed_7	a_survived_8	a_promoted_9	a_copied_10	a_time_in_ns_11	promotion_rate_12
14155776	14155776	4565368	4565384	9437184	132364	8998388	9437184	382332	369212	0	521478	99	
14155776	14155776	4565376	4565376	9437184	1016	9129736	9437184	13824	12808	0	187738	97	
14155776	14155776	4565376	4565376	9437184	1652	9129100	9437184	2152	500	0	56136	49	
14155776	14155776	4565376	4565376	9437184	67428	9063324	9437184	15200	872	0	265693	52	
14155776	14155776	4565376	4565376	9437184	36256	9094496	9437184	26136	9824	0	161947	68	
14155776	14155776	4565368	4565384	9437184	1492	9129260	9437184	17136	15644	0	183558	95	
14155776	14155776	4565376	4565376	9437184	36892	9093860	9437184	11860	792	0	110143	53	
14155776	14155776	4565376	4565376	9437184	39276	9091476	9437184	19480	10412	0	167010	94	
14155776	14155776	4565376	4565376	9437184	884	9129868	9437184	9284	8400	0	111241	92	
14155776	14155776	4565376	4565376	9437184	1064	9129688	9437184	1280	216	0	97098	24	
14155776	14155776	4565376	4565376	9437184	32984	9097768	9437184	3320	384	0	119220	36	
14155776	14155776	4565372	4565380	9437184	399720	8731032	9437184	322396	2064	0	543818	70	
14155776	14155776	4565368	4565384	9437184	66756	9063996	9437184	329592	316340	0	497632	98	
14155776	14155776	4565368	4565384	9437184	114604	9016148	9437184	75632	10112	0	256449	76	
14155776	14155776	4565368	4565384	9437184	355856	8774896	9437184	343896	60988	0	495961	93	
14155776	14155776	4565368	4565384	9437184	430664	8700088	9437184	582632	279540	0	437706	98	
14155776	14155776	4565376	4565376	9437184	137160	8993592	9437184	333048	298504	0	393630	98	
14155776	14155776	4565360	4565392	9437184	393432	8737320	9437184	367684	32548	0	359816	94	
14155776	14155776	4565372	4565380	9437184	436448	8694304	9437184	337872	13592	0	317320	4	
14155776	14155776	4565356	4565396	9437184	392616	8738136	9437184	333748	2852	0	283499	0	
14155776	14155776	4565368	4565384	9437184	655272	8475480	9437184	564020	4488	0	468386	1	
14155776	14155776	4565356	4565396	9437184	770288	8360464	9437184	646196	3232	0	471179	0	
14155776	14155776	4565372	4565380	9437184	837344	8293408	9437184	655020	1508	0	456108	0	
14155776	14155776	4565368	4565384	9437184	421008	8709744	9437184	337252	6220	0	348603	0	
14155776	14155776	4565372	4565380	9437184	784904	8345848	9437184	651756	4656	0	405080	1	
14155776	14155776	4565368	4565384	9437184	434936	8695816	9437184	327208	0	0	308993	0	
14155776	14155776	4565376	4565376	9437184	774424	8356328	9437184	649368	844	0	446540	0	
14155776	14155776	4565356	4565396	9437184	420976	8709776	9437184	328212	1468	0	295511	0	
14155776	14155776	4565348	4565404	9437184	782780	8347972	9437184	649116	324	0	474481	0	
14155776	14155776	4565372	4565380	9437184	417744	8713008	9437184	343508	1736	0	361526	0	
14155776	14155776	4565348	4565404	9437184	387324	8743428	9437184	322020	824	0	332523	0	
14155776	14155776	4565356	4565396	9437184	734744	8396008	9437184	642268	0	0	498930	0	
14155776	14155776	4565368	4565384	9437184	420040	8710712	9437184	327328	864	0	343001	0	
14155776	14155776	4565368	4565384	9437184	769904	8360848	9437184	647144	0	0	470921	0	
14155776	14155776	4565360	4565392	9437184	400556	8730196	9437184	326408	0	0	302255	0	
14155776	14155776	4565376	4565376	9437184	799348	8331404	9437184	647324	0	0	455144	0	
14155776	14155776	4565336	4565416	9437184	428056	8702696	9437184	351604	268	0	408101	0	
14155776	14155776	4565364	4565388	9437184	433252	8697500	9437184	321824	540	0	336777	0	
14155776	14155776	4565364	4565388	9437184	728144	8402608	9437184	641380	0	0	458805	0	
14155776	14155776	4565368	4565384	9437184	423096	8707656	9437184	327504	0	0	334930	0	
14155776	14155776	4565364	4565388	9437184	733960	8396792	9437184	650600	1416	0	494139	0	
14155776	14155776	4565352	4565400	9437184	386912	8743840	9437184	328344	1904	0	340652	0	
14155776	14155776	4565368	4565384	9437184	804180	8326572	9437184	647088	0	0	476556	0	
14155776	14155776	4565364	4565388	9437184	522852	8607900	9437184	402816	0	0	358910	0	
14155776	14155776	4565364	4565388	9437184	404536	8726216	9437184	321328	0	0	294697	0	
14155776	14155776	4565372	4565380	9437184	779784	8350968	9437184	641376	56	0	416038	0	
14155776	14155776	4565364	4565388	9437184	388968	8741784	9437184	326480	0	0	344864	0	
14155776	14155776	4565372	4565380	9437184	797176	8333576	9437184	647068	0	0	448929	0	
14155776	14155776	4565368	4565384	9437184	398236	8732516	9437184	326364	0	0	293334	0	
14155776	14155776	4565372	4565380	9437184	706596	8424156	9437184	647312	0	0	484726	0	
14155776	14155776	4565360	4565392	9437184	609560	8521192	9437184	453312	0	0	354478	0	
14155776	14155776	4565364	4565388	9437184	396840	8733912	9437184	321212	0	0	284196	0	
14155776	14155776	4565368	4565384	9437184	771536	8359216	9437184	641408	28	0	426833	0	
14155776	14155776	4565344	4565408	9437184	377356	8753396	9437184	327112	0	0	291012	0	
14155776	14155776	4565360	4565392	9437184	778388	8352364	9437184	647792	564	0	473780	0	
14155776	14155776	4565352	4565400	9437184	424076	8706676	9437184	326408	0	0	298734	0	
14155776	14155776	4565336	4565416	9437184	765328	8365424	9437184	647388	0	0	508052	0	
14155776	14155776	4565368	4565384	9437184	510856	8619896	9437184	414752	0	0	317925	0	
14155776	14155776	4565324	4565428	9437184	426964	8703788	9437184	321236	0	0	315578	0	
14155776	14155776	4565376	4565376	9437184	797152	8333600	9437184	641320	0	0	465412	0	
14155776	14155776	4565376	4565376	9437184	391360	8739392	9437184	325372	0	0	290963	0	
14155776	14155776	4565356	4565396	9437184	807376	8323376	9437184	647100	0	0	472457	0	
14155776	14155776	4565364	4565388	9437184	435416	8695336	9437184	326428	0	0	353282	0	
14155776	14155776	4565360	4565392	9437184	761120	8369632	9437184	647204	0	0	409471	0	
14155776	14155776	4565324	4565428	9437184	452560	8678192	9437184	374336	0	0	413785	0	
14155776	14155776	4565352	4565400	9437184	425668	8705084	9437184	321216	0	0	301621	0	
14155776	14155776	4565376	4565376	9437184	764896	8365856	9437184	641296	0	0	448491	0	
14155776	14155776	4565372	4565380	9437184	404352	8726400	9437184	326364	0	0	404070	0	
14155776	14155776	4565368	4565384	9437184	808184	8322568	9437184	647080	0	0	467461	0	
14155776	14155776	4565372	4565380	9437184	433564	8697188	9437184	326388	0	0	361919	0	
14155776	14155776	4565368	4565384	9437184	767128	8363624	9437184	647100	0	0	462347	0	
14155776	14155776	4565336	4565416	9437184	513912	8616840	9437184	383328	0	0	326941	0	
14155776	14155776	4565360	4565392	9437184	422296	8708456	9437184	321184	0	0	374206	0	
14155776	14155776	4565340	4565412	9437184	797584	8333168	9437184	641336	0	0	596507	0	
14155776	14155776	4565376	4565376	9437184	392848	8737904	9437184	325456	0	0	341148	0	
14155776	14155776	4565368	4565384	9437184	795552	8335200	9437184	647092	0	0	446350	0	
14155776	14155776	4565372	4565380	9437184	388872	8741880	9437184	326388	0	0	384520	0	
14155776	14155776	4565364	4565388	9437184	793888	8336864	9437184	647168	0	0	550960	0	
14155776	14155776	4565376	4565376	9437184	426232	8704520	9437184	360104	0	0	404014	0	
14155776	14155776	4565376	4565376	9437184	396976	8733776	9437184	321688	396	0	344821	0	
14155776	14155776	4565368	4565384	9437184	768008	8362744	9437184	641296	0	0	498681	0	
14155776	14155776	4565364	4565388	9437184	424160	8706592	9437184	326472	0	0	351342	0	
14155776	14155776	4565348	4565404	9437184	776172	8354580	9437184	648040	0	0	560640	0	
14155776	14155776	4565352	4565400	9437184	420352	8710400	9437184	327240	876	0	374493	0	
14155776	14155776	4565336	4565416	9437184	772532	8358220	9437184	647088	0	0	509672	0	
14155776	14155776	4565372	4565380	9437184	521480	8609272	9437184	415816	0	0	437160	0	
14155776	14155776	4565360	4565392	9437184	455216	8675536	9437184	321236	0	0	389147	0	
14155776	14155776	4565372	4565380	9437184	817916	8312836	9437184	641332	0	0	501178	0	
14155776	14155776	4565372	4565380	9437184	425572	8705180	9437184	325512	0	0	325763	0	
14155776	14155776	4565356	4565396	9437184	763312	8367440	9437184	641588	0	0	461185	0	
14155776	14155776	4565376	4565376	9437184	384860	8745892	9437184	326376	0	0	323539	0	
14155776	14155776	4565376	4565376	9437184	782656	8348096	9437184	647144	0	0	483640	0	
14155776	14155776	4565376	4565376	9437184	406356	8724396	9437184	365228	0	0	465814	0	
14155776	14155776	4565372	4565380	9437184	384768	8745984	9437184	322016	0	0	370998	0	
14155776	14155776	4565372	4565380	9437184	761100	8369652	9437184	641980	672	0	521891	0	
14155776	14155776	4565364	4565388	9437184	421552	8709200	9437184	326384	0	0	331689	0	
14155776	14155776	4565364	4565388	9437184	793952	8336800	9437184	647076	0	0	467689	0	
14155776	14155776	4565376	4565376	9437184	419244	8711508	9437184	326460	0	0	287047	0	
14155776	14155776	4565372	4565380	9437184	399848	8730904	9437184	321196	0	0	338975	0	
14155776	14155776	4565368	4565384	9437184	799104	8331648	9437184	641296	0	0	456443	0	
14155776	14155776	4565352	4565400	9437184	408356	8722396	9437184	325360	0	0	353843	0	
14155776	14155776	4565368	4565384	9437184	796200	8334552	9437184	647068	0	0	405084	0	
14155776	14155776	4565368	4565384	9437184	389700	8741052	9437184	326364	0	0	380470	0	
14155776	14155776	4565352	4565400	9437184	769648	8361104	9437184	647100	0	0	471903	0	
14155776	14155776	4565344	4565408	9437184	451960	8678792	9437184	379996	0	0	338242	0	
14155776	14155776	4565356	4565396	9437184	382176	8748576	9437184	321236	0	0	359272	0	
14155776	14155776	4565368	4565384	9437184	728992	8401760	9437184	641328	0	0	512368	0	
14155776	14155776	4565376	4565376	9437184	418828	8711924	9437184	326460	0	0	275214	0	
14155776	14155776	4565356	4565396	9437184	783876	8346876	9437184	647132	0	0	485842	0	
14155776	14155776	4565312	4565440	9437184	458792	8671960	9437184	331200	0	0	341707	0	
14155776	14155776	4565348	4565404	9437184	411816	8718936	9437184	321164	0	0	395849	0	
14155776	14155776	4565368	4565384	9437184	779792	8350960	9437184	641336	0	0	486727	0	
14155776	14155776	4565360	4565392	9437184	385328	8745424	9437184	325404	0	0	295599	0	
14155776	14155776	4565372	4565380	9437184	763320	8367432	9437184	647208	0	0	429029	0	
14155776	14155776	4565372	4565380	9437184	367008	8763744	9437184	326388	0	0	304465	0	
14155776	14155776	4565368	4565384	9437184	801904	8328848	9437184	647100	0	0	524349	0	
14155776	14155776	4565360	4565392	9437184	512652	8618100	9437184	406376	0	0	337509	0	
14155776	14155776	4565356	4565396	9437184	386864	8743888	9437184	321204	0	0	285864	0	
14155776	14155776	4565368	4565384	9437184	780792	8349960	9437184	641308	0	0	395330	0	
14155776	14155776	4565376	4565376	9437184	420256	8710496	9437184	326376	0	0	344466	0	
14155776	14155776	4565368	4565384	9437184	795360	8335392	9437184	647080	0	0	481697	0	
14155776	14155776	4565360	4565392	9437184	400720	8730032	9437184	326448	0	0	302708	0	
14155776	14155776	4565376	4565376	9437184	782788	8347964	9437184	647120	0	0	550601	0	
14155776	14155776	4565368	4565384	9437184	454892	8675860	9437184	407004	0	0	391995	0	
14155776	14155776	4565360	4565392	9437184	394232	8736520	9437184	321256	0	0	311105	0	
14155776	14155776	4565368	4565384	9437184	783316	8347436	9437184	641296	0	0	476159	0	
14155776	14155776	4565376	4565376	9437184	400192	8730560	9437184	326388	0	0	340726	0	
14155776	14155776	4565356	4565396	9437184	769924	8360828	9437184	647164	0	0	545233	0	
14155776	14155776	4565376	4565376	9437184	419528	8711224	9437184	333908	0	0	477406	0	
14155776	14155776	4565348	4565404	9437184	393852	8736900	9437184	321196	0	0	308026	0	
14155776	14155776	4565376	4565376	9437184	707400	8423352	9437184	641308	0	0	412505	0	
14155776	14155776	4565368	4565384	9437184	422884	8707868	9437184	326376	0	0	287084	0	
14155776	14155776	4565376	4565376	9437184	776672	8354080	9437184	647092	0	0	441463	0	
14155776	14155776	4565356	4565396	9437184	426784	8703968	9437184	326524	0	0	321871	0	
14155776	14155776	4565356	4565396	9437184	401820	8728932	9437184	321240	0	0	293378	0	
14155776	14155776	4565376	4565376	9437184	761440	8369312	9437184	641320	0	0	416403	0	
14155776	14155776	4565372	4565380	9437184	421900	8708852	9437184	325744	0	0	309929	0	
14155776	14155776	4565372	4565380	9437184	799032	8331720	9437184	647208	0	0	420004	0	
14155776	14155776	4565368	4565384	9437184	428356	8702396	9437184	326548	0	0	304013	0	
14155776	14155776	4565360	4565392	9437184	775544	8355208	9437184	647248	0	0	471246	0	
14155776	14155776	4565356	4565396	9437184	446024	8684728	9437184	359084	0	0	374399	0	
14155776	14155776	4565376	4565376	9437184	422148	8708604	9437184	321204	0	0	304245	0	
14155776	14155776	4565352	4565400	9437184	769944	8360808	9437184	641336	0	0	409524	0	
14155776	14155776	4565372	4565380	9437184	384836	8745916	9437184	326640	0	0	335251	0	
14155776	14155776	4565340	4565412	9437184	774832	8355920	9437184	647192	28	0	566357	0	
14155776	14155776	4565360	4565392	9437184	400868	8729884	9437184	326408	0	0	342481	0	
14155776	14155776	4565372	4565380	9437184	426116	8704636	9437184	321184	0	0	332257	0	
14155776	14155776	4565368	4565384	9437184	777004	8353748	9437184	641308	0	0	434948	0	
14155776	14155776	4565376	4565376	9437184	395452	8735300	9437184	325476	0	0	323066	0	
14155776	14155776	4565368	4565384	9437184	772304	8358448	9437184	647068	0	0	449568	0	
14155776	14155776	4565360	4565392	9437184	397212	8733540	9437184	326524	0	0	415604	0	
14155776	14155776	4565368	4565384	9437184	794048	8336704	9437184	647080	0	0	475904	0	
14155776	14155776	4565232	4565520	9437184	450616	8680136	9437184	370076	0	0	375726	0	
14155776	14155776	4565368	4565384	9437184	402848	8727904	9437184	321324	0	0	329370	0	
14155776	14155776	4565364	4565388	9437184	764876	8365876	9437184	641316	0	0	495428	0	
14155776	14155776	4565372	4565380	9437184	392448	8738304	9437184	326400	0	0	326667	0	
14155776	14155776	4565376	4565376	9437184	778352	8352400	9437184	647092	0	0	402098	0	
14155776	14155776	4565360	4565392	9437184	360640	8770112	9437184	326492	0	0	329594	0	
14155776	14155776	4565376	4565376	9437184	404316	8726436	9437184	321204	0	0	295627	0	
14155776	14155776	4565372	4565380	9437184	768576	8362176	9437184	641404	0	0	568691	0	
14155776	14155776	4565376	4565376	9437184	390592	8740160	9437184	326388	0	0	270811	0	
14155776	14155776	4565376	4565376	9437184	795696	8335056	9437184	647188	0	0	536100	0	
14155776	14155776	4565376	4565376	9437184	422244	8708508	9437184	326376	0	0	399179	0	
14155776	14155776	4565364	4565388	9437184	761600	8369152	9437184	647068	0	0	501615	0	
14155776	14155776	4565316	4565436	9437184	541796	8588956	9437184	422088	0	0	329479	0	
14155776	14155776	4565376	4565376	9437184	383920	8746832	9437184	321236	0	0	316660	0	
14155776	14155776	4565368	4565384	9437184	769904	8360848	9437184	641320	0	0	455040	0	
14155776	14155776	4565368	4565384	9437184	419560	8711192	9437184	326448	0	0	293110	0	
14155776	14155776	4565364	4565388	9437184	807620	8323132	9437184	647076	0	0	406671	0	
14155776	14155776	4565360	4565392	9437184	435480	8695272	9437184	326460	0	0	343548	0	
14155776	14155776	4565368	4565384	9437184	762252	8368500	9437184	647068	0	0	451767	0	
14155776	14155776	4565364	4565388	9437184	507684	8623068	9437184	402480	0	0	445020	0	
14155776	14155776	4565372	4565380	9437184	435988	8694764	9437184	321352	0	0	336009	0	
14155776	14155776	4565348	4565404	9437184	831412	8299340	9437184	642088	0	0	598510	0	
14155776	14155776	4565364	4565388	9437184	386812	8743940	9437184	326164	684	0	378824	0	
14155776	14155776	4565368	4565384	9437184	767264	8363488	9437184	647068	0	0	493567	0	
14155776	14155776	4565368	4565384	9437184	422444	8708308	9437184	326464	0	0	324519	0	
14155776	14155776	4565372	4565380	9437184	767088	8363664	9437184	647100	0	0	434234	0	
14155776	14155776	4565348	4565404	9437184	454704	8676048	9437184	378456	0	0	356023	0	
14155776	14155776	4565372	4565380	9437184	401748	8729004	9437184	321260	0	0	356081	0	
14155776	14155776	4565368	4565384	9437184	764652	8366100	9437184	641296	0	0	488304	0	
14155776	14155776	4565368	4565384	9437184	391264	8739488	9437184	326448	0	0	312349	0	
14155776	14155776	4565376	4565376	9437184	769296	8361456	9437184	647068	0	0	472902	0	
14155776	14155776	4565360	4565392	9437184	384736	8746016	9437184	326384	0	0	338000	0	
14155776	14155776	4565348	4565404	9437184	393848	8736904	9437184	321352	0	0	300068	0	
14155776	14155776	4565368	4565384	9437184	764080	8366672	9437184	641296	0	0	479527	0	
14155776	14155776	4565372	4565380	9437184	395636	8735116	9437184	326364	0	0	315696	0	
14155776	14155776	4565360	4565392	9437184	805612	8325140	9437184	647156	0	0	472050	0	
14155776	14155776	4565364	4565388	9437184	407748	8723004	9437184	326364	0	0	315002	0	
14155776	14155776	4565376	4565376	9437184	762864	8367888	9437184	647088	0	0	488445	0	
14155776	14155776	4565336	4565416	9437184	555028	8575724	9437184	430424	0	0	351153	0	
14155776	14155776	4565352	4565400	9437184	395940	8734812	9437184	321312	0	0	316903	0	
14155776	14155776	4565364	4565388	9437184	804024	8326728	9437184	641316	0	0	469914	0	
14155776	14155776	4565360	4565392	9437184	406800	8723952	9437184	326480	0	0	374429	0	
14155776	14155776	4565364	4565388	9437184	765768	8364984	9437184	647124	0	0	423648	0	
14155776	14155776	4565356	4565396	9437184	396524	8734228	9437184	326548	0	0	355148	0	
14155776	14155776	4565368	4565384	9437184	763044	8367708	9437184	647068	0	0	589976	0	
14155776	14155776	4565376	4565376	9437184	520376	8610376	9437184	426300	0	0	347064	0	
14155776	14155776	4565348	4565404	9437184	417976	8712776	9437184	321224	0	0	345661	0	
14155776	14155776	4565348	4565404	9437184	725448	8405304	9437184	641404	0	0	438005	0	
14155776	14155776	4565372	4565380	9437184	402300	8728452	9437184	326376	0	0	297407	0	
14155776	14155776	4565360	4565392	9437184	779048	8351704	9437184	647056	0	0	431476	0	
14155776	14155776	4565344	4565408	9437184	394056	8736696	9437184	330408	0	0	298267	0	
14155776	14155776	4565360	4565392	9437184	359884	8770868	9437184	321204	0	0	318058	0	
14155776	14155776	4565340	4565412	9437184	760960	8369792	9437184	641404	0	0	466893	0	
14155776	14155776	4565368	4565384	9437184	402016	8728736	9437184	326400	0	0	332376	0	
14155776	14155776	4565364	4565388	9437184	768124	8362628	9437184	647248	0	0	437832	0	
14155776	14155776	4565336	4565416	9437184	437164	8693588	9437184	337548	0	0	410464	0	
14155776	14155776	4565360	4565392	9437184	390560	8740192	9437184	321216	0	0	364133	0	
14155776	14155776	4565368	4565384	9437184	709708	8421044	9437184	641320	0	0	507918	0	
14155776	14155776	4565376	4565376	9437184	427296	8703456	9437184	326376	0	0	367500	0	
14155776	14155776	4565364	4565388	9437184	783044	8347708	9437184	647076	0	0	427766	0	
14155776	14155776	4565372	4565380	9437184	422780	8707972	9437184	326400	0	0	308026	0	
14155776	14155776	4565372	4565380	9437184	721200	8409552	9437184	647088	0	0	442514	0	
14155776	14155776	4565352	4565400	9437184	572188	8558564	9437184	473292	0	0	371289	0	
14155776	14155776	4565368	4565384	9437184	405136	8725616	9437184	321288	0	0	318641	0	
14155776	14155776	4565368	4565384	9437184	731296	8399456	9437184	641332	0	0	450164	0	
14155776	14155776	4565368	4565384	9437184	425912	8704840	9437184	326376	0	0	341261	0	
14155776	14155776	4565372	4565380	9437184	763104	8367648	9437184	647068	0	0	422791	0	
14155776	14155776	4565344	4565408	9437184	421700	8709052	9437184	330408	0	0	384865	0	
14155776	14155776	4565376	4565376	9437184	386840	8743912	9437184	321240	0	0	343621	0	
14155776	14155776	4565372	4565380	9437184	730172	8400580	9437184	641308	0	0	456663	0	
14155776	14155776	4565364	4565388	9437184	450624	8680128	9437184	326464	0	0	299972	0	
14155776	14155776	4565368	4565384	9437184	791916	8338836	9437184	647080	0	0	466474	0	
14155776	14155776	4565340	4565412	9437184	421616	8709136	9437184	326480	0	0	334041	0	
14155776	14155776	4565376	4565376	9437184	781948	8348804	9437184	647240	0	0	458747	0	
14155776	14155776	4565340	4565412	9437184	478104	8652648	9437184	396364	0	0	335545	0	
14155776	14155776	4565368	4565384	9437184	394108	8736644	9437184	321236	0	0	309303	0	
14155776	14155776	4565376	4565376	9437184	762272	8368480	9437184	641308	0	0	418788	0	
14155776	14155776	4565348	4565404	9437184	418084	8712668	9437184	326364	0	0	308953	0	
14155776	14155776	4565364	4565388	9437184	793856	8336896	9437184	647100	0	0	491492	0	
14155776	14155776	4565368	4565384	9437184	409520	8721232	9437184	326376	0	0	319404	0	
14155776	14155776	4565348	4565404	9437184	423824	8706928	9437184	321272	0	0	326592	0	
14155776	14155776	4565376	4565376	9437184	733024	8397728	9437184	641308	0	0	445332	0	
14155776	14155776	4565368	4565384	9437184	424944	8705808	9437184	325360	0	0	296534	0	
14155776	14155776	4565368	4565384	9437184	726956	8403796	9437184	647172	0	0	449507	0	
14155776	14155776	4565364	4565388	9437184	392756	8737996	9437184	326460	0	0	310932	0	
14155776	14155776	4565348	4565404	9437184	787960	8342792	9437184	647068	0	0	428567	0	
14155776	14155776	4565360	4565392	9437184	518588	8612164	9437184	416356	0	0	357635	0	
14155776	14155776	4565360	4565392	9437184	385640	8745112	9437184	321236	0	0	279835	0	
14155776	14155776	4565376	4565376	9437184	704224	8426528	9437184	641320	0	0	461859	0	
14155776	14155776	4565368	4565384	9437184	434304	8696448	9437184	326420	0	0	308397	0	
14155776	14155776	4565364	4565388	9437184	718488	8412264	9437184	647056	0	0	444924	0	
14155776	14155776	4565332	4565420	9437184	455696	8675056	9437184	374744	0	0	355474	0	
14155776	14155776	4565356	4565396	9437184	422936	8707816	9437184	321216	0	0	307353	0	
14155776	14155776	4565372	4565380	9437184	762112	8368640	9437184	641296	0	0	446706	0	
14155776	14155776	4565376	4565376	9437184	372116	8758636	9437184	326388	0	0	309905	0	
14155776	14155776	4565376	4565376	9437184	796800	8333952	9437184	647080	0	0	509398	0	
14155776	14155776	4565368	4565384	9437184	398712	8732040	9437184	326388	0	0	357640	0	
14155776	14155776	4565376	4565376	9437184	372636	8758116	9437184	321208	0	0	290407	0	
14155776	14155776	4565368	4565384	9437184	770948	8359804	9437184	641320	0	0	479908	0	
14155776	14155776	4565364	4565388	9437184	380704	8750048	9437184	326452	0	0	382856	0	
14155776	14155776	4565376	4565376	9437184	797492	8333260	9437184	647088	0	0	440233	0	
14155776	14155776	4565328	4565424	9437184	407924	8722828	9437184	326384	0	0	273845	0	
14155776	14155776	4565364	4565388	9437184	780760	8349992	9437184	647068	0	0	415805	0	
14155776	14155776	4565356	4565396	9437184	551036	8579716	9437184	414492	0	0	384924	0	
14155776	14155776	4565368	4565384	9437184	387796	8742956	9437184	321316	0	0	375865	0	
14155776	14155776	4565376	4565376	9437184	800808	8329944	9437184	641320	0	0	457671	0	
14155776	14155776	4565372	4565380	9437184	392312	8738440	9437184	325744	0	0	337974	0	
14155776	14155776	4565376	4565376	9437184	773104	8357648	9437184	647080	0	0	457011	0	
14155776	14155776	4565360	4565392	9437184	422924	8707828	9437184	326440	0	0	268121	0	
14155776	14155776	4565364	4565388	9437184	761344	8369408	9437184	647176	0	0	539246	0	
14155776	14155776	4565324	4565428	9437184	475104	8655648	9437184	410588	0	0	354802	0	
14155776	14155776	4565352	4565400	9437184	419256	8711496	9437184	321236	0	0	312608	0	
14155776	14155776	4565368	4565384	9437184	797484	8333268	9437184	641320	0	0	597914	0	
14155776	14155776	4565368	4565384	9437184	371456	8759296	9437184	326376	0	0	295378	0	
14155776	14155776	4565376	4565376	9437184	795296	8335456	9437184	647068	0	0	487462	0	
14155776	14155776	4565368	4565384	9437184	404944	8725808	9437184	326388	0	0	299465	0	
14155776	14155776	4565372	4565380	9437184	423136	8707616	9437184	321208	0	0	324059	0	
14155776	14155776	4565376	4565376	9437184	794016	8336736	9437184	641444	0	0	510021	0	
14155776	14155776	4565372	4565380	9437184	391776	8738976	9437184	325608	0	0	384623	0	
14155776	14155776	4565368	4565384	9437184	770424	8360328	9437184	647092	0	0	425518	0	
14155776	14155776	4565376	4565376	9437184	422876	8707876	9437184	326548	0	0	355525	0	
14155776	14155776	4565376	4565376	9437184	733720	8397032	9437184	647100	0	0	454335	0	
14155776	14155776	4565376	4565376	9437184	472880	8657872	9437184	396944	0	0	391243	0	
14155776	14155776	4565368	4565384	9437184	419928	8710824	9437184	321260	0	0	307334	0	
14155776	14155776	4565336	4565416	9437184	704032	8426720	9437184	641336	0	0	517654	0	
14155776	14155776	4565372	4565380	9437184	393956	8736796	9437184	326632	0	0	363234	0	
14155776	14155776	4565372	4565380	9437184	794000	8336752	9437184	647056	0	0	505632	0	
14155776	14155776	4565356	4565396	9437184	433576	8697176	9437184	337168	0	0	351760	0	
14155776	14155776	4565372	4565380	9437184	388944	8741808	9437184	321296	0	0	305053	0	
14155776	14155776	4565372	4565380	9437184	808972	8321780	9437184	641296	0	0	414850	0	
14155776	14155776	4565376	4565376	9437184	393024	8737728	9437184	325360	0	0	297047	0	
14155776	14155776	4565360	4565392	9437184	770404	8360348	9437184	647056	0	0	511631	0	
14155776	14155776	4565368	4565384	9437184	398384	8732368	9437184	326448	0	0	322619	0	
14155776	14155776	4565360	4565392	9437184	795200	8335552	9437184	647168	0	0	487810	0	
14155776	14155776	4565360	4565392	9437184	513528	8617224	9437184	400568	0	0	325763	0	
14155776	14155776	4565364	4565388	9437184	423804	8706948	9437184	321196	0	0	316783	0	
14155776	14155776	4565376	4565376	9437184	797440	8333312	9437184	641316	0	0	486610	0	
14155776	14155776	4565372	4565380	9437184	424804	8705948	9437184	325372	0	0	320860	0	
14155776	14155776	4565368	4565384	9437184	781324	8349428	9437184	647092	0	0	409040	0	
14155776	14155776	4565372	4565380	9437184	422896	8707856	9437184	326480	0	0	284380	0	
14155776	14155776	4565360	4565392	9437184	794688	8336064	9437184	647228	0	0	434506	0	
14155776	14155776	4565324	4565428	9437184	452480	8678272	9437184	350588	0	0	397011	0	
14155776	14155776	4565364	4565388	9437184	424664	8706088	9437184	321196	0	0	307635	0	
14155776	14155776	4565376	4565376	9437184	773752	8357000	9437184	641320	0	0	484853	0	
14155776	14155776	4565372	4565380	9437184	423328	8707424	9437184	325384	0	0	308229	0	
14155776	14155776	4565364	4565388	9437184	762828	8367924	9437184	647280	0	0	591870	0	
14155776	14155776	4565376	4565376	9437184	393304	8737448	9437184	326364	0	0	349306	0	
14155776	14155776	4565360	4565392	9437184	797212	8333540	9437184	647152	0	0	428370	0	
14155776	14155776	4565372	4565380	9437184	543476	8587276	9437184	387924	0	0	333208	0	
14155776	14155776	4565368	4565384	9437184	389468	8741284	9437184	321272	0	0	361588	0	
14155776	14155776	4565368	4565384	9437184	762288	8368464	9437184	641308	0	0	439620	0	
14155776	14155776	4565356	4565396	9437184	401664	8729088	9437184	326384	0	0	346421	0	
14155776	14155776	4565372	4565380	9437184	778368	8352384	9437184	647100	0	0	426901	0	
14155776	14155776	4565368	4565384	9437184	451744	8679008	9437184	326376	0	0	311336	0	
14155776	14155776	4565356	4565396	9437184	779828	8350924	9437184	647120	0	0	538502	0	
14155776	14155776	4565376	4565376	9437184	454708	8676044	9437184	372360	0	0	339734	0	
14155776	14155776	4565368	4565384	9437184	395492	8735260	9437184	321324	0	0	280632	0	
14155776	14155776	4565368	4565384	9437184	732720	8398032	9437184	641296	0	0	496662	0	
14155776	14155776	4565376	4565376	9437184	427184	8703568	9437184	326388	0	0	320964	0	
14155776	14155776	4565376	4565376	9437184	806856	8323896	9437184	647056	0	0	504028	0	
14155776	14155776	4565376	4565376	9437184	383344	8747408	9437184	326400	0	0	317539	0	
14155776	14155776	4565372	4565380	9437184	428664	8702088	9437184	321188	0	0	348974	0	
14155776	14155776	4565364	4565388	9437184	774824	8355928	9437184	641296	0	0	471648	0	
14155776	14155776	4565368	4565384	9437184	450432	8680320	9437184	325372	0	0	338426	0	
14155776	14155776	4565360	4565392	9437184	761952	8368800	9437184	641588	0	0	471888	0	
14155776	14155776	4565372	4565380	9437184	390596	8740156	9437184	326400	0	0	342301	0	
14155776	14155776	4565352	4565400	9437184	773272	8357480	9437184	647056	0	0	471817	0	
14155776	14155776	4565352	4565400	9437184	452736	8678016	9437184	371680	0	0	377106	0	
14155776	14155776	4565376	4565376	9437184	425696	8705056	9437184	321236	0	0	291390	0	
14155776	14155776	4565368	4565384	9437184	762072	8368680	9437184	641332	0	0	516947	0	
14155776	14155776	4565372	4565380	9437184	437944	8692808	9437184	326376	0	0	400941	0	
14155776	14155776	4565364	4565388	9437184	794400	8336352	9437184	647076	0	0	469764	0	
14155776	14155776	4565356	4565396	9437184	424796	8705956	9437184	326384	0	0	328202	0	
14155776	14155776	4565356	4565396	9437184	797016	8333736	9437184	647120	0	0	439417	0	
14155776	14155776	4565368	4565384	9437184	473780	8656972	9437184	364084	0	0	381036	0	
14155776	14155776	4565364	4565388	9437184	388384	8742368	9437184	321216	0	0	350139	0	
14155776	14155776	4565368	4565384	9437184	731276	8399476	9437184	641308	0	0	510998	0	
14155776	14155776	4565348	4565404	9437184	391548	8739204	9437184	326404	0	0	327628	0	
14155776	14155776	4565368	4565384	9437184	729028	8401724	9437184	647092	0	0	485743	0	
14155776	14155776	4565352	4565400	9437184	431532	8699220	9437184	351532	0	0	318000	0	
14155776	14155776	4565376	4565376	9437184	363760	8766992	9437184	321288	0	0	344722	0	
14155776	14155776	4565372	4565380	9437184	721644	8409108	9437184	641404	0	0	455757	0	
14155776	14155776	4565360	4565392	9437184	396064	8734688	9437184	326384	0	0	284290	0	
14155776	14155776	4565372	4565380	9437184	800044	8330708	9437184	647068	0	0	457539	0	
14155776	14155776	4565372	4565380	9437184	432320	8698432	9437184	339996	0	0	369381	0	
14155776	14155776	4565364	4565388	9437184	387812	8742940	9437184	321260	0	0	287297	0	
14155776	14155776	4565372	4565380	9437184	721468	8409284	9437184	641308	0	0	475595	0	
14155776	14155776	4565372	4565380	9437184	424840	8705912	9437184	326376	0	0	277659	0	
14155776	14155776	4565376	4565376	9437184	731260	8399492	9437184	647068	0	0	454451	0	
14155776	14155776	4565360	4565392	9437184	411940	8718812	9437184	338484	0	0	301698	0	
14155776	14155776	4565356	4565396	9437184	398404	8732348	9437184	321352	0	0	358566	0	
14155776	14155776	4565360	4565392	9437184	722296	8408456	9437184	641380	0	0	471882	0	
14155776	14155776	4565376	4565376	9437184	398656	8732096	9437184	326388	0	0	295171	0	
14155776	14155776	4565364	4565388	9437184	774708	8356044	9437184	647164	0	0	432691	0	
14155776	14155776	4565276	4565476	9437184	417856	8712896	9437184	331200	0	0	448128	0	
14155776	14155776	4565364	4565388	9437184	386336	8744416	9437184	321284	0	0	407269	0	
14155776	14155776	4565372	4565380	9437184	800820	8329932	9437184	641296	0	0	446172	0	
14155776	14155776	4565356	4565396	9437184	424864	8705888	9437184	326440	0	0	305871	0	
14155776	14155776	4565368	4565384	9437184	804172	8326580	9437184	647276	0	0	532315	0	
14155776	14155776	4565376	4565376	9437184	422092	8708660	9437184	326480	0	0	399666	0	
14155776	14155776	4565372	4565380	9437184	775028	8355724	9437184	647076	0	0	459470	0	
14155776	14155776	4565372	4565380	9437184	414476	8716276	9437184	366288	0	0	393474	0	
14155776	14155776	4565372	4565380	9437184	391340	8739412	9437184	321248	0	0	322633	0	
14155776	14155776	4565340	4565412	9437184	763468	8367284	9437184	641336	0	0	524586	0	
14155776	14155776	4565368	4565384	9437184	421976	8708776	9437184	326376	0	0	310229	0	
14155776	14155776	4565376	4565376	9437184	762316	8368436	9437184	647068	0	0	439589	0	
14155776	14155776	4565364	4565388	9437184	425432	8705320	9437184	327592	0	0	356596	0	
14155776	14155776	4565364	4565388	9437184	434056	8696696	9437184	321240	0	0	364144	0	
14155776	14155776	4565368	4565384	9437184	719376	8411376	9437184	641488	0	0	484268	0	
14155776	14155776	4565364	4565388	9437184	419236	8711516	9437184	326384	0	0	361093	0	
14155776	14155776	4565376	4565376	9437184	768020	8362732	9437184	647056	0	0	447641	0	
14155776	14155776	4565364	4565388	9437184	431640	8699112	9437184	326632	0	0	444075	0	
14155776	14155776	4565368	4565384	9437184	795572	8335180	9437184	647152	0	0	422561	0	
14155776	14155776	4565356	4565396	9437184	547308	8583444	9437184	387872	0	0	326142	0	
14155776	14155776	4565364	4565388	9437184	417760	8712992	9437184	321228	0	0	323502	0	
14155776	14155776	4565368	4565384	9437184	768016	8362736	9437184	641308	0	0	412076	0	
14155776	14155776	4565360	4565392	9437184	361080	8769672	9437184	325404	0	0	250287	0	
14155776	14155776	4565356	4565396	9437184	803024	8327728	9437184	647188	0	0	428186	0	
14155776	14155776	4565356	4565396	9437184	452924	8677828	9437184	326384	0	0	294416	0	
14155776	14155776	4565376	4565376	9437184	795504	8335248	9437184	647076	0	0	442421	0	
14155776	14155776	4565292	4565460	9437184	385976	8744776	9437184	346328	0	0	322322	0	
14155776	14155776	4565356	4565396	9437184	396688	8734064	9437184	321288	0	0	300277	0	
14155776	14155776	4565356	4565396	9437184	769352	8361400	9437184	641380	0	0	439088	0	
14155776	14155776	4565368	4565384	9437184	367688	8763064	9437184	326388	0	0	298434	0	
14155776	14155776	4565372	4565380	9437184	761224	8369528	9437184	647080	0	0	509659	0	
14155776	14155776	4565336	4565416	9437184	458108	8672644	9437184	355992	0	0	388728	0	
14155776	14155776	4565344	4565408	9437184	422920	8707832	9437184	321216	0	0	276497	0	
14155776	14155776	4565372	4565380	9437184	777132	8353620	9437184	641320	0	0	410676	0	
14155776	14155776	4565368	4565384	9437184	396424	8734328	9437184	325384	0	0	307257	0	
14155776	14155776	4565376	4565376	9437184	793760	8336992	9437184	647056	0	0	436382	0	
14155776	14155776	4565368	4565384	9437184	395808	8734944	9437184	326464	0	0	280565	0	
14155776	14155776	4565368	4565384	9437184	768596	8362156	9437184	647216	0	0	441124	0	
14155776	14155776	4565372	4565380	9437184	511892	8618860	9437184	403120	0	0	319738	0	
14155776	14155776	4565372	4565380	9437184	389536	8741216	9437184	321204	0	0	265727	0	
14155776	14155776	4565348	4565404	9437184	793916	8336836	9437184	641336	0	0	510957	0	
14155776	14155776	4565356	4565396	9437184	392876	8737876	9437184	326452	0	0	267168	0	
14155776	14155776	4565364	4565388	9437184	783436	8347316	9437184	647096	0	0	426828	0	
14155776	14155776	4565368	4565384	9437184	394412	8736340	9437184	326384	0	0	311530	0	
14155776	14155776	4565372	4565380	9437184	387584	8743168	9437184	321184	0	0	343310	0	
14155776	14155776	4565376	4565376	9437184	761488	8369264	9437184	641308	0	0	433807	0	
14155776	14155776	4565340	4565412	9437184	399884	8730868	9437184	326212	0	0	341587	0	
14155776	14155776	4565376	4565376	9437184	763148	8367604	9437184	647076	0	0	443348	0	
14155776	14155776	4565360	4565392	9437184	389096	8741656	9437184	326632	0	0	318495	0	
14155776	14155776	4565348	4565404	9437184	827248	8303504	9437184	647068	0	0	418133	0	
14155776	14155776	4565364	4565388	9437184	519192	8611560	9437184	392460	0	0	341333	0	
14155776	14155776	4565364	4565388	9437184	429468	8701284	9437184	321196	0	0	320237	0	
14155776	14155776	4565376	4565376	9437184	770360	8360392	9437184	641308	0	0	394699	0	
14155776	14155776	4565368	4565384	9437184	398744	8732008	9437184	325360	0	0	325388	0	
14155776	14155776	4565340	4565412	9437184	764904	8365848	9437184	647388	0	0	484915	0	
14155776	14155776	4565372	4565380	9437184	390312	8740440	9437184	326400	0	0	293554	0	
14155776	14155776	4565356	4565396	9437184	768028	8362724	9437184	647068	0	0	475031	0	
14155776	14155776	4565288	4565464	9437184	508080	8622672	9437184	417480	0	0	339714	0	
14155776	14155776	4565376	4565376	9437184	422252	8708500	9437184	321260	0	0	316232	0	
14155776	14155776	4565364	4565388	9437184	771092	8359660	9437184	641296	0	0	483382	0	
14155776	14155776	4565368	4565384	9437184	428548	8702204	9437184	326376	0	0	286030	0	
14155776	14155776	4565372	4565380	9437184	805512	8325240	9437184	647080	0	0	438312	0	
14155776	14155776	4565376	4565376	9437184	404524	8726228	9437184	326376	0	0	278563	0	
14155776	14155776	4565364	4565388	9437184	786592	8344160	9437184	647280	0	0	486132	0	
14155776	14155776	4565260	4565492	9437184	451188	8679564	9437184	391960	0	0	371918	0	
14155776	14155776	4565372	4565380	9437184	423532	8707220	9437184	321256	0	0	294597	0	
14155776	14155776	4565372	4565380	9437184	827392	8303360	9437184	641308	0	0	445928	0	
14155776	14155776	4565372	4565380	9437184	389980	8740772	9437184	326384	0	0	347371	0	
14155776	14155776	4565372	4565380	9437184	772228	8358524	9437184	647068	0	0	405368	0	
14155776	14155776	4565372	4565380	9437184	431528	8699224	9437184	326440	0	0	303140	0	
14155776	14155776	4565356	4565396	9437184	735820	8394932	9437184	647152	0	0	424742	0	
14155776	14155776	4565352	4565400	9437184	513648	8617104	9437184	421052	0	0	315370	0	
14155776	14155776	4565376	4565376	9437184	431652	8699100	9437184	321288	0	0	383678	0	
14155776	14155776	4565348	4565404	9437184	797232	8333520	9437184	641404	0	0	414349	0	
14155776	14155776	4565368	4565384	9437184	427076	8703676	9437184	326632	0	0	287120	0	
14155776	14155776	4565352	4565400	9437184	779864	8350888	9437184	647348	0	0	561018	0	
14155776	14155776	4565376	4565376	9437184	420624	8710128	9437184	326376	0	0	319600	0	
14155776	14155776	4565372	4565380	9437184	790580	8340172	9437184	648716	0	0	550605	0	
14155776	14155776	4565376	4565376	9437184	514308	8616444	9437184	375684	1636	0	352766	0	
14155776	14155776	4565356	4565396	9437184	392092	8738660	9437184	321176	0	0	301800	0	
14155776	14155776	4565376	4565376	9437184	794336	8336416	9437184	641308	0	0	420610	0	
14155776	14155776	4565376	4565376	9437184	426292	8704460	9437184	325384	0	0	321546	0	
14155776	14155776	4565368	4565384	9437184	797772	8332980	9437184	647668	0	0	473197	0	
14155776	14155776	4565372	4565380	9437184	421512	8709240	9437184	326976	588	0	318410	0	
14155776	14155776	4565368	4565384	9437184	779644	8351108	9437184	647068	0	0	481969	0	
14155776	14155776	4565332	4565420	9437184	429292	8701460	9437184	346400	0	0	311620	0	
14155776	14155776	4565368	4565384	9437184	421420	8709332	9437184	321288	0	0	295887	0	
14155776	14155776	4565352	4565400	9437184	770080	8360672	9437184	641404	0	0	423864	0	
14155776	14155776	4565372	4565380	9437184	402220	8728532	9437184	326384	0	0	334713	0	
14155776	14155776	4565368	4565384	9437184	795776	8334976	9437184	647056	0	0	460909	0	
14155776	14155776	4565368	4565384	9437184	393324	8737428	9437184	326388	0	0	321388	0	
14155776	14155776	4565372	4565380	9437184	794784	8335968	9437184	647144	0	0	466772	0	
14155776	14155776	4565360	4565392	9437184	469972	8660780	9437184	399148	0	0	386329	0	
14155776	14155776	4565364	4565388	9437184	432248	8698504	9437184	321416	0	0	368771	0	
14155776	14155776	4565360	4565392	9437184	768260	8362492	9437184	641380	0	0	428487	0	
14155776	14155776	4565368	4565384	9437184	420344	8710408	9437184	326364	0	0	323693	0	
14155776	14155776	4565368	4565384	9437184	770772	8359980	9437184	647092	0	0	592130	0	
14155776	14155776	4565356	4565396	9437184	410044	8720708	9437184	326364	0	0	405234	0	
14155776	14155776	4565364	4565388	9437184	767240	8363512	9437184	647112	0	0	445502	0	
14155776	14155776	4565372	4565380	9437184	521672	8609080	9437184	426452	0	0	369606	0	
14155776	14155776	4565376	4565376	9437184	391668	8739084	9437184	321236	0	0	294114	0	
14155776	14155776	4565368	4565384	9437184	734484	8396268	9437184	641444	0	0	481161	0	
14155776	14155776	4565376	4565376	9437184	418464	8712288	9437184	326588	0	0	286724	0	
14155776	14155776	4565372	4565380	9437184	802556	8328196	9437184	647056	0	0	399374	0	
14155776	14155776	4565360	4565392	9437184	421572	8709180	9437184	326548	0	0	304936	0	
14155776	14155776	4565372	4565380	9437184	396032	8734720	9437184	321220	0	0	314357	0	
14155776	14155776	4565376	4565376	9437184	762336	8368416	9437184	641308	0	0	440140	0	
14155776	14155776	4565372	4565380	9437184	422020	8708732	9437184	326472	0	0	324396	0	
14155776	14155776	4565360	4565392	9437184	767596	8363156	9437184	647188	0	0	436018	0	
14155776	14155776	4565372	4565380	9437184	420148	8710604	9437184	326388	0	0	278417	0	
14155776	14155776	4565348	4565404	9437184	712144	8418608	9437184	647056	0	0	431355	0	
14155776	14155776	4565328	4565424	9437184	552524	8578228	9437184	437556	0	0	348039	0	
14155776	14155776	4565356	4565396	9437184	421264	8709488	9437184	321332	0	0	287338	0	
14155776	14155776	4565372	4565380	9437184	804772	8325980	9437184	641356	48	0	412781	0	
14155776	14155776	4565372	4565380	9437184	395912	8734840	9437184	325384	0	0	301650	0	
14155776	14155776	4565376	4565376	9437184	797284	8333468	9437184	647088	0	0	401836	0	
14155776	14155776	4565372	4565380	9437184	388400	8742352	9437184	326376	0	0	304198	0	
14155776	14155776	4565360	4565392	9437184	760992	8369760	9437184	647280	0	0	436831	0	
14155776	14155776	4565284	4565468	9437184	543924	8586828	9437184	415208	0	0	368936	0	
14155776	14155776	4565364	4565388	9437184	407352	8723400	9437184	321216	0	0	280890	0	
14155776	14155776	4565376	4565376	9437184	714156	8416596	9437184	641320	0	0	474918	0	
14155776	14155776	4565360	4565392	9437184	401548	8729204	9437184	326408	0	0	319926	0	
14155776	14155776	4565376	4565376	9437184	789224	8341528	9437184	647092	0	0	447561	0	
14155776	14155776	4565356	4565396	9437184	419464	8711288	9437184	326460	0	0	328640	0	
14155776	14155776	4565368	4565384	9437184	390564	8740188	9437184	321220	0	0	358923	0	
14155776	14155776	4565368	4565384	9437184	765648	8365104	9437184	641468	0	0	384823	0	
14155776	14155776	4565364	4565388	9437184	423680	8707072	9437184	326612	0	0	287280	0	
14155776	14155776	4565364	4565388	9437184	777244	8353508	9437184	647316	0	0	425233	0	
14155776	14155776	4565372	4565380	9437184	405644	8725108	9437184	326400	0	0	277190	0	
14155776	14155776	4565364	4565388	9437184	805096	8325656	9437184	647152	0	0	444703	0	
14155776	14155776	4565376	4565376	9437184	456384	8674368	9437184	379432	0	0	322953	0	
14155776	14155776	4565368	4565384	9437184	360288	8770464	9437184	321260	0	0	270727	0	
14155776	14155776	4565376	4565376	9437184	779564	8351188	9437184	641296	0	0	487321	0	
14155776	14155776	4565372	4565380	9437184	365700	8765052	9437184	326376	0	0	288243	0	
14155776	14155776	4565376	4565376	9437184	761124	8369628	9437184	647080	0	0	459552	0	
14155776	14155776	4565352	4565400	9437184	418240	8712512	9437184	363244	0	0	310008	0	
14155776	14155776	4565376	4565376	9437184	410132	8720620	9437184	321256	0	0	343743	0	
14155776	14155776	4565368	4565384	9437184	802880	8327872	9437184	641320	0	0	437074	0	
14155776	14155776	4565368	4565384	9437184	420640	8710112	9437184	326400	0	0	307156	0	
14155776	14155776	4565372	4565380	9437184	727956	8402796	9437184	647056	0	0	417884	0	
14155776	14155776	4565368	4565384	9437184	406636	8724116	9437184	326480	0	0	303206	0	
14155776	14155776	4565368	4565384	9437184	422932	8707820	9437184	321200	0	0	276017	0	
14155776	14155776	4565368	4565384	9437184	767000	8363752	9437184	641320	0	0	455743	0	
14155776	14155776	4565372	4565380	9437184	422512	8708240	9437184	325360	0	0	286299	0	
14155776	14155776	4565368	4565384	9437184	766852	8363900	9437184	647068	0	0	438427	0	
14155776	14155776	4565364	4565388	9437184	390228	8740524	9437184	326428	0	0	330361	0	
14155776	14155776	4565352	4565400	9437184	771904	8358848	9437184	647216	0	0	483326	0	
14155776	14155776	4565356	4565396	9437184	512228	8618524	9437184	403088	0	0	318357	0	
14155776	14155776	4565352	4565400	9437184	400980	8729772	9437184	321204	0	0	294381	0	
14155776	14155776	4565376	4565376	9437184	794680	8336072	9437184	641296	0	0	476841	0	
14155776	14155776	4565356	4565396	9437184	419884	8710868	9437184	326548	0	0	320366	0	
14155776	14155776	4565376	4565376	9437184	719484	8411268	9437184	647156	0	0	420203	0	
14155776	14155776	4565376	4565376	9437184	414304	8716448	9437184	326364	0	0	341963	0	
14155776	14155776	4565376	4565376	9437184	392144	8738608	9437184	321176	0	0	301099	0	
14155776	14155776	4565376	4565376	9437184	783284	8347468	9437184	641308	0	0	402607	0	
14155776	14155776	4565372	4565380	9437184	394892	8735860	9437184	325384	0	0	304349	0	
14155776	14155776	4565376	4565376	9437184	831880	8298872	9437184	647088	0	0	482110	0	
14155776	14155776	4565368	4565384	9437184	424828	8705924	9437184	326388	0	0	371603	0	
14155776	14155776	4565376	4565376	9437184	781344	8349408	9437184	647056	0	0	448416	0	
14155776	14155776	4565224	4565528	9437184	450888	8679864	9437184	348016	0	0	354566	0	
14155776	14155776	4565376	4565376	9437184	386072	8744680	9437184	321196	0	0	304226	0	
14155776	14155776	4565368	4565384	9437184	800780	8329972	9437184	641308	0	0	506057	0	
14155776	14155776	4565340	4565412	9437184	418864	8711888	9437184	326472	0	0	337814	0	
14155776	14155776	4565360	4565392	9437184	795464	8335288	9437184	647276	0	0	426057	0	
14155776	14155776	4565360	4565392	9437184	425676	8705076	9437184	326364	0	0	311134	0	
14155776	14155776	4565372	4565380	9437184	765316	8365436	9437184	647132	0	0	440730	0	
14155776	14155776	4565360	4565392	9437184	434864	8695888	9437184	377796	0	0	521914	0	
14155776	14155776	4565364	4565388	9437184	392960	8737792	9437184	321244	0	0	296540	0	
14155776	14155776	4565376	4565376	9437184	761696	8369056	9437184	641404	0	0	414795	0	
14155776	14155776	4565376	4565376	9437184	398500	8732252	9437184	326400	0	0	300820	0	
14155776	14155776	4565372	4565380	9437184	761168	8369584	9437184	647176	0	0	423418	0	
14155776	14155776	4565336	4565416	9437184	462776	8667976	9437184	344580	0	0	375659	0	
14155776	14155776	4565372	4565380	9437184	413184	8717568	9437184	321200	0	0	361520	0	
14155776	14155776	4565368	4565384	9437184	767696	8363056	9437184	641296	0	0	424730	0	
14155776	14155776	4565368	4565384	9437184	427612	8703140	9437184	325384	0	0	290991	0	
14155776	14155776	4565368	4565384	9437184	786096	8344656	9437184	647056	0	0	409028	0	
14155776	14155776	4565376	4565376	9437184	402700	8728052	9437184	326588	0	0	285420	0	
14155776	14155776	4565360	4565392	9437184	774732	8356020	9437184	647076	0	0	437889	0	
14155776	14155776	4565308	4565444	9437184	454320	8676432	9437184	380204	0	0	330058	0	
14155776	14155776	4565360	4565392	9437184	419992	8710760	9437184	321236	0	0	301632	0	
14155776	14155776	4565360	4565392	9437184	794688	8336064	9437184	641380	0	0	411374	0	
14155776	14155776	4565352	4565400	9437184	425480	8705272	9437184	326452	0	0	288393	0	
14155776	14155776	4565372	4565380	9437184	721064	8409688	9437184	647176	0	0	501061	0	
14155776	14155776	4565376	4565376	9437184	423296	8707456	9437184	326388	0	0	291088	0	
14155776	14155776	4565360	4565392	9437184	761536	8369216	9437184	647068	0	0	410274	0	
14155776	14155776	4565344	4565408	9437184	541952	8588800	9437184	437500	0	0	321218	0	
14155776	14155776	4565368	4565384	9437184	421340	8709412	9437184	321236	0	0	336443	0	
14155776	14155776	4565376	4565376	9437184	784840	8345912	9437184	641316	0	0	479598	0	
14155776	14155776	4565360	4565392	9437184	390332	8740420	9437184	328120	0	0	334209	0	
14155776	14155776	4565356	4565396	9437184	802036	8328716	9437184	648856	1692	0	497788	0	
14155776	14155776	4565356	4565396	9437184	385144	8745608	9437184	326588	0	0	299061	0	
14155776	14155776	4565364	4565388	9437184	732056	8398696	9437184	647068	0	0	502259	0	
14155776	14155776	4565352	4565400	9437184	608600	8522152	9437184	464332	0	0	421600	0	
14155776	14155776	4565360	4565392	9437184	385408	8745344	9437184	321328	0	0	275778	0	
14155776	14155776	4565364	4565388	9437184	768832	8361920	9437184	641468	0	0	417836	0	
14155776	14155776	4565376	4565376	9437184	423352	8707400	9437184	326376	0	0	332876	0	
14155776	14155776	4565368	4565384	9437184	799312	8331440	9437184	647080	0	0	470456	0	
14155776	14155776	4565372	4565380	9437184	417652	8713100	9437184	326388	0	0	306208	0	
14155776	14155776	4565344	4565408	9437184	778720	8352032	9437184	647176	0	0	538421	0	
14155776	14155776	4565368	4565384	9437184	509952	8620800	9437184	397076	0	0	323646	0	
14155776	14155776	4565360	4565392	9437184	399448	8731304	9437184	321216	0	0	310280	0	
14155776	14155776	4565368	4565384	9437184	721568	8409184	9437184	641332	0	0	404483	0	
14155776	14155776	4565368	4565384	9437184	389840	8740912	9437184	326388	0	0	323642	0	
14155776	14155776	4565364	4565388	9437184	761680	8369072	9437184	647056	0	0	422182	0	
14155776	14155776	4565372	4565380	9437184	419664	8711088	9437184	342404	0	0	305128	0	
14155776	14155776	4565364	4565388	9437184	369736	8761016	9437184	321204	0	0	370365	0	
14155776	14155776	4565368	4565384	9437184	764032	8366720	9437184	641296	0	0	403430	0	
14155776	14155776	4565356	4565396	9437184	368864	8761888	9437184	326384	0	0	325548	0	
14155776	14155776	4565360	4565392	9437184	800416	8330336	9437184	647144	0	0	436434	0	
14155776	14155776	4565352	4565400	9437184	433928	8696824	9437184	327028	0	0	395814	0	
14155776	14155776	4565352	4565400	9437184	393576	8737176	9437184	321196	0	0	338349	0	
14155776	14155776	4565368	4565384	9437184	725340	8405412	9437184	641404	0	0	426719	0	
14155776	14155776	4565364	4565388	9437184	423040	8707712	9437184	326384	0	0	312758	0	
14155776	14155776	4565360	4565392	9437184	793856	8336896	9437184	647140	0	0	438303	0	
14155776	14155776	4565368	4565384	9437184	424740	8706012	9437184	326496	0	0	365479	0	
14155776	14155776	4565364	4565388	9437184	804136	8326616	9437184	647256	0	0	432630	0	
14155776	14155776	4565356	4565396	9437184	478920	8651832	9437184	388348	0	0	365221	0	
14155776	14155776	4565364	4565388	9437184	419488	8711264	9437184	321304	0	0	327648	0	
14155776	14155776	4565376	4565376	9437184	800160	8330592	9437184	641320	0	0	445410	0	
14155776	14155776	4565344	4565408	9437184	427000	8703752	9437184	326472	0	0	336893	0	
14155776	14155776	4565356	4565396	9437184	762176	8368576	9437184	647280	0	0	463147	0	
14155776	14155776	4565368	4565384	9437184	417600	8713152	9437184	326388	0	0	342195	0	
14155776	14155776	4565368	4565384	9437184	769676	8361076	9437184	647056	0	0	417788	0	
14155776	14155776	4565372	4565380	9437184	515396	8615356	9437184	398288	0	0	344641	0	
14155776	14155776	4565352	4565400	9437184	391316	8739436	9437184	321196	0	0	307700	0	
14155776	14155776	4565372	4565380	9437184	771644	8359108	9437184	641296	0	0	487538	0	
14155776	14155776	4565368	4565384	9437184	425312	8705440	9437184	326388	0	0	317913	0	
14155776	14155776	4565376	4565376	9437184	771044	8359708	9437184	647056	0	0	389473	0	
14155776	14155776	4565364	4565388	9437184	392228	8738524	9437184	326384	0	0	305790	0	
14155776	14155776	4565368	4565384	9437184	796088	8334664	9437184	647144	0	0	478895	0	
14155776	14155776	4565188	4565564	9437184	513268	8617484	9437184	414868	0	0	369166	0	
14155776	14155776	4565348	4565404	9437184	385676	8745076	9437184	321216	0	0	277372	0	
14155776	14155776	4565376	4565376	9437184	778656	8352096	9437184	641308	0	0	432861	0	
14155776	14155776	4565364	4565388	9437184	386900	8743852	9437184	326364	0	0	366930	0	
14155776	14155776	4565372	4565380	9437184	794624	8336128	9437184	647056	0	0	454184	0	
14155776	14155776	4565376	4565376	9437184	386384	8744368	9437184	326548	0	0	282683	0	
14155776	14155776	4565376	4565376	9437184	424300	8706452	9437184	321340	0	0	289269	0	
14155776	14155776	4565368	4565384	9437184	761312	8369440	9437184	641308	0	0	454712	0	
14155776	14155776	4565348	4565404	9437184	396580	8734172	9437184	326548	0	0	313793	0	
14155776	14155776	4565372	4565380	9437184	796144	8334608	9437184	647068	0	0	415811	0	
14155776	14155776	4565372	4565380	9437184	429656	8701096	9437184	326376	0	0	284694	0	
14155776	14155776	4565372	4565380	9437184	767376	8363376	9437184	647056	0	0	440607	0	
14155776	14155776	4565364	4565388	9437184	516572	8614180	9437184	395836	0	0	322185	0	
14155776	14155776	4565376	4565376	9437184	390596	8740156	9437184	321260	0	0	297434	0	
14155776	14155776	4565376	4565376	9437184	762160	8368592	9437184	641332	0	0	456968	0	
14155776	14155776	4565376	4565376	9437184	405428	8725324	9437184	326364	0	0	305046	0	
14155776	14155776	4565360	4565392	9437184	764920	8365832	9437184	647076	0	0	438000	0	
14155776	14155776	4565372	4565380	9437184	419376	8711376	9437184	326376	0	0	302288	0	
14155776	14155776	4565356	4565396	9437184	386788	8743964	9437184	321164	0	0	298838	0	
14155776	14155776	4565376	4565376	9437184	796368	8334384	9437184	641296	0	0	446649	0	
14155776	14155776	4565372	4565380	9437184	450752	8680000	9437184	325360	0	0	303419	0	
14155776	14155776	4565320	4565432	9437184	763940	8366812	9437184	642152	0	0	517796	0	
