b_initial_y_size_0	b_max_y_size_1	b_used_2	b_available_3	b_committed_4	a_used_5	a_available_6	a_committed_7	a_survived_8	a_promoted_9	a_copied_10	a_time_in_ns_11	promotion_rate_12
17301504	17301504	5579904	5579904	11534336	165052	10994756	11534336	382320	374700	0	641532	99	
17301504	17301504	5579896	5579912	11534336	32944	11126864	11534336	9428	7180	0	220056	94	
17301504	17301504	5579904	5579904	11534336	102016	11057792	11534336	16796	812	0	221479	36	
17301504	17301504	5579896	5579912	11534336	65672	11094136	11534336	23792	12856	0	498175	80	
17301504	17301504	5579904	5579904	11534336	3396	11156412	11534336	13692	10296	0	170438	94	
17301504	17301504	5579904	5579904	11534336	70104	11089704	11534336	20484	2704	0	193448	79	
17301504	17301504	5579904	5579904	11534336	33380	11126428	11534336	18580	17112	0	175590	96	
17301504	17301504	5579904	5579904	11534336	776	11159032	11534336	1588	812	0	110167	55	
17301504	17301504	5579900	5579908	11534336	435580	10724228	11534336	320688	72	0	474015	9	
17301504	17301504	5579892	5579916	11534336	164580	10995228	11534336	331864	315380	0	617802	98	
17301504	17301504	5579896	5579912	11534336	423516	10736292	11534336	344044	14140	0	505975	85	
17301504	17301504	5579896	5579912	11534336	165244	10994564	11534336	342900	324432	0	460404	98	
17301504	17301504	5579900	5579908	11534336	392624	10767184	11534336	345156	16708	0	392499	90	
17301504	17301504	5579896	5579912	11534336	460180	10699628	11534336	340048	6880	0	412146	2	
17301504	17301504	5579900	5579908	11534336	795060	10364748	11534336	652636	6496	0	389904	1	
17301504	17301504	5579904	5579904	11534336	427896	10731912	11534336	335848	4344	0	348031	0	
17301504	17301504	5579876	5579932	11534336	409028	10750780	11534336	331264	5064	0	362001	1	
17301504	17301504	5579896	5579912	11534336	434148	10725660	11534336	332100	4896	0	363372	1	
17301504	17301504	5579880	5579928	11534336	457880	10701928	11534336	336784	5796	0	378146	1	
17301504	17301504	5579904	5579904	11534336	447652	10712156	11534336	365604	5584	0	302569	1	
17301504	17301504	5579900	5579908	11534336	795372	10364436	11534336	640756	0	0	473717	0	
17301504	17301504	5579904	5579904	11534336	764736	10395072	11534336	643800	376	0	432109	0	
17301504	17301504	5579904	5579904	11534336	800444	10359364	11534336	644940	2092	0	579243	0	
17301504	17301504	5579888	5579920	11534336	728412	10431396	11534336	644028	1532	0	455914	0	
17301504	17301504	5579888	5579920	11534336	769328	10390480	11534336	647832	776	0	464563	0	
17301504	17301504	5579884	5579924	11534336	428088	10731720	11534336	321164	0	0	421397	0	
17301504	17301504	5579888	5579920	11534336	421940	10737868	11534336	326384	0	0	334347	0	
17301504	17301504	5579900	5579908	11534336	803168	10356640	11534336	640396	0	0	499055	0	
17301504	17301504	5579904	5579904	11534336	803396	10356412	11534336	642740	0	0	427606	0	
17301504	17301504	5579904	5579904	11534336	797264	10362544	11534336	642716	1420	0	485559	0	
17301504	17301504	5579904	5579904	11534336	785852	10373956	11534336	647056	0	0	446789	0	
17301504	17301504	5579904	5579904	11534336	798704	10361104	11534336	647068	0	0	486342	0	
17301504	17301504	5579900	5579908	11534336	466864	10692944	11534336	324508	0	0	426889	0	
17301504	17301504	5579904	5579904	11534336	419472	10740336	11534336	329784	3152	0	399598	0	
17301504	17301504	5579900	5579908	11534336	834724	10325084	11534336	641252	0	0	391550	0	
17301504	17301504	5579904	5579904	11534336	808164	10351644	11534336	641364	0	0	411427	0	
17301504	17301504	5579896	5579912	11534336	774756	10385052	11534336	641364	56	0	415984	0	
17301504	17301504	5579888	5579920	11534336	762960	10396848	11534336	647144	0	0	556166	0	
17301504	17301504	5579904	5579904	11534336	800784	10359024	11534336	647112	0	0	422462	0	
17301504	17301504	5579904	5579904	11534336	394240	10765568	11534336	321236	0	0	303746	0	
17301504	17301504	5579880	5579928	11534336	512192	10647616	11534336	399932	0	0	385267	0	
17301504	17301504	5579900	5579908	11534336	828856	10330952	11534336	641344	0	0	405510	0	
17301504	17301504	5579904	5579904	11534336	795288	10364520	11534336	641908	28	0	455144	0	
17301504	17301504	5579888	5579920	11534336	802428	10357380	11534336	647664	564	0	406427	0	
17301504	17301504	5579900	5579908	11534336	797160	10362648	11534336	647056	0	0	490475	0	
17301504	17301504	5579904	5579904	11534336	395428	10764380	11534336	321220	0	0	305579	0	
17301504	17301504	5579904	5579904	11534336	453720	10706088	11534336	340428	0	0	394241	0	
17301504	17301504	5579896	5579912	11534336	725604	10434204	11534336	641296	0	0	415080	0	
17301504	17301504	5579880	5579928	11534336	776528	10383280	11534336	646960	0	0	452514	0	
17301504	17301504	5579904	5579904	11534336	830616	10329192	11534336	647248	0	0	409136	0	
17301504	17301504	5579880	5579928	11534336	800252	10359556	11534336	647176	0	0	458650	0	
17301504	17301504	5579884	5579924	11534336	421896	10737912	11534336	321284	0	0	347222	0	
17301504	17301504	5579872	5579936	11534336	469464	10690344	11534336	362912	0	0	302654	0	
17301504	17301504	5579904	5579904	11534336	796272	10363536	11534336	641320	0	0	416147	0	
17301504	17301504	5579900	5579908	11534336	803312	10356496	11534336	641308	0	0	540072	0	
17301504	17301504	5579900	5579908	11534336	808692	10351116	11534336	647056	0	0	423064	0	
17301504	17301504	5579900	5579908	11534336	775080	10384728	11534336	647068	0	0	458435	0	
17301504	17301504	5579896	5579912	11534336	385184	10774624	11534336	321196	0	0	290312	0	
17301504	17301504	5579900	5579908	11534336	509760	10650048	11534336	365248	0	0	389792	0	
17301504	17301504	5579904	5579904	11534336	766588	10393220	11534336	641332	0	0	458951	0	
17301504	17301504	5579904	5579904	11534336	797508	10362300	11534336	641332	0	0	500614	0	
17301504	17301504	5579900	5579908	11534336	798104	10361704	11534336	647068	0	0	476163	0	
17301504	17301504	5579904	5579904	11534336	781240	10378568	11534336	647076	0	0	435760	0	
17301504	17301504	5579896	5579912	11534336	418728	10741080	11534336	322120	0	0	348649	0	
17301504	17301504	5579884	5579924	11534336	447952	10711856	11534336	346360	900	0	469398	0	
17301504	17301504	5579896	5579912	11534336	767356	10392452	11534336	641320	0	0	485184	0	
17301504	17301504	5579868	5579940	11534336	766192	10393616	11534336	641520	0	0	490410	0	
17301504	17301504	5579904	5579904	11534336	799208	10360600	11534336	647200	108	0	524421	0	
17301504	17301504	5579868	5579940	11534336	799336	10360472	11534336	647320	0	0	381127	0	
17301504	17301504	5579904	5579904	11534336	363512	10796296	11534336	321224	0	0	348198	0	
17301504	17301504	5579888	5579920	11534336	541952	10617856	11534336	413216	0	0	484692	0	
17301504	17301504	5579900	5579908	11534336	839300	10320508	11534336	641296	0	0	529886	0	
17301504	17301504	5579896	5579912	11534336	828996	10330812	11534336	641296	0	0	478674	0	
17301504	17301504	5579896	5579912	11534336	798624	10361184	11534336	647056	0	0	483708	0	
17301504	17301504	5579900	5579908	11534336	800720	10359088	11534336	647068	0	0	500312	0	
17301504	17301504	5579872	5579936	11534336	794828	10364980	11534336	647768	0	0	525179	0	
17301504	17301504	5579904	5579904	11534336	421120	10738688	11534336	321720	420	0	341838	0	
17301504	17301504	5579880	5579928	11534336	443156	10716652	11534336	382628	0	0	366121	0	
17301504	17301504	5579900	5579908	11534336	813696	10346112	11534336	641308	0	0	478010	0	
17301504	17301504	5579900	5579908	11534336	794036	10365772	11534336	645512	0	0	438496	0	
17301504	17301504	5579904	5579904	11534336	798824	10360984	11534336	647068	0	0	447866	0	
17301504	17301504	5579896	5579912	11534336	800848	10358960	11534336	647280	0	0	442696	0	
17301504	17301504	5579876	5579932	11534336	452944	10706864	11534336	321216	0	0	304712	0	
17301504	17301504	5579896	5579912	11534336	436804	10723004	11534336	349084	0	0	308540	0	
17301504	17301504	5579888	5579920	11534336	779068	10380740	11534336	641296	0	0	394096	0	
17301504	17301504	5579884	5579924	11534336	794112	10365696	11534336	641628	0	0	422213	0	
17301504	17301504	5579900	5579908	11534336	783068	10376740	11534336	647120	0	0	442538	0	
17301504	17301504	5579888	5579920	11534336	798920	10360888	11534336	647428	0	0	438373	0	
17301504	17301504	5579896	5579912	11534336	422960	10736848	11534336	321224	0	0	298641	0	
17301504	17301504	5579896	5579912	11534336	508192	10651616	11534336	374312	0	0	339205	0	
17301504	17301504	5579900	5579908	11534336	803988	10355820	11534336	641308	0	0	516673	0	
17301504	17301504	5579900	5579908	11534336	772344	10387464	11534336	641296	0	0	406999	0	
17301504	17301504	5579896	5579912	11534336	770524	10389284	11534336	647068	0	0	492709	0	
17301504	17301504	5579900	5579908	11534336	764732	10395076	11534336	647068	0	0	499595	0	
17301504	17301504	5579904	5579904	11534336	417600	10742208	11534336	321256	0	0	324119	0	
17301504	17301504	5579880	5579928	11534336	507780	10652028	11534336	385128	0	0	362256	0	
17301504	17301504	5579900	5579908	11534336	771024	10388784	11534336	641296	0	0	401718	0	
17301504	17301504	5579904	5579904	11534336	800720	10359088	11534336	641372	0	0	451383	0	
17301504	17301504	5579900	5579908	11534336	764060	10395748	11534336	647056	0	0	440696	0	
17301504	17301504	5579848	5579960	11534336	793760	10366048	11534336	647388	0	0	605371	0	
17301504	17301504	5579904	5579904	11534336	421728	10738080	11534336	321268	0	0	351071	0	
17301504	17301504	5579892	5579916	11534336	445344	10714464	11534336	381056	0	0	343236	0	
17301504	17301504	5579864	5579944	11534336	784312	10375496	11534336	641336	0	0	480131	0	
17301504	17301504	5579896	5579912	11534336	775752	10384056	11534336	647056	0	0	482234	0	
17301504	17301504	5579900	5579908	11534336	811772	10348036	11534336	647100	0	0	431951	0	
17301504	17301504	5579896	5579912	11534336	797976	10361832	11534336	647068	0	0	466490	0	
17301504	17301504	5579888	5579920	11534336	457364	10702444	11534336	321300	0	0	327124	0	
17301504	17301504	5579892	5579916	11534336	454104	10705704	11534336	367544	0	0	462651	0	
17301504	17301504	5579896	5579912	11534336	798664	10361144	11534336	641320	0	0	467442	0	
17301504	17301504	5579888	5579920	11534336	787732	10372076	11534336	641372	0	0	503618	0	
17301504	17301504	5579904	5579904	11534336	764528	10395280	11534336	647068	0	0	618415	0	
17301504	17301504	5579900	5579908	11534336	806564	10353244	11534336	647088	0	0	543128	0	
17301504	17301504	5579900	5579908	11534336	431672	10728136	11534336	321344	0	0	306866	0	
17301504	17301504	5579868	5579940	11534336	456112	10703696	11534336	374120	0	0	409910	0	
17301504	17301504	5579900	5579908	11534336	763840	10395968	11534336	641320	0	0	431212	0	
17301504	17301504	5579896	5579912	11534336	798656	10361152	11534336	647056	0	0	433030	0	
17301504	17301504	5579892	5579916	11534336	803092	10356716	11534336	647168	0	0	537897	0	
17301504	17301504	5579900	5579908	11534336	835316	10324492	11534336	647172	28	0	517374	0	
17301504	17301504	5579888	5579920	11534336	418672	10741136	11534336	321304	0	0	323024	0	
17301504	17301504	5579856	5579952	11534336	430528	10729280	11534336	360428	0	0	397325	0	
17301504	17301504	5579896	5579912	11534336	793696	10366112	11534336	641308	0	0	460718	0	
17301504	17301504	5579876	5579932	11534336	804532	10355276	11534336	645988	0	0	434782	0	
17301504	17301504	5579892	5579916	11534336	810012	10349796	11534336	647100	0	0	435787	0	
17301504	17301504	5579900	5579908	11534336	812048	10347760	11534336	647068	0	0	403426	0	
17301504	17301504	5579876	5579932	11534336	423296	10736512	11534336	321352	0	0	380603	0	
17301504	17301504	5579904	5579904	11534336	462048	10697760	11534336	348868	0	0	327936	0	
17301504	17301504	5579896	5579912	11534336	832428	10327380	11534336	641308	0	0	380026	0	
17301504	17301504	5579896	5579912	11534336	796208	10363600	11534336	641320	0	0	432951	0	
17301504	17301504	5579888	5579920	11534336	831900	10327908	11534336	647152	0	0	470209	0	
17301504	17301504	5579900	5579908	11534336	725496	10434312	11534336	647056	0	0	442047	0	
17301504	17301504	5579900	5579908	11534336	392876	10766932	11534336	321308	0	0	362154	0	
17301504	17301504	5579892	5579916	11534336	418180	10741628	11534336	359112	0	0	419347	0	
17301504	17301504	5579888	5579920	11534336	794048	10365760	11534336	641296	0	0	415443	0	
17301504	17301504	5579880	5579928	11534336	795728	10364080	11534336	646960	0	0	405215	0	
17301504	17301504	5579904	5579904	11534336	776036	10383772	11534336	647080	0	0	481787	0	
17301504	17301504	5579876	5579932	11534336	734912	10424896	11534336	647068	0	0	470379	0	
17301504	17301504	5579896	5579912	11534336	438848	10720960	11534336	325476	0	0	308914	0	
17301504	17301504	5579896	5579912	11534336	554416	10605392	11534336	419896	0	0	324447	0	
17301504	17301504	5579888	5579920	11534336	806580	10353228	11534336	641444	0	0	525435	0	
17301504	17301504	5579904	5579904	11534336	795200	10364608	11534336	641320	0	0	428468	0	
17301504	17301504	5579896	5579912	11534336	827856	10331952	11534336	647752	0	0	503484	0	
17301504	17301504	5579900	5579908	11534336	805892	10353916	11534336	647752	684	0	473126	0	
17301504	17301504	5579896	5579912	11534336	393664	10766144	11534336	321264	0	0	329238	0	
17301504	17301504	5579900	5579908	11534336	418000	10741808	11534336	339908	0	0	320998	0	
17301504	17301504	5579896	5579912	11534336	767212	10392596	11534336	641296	0	0	408967	0	
17301504	17301504	5579880	5579928	11534336	779928	10379880	11534336	647004	0	0	525935	0	
17301504	17301504	5579896	5579912	11534336	829712	10330096	11534336	647076	0	0	470094	0	
17301504	17301504	5579884	5579924	11534336	794368	10365440	11534336	647196	0	0	509904	0	
17301504	17301504	5579896	5579912	11534336	434964	10724844	11534336	321260	0	0	378810	0	
17301504	17301504	5579880	5579928	11534336	479012	10680796	11534336	361556	0	0	390313	0	
17301504	17301504	5579904	5579904	11534336	763856	10395952	11534336	641296	0	0	400516	0	
17301504	17301504	5579892	5579916	11534336	829408	10330400	11534336	641456	0	0	424993	0	
17301504	17301504	5579904	5579904	11534336	799784	10360024	11534336	647080	0	0	491580	0	
17301504	17301504	5579884	5579924	11534336	802616	10357192	11534336	647056	0	0	549241	0	
17301504	17301504	5579892	5579916	11534336	395784	10764024	11534336	321260	0	0	314955	0	
17301504	17301504	5579884	5579924	11534336	464548	10695260	11534336	352332	0	0	353224	0	
17301504	17301504	5579904	5579904	11534336	795104	10364704	11534336	641308	0	0	429600	0	
17301504	17301504	5579904	5579904	11534336	833656	10326152	11534336	641320	0	0	463781	0	
17301504	17301504	5579900	5579908	11534336	766416	10393392	11534336	647236	0	0	426955	0	
17301504	17301504	5579892	5579916	11534336	761912	10397896	11534336	647056	0	0	477061	0	
17301504	17301504	5579904	5579904	11534336	431260	10728548	11534336	321280	0	0	339796	0	
17301504	17301504	5579884	5579924	11534336	514416	10645392	11534336	354720	0	0	363033	0	
17301504	17301504	5579904	5579904	11534336	774688	10385120	11534336	641308	0	0	422804	0	
17301504	17301504	5579900	5579908	11534336	772776	10387032	11534336	641296	0	0	428260	0	
17301504	17301504	5579904	5579904	11534336	800628	10359180	11534336	647080	0	0	506799	0	
17301504	17301504	5579884	5579924	11534336	832600	10327208	11534336	647096	0	0	493103	0	
17301504	17301504	5579896	5579912	11534336	427648	10732160	11534336	321308	0	0	335218	0	
17301504	17301504	5579884	5579924	11534336	394016	10765792	11534336	326480	0	0	326784	0	
17301504	17301504	5579904	5579904	11534336	811560	10348248	11534336	641332	0	0	485724	0	
17301504	17301504	5579880	5579928	11534336	765056	10394752	11534336	641336	0	0	411131	0	
17301504	17301504	5579872	5579936	11534336	778028	10381780	11534336	647164	0	0	449008	0	
17301504	17301504	5579892	5579916	11534336	771804	10388004	11534336	647152	0	0	472595	0	
17301504	17301504	5579896	5579912	11534336	459240	10700568	11534336	321244	0	0	342449	0	
17301504	17301504	5579888	5579920	11534336	460144	10699664	11534336	361396	0	0	339099	0	
17301504	17301504	5579896	5579912	11534336	768200	10391608	11534336	641404	0	0	459834	0	
17301504	17301504	5579900	5579908	11534336	786896	10372912	11534336	643868	0	0	455879	0	
17301504	17301504	5579904	5579904	11534336	797056	10362752	11534336	647080	0	0	454031	0	
17301504	17301504	5579868	5579940	11534336	770368	10389440	11534336	647320	0	0	435425	0	
17301504	17301504	5579876	5579932	11534336	393640	10766168	11534336	321256	0	0	401010	0	
17301504	17301504	5579896	5579912	11534336	540860	10618948	11534336	414372	0	0	426788	0	
17301504	17301504	5579896	5579912	11534336	797192	10362616	11534336	641488	0	0	404056	0	
17301504	17301504	5579904	5579904	11534336	796480	10363328	11534336	641296	0	0	400944	0	
17301504	17301504	5579900	5579908	11534336	793856	10365952	11534336	647088	0	0	470526	0	
17301504	17301504	5579904	5579904	11534336	804028	10355780	11534336	647080	0	0	433416	0	
17301504	17301504	5579892	5579916	11534336	424852	10734956	11534336	321312	0	0	351881	0	
17301504	17301504	5579860	5579948	11534336	436772	10723036	11534336	348156	0	0	398560	0	
17301504	17301504	5579876	5579932	11534336	762336	10397472	11534336	641404	0	0	486021	0	
17301504	17301504	5579876	5579932	11534336	794784	10365024	11534336	646928	0	0	616187	0	
17301504	17301504	5579904	5579904	11534336	802044	10357764	11534336	647092	0	0	469468	0	
17301504	17301504	5579904	5579904	11534336	773184	10386624	11534336	647300	0	0	453982	0	
17301504	17301504	5579892	5579916	11534336	387956	10771852	11534336	321300	0	0	260076	0	
17301504	17301504	5579896	5579912	11534336	542540	10617268	11534336	414752	0	0	309137	0	
17301504	17301504	5579888	5579920	11534336	799352	10360456	11534336	641444	0	0	393106	0	
17301504	17301504	5579896	5579912	11534336	796732	10363076	11534336	641320	0	0	378628	0	
17301504	17301504	5579896	5579912	11534336	798476	10361332	11534336	647068	0	0	426985	0	
17301504	17301504	5579896	5579912	11534336	784940	10374868	11534336	647112	0	0	460812	0	
17301504	17301504	5579888	5579920	11534336	420456	10739352	11534336	321216	0	0	305569	0	
17301504	17301504	5579892	5579916	11534336	518052	10641756	11534336	357192	0	0	314540	0	
17301504	17301504	5579904	5579904	11534336	792216	10367592	11534336	641332	0	0	406311	0	
17301504	17301504	5579892	5579916	11534336	793856	10365952	11534336	641336	0	0	446754	0	
17301504	17301504	5579888	5579920	11534336	811096	10348712	11534336	647152	0	0	463217	0	
17301504	17301504	5579884	5579924	11534336	827040	10332768	11534336	647144	0	0	478633	0	
17301504	17301504	5579888	5579920	11534336	774176	10385632	11534336	647280	0	0	439338	0	
17301504	17301504	5579904	5579904	11534336	407428	10752380	11534336	321356	0	0	337844	0	
17301504	17301504	5579900	5579908	11534336	538508	10621300	11534336	401752	0	0	477126	0	
17301504	17301504	5579900	5579908	11534336	773500	10386308	11534336	641308	0	0	467192	0	
17301504	17301504	5579888	5579920	11534336	795128	10364680	11534336	641372	0	0	473449	0	
17301504	17301504	5579876	5579932	11534336	799904	10359904	11534336	647164	0	0	490708	0	
17301504	17301504	5579896	5579912	11534336	813220	10346588	11534336	647056	0	0	476041	0	
17301504	17301504	5579868	5579940	11534336	374048	10785760	11534336	321216	0	0	305633	0	
17301504	17301504	5579888	5579920	11534336	511584	10648224	11534336	376576	0	0	389464	0	
17301504	17301504	5579896	5579912	11534336	791288	10368520	11534336	641308	0	0	421996	0	
17301504	17301504	5579888	5579920	11534336	778020	10381788	11534336	641488	0	0	400932	0	
17301504	17301504	5579896	5579912	11534336	827872	10331936	11534336	647068	0	0	429975	0	
17301504	17301504	5579900	5579908	11534336	797808	10362000	11534336	647068	0	0	461966	0	
17301504	17301504	5579896	5579912	11534336	407904	10751904	11534336	321204	0	0	340011	0	
17301504	17301504	5579868	5579940	11534336	453076	10706732	11534336	337636	0	0	343835	0	
17301504	17301504	5579900	5579908	11534336	796544	10363264	11534336	641308	0	0	499544	0	
17301504	17301504	5579892	5579916	11534336	803252	10356556	11534336	641380	0	0	507060	0	
17301504	17301504	5579852	5579956	11534336	827368	10332440	11534336	647076	0	0	393080	0	
17301504	17301504	5579880	5579928	11534336	771920	10387888	11534336	647056	0	0	403981	0	
17301504	17301504	5579896	5579912	11534336	395176	10764632	11534336	321296	0	0	298402	0	
17301504	17301504	5579904	5579904	11534336	452168	10707640	11534336	343828	0	0	376835	0	
17301504	17301504	5579904	5579904	11534336	779080	10380728	11534336	641296	0	0	462127	0	
17301504	17301504	5579904	5579904	11534336	809100	10350708	11534336	641296	0	0	403152	0	
17301504	17301504	5579896	5579912	11534336	763244	10396564	11534336	647092	0	0	530953	0	
17301504	17301504	5579888	5579920	11534336	797588	10362220	11534336	647056	0	0	470759	0	
17301504	17301504	5579904	5579904	11534336	423544	10736264	11534336	321260	0	0	298674	0	
17301504	17301504	5579896	5579912	11534336	453600	10706208	11534336	364968	0	0	308572	0	
17301504	17301504	5579896	5579912	11534336	762832	10396976	11534336	641296	0	0	418154	0	
17301504	17301504	5579868	5579940	11534336	803232	10356576	11534336	647012	0	0	404361	0	
17301504	17301504	5579904	5579904	11534336	798980	10360828	11534336	647080	0	0	430066	0	
17301504	17301504	5579892	5579916	11534336	769444	10390364	11534336	647320	0	0	522444	0	
17301504	17301504	5579888	5579920	11534336	424168	10735640	11534336	321300	0	0	319361	0	
17301504	17301504	5579884	5579924	11534336	474608	10685200	11534336	394648	0	0	332258	0	
17301504	17301504	5579896	5579912	11534336	798212	10361596	11534336	641328	0	0	458446	0	
17301504	17301504	5579900	5579908	11534336	810044	10349764	11534336	646916	0	0	428879	0	
17301504	17301504	5579892	5579916	11534336	817852	10341956	11534336	647176	0	0	493090	0	
17301504	17301504	5579904	5579904	11534336	800272	10359536	11534336	647068	0	0	498095	0	
17301504	17301504	5579900	5579908	11534336	418708	10741100	11534336	321288	0	0	404253	0	
17301504	17301504	5579880	5579928	11534336	428084	10731724	11534336	352684	0	0	371060	0	
17301504	17301504	5579904	5579904	11534336	827528	10332280	11534336	641308	0	0	441284	0	
17301504	17301504	5579904	5579904	11534336	794940	10364868	11534336	641320	0	0	468460	0	
17301504	17301504	5579896	5579912	11534336	800668	10359140	11534336	647068	0	0	406768	0	
17301504	17301504	5579884	5579924	11534336	775008	10384800	11534336	647056	0	0	438574	0	
17301504	17301504	5579888	5579920	11534336	425192	10734616	11534336	321304	0	0	321975	0	
17301504	17301504	5579864	5579944	11534336	468292	10691516	11534336	355992	0	0	384685	0	
17301504	17301504	5579896	5579912	11534336	803476	10356332	11534336	641296	0	0	508093	0	
17301504	17301504	5579876	5579932	11534336	784356	10375452	11534336	641296	0	0	438239	0	
17301504	17301504	5579896	5579912	11534336	804368	10355440	11534336	647056	0	0	456316	0	
17301504	17301504	5579896	5579912	11534336	801912	10357896	11534336	647056	0	0	391806	0	
17301504	17301504	5579900	5579908	11534336	396336	10763472	11534336	321308	0	0	284246	0	
17301504	17301504	5579840	5579968	11534336	423616	10736192	11534336	354768	0	0	409475	0	
17301504	17301504	5579900	5579908	11534336	793964	10365844	11534336	641332	0	0	457612	0	
17301504	17301504	5579876	5579932	11534336	724720	10435088	11534336	644256	0	0	397311	0	
17301504	17301504	5579900	5579908	11534336	779632	10380176	11534336	647068	0	0	438573	0	
17301504	17301504	5579880	5579928	11534336	425832	10733976	11534336	321240	0	0	350610	0	
17301504	17301504	5579904	5579904	11534336	452432	10707376	11534336	337804	0	0	296784	0	
17301504	17301504	5579900	5579908	11534336	799288	10360520	11534336	641320	0	0	445614	0	
17301504	17301504	5579888	5579920	11534336	765636	10394172	11534336	641404	0	0	471738	0	
17301504	17301504	5579900	5579908	11534336	769852	10389956	11534336	647076	0	0	510064	0	
17301504	17301504	5579904	5579904	11534336	827072	10332736	11534336	647132	0	0	427681	0	
17301504	17301504	5579884	5579924	11534336	399304	10760504	11534336	321204	0	0	322034	0	
17301504	17301504	5579888	5579920	11534336	510244	10649564	11534336	366480	0	0	374086	0	
17301504	17301504	5579884	5579924	11534336	794208	10365600	11534336	641316	0	0	405869	0	
17301504	17301504	5579904	5579904	11534336	781876	10377932	11534336	641320	0	0	433315	0	
17301504	17301504	5579904	5579904	11534336	809660	10350148	11534336	647080	0	0	396840	0	
17301504	17301504	5579900	5579908	11534336	796128	10363680	11534336	647068	0	0	466246	0	
17301504	17301504	5579904	5579904	11534336	404296	10755512	11534336	321248	0	0	300318	0	
17301504	17301504	5579904	5579904	11534336	442740	10717068	11534336	339324	0	0	416827	0	
17301504	17301504	5579900	5579908	11534336	800984	10358824	11534336	641332	0	0	423991	0	
17301504	17301504	5579900	5579908	11534336	794464	10365344	11534336	641296	0	0	488671	0	
17301504	17301504	5579900	5579908	11534336	794656	10365152	11534336	647080	0	0	443859	0	
17301504	17301504	5579888	5579920	11534336	804200	10355608	11534336	647124	0	0	510443	0	
17301504	17301504	5579876	5579932	11534336	418372	10741436	11534336	321196	0	0	321657	0	
17301504	17301504	5579880	5579928	11534336	424284	10735524	11534336	340172	0	0	339300	0	
17301504	17301504	5579884	5579924	11534336	794756	10365052	11534336	641444	0	0	418697	0	
17301504	17301504	5579888	5579920	11534336	796336	10363472	11534336	641372	0	0	439214	0	
17301504	17301504	5579896	5579912	11534336	791232	10368576	11534336	647056	0	0	504061	0	
17301504	17301504	5579896	5579912	11534336	802376	10357432	11534336	647056	0	0	438804	0	
17301504	17301504	5579892	5579916	11534336	426888	10732920	11534336	321348	0	0	314725	0	
17301504	17301504	5579884	5579924	11534336	470144	10689664	11534336	354020	0	0	329826	0	
17301504	17301504	5579896	5579912	11534336	828672	10331136	11534336	641320	0	0	471749	0	
17301504	17301504	5579904	5579904	11534336	807708	10352100	11534336	641296	0	0	479285	0	
17301504	17301504	5579896	5579912	11534336	762832	10396976	11534336	647132	0	0	457079	0	
17301504	17301504	5579872	5579936	11534336	827980	10331828	11534336	647164	0	0	398133	0	
17301504	17301504	5579904	5579904	11534336	419452	10740356	11534336	321196	0	0	325714	0	
17301504	17301504	5579904	5579904	11534336	393920	10765888	11534336	326460	0	0	402893	0	
17301504	17301504	5579892	5579916	11534336	834632	10325176	11534336	641488	0	0	438203	0	
17301504	17301504	5579904	5579904	11534336	793952	10365856	11534336	641320	0	0	449234	0	
17301504	17301504	5579884	5579924	11534336	765564	10394244	11534336	647176	0	0	401564	0	
17301504	17301504	5579904	5579904	11534336	827680	10332128	11534336	647068	0	0	410463	0	
17301504	17301504	5579880	5579928	11534336	426728	10733080	11534336	321196	0	0	322184	0	
17301504	17301504	5579888	5579920	11534336	418112	10741696	11534336	326476	0	0	300422	0	
17301504	17301504	5579900	5579908	11534336	768516	10391292	11534336	641296	0	0	462629	0	
17301504	17301504	5579868	5579940	11534336	793888	10365920	11534336	641480	0	0	399332	0	
17301504	17301504	5579884	5579924	11534336	796148	10363660	11534336	647056	0	0	408846	0	
17301504	17301504	5579904	5579904	11534336	780772	10379036	11534336	647068	0	0	441403	0	
17301504	17301504	5579892	5579916	11534336	389880	10769928	11534336	321288	0	0	347132	0	
17301504	17301504	5579872	5579936	11534336	520792	10639016	11534336	396064	0	0	360916	0	
17301504	17301504	5579904	5579904	11534336	773476	10386332	11534336	641296	0	0	481094	0	
17301504	17301504	5579880	5579928	11534336	799232	10360576	11534336	641372	0	0	530551	0	
17301504	17301504	5579900	5579908	11534336	797580	10362228	11534336	647076	0	0	448806	0	
17301504	17301504	5579900	5579908	11534336	796216	10363592	11534336	647056	0	0	455100	0	
17301504	17301504	5579888	5579920	11534336	394640	10765168	11534336	321236	0	0	297710	0	
17301504	17301504	5579868	5579940	11534336	471808	10688000	11534336	379112	0	0	371982	0	
17301504	17301504	5579904	5579904	11534336	783368	10376440	11534336	641308	0	0	407019	0	
17301504	17301504	5579900	5579908	11534336	795444	10364364	11534336	643272	0	0	451917	0	
17301504	17301504	5579904	5579904	11534336	828780	10331028	11534336	647092	0	0	460286	0	
17301504	17301504	5579872	5579936	11534336	798116	10361692	11534336	647076	0	0	424194	0	
17301504	17301504	5579892	5579916	11534336	424312	10735496	11534336	321204	0	0	340081	0	
17301504	17301504	5579904	5579904	11534336	420352	10739456	11534336	348956	0	0	321802	0	
17301504	17301504	5579904	5579904	11534336	797676	10362132	11534336	641296	0	0	456919	0	
17301504	17301504	5579892	5579916	11534336	831056	10328752	11534336	641516	0	0	500754	0	
17301504	17301504	5579896	5579912	11534336	771896	10387912	11534336	647080	0	0	463062	0	
17301504	17301504	5579904	5579904	11534336	768636	10391172	11534336	647080	0	0	417457	0	
17301504	17301504	5579900	5579908	11534336	390952	10768856	11534336	321256	0	0	320439	0	
17301504	17301504	5579892	5579916	11534336	511500	10648308	11534336	399732	0	0	355979	0	
17301504	17301504	5579884	5579924	11534336	735060	10424748	11534336	641404	0	0	450686	0	
17301504	17301504	5579896	5579912	11534336	773560	10386248	11534336	647080	0	0	514262	0	
17301504	17301504	5579900	5579908	11534336	769940	10389868	11534336	647056	0	0	438462	0	
17301504	17301504	5579904	5579904	11534336	458988	10700820	11534336	321240	0	0	336822	0	
17301504	17301504	5579884	5579924	11534336	422052	10737756	11534336	326460	0	0	384579	0	
17301504	17301504	5579900	5579908	11534336	784300	10375508	11534336	641336	0	0	525954	0	
17301504	17301504	5579900	5579908	11534336	794048	10365760	11534336	641332	0	0	587144	0	
17301504	17301504	5579896	5579912	11534336	799060	10360748	11534336	647080	0	0	469514	0	
17301504	17301504	5579888	5579920	11534336	797216	10362592	11534336	647056	0	0	436593	0	
17301504	17301504	5579888	5579920	11534336	417484	10742324	11534336	321196	0	0	310587	0	
17301504	17301504	5579896	5579912	11534336	455368	10704440	11534336	343480	0	0	394072	0	
17301504	17301504	5579900	5579908	11534336	768340	10391468	11534336	641296	0	0	408499	0	
17301504	17301504	5579904	5579904	11534336	795964	10363844	11534336	641520	0	0	498150	0	
17301504	17301504	5579896	5579912	11534336	800592	10359216	11534336	647140	0	0	425677	0	
17301504	17301504	5579896	5579912	11534336	784384	10375424	11534336	647068	0	0	400030	0	
17301504	17301504	5579900	5579908	11534336	426340	10733468	11534336	321216	0	0	330324	0	
17301504	17301504	5579872	5579936	11534336	451232	10708576	11534336	360568	0	0	303088	0	
17301504	17301504	5579900	5579908	11534336	828136	10331672	11534336	641320	0	0	389417	0	
17301504	17301504	5579868	5579940	11534336	779676	10380132	11534336	641404	0	0	420369	0	
17301504	17301504	5579896	5579912	11534336	805852	10353956	11534336	647092	0	0	502967	0	
17301504	17301504	5579904	5579904	11534336	817660	10342148	11534336	647100	0	0	462606	0	
17301504	17301504	5579900	5579908	11534336	412236	10747572	11534336	321184	0	0	336014	0	
17301504	17301504	5579892	5579916	11534336	425752	10734056	11534336	335148	0	0	281140	0	
17301504	17301504	5579892	5579916	11534336	777444	10382364	11534336	641488	0	0	584405	0	
17301504	17301504	5579888	5579920	11534336	797536	10362272	11534336	641480	0	0	386608	0	
17301504	17301504	5579884	5579924	11534336	826624	10333184	11534336	647076	0	0	495989	0	
17301504	17301504	5579888	5579920	11534336	795296	10364512	11534336	647936	0	0	484493	0	
17301504	17301504	5579880	5579928	11534336	396616	10763192	11534336	321968	772	0	440877	0	
17301504	17301504	5579780	5580028	11534336	457780	10702028	11534336	359772	0	0	393548	0	
17301504	17301504	5579896	5579912	11534336	801740	10358068	11534336	641488	0	0	478215	0	
17301504	17301504	5579896	5579912	11534336	814180	10345628	11534336	642772	0	0	508075	0	
17301504	17301504	5579896	5579912	11534336	811684	10348124	11534336	648520	1452	0	462832	0	
17301504	17301504	5579900	5579908	11534336	808044	10351764	11534336	647092	0	0	375950	0	
17301504	17301504	5579896	5579912	11534336	420688	10739120	11534336	321176	0	0	257436	0	
17301504	17301504	5579896	5579912	11534336	419308	10740500	11534336	326384	0	0	310509	0	
17301504	17301504	5579904	5579904	11534336	767052	10392756	11534336	641320	0	0	446918	0	
17301504	17301504	5579896	5579912	11534336	766812	10392996	11534336	641564	0	0	443244	0	
17301504	17301504	5579904	5579904	11534336	797272	10362536	11534336	647092	0	0	462631	0	
17301504	17301504	5579844	5579964	11534336	795184	10364624	11534336	647388	0	0	538434	0	
17301504	17301504	5579904	5579904	11534336	417904	10741904	11534336	321300	0	0	333561	0	
17301504	17301504	5579852	5579956	11534336	454972	10704836	11534336	385408	0	0	389702	0	
17301504	17301504	5579896	5579912	11534336	833976	10325832	11534336	641380	0	0	420961	0	
17301504	17301504	5579884	5579924	11534336	767180	10392628	11534336	641416	0	0	418706	0	
17301504	17301504	5579904	5579904	11534336	766864	10392944	11534336	647080	0	0	474031	0	
17301504	17301504	5579892	5579916	11534336	841048	10318760	11534336	647068	0	0	410941	0	
17301504	17301504	5579880	5579928	11534336	437952	10721856	11534336	321216	0	0	349687	0	
17301504	17301504	5579888	5579920	11534336	453232	10706576	11534336	356832	0	0	343120	0	
17301504	17301504	5579892	5579916	11534336	805504	10354304	11534336	641316	0	0	451186	0	
17301504	17301504	5579904	5579904	11534336	767764	10392044	11534336	641332	0	0	420050	0	
17301504	17301504	5579896	5579912	11534336	796064	10363744	11534336	647056	0	0	463411	0	
17301504	17301504	5579868	5579940	11534336	807620	10352188	11534336	647240	0	0	427217	0	
17301504	17301504	5579884	5579924	11534336	402372	10757436	11534336	321348	0	0	331620	0	
17301504	17301504	5579892	5579916	11534336	459580	10700228	11534336	374392	0	0	362895	0	
17301504	17301504	5579904	5579904	11534336	843048	10316760	11534336	641296	0	0	468903	0	
17301504	17301504	5579896	5579912	11534336	794400	10365408	11534336	642112	0	0	450439	0	
17301504	17301504	5579896	5579912	11534336	839804	10320004	11534336	647884	816	0	431793	0	
17301504	17301504	5579896	5579912	11534336	806052	10353756	11534336	647156	0	0	450695	0	
17301504	17301504	5579888	5579920	11534336	792288	10367520	11534336	647068	0	0	521251	0	
17301504	17301504	5579904	5579904	11534336	390412	10769396	11534336	321296	0	0	307038	0	
17301504	17301504	5579892	5579916	11534336	516576	10643232	11534336	417516	0	0	437932	0	
17301504	17301504	5579904	5579904	11534336	797372	10362436	11534336	641404	0	0	401437	0	
17301504	17301504	5579892	5579916	11534336	783584	10376224	11534336	646916	0	0	501829	0	
17301504	17301504	5579904	5579904	11534336	767980	10391828	11534336	647068	0	0	443347	0	
17301504	17301504	5579888	5579920	11534336	393716	10766092	11534336	321204	0	0	332167	0	
17301504	17301504	5579896	5579912	11534336	469636	10690172	11534336	332220	0	0	356210	0	
17301504	17301504	5579904	5579904	11534336	807188	10352620	11534336	641332	0	0	508598	0	
17301504	17301504	5579896	5579912	11534336	778832	10380976	11534336	641296	0	0	390778	0	
17301504	17301504	5579896	5579912	11534336	797336	10362472	11534336	647124	0	0	556331	0	
17301504	17301504	5579896	5579912	11534336	805116	10354692	11534336	647092	0	0	483469	0	
17301504	17301504	5579892	5579916	11534336	389136	10770672	11534336	321176	0	0	272638	0	
17301504	17301504	5579884	5579924	11534336	406024	10753784	11534336	342072	0	0	311300	0	
17301504	17301504	5579904	5579904	11534336	799860	10359948	11534336	641332	0	0	453607	0	
17301504	17301504	5579828	5579980	11534336	763816	10395992	11534336	641628	0	0	450972	0	
17301504	17301504	5579884	5579924	11534336	798992	10360816	11534336	647056	0	0	417389	0	
17301504	17301504	5579900	5579908	11534336	795104	10364704	11534336	647136	0	0	419997	0	
17301504	17301504	5579892	5579916	11534336	421996	10737812	11534336	321300	0	0	298589	0	
17301504	17301504	5579892	5579916	11534336	551684	10608124	11534336	392732	0	0	320998	0	
17301504	17301504	5579900	5579908	11534336	806348	10353460	11534336	641296	0	0	594204	0	
17301504	17301504	5579904	5579904	11534336	723832	10435976	11534336	641320	0	0	456798	0	
17301504	17301504	5579888	5579920	11534336	764528	10395280	11534336	647056	0	0	397577	0	
17301504	17301504	5579900	5579908	11534336	806436	10353372	11534336	647100	0	0	442404	0	
17301504	17301504	5579892	5579916	11534336	411924	10747884	11534336	321236	0	0	302195	0	
17301504	17301504	5579828	5579980	11534336	540512	10619296	11534336	390472	0	0	373589	0	
17301504	17301504	5579896	5579912	11534336	801612	10358196	11534336	641316	0	0	522489	0	
17301504	17301504	5579896	5579912	11534336	772328	10387480	11534336	641308	0	0	416382	0	
17301504	17301504	5579900	5579908	11534336	773544	10386264	11534336	647092	0	0	447457	0	
17301504	17301504	5579904	5579904	11534336	827040	10332768	11534336	647068	0	0	481375	0	
17301504	17301504	5579880	5579928	11534336	421168	10738640	11534336	321196	0	0	371814	0	
17301504	17301504	5579904	5579904	11534336	459848	10699960	11534336	340544	0	0	354247	0	
17301504	17301504	5579896	5579912	11534336	783900	10375908	11534336	641444	0	0	431459	0	
17301504	17301504	5579896	5579912	11534336	802780	10357028	11534336	641308	0	0	386623	0	
17301504	17301504	5579896	5579912	11534336	802120	10357688	11534336	647056	0	0	432945	0	
17301504	17301504	5579892	5579916	11534336	794512	10365296	11534336	647204	0	0	469620	0	
17301504	17301504	5579876	5579932	11534336	389312	10770496	11534336	321196	0	0	345094	0	
17301504	17301504	5579888	5579920	11534336	452612	10707196	11534336	360228	0	0	302132	0	
17301504	17301504	5579876	5579932	11534336	787548	10372260	11534336	641296	0	0	476870	0	
17301504	17301504	5579896	5579912	11534336	730536	10429272	11534336	641496	0	0	420101	0	
17301504	17301504	5579896	5579912	11534336	843772	10316036	11534336	647056	0	0	431078	0	
17301504	17301504	5579892	5579916	11534336	807252	10352556	11534336	647280	0	0	408593	0	
17301504	17301504	5579896	5579912	11534336	384736	10775072	11534336	321224	0	0	292593	0	
17301504	17301504	5579884	5579924	11534336	518516	10641292	11534336	396960	0	0	367462	0	
17301504	17301504	5579892	5579916	11534336	767100	10392708	11534336	641488	0	0	450135	0	
17301504	17301504	5579864	5579944	11534336	794208	10365600	11534336	641824	0	0	510078	0	
17301504	17301504	5579904	5579904	11534336	779436	10380372	11534336	647068	0	0	458343	0	
17301504	17301504	5579888	5579920	11534336	803968	10355840	11534336	647168	0	0	423996	0	
17301504	17301504	5579896	5579912	11534336	452160	10707648	11534336	321256	0	0	339179	0	
17301504	17301504	5579872	5579936	11534336	430000	10729808	11534336	361460	0	0	435662	0	
17301504	17301504	5579888	5579920	11534336	802324	10357484	11534336	641380	0	0	428651	0	
17301504	17301504	5579896	5579912	11534336	768308	10391500	11534336	641568	0	0	386890	0	
17301504	17301504	5579872	5579936	11534336	804940	10354868	11534336	647096	0	0	452377	0	
17301504	17301504	5579888	5579920	11534336	808112	10351696	11534336	647144	0	0	499140	0	
17301504	17301504	5579892	5579916	11534336	425236	10734572	11534336	321224	0	0	313741	0	
17301504	17301504	5579872	5579936	11534336	469216	10690592	11534336	376768	0	0	327101	0	
17301504	17301504	5579896	5579912	11534336	798416	10361392	11534336	641308	0	0	440824	0	
17301504	17301504	5579904	5579904	11534336	766672	10393136	11534336	641416	0	0	418503	0	
17301504	17301504	5579904	5579904	11534336	798432	10361376	11534336	647080	0	0	534278	0	
17301504	17301504	5579812	5579996	11534336	799268	10360540	11534336	649080	0	0	524256	0	
17301504	17301504	5579900	5579908	11534336	433560	10726248	11534336	323016	1692	0	326937	0	
17301504	17301504	5579828	5579980	11534336	511688	10648120	11534336	373452	0	0	405383	0	
17301504	17301504	5579896	5579912	11534336	802492	10357316	11534336	641316	0	0	447960	0	
17301504	17301504	5579904	5579904	11534336	761668	10398140	11534336	641332	0	0	413394	0	
17301504	17301504	5579896	5579912	11534336	839744	10320064	11534336	647076	0	0	472277	0	
17301504	17301504	5579896	5579912	11534336	777672	10382136	11534336	647080	0	0	522825	0	
17301504	17301504	5579888	5579920	11534336	387532	10772276	11534336	321260	0	0	328052	0	
17301504	17301504	5579900	5579908	11534336	507640	10652168	11534336	362276	0	0	333946	0	
17301504	17301504	5579900	5579908	11534336	766128	10393680	11534336	641296	0	0	438981	0	
17301504	17301504	5579896	5579912	11534336	802664	10357144	11534336	641320	0	0	437210	0	
17301504	17301504	5579900	5579908	11534336	810608	10349200	11534336	647056	0	0	412754	0	
17301504	17301504	5579880	5579928	11534336	799632	10360176	11534336	647096	0	0	469040	0	
17301504	17301504	5579900	5579908	11534336	390180	10769628	11534336	321248	0	0	293573	0	
17301504	17301504	5579848	5579960	11534336	474160	10685648	11534336	353152	0	0	355260	0	
17301504	17301504	5579900	5579908	11534336	799692	10360116	11534336	641308	0	0	458309	0	
17301504	17301504	5579888	5579920	11534336	803256	10356552	11534336	641296	0	0	379602	0	
17301504	17301504	5579880	5579928	11534336	796340	10363468	11534336	647100	0	0	486566	0	
17301504	17301504	5579896	5579912	11534336	829840	10329968	11534336	647056	0	0	451276	0	
17301504	17301504	5579888	5579920	11534336	431684	10728124	11534336	321164	0	0	317766	0	
17301504	17301504	5579900	5579908	11534336	422080	10737728	11534336	326376	0	0	344421	0	
17301504	17301504	5579904	5579904	11534336	836976	10322832	11534336	641296	0	0	478288	0	
17301504	17301504	5579904	5579904	11534336	777232	10382576	11534336	641332	0	0	524275	0	
17301504	17301504	5579896	5579912	11534336	767916	10391892	11534336	647304	0	0	449009	0	
17301504	17301504	5579896	5579912	11534336	809912	10349896	11534336	647088	0	0	525652	0	
17301504	17301504	5579892	5579916	11534336	385724	10774084	11534336	321240	0	0	342319	0	
17301504	17301504	5579848	5579960	11534336	396520	10763288	11534336	348156	0	0	380818	0	
17301504	17301504	5579904	5579904	11534336	831732	10328076	11534336	641308	0	0	413990	0	
17301504	17301504	5579896	5579912	11534336	845124	10314684	11534336	641392	0	0	440646	0	
17301504	17301504	5579904	5579904	11534336	844676	10315132	11534336	647056	0	0	432261	0	
17301504	17301504	5579896	5579912	11534336	796752	10363056	11534336	647076	0	0	538038	0	
17301504	17301504	5579900	5579908	11534336	729200	10430608	11534336	647156	0	0	402207	0	
17301504	17301504	5579888	5579920	11534336	382376	10777432	11534336	325476	0	0	369033	0	
17301504	17301504	5579876	5579932	11534336	610852	10548956	11534336	470248	0	0	370555	0	
17301504	17301504	5579876	5579932	11534336	798516	10361292	11534336	641404	0	0	442319	0	
17301504	17301504	5579896	5579912	11534336	794408	10365400	11534336	641296	0	0	528039	0	
17301504	17301504	5579892	5579916	11534336	831976	10327832	11534336	647140	0	0	445373	0	
17301504	17301504	5579884	5579924	11534336	804124	10355684	11534336	647164	0	0	402979	0	
17301504	17301504	5579864	5579944	11534336	423908	10735900	11534336	321332	0	0	339789	0	
17301504	17301504	5579884	5579924	11534336	401216	10758592	11534336	329744	0	0	389635	0	
17301504	17301504	5579900	5579908	11534336	804500	10355308	11534336	641320	0	0	403632	0	
17301504	17301504	5579864	5579944	11534336	797552	10362256	11534336	641412	0	0	545331	0	
17301504	17301504	5579896	5579912	11534336	812484	10347324	11534336	647248	0	0	437019	0	
17301504	17301504	5579896	5579912	11534336	807980	10351828	11534336	647144	0	0	549692	0	
17301504	17301504	5579888	5579920	11534336	433200	10726608	11534336	321316	0	0	370763	0	
17301504	17301504	5579772	5580036	11534336	446528	10713280	11534336	334436	0	0	348940	0	
17301504	17301504	5579896	5579912	11534336	796208	10363600	11534336	641320	0	0	472178	0	
17301504	17301504	5579904	5579904	11534336	802176	10357632	11534336	641328	0	0	493863	0	
17301504	17301504	5579888	5579920	11534336	774128	10385680	11534336	647100	0	0	426318	0	
17301504	17301504	5579900	5579908	11534336	774720	10385088	11534336	647100	0	0	438195	0	
17301504	17301504	5579888	5579920	11534336	385892	10773916	11534336	321216	0	0	312157	0	
17301504	17301504	5579892	5579916	11534336	518248	10641560	11534336	390472	0	0	331703	0	
