b_initial_y_size_0	b_max_y_size_1	b_used_2	b_available_3	b_committed_4	a_used_5	a_available_6	a_committed_7	a_survived_8	a_promoted_9	a_copied_10	a_time_in_ns_11	promotion_rate_12
37748736	37748736	12174320	12174352	25165824	140804	24207868	25165824	152312	74100	0	413712	38	
37748736	37748736	12174324	12174348	25165824	217420	24131252	25165824	186456	692	0	379786	0	
37748736	37748736	12174324	12174348	25165824	641496	23707176	25165824	514056	720	0	623254	0	
37748736	37748736	12174324	12174348	25165824	646108	23702564	25165824	517060	64	0	733595	0	
37748736	37748736	12174324	12174348	25165824	643476	23705196	25165824	525352	24	0	811117	0	
37748736	37748736	12174324	12174348	25165824	671904	23676768	25165824	526472	0	0	654321	0	
37748736	37748736	12174304	12174368	25165824	625748	23722924	25165824	522232	1320	0	726271	0	
37748736	37748736	12174324	12174348	25165824	687704	23660968	25165824	559228	0	0	630694	0	
37748736	37748736	12174324	12174348	25165824	634068	23714604	25165824	531568	0	0	695717	0	
37748736	37748736	12174324	12174348	25165824	630020	23718652	25165824	542068	256	0	732460	0	
37748736	37748736	12174324	12174348	25165824	663136	23685536	25165824	548772	0	0	700009	0	
37748736	37748736	12174324	12174348	25165824	761956	23586716	25165824	557876	0	0	639364	0	
37748736	37748736	12174324	12174348	25165824	685024	23663648	25165824	515048	0	0	655652	0	
37748736	37748736	12174324	12174348	25165824	632168	23716504	25165824	527720	888	0	660890	0	
37748736	37748736	12174324	12174348	25165824	650916	23697756	25165824	524284	72	0	708581	0	
37748736	37748736	12174304	12174368	25165824	679964	23668708	25165824	532412	0	0	571247	0	
37748736	37748736	12174324	12174348	25165824	651316	23697356	25165824	524572	0	0	636723	0	
37748736	37748736	12174324	12174348	25165824	621100	23727572	25165824	532572	0	0	645770	0	
37748736	37748736	12174324	12174348	25165824	631540	23717132	25165824	547292	0	0	676011	0	
37748736	37748736	12174324	12174348	25165824	641748	23706924	25165824	547132	0	0	651784	0	
37748736	37748736	12174324	12174348	25165824	712072	23636600	25165824	546072	0	0	667169	0	
37748736	37748736	12174324	12174348	25165824	679784	23668888	25165824	546932	0	0	693411	0	
37748736	37748736	12174324	12174348	25165824	681656	23667016	25165824	545912	0	0	694492	0	
37748736	37748736	12174304	12174368	25165824	716012	23632660	25165824	540932	0	0	733115	0	
37748736	37748736	12174324	12174348	25165824	708612	23640060	25165824	517952	0	0	661380	0	
37748736	37748736	12174324	12174348	25165824	633528	23715144	25165824	513092	0	0	685711	0	
37748736	37748736	12174324	12174348	25165824	626188	23722484	25165824	517972	0	0	711226	0	
37748736	37748736	12174324	12174348	25165824	683144	23665528	25165824	533232	0	0	597052	0	
37748736	37748736	12174324	12174348	25165824	646356	23702316	25165824	525932	0	0	610989	0	
37748736	37748736	12174324	12174348	25165824	675524	23673148	25165824	534372	0	0	698494	0	
37748736	37748736	12174324	12174348	25165824	681004	23667668	25165824	530852	0	0	593710	0	
37748736	37748736	12174324	12174348	25165824	655716	23692956	25165824	522032	0	0	665173	0	
37748736	37748736	12174304	12174368	25165824	656076	23692596	25165824	528632	0	0	616260	0	
37748736	37748736	12174304	12174368	25165824	651568	23697104	25165824	533532	0	0	569647	0	
37748736	37748736	12174304	12174368	25165824	731072	23617600	25165824	538512	0	0	709146	0	
37748736	37748736	12174324	12174348	25165824	666356	23682316	25165824	518512	0	0	595499	0	
37748736	37748736	12174324	12174348	25165824	646388	23702284	25165824	518292	0	0	564257	0	
37748736	37748736	12174324	12174348	25165824	677544	23671128	25165824	512412	0	0	696745	0	
37748736	37748736	12174324	12174348	25165824	613288	23735384	25165824	513812	0	0	670860	0	
37748736	37748736	12174324	12174348	25165824	686564	23662108	25165824	535992	0	0	611031	0	
37748736	37748736	12174324	12174348	25165824	672064	23676608	25165824	534220	0	0	581740	0	
37748736	37748736	12174324	12174348	25165824	618108	23730564	25165824	522632	0	0	609327	0	
37748736	37748736	12174324	12174348	25165824	723472	23625200	25165824	542412	600	0	660641	0	
37748736	37748736	12174324	12174348	25165824	636468	23712204	25165824	515104	0	0	599288	0	
37748736	37748736	12174324	12174348	25165824	650476	23698196	25165824	533344	552	0	640849	0	
37748736	37748736	12174324	12174348	25165824	704952	23643720	25165824	538672	0	0	633773	0	
37748736	37748736	12174324	12174348	25165824	642268	23706404	25165824	518332	0	0	764976	0	
37748736	37748736	12174304	12174368	25165824	659296	23689376	25165824	532412	0	0	622759	0	
37748736	37748736	12174324	12174348	25165824	646756	23701916	25165824	533912	0	0	591135	0	
37748736	37748736	12174324	12174348	25165824	648736	23699936	25165824	540132	0	0	569925	0	
37748736	37748736	12174324	12174348	25165824	705272	23643400	25165824	545912	0	0	648558	0	
37748736	37748736	12174324	12174348	25165824	719364	23629308	25165824	531792	0	0	662754	0	
37748736	37748736	12174304	12174368	25165824	644436	23704236	25165824	518112	0	0	584148	0	
37748736	37748736	12174324	12174348	25165824	619608	23729064	25165824	514112	0	0	634614	0	
37748736	37748736	12174324	12174348	25165824	657316	23691356	25165824	534572	0	0	707187	0	
37748736	37748736	12174304	12174368	25165824	641456	23707216	25165824	539932	0	0	620256	0	
37748736	37748736	12174324	12174348	25165824	661856	23686816	25165824	542612	0	0	619050	0	
37748736	37748736	12174324	12174348	25165824	646536	23702136	25165824	545172	0	0	647519	0	
37748736	37748736	12174324	12174348	25165824	688424	23660248	25165824	553492	0	0	617403	0	
37748736	37748736	12174324	12174348	25165824	674436	23674236	25165824	542912	0	0	646383	0	
37748736	37748736	12174324	12174348	25165824	644976	23703696	25165824	546352	0	0	595251	0	
37748736	37748736	12174324	12174348	25165824	681104	23667568	25165824	549252	0	0	607452	0	
37748736	37748736	12174324	12174348	25165824	619948	23728724	25165824	548652	0	0	645322	0	
37748736	37748736	12174324	12174348	25165824	683404	23665268	25165824	554552	0	0	713739	0	
37748736	37748736	12174324	12174348	25165824	697324	23651348	25165824	553572	0	0	618872	0	
37748736	37748736	12174324	12174348	25165824	681384	23667288	25165824	546492	0	0	747985	0	
37748736	37748736	12174324	12174348	25165824	667956	23680716	25165824	541732	0	0	708052	0	
37748736	37748736	12174324	12174348	25165824	675804	23672868	25165824	540132	0	0	560170	0	
37748736	37748736	12174324	12174348	25165824	725712	23622960	25165824	538472	0	0	661954	0	
37748736	37748736	12174304	12174368	25165824	644316	23704356	25165824	512892	0	0	607916	0	
37748736	37748736	12174324	12174348	25165824	683944	23664728	25165824	518492	0	0	704169	0	
37748736	37748736	12174324	12174348	25165824	667116	23681556	25165824	514612	0	0	604108	0	
37748736	37748736	12174324	12174348	25165824	648196	23700476	25165824	513712	0	0	697270	0	
37748736	37748736	12174324	12174348	25165824	646976	23701696	25165824	516672	0	0	616329	0	
37748736	37748736	12174324	12174348	25165824	649836	23698836	25165824	529512	0	0	565610	0	
37748736	37748736	12174324	12174348	25165824	680384	23668288	25165824	535672	0	0	580137	0	
37748736	37748736	12174324	12174348	25165824	648216	23700456	25165824	530112	0	0	616139	0	
37748736	37748736	12174304	12174368	25165824	644436	23704236	25165824	536092	0	0	644103	0	
37748736	37748736	12174324	12174348	25165824	673156	23675516	25165824	543972	0	0	725183	0	
37748736	37748736	12174324	12174348	25165824	680684	23667988	25165824	540312	0	0	588764	0	
37748736	37748736	12174324	12174348	25165824	626028	23722644	25165824	535452	0	0	692720	0	
37748736	37748736	12174324	12174348	25165824	667696	23680976	25165824	543272	0	0	622430	0	
37748736	37748736	12174324	12174348	25165824	665176	23683496	25165824	542032	0	0	667350	0	
37748736	37748736	12174324	12174348	25165824	764316	23584356	25165824	542392	0	0	616898	0	
37748736	37748736	12174324	12174348	25165824	641288	23707384	25165824	518612	0	0	662684	0	
37748736	37748736	12174324	12174348	25165824	653176	23695496	25165824	516892	0	0	643134	0	
37748736	37748736	12174324	12174348	25165824	627688	23720984	25165824	525932	0	0	549999	0	
37748736	37748736	12174324	12174348	25165824	647816	23700856	25165824	540312	0	0	664057	0	
37748736	37748736	12174328	12174344	25165824	623268	23725404	25165824	546976	0	0	633553	0	
37748736	37748736	12174324	12174348	25165824	694644	23654028	25165824	551876	744	0	592811	0	
37748736	37748736	12174324	12174348	25165824	678924	23669748	25165824	546932	0	0	718809	0	
37748736	37748736	12174324	12174348	25165824	700184	23648488	25165824	546492	0	0	647753	0	
37748736	37748736	12174324	12174348	25165824	675844	23672828	25165824	535492	0	0	628941	0	
37748736	37748736	12174324	12174348	25165824	679884	23668788	25165824	531892	0	0	664350	0	
37748736	37748736	12174324	12174348	25165824	681384	23667288	25165824	524192	0	0	644767	0	
37748736	37748736	12174324	12174348	25165824	652976	23695696	25165824	512372	0	0	682088	0	
37748736	37748736	12174324	12174348	25165824	641796	23706876	25165824	521912	0	0	617293	0	
37748736	37748736	12174324	12174348	25165824	691504	23657168	25165824	533552	0	0	642141	0	
37748736	37748736	12174324	12174348	25165824	628648	23720024	25165824	520832	0	0	577284	0	
37748736	37748736	12174324	12174348	25165824	668436	23680236	25165824	535820	0	0	634647	0	
37748736	37748736	12174324	12174348	25165824	678744	23669928	25165824	538660	888	0	619531	0	
37748736	37748736	12174304	12174368	25165824	663696	23684976	25165824	533532	0	0	725374	0	
37748736	37748736	12174324	12174348	25165824	665016	23683656	25165824	532472	0	0	676704	0	
37748736	37748736	12174324	12174348	25165824	723972	23624700	25165824	532712	680	0	625163	0	
37748736	37748736	12174324	12174348	25165824	658388	23690284	25165824	516312	0	0	605071	0	
37748736	37748736	12174324	12174348	25165824	657636	23691036	25165824	519892	0	0	579987	0	
37748736	37748736	12174324	12174348	25165824	640868	23707804	25165824	515972	0	0	633907	0	
37748736	37748736	12174304	12174368	25165824	659376	23689296	25165824	524412	0	0	594545	0	
37748736	37748736	12174304	12174368	25165824	644588	23704084	25165824	528632	0	0	606876	0	
37748736	37748736	12174324	12174348	25165824	665976	23682696	25165824	537144	0	0	645906	0	
37748736	37748736	12174324	12174348	25165824	641048	23707624	25165824	536944	492	0	638911	0	
37748736	37748736	12174324	12174348	25165824	655148	23693524	25165824	543612	0	0	673892	0	
37748736	37748736	12174324	12174348	25165824	641696	23706976	25165824	544332	0	0	664684	0	
37748736	37748736	12174324	12174348	25165824	700144	23648528	25165824	552732	0	0	627374	0	
37748736	37748736	12174324	12174348	25165824	689824	23658848	25165824	543800	0	0	636694	0	
37748736	37748736	12174324	12174348	25165824	656288	23692384	25165824	537020	28	0	768590	0	
37748736	37748736	12174304	12174368	25165824	664416	23684256	25165824	538512	0	0	604469	0	
37748736	37748736	12174324	12174348	25165824	665336	23683336	25165824	539512	0	0	694721	0	
37748736	37748736	12174324	12174348	25165824	687064	23661608	25165824	539924	0	0	565046	0	
37748736	37748736	12174324	12174348	25165824	678144	23670528	25165824	532004	492	0	683845	0	
37748736	37748736	12174324	12174348	25165824	706632	23642040	25165824	527592	0	0	657752	0	
37748736	37748736	12174304	12174368	25165824	634000	23714672	25165824	518112	0	0	648425	0	
37748736	37748736	12174324	12174348	25165824	640636	23708036	25165824	521212	0	0	662832	0	
37748736	37748736	12174324	12174348	25165824	679044	23669628	25165824	533712	0	0	659758	0	
37748736	37748736	12174324	12174348	25165824	673604	23675068	25165824	529352	0	0	678315	0	
37748736	37748736	12174324	12174348	25165824	674544	23674128	25165824	524212	0	0	643239	0	
37748736	37748736	12174324	12174348	25165824	678264	23670408	25165824	517952	0	0	711952	0	
37748736	37748736	12174324	12174348	25165824	688164	23660508	25165824	516812	0	0	627446	0	
37748736	37748736	12174324	12174348	25165824	665896	23682776	25165824	514132	0	0	618205	0	
37748736	37748736	12174324	12174348	25165824	616408	23732264	25165824	513932	0	0	609898	0	
37748736	37748736	12174324	12174348	25165824	648956	23699716	25165824	527792	0	0	585685	0	
37748736	37748736	12174324	12174348	25165824	672756	23675916	25165824	534452	0	0	669190	0	
37748736	37748736	12174324	12174348	25165824	681064	23667608	25165824	532572	0	0	635116	0	
37748736	37748736	12174324	12174348	25165824	660076	23688596	25165824	524212	0	0	571887	0	
37748736	37748736	12174324	12174348	25165824	620580	23728092	25165824	528072	0	0	661000	0	
37748736	37748736	12174324	12174348	25165824	717632	23631040	25165824	543032	0	0	588044	0	
37748736	37748736	12174324	12174348	25165824	638468	23710204	25165824	523632	0	0	584537	0	
37748736	37748736	12174304	12174368	25165824	663056	23685616	25165824	535892	0	0	660235	0	
37748736	37748736	12174324	12174348	25165824	652976	23695696	25165824	537492	0	0	699201	0	
37748736	37748736	12174324	12174348	25165824	694504	23654168	25165824	541092	0	0	618020	0	
37748736	37748736	12174324	12174348	25165824	654256	23694416	25165824	531272	0	0	642468	0	
37748736	37748736	12174324	12174348	25165824	637148	23711524	25165824	535972	0	0	649544	0	
37748736	37748736	12174324	12174348	25165824	670096	23678576	25165824	544412	0	0	620746	0	
37748736	37748736	12174324	12174348	25165824	644996	23703676	25165824	541652	0	0	540143	0	
37748736	37748736	12174324	12174348	25165824	646156	23702516	25165824	545912	0	0	597088	0	
37748736	37748736	12174324	12174348	25165824	664776	23683896	25165824	553192	0	0	631787	0	
37748736	37748736	12174324	12174348	25165824	675024	23673648	25165824	553732	0	0	631432	0	
37748736	37748736	12174324	12174348	25165824	639288	23709384	25165824	549132	0	0	600510	0	
37748736	37748736	12174324	12174348	25165824	716912	23631760	25165824	554452	0	0	618430	0	
37748736	37748736	12174324	12174348	25165824	638728	23709944	25165824	546352	0	0	685789	0	
37748736	37748736	12174324	12174348	25165824	675816	23672856	25165824	550472	0	0	652936	0	
37748736	37748736	12174324	12174348	25165824	695284	23653388	25165824	548032	0	0	638609	0	
37748736	37748736	12174304	12174368	25165824	647836	23700836	25165824	541092	0	0	690563	0	
37748736	37748736	12174304	12174368	25165824	675324	23673348	25165824	548492	0	0	612757	0	
37748736	37748736	12174324	12174348	25165824	674324	23674348	25165824	543652	0	0	542794	0	
37748736	37748736	12174324	12174348	25165824	682044	23666628	25165824	540972	0	0	598930	0	
37748736	37748736	12174324	12174348	25165824	718212	23630460	25165824	536212	0	0	611624	0	
37748736	37748736	12174324	12174348	25165824	625428	23723244	25165824	515272	0	0	619398	0	
37748736	37748736	12174304	12174368	25165824	685464	23663208	25165824	532412	0	0	563596	0	
37748736	37748736	12174304	12174368	25165824	639336	23709336	25165824	520912	0	0	592299	0	
37748736	37748736	12174324	12174348	25165824	688444	23660228	25165824	533972	0	0	672300	0	
37748736	37748736	12174324	12174348	25165824	672904	23675768	25165824	523512	0	0	629676	0	
37748736	37748736	12174324	12174348	25165824	637428	23711244	25165824	518452	0	0	698642	0	
37748736	37748736	12174324	12174348	25165824	683084	23665588	25165824	533292	0	0	680304	0	
37748736	37748736	12174324	12174348	25165824	642936	23705736	25165824	525972	0	0	628430	0	
37748736	37748736	12174324	12174348	25165824	651256	23697416	25165824	536672	0	0	675005	0	
37748736	37748736	12174324	12174348	25165824	640748	23707924	25165824	539912	0	0	789243	0	
37748736	37748736	12174324	12174348	25165824	695424	23653248	25165824	543032	0	0	720747	0	
37748736	37748736	12174304	12174368	25165824	656056	23692616	25165824	537132	0	0	632115	0	
37748736	37748736	12174304	12174368	25165824	663676	23684996	25165824	541972	0	0	639866	0	
37748736	37748736	12174324	12174348	25165824	712092	23636580	25165824	543352	0	0	761530	0	
37748736	37748736	12174324	12174348	25165824	611808	23736864	25165824	524572	0	0	597813	0	
37748736	37748736	12174324	12174348	25165824	697444	23651228	25165824	545272	0	0	718001	0	
37748736	37748736	12174324	12174348	25165824	657908	23690764	25165824	534832	0	0	706096	0	
37748736	37748736	12174324	12174348	25165824	669116	23679556	25165824	538672	0	0	773586	0	
37748736	37748736	12174324	12174348	25165824	704192	23644480	25165824	536572	0	0	585529	0	
37748736	37748736	12174324	12174348	25165824	642188	23706484	25165824	516512	0	0	619259	0	
37748736	37748736	12174304	12174368	25165824	704212	23644460	25165824	530952	0	0	607045	0	
37748736	37748736	12174324	12174348	25165824	676116	23672556	25165824	514832	0	0	747217	0	
37748736	37748736	12174304	12174368	25165824	638288	23710384	25165824	517312	0	0	595018	0	
37748736	37748736	12174324	12174348	25165824	672444	23676228	25165824	517552	0	0	713832	0	
37748736	37748736	12174324	12174348	25165824	678444	23670228	25165824	512632	0	0	645392	0	
37748736	37748736	12174324	12174348	25165824	647228	23701444	25165824	513432	0	0	587821	0	
37748736	37748736	12174304	12174368	25165824	630828	23717844	25165824	516772	0	0	613774	0	
37748736	37748736	12174324	12174348	25165824	710884	23637788	25165824	536052	0	0	624680	0	
37748736	37748736	12174304	12174368	25165824	618348	23730324	25165824	517232	0	0	632551	0	
37748736	37748736	12174324	12174348	25165824	664416	23684256	25165824	536212	0	0	675179	0	
37748736	37748736	12174324	12174348	25165824	652508	23696164	25165824	537052	0	0	588454	0	
37748736	37748736	12174324	12174348	25165824	652696	23695976	25165824	540972	0	0	635422	0	
37748736	37748736	12174324	12174348	25165824	624328	23724344	25165824	545272	0	0	619987	0	
37748736	37748736	12174324	12174348	25165824	681744	23666928	25165824	548452	0	0	672768	0	
37748736	37748736	12174324	12174348	25165824	689384	23659288	25165824	548612	0	0	634794	0	
37748736	37748736	12174324	12174348	25165824	681876	23666796	25165824	546352	0	0	645029	0	
37748736	37748736	12174304	12174368	25165824	631848	23716824	25165824	539932	0	0	595532	0	
37748736	37748736	12174324	12174348	25165824	647596	23701076	25165824	547512	0	0	637288	0	
37748736	37748736	12174304	12174368	25165824	708432	23640240	25165824	555112	0	0	693634	0	
37748736	37748736	12174324	12174348	25165824	679404	23669268	25165824	542172	0	0	741978	0	
37748736	37748736	12174324	12174348	25165824	674076	23674596	25165824	537332	0	0	575285	0	
37748736	37748736	12174324	12174348	25165824	663856	23684816	25165824	536692	0	0	622891	0	
37748736	37748736	12174324	12174348	25165824	634988	23713684	25165824	537772	0	0	650192	0	
37748736	37748736	12174324	12174348	25165824	639608	23709064	25165824	547492	0	0	709751	0	
37748736	37748736	12174324	12174348	25165824	631240	23717432	25165824	552552	0	0	613812	0	
37748736	37748736	12174304	12174368	25165824	711532	23637140	25165824	547812	0	0	726884	0	
37748736	37748736	12174304	12174368	25165824	666256	23682416	25165824	547912	0	0	609022	0	
37748736	37748736	12174304	12174368	25165824	674344	23674328	25165824	547752	0	0	582258	0	
37748736	37748736	12174324	12174348	25165824	678684	23669988	25165824	543552	0	0	687676	0	
37748736	37748736	12174324	12174348	25165824	666416	23682256	25165824	544212	0	0	656331	0	
37748736	37748736	12174324	12174348	25165824	689144	23659528	25165824	543772	0	0	609321	0	
37748736	37748736	12174304	12174368	25165824	674536	23674136	25165824	537312	0	0	598838	0	
37748736	37748736	12174324	12174348	25165824	685364	23663308	25165824	533292	0	0	715803	0	
37748736	37748736	12174304	12174368	25165824	641096	23707576	25165824	524412	0	0	600203	0	
37748736	37748736	12174324	12174348	25165824	656916	23691756	25165824	536192	0	0	651561	0	
37748736	37748736	12174324	12174348	25165824	673476	23675196	25165824	536112	0	0	636419	0	
37748736	37748736	12174324	12174348	25165824	629720	23718952	25165824	535832	0	0	610644	0	
37748736	37748736	12174324	12174348	25165824	680316	23668356	25165824	549032	0	0	708074	0	
37748736	37748736	12174324	12174348	25165824	684784	23663888	25165824	543612	0	0	685306	0	
37748736	37748736	12174324	12174348	25165824	682304	23666368	25165824	537312	0	0	591922	0	
37748736	37748736	12174324	12174348	25165824	672864	23675808	25165824	530812	0	0	669783	0	
37748736	37748736	12174324	12174348	25165824	669276	23679396	25165824	527452	0	0	763644	0	
37748736	37748736	12174324	12174348	25165824	664616	23684056	25165824	525252	0	0	690814	0	
37748736	37748736	12174324	12174348	25165824	671864	23676808	25165824	525932	0	0	593354	0	
37748736	37748736	12174324	12174348	25165824	684344	23664328	25165824	522548	0	0	573693	0	
37748736	37748736	12174304	12174368	25165824	676684	23671988	25165824	516372	0	0	617147	0	
37748736	37748736	12174324	12174348	25165824	650228	23698444	25165824	519772	360	0	571160	0	
37748736	37748736	12174324	12174348	25165824	661816	23686856	25165824	518972	0	0	597855	0	
37748736	37748736	12174324	12174348	25165824	650876	23697796	25165824	514312	0	0	681054	0	
37748736	37748736	12174324	12174348	25165824	674744	23673928	25165824	524572	0	0	637703	0	
37748736	37748736	12174324	12174348	25165824	633868	23714804	25165824	518412	0	0	699582	0	
37748736	37748736	12174324	12174348	25165824	665396	23683276	25165824	535256	0	0	635213	0	
37748736	37748736	12174324	12174348	25165824	663956	23684716	25165824	535456	324	0	635258	0	
37748736	37748736	12174324	12174348	25165824	708212	23640460	25165824	536392	0	0	617779	0	
37748736	37748736	12174324	12174348	25165824	611808	23736864	25165824	511712	0	0	618855	0	
37748736	37748736	12174324	12174348	25165824	678924	23669748	25165824	537972	0	0	737522	0	
37748736	37748736	12174324	12174348	25165824	614520	23734152	25165824	535032	0	0	732844	0	
37748736	37748736	12174324	12174348	25165824	673568	23675104	25165824	547832	0	0	728231	0	
37748736	37748736	12174324	12174348	25165824	698684	23649988	25165824	544032	0	0	643964	0	
37748736	37748736	12174324	12174348	25165824	647956	23700716	25165824	535932	0	0	662788	0	
37748736	37748736	12174324	12174348	25165824	677924	23670748	25165824	543292	0	0	641648	0	
37748736	37748736	12174324	12174348	25165824	683144	23665528	25165824	539492	0	0	609922	0	
37748736	37748736	12174324	12174348	25165824	709112	23639560	25165824	534072	0	0	639664	0	
37748736	37748736	12174324	12174348	25165824	629568	23719104	25165824	516552	0	0	602519	0	
37748736	37748736	12174324	12174348	25165824	673664	23675008	25165824	532112	0	0	753252	0	
37748736	37748736	12174304	12174368	25165824	706432	23642240	25165824	528372	0	0	629617	0	
37748736	37748736	12174324	12174348	25165824	615472	23733200	25165824	518672	0	0	663169	0	
37748736	37748736	12174324	12174348	25165824	705332	23643340	25165824	533232	0	0	560520	0	
37748736	37748736	12174324	12174348	25165824	648076	23700596	25165824	516512	0	0	706989	0	
37748736	37748736	12174324	12174348	25165824	638796	23709876	25165824	520112	0	0	603245	0	
37748736	37748736	12174324	12174348	25165824	679524	23669148	25165824	533552	0	0	590313	0	
37748736	37748736	12174304	12174368	25165824	658376	23690296	25165824	528632	0	0	615167	0	
37748736	37748736	12174324	12174348	25165824	639568	23709104	25165824	532132	0	0	636496	0	
37748736	37748736	12174304	12174368	25165824	645396	23703276	25165824	539932	0	0	699919	0	
37748736	37748736	12174324	12174348	25165824	645948	23702724	25165824	547772	0	0	677568	0	
37748736	37748736	12174304	12174368	25165824	668716	23679956	25165824	548672	0	0	639442	0	
37748736	37748736	12174324	12174348	25165824	663748	23684924	25165824	549212	0	0	634119	0	
37748736	37748736	12174324	12174348	25165824	709672	23639000	25165824	550512	0	0	615893	0	
37748736	37748736	12174324	12174348	25165824	642576	23706096	25165824	536832	0	0	652462	0	
37748736	37748736	12174324	12174348	25165824	717592	23631080	25165824	546232	0	0	645205	0	
37748736	37748736	12174324	12174348	25165824	623188	23725484	25165824	528412	0	0	627198	0	
37748736	37748736	12174324	12174348	25165824	632188	23716484	25165824	541512	0	0	654797	0	
37748736	37748736	12174324	12174348	25165824	665956	23682716	25165824	550032	0	0	617129	0	
37748736	37748736	12174324	12174348	25165824	678364	23670308	25165824	549772	0	0	699115	0	
37748736	37748736	12174324	12174348	25165824	676284	23672388	25165824	545532	0	0	648280	0	
37748736	37748736	12174304	12174368	25165824	729032	23619640	25165824	546832	0	0	604135	0	
37748736	37748736	12174324	12174348	25165824	657196	23691476	25165824	520912	0	0	601715	0	
37748736	37748736	12174324	12174348	25165824	709772	23638900	25165824	526792	0	0	702661	0	
37748736	37748736	12174324	12174348	25165824	641248	23707424	25165824	516192	0	0	672482	0	
37748736	37748736	12174324	12174348	25165824	649216	23699456	25165824	512692	0	0	604893	0	
37748736	37748736	12174324	12174348	25165824	647716	23700956	25165824	524572	0	0	622036	0	
37748736	37748736	12174324	12174348	25165824	651856	23696816	25165824	532292	0	0	664901	0	
37748736	37748736	12174324	12174348	25165824	634428	23714244	25165824	535372	0	0	627051	0	
37748736	37748736	12174304	12174368	25165824	690904	23657768	25165824	542332	0	0	639857	0	
37748736	37748736	12174324	12174348	25165824	609208	23739464	25165824	539092	0	0	584310	0	
37748736	37748736	12174324	12174348	25165824	686564	23662108	25165824	547792	0	0	733534	0	
37748736	37748736	12174324	12174348	25165824	666176	23682496	25165824	547652	0	0	613909	0	
37748736	37748736	12174324	12174348	25165824	684104	23664568	25165824	548632	0	0	610300	0	
37748736	37748736	12174304	12174368	25165824	670396	23678276	25165824	545872	0	0	649684	0	
37748736	37748736	12174304	12174368	25165824	699184	23649488	25165824	542992	0	0	743809	0	
37748736	37748736	12174324	12174348	25165824	656616	23692056	25165824	534072	0	0	597510	0	
37748736	37748736	12174304	12174368	25165824	671184	23677488	25165824	535892	0	0	606186	0	
37748736	37748736	12174324	12174348	25165824	659056	23689616	25165824	533552	0	0	639190	0	
37748736	37748736	12174324	12174348	25165824	644696	23703976	25165824	536572	0	0	585210	0	
37748736	37748736	12174324	12174348	25165824	661936	23686736	25165824	544252	0	0	619413	0	
37748736	37748736	12174324	12174348	25165824	689664	23659008	25165824	543652	0	0	635158	0	
37748736	37748736	12174304	12174368	25165824	675844	23672828	25165824	536992	0	0	565336	0	
37748736	37748736	12174324	12174348	25165824	675524	23673148	25165824	531892	0	0	593436	0	
37748736	37748736	12174324	12174348	25165824	674084	23674588	25165824	529512	0	0	622657	0	
37748736	37748736	12174304	12174368	25165824	672364	23676308	25165824	524192	0	0	554731	0	
37748736	37748736	12174324	12174348	25165824	683864	23664808	25165824	519632	0	0	571838	0	
37748736	37748736	12174324	12174348	25165824	635288	23713384	25165824	515552	0	0	656796	0	
37748736	37748736	12174324	12174348	25165824	680004	23668668	25165824	527672	0	0	674572	0	
37748736	37748736	12174324	12174348	25165824	585680	23762992	25165824	517732	0	0	717620	0	
37748736	37748736	12174324	12174348	25165824	649936	23698736	25165824	546592	0	0	592290	0	
37748736	37748736	12174324	12174348	25165824	673420	23675252	25165824	552732	0	0	695045	0	
37748736	37748736	12174324	12174348	25165824	639588	23709084	25165824	550492	0	0	605044	0	
37748736	37748736	12174324	12174348	25165824	679604	23669068	25165824	552752	0	0	652618	0	
37748736	37748736	12174324	12174348	25165824	705204	23643468	25165824	554112	0	0	799376	0	
37748736	37748736	12174304	12174368	25165824	687196	23661476	25165824	543452	0	0	692447	0	
37748736	37748736	12174324	12174348	25165824	690256	23658416	25165824	538372	0	0	632544	0	
37748736	37748736	12174324	12174348	25165824	641216	23707456	25165824	528072	0	0	631248	0	
37748736	37748736	12174324	12174348	25165824	656648	23692024	25165824	538372	0	0	638066	0	
37748736	37748736	12174324	12174348	25165824	715032	23633640	25165824	539592	0	0	621253	0	
37748736	37748736	12174304	12174368	25165824	658516	23690156	25165824	516812	0	0	623078	0	
37748736	37748736	12174324	12174348	25165824	677904	23670768	25165824	522192	0	0	645601	0	
37748736	37748736	12174324	12174348	25165824	644376	23704296	25165824	513312	0	0	661992	0	
37748736	37748736	12174304	12174368	25165824	677424	23671248	25165824	528372	0	0	610101	0	
37748736	37748736	12174304	12174368	25165824	632348	23716324	25165824	520812	0	0	572491	0	
37748736	37748736	12174324	12174348	25165824	648936	23699736	25165824	536972	0	0	609082	0	
37748736	37748736	12174324	12174348	25165824	679864	23668808	25165824	541812	0	0	703669	0	
37748736	37748736	12174304	12174368	25165824	607620	23741052	25165824	538412	0	0	591841	0	
37748736	37748736	12174324	12174348	25165824	727972	23620700	25165824	552672	0	0	601642	0	
37748736	37748736	12174324	12174348	25165824	674744	23673928	25165824	535792	0	0	581785	0	
37748736	37748736	12174324	12174348	25165824	714672	23634000	25165824	533892	0	0	644041	0	
37748736	37748736	12174324	12174348	25165824	691324	23657348	25165824	520412	0	0	624195	0	
37748736	37748736	12174304	12174368	25165824	647748	23700924	25165824	509252	0	0	509841	0	
37748736	37748736	12174324	12174348	25165824	684624	23664048	25165824	516412	0	0	580294	0	
37748736	37748736	12174324	12174348	25165824	627568	23721104	25165824	508552	0	0	545935	0	
37748736	37748736	12174304	12174368	25165824	653196	23695476	25165824	517172	0	0	595174	0	
37748736	37748736	12174324	12174348	25165824	645976	23702696	25165824	518612	0	0	567510	0	
37748736	37748736	12174324	12174348	25165824	721952	23626720	25165824	531752	0	0	632098	0	
37748736	37748736	12174304	12174368	25165824	658036	23690636	25165824	513512	0	0	558518	0	
37748736	37748736	12174324	12174348	25165824	621648	23727024	25165824	517212	0	0	620832	0	
37748736	37748736	12174324	12174348	25165824	641756	23706916	25165824	528692	0	0	631967	0	
37748736	37748736	12174324	12174348	25165824	723972	23624700	25165824	538692	0	0	679387	0	
37748736	37748736	12174324	12174348	25165824	624780	23723892	25165824	514232	0	0	640564	0	
37748736	37748736	12174324	12174348	25165824	663476	23685196	25165824	531832	0	0	598979	0	
37748736	37748736	12174324	12174348	25165824	713372	23635300	25165824	533232	0	0	619322	0	
37748736	37748736	12174324	12174348	25165824	651556	23697116	25165824	515672	0	0	709256	0	
37748736	37748736	12174304	12174368	25165824	641648	23707024	25165824	511592	0	0	674056	0	
37748736	37748736	12174324	12174348	25165824	688864	23659808	25165824	528472	0	0	652823	0	
37748736	37748736	12174324	12174348	25165824	647208	23701464	25165824	511952	0	0	671682	0	
37748736	37748736	12174324	12174348	25165824	665396	23683276	25165824	525472	0	0	582844	0	
37748736	37748736	12174324	12174348	25165824	683604	23665068	25165824	525632	0	0	584766	0	
37748736	37748736	12174324	12174348	25165824	657556	23691116	25165824	512492	0	0	663056	0	
37748736	37748736	12174324	12174348	25165824	647536	23701136	25165824	518892	0	0	683663	0	
37748736	37748736	12174324	12174348	25165824	680984	23667688	25165824	530872	0	0	565100	0	
37748736	37748736	12174324	12174348	25165824	672844	23675828	25165824	520972	0	0	627721	0	
37748736	37748736	12174324	12174348	25165824	677384	23671288	25165824	515732	0	0	616946	0	
37748736	37748736	12174324	12174348	25165824	640608	23708064	25165824	516312	0	0	634185	0	
37748736	37748736	12174324	12174348	25165824	657676	23690996	25165824	524972	0	0	661315	0	
37748736	37748736	12174324	12174348	25165824	681744	23666928	25165824	530032	0	0	659328	0	
37748736	37748736	12174324	12174348	25165824	683744	23664928	25165824	519772	0	0	562815	0	
37748736	37748736	12174324	12174348	25165824	670796	23677876	25165824	515772	0	0	619694	0	
37748736	37748736	12174324	12174348	25165824	654276	23694396	25165824	512532	0	0	664185	0	
37748736	37748736	12174324	12174348	25165824	619860	23728812	25165824	518512	0	0	634013	0	
37748736	37748736	12174324	12174348	25165824	674524	23674148	25165824	536492	0	0	669985	0	
37748736	37748736	12174324	12174348	25165824	678924	23669748	25165824	532032	0	0	572730	0	
37748736	37748736	12174324	12174348	25165824	664176	23684496	25165824	527532	0	0	607760	0	
37748736	37748736	12174304	12174368	25165824	652716	23695956	25165824	528532	0	0	621318	0	
37748736	37748736	12174304	12174368	25165824	692144	23656528	25165824	533012	0	0	705777	0	
37748736	37748736	12174324	12174348	25165824	676804	23671868	25165824	519772	0	0	604612	0	
37748736	37748736	12174324	12174348	25165824	619608	23729064	25165824	518972	0	0	635829	0	
37748736	37748736	12174324	12174348	25165824	685124	23663548	25165824	536932	0	0	677502	0	
37748736	37748736	12174324	12174348	25165824	658376	23690296	25165824	529732	0	0	606688	0	
37748736	37748736	12174324	12174348	25165824	680256	23668416	25165824	533232	0	0	626434	0	
37748736	37748736	12174324	12174348	25165824	659816	23688856	25165824	525112	0	0	718644	0	
37748736	37748736	12174324	12174348	25165824	674164	23674508	25165824	528792	0	0	654979	0	
37748736	37748736	12174324	12174348	25165824	711712	23636960	25165824	523432	0	0	619999	0	
37748736	37748736	12174324	12174348	25165824	599220	23749452	25165824	514492	0	0	581979	0	
37748736	37748736	12174324	12174348	25165824	660616	23688056	25165824	532452	0	0	628514	0	
37748736	37748736	12174304	12174368	25165824	690524	23658148	25165824	535732	0	0	623850	0	
37748736	37748736	12174324	12174348	25165824	681544	23667128	25165824	523892	0	0	635656	0	
37748736	37748736	12174304	12174368	25165824	612808	23735864	25165824	511932	0	0	566025	0	
37748736	37748736	12174324	12174348	25165824	644448	23704224	25165824	537572	0	0	614222	0	
37748736	37748736	12174324	12174348	25165824	670076	23678596	25165824	545912	0	0	609940	0	
37748736	37748736	12174304	12174368	25165824	676956	23671716	25165824	544452	0	0	687127	0	
37748736	37748736	12174324	12174348	25165824	668988	23679684	25165824	541092	0	0	721667	0	
37748736	37748736	12174324	12174348	25165824	673584	23675088	25165824	538972	0	0	641310	0	
37748736	37748736	12174324	12174348	25165824	673096	23675576	25165824	538472	0	0	625398	0	
37748736	37748736	12174324	12174348	25165824	635260	23713412	25165824	534832	0	0	590388	0	
37748736	37748736	12174324	12174348	25165824	662428	23686244	25165824	544512	0	0	690152	0	
37748736	37748736	12174324	12174348	25165824	699284	23649388	25165824	546752	0	0	620616	0	
37748736	37748736	12174304	12174368	25165824	679444	23669228	25165824	534892	0	0	630915	0	
37748736	37748736	12174324	12174348	25165824	650796	23697876	25165824	530112	0	0	583893	0	
37748736	37748736	12174324	12174348	25165824	689784	23658888	25165824	535732	0	0	637436	0	
37748736	37748736	12174324	12174348	25165824	672104	23676568	25165824	524252	0	0	644685	0	
37748736	37748736	12174324	12174348	25165824	650408	23698264	25165824	520012	0	0	576878	0	
37748736	37748736	12174304	12174368	25165824	643496	23705176	25165824	529892	0	0	608864	0	
37748736	37748736	12174324	12174348	25165824	717024	23631648	25165824	538932	0	0	753116	0	
37748736	37748736	12174304	12174368	25165824	646576	23702096	25165824	517232	0	0	627641	0	
37748736	37748736	12174324	12174348	25165824	637468	23711204	25165824	523432	0	0	564297	0	
37748736	37748736	12174324	12174348	25165824	675804	23672868	25165824	536212	0	0	599158	0	
37748736	37748736	12174324	12174348	25165824	658216	23690456	25165824	533672	0	0	641914	0	
37748736	37748736	12174304	12174368	25165824	681824	23666848	25165824	535732	0	0	611108	0	
37748736	37748736	12174324	12174348	25165824	677744	23670928	25165824	529432	0	0	645816	0	
37748736	37748736	12174324	12174348	25165824	658676	23689996	25165824	521132	0	0	624644	0	
37748736	37748736	12174324	12174348	25165824	673964	23674708	25165824	526172	0	0	628222	0	
37748736	37748736	12174304	12174368	25165824	706872	23641800	25165824	520812	0	0	589950	0	
37748736	37748736	12174324	12174348	25165824	661016	23687656	25165824	514952	0	0	625057	0	
37748736	37748736	12174324	12174348	25165824	633320	23715352	25165824	515152	0	0	711003	0	
37748736	37748736	12174324	12174348	25165824	673844	23674828	25165824	517212	0	0	660831	0	
37748736	37748736	12174324	12174348	25165824	635368	23713304	25165824	517960	0	0	580699	0	
37748736	37748736	12174324	12174348	25165824	638756	23709916	25165824	531200	148	0	650031	0	
37748736	37748736	12174324	12174348	25165824	658376	23690296	25165824	539592	0	0	599841	0	
37748736	37748736	12174324	12174348	25165824	635588	23713084	25165824	543152	0	0	659773	0	
37748736	37748736	12174324	12174348	25165824	703384	23645288	25165824	549240	0	0	648694	0	
37748736	37748736	12174324	12174348	25165824	707612	23641060	25165824	539760	28	0	627081	0	
37748736	37748736	12174324	12174348	25165824	683044	23665628	25165824	522612	0	0	637984	0	
37748736	37748736	12174324	12174348	25165824	654348	23694324	25165824	517712	0	0	596876	0	
37748736	37748736	12174324	12174348	25165824	633940	23714732	25165824	518292	0	0	593675	0	
37748736	37748736	12174324	12174348	25165824	668256	23680416	25165824	534992	0	0	663380	0	
37748736	37748736	12174324	12174348	25165824	677424	23671248	25165824	533552	0	0	679840	0	
37748736	37748736	12174324	12174348	25165824	671384	23677288	25165824	529952	0	0	614231	0	
37748736	37748736	12174324	12174348	25165824	657088	23691584	25165824	526492	0	0	657789	0	
37748736	37748736	12174324	12174348	25165824	673964	23674708	25165824	530712	0	0	673606	0	
37748736	37748736	12174324	12174348	25165824	677884	23670788	25165824	527488	0	0	635723	0	
37748736	37748736	12174324	12174348	25165824	670436	23678236	25165824	525644	0	0	754489	0	
37748736	37748736	12174324	12174348	25165824	642436	23706236	25165824	515216	384	0	702182	0	
37748736	37748736	12174324	12174348	25165824	619908	23728764	25165824	530672	720	0	574188	0	
37748736	37748736	12174324	12174348	25165824	664436	23684236	25165824	545532	0	0	775327	0	
37748736	37748736	12174324	12174348	25165824	726532	23622140	25165824	547224	0	0	755980	0	
37748736	37748736	12174304	12174368	25165824	606268	23742404	25165824	521108	0	0	678257	0	
37748736	37748736	12174324	12174348	25165824	675964	23672708	25165824	545568	196	0	708363	0	
37748736	37748736	12174324	12174348	25165824	664656	23684016	25165824	541812	0	0	711877	0	
37748736	37748736	12174304	12174368	25165824	667076	23681596	25165824	542292	0	0	604091	0	
37748736	37748736	12174324	12174348	25165824	663556	23685116	25165824	541472	0	0	607650	0	
37748736	37748736	12174324	12174348	25165824	679016	23669656	25165824	542792	0	0	663820	0	
37748736	37748736	12174304	12174368	25165824	644356	23704316	25165824	535612	0	0	707749	0	
37748736	37748736	12174324	12174348	25165824	674384	23674288	25165824	545052	0	0	581851	0	
37748736	37748736	12174304	12174368	25165824	661916	23686756	25165824	542352	0	0	732318	0	
37748736	37748736	12174304	12174368	25165824	680284	23668388	25165824	542172	0	0	676383	0	
37748736	37748736	12174324	12174348	25165824	656336	23692336	25165824	536872	0	0	640652	0	
37748736	37748736	12174324	12174348	25165824	694044	23654628	25165824	541632	0	0	657329	0	
37748736	37748736	12174324	12174348	25165824	653456	23695216	25165824	533412	0	0	646150	0	
37748736	37748736	12174324	12174348	25165824	656956	23691716	25165824	537212	0	0	793723	0	
37748736	37748736	12174304	12174368	25165824	673356	23675316	25165824	538292	0	0	659444	0	
37748736	37748736	12174324	12174348	25165824	652576	23696096	25165824	537952	0	0	634760	0	
37748736	37748736	12174324	12174348	25165824	679356	23669316	25165824	541792	0	0	672291	0	
37748736	37748736	12174324	12174348	25165824	639856	23708816	25165824	537532	0	0	678056	0	
37748736	37748736	12174324	12174348	25165824	665756	23682916	25165824	545652	0	0	659309	0	
37748736	37748736	12174324	12174348	25165824	695864	23652808	25165824	545652	0	0	682985	0	
37748736	37748736	12174304	12174368	25165824	717932	23630740	25165824	536092	0	0	594286	0	
37748736	37748736	12174324	12174348	25165824	661556	23687116	25165824	514392	0	0	612573	0	
37748736	37748736	12174324	12174348	25165824	609428	23739244	25165824	515712	0	0	723439	0	
37748736	37748736	12174324	12174348	25165824	668208	23680464	25165824	535672	0	0	700155	0	
37748736	37748736	12174324	12174348	25165824	661196	23687476	25165824	538672	0	0	602398	0	
37748736	37748736	12174324	12174348	25165824	656256	23692416	25165824	537092	0	0	667814	0	
37748736	37748736	12174324	12174348	25165824	667696	23680976	25165824	541932	0	0	641741	0	
37748736	37748736	12174324	12174348	25165824	670336	23678336	25165824	540632	0	0	583952	0	
37748736	37748736	12174324	12174348	25165824	639648	23709024	25165824	538852	0	0	663414	0	
37748736	37748736	12174304	12174368	25165824	654356	23694316	25165824	542532	0	0	658822	0	
37748736	37748736	12174324	12174348	25165824	658548	23690124	25165824	548672	0	0	628871	0	
37748736	37748736	12174304	12174368	25165824	678964	23669708	25165824	550372	0	0	634287	0	
37748736	37748736	12174324	12174348	25165824	635848	23712824	25165824	545912	0	0	535319	0	
37748736	37748736	12174324	12174348	25165824	672876	23675796	25165824	550512	0	0	618118	0	
37748736	37748736	12174324	12174348	25165824	687796	23660876	25165824	555272	0	0	685558	0	
37748736	37748736	12174324	12174348	25165824	690084	23658588	25165824	546472	0	0	614451	0	
37748736	37748736	12174324	12174348	25165824	677844	23670828	25165824	542472	0	0	635470	0	
37748736	37748736	12174324	12174348	25165824	670096	23678576	25165824	536192	0	0	682000	0	
37748736	37748736	12174324	12174348	25165824	670296	23678376	25165824	537912	0	0	679505	0	
37748736	37748736	12174324	12174348	25165824	691564	23657108	25165824	536220	0	0	595453	0	
37748736	37748736	12174324	12174348	25165824	654136	23694536	25165824	523800	168	0	595311	0	
37748736	37748736	12174304	12174368	25165824	679644	23669028	25165824	531052	0	0	600400	0	
37748736	37748736	12174324	12174348	25165824	650116	23698556	25165824	521832	0	0	715786	0	
37748736	37748736	12174304	12174368	25165824	646616	23702056	25165824	530952	0	0	617144	0	
37748736	37748736	12174324	12174348	25165824	709372	23639300	25165824	537892	0	0	714643	0	
37748736	37748736	12174324	12174348	25165824	634428	23714244	25165824	515732	0	0	661227	0	
37748736	37748736	12174324	12174348	25165824	641296	23707376	25165824	532452	0	0	607703	0	
37748736	37748736	12174324	12174348	25165824	680084	23668588	25165824	541032	0	0	606908	0	
37748736	37748736	12174324	12174348	25165824	609500	23739172	25165824	537532	0	0	617704	0	
37748736	37748736	12174324	12174348	25165824	686124	23662548	25165824	551772	0	0	631790	0	
37748736	37748736	12174324	12174348	25165824	672556	23676116	25165824	542912	0	0	681114	0	
37748736	37748736	12174324	12174348	25165824	698244	23650428	25165824	546332	0	0	752512	0	
37748736	37748736	12174324	12174348	25165824	704992	23643680	25165824	536752	0	0	684903	0	
37748736	37748736	12174324	12174348	25165824	640896	23707776	25165824	514912	0	0	690779	0	
37748736	37748736	12174324	12174348	25165824	679064	23669608	25165824	531572	0	0	628975	0	
37748736	37748736	12174324	12174348	25165824	673504	23675168	25165824	523112	0	0	605410	0	
37748736	37748736	12174324	12174348	25165824	663676	23684996	25165824	517112	0	0	671123	0	
37748736	37748736	12174324	12174348	25165824	655636	23693036	25165824	519172	0	0	630642	0	
37748736	37748736	12174324	12174348	25165824	616960	23731712	25165824	525892	0	0	647791	0	
37748736	37748736	12174324	12174348	25165824	690864	23657808	25165824	543172	0	0	646474	0	
37748736	37748736	12174324	12174348	25165824	670856	23677816	25165824	535692	0	0	632680	0	
37748736	37748736	12174324	12174348	25165824	652476	23696196	25165824	533612	0	0	583667	0	
37748736	37748736	12174304	12174368	25165824	684204	23664468	25165824	536392	0	0	643973	0	
37748736	37748736	12174324	12174348	25165824	693124	23655548	25165824	533132	0	0	588608	0	
37748736	37748736	12174324	12174348	25165824	659016	23689656	25165824	516152	0	0	809348	0	
37748736	37748736	12174324	12174348	25165824	649728	23698944	25165824	520832	0	0	683823	0	
37748736	37748736	12174324	12174348	25165824	675884	23672788	25165824	531212	0	0	684521	0	
37748736	37748736	12174324	12174348	25165824	651536	23697136	25165824	524572	0	0	619523	0	
37748736	37748736	12174304	12174368	25165824	628088	23720584	25165824	532412	0	0	586724	0	
37748736	37748736	12174324	12174348	25165824	645356	23703316	25165824	544092	0	0	625636	0	
37748736	37748736	12174324	12174348	25165824	767776	23580896	25165824	547952	0	0	573343	0	
37748736	37748736	12174324	12174348	25165824	659556	23689116	25165824	513192	0	0	671186	0	
37748736	37748736	12174324	12174348	25165824	642636	23706036	25165824	515912	0	0	621965	0	
37748736	37748736	12174304	12174368	25165824	649516	23699156	25165824	524412	0	0	640887	0	
37748736	37748736	12174324	12174348	25165824	649856	23698816	25165824	533632	0	0	622118	0	
37748736	37748736	12174324	12174348	25165824	675744	23672928	25165824	535332	0	0	653216	0	
37748736	37748736	12174324	12174348	25165824	608808	23739864	25165824	534592	0	0	595329	0	
37748736	37748736	12174324	12174348	25165824	683604	23665068	25165824	551032	0	0	697012	0	
37748736	37748736	12174304	12174368	25165824	698244	23650428	25165824	548492	0	0	766171	0	
37748736	37748736	12174324	12174348	25165824	668736	23679936	25165824	537532	0	0	629828	0	
37748736	37748736	12174324	12174348	25165824	662568	23686104	25165824	535832	0	0	715085	0	
37748736	37748736	12174324	12174348	25165824	665076	23683596	25165824	537772	0	0	679526	0	
37748736	37748736	12174304	12174368	25165824	654956	23693716	25165824	538312	0	0	667001	0	
37748736	37748736	12174324	12174348	25165824	641220	23707452	25165824	540592	0	0	631808	0	
37748736	37748736	12174324	12174348	25165824	712992	23635680	25165824	543272	0	0	603558	0	
37748736	37748736	12174324	12174348	25165824	651896	23696776	25165824	531992	0	0	710163	0	
37748736	37748736	12174324	12174348	25165824	666396	23682276	25165824	534692	0	0	647660	0	
37748736	37748736	12174324	12174348	25165824	665196	23683476	25165824	539012	0	0	629373	0	
37748736	37748736	12174324	12174348	25165824	602080	23746592	25165824	534532	0	0	633232	0	
37748736	37748736	12174324	12174348	25165824	686204	23662468	25165824	548032	0	0	579706	0	
37748736	37748736	12174324	12174348	25165824	688664	23660008	25165824	548032	0	0	657528	0	
37748736	37748736	12174324	12174348	25165824	645568	23703104	25165824	543652	0	0	662871	0	
37748736	37748736	12174324	12174348	25165824	673644	23675028	25165824	547432	0	0	613969	0	
37748736	37748736	12174304	12174368	25165824	653076	23695596	25165824	542432	0	0	667017	0	
37748736	37748736	12174324	12174348	25165824	708592	23640080	25165824	549172	0	0	605406	0	
37748736	37748736	12174324	12174348	25165824	644496	23704176	25165824	536292	0	0	607454	0	
37748736	37748736	12174324	12174348	25165824	720984	23627688	25165824	545732	0	0	717698	0	
37748736	37748736	12174324	12174348	25165824	628988	23719684	25165824	524212	0	0	633293	0	
37748736	37748736	12174304	12174368	25165824	651416	23697256	25165824	538052	0	0	570820	0	
37748736	37748736	12174324	12174348	25165824	668676	23679996	25165824	543152	0	0	646505	0	
37748736	37748736	12174324	12174348	25165824	674236	23674436	25165824	543972	0	0	730299	0	
37748736	37748736	12174324	12174348	25165824	710052	23638620	25165824	539612	0	0	584855	0	
37748736	37748736	12174304	12174368	25165824	599180	23749492	25165824	520912	0	0	621094	0	
37748736	37748736	12174324	12174348	25165824	716864	23631808	25165824	548652	0	0	648972	0	
37748736	37748736	12174304	12174368	25165824	652748	23695924	25165824	531052	0	0	580706	0	
37748736	37748736	12174324	12174348	25165824	650048	23698624	25165824	535252	0	0	641791	0	
37748736	37748736	12174324	12174348	25165824	644516	23704156	25165824	539652	0	0	796020	0	
37748736	37748736	12174324	12174348	25165824	707744	23640928	25165824	547852	0	0	643969	0	
37748736	37748736	12174324	12174348	25165824	613588	23735084	25165824	532032	0	0	527728	0	
37748736	37748736	12174324	12174348	25165824	639576	23709096	25165824	546512	0	0	665655	0	
37748736	37748736	12174304	12174368	25165824	723692	23624980	25165824	548772	0	0	668596	0	
37748736	37748736	12174324	12174348	25165824	680684	23667988	25165824	539132	0	0	606513	0	
37748736	37748736	12174324	12174348	25165824	652036	23696636	25165824	535312	0	0	661875	0	
37748736	37748736	12174304	12174368	25165824	643856	23704816	25165824	538292	0	0	619000	0	
37748736	37748736	12174324	12174348	25165824	646960	23701712	25165824	546992	0	0	747303	0	
37748736	37748736	12174324	12174348	25165824	706964	23641708	25165824	550012	0	0	583541	0	
37748736	37748736	12174304	12174368	25165824	680616	23668056	25165824	538052	0	0	776110	0	
37748736	37748736	12174304	12174368	25165824	704852	23643820	25165824	534312	0	0	552668	0	
37748736	37748736	12174324	12174348	25165824	655736	23692936	25165824	511732	0	0	627587	0	
37748736	37748736	12174324	12174348	25165824	683064	23665608	25165824	519412	0	0	622882	0	
37748736	37748736	12174324	12174348	25165824	618128	23730544	25165824	515892	0	0	589019	0	
37748736	37748736	12174324	12174348	25165824	670956	23677716	25165824	534832	0	0	622544	0	
37748736	37748736	12174324	12174348	25165824	684284	23664388	25165824	531592	0	0	620377	0	
37748736	37748736	12174324	12174348	25165824	686664	23662008	25165824	523632	0	0	649409	0	
37748736	37748736	12174324	12174348	25165824	645016	23703656	25165824	516512	0	0	650353	0	
37748736	37748736	12174324	12174348	25165824	676376	23672296	25165824	523512	0	0	641786	0	
37748736	37748736	12174324	12174348	25165824	644796	23703876	25165824	516092	0	0	649783	0	
37748736	37748736	12174324	12174348	25165824	629468	23719204	25165824	529952	0	0	675874	0	
37748736	37748736	12174324	12174348	25165824	685164	23663508	25165824	542192	0	0	628350	0	
37748736	37748736	12174324	12174348	25165824	675484	23673188	25165824	535692	0	0	619121	0	
37748736	37748736	12174324	12174348	25165824	640236	23708436	25165824	533472	0	0	615014	0	
37748736	37748736	12174324	12174348	25165824	680376	23668296	25165824	541092	0	0	652697	0	
37748736	37748736	12174324	12174348	25165824	655308	23693364	25165824	536212	0	0	584194	0	
37748736	37748736	12174304	12174368	25165824	682564	23666108	25165824	538352	0	0	635058	0	
37748736	37748736	12174324	12174348	25165824	644456	23704216	25165824	533472	0	0	540001	0	
37748736	37748736	12174304	12174368	25165824	704332	23644340	25165824	541092	0	0	592598	0	
37748736	37748736	12174324	12174348	25165824	660976	23687696	25165824	526492	0	0	616331	0	
37748736	37748736	12174304	12174368	25165824	687744	23660928	25165824	529372	0	0	667110	0	
37748736	37748736	12174324	12174348	25165824	626448	23722224	25165824	514192	0	0	635638	0	
37748736	37748736	12174324	12174348	25165824	667236	23681436	25165824	536192	0	0	677413	0	
37748736	37748736	12174324	12174348	25165824	647116	23701556	25165824	535252	0	0	633420	0	
37748736	37748736	12174324	12174348	25165824	675684	23672988	25165824	541452	0	0	594334	0	
37748736	37748736	12174324	12174348	25165824	693544	23655128	25165824	535252	0	0	623011	0	
37748736	37748736	12174304	12174368	25165824	671864	23676808	25165824	527312	0	0	633099	0	
37748736	37748736	12174324	12174348	25165824	628828	23719844	25165824	523332	0	0	584566	0	
37748736	37748736	12174324	12174348	25165824	646496	23702176	25165824	537092	0	0	576143	0	
37748736	37748736	12174324	12174348	25165824	673144	23675528	25165824	545092	0	0	639945	0	
37748736	37748736	12174324	12174348	25165824	680484	23668188	25165824	543232	0	0	715906	0	
37748736	37748736	12174324	12174348	25165824	695884	23652788	25165824	534952	0	0	590234	0	
37748736	37748736	12174324	12174348	25165824	648768	23699904	25165824	525632	0	0	654583	0	
37748736	37748736	12174324	12174348	25165824	645416	23703256	25165824	532392	0	0	667553	0	
37748736	37748736	12174324	12174348	25165824	686684	23661988	25165824	539732	0	0	617446	0	
37748736	37748736	12174324	12174348	25165824	630188	23718484	25165824	532032	0	0	671940	0	
37748736	37748736	12174304	12174368	25165824	709304	23639368	25165824	544812	0	0	769988	0	
37748736	37748736	12174324	12174348	25165824	681984	23666688	25165824	530972	0	0	591647	0	
37748736	37748736	12174324	12174348	25165824	711712	23636960	25165824	520332	220	0	599480	0	
37748736	37748736	12174324	12174348	25165824	627288	23721384	25165824	512712	0	0	692036	0	
37748736	37748736	12174324	12174348	25165824	647836	23700836	25165824	514912	0	0	595245	0	
37748736	37748736	12174324	12174348	25165824	676484	23672188	25165824	527252	0	0	620294	0	
37748736	37748736	12174324	12174348	25165824	641136	23707536	25165824	520092	0	0	662012	0	
37748736	37748736	12174324	12174348	25165824	619508	23729164	25165824	532032	0	0	640938	0	
37748736	37748736	12174304	12174368	25165824	719872	23628800	25165824	542532	0	0	570918	0	
37748736	37748736	12174324	12174348	25165824	646408	23702264	25165824	530872	0	0	626358	0	
37748736	37748736	12174324	12174348	25165824	657976	23690696	25165824	538072	0	0	694776	0	
37748736	37748736	12174324	12174348	25165824	646200	23702472	25165824	538412	0	0	823539	0	
37748736	37748736	12174324	12174348	25165824	640956	23707716	25165824	545672	0	0	701876	0	
37748736	37748736	12174324	12174348	25165824	686956	23661716	25165824	549772	0	0	698599	0	
37748736	37748736	12174324	12174348	25165824	685804	23662868	25165824	548052	0	0	562786	0	
37748736	37748736	12174324	12174348	25165824	638908	23709764	25165824	540312	0	0	668540	0	
37748736	37748736	12174324	12174348	25165824	678744	23669928	25165824	544572	0	0	696130	0	
37748736	37748736	12174324	12174348	25165824	694764	23653908	25165824	545012	0	0	662095	0	
37748736	37748736	12174324	12174348	25165824	665596	23683076	25165824	536512	0	0	651424	0	
37748736	37748736	12174324	12174348	25165824	674708	23673964	25165824	536672	0	0	627983	0	
37748736	37748736	12174324	12174348	25165824	707672	23641000	25165824	533532	0	0	666575	0	
37748736	37748736	12174324	12174348	25165824	677004	23671668	25165824	515412	0	0	613384	0	
37748736	37748736	12174304	12174368	25165824	645556	23703116	25165824	517352	0	0	619495	0	
37748736	37748736	12174304	12174368	25165824	642736	23705936	25165824	511932	0	0	587054	0	
37748736	37748736	12174324	12174348	25165824	694624	23654048	25165824	528472	0	0	637584	0	
37748736	37748736	12174324	12174348	25165824	627468	23721204	25165824	516112	0	0	637731	0	
37748736	37748736	12174324	12174348	25165824	672284	23676388	25165824	533232	0	0	662529	0	
37748736	37748736	12174324	12174348	25165824	676104	23672568	25165824	530112	0	0	693121	0	
37748736	37748736	12174324	12174348	25165824	656396	23692276	25165824	523632	0	0	655677	0	
37748736	37748736	12174324	12174348	25165824	675644	23673028	25165824	529732	0	0	580876	0	
37748736	37748736	12174324	12174348	25165824	624748	23723924	25165824	523232	0	0	610060	0	
37748736	37748736	12174324	12174348	25165824	689384	23659288	25165824	539652	0	0	622547	0	
37748736	37748736	12174324	12174348	25165824	648696	23699976	25165824	533132	0	0	570019	0	
37748736	37748736	12174324	12174348	25165824	724432	23624240	25165824	535512	0	0	708287	0	
37748736	37748736	12174324	12174348	25165824	612008	23736664	25165824	515012	0	0	660269	0	
37748736	37748736	12174324	12174348	25165824	646328	23702344	25165824	536972	0	0	661707	0	
37748736	37748736	12174324	12174348	25165824	704972	23643700	25165824	543412	0	0	672325	0	
37748736	37748736	12174324	12174348	25165824	634148	23714524	25165824	529432	0	0	686409	0	
37748736	37748736	12174324	12174348	25165824	688724	23659948	25165824	539612	0	0	585641	0	
37748736	37748736	12174324	12174348	25165824	729512	23619160	25165824	533532	0	0	664999	0	
37748736	37748736	12174324	12174348	25165824	612344	23736328	25165824	514572	0	0	627188	0	
37748736	37748736	12174324	12174348	25165824	690704	23657968	25165824	528528	0	0	646465	0	
37748736	37748736	12174324	12174348	25165824	651436	23697236	25165824	518588	656	0	663444	0	
37748736	37748736	12174324	12174348	25165824	660896	23687776	25165824	520872	0	0	619770	0	
37748736	37748736	12174324	12174348	25165824	656836	23691836	25165824	524192	0	0	629568	0	
37748736	37748736	12174324	12174348	25165824	669756	23678916	25165824	529632	0	0	605212	0	
37748736	37748736	12174324	12174348	25165824	695304	23653368	25165824	527252	0	0	639272	0	
37748736	37748736	12174324	12174348	25165824	660496	23688176	25165824	515652	0	0	617640	0	
37748736	37748736	12174324	12174348	25165824	664776	23683896	25165824	517712	0	0	678451	0	
37748736	37748736	12174324	12174348	25165824	621140	23727532	25165824	518432	0	0	596104	0	
37748736	37748736	12174324	12174348	25165824	689384	23659288	25165824	535552	0	0	704530	0	
37748736	37748736	12174324	12174348	25165824	687384	23661288	25165824	525632	0	0	610550	0	
37748736	37748736	12174324	12174348	25165824	639096	23709576	25165824	517832	0	0	556200	0	
37748736	37748736	12174324	12174348	25165824	652976	23695696	25165824	528692	0	0	747885	0	
37748736	37748736	12174324	12174348	25165824	668076	23680596	25165824	532972	0	0	742828	0	
37748736	37748736	12174324	12174348	25165824	672684	23675988	25165824	532952	0	0	662771	0	
37748736	37748736	12174324	12174348	25165824	671456	23677216	25165824	530872	0	0	753028	0	
37748736	37748736	12174324	12174348	25165824	675324	23673348	25165824	527312	0	0	762918	0	
37748736	37748736	12174324	12174348	25165824	676924	23671748	25165824	520832	0	0	593848	0	
37748736	37748736	12174324	12174348	25165824	674624	23674048	25165824	512132	0	0	650516	0	
37748736	37748736	12174324	12174348	25165824	638608	23710064	25165824	515592	0	0	664186	0	
37748736	37748736	12174324	12174348	25165824	615448	23733224	25165824	525632	0	0	578468	0	
37748736	37748736	12174324	12174348	25165824	703704	23644968	25165824	543772	0	0	663114	0	
37748736	37748736	12174324	12174348	25165824	669856	23678816	25165824	532112	0	0	693627	0	
37748736	37748736	12174324	12174348	25165824	674196	23674476	25165824	530752	0	0	626705	0	
37748736	37748736	12174324	12174348	25165824	639796	23708876	25165824	525392	0	0	642931	0	
37748736	37748736	12174304	12174368	25165824	642976	23705696	25165824	536772	0	0	624800	0	
37748736	37748736	12174324	12174348	25165824	653816	23694856	25165824	542692	0	0	674060	0	
37748736	37748736	12174324	12174348	25165824	730132	23618540	25165824	549152	0	0	689679	0	
37748736	37748736	12174304	12174368	25165824	632948	23715724	25165824	523072	0	0	622368	0	
37748736	37748736	12174324	12174348	25165824	660276	23688396	25165824	538672	0	0	667133	0	
37748736	37748736	12174324	12174348	25165824	694704	23653968	25165824	537572	0	0	689843	0	
37748736	37748736	12174324	12174348	25165824	610468	23738204	25165824	528792	0	0	653137	0	
37748736	37748736	12174324	12174348	25165824	672664	23676008	25165824	547912	0	0	627955	0	
37748736	37748736	12174324	12174348	25165824	674304	23674368	25165824	545932	0	0	718412	0	
37748736	37748736	12174324	12174348	25165824	695944	23652728	25165824	543232	0	0	605612	0	
37748736	37748736	12174324	12174348	25165824	663396	23685276	25165824	533672	0	0	687010	0	
37748736	37748736	12174324	12174348	25165824	640356	23708316	25165824	532532	0	0	613638	0	
37748736	37748736	12174324	12174348	25165824	696604	23652068	25165824	541812	0	0	678693	0	
37748736	37748736	12174324	12174348	25165824	676944	23671728	25165824	531892	0	0	643418	0	
37748736	37748736	12174324	12174348	25165824	671284	23677388	25165824	525932	0	0	596733	0	
37748736	37748736	12174324	12174348	25165824	679504	23669168	25165824	522232	0	0	692626	0	
37748736	37748736	12174324	12174348	25165824	638328	23710344	25165824	511952	0	0	607113	0	
37748736	37748736	12174324	12174348	25165824	654836	23693836	25165824	531092	0	0	612330	0	
37748736	37748736	12174324	12174348	25165824	683004	23665668	25165824	534072	0	0	599843	0	
37748736	37748736	12174304	12174368	25165824	639476	23709196	25165824	527152	0	0	689478	0	
37748736	37748736	12174304	12174368	25165824	654556	23694116	25165824	538512	0	0	681876	0	
37748736	37748736	12174324	12174348	25165824	684044	23664628	25165824	541092	0	0	673792	0	
37748736	37748736	12174324	12174348	25165824	637888	23710784	25165824	535032	0	0	644394	0	
37748736	37748736	12174324	12174348	25165824	691524	23657148	25165824	543172	0	0	620432	0	
37748736	37748736	12174324	12174348	25165824	703884	23644788	25165824	536512	0	0	743619	0	
37748736	37748736	12174324	12174348	25165824	672036	23676636	25165824	515472	0	0	736973	0	
37748736	37748736	12174324	12174348	25165824	657736	23690936	25165824	518332	0	0	596920	0	
37748736	37748736	12174304	12174368	25165824	626688	23721984	25165824	516492	0	0	564530	0	
37748736	37748736	12174324	12174348	25165824	665396	23683276	25165824	536932	0	0	587848	0	
37748736	37748736	12174324	12174348	25165824	698544	23650128	25165824	537212	0	0	629347	0	
37748736	37748736	12174304	12174368	25165824	675984	23672688	25165824	521072	0	0	677458	0	
37748736	37748736	12174324	12174348	25165824	651008	23697664	25165824	513872	0	0	720834	0	
37748736	37748736	12174324	12174348	25165824	665936	23682736	25165824	524312	0	0	697075	0	
37748736	37748736	12174324	12174348	25165824	658136	23690536	25165824	524212	0	0	578063	0	
37748736	37748736	12174324	12174348	25165824	712772	23635900	25165824	529192	0	0	649855	0	
37748736	37748736	12174324	12174348	25165824	639368	23709304	25165824	516772	0	0	658501	0	
37748736	37748736	12174324	12174348	25165824	640056	23708616	25165824	515272	0	0	607941	0	
37748736	37748736	12174324	12174348	25165824	678044	23670628	25165824	531112	0	0	648852	0	
37748736	37748736	12174304	12174368	25165824	645796	23702876	25165824	524412	0	0	636936	0	
37748736	37748736	12174324	12174348	25165824	707232	23641440	25165824	533312	0	0	612236	0	
37748736	37748736	12174324	12174348	25165824	672584	23676088	25165824	516952	0	0	603831	0	
37748736	37748736	12174324	12174348	25165824	642436	23706236	25165824	513592	0	0	589356	0	
37748736	37748736	12174324	12174348	25165824	645336	23703336	25165824	520912	0	0	674026	0	
37748736	37748736	12174324	12174348	25165824	646496	23702176	25165824	533012	0	0	618518	0	
37748736	37748736	12174324	12174348	25165824	644136	23704536	25165824	536832	0	0	641054	0	
37748736	37748736	12174324	12174348	25165824	685636	23663036	25165824	546612	0	0	631727	0	
37748736	37748736	12174324	12174348	25165824	641176	23707496	25165824	537972	0	0	613145	0	
37748736	37748736	12174324	12174348	25165824	677896	23670776	25165824	548332	0	0	652179	0	
37748736	37748736	12174324	12174348	25165824	642876	23705796	25165824	541892	0	0	656628	0	
37748736	37748736	12174324	12174348	25165824	667516	23681156	25165824	547352	0	0	719314	0	
37748736	37748736	12174324	12174348	25165824	653116	23695556	25165824	546332	0	0	627333	0	
37748736	37748736	12174304	12174368	25165824	734352	23614320	25165824	550372	0	0	611660	0	
37748736	37748736	12174324	12174348	25165824	648176	23700496	25165824	532092	0	0	595062	0	
37748736	37748736	12174324	12174348	25165824	672596	23676076	25165824	534532	0	0	675106	0	
37748736	37748736	12174304	12174368	25165824	679156	23669516	25165824	536092	0	0	682078	0	
37748736	37748736	12174324	12174348	25165824	649916	23698756	25165824	531572	0	0	770629	0	
37748736	37748736	12174324	12174348	25165824	652516	23696156	25165824	536452	0	0	579602	0	
37748736	37748736	12174324	12174348	25165824	658916	23689756	25165824	540192	0	0	553721	0	
37748736	37748736	12174304	12174368	25165824	706012	23642660	25165824	543452	0	0	671361	0	
37748736	37748736	12174324	12174348	25165824	665876	23682796	25165824	528692	0	0	698221	0	
37748736	37748736	12174304	12174368	25165824	681904	23666768	25165824	528632	0	0	614722	0	
37748736	37748736	12174324	12174348	25165824	697344	23651328	25165824	517432	0	0	715685	0	
37748736	37748736	12174304	12174368	25165824	648156	23700516	25165824	515832	0	0	589068	0	
37748736	37748736	12174324	12174348	25165824	659096	23689576	25165824	515652	0	0	619383	0	
37748736	37748736	12174304	12174368	25165824	606528	23742144	25165824	511932	0	0	607674	0	
37748736	37748736	12174324	12174348	25165824	700804	23647868	25165824	541672	0	0	659496	0	
37748736	37748736	12174324	12174348	25165824	694364	23654308	25165824	529012	0	0	662044	0	
37748736	37748736	12174324	12174348	25165824	639816	23708856	25165824	516952	0	0	744003	0	
37748736	37748736	12174304	12174368	25165824	627308	23721364	25165824	527312	0	0	659968	0	
37748736	37748736	12174324	12174348	25165824	718152	23630520	25165824	540792	0	0	638529	0	
37748736	37748736	12174324	12174348	25165824	646928	23701744	25165824	517432	0	0	700218	0	
37748736	37748736	12174324	12174348	25165824	627048	23721624	25165824	530132	0	0	649908	0	
37748736	37748736	12174324	12174348	25165824	672184	23676488	25165824	543972	0	0	616644	0	
37748736	37748736	12174304	12174368	25165824	691564	23657108	25165824	541032	0	0	613192	0	
37748736	37748736	12174324	12174348	25165824	680156	23668516	25165824	533172	0	0	598502	0	
37748736	37748736	12174324	12174348	25165824	674684	23673988	25165824	525252	0	0	678391	0	
37748736	37748736	12174324	12174348	25165824	616068	23732604	25165824	519220	0	0	615422	0	
37748736	37748736	12174324	12174348	25165824	643876	23704796	25165824	541280	48	0	618066	0	
37748736	37748736	12174304	12174368	25165824	704092	23644580	25165824	542332	0	0	669603	0	
37748736	37748736	12174324	12174348	25165824	678524	23670148	25165824	536672	0	0	564552	0	
37748736	37748736	12174324	12174348	25165824	666576	23682096	25165824	531152	0	0	551538	0	
37748736	37748736	12174304	12174368	25165824	644656	23704016	25165824	530732	0	0	580033	0	
37748736	37748736	12174324	12174348	25165824	683504	23665168	25165824	535612	0	0	649368	0	
37748736	37748736	12174324	12174348	25165824	684144	23664528	25165824	532572	0	0	652444	0	
37748736	37748736	12174324	12174348	25165824	653236	23695436	25165824	521912	0	0	702812	0	
37748736	37748736	12174324	12174348	25165824	675064	23673608	25165824	530112	0	0	651897	0	
37748736	37748736	12174324	12174348	25165824	642676	23705996	25165824	524212	0	0	618340	0	
37748736	37748736	12174324	12174348	25165824	643636	23705036	25165824	534932	0	0	598934	0	
37748736	37748736	12174324	12174348	25165824	666876	23681796	25165824	542032	0	0	704929	0	
37748736	37748736	12174324	12174348	25165824	683504	23665168	25165824	541372	0	0	563502	0	
37748736	37748736	12174324	12174348	25165824	734032	23614640	25165824	535932	0	0	673816	0	
37748736	37748736	12174324	12174348	25165824	675564	23673108	25165824	515192	0	0	640951	0	
37748736	37748736	12174324	12174348	25165824	623580	23725092	25165824	512972	0	0	658507	0	
37748736	37748736	12174324	12174348	25165824	641136	23707536	25165824	517112	0	0	595755	0	
37748736	37748736	12174304	12174368	25165824	654336	23694336	25165824	532412	0	0	686250	0	
37748736	37748736	12174304	12174368	25165824	661876	23686796	25165824	535892	0	0	681808	0	
37748736	37748736	12174324	12174348	25165824	712072	23636600	25165824	538372	0	0	625088	0	
37748736	37748736	12174324	12174348	25165824	627068	23721604	25165824	512372	0	0	594375	0	
37748736	37748736	12174324	12174348	25165824	689744	23658928	25165824	534592	0	0	690596	0	
37748736	37748736	12174324	12174348	25165824	694144	23654528	25165824	523332	0	0	618707	0	
37748736	37748736	12174324	12174348	25165824	627148	23721524	25165824	512532	0	0	567792	0	
37748736	37748736	12174324	12174348	25165824	677444	23671228	25165824	529632	0	0	666427	0	
37748736	37748736	12174324	12174348	25165824	653476	23695196	25165824	521912	0	0	644152	0	
37748736	37748736	12174324	12174348	25165824	646228	23702444	25165824	529952	0	0	642429	0	
37748736	37748736	12174304	12174368	25165824	685684	23662988	25165824	537252	0	0	559739	0	
37748736	37748736	12174324	12174348	25165824	698544	23650128	25165824	529772	0	0	633494	0	
37748736	37748736	12174324	12174348	25165824	607792	23740880	25165824	516112	0	0	632335	0	
37748736	37748736	12174324	12174348	25165824	641276	23707396	25165824	535972	0	0	634637	0	
37748736	37748736	12174324	12174348	25165824	727512	23621160	25165824	546332	0	0	704967	0	
37748736	37748736	12174324	12174348	25165824	648976	23699696	25165824	521492	0	0	690094	0	
37748736	37748736	12174324	12174348	25165824	657616	23691056	25165824	531432	0	0	557648	0	
37748736	37748736	12174324	12174348	25165824	651516	23697156	25165824	533812	0	0	636665	0	
37748736	37748736	12174324	12174348	25165824	639396	23709276	25165824	537192	0	0	691227	0	
37748736	37748736	12174324	12174348	25165824	704684	23643988	25165824	548652	0	0	632344	0	
37748736	37748736	12174324	12174348	25165824	699664	23649008	25165824	534792	0	0	677278	0	
37748736	37748736	12174324	12174348	25165824	643056	23705616	25165824	516512	0	0	675502	0	
37748736	37748736	12174324	12174348	25165824	643476	23705196	25165824	531572	0	0	601585	0	
37748736	37748736	12174324	12174348	25165824	684044	23664628	25165824	535932	0	0	625375	0	
37748736	37748736	12174324	12174348	25165824	667456	23681216	25165824	532792	0	0	707922	0	
