b_initial_y_size_0	b_max_y_size_1	b_used_2	b_available_3	b_committed_4	a_used_5	a_available_6	a_committed_7	a_survived_8	a_promoted_9	a_copied_10	a_time_in_ns_11	promotion_rate_12
34603008	34603008	11159796	11159820	23068672	1020248	21299368	23068672	937908	73256	0	910759	5	
34603008	34603008	11159796	11159820	23068672	707492	21612124	23068672	555796	1508	0	699383	0	
34603008	34603008	11159800	11159816	23068672	125944	22193672	23068672	104828	748	0	246912	0	
34603008	34603008	11159744	11159872	23068672	117624	22201992	23068672	99868	36	0	257705	0	
34603008	34603008	11159796	11159820	23068672	1563480	20756136	23068672	1342584	28	0	1297844	0	
34603008	34603008	11159796	11159820	23068672	1199028	21120588	23068672	984188	24	0	1042162	0	
34603008	34603008	11159796	11159820	23068672	794444	21525172	23068672	618672	492	0	757211	0	
34603008	34603008	11159796	11159820	23068672	159764	22159852	23068672	134620	828	0	288725	0	
34603008	34603008	11159792	11159824	23068672	155712	22163904	23068672	124768	0	0	249036	0	
34603008	34603008	11159788	11159828	23068672	118836	22200780	23068672	120612	22256	0	237265	17	
34603008	34603008	11159796	11159820	23068672	1475308	20844308	23068672	1261984	0	0	1037754	0	
34603008	34603008	11159796	11159820	23068672	1078296	21241320	23068672	890404	312	0	955900	0	
34603008	34603008	11159796	11159820	23068672	805004	21514612	23068672	580468	0	0	598164	0	
34603008	34603008	11159800	11159816	23068672	166484	22153132	23068672	144672	96	0	300185	0	
34603008	34603008	11159808	11159808	23068672	121824	22197792	23068672	105724	0	0	243221	0	
34603008	34603008	11159776	11159840	23068672	1635716	20683900	23068672	1360780	888	0	1295018	0	
34603008	34603008	11159796	11159820	23068672	1171500	21148116	23068672	976384	72	0	1008651	0	
34603008	34603008	11159796	11159820	23068672	719972	21599644	23068672	613172	0	0	912536	0	
34603008	34603008	11159796	11159820	23068672	138064	22181552	23068672	106392	0	0	240591	0	
34603008	34603008	11159796	11159820	23068672	3708	22315908	23068672	3708	0	0	64257	0	
34603008	34603008	11159792	11159824	23068672	106024	22213592	23068672	87164	0	0	194524	0	
34603008	34603008	11159796	11159820	23068672	1595308	20724308	23068672	1329292	0	0	1043001	0	
34603008	34603008	11159776	11159840	23068672	1159140	21160476	23068672	954312	0	0	994561	0	
34603008	34603008	11159796	11159820	23068672	776256	21543360	23068672	582132	0	0	720014	0	
34603008	34603008	11159796	11159820	23068672	165884	22153732	23068672	143892	0	0	285519	0	
34603008	34603008	11159796	11159820	23068672	132704	22186912	23068672	114804	0	0	245787	0	
34603008	34603008	11159796	11159820	23068672	1640336	20679280	23068672	1347692	0	0	1136217	0	
34603008	34603008	11159796	11159820	23068672	1146844	21172772	23068672	993592	0	0	906387	0	
34603008	34603008	11159796	11159820	23068672	769256	21550360	23068672	634132	0	0	749792	0	
34603008	34603008	11159796	11159820	23068672	165224	22154392	23068672	137392	0	0	290122	0	
34603008	34603008	11159792	11159824	23068672	14628	22304988	23068672	14628	0	0	83164	0	
34603008	34603008	11159792	11159824	23068672	106024	22213592	23068672	87164	0	0	210146	0	
34603008	34603008	11159796	11159820	23068672	1591048	20728568	23068672	1329292	0	0	1250602	0	
34603008	34603008	11159796	11159820	23068672	1182328	21137288	23068672	954352	0	0	990056	0	
34603008	34603008	11159796	11159820	23068672	699184	21620432	23068672	567672	0	0	634189	0	
34603008	34603008	11159776	11159840	23068672	162344	22157272	23068672	135772	0	0	278603	0	
34603008	34603008	11159784	11159832	23068672	150492	22169124	23068672	125352	0	0	234917	0	
34603008	34603008	11159764	11159852	23068672	78100	22241516	23068672	56012	0	0	145620	0	
34603008	34603008	11159796	11159820	23068672	1525092	20794524	23068672	1258552	0	0	1120738	0	
34603008	34603008	11159796	11159820	23068672	1086184	21233432	23068672	887052	0	0	786411	0	
34603008	34603008	11159796	11159820	23068672	651228	21668388	23068672	574712	0	0	560927	0	
34603008	34603008	11159796	11159820	23068672	161044	22158572	23068672	139112	0	0	279067	0	
34603008	34603008	11159804	11159812	23068672	157212	22162404	23068672	126208	0	0	269780	0	
34603008	34603008	11159744	11159872	23068672	78352	22241264	23068672	56564	0	0	144144	0	
34603008	34603008	11159796	11159820	23068672	1475668	20843948	23068672	1259692	0	0	1137745	0	
34603008	34603008	11159796	11159820	23068672	1139192	21180424	23068672	927072	0	0	1125791	0	
34603008	34603008	11159796	11159820	23068672	775356	21544260	23068672	583192	600	0	708345	0	
34603008	34603008	11159796	11159820	23068672	144364	22175252	23068672	117812	0	0	248991	0	
34603008	34603008	11159804	11159812	23068672	127844	22191772	23068672	110588	0	0	245337	0	
34603008	34603008	11159776	11159840	23068672	1591140	20728476	23068672	1361244	552	0	1161391	0	
34603008	34603008	11159796	11159820	23068672	1156780	21162836	23068672	992852	0	0	1057990	0	
34603008	34603008	11159796	11159820	23068672	766436	21553180	23068672	637712	0	0	822284	0	
34603008	34603008	11159796	11159820	23068672	168604	22151012	23068672	143032	0	0	291401	0	
34603008	34603008	11159804	11159812	23068672	19336	22300280	23068672	19336	0	0	93141	0	
34603008	34603008	11159792	11159824	23068672	106024	22213592	23068672	87164	0	0	213696	0	
34603008	34603008	11159796	11159820	23068672	1654384	20665232	23068672	1329292	0	0	1149195	0	
34603008	34603008	11159796	11159820	23068672	1123472	21196144	23068672	939352	0	0	1091549	0	
34603008	34603008	11159796	11159820	23068672	711184	21608432	23068672	564312	0	0	683191	0	
34603008	34603008	11159796	11159820	23068672	147064	22172552	23068672	124972	0	0	258984	0	
34603008	34603008	11159788	11159828	23068672	140192	22179424	23068672	124336	0	0	273240	0	
34603008	34603008	11159808	11159808	23068672	78392	22241224	23068672	57452	0	0	143108	0	
34603008	34603008	11159796	11159820	23068672	1563020	20756596	23068672	1264652	0	0	988136	0	
34603008	34603008	11159796	11159820	23068672	1111844	21207772	23068672	912852	0	0	1049233	0	
34603008	34603008	11159796	11159820	23068672	710024	21609592	23068672	567232	0	0	635595	0	
34603008	34603008	11159796	11159820	23068672	155984	22163632	23068672	126672	0	0	353768	0	
34603008	34603008	11159796	11159820	23068672	128324	22191292	23068672	110844	0	0	239159	0	
34603008	34603008	11159796	11159820	23068672	1600868	20718748	23068672	1358772	0	0	983383	0	
34603008	34603008	11159796	11159820	23068672	1228596	21091020	23068672	996772	0	0	1148615	0	
34603008	34603008	11159796	11159820	23068672	828012	21491604	23068672	617352	0	0	833355	0	
34603008	34603008	11159796	11159820	23068672	165544	22154072	23068672	143592	0	0	291747	0	
34603008	34603008	11159780	11159836	23068672	135504	22184112	23068672	118352	0	0	286267	0	
34603008	34603008	11159756	11159860	23068672	77464	22242152	23068672	52400	0	0	143834	0	
34603008	34603008	11159796	11159820	23068672	1434780	20884836	23068672	1238812	0	0	879968	0	
34603008	34603008	11159796	11159820	23068672	1160380	21159236	23068672	936312	0	0	971661	0	
34603008	34603008	11159796	11159820	23068672	711772	21607844	23068672	579832	0	0	549533	0	
34603008	34603008	11159796	11159820	23068672	166304	22153312	23068672	144772	0	0	288792	0	
34603008	34603008	11159800	11159816	23068672	132464	22187152	23068672	116168	0	0	253430	0	
34603008	34603008	11159796	11159820	23068672	1643336	20676280	23068672	1346232	0	0	968950	0	
34603008	34603008	11159796	11159820	23068672	1279900	21039716	23068672	990152	0	0	871627	0	
34603008	34603008	11159776	11159840	23068672	771876	21547740	23068672	589572	0	0	713338	0	
34603008	34603008	11159776	11159840	23068672	164624	22154992	23068672	142652	0	0	285695	0	
34603008	34603008	11159784	11159832	23068672	134664	22184952	23068672	117460	0	0	258037	0	
34603008	34603008	11159796	11159820	23068672	77344	22242272	23068672	50244	0	0	142806	0	
34603008	34603008	11159796	11159820	23068672	1482248	20837368	23068672	1234872	0	0	948333	0	
34603008	34603008	11159796	11159820	23068672	1086644	21232972	23068672	896772	0	0	809285	0	
34603008	34603008	11159796	11159820	23068672	712112	21607504	23068672	581172	0	0	602322	0	
34603008	34603008	11159796	11159820	23068672	165644	22153972	23068672	143672	0	0	292990	0	
34603008	34603008	11159776	11159840	23068672	134984	22184632	23068672	118336	0	0	257048	0	
34603008	34603008	11159808	11159808	23068672	77404	22242212	23068672	51352	0	0	138660	0	
34603008	34603008	11159796	11159820	23068672	1472308	20847308	23068672	1236972	0	0	1037971	0	
34603008	34603008	11159796	11159820	23068672	1127692	21191924	23068672	907372	0	0	1009460	0	
34603008	34603008	11159796	11159820	23068672	717972	21601644	23068672	577272	0	0	732685	0	
34603008	34603008	11159796	11159820	23068672	169724	22149892	23068672	136972	0	0	291758	0	
34603008	34603008	11159776	11159840	23068672	130344	22189272	23068672	113084	0	0	238801	0	
34603008	34603008	11159796	11159820	23068672	1597388	20722228	23068672	1357732	0	0	1088519	0	
34603008	34603008	11159796	11159820	23068672	1201808	21117808	23068672	981812	0	0	1052041	0	
34603008	34603008	11159796	11159820	23068672	725172	21594444	23068672	622452	0	0	846612	0	
34603008	34603008	11159796	11159820	23068672	169584	22150032	23068672	147724	0	0	302436	0	
34603008	34603008	11159800	11159816	23068672	24212	22295404	23068672	24212	0	0	99307	0	
34603008	34603008	11159804	11159812	23068672	105964	22213652	23068672	88172	744	0	234013	3	
34603008	34603008	11159796	11159820	23068672	1587748	20731868	23068672	1330052	0	0	1026319	0	
34603008	34603008	11159796	11159820	23068672	1181948	21137668	23068672	955952	0	0	1060972	0	
34603008	34603008	11159796	11159820	23068672	765396	21554220	23068672	569892	0	0	692847	0	
34603008	34603008	11159776	11159840	23068672	166144	22153472	23068672	144032	0	0	290473	0	
34603008	34603008	11159788	11159828	23068672	132224	22187392	23068672	115576	0	0	256682	0	
34603008	34603008	11159796	11159820	23068672	1626216	20693400	23068672	1362252	0	0	1053848	0	
34603008	34603008	11159796	11159820	23068672	1148052	21171564	23068672	989452	0	0	970777	0	
34603008	34603008	11159796	11159820	23068672	800644	21518972	23068672	639532	0	0	802721	0	
34603008	34603008	11159776	11159840	23068672	143164	22176452	23068672	118352	0	0	250154	0	
34603008	34603008	11159800	11159816	23068672	14584	22305032	23068672	14584	0	0	94945	0	
34603008	34603008	11159792	11159824	23068672	105904	22213712	23068672	88404	888	0	200351	6	
34603008	34603008	11159796	11159820	23068672	1570532	20749084	23068672	1329892	0	0	1319386	0	
34603008	34603008	11159796	11159820	23068672	1207008	21112608	23068672	956552	0	0	983644	0	
34603008	34603008	11159796	11159820	23068672	722112	21597504	23068672	564092	680	0	618123	0	
34603008	34603008	11159796	11159820	23068672	138884	22180732	23068672	116552	0	0	245207	0	
34603008	34603008	11159780	11159836	23068672	154152	22165464	23068672	123104	0	0	309136	0	
34603008	34603008	11159792	11159824	23068672	78572	22241044	23068672	55472	0	0	147065	0	
34603008	34603008	11159796	11159820	23068672	1479128	20840488	23068672	1251092	0	0	1008029	0	
34603008	34603008	11159796	11159820	23068672	1116192	21203424	23068672	916472	0	0	821489	0	
34603008	34603008	11159796	11159820	23068672	705712	21613904	23068672	577992	0	0	636634	0	
34603008	34603008	11159796	11159820	23068672	173244	22146372	23068672	151608	0	0	314602	0	
34603008	34603008	11159792	11159824	23068672	134244	22185372	23068672	117264	0	0	259263	0	
34603008	34603008	11159772	11159844	23068672	76748	22242868	23068672	47936	492	0	159706	0	
34603008	34603008	11159796	11159820	23068672	1532272	20787344	23068672	1232612	0	0	946840	0	
34603008	34603008	11159796	11159820	23068672	1132952	21186664	23068672	907052	0	0	837109	0	
34603008	34603008	11159796	11159820	23068672	715452	21604164	23068672	556620	0	0	625510	0	
34603008	34603008	11159808	11159808	23068672	151564	22168052	23068672	128860	28	0	261054	0	
34603008	34603008	11159804	11159812	23068672	122704	22196912	23068672	105316	0	0	235601	0	
34603008	34603008	11159796	11159820	23068672	1614008	20705608	23068672	1353952	0	0	1192442	0	
34603008	34603008	11159796	11159820	23068672	1206168	21113448	23068672	984772	0	0	950801	0	
34603008	34603008	11159796	11159820	23068672	694804	21624812	23068672	609244	0	0	839387	0	
34603008	34603008	11159796	11159820	23068672	121644	22197972	23068672	122104	492	0	283365	0	
34603008	34603008	11159808	11159808	23068672	41636	22277980	23068672	38524	0	0	131510	0	
34603008	34603008	11159800	11159816	23068672	105664	22213952	23068672	86420	0	0	216589	0	
34603008	34603008	11159796	11159820	23068672	1630336	20689280	23068672	1328552	0	0	1159138	0	
34603008	34603008	11159796	11159820	23068672	1161840	21157776	23068672	944432	0	0	1039601	0	
34603008	34603008	11159796	11159820	23068672	701064	21618552	23068672	550972	0	0	713912	0	
34603008	34603008	11159796	11159820	23068672	121264	22198352	23068672	120452	0	0	270091	0	
34603008	34603008	11159792	11159824	23068672	153012	22166604	23068672	126928	0	0	281910	0	
34603008	34603008	11159800	11159816	23068672	78196	22241420	23068672	57904	0	0	144669	0	
34603008	34603008	11159776	11159840	23068672	1522412	20797204	23068672	1269152	0	0	1059048	0	
34603008	34603008	11159796	11159820	23068672	1065656	21253960	23068672	901732	0	0	831627	0	
34603008	34603008	11159796	11159820	23068672	777836	21541780	23068672	566472	0	0	666513	0	
34603008	34603008	11159796	11159820	23068672	163224	22156392	23068672	141252	0	0	286260	0	
34603008	34603008	11159756	11159860	23068672	130584	22189032	23068672	112752	0	0	248924	0	
34603008	34603008	11159776	11159840	23068672	1608968	20710648	23068672	1358852	0	0	1076665	0	
34603008	34603008	11159776	11159840	23068672	1157400	21162216	23068672	992732	0	0	1093921	0	
34603008	34603008	11159796	11159820	23068672	788976	21530640	23068672	637132	0	0	971113	0	
34603008	34603008	11159796	11159820	23068672	147524	22172092	23068672	125192	0	0	260424	0	
34603008	34603008	11159800	11159816	23068672	17076	22302540	23068672	17076	0	0	90820	0	
34603008	34603008	11159792	11159824	23068672	106024	22213592	23068672	87164	0	0	217108	0	
34603008	34603008	11159796	11159820	23068672	1589028	20730588	23068672	1329292	0	0	1104720	0	
34603008	34603008	11159796	11159820	23068672	1173740	21145876	23068672	955472	0	0	1109357	0	
34603008	34603008	11159796	11159820	23068672	714464	21605152	23068672	576072	0	0	677747	0	
34603008	34603008	11159796	11159820	23068672	154964	22164652	23068672	132892	0	0	273951	0	
34603008	34603008	11159792	11159824	23068672	136092	22183524	23068672	124256	0	0	265029	0	
34603008	34603008	11159780	11159836	23068672	78232	22241384	23068672	58232	0	0	155477	0	
34603008	34603008	11159796	11159820	23068672	1556260	20763356	23068672	1270472	0	0	1010276	0	
34603008	34603008	11159796	11159820	23068672	1076848	21242768	23068672	911892	0	0	966091	0	
34603008	34603008	11159796	11159820	23068672	763056	21556560	23068672	580692	0	0	681491	0	
34603008	34603008	11159796	11159820	23068672	155944	22163672	23068672	124432	0	0	274566	0	
34603008	34603008	11159796	11159820	23068672	127704	22191912	23068672	109780	0	0	240363	0	
34603008	34603008	11159796	11159820	23068672	1636576	20683040	23068672	1359632	0	0	1137546	0	
34603008	34603008	11159796	11159820	23068672	1207992	21111624	23068672	986252	0	0	912504	0	
34603008	34603008	11159776	11159840	23068672	795184	21524432	23068672	609852	0	0	831148	0	
34603008	34603008	11159796	11159820	23068672	143284	22176332	23068672	121192	0	0	247759	0	
34603008	34603008	11159792	11159824	23068672	154832	22164784	23068672	124628	0	0	245144	0	
34603008	34603008	11159800	11159816	23068672	77920	22241696	23068672	54964	0	0	163178	0	
34603008	34603008	11159796	11159820	23068672	1522052	20797564	23068672	1252832	0	0	996955	0	
34603008	34603008	11159796	11159820	23068672	1109844	21209772	23068672	884052	0	0	1008492	0	
34603008	34603008	11159796	11159820	23068672	705712	21613904	23068672	571812	0	0	697283	0	
34603008	34603008	11159796	11159820	23068672	162804	22156812	23068672	137552	0	0	378459	0	
34603008	34603008	11159788	11159828	23068672	131364	22188252	23068672	114104	0	0	247619	0	
34603008	34603008	11159796	11159820	23068672	1583620	20735996	23068672	1362172	0	0	1110898	0	
34603008	34603008	11159796	11159820	23068672	1239916	21079700	23068672	996492	0	0	923923	0	
34603008	34603008	11159796	11159820	23068672	773616	21546000	23068672	624572	0	0	845521	0	
34603008	34603008	11159796	11159820	23068672	163064	22156552	23068672	141072	0	0	283671	0	
34603008	34603008	11159796	11159820	23068672	149792	22169824	23068672	131468	0	0	239549	0	
34603008	34603008	11159748	11159868	23068672	77860	22241756	23068672	62272	0	0	142819	0	
34603008	34603008	11159796	11159820	23068672	1532812	20786804	23068672	1283772	0	0	1119523	0	
34603008	34603008	11159796	11159820	23068672	1133632	21185984	23068672	917032	0	0	958841	0	
34603008	34603008	11159796	11159820	23068672	694744	21624872	23068672	578732	0	0	656893	0	
34603008	34603008	11159796	11159820	23068672	167504	22152112	23068672	142212	0	0	393201	0	
34603008	34603008	11159792	11159824	23068672	134284	22185332	23068672	117320	0	0	252949	0	
34603008	34603008	11159792	11159824	23068672	76928	22242688	23068672	47928	0	0	141733	0	
34603008	34603008	11159796	11159820	23068672	1493808	20825808	23068672	1232812	0	0	1102353	0	
34603008	34603008	11159796	11159820	23068672	1131632	21187984	23068672	886492	0	0	780565	0	
34603008	34603008	11159796	11159820	23068672	794424	21525192	23068672	569832	0	0	575547	0	
34603008	34603008	11159804	11159812	23068672	147224	22172392	23068672	122872	0	0	333062	0	
34603008	34603008	11159768	11159848	23068672	118584	22201032	23068672	101064	0	0	224537	0	
34603008	34603008	11159796	11159820	23068672	1573120	20746496	23068672	1344512	0	0	1141038	0	
34603008	34603008	11159796	11159820	23068672	1197028	21122588	23068672	982392	0	0	950326	0	
34603008	34603008	11159796	11159820	23068672	764036	21555580	23068672	617952	0	0	878147	0	
34603008	34603008	11159796	11159820	23068672	164644	22154972	23068672	142852	0	0	286540	0	
34603008	34603008	11159804	11159812	23068672	143804	22175812	23068672	127844	0	0	272834	0	
34603008	34603008	11159792	11159824	23068672	79088	22240528	23068672	61088	0	0	146124	0	
34603008	34603008	11159796	11159820	23068672	1537812	20781804	23068672	1279072	0	0	1048270	0	
34603008	34603008	11159796	11159820	23068672	1142672	21176944	23068672	902852	0	0	866103	0	
34603008	34603008	11159796	11159820	23068672	712984	21606632	23068672	573192	0	0	639774	0	
34603008	34603008	11159796	11159820	23068672	158064	22161552	23068672	136112	0	0	272280	0	
34603008	34603008	11159776	11159840	23068672	129744	22189872	23068672	112164	0	0	251406	0	
34603008	34603008	11159776	11159840	23068672	1638336	20681280	23068672	1364372	0	0	1083171	0	
34603008	34603008	11159796	11159820	23068672	1184108	21135508	23068672	985012	0	0	1117493	0	
34603008	34603008	11159796	11159820	23068672	761796	21557820	23068672	619412	0	0	869459	0	
34603008	34603008	11159796	11159820	23068672	163444	22156172	23068672	141512	0	0	310161	0	
34603008	34603008	11159744	11159872	23068672	161752	22157864	23068672	130708	0	0	269957	0	
34603008	34603008	11159784	11159832	23068672	79648	22239968	23068672	61840	0	0	153143	0	
34603008	34603008	11159776	11159840	23068672	1472328	20847288	23068672	1279932	0	0	1099126	0	
34603008	34603008	11159776	11159840	23068672	1137212	21182404	23068672	943852	0	0	1078371	0	
34603008	34603008	11159796	11159820	23068672	688724	21630892	23068672	563972	0	0	699987	0	
34603008	34603008	11159796	11159820	23068672	160664	22158952	23068672	138712	0	0	281546	0	
34603008	34603008	11159804	11159812	23068672	159912	22159704	23068672	125340	0	0	316640	0	
34603008	34603008	11159776	11159840	23068672	78080	22241536	23068672	55724	0	0	144322	0	
34603008	34603008	11159796	11159820	23068672	1465788	20853828	23068672	1256912	0	0	1036839	0	
34603008	34603008	11159796	11159820	23068672	1153672	21165944	23068672	930712	0	0	948509	0	
34603008	34603008	11159796	11159820	23068672	800684	21518932	23068672	578492	0	0	658850	0	
34603008	34603008	11159808	11159808	23068672	154104	22165512	23068672	132292	0	0	265910	0	
34603008	34603008	11159784	11159832	23068672	121404	22198212	23068672	104560	0	0	281316	0	
34603008	34603008	11159796	11159820	23068672	1568980	20750636	23068672	1351612	0	0	1122501	0	
34603008	34603008	11159796	11159820	23068672	1204068	21115548	23068672	994232	0	0	909796	0	
34603008	34603008	11159796	11159820	23068672	778216	21541400	23068672	620052	0	0	809078	0	
34603008	34603008	11159796	11159820	23068672	164404	22155212	23068672	142532	0	0	291502	0	
34603008	34603008	11159800	11159816	23068672	144084	22175532	23068672	128340	0	0	279024	0	
34603008	34603008	11159808	11159808	23068672	78968	22240648	23068672	61316	0	0	147441	0	
34603008	34603008	11159796	11159820	23068672	1478560	20841056	23068672	1281292	0	0	1123090	0	
34603008	34603008	11159796	11159820	23068672	1120252	21199364	23068672	941372	0	0	954591	0	
34603008	34603008	11159796	11159820	23068672	680464	21639152	23068672	574272	0	0	681886	0	
34603008	34603008	11159796	11159820	23068672	164064	22155552	23068672	142192	0	0	289701	0	
34603008	34603008	11159792	11159824	23068672	143620	22175996	23068672	127448	0	0	280258	0	
34603008	34603008	11159792	11159824	23068672	79568	22240048	23068672	61364	0	0	147329	0	
34603008	34603008	11159796	11159820	23068672	1486168	20833448	23068672	1279332	0	0	1112967	0	
34603008	34603008	11159796	11159820	23068672	1081436	21238180	23068672	937592	0	0	1033331	0	
34603008	34603008	11159776	11159840	23068672	766176	21553440	23068672	594052	0	0	908438	0	
34603008	34603008	11159776	11159840	23068672	145444	22174172	23068672	113792	0	0	255876	0	
34603008	34603008	11159796	11159820	23068672	138384	22181232	23068672	122492	0	0	296384	0	
34603008	34603008	11159796	11159820	23068672	78372	22241244	23068672	55836	0	0	148542	0	
34603008	34603008	11159796	11159820	23068672	1456480	20863136	23068672	1255032	0	0	907671	0	
34603008	34603008	11159796	11159820	23068672	1114492	21205124	23068672	935432	0	0	1096832	0	
34603008	34603008	11159796	11159820	23068672	672904	21646712	23068672	564512	0	0	727148	0	
34603008	34603008	11159776	11159840	23068672	165424	22154192	23068672	140712	0	0	286807	0	
34603008	34603008	11159788	11159828	23068672	142672	22176944	23068672	127136	0	0	287940	0	
34603008	34603008	11159792	11159824	23068672	79268	22240348	23068672	60548	0	0	148594	0	
34603008	34603008	11159796	11159820	23068672	1563512	20756104	23068672	1276652	0	0	1051328	0	
34603008	34603008	11159796	11159820	23068672	1117572	21202044	23068672	893968	0	0	907573	0	
34603008	34603008	11159796	11159820	23068672	718232	21601384	23068672	570592	0	0	592164	0	
34603008	34603008	11159796	11159820	23068672	151784	22167832	23068672	129072	360	0	259705	0	
34603008	34603008	11159792	11159824	23068672	129084	22190532	23068672	111524	0	0	251546	0	
34603008	34603008	11159796	11159820	23068672	1603780	20715836	23068672	1362292	0	0	1039126	0	
34603008	34603008	11159796	11159820	23068672	1221336	21098280	23068672	989572	0	0	1046363	0	
34603008	34603008	11159776	11159840	23068672	776496	21543120	23068672	622372	0	0	891688	0	
34603008	34603008	11159796	11159820	23068672	163524	22156092	23068672	141932	0	0	289154	0	
34603008	34603008	11159804	11159812	23068672	157732	22161884	23068672	128252	0	0	280794	0	
34603008	34603008	11159804	11159812	23068672	78020	22241596	23068672	58108	324	0	152342	0	
34603008	34603008	11159796	11159820	23068672	1482268	20837348	23068672	1269372	0	0	1021178	0	
34603008	34603008	11159796	11159820	23068672	1133572	21186044	23068672	931572	0	0	1040725	0	
34603008	34603008	11159796	11159820	23068672	678016	21641600	23068672	580672	0	0	713808	0	
34603008	34603008	11159796	11159820	23068672	153964	22165652	23068672	131292	0	0	266417	0	
34603008	34603008	11159784	11159832	23068672	153932	22165684	23068672	125116	0	0	245735	0	
34603008	34603008	11159788	11159828	23068672	77524	22242092	23068672	55140	0	0	143188	0	
34603008	34603008	11159796	11159820	23068672	1448980	20870636	23068672	1256732	0	0	986646	0	
34603008	34603008	11159796	11159820	23068672	1115284	21204332	23068672	937412	0	0	946186	0	
34603008	34603008	11159796	11159820	23068672	711512	21608104	23068672	571632	0	0	667500	0	
34603008	34603008	11159796	11159820	23068672	155944	22163672	23068672	131292	0	0	357352	0	
34603008	34603008	11159796	11159820	23068672	159012	22160604	23068672	124608	0	0	252230	0	
34603008	34603008	11159756	11159860	23068672	77760	22241856	23068672	54532	0	0	143141	0	
34603008	34603008	11159776	11159840	23068672	1525812	20793804	23068672	1250912	0	0	1071337	0	
34603008	34603008	11159796	11159820	23068672	1129352	21190264	23068672	894292	0	0	868840	0	
34603008	34603008	11159796	11159820	23068672	669556	21650060	23068672	567992	0	0	663190	0	
34603008	34603008	11159796	11159820	23068672	165784	22153832	23068672	143892	0	0	287030	0	
34603008	34603008	11159792	11159824	23068672	132144	22187472	23068672	115416	0	0	283271	0	
34603008	34603008	11159796	11159820	23068672	1601900	20717716	23068672	1364992	0	0	1161045	0	
34603008	34603008	11159796	11159820	23068672	1184648	21134968	23068672	988372	0	0	897666	0	
34603008	34603008	11159796	11159820	23068672	766316	21553300	23068672	630952	0	0	935259	0	
34603008	34603008	11159796	11159820	23068672	158504	22161112	23068672	136372	0	0	282190	0	
34603008	34603008	11159804	11159812	23068672	36048	22283568	23068672	19868	0	0	102793	0	
34603008	34603008	11159808	11159808	23068672	104124	22215492	23068672	84460	0	0	210708	0	
34603008	34603008	11159796	11159820	23068672	1579160	20740456	23068672	1324152	0	0	1180612	0	
34603008	34603008	11159796	11159820	23068672	1121452	21198164	23068672	955412	0	0	926240	0	
34603008	34603008	11159796	11159820	23068672	702028	21617588	23068672	608252	0	0	795718	0	
34603008	34603008	11159796	11159820	23068672	129824	22189792	23068672	104592	0	0	221367	0	
34603008	34603008	11159804	11159812	23068672	8612	22311004	23068672	8612	0	0	73816	0	
34603008	34603008	11159792	11159824	23068672	106024	22213592	23068672	87164	0	0	203415	0	
34603008	34603008	11159796	11159820	23068672	1558620	20760996	23068672	1329252	0	0	1065603	0	
34603008	34603008	11159796	11159820	23068672	1173360	21146256	23068672	956572	0	0	1009720	0	
34603008	34603008	11159796	11159820	23068672	723124	21596492	23068672	598552	0	0	841520	0	
34603008	34603008	11159796	11159820	23068672	164384	22155232	23068672	137492	0	0	290117	0	
34603008	34603008	11159772	11159844	23068672	154696	22164920	23068672	126116	0	0	301366	0	
34603008	34603008	11159792	11159824	23068672	78768	22240848	23068672	58056	0	0	147143	0	
34603008	34603008	11159796	11159820	23068672	1475288	20844328	23068672	1265512	0	0	997443	0	
34603008	34603008	11159796	11159820	23068672	1129292	21190324	23068672	932572	0	0	1119975	0	
34603008	34603008	11159796	11159820	23068672	683144	21636472	23068672	564032	0	0	657539	0	
34603008	34603008	11159796	11159820	23068672	132224	22187392	23068672	131452	0	0	286514	0	
34603008	34603008	11159792	11159824	23068672	155752	22163864	23068672	128096	0	0	250022	0	
34603008	34603008	11159792	11159824	23068672	78968	22240648	23068672	59000	0	0	145723	0	
34603008	34603008	11159796	11159820	23068672	1483688	20835928	23068672	1270672	0	0	1045652	0	
34603008	34603008	11159796	11159820	23068672	1140132	21179484	23068672	931412	0	0	961249	0	
34603008	34603008	11159796	11159820	23068672	729872	21589744	23068672	577372	0	0	617049	0	
34603008	34603008	11159796	11159820	23068672	164584	22155032	23068672	142552	0	0	288176	0	
34603008	34603008	11159792	11159824	23068672	132044	22187572	23068672	115248	0	0	252135	0	
34603008	34603008	11159776	11159840	23068672	1626116	20693500	23068672	1364032	0	0	1117534	0	
34603008	34603008	11159796	11159820	23068672	1165760	21153856	23068672	988412	0	0	995041	0	
34603008	34603008	11159776	11159840	23068672	776176	21543440	23068672	626372	0	0	794049	0	
34603008	34603008	11159796	11159820	23068672	144344	22175272	23068672	122452	0	0	252839	0	
34603008	34603008	11159792	11159824	23068672	17440	22302176	23068672	17440	0	0	92414	0	
34603008	34603008	11159792	11159824	23068672	106024	22213592	23068672	87164	0	0	232541	0	
34603008	34603008	11159796	11159820	23068672	1575520	20744096	23068672	1329252	0	0	1229776	0	
34603008	34603008	11159796	11159820	23068672	1159280	21160336	23068672	953812	0	0	904029	0	
34603008	34603008	11159796	11159820	23068672	719568	21600048	23068672	596652	0	0	786704	0	
34603008	34603008	11159796	11159820	23068672	159904	22159712	23068672	137852	0	0	287512	0	
34603008	34603008	11159784	11159832	23068672	166332	22153284	23068672	127328	0	0	302498	0	
34603008	34603008	11159780	11159836	23068672	78592	22241024	23068672	57064	0	0	150244	0	
34603008	34603008	11159796	11159820	23068672	1530212	20789404	23068672	1261092	0	0	1028463	0	
34603008	34603008	11159796	11159820	23068672	1116092	21203524	23068672	886572	0	0	813003	0	
34603008	34603008	11159796	11159820	23068672	798424	21521192	23068672	569392	0	0	703270	0	
34603008	34603008	11159776	11159840	23068672	150804	22168812	23068672	129032	0	0	259547	0	
34603008	34603008	11159776	11159840	23068672	119584	22200032	23068672	102316	0	0	224508	0	
34603008	34603008	11159776	11159840	23068672	1610728	20708888	23068672	1347672	0	0	1079070	0	
34603008	34603008	11159796	11159820	23068672	1140652	21178964	23068672	975992	0	0	1035746	0	
34603008	34603008	11159796	11159820	23068672	814984	21504632	23068672	624052	0	0	806690	0	
34603008	34603008	11159796	11159820	23068672	159704	22159912	23068672	137732	0	0	279311	0	
34603008	34603008	11159804	11159812	23068672	141248	22178368	23068672	124084	0	0	344729	0	
34603008	34603008	11159788	11159828	23068672	77860	22241756	23068672	57572	0	0	145323	0	
34603008	34603008	11159796	11159820	23068672	1536112	20783504	23068672	1269112	0	0	952182	0	
34603008	34603008	11159796	11159820	23068672	1050796	21268820	23068672	890652	0	0	924819	0	
34603008	34603008	11159796	11159820	23068672	719764	21599852	23068672	567372	0	0	661655	0	
34603008	34603008	11159796	11159820	23068672	143924	22175692	23068672	121852	0	0	257942	0	
34603008	34603008	11159800	11159816	23068672	155112	22164504	23068672	124576	0	0	249057	0	
34603008	34603008	11159808	11159808	23068672	77740	22241876	23068672	54752	0	0	144419	0	
34603008	34603008	11159796	11159820	23068672	1493348	20826268	23068672	1252712	0	0	1108625	0	
34603008	34603008	11159796	11159820	23068672	1132372	21187244	23068672	907192	0	0	906601	0	
34603008	34603008	11159796	11159820	23068672	721752	21597864	23068672	575412	0	0	608802	0	
34603008	34603008	11159796	11159820	23068672	162064	22157552	23068672	140212	0	0	286112	0	
34603008	34603008	11159800	11159816	23068672	130244	22189372	23068672	112960	0	0	240852	0	
34603008	34603008	11159776	11159840	23068672	1640408	20679208	23068672	1365692	0	0	1153329	0	
34603008	34603008	11159796	11159820	23068672	1192948	21126668	23068672	985092	0	0	1063549	0	
34603008	34603008	11159796	11159820	23068672	797676	21521940	23068672	621572	0	0	873594	0	
34603008	34603008	11159796	11159820	23068672	159244	22160372	23068672	137292	0	0	275874	0	
34603008	34603008	11159796	11159820	23068672	156648	22162968	23068672	123824	0	0	273767	0	
34603008	34603008	11159792	11159824	23068672	77604	22242012	23068672	55412	0	0	145294	0	
34603008	34603008	11159776	11159840	23068672	1529672	20789944	23068672	1258492	0	0	1032494	0	
34603008	34603008	11159796	11159820	23068672	1078676	21240940	23068672	883212	0	0	895174	0	
34603008	34603008	11159796	11159820	23068672	802504	21517112	23068672	576532	0	0	707666	0	
34603008	34603008	11159804	11159812	23068672	148724	22170892	23068672	126412	0	0	260927	0	
34603008	34603008	11159808	11159808	23068672	123984	22195632	23068672	104292	0	0	225260	0	
34603008	34603008	11159796	11159820	23068672	1635356	20684260	23068672	1356572	0	0	1158633	0	
34603008	34603008	11159796	11159820	23068672	1187668	21131948	23068672	977892	0	0	1068100	0	
34603008	34603008	11159796	11159820	23068672	707692	21611924	23068672	610072	0	0	922958	0	
34603008	34603008	11159796	11159820	23068672	134264	22185352	23068672	112292	0	0	233976	0	
34603008	34603008	11159796	11159820	23068672	14788	22304828	23068672	14788	0	0	83864	0	
34603008	34603008	11159792	11159824	23068672	106024	22213592	23068672	87164	0	0	190574	0	
34603008	34603008	11159796	11159820	23068672	1608048	20711568	23068672	1329252	0	0	1204228	0	
34603008	34603008	11159796	11159820	23068672	1128732	21190884	23068672	947212	0	0	948591	0	
34603008	34603008	11159776	11159840	23068672	775016	21544600	23068672	595152	0	0	723170	0	
34603008	34603008	11159796	11159820	23068672	166004	22153612	23068672	144372	0	0	287776	0	
34603008	34603008	11159788	11159828	23068672	135124	22184492	23068672	118532	0	0	260119	0	
34603008	34603008	11159776	11159840	23068672	76848	22242768	23068672	51396	0	0	141065	0	
34603008	34603008	11159796	11159820	23068672	1455200	20864416	23068672	1237852	0	0	917564	0	
34603008	34603008	11159796	11159820	23068672	1154700	21164916	23068672	921172	0	0	857239	0	
34603008	34603008	11159776	11159840	23068672	726732	21592884	23068672	573152	0	0	710475	0	
34603008	34603008	11159796	11159820	23068672	157464	22162152	23068672	135352	0	0	271010	0	
34603008	34603008	11159792	11159824	23068672	129684	22189932	23068672	112700	0	0	247082	0	
34603008	34603008	11159796	11159820	23068672	1608408	20711208	23068672	1363672	0	0	1223485	0	
34603008	34603008	11159796	11159820	23068672	1181488	21138128	23068672	988892	0	0	1187127	0	
34603008	34603008	11159796	11159820	23068672	835464	21484152	23068672	625012	0	0	923591	0	
34603008	34603008	11159796	11159820	23068672	160184	22159432	23068672	138372	0	0	278260	0	
34603008	34603008	11159792	11159824	23068672	156992	22162624	23068672	124992	0	0	275790	0	
34603008	34603008	11159804	11159812	23068672	78020	22241596	23068672	56004	0	0	144211	0	
34603008	34603008	11159796	11159820	23068672	1473188	20846428	23068672	1258972	0	0	1136035	0	
34603008	34603008	11159796	11159820	23068672	1080936	21238680	23068672	927112	0	0	913025	0	
34603008	34603008	11159776	11159840	23068672	771416	21548200	23068672	581112	0	0	673710	0	
34603008	34603008	11159796	11159820	23068672	136364	22183252	23068672	136312	0	0	298245	0	
34603008	34603008	11159808	11159808	23068672	136824	22182792	23068672	120796	0	0	269214	0	
34603008	34603008	11159772	11159844	23068672	78000	22241616	23068672	54112	0	0	166927	0	
34603008	34603008	11159796	11159820	23068672	1532432	20787184	23068672	1246792	0	0	957997	0	
34603008	34603008	11159796	11159820	23068672	1137332	21182284	23068672	908192	0	0	973353	0	
34603008	34603008	11159796	11159820	23068672	698444	21621172	23068672	561292	0	0	655087	0	
34603008	34603008	11159796	11159820	23068672	144904	22174712	23068672	121952	0	0	250780	0	
34603008	34603008	11159792	11159824	23068672	128824	22190792	23068672	111928	0	0	246699	0	
34603008	34603008	11159796	11159820	23068672	1600500	20719116	23068672	1360852	0	0	1276911	0	
34603008	34603008	11159796	11159820	23068672	1196728	21122888	23068672	990072	0	0	942021	0	
34603008	34603008	11159796	11159820	23068672	727008	21592608	23068672	626872	0	0	830891	0	
34603008	34603008	11159796	11159820	23068672	161884	22157732	23068672	139852	0	0	318004	0	
34603008	34603008	11159804	11159812	23068672	20784	22298832	23068672	20784	0	0	102378	0	
34603008	34603008	11159792	11159824	23068672	106024	22213592	23068672	87164	0	0	194487	0	
34603008	34603008	11159796	11159820	23068672	1588948	20730668	23068672	1329252	0	0	1142987	0	
34603008	34603008	11159796	11159820	23068672	1124992	21194624	23068672	955472	0	0	1036369	0	
34603008	34603008	11159796	11159820	23068672	732192	21587424	23068672	606012	0	0	804824	0	
34603008	34603008	11159796	11159820	23068672	167544	22152072	23068672	142112	0	0	391881	0	
34603008	34603008	11159792	11159824	23068672	158572	22161044	23068672	127500	0	0	252157	0	
34603008	34603008	11159796	11159820	23068672	79408	22240208	23068672	58860	0	0	147219	0	
34603008	34603008	11159796	11159820	23068672	1528972	20790644	23068672	1266872	0	0	1039224	0	
34603008	34603008	11159796	11159820	23068672	1049668	21269948	23068672	893992	0	0	871988	0	
34603008	34603008	11159796	11159820	23068672	674224	21645392	23068672	571132	0	0	691349	0	
34603008	34603008	11159796	11159820	23068672	165004	22154612	23068672	143172	0	0	286559	0	
34603008	34603008	11159792	11159824	23068672	143764	22175852	23068672	127576	0	0	273103	0	
34603008	34603008	11159804	11159812	23068672	79128	22240488	23068672	61068	0	0	147533	0	
34603008	34603008	11159776	11159840	23068672	1536092	20783524	23068672	1279032	0	0	1201439	0	
34603008	34603008	11159796	11159820	23068672	1096424	21223192	23068672	903812	0	0	780552	0	
34603008	34603008	11159796	11159820	23068672	762736	21556880	23068672	580452	0	0	638605	0	
34603008	34603008	11159796	11159820	23068672	157464	22162152	23068672	135352	0	0	274056	0	
34603008	34603008	11159792	11159824	23068672	129684	22189932	23068672	112700	0	0	245576	0	
34603008	34603008	11159796	11159820	23068672	1629436	20690180	23068672	1363672	0	0	1057936	0	
34603008	34603008	11159796	11159820	23068672	1169420	21150196	23068672	988592	0	0	1046941	0	
34603008	34603008	11159796	11159820	23068672	788236	21531380	23068672	628352	0	0	809480	0	
34603008	34603008	11159776	11159840	23068672	165844	22153772	23068672	140012	0	0	288454	0	
34603008	34603008	11159804	11159812	23068672	170000	22149616	23068672	129324	0	0	297866	0	
34603008	34603008	11159788	11159828	23068672	78652	22240964	23068672	58972	0	0	143956	0	
34603008	34603008	11159796	11159820	23068672	1477968	20841648	23068672	1272192	0	0	1151196	0	
34603008	34603008	11159796	11159820	23068672	1126552	21193064	23068672	936692	0	0	1062436	0	
34603008	34603008	11159796	11159820	23068672	678104	21641512	23068672	556592	0	0	648432	0	
34603008	34603008	11159796	11159820	23068672	160844	22158772	23068672	138972	0	0	277196	0	
34603008	34603008	11159780	11159836	23068672	141584	22178032	23068672	125864	0	0	275293	0	
34603008	34603008	11159800	11159816	23068672	78692	22240924	23068672	58724	0	0	145488	0	
34603008	34603008	11159796	11159820	23068672	1527712	20791904	23068672	1270592	0	0	1165040	0	
34603008	34603008	11159796	11159820	23068672	1091964	21227652	23068672	898592	0	0	860841	0	
34603008	34603008	11159796	11159820	23068672	765436	21554180	23068672	579032	0	0	595805	0	
34603008	34603008	11159796	11159820	23068672	153764	22165852	23068672	131852	0	0	264285	0	
34603008	34603008	11159776	11159840	23068672	129484	22190132	23068672	111884	0	0	240189	0	
34603008	34603008	11159796	11159820	23068672	1573680	20745936	23068672	1362932	0	0	1140452	0	
34603008	34603008	11159796	11159820	23068672	1222496	21097120	23068672	994432	0	0	905111	0	
34603008	34603008	11159796	11159820	23068672	789196	21530420	23068672	629532	0	0	824551	0	
34603008	34603008	11159796	11159820	23068672	162624	22156992	23068672	140492	0	0	286729	0	
34603008	34603008	11159804	11159812	23068672	161472	22158144	23068672	130428	0	0	258798	0	
34603008	34603008	11159808	11159808	23068672	79188	22240428	23068672	60996	0	0	147911	0	
34603008	34603008	11159796	11159820	23068672	1488208	20831408	23068672	1278632	0	0	1059281	0	
34603008	34603008	11159796	11159820	23068672	1149460	21170156	23068672	936512	0	0	1074433	0	
34603008	34603008	11159796	11159820	23068672	792236	21527380	23068672	577752	0	0	656942	0	
34603008	34603008	11159796	11159820	23068672	154144	22165472	23068672	132352	0	0	264102	0	
34603008	34603008	11159796	11159820	23068672	113816	22205800	23068672	107980	0	0	284911	0	
34603008	34603008	11159776	11159840	23068672	1588968	20730648	23068672	1358520	0	0	1013856	0	
34603008	34603008	11159776	11159840	23068672	1190168	21129448	23068672	991260	148	0	1103903	0	
34603008	34603008	11159796	11159820	23068672	784376	21535240	23068672	621732	0	0	790047	0	
34603008	34603008	11159796	11159820	23068672	165584	22154032	23068672	141192	0	0	373018	0	
34603008	34603008	11159760	11159856	23068672	165692	22153924	23068672	130464	0	0	285180	0	
34603008	34603008	11159808	11159808	23068672	79488	22240128	23068672	61296	28	0	153817	0	
34603008	34603008	11159796	11159820	23068672	1530892	20788724	23068672	1279292	0	0	1035198	0	
34603008	34603008	11159796	11159820	23068672	1137072	21182544	23068672	907192	0	0	898482	0	
34603008	34603008	11159796	11159820	23068672	764376	21555240	23068672	572372	0	0	621108	0	
34603008	34603008	11159796	11159820	23068672	153424	22166192	23068672	131432	0	0	264778	0	
34603008	34603008	11159808	11159808	23068672	125304	22194312	23068672	108344	0	0	235447	0	
34603008	34603008	11159796	11159820	23068672	1604868	20714748	23068672	1357372	0	0	1226518	0	
34603008	34603008	11159796	11159820	23068672	1126892	21192724	23068672	986272	0	0	963649	0	
34603008	34603008	11159796	11159820	23068672	818484	21501132	23068672	635592	0	0	854705	0	
34603008	34603008	11159796	11159820	23068672	164864	22154752	23068672	142708	0	0	287748	0	
34603008	34603008	11159796	11159820	23068672	161412	22158204	23068672	130932	0	0	297059	0	
34603008	34603008	11159804	11159812	23068672	80348	22239268	23068672	62984	384	0	162284	0	
34603008	34603008	11159796	11159820	23068672	1566020	20753596	23068672	1280572	720	0	1173183	1	
34603008	34603008	11159796	11159820	23068672	1082324	21237292	23068672	895672	0	0	896068	0	
34603008	34603008	11159796	11159820	23068672	715764	21603852	23068672	581152	0	0	695690	0	
34603008	34603008	11159796	11159820	23068672	167264	22152352	23068672	145584	0	0	303799	0	
34603008	34603008	11159792	11159824	23068672	132384	22187232	23068672	116100	0	0	261498	0	
34603008	34603008	11159796	11159820	23068672	1602628	20716988	23068672	1345648	196	0	1035749	0	
34603008	34603008	11159796	11159820	23068672	1233756	21085860	23068672	988872	0	0	918051	0	
34603008	34603008	11159796	11159820	23068672	828844	21490772	23068672	622152	0	0	797153	0	
34603008	34603008	11159796	11159820	23068672	147984	22171632	23068672	125852	0	0	257613	0	
34603008	34603008	11159800	11159816	23068672	146192	22173424	23068672	124288	0	0	284121	0	
34603008	34603008	11159796	11159820	23068672	78160	22241456	23068672	56480	0	0	144663	0	
34603008	34603008	11159796	11159820	23068672	1522272	20797344	23068672	1260092	0	0	1148086	0	
34603008	34603008	11159796	11159820	23068672	1070668	21248948	23068672	892292	0	0	927982	0	
34603008	34603008	11159796	11159820	23068672	673804	21645812	23068672	552652	0	0	688394	0	
34603008	34603008	11159796	11159820	23068672	160824	22158792	23068672	138792	0	0	279720	0	
34603008	34603008	11159792	11159824	23068672	173752	22145864	23068672	125708	0	0	299609	0	
34603008	34603008	11159808	11159808	23068672	78080	22241536	23068672	54308	0	0	163039	0	
34603008	34603008	11159796	11159820	23068672	1456900	20862716	23068672	1246832	0	0	987064	0	
34603008	34603008	11159796	11159820	23068672	1163400	21156216	23068672	928052	0	0	1001487	0	
34603008	34603008	11159796	11159820	23068672	732092	21587524	23068672	573652	0	0	704233	0	
34603008	34603008	11159796	11159820	23068672	155064	22164552	23068672	132812	0	0	270082	0	
34603008	34603008	11159792	11159824	23068672	129504	22190112	23068672	111644	0	0	243072	0	
34603008	34603008	11159796	11159820	23068672	1665584	20654032	23068672	1362852	0	0	1243095	0	
34603008	34603008	11159796	11159820	23068672	1187080	21132536	23068672	979092	0	0	1153304	0	
34603008	34603008	11159796	11159820	23068672	805924	21513692	23068672	611572	0	0	912044	0	
34603008	34603008	11159796	11159820	23068672	143644	22175972	23068672	115852	0	0	249293	0	
34603008	34603008	11159808	11159808	23068672	138984	22180632	23068672	123188	0	0	337772	0	
34603008	34603008	11159808	11159808	23068672	77740	22241876	23068672	55780	0	0	142491	0	
34603008	34603008	11159796	11159820	23068672	1475168	20844448	23068672	1259312	0	0	977358	0	
34603008	34603008	11159796	11159820	23068672	1188648	21130968	23068672	926552	0	0	851660	0	
34603008	34603008	11159796	11159820	23068672	676784	21642832	23068672	567932	0	0	624068	0	
34603008	34603008	11159796	11159820	23068672	163104	22156512	23068672	141052	0	0	318072	0	
34603008	34603008	11159768	11159848	23068672	131924	22187692	23068672	114564	0	0	307542	0	
34603008	34603008	11159776	11159840	23068672	1561720	20757896	23068672	1363192	0	0	1112031	0	
34603008	34603008	11159796	11159820	23068672	1198048	21121568	23068672	1002812	0	0	962231	0	
34603008	34603008	11159776	11159840	23068672	786296	21533320	23068672	643152	0	0	853343	0	
34603008	34603008	11159796	11159820	23068672	164764	22154852	23068672	140152	0	0	386348	0	
34603008	34603008	11159808	11159808	23068672	18164	22301452	23068672	18164	0	0	94726	0	
34603008	34603008	11159792	11159824	23068672	106064	22213552	23068672	87164	0	0	196407	0	
34603008	34603008	11159776	11159840	23068672	1540392	20779224	23068672	1329232	0	0	1197717	0	
34603008	34603008	11159796	11159820	23068672	1150120	21169496	23068672	968872	0	0	1000422	0	
34603008	34603008	11159796	11159820	23068672	731012	21588604	23068672	615272	0	0	876641	0	
34603008	34603008	11159796	11159820	23068672	163424	22156192	23068672	141472	0	0	284906	0	
34603008	34603008	11159744	11159872	23068672	158492	22161124	23068672	131668	0	0	269239	0	
34603008	34603008	11159780	11159836	23068672	77008	22242608	23068672	60372	0	0	142004	0	
34603008	34603008	11159796	11159820	23068672	1537252	20782364	23068672	1283152	0	0	1074050	0	
34603008	34603008	11159796	11159820	23068672	1129152	21190464	23068672	911712	0	0	850801	0	
34603008	34603008	11159796	11159820	23068672	704472	21615144	23068672	577520	0	0	663148	0	
34603008	34603008	11159796	11159820	23068672	166364	22153252	23068672	144600	168	0	293588	0	
34603008	34603008	11159800	11159816	23068672	132944	22186672	23068672	115260	0	0	259339	0	
34603008	34603008	11159796	11159820	23068672	1632836	20686780	23068672	1347832	0	0	1052845	0	
34603008	34603008	11159796	11159820	23068672	1146420	21173196	23068672	988192	0	0	1074312	0	
34603008	34603008	11159796	11159820	23068672	779376	21540240	23068672	639372	0	0	873260	0	
34603008	34603008	11159796	11159820	23068672	158444	22161172	23068672	135972	0	0	275260	0	
34603008	34603008	11159800	11159816	23068672	19568	22300048	23068672	19568	0	0	94586	0	
34603008	34603008	11159792	11159824	23068672	106064	22213552	23068672	87132	0	0	219696	0	
34603008	34603008	11159796	11159820	23068672	1598688	20720928	23068672	1329252	0	0	1160133	0	
34603008	34603008	11159796	11159820	23068672	1133812	21185804	23068672	953392	0	0	1043682	0	
34603008	34603008	11159796	11159820	23068672	776276	21543340	23068672	598512	0	0	818365	0	
34603008	34603008	11159796	11159820	23068672	165944	22153672	23068672	143992	0	0	290872	0	
34603008	34603008	11159788	11159828	23068672	135584	22184032	23068672	118540	0	0	256483	0	
34603008	34603008	11159752	11159864	23068672	77584	22242032	23068672	52588	0	0	141592	0	
34603008	34603008	11159796	11159820	23068672	1434072	20885544	23068672	1238992	0	0	954110	0	
34603008	34603008	11159796	11159820	23068672	1153892	21165724	23068672	936752	0	0	1012766	0	
34603008	34603008	11159796	11159820	23068672	761036	21558580	23068672	574292	0	0	670347	0	
34603008	34603008	11159796	11159820	23068672	159664	22159952	23068672	128852	0	0	283260	0	
34603008	34603008	11159756	11159860	23068672	128264	22191352	23068672	110220	0	0	245008	0	
34603008	34603008	11159776	11159840	23068672	1603040	20716576	23068672	1360792	0	0	1071029	0	
34603008	34603008	11159796	11159820	23068672	1214680	21104936	23068672	994772	0	0	919449	0	
34603008	34603008	11159796	11159820	23068672	817524	21502092	23068672	622812	0	0	818554	0	
34603008	34603008	11159796	11159820	23068672	148284	22171332	23068672	125992	0	0	254572	0	
34603008	34603008	11159796	11159820	23068672	159212	22160404	23068672	124576	0	0	262334	0	
34603008	34603008	11159788	11159828	23068672	77564	22242052	23068672	54376	0	0	142825	0	
34603008	34603008	11159796	11159820	23068672	1524292	20795324	23068672	1250972	0	0	885489	0	
34603008	34603008	11159796	11159820	23068672	1104324	21215292	23068672	895232	0	0	938894	0	
34603008	34603008	11159776	11159840	23068672	767476	21552140	23068672	572132	0	0	623715	0	
34603008	34603008	11159800	11159816	23068672	152064	22167552	23068672	129892	0	0	261112	0	
34603008	34603008	11159776	11159840	23068672	125124	22194492	23068672	106620	0	0	228232	0	
34603008	34603008	11159796	11159820	23068672	1601788	20717828	23068672	1356372	0	0	1141400	0	
34603008	34603008	11159796	11159820	23068672	1212816	21106800	23068672	987212	0	0	1061738	0	
34603008	34603008	11159776	11159840	23068672	721852	21597764	23068672	615272	0	0	766599	0	
34603008	34603008	11159796	11159820	23068672	130964	22188652	23068672	108992	0	0	228431	0	
34603008	34603008	11159796	11159820	23068672	13996	22305620	23068672	13996	0	0	84625	0	
34603008	34603008	11159792	11159824	23068672	106064	22213552	23068672	87132	0	0	221450	0	
34603008	34603008	11159796	11159820	23068672	1587888	20731728	23068672	1329252	0	0	1007756	0	
34603008	34603008	11159796	11159820	23068672	1157520	21162096	23068672	956232	0	0	1117957	0	
34603008	34603008	11159796	11159820	23068672	777396	21542220	23068672	589432	0	0	719583	0	
34603008	34603008	11159796	11159820	23068672	160904	22158712	23068672	138992	0	0	285980	0	
34603008	34603008	11159800	11159816	23068672	134504	22185112	23068672	117688	0	0	256169	0	
34603008	34603008	11159772	11159844	23068672	76708	22242908	23068672	48612	0	0	143574	0	
34603008	34603008	11159796	11159820	23068672	1490780	20828836	23068672	1233832	0	0	1042839	0	
34603008	34603008	11159796	11159820	23068672	1095596	21224020	23068672	890052	0	0	928444	0	
34603008	34603008	11159776	11159840	23068672	819744	21499872	23068672	579692	0	0	757864	0	
34603008	34603008	11159792	11159824	23068672	150224	22169392	23068672	128632	0	0	260286	0	
34603008	34603008	11159800	11159816	23068672	119984	22199632	23068672	102080	0	0	255927	0	
34603008	34603008	11159796	11159820	23068672	1626328	20693288	23068672	1345112	0	0	1249628	0	
34603008	34603008	11159796	11159820	23068672	1196088	21123528	23068672	974272	0	0	999282	0	
34603008	34603008	11159796	11159820	23068672	720572	21599044	23068672	604912	0	0	835615	0	
34603008	34603008	11159776	11159840	23068672	166024	22153592	23068672	141752	0	0	390351	0	
34603008	34603008	11159792	11159824	23068672	143784	22175832	23068672	127724	0	0	271432	0	
34603008	34603008	11159788	11159828	23068672	78988	22240628	23068672	60944	0	0	147025	0	
34603008	34603008	11159796	11159820	23068672	1483788	20835828	23068672	1279072	0	0	1012029	0	
34603008	34603008	11159796	11159820	23068672	1124384	21195232	23068672	939872	0	0	1042053	0	
34603008	34603008	11159796	11159820	23068672	713092	21606524	23068672	564032	0	0	683284	0	
34603008	34603008	11159796	11159820	23068672	145704	22173912	23068672	123512	0	0	259926	0	
34603008	34603008	11159784	11159832	23068672	152032	22167584	23068672	124336	0	0	270467	0	
34603008	34603008	11159800	11159816	23068672	78196	22241420	23068672	55716	0	0	145550	0	
34603008	34603008	11159796	11159820	23068672	1541892	20777724	23068672	1255412	0	0	1026157	0	
34603008	34603008	11159796	11159820	23068672	1185788	21133828	23068672	909232	0	0	963285	0	
34603008	34603008	11159796	11159820	23068672	653176	21666440	23068672	551452	0	0	612611	0	
34603008	34603008	11159796	11159820	23068672	145304	22174312	23068672	120952	0	0	328860	0	
34603008	34603008	11159804	11159812	23068672	128644	22190972	23068672	111124	0	0	240352	0	
34603008	34603008	11159796	11159820	23068672	1590788	20728828	23068672	1360072	0	0	1021856	0	
34603008	34603008	11159796	11159820	23068672	1188388	21131228	23068672	993892	0	0	959083	0	
34603008	34603008	11159796	11159820	23068672	831332	21488284	23068672	625752	0	0	859612	0	
34603008	34603008	11159796	11159820	23068672	161224	22158392	23068672	139052	0	0	278085	0	
34603008	34603008	11159792	11159824	23068672	156992	22162624	23068672	126044	0	0	277973	0	
34603008	34603008	11159776	11159840	23068672	78140	22241476	23068672	56920	0	0	145088	0	
34603008	34603008	11159776	11159840	23068672	1522092	20797524	23068672	1263512	0	0	1026069	0	
34603008	34603008	11159796	11159820	23068672	1110904	21208712	23068672	895392	0	0	947095	0	
34603008	34603008	11159796	11159820	23068672	782676	21536940	23068672	575792	0	0	664197	0	
34603008	34603008	11159792	11159824	23068672	149624	22169992	23068672	127652	0	0	263562	0	
34603008	34603008	11159792	11159824	23068672	124744	22194872	23068672	105700	0	0	226533	0	
34603008	34603008	11159796	11159820	23068672	1576860	20742756	23068672	1355872	0	0	1112809	0	
34603008	34603008	11159796	11159820	23068672	1276260	21043356	23068672	988312	0	0	965861	0	
34603008	34603008	11159796	11159820	23068672	764296	21555320	23068672	601352	0	0	768291	0	
34603008	34603008	11159796	11159820	23068672	147604	22172012	23068672	122712	0	0	254185	0	
34603008	34603008	11159800	11159816	23068672	154152	22165464	23068672	123244	0	0	267334	0	
34603008	34603008	11159792	11159824	23068672	78512	22241104	23068672	55496	0	0	144618	0	
34603008	34603008	11159796	11159820	23068672	1463300	20856316	23068672	1251072	0	0	1053732	0	
34603008	34603008	11159796	11159820	23068672	1130952	21188664	23068672	927632	0	0	881454	0	
34603008	34603008	11159796	11159820	23068672	779696	21539920	23068672	578752	0	0	714631	0	
34603008	34603008	11159796	11159820	23068672	123024	22196592	23068672	122172	0	0	271512	0	
34603008	34603008	11159796	11159820	23068672	131504	22188112	23068672	114796	0	0	249515	0	
34603008	34603008	11159796	11159820	23068672	1613328	20706288	23068672	1361712	0	0	1114688	0	
34603008	34603008	11159796	11159820	23068672	1220516	21099100	23068672	992892	0	0	970116	0	
34603008	34603008	11159796	11159820	23068672	772296	21547320	23068672	619732	0	0	794444	0	
34603008	34603008	11159796	11159820	23068672	167364	22152252	23068672	136592	0	0	299928	0	
34603008	34603008	11159792	11159824	23068672	163792	22155824	23068672	128796	0	0	250290	0	
34603008	34603008	11159804	11159812	23068672	78572	22241044	23068672	58804	0	0	147368	0	
34603008	34603008	11159796	11159820	23068672	1483820	20835796	23068672	1271612	0	0	939396	0	
34603008	34603008	11159796	11159820	23068672	1115272	21204344	23068672	932392	0	0	950268	0	
34603008	34603008	11159796	11159820	23068672	664556	21655060	23068672	560412	0	0	644468	0	
34603008	34603008	11159796	11159820	23068672	163864	22155752	23068672	142072	0	0	288910	0	
34603008	34603008	11159776	11159840	23068672	163092	22156524	23068672	127856	0	0	245146	0	
34603008	34603008	11159780	11159836	23068672	78252	22241364	23068672	57620	0	0	143749	0	
34603008	34603008	11159796	11159820	23068672	1480468	20839148	23068672	1266492	0	0	1020038	0	
34603008	34603008	11159796	11159820	23068672	1147600	21172016	23068672	929852	0	0	910942	0	
34603008	34603008	11159796	11159820	23068672	731452	21588164	23068672	580412	0	0	745709	0	
34603008	34603008	11159796	11159820	23068672	162604	22157012	23068672	140732	0	0	348676	0	
34603008	34603008	11159792	11159824	23068672	130944	22188672	23068672	113412	0	0	274011	0	
34603008	34603008	11159796	11159820	23068672	1632328	20687288	23068672	1360072	0	0	1098301	0	
34603008	34603008	11159796	11159820	23068672	1187928	21131688	23068672	989512	0	0	968258	0	
34603008	34603008	11159776	11159840	23068672	780356	21539260	23068672	624412	0	0	867962	0	
34603008	34603008	11159796	11159820	23068672	159404	22160212	23068672	137012	0	0	276552	0	
34603008	34603008	11159800	11159816	23068672	160152	22159464	23068672	130012	0	0	253643	0	
34603008	34603008	11159788	11159828	23068672	79228	22240388	23068672	61016	0	0	149406	0	
34603008	34603008	11159796	11159820	23068672	1526852	20792764	23068672	1279292	0	0	1129080	0	
34603008	34603008	11159796	11159820	23068672	1096584	21223032	23068672	909572	0	0	875662	0	
34603008	34603008	11159796	11159820	23068672	680644	21638972	23068672	563752	0	0	599904	0	
34603008	34603008	11159796	11159820	23068672	159744	22159872	23068672	133852	0	0	279085	0	
34603008	34603008	11159796	11159820	23068672	152952	22166664	23068672	125008	0	0	262898	0	
34603008	34603008	11159784	11159832	23068672	77800	22241816	23068672	55472	0	0	141949	0	
34603008	34603008	11159796	11159820	23068672	1541032	20778584	23068672	1256392	0	0	1056939	0	
34603008	34603008	11159796	11159820	23068672	1085024	21234592	23068672	910552	0	0	816505	0	
34603008	34603008	11159796	11159820	23068672	721492	21598124	23068672	576772	0	0	703971	0	
34603008	34603008	11159796	11159820	23068672	166204	22153412	23068672	140752	0	0	388630	0	
34603008	34603008	11159800	11159816	23068672	130364	22189252	23068672	112560	0	0	250914	0	
34603008	34603008	11159796	11159820	23068672	1610208	20709408	23068672	1366072	0	0	1093706	0	
34603008	34603008	11159776	11159840	23068672	1199248	21120368	23068672	990212	0	0	916803	0	
34603008	34603008	11159796	11159820	23068672	725616	21594000	23068672	625572	0	0	822066	0	
34603008	34603008	11159796	11159820	23068672	161384	22158232	23068672	139192	0	0	280201	0	
34603008	34603008	11159808	11159808	23068672	20572	22299044	23068672	20572	0	0	98330	0	
34603008	34603008	11159792	11159824	23068672	106044	22213572	23068672	87532	0	0	227492	0	
34603008	34603008	11159776	11159840	23068672	1616628	20702988	23068672	1329392	220	0	1298255	0	
34603008	34603008	11159796	11159820	23068672	1115316	21204300	23068672	950692	0	0	1218702	0	
34603008	34603008	11159796	11159820	23068672	692364	21627252	23068672	598512	0	0	888281	0	
34603008	34603008	11159796	11159820	23068672	163784	22155832	23068672	142112	0	0	280294	0	
34603008	34603008	11159796	11159820	23068672	161540	22158076	23068672	130396	0	0	279973	0	
34603008	34603008	11159780	11159836	23068672	79268	22240348	23068672	61576	0	0	145437	0	
34603008	34603008	11159796	11159820	23068672	1537812	20781804	23068672	1280572	0	0	1174404	0	
34603008	34603008	11159796	11159820	23068672	1146820	21172796	23068672	904752	0	0	893960	0	
34603008	34603008	11159796	11159820	23068672	674836	21644780	23068672	573532	0	0	708983	0	
34603008	34603008	11159776	11159840	23068672	168044	22151572	23068672	136512	0	0	289192	0	
34603008	34603008	11159804	11159812	23068672	133144	22186472	23068672	115860	0	0	247099	0	
34603008	34603008	11159796	11159820	23068672	1564520	20755096	23068672	1297312	0	0	1058736	0	
34603008	34603008	11159796	11159820	23068672	1197308	21122308	23068672	1006752	0	0	1071830	0	
34603008	34603008	11159796	11159820	23068672	804936	21514680	23068672	646292	0	0	889478	0	
34603008	34603008	11159796	11159820	23068672	157284	22162332	23068672	130172	0	0	275407	0	
34603008	34603008	11159796	11159820	23068672	13936	22305680	23068672	13936	0	0	84746	0	
34603008	34603008	11159792	11159824	23068672	106064	22213552	23068672	87132	0	0	193210	0	
34603008	34603008	11159796	11159820	23068672	1610968	20708648	23068672	1329252	0	0	1166034	0	
34603008	34603008	11159796	11159820	23068672	1140112	21179504	23068672	953132	0	0	985380	0	
34603008	34603008	11159796	11159820	23068672	695624	21623992	23068672	585232	0	0	764893	0	
34603008	34603008	11159796	11159820	23068672	164244	22155372	23068672	142332	0	0	287591	0	
34603008	34603008	11159776	11159840	23068672	163092	22156524	23068672	127856	0	0	271663	0	
34603008	34603008	11159780	11159836	23068672	78252	22241364	23068672	57620	0	0	145334	0	
34603008	34603008	11159796	11159820	23068672	1473168	20846448	23068672	1266492	0	0	1149658	0	
34603008	34603008	11159796	11159820	23068672	1156640	21162976	23068672	934372	0	0	1002582	0	
34603008	34603008	11159796	11159820	23068672	727972	21591644	23068672	580452	0	0	642017	0	
34603008	34603008	11159796	11159820	23068672	160904	22158712	23068672	138772	0	0	279062	0	
34603008	34603008	11159788	11159828	23068672	131304	22188312	23068672	114060	0	0	248740	0	
34603008	34603008	11159776	11159840	23068672	1617568	20702048	23068672	1361932	0	0	1183884	0	
34603008	34603008	11159796	11159820	23068672	1206328	21113288	23068672	990472	0	0	1028389	0	
34603008	34603008	11159796	11159820	23068672	728476	21591140	23068672	624012	0	0	774672	0	
34603008	34603008	11159796	11159820	23068672	153224	22166392	23068672	131272	0	0	267066	0	
34603008	34603008	11159804	11159812	23068672	19336	22300280	23068672	19336	0	0	90229	0	
34603008	34603008	11159792	11159824	23068672	106064	22213552	23068672	87132	0	0	195101	0	
34603008	34603008	11159796	11159820	23068672	1605148	20714468	23068672	1329252	0	0	1160359	0	
34603008	34603008	11159796	11159820	23068672	1173500	21146116	23068672	949272	0	0	1119846	0	
34603008	34603008	11159796	11159820	23068672	680564	21639052	23068672	563892	0	0	643543	0	
34603008	34603008	11159796	11159820	23068672	167804	22151812	23068672	135072	0	0	293983	0	
34603008	34603008	11159780	11159836	23068672	154456	22165160	23068672	125192	0	0	277991	0	
34603008	34603008	11159808	11159808	23068672	77940	22241676	23068672	56420	0	0	142614	0	
34603008	34603008	11159796	11159820	23068672	1487908	20831708	23068672	1261272	0	0	1005548	0	
34603008	34603008	11159796	11159820	23068672	1134712	21184904	23068672	919552	0	0	814567	0	
34603008	34603008	11159796	11159820	23068672	764056	21555560	23068672	579452	0	0	732771	0	
34603008	34603008	11159796	11159820	23068672	144904	22174712	23068672	122608	0	0	253271	0	
34603008	34603008	11159792	11159824	23068672	128824	22190792	23068672	112572	656	0	256597	0	
34603008	34603008	11159796	11159820	23068672	1657504	20662112	23068672	1360852	0	0	1175236	0	
34603008	34603008	11159796	11159820	23068672	1211468	21108148	23068672	980952	0	0	976282	0	
34603008	34603008	11159776	11159840	23068672	711636	21607980	23068672	606612	0	0	885505	0	
34603008	34603008	11159796	11159820	23068672	162584	22157032	23068672	140432	0	0	304203	0	
34603008	34603008	11159772	11159844	23068672	161804	22157812	23068672	130396	0	0	250086	0	
34603008	34603008	11159800	11159816	23068672	79508	22240108	23068672	61332	0	0	176221	0	
34603008	34603008	11159796	11159820	23068672	1527232	20792384	23068672	1279332	0	0	929766	0	
34603008	34603008	11159796	11159820	23068672	1117072	21202544	23068672	909352	0	0	801341	0	
34603008	34603008	11159796	11159820	23068672	723292	21596324	23068672	582372	0	0	619600	0	
34603008	34603008	11159796	11159820	23068672	167544	22152072	23068672	142632	0	0	292524	0	
34603008	34603008	11159788	11159828	23068672	131764	22187852	23068672	114904	0	0	244068	0	
34603008	34603008	11159796	11159820	23068672	1600520	20719096	23068672	1362552	0	0	1063559	0	
34603008	34603008	11159796	11159820	23068672	1192540	21127076	23068672	986572	0	0	924627	0	
34603008	34603008	11159796	11159820	23068672	807144	21512472	23068672	623892	0	0	714591	0	
34603008	34603008	11159796	11159820	23068672	163364	22156252	23068672	140912	0	0	283611	0	
34603008	34603008	11159772	11159844	23068672	161804	22157812	23068672	130396	0	0	253694	0	
34603008	34603008	11159800	11159816	23068672	79508	22240108	23068672	61332	0	0	146485	0	
34603008	34603008	11159796	11159820	23068672	1523032	20796584	23068672	1279332	0	0	1001136	0	
34603008	34603008	11159796	11159820	23068672	1159600	21160016	23068672	912792	0	0	907698	0	
34603008	34603008	11159796	11159820	23068672	710564	21609052	23068672	572052	0	0	586961	0	
34603008	34603008	11159796	11159820	23068672	167184	22152432	23068672	135632	0	0	293491	0	
34603008	34603008	11159792	11159824	23068672	128584	22191032	23068672	111164	0	0	272267	0	
34603008	34603008	11159796	11159820	23068672	1618068	20701548	23068672	1360192	0	0	1219059	0	
34603008	34603008	11159796	11159820	23068672	1139792	21179824	23068672	990992	0	0	931385	0	
34603008	34603008	11159796	11159820	23068672	765476	21554140	23068672	633312	0	0	751077	0	
34603008	34603008	11159796	11159820	23068672	161564	22158052	23068672	139532	0	0	279616	0	
34603008	34603008	11159804	11159812	23068672	20784	22298832	23068672	20784	0	0	93917	0	
34603008	34603008	11159792	11159824	23068672	106064	22213552	23068672	87132	0	0	189991	0	
34603008	34603008	11159796	11159820	23068672	1586480	20733136	23068672	1329252	0	0	1428330	0	
34603008	34603008	11159796	11159820	23068672	1208828	21110788	23068672	957052	0	0	1094043	0	
34603008	34603008	11159796	11159820	23068672	710952	21608664	23068672	564672	0	0	778132	0	
34603008	34603008	11159796	11159820	23068672	136304	22183312	23068672	113252	0	0	233172	0	
34603008	34603008	11159752	11159864	23068672	139344	22180272	23068672	123716	0	0	264268	0	
34603008	34603008	11159756	11159860	23068672	78216	22241400	23068672	56580	0	0	140882	0	
34603008	34603008	11159796	11159820	23068672	1473668	20845948	23068672	1260152	0	0	1269624	0	
34603008	34603008	11159776	11159840	23068672	1167520	21152096	23068672	929032	0	0	1058699	0	
34603008	34603008	11159796	11159820	23068672	761616	21558000	23068672	572192	0	0	610010	0	
34603008	34603008	11159796	11159820	23068672	157324	22162292	23068672	132112	0	0	357548	0	
34603008	34603008	11159768	11159848	23068672	125164	22194452	23068672	107020	0	0	232665	0	
34603008	34603008	11159776	11159840	23068672	1599500	20720116	23068672	1356492	0	0	1345882	0	
34603008	34603008	11159796	11159820	23068672	1152572	21167044	23068672	988772	0	0	1128036	0	
34603008	34603008	11159776	11159840	23068672	764736	21554880	23068672	627912	0	0	822079	0	
34603008	34603008	11159776	11159840	23068672	126064	22193552	23068672	125392	0	0	309140	0	
34603008	34603008	11159792	11159824	23068672	42396	22277220	23068672	38784	0	0	171020	0	
34603008	34603008	11159792	11159824	23068672	105664	22213952	23068672	85960	0	0	229580	0	
34603008	34603008	11159796	11159820	23068672	1538072	20781544	23068672	1328312	0	0	1037275	0	
34603008	34603008	11159796	11159820	23068672	1185288	21134328	23068672	968372	0	0	1055906	0	
34603008	34603008	11159796	11159820	23068672	708804	21610812	23068672	602272	0	0	801111	0	
34603008	34603008	11159796	11159820	23068672	169244	22150372	23068672	136752	0	0	302187	0	
34603008	34603008	11159780	11159836	23068672	159612	22160004	23068672	128656	0	0	273036	0	
34603008	34603008	11159796	11159820	23068672	78572	22241044	23068672	59112	0	0	145332	0	
34603008	34603008	11159796	11159820	23068672	1558660	20760956	23068672	1273072	0	0	1059417	0	
34603008	34603008	11159796	11159820	23068672	1141232	21178384	23068672	912832	0	0	790953	0	
34603008	34603008	11159796	11159820	23068672	697324	21622292	23068672	563472	0	0	604039	0	
34603008	34603008	11159796	11159820	23068672	158024	22161592	23068672	126452	0	0	271591	0	
34603008	34603008	11159796	11159820	23068672	127764	22191852	23068672	110260	0	0	241533	0	
34603008	34603008	11159796	11159820	23068672	1659544	20660072	23068672	1359992	0	0	1073180	0	
34603008	34603008	11159796	11159820	23068672	1195748	21123868	23068672	975992	0	0	1059402	0	
34603008	34603008	11159796	11159820	23068672	804056	21515560	23068672	608932	0	0	953212	0	
34603008	34603008	11159796	11159820	23068672	168684	22150932	23068672	143772	0	0	403118	0	
34603008	34603008	11159796	11159820	23068672	134604	22185012	23068672	117788	0	0	293786	0	
34603008	34603008	11159808	11159808	23068672	76848	22242768	23068672	49956	0	0	144940	0	
34603008	34603008	11159796	11159820	23068672	1470408	20849208	23068672	1235072	0	0	858013	0	
34603008	34603008	11159776	11159840	23068672	1122052	21197564	23068672	907132	0	0	923392	0	
34603008	34603008	11159776	11159840	23068672	718732	21600884	23068672	578052	0	0	669431	0	
34603008	34603008	11159796	11159820	23068672	161504	22158112	23068672	139652	0	0	282984	0	
34603008	34603008	11159796	11159820	23068672	131924	22187692	23068672	114712	0	0	247739	0	
34603008	34603008	11159796	11159820	23068672	1629768	20689848	23068672	1363332	0	0	1161993	0	
34603008	34603008	11159796	11159820	23068672	1272820	21046796	23068672	994712	0	0	948306	0	
34603008	34603008	11159796	11159820	23068672	783096	21536520	23068672	600672	0	0	806698	0	
34603008	34603008	11159796	11159820	23068672	166144	22153472	23068672	144292	0	0	295062	0	
34603008	34603008	11159788	11159828	23068672	135164	22184452	23068672	118836	0	0	266100	0	
34603008	34603008	11159792	11159824	23068672	76828	22242788	23068672	51344	0	0	144292	0	
34603008	34603008	11159796	11159820	23068672	1482648	20836968	23068672	1237992	0	0	1045374	0	
34603008	34603008	11159776	11159840	23068672	1031948	21287668	23068672	899792	0	0	916591	0	
34603008	34603008	11159796	11159820	23068672	726744	21592872	23068672	590792	0	0	803515	0	
34603008	34603008	11159796	11159820	23068672	159544	22160072	23068672	137592	0	0	275566	0	
34603008	34603008	11159796	11159820	23068672	141128	22178488	23068672	123852	0	0	266291	0	
34603008	34603008	11159764	11159852	23068672	77800	22241816	23068672	57540	0	0	141907	0	
34603008	34603008	11159796	11159820	23068672	1522752	20796864	23068672	1269112	0	0	1298420	0	
34603008	34603008	11159796	11159820	23068672	1078176	21241440	23068672	901232	0	0	810042	0	
34603008	34603008	11159796	11159820	23068672	727172	21592444	23068672	556292	0	0	675436	0	
34603008	34603008	11159796	11159820	23068672	165424	22154192	23068672	143572	0	0	284430	0	
34603008	34603008	11159792	11159824	23068672	134804	22184812	23068672	117988	0	0	254335	0	
34603008	34603008	11159788	11159828	23068672	76808	22242808	23068672	50484	0	0	140041	0	
34603008	34603008	11159776	11159840	23068672	1450340	20869276	23068672	1236632	0	0	867441	0	
34603008	34603008	11159796	11159820	23068672	1150960	21168656	23068672	922772	0	0	821478	0	
34603008	34603008	11159796	11159820	23068672	767596	21552020	23068672	576072	0	0	560421	0	
34603008	34603008	11159796	11159820	23068672	153344	22166272	23068672	131372	0	0	265522	0	
34603008	34603008	11159784	11159832	23068672	125904	22193712	23068672	108548	0	0	266467	0	
34603008	34603008	11159796	11159820	23068672	1642536	20677080	23068672	1352312	0	0	1038264	0	
34603008	34603008	11159796	11159820	23068672	1179780	21139836	23068672	978072	0	0	936102	0	
34603008	34603008	11159796	11159820	23068672	777676	21541940	23068672	615312	0	0	760253	0	
34603008	34603008	11159796	11159820	23068672	163544	22156072	23068672	138272	0	0	381727	0	
34603008	34603008	11159804	11159812	23068672	154152	22165464	23068672	124416	0	0	280039	0	
34603008	34603008	11159796	11159820	23068672	77740	22241876	23068672	55668	0	0	147525	0	
34603008	34603008	11159796	11159820	23068672	1559080	20760536	23068672	1258552	0	0	1103728	0	
34603008	34603008	11159796	11159820	23068672	1147800	21171816	23068672	910952	0	0	917662	0	
34603008	34603008	11159796	11159820	23068672	694044	21625572	23068672	551052	0	0	633830	0	
34603008	34603008	11159796	11159820	23068672	153144	22166472	23068672	131192	0	0	269400	0	
34603008	34603008	11159800	11159816	23068672	125424	22194192	23068672	107692	0	0	233819	0	
34603008	34603008	11159796	11159820	23068672	1580160	20739456	23068672	1358112	0	0	1187962	0	
34603008	34603008	11159796	11159820	23068672	1182348	21137268	23068672	988592	0	0	1233875	0	
34603008	34603008	11159796	11159820	23068672	799796	21519820	23068672	624352	0	0	971900	0	
34603008	34603008	11159796	11159820	23068672	160004	22159612	23068672	137872	0	0	303995	0	
34603008	34603008	11159800	11159816	23068672	155952	22163664	23068672	130408	0	0	251808	0	
34603008	34603008	11159784	11159832	23068672	79188	22240428	23068672	61584	0	0	148684	0	
34603008	34603008	11159776	11159840	23068672	1528932	20790684	23068672	1281132	0	0	1159365	0	
34603008	34603008	11159796	11159820	23068672	1094044	21225572	23068672	912132	0	0	888125	0	
34603008	34603008	11159796	11159820	23068672	640648	21678968	23068672	554700	0	0	674083	0	
34603008	34603008	11159796	11159820	23068672	161604	22158012	23068672	139560	48	0	290765	0	
34603008	34603008	11159764	11159852	23068672	160012	22159604	23068672	130516	0	0	255325	0	
34603008	34603008	11159792	11159824	23068672	78752	22240864	23068672	60704	0	0	154834	0	
34603008	34603008	11159796	11159820	23068672	1526872	20792744	23068672	1279312	0	0	1099941	0	
34603008	34603008	11159796	11159820	23068672	1114932	21204684	23068672	911592	0	0	872479	0	
34603008	34603008	11159776	11159840	23068672	696364	21623252	23068672	575992	0	0	743975	0	
34603008	34603008	11159796	11159820	23068672	163944	22155672	23068672	141872	0	0	285906	0	
34603008	34603008	11159780	11159836	23068672	135824	22183792	23068672	119304	0	0	260723	0	
34603008	34603008	11159792	11159824	23068672	77484	22242132	23068672	52780	0	0	141987	0	
34603008	34603008	11159796	11159820	23068672	1440260	20879356	23068672	1241812	0	0	1002516	0	
34603008	34603008	11159796	11159820	23068672	1131912	21187704	23068672	934732	0	0	1165247	0	
34603008	34603008	11159796	11159820	23068672	656448	21663168	23068672	564492	0	0	845881	0	
34603008	34603008	11159776	11159840	23068672	164204	22155412	23068672	139452	0	0	312681	0	
34603008	34603008	11159788	11159828	23068672	142888	22176728	23068672	126480	0	0	351714	0	
34603008	34603008	11159804	11159812	23068672	78732	22240884	23068672	59920	0	0	142113	0	
34603008	34603008	11159796	11159820	23068672	1524372	20795244	23068672	1276292	0	0	1074191	0	
34603008	34603008	11159796	11159820	23068672	1071696	21247920	23068672	908352	0	0	933685	0	
34603008	34603008	11159796	11159820	23068672	706652	21612964	23068672	568252	0	0	667651	0	
34603008	34603008	11159796	11159820	23068672	157284	22162332	23068672	131672	0	0	295148	0	
34603008	34603008	11159804	11159812	23068672	158792	22160824	23068672	124488	0	0	311901	0	
34603008	34603008	11159748	11159868	23068672	77700	22241916	23068672	54540	0	0	145930	0	
34603008	34603008	11159796	11159820	23068672	1561980	20757636	23068672	1250972	0	0	1066139	0	
34603008	34603008	11159796	11159820	23068672	1054696	21264920	23068672	905952	0	0	981821	0	
34603008	34603008	11159796	11159820	23068672	790856	21528760	23068672	575872	0	0	676563	0	
34603008	34603008	11159792	11159824	23068672	154244	22165372	23068672	132412	0	0	270675	0	
34603008	34603008	11159760	11159856	23068672	122024	22197592	23068672	105648	0	0	269346	0	
34603008	34603008	11159796	11159820	23068672	1642808	20676808	23068672	1353532	0	0	1343417	0	
34603008	34603008	11159776	11159840	23068672	1164904	21154712	23068672	973052	0	0	1059148	0	
34603008	34603008	11159796	11159820	23068672	762176	21557440	23068672	613832	0	0	772044	0	
34603008	34603008	11159796	11159820	23068672	166824	22152792	23068672	137552	0	0	392484	0	
34603008	34603008	11159792	11159824	23068672	142284	22177332	23068672	126156	0	0	267786	0	
34603008	34603008	11159760	11159856	23068672	78232	22241384	23068672	58800	0	0	145039	0	
34603008	34603008	11159776	11159840	23068672	1544592	20775024	23068672	1273612	0	0	1091954	0	
34603008	34603008	11159796	11159820	23068672	1092844	21226772	23068672	889172	0	0	953920	0	
34603008	34603008	11159776	11159840	23068672	673696	21645920	23068672	580852	0	0	577653	0	
34603008	34603008	11159796	11159820	23068672	145224	22174392	23068672	123112	0	0	249565	0	
34603008	34603008	11159752	11159864	23068672	136312	22183304	23068672	124336	0	0	266483	0	
34603008	34603008	11159784	11159832	23068672	79048	22240568	23068672	58448	0	0	145052	0	
34603008	34603008	11159796	11159820	23068672	1538392	20781224	23068672	1266492	0	0	1075337	0	
34603008	34603008	11159796	11159820	23068672	1058268	21261348	23068672	885712	0	0	878040	0	
34603008	34603008	11159796	11159820	23068672	700964	21618652	23068672	556292	0	0	721028	0	
34603008	34603008	11159796	11159820	23068672	147764	22171852	23068672	125532	0	0	255172	0	
34603008	34603008	11159804	11159812	23068672	140148	22179468	23068672	124196	0	0	265065	0	
34603008	34603008	11159748	11159868	23068672	78160	22241456	23068672	57240	0	0	144117	0	
34603008	34603008	11159796	11159820	23068672	1540532	20779084	23068672	1264652	0	0	1076000	0	
34603008	34603008	11159796	11159820	23068672	1132392	21187224	23068672	882612	0	0	1036429	0	
