b_initial_y_size_0	b_max_y_size_1	b_used_2	b_available_3	b_committed_4	a_used_5	a_available_6	a_committed_7	a_survived_8	a_promoted_9	a_copied_10	a_time_in_ns_11	promotion_rate_12
28311552	28311552	9130740	9130764	18874368	1538632	16722872	18874368	1342928	73256	0	1056883	8	
28311552	28311552	9130740	9130764	18874368	374880	17886624	18874368	287228	1508	0	724860	0	
28311552	28311552	9130740	9130764	18874368	1216216	17045288	18874368	1026848	0	0	1073243	0	
28311552	28311552	9130740	9130764	18874368	141184	18120320	18874368	119708	748	0	268096	0	
28311552	28311552	9130740	9130764	18874368	1236916	17024588	18874368	1046416	36	0	1029512	0	
28311552	28311552	9130732	9130772	18874368	133364	18128140	18874368	116616	28	0	253297	0	
28311552	28311552	9130740	9130764	18874368	1216156	17045348	18874368	983596	24	0	1034723	0	
28311552	28311552	9130744	9130760	18874368	79088	18182416	18874368	69264	0	0	168055	0	
28311552	28311552	9130720	9130784	18874368	1099804	17161700	18874368	904432	492	0	866816	0	
28311552	28311552	9130740	9130764	18874368	1590588	16670916	18874368	1354740	828	0	985714	0	
28311552	28311552	9130740	9130764	18874368	639496	17622008	18874368	499372	0	0	688344	0	
28311552	28311552	9130740	9130764	18874368	1313108	16948396	18874368	1054208	22256	0	1118795	4	
28311552	28311552	9130748	9130756	18874368	76200	18185304	18874368	74824	0	0	173842	0	
28311552	28311552	9130740	9130764	18874368	1269580	16991924	18874368	1043264	312	0	1104275	0	
28311552	28311552	9130740	9130764	18874368	127304	18134200	18874368	111044	0	0	257809	0	
28311552	28311552	9130740	9130764	18874368	1167240	17094264	18874368	970672	0	0	970102	0	
28311552	28311552	9130708	9130796	18874368	79108	18182396	18874368	70156	0	0	199364	0	
28311552	28311552	9130740	9130764	18874368	1126952	17134552	18874368	907408	0	0	963288	0	
28311552	28311552	9130740	9130764	18874368	1640416	16621088	18874368	1353648	936	0	1098890	0	
28311552	28311552	9130740	9130764	18874368	588152	17673352	18874368	461092	0	0	683713	0	
28311552	28311552	9130740	9130764	18874368	1217296	17044208	18874368	1024892	7500	0	1102826	1	
28311552	28311552	9130736	9130768	18874368	138864	18122640	18874368	116452	0	0	237317	0	
28311552	28311552	9130740	9130764	18874368	1219836	17041668	18874368	1045952	0	0	1029970	0	
28311552	28311552	9130728	9130776	18874368	135364	18126140	18874368	118152	0	0	256641	0	
28311552	28311552	9130740	9130764	18874368	1184988	17076516	18874368	983712	0	0	853445	0	
28311552	28311552	9130740	9130764	18874368	78652	18182852	18874368	74644	0	0	170027	0	
28311552	28311552	9130740	9130764	18874368	1089164	17172340	18874368	909852	0	0	838638	0	
28311552	28311552	9130748	9130756	18874368	76988	18184516	18874368	48988	0	0	140228	0	
28311552	28311552	9130740	9130764	18874368	1081304	17180200	18874368	878332	0	0	1004078	0	
28311552	28311552	9130740	9130764	18874368	1582220	16679284	18874368	1336852	0	0	1157550	0	
28311552	28311552	9130740	9130764	18874368	554924	17706580	18874368	434732	0	0	574792	0	
28311552	28311552	9130720	9130784	18874368	1237588	17023916	18874368	1024972	0	0	885668	0	
28311552	28311552	9130736	9130768	18874368	130984	18130520	18874368	108852	0	0	219349	0	
28311552	28311552	9130740	9130764	18874368	1218736	17042768	18874368	1043552	0	0	922820	0	
28311552	28311552	9130736	9130768	18874368	135224	18126280	18874368	118848	0	0	264587	0	
28311552	28311552	9130740	9130764	18874368	1217068	17044436	18874368	982752	0	0	943037	0	
28311552	28311552	9130752	9130752	18874368	78000	18183504	18874368	70052	0	0	156808	0	
28311552	28311552	9130740	9130764	18874368	1148452	17113052	18874368	903372	0	0	798860	0	
28311552	28311552	9130740	9130764	18874368	1631056	16630448	18874368	1344792	0	0	1047215	0	
28311552	28311552	9130740	9130764	18874368	562792	17698712	18874368	449452	0	0	611769	0	
28311552	28311552	9130740	9130764	18874368	1226156	17035348	18874368	1033912	0	0	1015368	0	
28311552	28311552	9130720	9130784	18874368	126816	18134688	18874368	123932	0	0	361692	0	
28311552	28311552	9130740	9130764	18874368	1297120	16964384	18874368	1060212	0	0	1046852	0	
28311552	28311552	9130736	9130768	18874368	128964	18132540	18874368	112116	0	0	244119	0	
28311552	28311552	9130740	9130764	18874368	1189568	17071936	18874368	974152	0	0	874874	0	
28311552	28311552	9130688	9130816	18874368	77740	18183764	18874368	67272	0	0	146719	0	
28311552	28311552	9130720	9130784	18874368	1137552	17123952	18874368	901292	0	0	898907	0	
28311552	28311552	9130740	9130764	18874368	1601248	16660256	18874368	1346472	0	0	1059112	0	
28311552	28311552	9130720	9130784	18874368	588600	17672904	18874368	467452	0	0	639375	0	
28311552	28311552	9130720	9130784	18874368	1281420	16980084	18874368	1030992	0	0	1109308	0	
28311552	28311552	9130752	9130752	18874368	105864	18155640	18874368	83672	0	0	175037	0	
28311552	28311552	9130740	9130764	18874368	1270840	16990664	18874368	1043452	0	0	1016081	0	
28311552	28311552	9130740	9130764	18874368	127304	18134200	18874368	111044	0	0	221196	0	
28311552	28311552	9130740	9130764	18874368	1197128	17064376	18874368	970672	0	0	870561	0	
28311552	28311552	9130744	9130760	18874368	77404	18184100	18874368	64564	0	0	169746	0	
28311552	28311552	9130740	9130764	18874368	1087856	17173648	18874368	894512	0	0	912114	0	
28311552	28311552	9130720	9130784	18874368	1571600	16689904	18874368	1356492	0	0	1138432	0	
28311552	28311552	9130720	9130784	18874368	652716	17608788	18874368	500772	0	0	589964	0	
28311552	28311552	9130740	9130764	18874368	1229116	17032388	18874368	1030712	600	0	872292	0	
28311552	28311552	9130740	9130764	18874368	141124	18120380	18874368	118972	0	0	235121	0	
28311552	28311552	9130720	9130784	18874368	1221436	17040068	18874368	1046872	0	0	899891	0	
28311552	28311552	9130752	9130752	18874368	135244	18126260	18874368	118828	0	0	258507	0	
28311552	28311552	9130740	9130764	18874368	1200468	17061036	18874368	984164	552	0	936679	0	
28311552	28311552	9130712	9130792	18874368	78632	18182872	18874368	72696	0	0	163487	0	
28311552	28311552	9130740	9130764	18874368	1081004	17180500	18874368	910172	0	0	924327	0	
28311552	28311552	9130728	9130776	18874368	43368	18218136	18874368	43368	0	0	137386	0	
28311552	28311552	9130720	9130784	18874368	1087996	17173508	18874368	883092	0	0	842694	0	
28311552	28311552	9130720	9130784	18874368	1495308	16766196	18874368	1322392	0	0	1195037	0	
28311552	28311552	9130720	9130784	18874368	616948	17644556	18874368	501752	0	0	620983	0	
28311552	28311552	9130740	9130764	18874368	1272880	16988624	18874368	1060032	0	0	887918	0	
28311552	28311552	9130744	9130760	18874368	137064	18124440	18874368	115052	0	0	232986	0	
28311552	28311552	9130740	9130764	18874368	1276420	16985084	18874368	1046092	0	0	1031121	0	
28311552	28311552	9130740	9130764	18874368	128544	18132960	18874368	111080	0	0	237933	0	
28311552	28311552	9130740	9130764	18874368	1150840	17110664	18874368	973552	0	0	1104673	0	
28311552	28311552	9130740	9130764	18874368	78928	18182576	18874368	73032	0	0	161461	0	
28311552	28311552	9130740	9130764	18874368	1129952	17131552	18874368	910272	0	0	857474	0	
28311552	28311552	9130740	9130764	18874368	1638416	16623088	18874368	1354992	0	0	1047054	0	
28311552	28311552	9130740	9130764	18874368	607320	17654184	18874368	471632	0	0	653496	0	
28311552	28311552	9130740	9130764	18874368	1224516	17036988	18874368	1021112	0	0	1070425	0	
28311552	28311552	9130740	9130764	18874368	146444	18115060	18874368	114712	0	0	243808	0	
28311552	28311552	9130720	9130784	18874368	1280120	16981384	18874368	1037892	0	0	1065827	0	
28311552	28311552	9130736	9130768	18874368	126544	18134960	18874368	109256	0	0	233696	0	
28311552	28311552	9130740	9130764	18874368	1184008	17077496	18874368	967252	0	0	1051424	0	
28311552	28311552	9130744	9130760	18874368	77444	18184060	18874368	66020	0	0	138467	0	
28311552	28311552	9130740	9130764	18874368	1089124	17172380	18874368	899392	0	0	954206	0	
28311552	28311552	9130740	9130764	18874368	1567080	16694424	18874368	1352932	0	0	916814	0	
28311552	28311552	9130740	9130764	18874368	626868	17634636	18874368	506532	0	0	688165	0	
28311552	28311552	9130740	9130764	18874368	1311508	16949996	18874368	1059452	0	0	995162	0	
28311552	28311552	9130744	9130760	18874368	110064	18151440	18874368	87732	0	0	189024	0	
28311552	28311552	9130720	9130784	18874368	1279060	16982444	18874368	1044392	0	0	1095765	0	
28311552	28311552	9130752	9130752	18874368	126544	18134960	18874368	109696	0	0	237773	0	
28311552	28311552	9130720	9130784	18874368	1158160	17103344	18874368	966712	0	0	960637	0	
28311552	28311552	9130736	9130768	18874368	77068	18184436	18874368	68392	0	0	154870	0	
28311552	28311552	9130740	9130764	18874368	1089464	17172040	18874368	902552	0	0	841128	0	
28311552	28311552	9130740	9130764	18874368	1615288	16646216	18874368	1363672	0	0	1093445	0	
28311552	28311552	9130740	9130764	18874368	649716	17611788	18874368	498772	0	0	651607	0	
28311552	28311552	9130740	9130764	18874368	1226916	17034588	18874368	1023232	0	0	1181718	0	
28311552	28311552	9130720	9130784	18874368	117696	18143808	18874368	114712	0	0	332583	0	
28311552	28311552	9130740	9130764	18874368	1284500	16977004	18874368	1056952	0	0	1000863	0	
28311552	28311552	9130736	9130768	18874368	129784	18131720	18874368	112348	0	0	241946	0	
28311552	28311552	9130740	9130764	18874368	1228136	17033368	18874368	976832	0	0	975239	0	
28311552	28311552	9130740	9130764	18874368	77940	18183564	18874368	63320	0	0	140985	0	
28311552	28311552	9130720	9130784	18874368	1104164	17157340	18874368	890392	0	0	827556	0	
28311552	28311552	9130740	9130764	18874368	1604448	16657056	18874368	1345972	0	0	1066462	0	
28311552	28311552	9130740	9130764	18874368	547444	17714060	18874368	466192	0	0	580479	0	
28311552	28311552	9130740	9130764	18874368	1216888	17044616	18874368	1062232	0	0	920308	0	
28311552	28311552	9130744	9130760	18874368	152064	18109440	18874368	129892	0	0	260179	0	
28311552	28311552	9130740	9130764	18874368	1285380	16976124	18874368	1064472	0	0	1079094	0	
28311552	28311552	9130752	9130752	18874368	132724	18128780	18874368	115500	0	0	248226	0	
28311552	28311552	9130740	9130764	18874368	1196500	17065004	18874368	983472	0	0	932799	0	
28311552	28311552	9130740	9130764	18874368	78312	18183192	18874368	70636	0	0	155106	0	
28311552	28311552	9130740	9130764	18874368	1107784	17153720	18874368	905052	0	0	826798	0	
28311552	28311552	9130740	9130764	18874368	1643616	16617888	18874368	1358472	0	0	986508	0	
28311552	28311552	9130740	9130764	18874368	592920	17668584	18874368	474072	0	0	572849	0	
28311552	28311552	9130740	9130764	18874368	1282840	16978664	18874368	1034432	0	0	1107901	0	
28311552	28311552	9130752	9130752	18874368	107484	18154020	18874368	85432	0	0	179335	0	
28311552	28311552	9130740	9130764	18874368	1275100	16986404	18874368	1044152	0	0	949160	0	
28311552	28311552	9130696	9130808	18874368	126884	18134620	18874368	110228	0	0	239321	0	
28311552	28311552	9130740	9130764	18874368	1133012	17128492	18874368	968592	0	0	1006660	0	
28311552	28311552	9130744	9130760	18874368	78332	18183172	18874368	73412	0	0	159156	0	
28311552	28311552	9130740	9130764	18874368	1132152	17129352	18874368	905352	0	0	961097	0	
28311552	28311552	9130740	9130764	18874368	1579780	16681724	18874368	1358712	0	0	1009089	0	
28311552	28311552	9130720	9130784	18874368	609592	17651912	18874368	505392	0	0	616267	0	
28311552	28311552	9130740	9130764	18874368	1334948	16926556	18874368	1069896	0	0	920392	0	
28311552	28311552	9130752	9130752	18874368	106484	18155020	18874368	80916	744	0	183937	0	
28311552	28311552	9130740	9130764	18874368	1277680	16983824	18874368	1041232	0	0	1009567	0	
28311552	28311552	9130700	9130804	18874368	125824	18135680	18874368	108332	0	0	230992	0	
28311552	28311552	9130740	9130764	18874368	1155920	17105584	18874368	963492	0	0	1106567	0	
28311552	28311552	9130740	9130764	18874368	78808	18182696	18874368	69932	0	0	180155	0	
28311552	28311552	9130740	9130764	18874368	1113012	17148492	18874368	899672	0	0	928530	0	
28311552	28311552	9130720	9130784	18874368	1622036	16639468	18874368	1358872	0	0	1001316	0	
28311552	28311552	9130720	9130784	18874368	621188	17640316	18874368	479892	0	0	644983	0	
28311552	28311552	9130740	9130764	18874368	1216308	17045196	18874368	1017952	0	0	1293085	0	
28311552	28311552	9130748	9130756	18874368	143364	18118140	18874368	117572	0	0	240110	0	
28311552	28311552	9130740	9130764	18874368	1224280	17037224	18874368	1044012	0	0	1016682	0	
28311552	28311552	9130720	9130784	18874368	134524	18126980	18874368	117504	0	0	263443	0	
28311552	28311552	9130740	9130764	18874368	1192388	17069116	18874368	987932	0	0	949665	0	
28311552	28311552	9130752	9130752	18874368	77700	18183804	18874368	71972	0	0	156435	0	
28311552	28311552	9130740	9130764	18874368	1112864	17148640	18874368	912140	0	0	901445	0	
28311552	28311552	9130740	9130764	18874368	1629096	16632408	18874368	1364860	888	0	1203283	0	
28311552	28311552	9130720	9130784	18874368	610808	17650696	18874368	492832	0	0	596900	0	
28311552	28311552	9130740	9130764	18874368	1305968	16955536	18874368	1042172	0	0	927471	0	
28311552	28311552	9130752	9130752	18874368	98484	18163020	18874368	76112	0	0	162573	0	
28311552	28311552	9130740	9130764	18874368	1270580	16990924	18874368	1042552	680	0	1212981	0	
28311552	28311552	9130740	9130764	18874368	126744	18134760	18874368	110000	0	0	269267	0	
28311552	28311552	9130740	9130764	18874368	1163400	17098104	18874368	968072	0	0	1034486	0	
28311552	28311552	9130700	9130804	18874368	78968	18182536	18874368	70028	0	0	183152	0	
28311552	28311552	9130740	9130764	18874368	1120032	17141472	18874368	907072	0	0	859543	0	
28311552	28311552	9130740	9130764	18874368	1564040	16697464	18874368	1355092	0	0	1106082	0	
28311552	28311552	9130740	9130764	18874368	658156	17603348	18874368	502812	0	0	714160	0	
28311552	28311552	9130740	9130764	18874368	1286060	16975444	18874368	1029232	0	0	1144824	0	
28311552	28311552	9130736	9130768	18874368	107144	18154360	18874368	78172	0	0	208855	0	
28311552	28311552	9130740	9130764	18874368	1218268	17043236	18874368	1039484	0	0	1104970	0	
28311552	28311552	9130752	9130752	18874368	132724	18128780	18874368	116028	492	0	262911	0	
28311552	28311552	9130720	9130784	18874368	1197788	17063716	18874368	983472	0	0	946653	0	
28311552	28311552	9130740	9130764	18874368	78140	18183364	18874368	70328	0	0	158214	0	
28311552	28311552	9130740	9130764	18874368	1145840	17115664	18874368	904572	0	0	869389	0	
28311552	28311552	9130740	9130764	18874368	1592208	16669296	18874368	1347912	0	0	1222531	0	
28311552	28311552	9130740	9130764	18874368	615488	17646016	18874368	482820	0	0	640344	0	
28311552	28311552	9130740	9130764	18874368	1239256	17022248	18874368	1026540	28	0	895433	0	
28311552	28311552	9130744	9130760	18874368	131064	18130440	18874368	108892	0	0	219771	0	
28311552	28311552	9130740	9130764	18874368	1324228	16937276	18874368	1043472	0	0	1095328	0	
28311552	28311552	9130740	9130764	18874368	120844	18140660	18874368	103532	0	0	231267	0	
28311552	28311552	9130720	9130784	18874368	1126612	17134892	18874368	954772	0	0	844524	0	
28311552	28311552	9130708	9130796	18874368	77980	18183524	18874368	69888	0	0	155043	0	
28311552	28311552	9130740	9130764	18874368	1084388	17177116	18874368	903044	492	0	950056	0	
28311552	28311552	9130740	9130764	18874368	1602008	16659496	18874368	1357872	0	0	1192940	0	
28311552	28311552	9130720	9130784	18874368	629928	17631576	18874368	504432	0	0	649884	0	
28311552	28311552	9130740	9130764	18874368	1269540	16991964	18874368	1053572	0	0	871275	0	
28311552	28311552	9130740	9130764	18874368	133244	18128260	18874368	111212	0	0	224210	0	
28311552	28311552	9130740	9130764	18874368	1303548	16957956	18874368	1045152	0	0	1009567	0	
28311552	28311552	9130752	9130752	18874368	124524	18136980	18874368	105352	0	0	229560	0	
28311552	28311552	9130740	9130764	18874368	1163620	17097884	18874368	958432	0	0	907208	0	
28311552	28311552	9130740	9130764	18874368	77760	18183744	18874368	67164	0	0	146994	0	
28311552	28311552	9130740	9130764	18874368	1090968	17170536	18874368	900472	0	0	859073	0	
28311552	28311552	9130740	9130764	18874368	1639816	16621688	18874368	1356772	0	0	1147102	0	
28311552	28311552	9130740	9130764	18874368	555832	17705672	18874368	472992	0	0	578757	0	
28311552	28311552	9130740	9130764	18874368	1228356	17033148	18874368	1062872	0	0	890302	0	
28311552	28311552	9130736	9130768	18874368	154364	18107140	18874368	132472	0	0	264128	0	
28311552	28311552	9130740	9130764	18874368	1314760	16946744	18874368	1061912	0	0	1101878	0	
28311552	28311552	9130752	9130752	18874368	127424	18134080	18874368	110728	0	0	241214	0	
28311552	28311552	9130740	9130764	18874368	1181920	17079584	18874368	970792	0	0	1001237	0	
28311552	28311552	9130716	9130788	18874368	77604	18183900	18874368	66932	0	0	151550	0	
28311552	28311552	9130740	9130764	18874368	1053416	17208088	18874368	900472	0	0	926291	0	
28311552	28311552	9130740	9130764	18874368	1622336	16639168	18874368	1362252	0	0	1073628	0	
28311552	28311552	9130720	9130784	18874368	660556	17600948	18874368	500132	0	0	690586	0	
28311552	28311552	9130740	9130764	18874368	1274680	16986824	18874368	1023772	0	0	1088600	0	
28311552	28311552	9130752	9130752	18874368	104324	18157180	18874368	81832	0	0	170747	0	
28311552	28311552	9130740	9130764	18874368	1269400	16992104	18874368	1042692	0	0	983192	0	
28311552	28311552	9130740	9130764	18874368	127264	18134240	18874368	110984	0	0	236452	0	
28311552	28311552	9130740	9130764	18874368	1193488	17068016	18874368	970672	0	0	872830	0	
28311552	28311552	9130748	9130756	18874368	76988	18184516	18874368	64452	0	0	139257	0	
28311552	28311552	9130720	9130784	18874368	1165460	17096044	18874368	897012	0	0	866795	0	
28311552	28311552	9130740	9130764	18874368	1568080	16693424	18874368	1323172	0	0	1055091	0	
28311552	28311552	9130720	9130784	18874368	586960	17674544	18874368	462112	0	0	610708	0	
28311552	28311552	9130740	9130764	18874368	1231376	17030128	18874368	1027512	0	0	1029504	0	
28311552	28311552	9130724	9130780	18874368	139784	18121720	18874368	114932	0	0	237388	0	
28311552	28311552	9130740	9130764	18874368	1217936	17043568	18874368	1043652	0	0	1172927	0	
28311552	28311552	9130736	9130768	18874368	135224	18126280	18874368	118400	0	0	261061	0	
28311552	28311552	9130720	9130784	18874368	1190608	17070896	18874368	983412	0	0	999404	0	
28311552	28311552	9130744	9130760	18874368	78292	18183212	18874368	73544	0	0	165616	0	
28311552	28311552	9130740	9130764	18874368	1125332	17136172	18874368	906412	0	0	734292	0	
28311552	28311552	9130740	9130764	18874368	1606488	16655016	18874368	1360252	0	0	1188455	0	
28311552	28311552	9130720	9130784	18874368	652908	17608596	18874368	499392	0	0	640337	0	
28311552	28311552	9130740	9130764	18874368	1226736	17034768	18874368	1021412	0	0	1006850	0	
28311552	28311552	9130748	9130756	18874368	135364	18126140	18874368	113252	0	0	230617	0	
28311552	28311552	9130740	9130764	18874368	1308488	16953016	18874368	1045672	0	0	1107448	0	
28311552	28311552	9130740	9130764	18874368	123024	18138480	18874368	104664	0	0	232272	0	
28311552	28311552	9130740	9130764	18874368	1147212	17114292	18874368	956812	0	0	852568	0	
28311552	28311552	9130700	9130804	18874368	78968	18182536	18874368	70028	0	0	153876	0	
28311552	28311552	9130740	9130764	18874368	1125072	17136432	18874368	907072	0	0	945723	0	
28311552	28311552	9130740	9130764	18874368	1591708	16669796	18874368	1353392	0	0	1129145	0	
28311552	28311552	9130720	9130784	18874368	643216	17618288	18874368	491712	0	0	706223	0	
28311552	28311552	9130740	9130764	18874368	1190488	17071016	18874368	1014412	0	0	1033221	0	
28311552	28311552	9130748	9130756	18874368	151284	18110220	18874368	129652	0	0	269142	0	
28311552	28311552	9130720	9130784	18874368	1268660	16992844	18874368	1053212	0	0	989143	0	
28311552	28311552	9130752	9130752	18874368	130824	18130680	18874368	113536	0	0	247132	0	
28311552	28311552	9130740	9130764	18874368	1183592	17077912	18874368	980212	0	0	939971	0	
28311552	28311552	9130752	9130752	18874368	77920	18183584	18874368	70100	0	0	155722	0	
28311552	28311552	9130740	9130764	18874368	1131992	17129512	18874368	904572	0	0	881649	0	
28311552	28311552	9130740	9130764	18874368	1608668	16652836	18874368	1352812	0	0	1100839	0	
28311552	28311552	9130720	9130784	18874368	677204	17584300	18874368	480952	0	0	632254	0	
28311552	28311552	9130740	9130764	18874368	1204448	17057056	18874368	974952	0	0	1067470	0	
28311552	28311552	9130736	9130768	18874368	111124	18150380	18874368	88552	0	0	191813	0	
28311552	28311552	9130740	9130764	18874368	1232556	17028948	18874368	1044372	0	0	972086	0	
28311552	28311552	9130716	9130788	18874368	132344	18129160	18874368	115696	0	0	286031	0	
28311552	28311552	9130740	9130764	18874368	1187308	17074196	18874368	982732	0	0	916429	0	
28311552	28311552	9130728	9130776	18874368	78020	18183484	18874368	71060	0	0	163595	0	
28311552	28311552	9130740	9130764	18874368	1115612	17145892	18874368	908032	0	0	826447	0	
28311552	28311552	9130740	9130764	18874368	1622336	16639168	18874368	1359032	0	0	1139478	0	
28311552	28311552	9130740	9130764	18874368	640136	17621368	18874368	488312	0	0	586659	0	
28311552	28311552	9130740	9130764	18874368	1214216	17047288	18874368	1012912	0	0	1170306	0	
28311552	28311552	9130740	9130764	18874368	146444	18115060	18874368	114712	0	0	249820	0	
28311552	28311552	9130720	9130784	18874368	1278440	16983064	18874368	1037932	0	0	1076387	0	
28311552	28311552	9130712	9130792	18874368	126844	18134660	18874368	109644	0	0	244963	0	
28311552	28311552	9130740	9130764	18874368	1174340	17087164	18874368	968252	0	0	1054809	0	
28311552	28311552	9130740	9130764	18874368	77800	18183704	18874368	67600	0	0	149062	0	
28311552	28311552	9130740	9130764	18874368	1148112	17113392	18874368	902392	0	0	896064	0	
28311552	28311552	9130740	9130764	18874368	1597048	16664456	18874368	1343832	0	0	1018596	0	
28311552	28311552	9130740	9130764	18874368	572292	17689212	18874368	464572	0	0	629159	0	
28311552	28311552	9130740	9130764	18874368	1295300	16966204	18874368	1041552	0	0	853334	0	
28311552	28311552	9130724	9130780	18874368	114464	18147040	18874368	82732	0	0	217993	0	
28311552	28311552	9130740	9130764	18874368	1270380	16991124	18874368	1038292	0	0	1017658	0	
28311552	28311552	9130740	9130764	18874368	126144	18135360	18874368	109080	0	0	233521	0	
28311552	28311552	9130740	9130764	18874368	1146300	17115204	18874368	965192	0	0	999504	0	
28311552	28311552	9130748	9130756	18874368	78552	18182952	18874368	71416	0	0	156753	0	
28311552	28311552	9130720	9130784	18874368	1095964	17165540	18874368	906212	0	0	890234	0	
28311552	28311552	9130720	9130784	18874368	1629436	16632068	18874368	1364372	0	0	1146929	0	
28311552	28311552	9130740	9130764	18874368	650896	17610608	18874368	494352	0	0	608663	0	
28311552	28311552	9130740	9130764	18874368	1273480	16988024	18874368	1011832	0	0	1076246	0	
28311552	28311552	9130736	9130768	18874368	76340	18185164	18874368	71792	0	0	163777	0	
28311552	28311552	9130740	9130764	18874368	1277880	16983624	18874368	1045672	0	0	1116393	0	
28311552	28311552	9130744	9130760	18874368	128264	18133240	18874368	110652	0	0	256092	0	
28311552	28311552	9130740	9130764	18874368	1268520	16992984	18874368	972492	0	0	979049	0	
28311552	28311552	9130736	9130768	18874368	78372	18183132	18874368	56552	0	0	143076	0	
28311552	28311552	9130740	9130764	18874368	1092604	17168900	18874368	886512	0	0	792706	0	
28311552	28311552	9130740	9130764	18874368	1601348	16660156	18874368	1324592	0	0	1031073	0	
28311552	28311552	9130740	9130764	18874368	545924	17715580	18874368	436792	0	0	584376	0	
28311552	28311552	9130740	9130764	18874368	1300300	16961204	18874368	1034352	0	0	991108	0	
28311552	28311552	9130744	9130760	18874368	75920	18185584	18874368	73192	0	0	161457	0	
28311552	28311552	9130740	9130764	18874368	1312768	16948736	18874368	1046792	0	0	995287	0	
28311552	28311552	9130748	9130756	18874368	122704	18138800	18874368	105316	0	0	225865	0	
28311552	28311552	9130740	9130764	18874368	1117332	17144172	18874368	955172	0	0	898965	0	
28311552	28311552	9130736	9130768	18874368	78532	18182972	18874368	73144	0	0	157646	0	
28311552	28311552	9130740	9130764	18874368	1166580	17094924	18874368	912112	0	0	815651	0	
28311552	28311552	9130740	9130764	18874368	1610308	16651196	18874368	1347592	0	0	1170337	0	
28311552	28311552	9130740	9130764	18874368	570952	17690552	18874368	468492	0	0	642600	0	
28311552	28311552	9130740	9130764	18874368	1271280	16990224	18874368	1046872	0	0	823243	0	
28311552	28311552	9130716	9130788	18874368	130164	18131340	18874368	104232	0	0	219238	0	
28311552	28311552	9130740	9130764	18874368	1274260	16987244	18874368	1039752	0	0	1148201	0	
28311552	28311552	9130704	9130800	18874368	127524	18133980	18874368	110164	0	0	236720	0	
28311552	28311552	9130740	9130764	18874368	1145660	17115844	18874368	971612	0	0	925072	0	
28311552	28311552	9130744	9130760	18874368	78948	18182556	18874368	73068	0	0	204091	0	
28311552	28311552	9130740	9130764	18874368	1122452	17139052	18874368	910272	0	0	986997	0	
28311552	28311552	9130720	9130784	18874368	1587780	16673724	18874368	1358332	0	0	990479	0	
28311552	28311552	9130740	9130764	18874368	603040	17658464	18874368	501172	0	0	652314	0	
28311552	28311552	9130720	9130784	18874368	1270980	16990524	18874368	1069772	0	0	863311	0	
28311552	28311552	9130740	9130764	18874368	147004	18114500	18874368	124892	0	0	247312	0	
28311552	28311552	9130740	9130764	18874368	1304240	16957264	18874368	1049372	0	0	985567	0	
28311552	28311552	9130720	9130784	18874368	125464	18136040	18874368	108316	0	0	232627	0	
28311552	28311552	9130740	9130764	18874368	1152980	17108524	18874368	962012	0	0	977292	0	
28311552	28311552	9130700	9130804	18874368	78252	18183252	18874368	69464	0	0	155832	0	
28311552	28311552	9130740	9130764	18874368	1106824	17154680	18874368	900812	0	0	787876	0	
28311552	28311552	9130740	9130764	18874368	1580860	16680644	18874368	1355912	0	0	1006854	0	
28311552	28311552	9130740	9130764	18874368	610440	17651064	18874368	501952	0	0	731888	0	
28311552	28311552	9130740	9130764	18874368	1275320	16986184	18874368	1065012	0	0	936615	0	
28311552	28311552	9130752	9130752	18874368	139804	18121700	18874368	117832	0	0	238129	0	
28311552	28311552	9130740	9130764	18874368	1223916	17037588	18874368	1046992	0	0	959107	0	
28311552	28311552	9130736	9130768	18874368	135104	18126400	18874368	118748	0	0	258672	0	
28311552	28311552	9130740	9130764	18874368	1202220	17059284	18874368	987552	0	0	925421	0	
28311552	28311552	9130748	9130756	18874368	78312	18183192	18874368	71964	0	0	161174	0	
28311552	28311552	9130720	9130784	18874368	1065936	17195568	18874368	908352	0	0	887186	0	
28311552	28311552	9130736	9130768	18874368	76948	18184556	18874368	51240	0	0	135787	0	
28311552	28311552	9130740	9130764	18874368	1064776	17196728	18874368	873512	0	0	910990	0	
28311552	28311552	9130740	9130764	18874368	1597008	16664496	18874368	1323752	0	0	1221839	0	
28311552	28311552	9130740	9130764	18874368	574632	17686872	18874368	439992	0	0	651442	0	
28311552	28311552	9130740	9130764	18874368	1270200	16991304	18874368	1014072	0	0	1165400	0	
28311552	28311552	9130720	9130784	18874368	101444	18160060	18874368	76292	0	0	167771	0	
28311552	28311552	9130740	9130764	18874368	1303168	16958336	18874368	1040972	0	0	1012175	0	
28311552	28311552	9130752	9130752	18874368	121404	18140100	18874368	104436	0	0	264134	0	
28311552	28311552	9130740	9130764	18874368	1181268	17080236	18874368	957272	0	0	935204	0	
28311552	28311552	9130720	9130784	18874368	77760	18183744	18874368	62952	0	0	172269	0	
28311552	28311552	9130740	9130764	18874368	1121572	17139932	18874368	892532	0	0	793976	0	
28311552	28311552	9130740	9130764	18874368	1631876	16629628	18874368	1339472	0	0	1069335	0	
28311552	28311552	9130740	9130764	18874368	531064	17730440	18874368	429632	0	0	623243	0	
28311552	28311552	9130740	9130764	18874368	1313348	16948156	18874368	1039272	0	0	941824	0	
28311552	28311552	9130740	9130764	18874368	73112	18188392	18874368	68372	0	0	157204	0	
28311552	28311552	9130740	9130764	18874368	1282820	16978684	18874368	1044568	0	0	1005910	0	
28311552	28311552	9130716	9130788	18874368	127164	18134340	18874368	110816	0	0	239150	0	
28311552	28311552	9130740	9130764	18874368	1192388	17069116	18874368	970152	360	0	1012071	0	
28311552	28311552	9130736	9130768	18874368	77244	18184260	18874368	64812	0	0	145531	0	
28311552	28311552	9130740	9130764	18874368	1074756	17186748	18874368	896652	0	0	783362	0	
28311552	28311552	9130740	9130764	18874368	1655704	16605800	18874368	1358092	0	0	994343	0	
28311552	28311552	9130740	9130764	18874368	574880	17686624	18874368	464012	0	0	577964	0	
28311552	28311552	9130740	9130764	18874368	1269800	16991704	18874368	1038392	0	0	859305	0	
28311552	28311552	9130752	9130752	18874368	120144	18141360	18874368	98112	0	0	198318	0	
28311552	28311552	9130740	9130764	18874368	1269420	16992084	18874368	1040716	0	0	1076901	0	
28311552	28311552	9130752	9130752	18874368	128444	18133060	18874368	111520	324	0	298364	0	
28311552	28311552	9130740	9130764	18874368	1183028	17078476	18874368	973232	0	0	822230	0	
28311552	28311552	9130708	9130796	18874368	77880	18183624	18874368	67772	0	0	178143	0	
28311552	28311552	9130720	9130784	18874368	1122044	17139460	18874368	902912	0	0	932967	0	
28311552	28311552	9130740	9130764	18874368	1571360	16690144	18874368	1351312	0	0	1091012	0	
28311552	28311552	9130720	9130784	18874368	643528	17617976	18874368	497512	0	0	613059	0	
28311552	28311552	9130740	9130764	18874368	1231296	17030208	18874368	1026512	0	0	874673	0	
28311552	28311552	9130752	9130752	18874368	114664	18146840	18874368	114552	0	0	249883	0	
28311552	28311552	9130740	9130764	18874368	1343448	16918056	18874368	1058452	0	0	1055192	0	
28311552	28311552	9130724	9130780	18874368	121404	18140100	18874368	104768	0	0	228395	0	
28311552	28311552	9130740	9130764	18874368	1214776	17046728	18874368	957572	0	0	1021113	0	
28311552	28311552	9130732	9130772	18874368	78572	18182932	18874368	58740	0	0	143089	0	
28311552	28311552	9130740	9130764	18874368	1058136	17203368	18874368	870172	0	0	858096	0	
28311552	28311552	9130740	9130764	18874368	1634856	16626648	18874368	1348372	0	0	1093280	0	
28311552	28311552	9130740	9130764	18874368	587324	17674180	18874368	450512	0	0	609836	0	
28311552	28311552	9130740	9130764	18874368	1232056	17029448	18874368	1015052	0	0	1010217	0	
28311552	28311552	9130716	9130788	18874368	135584	18125920	18874368	103972	0	0	229195	0	
28311552	28311552	9130740	9130764	18874368	1268280	16993224	18874368	1043032	0	0	1101115	0	
28311552	28311552	9130728	9130776	18874368	127504	18134000	18874368	110296	0	0	236595	0	
28311552	28311552	9130740	9130764	18874368	1161872	17099632	18874368	971252	0	0	1063932	0	
28311552	28311552	9130740	9130764	18874368	77660	18183844	18874368	69856	0	0	153954	0	
28311552	28311552	9130740	9130764	18874368	1115344	17146160	18874368	904572	0	0	868795	0	
28311552	28311552	9130720	9130784	18874368	1599948	16661556	18874368	1354372	0	0	1084734	0	
28311552	28311552	9130740	9130764	18874368	615720	17645784	18874368	496512	0	0	665290	0	
28311552	28311552	9130740	9130764	18874368	1309388	16952116	18874368	1043772	0	0	1030776	0	
28311552	28311552	9130744	9130760	18874368	100384	18161120	18874368	75392	0	0	181894	0	
28311552	28311552	9130740	9130764	18874368	1295240	16966264	18874368	1040552	0	0	1017386	0	
28311552	28311552	9130752	9130752	18874368	122244	18139260	18874368	105360	0	0	224344	0	
28311552	28311552	9130740	9130764	18874368	1153020	17108484	18874368	960032	0	0	935823	0	
28311552	28311552	9130740	9130764	18874368	77720	18183784	18874368	67372	0	0	149808	0	
28311552	28311552	9130740	9130764	18874368	1116204	17145300	18874368	901672	0	0	829634	0	
28311552	28311552	9130740	9130764	18874368	1576700	16684804	18874368	1353652	0	0	1033490	0	
28311552	28311552	9130740	9130764	18874368	699924	17561580	18874368	496312	0	0	699674	0	
28311552	28311552	9130740	9130764	18874368	1178660	17082844	18874368	980052	0	0	1138288	0	
28311552	28311552	9130740	9130764	18874368	110684	18150820	18874368	110672	0	0	241114	0	
28311552	28311552	9130740	9130764	18874368	1326548	16934956	18874368	1057632	0	0	1024262	0	
28311552	28311552	9130736	9130768	18874368	123444	18138060	18874368	103292	0	0	218633	0	
28311552	28311552	9130720	9130784	18874368	1185908	17075596	18874368	957772	0	0	931801	0	
28311552	28311552	9130736	9130768	18874368	78592	18182912	18874368	64852	0	0	144823	0	
28311552	28311552	9130740	9130764	18874368	1125392	17136112	18874368	894772	0	0	775622	0	
28311552	28311552	9130740	9130764	18874368	1621136	16640368	18874368	1342212	0	0	1019361	0	
28311552	28311552	9130740	9130764	18874368	555784	17705720	18874368	441652	0	0	612384	0	
28311552	28311552	9130720	9130784	18874368	1229216	17032288	18874368	1030952	0	0	1054141	0	
28311552	28311552	9130748	9130756	18874368	141964	18119540	18874368	119892	0	0	233075	0	
28311552	28311552	9130740	9130764	18874368	1273200	16988304	18874368	1047212	0	0	1104488	0	
28311552	28311552	9130732	9130772	18874368	129204	18132300	18874368	111804	0	0	235199	0	
28311552	28311552	9130740	9130764	18874368	1188728	17072776	18874368	974272	0	0	984948	0	
28311552	28311552	9130728	9130776	18874368	78060	18183444	18874368	68016	0	0	151239	0	
28311552	28311552	9130740	9130764	18874368	1087184	17174320	18874368	902872	0	0	816542	0	
28311552	28311552	9130740	9130764	18874368	1588848	16672656	18874368	1360212	0	0	1119925	0	
28311552	28311552	9130720	9130784	18874368	636288	17625216	18874368	502432	0	0	727556	0	
28311552	28311552	9130740	9130764	18874368	1232896	17028608	18874368	1045092	0	0	938257	0	
28311552	28311552	9130728	9130776	18874368	153684	18107820	18874368	128552	0	0	342471	0	
28311552	28311552	9130740	9130764	18874368	1274360	16987144	18874368	1049332	0	0	1019297	0	
28311552	28311552	9130732	9130772	18874368	129344	18132160	18874368	112216	0	0	239301	0	
28311552	28311552	9130720	9130784	18874368	1217656	17043848	18874368	974752	0	0	878736	0	
28311552	28311552	9130748	9130756	18874368	78272	18183232	18874368	64524	0	0	145446	0	
28311552	28311552	9130740	9130764	18874368	1155400	17106104	18874368	894772	0	0	963424	0	
28311552	28311552	9130740	9130764	18874368	1598988	16662516	18874368	1337732	0	0	1090645	0	
28311552	28311552	9130740	9130764	18874368	576292	17685212	18874368	435752	0	0	550903	0	
28311552	28311552	9130740	9130764	18874368	1208008	17053496	18874368	1008612	0	0	1148135	0	
28311552	28311552	9130744	9130760	18874368	137064	18124440	18874368	115052	0	0	231981	0	
28311552	28311552	9130740	9130764	18874368	1281560	16979944	18874368	1046092	0	0	1075508	0	
28311552	28311552	9130744	9130760	18874368	127704	18133800	18874368	109452	0	0	232882	0	
28311552	28311552	9130740	9130764	18874368	1191068	17070436	18874368	972172	0	0	898755	0	
28311552	28311552	9130740	9130764	18874368	77960	18183544	18874368	66576	0	0	144374	0	
28311552	28311552	9130720	9130784	18874368	1071596	17189908	18874368	899392	0	0	918950	0	
28311552	28311552	9130740	9130764	18874368	1596728	16664776	18874368	1360252	0	0	1011174	0	
28311552	28311552	9130720	9130784	18874368	679984	17581520	18874368	499972	0	0	686103	0	
28311552	28311552	9130740	9130764	18874368	1172552	17088952	18874368	1007352	0	0	1108926	0	
28311552	28311552	9130728	9130776	18874368	156584	18104920	18874368	127732	0	0	355587	0	
28311552	28311552	9130740	9130764	18874368	1278760	16982744	18874368	1055552	0	0	1100471	0	
28311552	28311552	9130732	9130772	18874368	130064	18131440	18874368	112592	0	0	295244	0	
28311552	28311552	9130740	9130764	18874368	1157964	17103540	18874368	977792	0	0	945363	0	
28311552	28311552	9130708	9130796	18874368	77660	18183844	18874368	72260	0	0	159949	0	
28311552	28311552	9130720	9130784	18874368	1108964	17152540	18874368	912032	0	0	867012	0	
28311552	28311552	9130740	9130764	18874368	1616528	16644976	18874368	1365792	0	0	1016959	0	
28311552	28311552	9130740	9130764	18874368	662956	17598548	18874368	500072	0	0	685140	0	
28311552	28311552	9130740	9130764	18874368	1227316	17034188	18874368	1014072	0	0	1023906	0	
28311552	28311552	9130752	9130752	18874368	129664	18131840	18874368	106432	0	0	218294	0	
28311552	28311552	9130740	9130764	18874368	1331588	16929916	18874368	1042552	0	0	984175	0	
28311552	28311552	9130696	9130808	18874368	119684	18141820	18874368	103220	0	0	224352	0	
28311552	28311552	9130740	9130764	18874368	1132912	17128592	18874368	958692	0	0	946548	0	
28311552	28311552	9130744	9130760	18874368	78216	18183288	18874368	68104	0	0	149984	0	
28311552	28311552	9130740	9130764	18874368	1103864	17157640	18874368	902632	0	0	846811	0	
28311552	28311552	9130740	9130764	18874368	1599048	16662456	18874368	1358352	0	0	1110993	0	
28311552	28311552	9130740	9130764	18874368	606280	17655224	18874368	494512	0	0	670105	0	
28311552	28311552	9130740	9130764	18874368	1313888	16947616	18874368	1047412	0	0	1016331	0	
28311552	28311552	9130736	9130768	18874368	100524	18160980	18874368	75532	0	0	182477	0	
28311552	28311552	9130740	9130764	18874368	1277620	16983884	18874368	1040552	0	0	959807	0	
28311552	28311552	9130688	9130816	18874368	125684	18135820	18874368	108072	0	0	232973	0	
28311552	28311552	9130740	9130764	18874368	1157840	17103664	18874368	962512	0	0	945068	0	
28311552	28311552	9130740	9130764	18874368	78532	18182972	18874368	69336	0	0	149629	0	
28311552	28311552	9130740	9130764	18874368	1057816	17203688	18874368	905872	0	0	856280	0	
28311552	28311552	9130740	9130764	18874368	1526572	16734932	18874368	1297432	0	0	973574	0	
28311552	28311552	9130740	9130764	18874368	671904	17589600	18874368	530392	0	0	627540	0	
28311552	28311552	9130740	9130764	18874368	1297560	16963944	18874368	1086652	0	0	919375	0	
28311552	28311552	9130748	9130756	18874368	149764	18111740	18874368	127812	0	0	279412	0	
28311552	28311552	9130740	9130764	18874368	1230256	17031248	18874368	1050632	0	0	1130723	0	
28311552	28311552	9130740	9130764	18874368	134984	18126520	18874368	118336	0	0	256969	0	
28311552	28311552	9130740	9130764	18874368	1232436	17029068	18874368	989732	0	0	980864	0	
28311552	28311552	9130692	9130812	18874368	77920	18183584	18874368	67632	0	0	150393	0	
28311552	28311552	9130720	9130784	18874368	1158420	17103084	18874368	901752	0	0	920160	0	
28311552	28311552	9130740	9130764	18874368	1634796	16626708	18874368	1337772	0	0	1042280	0	
28311552	28311552	9130740	9130764	18874368	538764	17722740	18874368	425092	0	0	591513	0	
28311552	28311552	9130720	9130784	18874368	1196920	17064584	18874368	1028972	0	0	1128304	0	
28311552	28311552	9130752	9130752	18874368	151284	18110220	18874368	129212	0	0	256285	0	
28311552	28311552	9130740	9130764	18874368	1292080	16969424	18874368	1058912	0	0	1064095	0	
28311552	28311552	9130704	9130800	18874368	129204	18132300	18874368	111624	0	0	238690	0	
28311552	28311552	9130740	9130764	18874368	1193688	17067816	18874368	974432	0	0	1023036	0	
28311552	28311552	9130708	9130796	18874368	77444	18184060	18874368	66812	0	0	149337	0	
28311552	28311552	9130740	9130764	18874368	1068436	17193068	18874368	900412	0	0	778700	0	
28311552	28311552	9130720	9130784	18874368	1654976	16606528	18874368	1365692	0	0	989591	0	
28311552	28311552	9130740	9130764	18874368	583992	17677512	18874368	478332	0	0	603050	0	
28311552	28311552	9130740	9130764	18874368	1298780	16962724	18874368	1046332	0	0	1034347	0	
28311552	28311552	9130744	9130760	18874368	111044	18150460	18874368	84832	0	0	187861	0	
28311552	28311552	9130740	9130764	18874368	1231896	17029608	18874368	1041392	0	0	1089468	0	
28311552	28311552	9130736	9130768	18874368	131844	18129660	18874368	114432	0	0	239614	0	
28311552	28311552	9130740	9130764	18874368	1122252	17139252	18874368	980492	0	0	1036490	0	
28311552	28311552	9130740	9130764	18874368	99084	18162420	18874368	80176	0	0	175970	0	
28311552	28311552	9130740	9130764	18874368	1083484	17178020	18874368	885352	0	0	879439	0	
28311552	28311552	9130736	9130768	18874368	77680	18183824	18874368	54392	0	0	138539	0	
28311552	28311552	9130740	9130764	18874368	1049316	17212188	18874368	880492	0	0	862952	0	
28311552	28311552	9130740	9130764	18874368	1560532	16700972	18874368	1342012	0	0	1133876	0	
28311552	28311552	9130720	9130784	18874368	628868	17632636	18874368	491772	0	0	730390	0	
28311552	28311552	9130740	9130764	18874368	1272840	16988664	18874368	1026252	0	0	912299	0	
28311552	28311552	9130716	9130788	18874368	110084	18151420	18874368	84932	0	0	210410	0	
28311552	28311552	9130740	9130764	18874368	1225928	17035576	18874368	1042092	0	0	1151459	0	
28311552	28311552	9130752	9130752	18874368	132604	18128900	18874368	115396	0	0	244782	0	
28311552	28311552	9130740	9130764	18874368	1136032	17125472	18874368	983192	0	0	879911	0	
28311552	28311552	9130696	9130808	18874368	79268	18182236	18874368	78796	0	0	174646	0	
28311552	28311552	9130740	9130764	18874368	1084104	17177400	18874368	895312	0	0	850678	0	
28311552	28311552	9130712	9130792	18874368	78272	18183232	18874368	56372	0	0	140321	0	
28311552	28311552	9130720	9130784	18874368	1104184	17157320	18874368	886292	0	0	819022	0	
28311552	28311552	9130740	9130764	18874368	1587648	16673856	18874368	1333872	0	0	1281263	0	
28311552	28311552	9130740	9130764	18874368	574072	17687432	18874368	438392	0	0	618559	0	
28311552	28311552	9130740	9130764	18874368	1203328	17058176	18874368	1013072	0	0	995942	0	
28311552	28311552	9130728	9130776	18874368	147684	18113820	18874368	121912	0	0	250041	0	
28311552	28311552	9130740	9130764	18874368	1324168	16937336	18874368	1045952	0	0	1019299	0	
28311552	28311552	9130692	9130812	18874368	121104	18140400	18874368	104388	0	0	226030	0	
28311552	28311552	9130740	9130764	18874368	1153260	17108244	18874368	956072	0	0	962279	0	
28311552	28311552	9130752	9130752	18874368	78292	18183212	18874368	67040	0	0	149089	0	
28311552	28311552	9130740	9130764	18874368	1093296	17168208	18874368	898892	0	0	745241	0	
28311552	28311552	9130740	9130764	18874368	1630596	16630908	18874368	1358792	0	0	975968	0	
28311552	28311552	9130740	9130764	18874368	589880	17671624	18874368	473132	0	0	660140	0	
28311552	28311552	9130740	9130764	18874368	1217716	17043788	18874368	1035972	0	0	994128	0	
28311552	28311552	9130740	9130764	18874368	151184	18110320	18874368	129452	0	0	288285	0	
28311552	28311552	9130720	9130784	18874368	1278820	16982684	18874368	1053012	0	0	993183	0	
28311552	28311552	9130732	9130772	18874368	129484	18132020	18874368	111760	0	0	238626	0	
28311552	28311552	9130720	9130784	18874368	1162372	17099132	18874368	975652	0	0	935144	0	
28311552	28311552	9130736	9130768	18874368	77800	18183704	18874368	71408	0	0	157174	0	
28311552	28311552	9130740	9130764	18874368	1123992	17137512	18874368	908332	0	0	993552	0	
28311552	28311552	9130740	9130764	18874368	1590268	16671236	18874368	1356472	0	0	1011811	0	
28311552	28311552	9130740	9130764	18874368	628588	17632916	18874368	500992	0	0	643259	0	
28311552	28311552	9130740	9130764	18874368	1273500	16988004	18874368	1043832	0	0	882899	0	
28311552	28311552	9130728	9130776	18874368	132444	18129060	18874368	100772	0	0	226303	0	
28311552	28311552	9130740	9130764	18874368	1240456	17021048	18874368	1041972	0	0	1089511	0	
28311552	28311552	9130688	9130816	18874368	130924	18130580	18874368	113664	0	0	243521	0	
28311552	28311552	9130740	9130764	18874368	1196608	17064896	18874368	976172	0	0	928251	0	
28311552	28311552	9130696	9130808	18874368	77504	18184000	18874368	67992	0	0	156403	0	
28311552	28311552	9130740	9130764	18874368	1095284	17166220	18874368	904872	0	0	938914	0	
28311552	28311552	9130740	9130764	18874368	1606100	16655404	18874368	1358312	0	0	1138715	0	
28311552	28311552	9130740	9130764	18874368	607820	17653684	18874368	497892	0	0	574890	0	
28311552	28311552	9130740	9130764	18874368	1288300	16973204	18874368	1051692	0	0	1043351	0	
28311552	28311552	9130732	9130772	18874368	122464	18139040	18874368	96872	0	0	268964	0	
28311552	28311552	9130740	9130764	18874368	1305348	16956156	18874368	1037492	0	0	1168953	0	
28311552	28311552	9130744	9130760	18874368	122104	18139400	18874368	105900	0	0	229774	0	
28311552	28311552	9130740	9130764	18874368	1104604	17156900	18874368	959452	0	0	1002870	0	
28311552	28311552	9130712	9130792	18874368	78592	18182912	18874368	74192	0	0	163874	0	
28311552	28311552	9130740	9130764	18874368	1065956	17195548	18874368	908192	0	0	841407	0	
28311552	28311552	9130732	9130772	18874368	77880	18183624	18874368	54332	0	0	140179	0	
28311552	28311552	9130720	9130784	18874368	1068696	17192808	18874368	881672	0	0	862026	0	
28311552	28311552	9130720	9130784	18874368	1587568	16673936	18874368	1331592	0	0	1116109	0	
28311552	28311552	9130740	9130764	18874368	586272	17675232	18874368	455132	0	0	590170	0	
28311552	28311552	9130740	9130764	18874368	1297580	16963924	18874368	1021152	0	0	1251001	0	
28311552	28311552	9130732	9130772	18874368	101124	18160380	18874368	75852	0	0	175022	0	
28311552	28311552	9130740	9130764	18874368	1302028	16959476	18874368	1039692	0	0	1010807	0	
28311552	28311552	9130712	9130792	18874368	119304	18142200	18874368	101724	0	0	219983	0	
28311552	28311552	9130740	9130764	18874368	1125132	17136372	18874368	957892	0	0	979658	0	
28311552	28311552	9130736	9130768	18874368	77404	18184100	18874368	67732	0	0	150401	0	
28311552	28311552	9130740	9130764	18874368	1086504	17175000	18874368	904692	0	0	960146	0	
28311552	28311552	9130740	9130764	18874368	1598228	16663276	18874368	1361012	0	0	997757	0	
28311552	28311552	9130720	9130784	18874368	632928	17628576	18874368	499972	0	0	666419	0	
28311552	28311552	9130740	9130764	18874368	1283700	16977804	18874368	1044772	0	0	1055573	0	
28311552	28311552	9130744	9130760	18874368	120324	18141180	18874368	94272	0	0	226957	0	
28311552	28311552	9130740	9130764	18874368	1274220	16987284	18874368	1044032	0	0	1151568	0	
28311552	28311552	9130692	9130812	18874368	126984	18134520	18874368	110056	0	0	237041	0	
28311552	28311552	9130740	9130764	18874368	1188580	17072924	18874368	969152	0	0	900694	0	
28311552	28311552	9130724	9130780	18874368	77680	18183824	18874368	65968	0	0	154585	0	
28311552	28311552	9130740	9130764	18874368	1112504	17149000	18874368	897972	0	0	911702	0	
28311552	28311552	9130740	9130764	18874368	1613348	16648156	18874368	1349752	0	0	1032758	0	
28311552	28311552	9130740	9130764	18874368	579324	17682180	18874368	468752	0	0	660091	0	
28311552	28311552	9130740	9130764	18874368	1195748	17065756	18874368	1040692	0	0	920119	0	
28311552	28311552	9130748	9130756	18874368	147384	18114120	18874368	125392	0	0	251141	0	
28311552	28311552	9130740	9130764	18874368	1275920	16985584	18874368	1063132	0	0	962311	0	
28311552	28311552	9130744	9130760	18874368	133704	18127800	18874368	117708	0	0	254032	0	
28311552	28311552	9130720	9130784	18874368	1208448	17053056	18874368	984792	0	0	825866	0	
28311552	28311552	9130748	9130756	18874368	77680	18183824	18874368	69004	0	0	153476	0	
28311552	28311552	9130720	9130784	18874368	1118512	17142992	18874368	902092	0	0	862121	0	
28311552	28311552	9130740	9130764	18874368	1601448	16660056	18874368	1357512	0	0	1124737	0	
28311552	28311552	9130740	9130764	18874368	642456	17619048	18874368	492612	0	0	611746	0	
28311552	28311552	9130740	9130764	18874368	1194368	17067136	18874368	1016212	0	0	1169344	0	
28311552	28311552	9130716	9130788	18874368	150504	18111000	18874368	128632	0	0	252077	0	
28311552	28311552	9130740	9130764	18874368	1280780	16980724	18874368	1052252	0	0	1115249	0	
28311552	28311552	9130704	9130800	18874368	129064	18132440	18874368	111212	0	0	237168	0	
28311552	28311552	9130740	9130764	18874368	1184048	17077456	18874368	973592	0	0	989964	0	
28311552	28311552	9130752	9130752	18874368	77920	18183584	18874368	68304	0	0	156054	0	
28311552	28311552	9130740	9130764	18874368	1080704	17180800	18874368	904172	0	0	895058	0	
28311552	28311552	9130740	9130764	18874368	1624056	16637448	18874368	1362992	0	0	1082094	0	
28311552	28311552	9130740	9130764	18874368	607008	17654496	18874368	495132	0	0	572863	0	
28311552	28311552	9130740	9130764	18874368	1222996	17038508	18874368	1048932	0	0	893555	0	
28311552	28311552	9130732	9130772	18874368	153504	18108000	18874368	129152	0	0	348784	0	
28311552	28311552	9130740	9130764	18874368	1272560	16988944	18874368	1057432	0	0	1090134	0	
28311552	28311552	9130744	9130760	18874368	131284	18130220	18874368	114176	0	0	245353	0	
28311552	28311552	9130740	9130764	18874368	1206432	17055072	18874368	978312	0	0	986980	0	
28311552	28311552	9130740	9130764	18874368	77720	18183784	18874368	67372	0	0	208145	0	
28311552	28311552	9130740	9130764	18874368	1086044	17175460	18874368	901672	0	0	929691	0	
28311552	28311552	9130740	9130764	18874368	1623376	16638128	18874368	1359632	0	0	1294728	0	
28311552	28311552	9130740	9130764	18874368	578300	17683204	18874368	489692	0	0	652553	0	
28311552	28311552	9130740	9130764	18874368	1297300	16964204	18874368	1063632	0	0	879141	0	
28311552	28311552	9130740	9130764	18874368	126264	18135240	18874368	100992	0	0	215987	0	
28311552	28311552	9130740	9130764	18874368	1296540	16964964	18874368	1038792	0	0	1158607	0	
28311552	28311552	9130740	9130764	18874368	124004	18137500	18874368	104412	0	0	221132	0	
28311552	28311552	9130720	9130784	18874368	1131152	17130352	18874368	957952	0	0	1105184	0	
28311552	28311552	9130744	9130760	18874368	78412	18183092	18874368	71896	0	0	167875	0	
28311552	28311552	9130740	9130764	18874368	1089004	17172500	18874368	907440	148	0	977471	0	
28311552	28311552	9130740	9130764	18874368	1630756	16630748	18874368	1362112	0	0	1156766	0	
28311552	28311552	9130740	9130764	18874368	646948	17614556	18874368	497652	0	0	602130	0	
28311552	28311552	9130740	9130764	18874368	1276740	16984764	18874368	1024352	0	0	1157311	0	
28311552	28311552	9130732	9130772	18874368	109264	18152240	18874368	80320	0	0	214865	0	
28311552	28311552	9130740	9130764	18874368	1274300	16987204	18874368	1039660	28	0	969544	0	
28311552	28311552	9130752	9130752	18874368	125884	18135620	18874368	108676	0	0	241587	0	
28311552	28311552	9130740	9130764	18874368	1181288	17080216	18874368	964132	0	0	1134274	0	
28311552	28311552	9130732	9130772	18874368	77820	18183684	18874368	66120	0	0	145246	0	
28311552	28311552	9130720	9130784	18874368	1103744	17157760	18874368	897772	0	0	892780	0	
28311552	28311552	9130740	9130764	18874368	1627148	16634356	18874368	1353612	0	0	1135783	0	
28311552	28311552	9130740	9130764	18874368	591800	17669704	18874368	465052	0	0	569363	0	
28311552	28311552	9130740	9130764	18874368	1198988	17062516	18874368	1026032	0	0	1003390	0	
28311552	28311552	9130744	9130760	18874368	151384	18110120	18874368	125492	0	0	259762	0	
28311552	28311552	9130720	9130784	18874368	1308148	16953356	18874368	1056692	0	0	1251387	0	
28311552	28311552	9130732	9130772	18874368	126404	18135100	18874368	109636	0	0	236757	0	
28311552	28311552	9130740	9130764	18874368	1118452	17143052	18874368	966472	0	0	1099684	0	
28311552	28311552	9130704	9130800	18874368	79388	18182116	18874368	75616	0	0	169660	0	
28311552	28311552	9130740	9130764	18874368	1166000	17095504	18874368	911448	856	0	1080039	1	
28311552	28311552	9130740	9130764	18874368	1640196	16621308	18874368	1360304	0	0	1308263	0	
28311552	28311552	9130740	9130764	18874368	542784	17718720	18874368	456476	384	0	680156	0	
28311552	28311552	9130740	9130764	18874368	1276400	16985104	18874368	1056552	720	0	947088	0	
28311552	28311552	9130744	9130760	18874368	131204	18130300	18874368	108952	0	0	228513	0	
28311552	28311552	9130740	9130764	18874368	1227696	17033808	18874368	1043372	0	0	1157565	0	
28311552	28311552	9130744	9130760	18874368	134044	18127460	18874368	117088	0	0	249514	0	
28311552	28311552	9130740	9130764	18874368	1199232	17062272	18874368	987684	0	0	913191	0	
28311552	28311552	9130752	9130752	18874368	78412	18183092	18874368	71572	0	0	161277	0	
28311552	28311552	9130740	9130764	18874368	1126392	17135112	18874368	908188	196	0	880058	0	
28311552	28311552	9130740	9130764	18874368	1620776	16640728	18874368	1351872	0	0	1027749	0	
28311552	28311552	9130720	9130784	18874368	601260	17660244	18874368	481232	0	0	547692	0	
28311552	28311552	9130740	9130764	18874368	1272820	16988684	18874368	1036152	0	0	1021283	0	
28311552	28311552	9130744	9130760	18874368	97152	18164352	18874368	94072	0	0	275623	0	
28311552	28311552	9130740	9130764	18874368	1277040	16984464	18874368	1052612	0	0	933682	0	
28311552	28311552	9130700	9130804	18874368	129584	18131920	18874368	112688	0	0	244416	0	
28311552	28311552	9130740	9130764	18874368	1162080	17099424	18874368	976012	0	0	1047780	0	
28311552	28311552	9130748	9130756	18874368	77940	18183564	18874368	71732	0	0	161202	0	
28311552	28311552	9130740	9130764	18874368	1113792	17147712	18874368	908832	0	0	893073	0	
28311552	28311552	9130740	9130764	18874368	1570552	16690952	18874368	1359632	0	0	1125978	0	
28311552	28311552	9130740	9130764	18874368	627288	17634216	18874368	510852	0	0	731832	0	
28311552	28311552	9130720	9130784	18874368	1303188	16958316	18874368	1069012	0	0	945136	0	
28311552	28311552	9130748	9130756	18874368	125644	18135860	18874368	102712	0	0	210292	0	
28311552	28311552	9130740	9130764	18874368	1241796	17019708	18874368	1041232	0	0	1013990	0	
28311552	28311552	9130708	9130796	18874368	131904	18129600	18874368	114864	0	0	248155	0	
28311552	28311552	9130740	9130764	18874368	1182588	17078916	18874368	980792	0	0	986768	0	
28311552	28311552	9130752	9130752	18874368	77544	18183960	18874368	70772	0	0	156458	0	
28311552	28311552	9130740	9130764	18874368	1082236	17179268	18874368	908092	0	0	991286	0	
28311552	28311552	9130720	9130784	18874368	1600568	16660936	18874368	1345472	0	0	1059594	0	
28311552	28311552	9130740	9130764	18874368	609892	17651612	18874368	510692	0	0	681388	0	
28311552	28311552	9130740	9130764	18874368	1268960	16992544	18874368	1079732	0	0	860041	0	
28311552	28311552	9130752	9130752	18874368	147764	18113740	18874368	125812	0	0	258619	0	
28311552	28311552	9130740	9130764	18874368	1236956	17024548	18874368	1058112	0	0	1193681	0	
28311552	28311552	9130736	9130768	18874368	135824	18125680	18874368	118632	0	0	259384	0	
28311552	28311552	9130720	9130784	18874368	1186868	17074636	18874368	986012	0	0	876747	0	
28311552	28311552	9130744	9130760	18874368	78412	18183092	18874368	74568	0	0	170784	0	
28311552	28311552	9130740	9130764	18874368	1142472	17119032	18874368	909812	0	0	777441	0	
28311552	28311552	9130740	9130764	18874368	1610568	16650936	18874368	1357812	0	0	1190534	0	
28311552	28311552	9130740	9130764	18874368	596840	17664664	18874368	494412	0	0	610957	0	
28311552	28311552	9130740	9130764	18874368	1240336	17021168	18874368	1055172	0	0	1021981	0	
28311552	28311552	9130716	9130788	18874368	150264	18111240	18874368	128312	0	0	254179	0	
28311552	28311552	9130740	9130764	18874368	1308568	16952936	18874368	1054532	0	0	980056	0	
28311552	28311552	9130700	9130804	18874368	126004	18135500	18874368	108624	0	0	282718	0	
28311552	28311552	9130740	9130764	18874368	1183568	17077936	18874368	964252	0	0	790479	0	
28311552	28311552	9130744	9130760	18874368	76888	18184616	18874368	64432	0	0	137908	0	
28311552	28311552	9130740	9130764	18874368	1109104	17152400	18874368	896972	0	0	849084	0	
28311552	28311552	9130740	9130764	18874368	1627976	16633528	18874368	1350632	0	0	1035989	0	
28311552	28311552	9130740	9130764	18874368	559752	17701752	18874368	458772	0	0	609755	0	
28311552	28311552	9130740	9130764	18874368	1298140	16963364	18874368	1045452	0	0	1071669	0	
28311552	28311552	9130740	9130764	18874368	110784	18150720	18874368	84772	0	0	189256	0	
28311552	28311552	9130740	9130764	18874368	1304608	16956896	18874368	1042672	0	0	1037159	0	
28311552	28311552	9130740	9130764	18874368	121464	18140040	18874368	105156	0	0	227667	0	
28311552	28311552	9130740	9130764	18874368	1158280	17103224	18874368	956612	0	0	881975	0	
28311552	28311552	9130748	9130756	18874368	77880	18183624	18874368	66348	0	0	145352	0	
28311552	28311552	9130740	9130764	18874368	1075236	17186268	18874368	898752	0	0	803086	0	
28311552	28311552	9130740	9130764	18874368	1649596	16611908	18874368	1359812	0	0	1180020	0	
28311552	28311552	9130720	9130784	18874368	556212	17705292	18874368	471012	0	0	723674	0	
28311552	28311552	9130740	9130764	18874368	1275720	16985784	18874368	1060152	0	0	972447	0	
28311552	28311552	9130748	9130756	18874368	135364	18126140	18874368	113252	0	0	274614	0	
28311552	28311552	9130740	9130764	18874368	1220956	17040548	18874368	1045672	0	0	994371	0	
28311552	28311552	9130744	9130760	18874368	135204	18126300	18874368	118828	0	0	267141	0	
28311552	28311552	9130740	9130764	18874368	1166720	17094784	18874368	982752	0	0	1057771	0	
28311552	28311552	9130724	9130780	18874368	79148	18182356	18874368	77148	0	0	197250	0	
28311552	28311552	9130740	9130764	18874368	1119044	17142460	18874368	885160	168	0	839858	0	
28311552	28311552	9130740	9130764	18874368	1609828	16651676	18874368	1346372	0	0	1171502	0	
28311552	28311552	9130740	9130764	18874368	669276	17592228	18874368	508312	0	0	687807	0	
28311552	28311552	9130740	9130764	18874368	1226836	17034668	18874368	1028892	0	0	1188167	0	
28311552	28311552	9130748	9130756	18874368	150984	18110520	18874368	119332	0	0	253221	0	
28311552	28311552	9130740	9130764	18874368	1274840	16986664	18874368	1040092	0	0	1054445	0	
28311552	28311552	9130728	9130776	18874368	127524	18133980	18874368	110000	0	0	235227	0	
28311552	28311552	9130740	9130764	18874368	1166080	17095424	18874368	971272	0	0	960367	0	
28311552	28311552	9130732	9130772	18874368	77700	18183804	18874368	69172	0	0	154266	0	
28311552	28311552	9130740	9130764	18874368	1076716	17184788	18874368	902012	0	0	908161	0	
28311552	28311552	9130720	9130784	18874368	1633036	16628468	18874368	1361932	0	0	1175142	0	
28311552	28311552	9130740	9130764	18874368	634208	17627296	18874368	497612	0	0	579310	0	
28311552	28311552	9130740	9130764	18874368	1228176	17033328	18874368	1030612	0	0	958570	0	
28311552	28311552	9130748	9130756	18874368	141984	18119520	18874368	120032	0	0	244273	0	
28311552	28311552	9130740	9130764	18874368	1302328	16959176	18874368	1047332	0	0	1056684	0	
28311552	28311552	9130748	9130756	18874368	125424	18136080	18874368	107964	0	0	232428	0	
28311552	28311552	9130720	9130784	18874368	1217056	17044448	18874368	961872	0	0	1005121	0	
28311552	28311552	9130716	9130788	18874368	79708	18181796	18874368	61836	0	0	140296	0	
28311552	28311552	9130740	9130764	18874368	1158780	17102724	18874368	881412	0	0	801335	0	
28311552	28311552	9130740	9130764	18874368	1557600	16703904	18874368	1332432	0	0	1146990	0	
28311552	28311552	9130740	9130764	18874368	544452	17717052	18874368	443732	0	0	714448	0	
28311552	28311552	9130720	9130784	18874368	1222036	17039468	18874368	1043032	0	0	794688	0	
28311552	28311552	9130748	9130756	18874368	151204	18110300	18874368	128672	0	0	283376	0	
28311552	28311552	9130740	9130764	18874368	1238756	17022748	18874368	1055532	0	0	1013364	0	
28311552	28311552	9130740	9130764	18874368	134944	18126560	18874368	118152	0	0	252400	0	
28311552	28311552	9130740	9130764	18874368	1193228	17068276	18874368	989252	0	0	833118	0	
28311552	28311552	9130732	9130772	18874368	77700	18183804	18874368	72316	0	0	182242	0	
28311552	28311552	9130720	9130784	18874368	1116252	17145252	18874368	912032	0	0	931406	0	
28311552	28311552	9130740	9130764	18874368	1634096	16627408	18874368	1362292	0	0	1046183	0	
28311552	28311552	9130740	9130764	18874368	599620	17661884	18874368	488312	0	0	669958	0	
28311552	28311552	9130740	9130764	18874368	1294360	16967144	18874368	1044452	0	0	994992	0	
28311552	28311552	9130744	9130760	18874368	112804	18148700	18874368	86752	0	0	191826	0	
28311552	28311552	9130740	9130764	18874368	1276960	16984544	18874368	1041872	0	0	1151429	0	
28311552	28311552	9130744	9130760	18874368	126284	18135220	18874368	109048	0	0	234563	0	
28311552	28311552	9130740	9130764	18874368	1155644	17105860	18874368	965472	0	0	836171	0	
28311552	28311552	9130704	9130800	18874368	77184	18184320	18874368	69088	0	0	156880	0	
28311552	28311552	9130720	9130784	18874368	1117672	17143832	18874368	903092	0	0	756843	0	
28311552	28311552	9130720	9130784	18874368	1646308	16615196	18874368	1358912	0	0	1030424	0	
28311552	28311552	9130740	9130764	18874368	599480	17662024	18874368	461412	0	0	667864	0	
28311552	28311552	9130740	9130764	18874368	1221700	17039804	18874368	1016552	0	0	922298	0	
28311552	28311552	9130736	9130768	18874368	134504	18127000	18874368	112272	0	0	227299	0	
28311552	28311552	9130740	9130764	18874368	1234036	17027468	18874368	1044892	0	0	1158767	0	
28311552	28311552	9130688	9130816	18874368	133564	18127940	18874368	116472	0	0	249958	0	
28311552	28311552	9130720	9130784	18874368	1199048	17062456	18874368	984212	0	0	1010749	0	
28311552	28311552	9130736	9130768	18874368	78552	18182952	18874368	71232	0	0	157516	0	
28311552	28311552	9130740	9130764	18874368	1141032	17120472	18874368	906592	0	0	808578	0	
28311552	28311552	9130740	9130764	18874368	1564780	16696724	18874368	1351732	0	0	1074878	0	
28311552	28311552	9130740	9130764	18874368	652416	17609088	18874368	500692	0	0	551093	0	
28311552	28311552	9130740	9130764	18874368	1306760	16954744	18874368	1025092	0	0	855456	0	
28311552	28311552	9130740	9130764	18874368	104724	18156780	18874368	73372	0	0	180248	0	
28311552	28311552	9130740	9130764	18874368	1237836	17023668	18874368	1038832	0	0	1183790	0	
28311552	28311552	9130740	9130764	18874368	127484	18134020	18874368	110716	0	0	240101	0	
28311552	28311552	9130740	9130764	18874368	1170480	17091024	18874368	971072	0	0	1042203	0	
28311552	28311552	9130748	9130756	18874368	78060	18183444	18874368	68912	0	0	154938	0	
28311552	28311552	9130740	9130764	18874368	1093284	17168220	18874368	906372	0	0	971169	0	
28311552	28311552	9130740	9130764	18874368	1692612	16568892	18874368	1361052	0	0	1006125	0	
28311552	28311552	9130740	9130764	18874368	542844	17718660	18874368	438852	0	0	635840	0	
28311552	28311552	9130720	9130784	18874368	1283780	16977724	18874368	1038272	0	0	944656	0	
28311552	28311552	9130748	9130756	18874368	111764	18149740	18874368	88732	0	0	185862	0	
28311552	28311552	9130740	9130764	18874368	1294160	16967344	18874368	1044032	0	0	981862	0	
28311552	28311552	9130740	9130764	18874368	123304	18138200	18874368	102960	0	0	218255	0	
28311552	28311552	9130720	9130784	18874368	1153500	17108004	18874368	957772	0	0	870894	0	
28311552	28311552	9130728	9130776	18874368	77624	18183880	18874368	68180	0	0	177657	0	
28311552	28311552	9130720	9130784	18874368	1108524	17152980	18874368	905012	0	0	835805	0	
28311552	28311552	9130720	9130784	18874368	1604832	16656672	18874368	1358912	0	0	1050678	0	
28311552	28311552	9130720	9130784	18874368	612368	17649136	18874368	491712	0	0	617050	0	
28311552	28311552	9130740	9130764	18874368	1226096	17035408	18874368	1039132	0	0	933696	0	
28311552	28311552	9130740	9130764	18874368	149984	18111520	18874368	128172	0	0	254689	0	
28311552	28311552	9130740	9130764	18874368	1229036	17032468	18874368	1050992	0	0	947887	0	
28311552	28311552	9130732	9130772	18874368	135264	18126240	18874368	118844	0	0	256287	0	
28311552	28311552	9130740	9130764	18874368	1189868	17071636	18874368	982712	0	0	1066220	0	
28311552	28311552	9130740	9130764	18874368	78492	18183012	18874368	73712	0	0	163307	0	
28311552	28311552	9130740	9130764	18874368	1106524	17154980	18874368	906092	0	0	859910	0	
28311552	28311552	9130740	9130764	18874368	1642796	16618708	18874368	1361452	0	0	1245320	0	
28311552	28311552	9130740	9130764	18874368	646676	17614828	18874368	492052	0	0	648864	0	
28311552	28311552	9130740	9130764	18874368	1242996	17018508	18874368	1012252	0	0	1138563	0	
28311552	28311552	9130748	9130756	18874368	116244	18145260	18874368	93892	0	0	195956	0	
28311552	28311552	9130740	9130764	18874368	1295180	16966324	18874368	1038552	0	0	1006030	0	
28311552	28311552	9130752	9130752	18874368	124684	18136820	18874368	105560	0	0	225608	0	
28311552	28311552	9130740	9130764	18874368	1147500	17114004	18874368	958432	0	0	873065	0	
28311552	28311552	9130748	9130756	18874368	77640	18183864	18874368	68980	0	0	151968	0	
28311552	28311552	9130740	9130764	18874368	1126132	17135372	18874368	901872	0	0	822713	0	
28311552	28311552	9130740	9130764	18874368	1568800	16692704	18874368	1353712	0	0	1170892	0	
28311552	28311552	9130720	9130784	18874368	647876	17613628	18874368	502872	0	0	682616	0	
28311552	28311552	9130720	9130784	18874368	1270960	16990544	18874368	1030992	0	0	993289	0	
28311552	28311552	9130740	9130764	18874368	112744	18148760	18874368	90692	0	0	219363	0	
28311552	28311552	9130740	9130764	18874368	1308988	16952516	18874368	1038092	0	0	902502	0	
28311552	28311552	9130752	9130752	18874368	121844	18139660	18874368	104684	0	0	221112	0	
28311552	28311552	9130740	9130764	18874368	1113252	17148252	18874368	958132	0	0	969023	0	
28311552	28311552	9130736	9130768	18874368	78120	18183384	18874368	72496	0	0	160936	0	
28311552	28311552	9130740	9130764	18874368	1113172	17148332	18874368	910692	0	0	787572	0	
28311552	28311552	9130740	9130764	18874368	1567140	16694364	18874368	1363092	0	0	1053793	0	
28311552	28311552	9130740	9130764	18874368	650976	17610528	18874368	508712	0	0	636157	0	
28311552	28311552	9130740	9130764	18874368	1268840	16992664	18874368	1057412	0	0	1070799	0	
28311552	28311552	9130748	9130756	18874368	138484	18123020	18874368	116252	0	0	238721	0	
28311552	28311552	9130720	9130784	18874368	1237936	17023568	18874368	1045932	0	0	1168980	0	
28311552	28311552	9130748	9130756	18874368	133244	18128260	18874368	116304	0	0	251868	0	
28311552	28311552	9130740	9130764	18874368	1148480	17113024	18874368	984152	0	0	927811	0	
28311552	28311552	9130692	9130812	18874368	79508	18181996	18874368	77996	0	0	175185	0	
28311552	28311552	9130740	9130764	18874368	1120272	17141232	18874368	887612	0	0	808035	0	
28311552	28311552	9130740	9130764	18874368	1556800	16704704	18874368	1347692	0	0	1193217	0	
28311552	28311552	9130740	9130764	18874368	655236	17606268	18874368	516152	0	0	574097	0	
28311552	28311552	9130740	9130764	18874368	1316768	16944736	18874368	1080732	0	0	978832	0	
28311552	28311552	9130744	9130760	18874368	127204	18134300	18874368	104832	0	0	217593	0	
28311552	28311552	9130740	9130764	18874368	1212828	17048676	18874368	1042392	0	0	1074375	0	
28311552	28311552	9130744	9130760	18874368	135624	18125880	18874368	119420	0	0	258355	0	
28311552	28311552	9130740	9130764	18874368	1235696	17025808	18874368	985192	0	0	965362	0	
28311552	28311552	9130752	9130752	18874368	77940	18183564	18874368	67892	0	0	178656	0	
28311552	28311552	9130740	9130764	18874368	1082904	17178600	18874368	902912	0	0	866768	0	
28311552	28311552	9130740	9130764	18874368	1638576	16622928	18874368	1360412	0	0	1204331	0	
28311552	28311552	9130740	9130764	18874368	591800	17669704	18874368	482412	0	0	608650	0	
28311552	28311552	9130740	9130764	18874368	1241876	17019628	18874368	1044272	0	0	952880	0	
28311552	28311552	9130748	9130756	18874368	144984	18116520	18874368	122792	0	0	248149	0	
28311552	28311552	9130740	9130764	18874368	1297400	16964104	18874368	1048472	0	0	1042095	0	
28311552	28311552	9130736	9130768	18874368	126284	18135220	18874368	108764	0	0	281494	0	
28311552	28311552	9130740	9130764	18874368	1212396	17049108	18874368	965452	0	0	917132	0	
28311552	28311552	9130728	9130776	18874368	77940	18183564	18874368	62220	0	0	141389	0	
28311552	28311552	9130740	9130764	18874368	1086104	17175400	18874368	888832	0	0	880322	0	
28311552	28311552	9130740	9130764	18874368	1587648	16673856	18874368	1347592	0	0	1154909	0	
28311552	28311552	9130740	9130764	18874368	615568	17645936	18874368	485432	0	0	628407	0	
28311552	28311552	9130740	9130764	18874368	1213316	17048188	18874368	1029712	0	0	1132747	0	
28311552	28311552	9130736	9130768	18874368	150084	18111420	18874368	128432	0	0	257507	0	
28311552	28311552	9130740	9130764	18874368	1307328	16954176	18874368	1051252	0	0	1100450	0	
28311552	28311552	9130716	9130788	18874368	125444	18136060	18874368	108184	0	0	235593	0	
28311552	28311552	9130740	9130764	18874368	1142072	17119432	18874368	961992	0	0	1046550	0	
28311552	28311552	9130720	9130784	18874368	78532	18182972	18874368	71312	0	0	159897	0	
28311552	28311552	9130740	9130764	18874368	1117312	17144192	18874368	906152	0	0	920117	0	
28311552	28311552	9130740	9130764	18874368	1595908	16665596	18874368	1355912	0	0	975055	0	
28311552	28311552	9130720	9130784	18874368	645056	17616448	18874368	498092	0	0	605257	0	
28311552	28311552	9130740	9130764	18874368	1228676	17032828	18874368	1026252	0	0	1040343	0	
28311552	28311552	9130748	9130756	18874368	138484	18123020	18874368	116252	0	0	236227	0	
28311552	28311552	9130720	9130784	18874368	1277540	16983964	18874368	1045932	0	0	1301552	0	
28311552	28311552	9130744	9130760	18874368	128444	18133060	18874368	110760	0	0	289132	0	
28311552	28311552	9130740	9130764	18874368	1166772	17094732	18874368	973112	0	0	1000128	0	
28311552	28311552	9130744	9130760	18874368	77364	18184140	18874368	69548	0	0	159020	0	
28311552	28311552	9130740	9130764	18874368	1107684	17153820	18874368	904572	0	0	878688	0	
28311552	28311552	9130740	9130764	18874368	1676644	16584860	18874368	1358012	0	0	1004579	0	
28311552	28311552	9130740	9130764	18874368	551752	17709752	18874368	447232	0	0	659178	0	
28311552	28311552	9130740	9130764	18874368	1218856	17042648	18874368	1040552	0	0	916693	0	
28311552	28311552	9130748	9130756	18874368	151444	18110060	18874368	126952	0	0	341529	0	
28311552	28311552	9130740	9130764	18874368	1219496	17042008	18874368	1055532	0	0	1155234	0	
28311552	28311552	9130752	9130752	18874368	137204	18124300	18874368	121220	0	0	324961	0	
28311552	28311552	9130740	9130764	18874368	1179480	17082024	18874368	991092	0	0	1042775	0	
28311552	28311552	9130744	9130760	18874368	79148	18182356	18874368	77388	0	0	175027	0	
28311552	28311552	9130740	9130764	18874368	1125872	17135632	18874368	886712	0	0	900357	0	
28311552	28311552	9130740	9130764	18874368	1634236	16627268	18874368	1363472	0	0	1195234	0	
28311552	28311552	9130740	9130764	18874368	609940	17651564	18874368	496932	0	0	586782	0	
28311552	28311552	9130740	9130764	18874368	1230896	17030608	18874368	1052452	0	0	867231	0	
28311552	28311552	9130736	9130768	18874368	148804	18112700	18874368	126752	0	0	255276	0	
28311552	28311552	9130740	9130764	18874368	1285160	16976344	18874368	1058112	0	0	1050741	0	
28311552	28311552	9130700	9130804	18874368	130104	18131400	18874368	112256	0	0	242405	0	
28311552	28311552	9130740	9130764	18874368	1221940	17039564	18874368	977532	0	0	996122	0	
28311552	28311552	9130732	9130772	18874368	78292	18183212	18874368	64580	0	0	151625	0	
28311552	28311552	9130740	9130764	18874368	1104564	17156940	18874368	894872	0	0	917506	0	
28311552	28311552	9130740	9130764	18874368	1574140	16687364	18874368	1345732	0	0	1116537	0	
28311552	28311552	9130720	9130784	18874368	636608	17624896	18874368	492772	0	0	671339	0	
28311552	28311552	9130740	9130764	18874368	1186460	17075044	18874368	1021152	0	0	1000227	0	
28311552	28311552	9130736	9130768	18874368	155564	18105940	18874368	129632	0	0	267881	0	
28311552	28311552	9130740	9130764	18874368	1280180	16981324	18874368	1057032	0	0	982962	0	
28311552	28311552	9130748	9130756	18874368	130364	18131140	18874368	113000	220	0	250266	0	
28311552	28311552	9130720	9130784	18874368	1184828	17076676	18874368	978072	0	0	978025	0	
28311552	28311552	9130736	9130768	18874368	77720	18183784	18874368	69092	0	0	153893	0	
28311552	28311552	9130740	9130764	18874368	1123732	17137772	18874368	901672	0	0	834701	0	
28311552	28311552	9130740	9130764	18874368	1611388	16650116	18874368	1354992	0	0	1140702	0	
28311552	28311552	9130720	9130784	18874368	639796	17621708	18874368	481232	0	0	695301	0	
28311552	28311552	9130740	9130764	18874368	1178648	17082856	18874368	1005452	0	0	1132696	0	
28311552	28311552	9130748	9130756	18874368	151704	18109800	18874368	129792	0	0	262163	0	
28311552	28311552	9130720	9130784	18874368	1283500	16978004	18874368	1053212	0	0	946738	0	
28311552	28311552	9130748	9130756	18874368	128984	18132520	18874368	111588	0	0	242631	0	
28311552	28311552	9130720	9130784	18874368	1209928	17051576	18874368	973112	0	0	952086	0	
28311552	28311552	9130736	9130768	18874368	77304	18184200	18874368	64136	0	0	139094	0	
28311552	28311552	9130740	9130764	18874368	1060016	17201488	18874368	897452	0	0	895413	0	
28311552	28311552	9130740	9130764	18874368	1658644	16602860	18874368	1360852	0	0	955068	0	
28311552	28311552	9130740	9130764	18874368	574432	17687072	18874368	467712	0	0	618262	0	
28311552	28311552	9130740	9130764	18874368	1289120	16972384	18874368	1043512	0	0	887442	0	
28311552	28311552	9130736	9130768	18874368	114264	18147240	18874368	89052	0	0	193203	0	
28311552	28311552	9130740	9130764	18874368	1323868	16937636	18874368	1043012	0	0	1042353	0	
28311552	28311552	9130728	9130776	18874368	119504	18142000	18874368	102324	0	0	228391	0	
28311552	28311552	9130740	9130764	18874368	1149920	17111584	18874368	958792	0	0	898592	0	
28311552	28311552	9130696	9130808	18874368	77880	18183624	18874368	65164	0	0	142229	0	
28311552	28311552	9130740	9130764	18874368	1074396	17187108	18874368	895012	0	0	820462	0	
28311552	28311552	9130740	9130764	18874368	1623196	16638308	18874368	1357732	0	0	1089356	0	
28311552	28311552	9130740	9130764	18874368	614220	17647284	18874368	486072	0	0	572895	0	
28311552	28311552	9130740	9130764	18874368	1304840	16956664	18874368	1030932	0	0	1055070	0	
28311552	28311552	9130748	9130756	18874368	75236	18186268	18874368	67552	0	0	149474	0	
28311552	28311552	9130740	9130764	18874368	1235908	17025596	18874368	1041372	0	0	1061922	0	
28311552	28311552	9130744	9130760	18874368	132624	18128880	18874368	115900	0	0	303267	0	
28311552	28311552	9130720	9130784	18874368	1153884	17107620	18874368	983112	0	0	1018987	0	
28311552	28311552	9130696	9130808	18874368	79248	18182256	18874368	76584	0	0	169460	0	
28311552	28311552	9130720	9130784	18874368	1083724	17177780	18874368	895412	0	0	824726	0	
28311552	28311552	9130736	9130768	18874368	77584	18183920	18874368	53592	0	0	140155	0	
28311552	28311552	9130740	9130764	18874368	1139812	17121692	18874368	879352	0	0	876402	0	
28311552	28311552	9130740	9130764	18874368	1548812	16712692	18874368	1326532	0	0	1116194	0	
28311552	28311552	9130740	9130764	18874368	529604	17731900	18874368	427392	0	0	605641	0	
28311552	28311552	9130740	9130764	18874368	1217596	17043908	18874368	1038052	0	0	998366	0	
28311552	28311552	9130744	9130760	18874368	150704	18110800	18874368	128812	0	0	258742	0	
28311552	28311552	9130740	9130764	18874368	1237376	17024128	18874368	1054852	0	0	1078561	0	
28311552	28311552	9130728	9130776	18874368	134984	18126520	18874368	117692	0	0	273561	0	
28311552	28311552	9130740	9130764	18874368	1210508	17050996	18874368	989472	0	0	929359	0	
28311552	28311552	9130736	9130768	18874368	78100	18183404	18874368	70692	0	0	152750	0	
28311552	28311552	9130740	9130764	18874368	1129432	17132072	18874368	906252	0	0	902519	0	
28311552	28311552	9130740	9130764	18874368	1594908	16666596	18874368	1356172	0	0	1108267	0	
28311552	28311552	9130740	9130764	18874368	632188	17629316	18874368	493992	0	0	627932	0	
28311552	28311552	9130740	9130764	18874368	1226808	17034696	18874368	1026352	0	0	1043413	0	
28311552	28311552	9130720	9130784	18874368	147984	18113520	18874368	117352	0	0	255248	0	
28311552	28311552	9130740	9130764	18874368	1228816	17032688	18874368	1040352	0	0	996941	0	
28311552	28311552	9130688	9130816	18874368	133424	18128080	18874368	116412	0	0	273319	0	
28311552	28311552	9130740	9130764	18874368	1185900	17075604	18874368	983452	0	0	935257	0	
28311552	28311552	9130744	9130760	18874368	78752	18182752	18874368	72924	0	0	162319	0	
28311552	28311552	9130740	9130764	18874368	1066316	17195188	18874368	910392	0	0	817201	0	
28311552	28311552	9130724	9130780	18874368	77184	18184320	18874368	52088	0	0	136899	0	
28311552	28311552	9130720	9130784	18874368	1099184	17162320	18874368	875352	0	0	778851	0	
28311552	28311552	9130740	9130764	18874368	1602868	16658636	18874368	1334012	0	0	1117310	0	
28311552	28311552	9130740	9130764	18874368	528924	17732580	18874368	409668	0	0	635159	0	
28311552	28311552	9130740	9130764	18874368	1223256	17038248	18874368	1021268	656	0	1201851	0	
28311552	28311552	9130748	9130756	18874368	140804	18120700	18874368	114812	0	0	242153	0	
28311552	28311552	9130740	9130764	18874368	1195128	17066376	18874368	1042612	0	0	1048049	0	
28311552	28311552	9130744	9130760	18874368	153592	18107912	18874368	121604	0	0	267633	0	
28311552	28311552	9130740	9130764	18874368	1211620	17049884	18874368	985292	0	0	1085868	0	
28311552	28311552	9130736	9130768	18874368	77960	18183544	18874368	71028	0	0	155765	0	
28311552	28311552	9130740	9130764	18874368	1155880	17105624	18874368	908032	0	0	987761	0	
28311552	28311552	9130740	9130764	18874368	1608600	16652904	18874368	1346272	0	0	1158571	0	
28311552	28311552	9130740	9130764	18874368	595592	17665912	18874368	468312	0	0	622053	0	
28311552	28311552	9130740	9130764	18874368	1236936	17024568	18874368	1027512	0	0	987229	0	
28311552	28311552	9130748	9130756	18874368	136224	18125280	18874368	110972	0	0	255434	0	
28311552	28311552	9130740	9130764	18874368	1273860	16987644	18874368	1042392	0	0	1009252	0	
28311552	28311552	9130700	9130804	18874368	128304	18133200	18874368	110496	0	0	286843	0	
28311552	28311552	9130720	9130784	18874368	1186348	17075156	18874368	972332	0	0	924086	0	
28311552	28311552	9130740	9130764	18874368	77424	18184080	18874368	66836	0	0	176441	0	
28311552	28311552	9130740	9130764	18874368	1118132	17143372	18874368	900472	0	0	813479	0	
28311552	28311552	9130740	9130764	18874368	1620416	16641088	18874368	1351192	0	0	1179510	0	
28311552	28311552	9130740	9130764	18874368	558572	17702932	18874368	467112	0	0	611257	0	
28311552	28311552	9130720	9130784	18874368	1272340	16989164	18874368	1054912	0	0	1052948	0	
28311552	28311552	9130732	9130772	18874368	139604	18121900	18874368	110752	0	0	241972	0	
28311552	28311552	9130740	9130764	18874368	1285120	16976384	18874368	1039192	0	0	1065149	0	
28311552	28311552	9130748	9130756	18874368	126204	18135300	18874368	108592	0	0	231625	0	
28311552	28311552	9130740	9130764	18874368	1164580	17096924	18874368	965392	0	0	949136	0	
28311552	28311552	9130752	9130752	18874368	77284	18184220	18874368	67680	0	0	146995	0	
28311552	28311552	9130740	9130764	18874368	1082896	17178608	18874368	904912	0	0	804273	0	
28311552	28311552	9130740	9130764	18874368	1630956	16630548	18874368	1363452	0	0	986606	0	
28311552	28311552	9130740	9130764	18874368	614308	17647196	18874368	491392	0	0	701885	0	
28311552	28311552	9130740	9130764	18874368	1279960	16981544	18874368	1037352	0	0	986906	0	
28311552	28311552	9130720	9130784	18874368	90804	18170700	18874368	89972	0	0	212178	0	
28311552	28311552	9130740	9130764	18874368	1277200	16984304	18874368	1052712	0	0	1162098	0	
28311552	28311552	9130736	9130768	18874368	129644	18131860	18874368	112788	0	0	251684	0	
28311552	28311552	9130740	9130764	18874368	1161372	17100132	18874368	976072	0	0	929326	0	
28311552	28311552	9130744	9130760	18874368	78252	18183252	18874368	72144	0	0	163150	0	
28311552	28311552	9130740	9130764	18874368	1048896	17212608	18874368	909412	0	0	896368	0	
28311552	28311552	9130752	9130752	18874368	77780	18183724	18874368	54576	0	0	141332	0	
28311552	28311552	9130740	9130764	18874368	1054336	17207168	18874368	880872	0	0	824471	0	
28311552	28311552	9130740	9130764	18874368	1556840	16704664	18874368	1341892	0	0	1046682	0	
28311552	28311552	9130740	9130764	18874368	611488	17650016	18874368	491492	0	0	723963	0	
28311552	28311552	9130740	9130764	18874368	1268280	16993224	18874368	1039532	0	0	991356	0	
28311552	28311552	9130748	9130756	18874368	122204	18139300	18874368	100112	0	0	207662	0	
28311552	28311552	9130740	9130764	18874368	1220616	17040888	18874368	1041312	0	0	918036	0	
28311552	28311552	9130732	9130772	18874368	134564	18126940	18874368	117352	0	0	253757	0	
28311552	28311552	9130740	9130764	18874368	1211588	17049916	18874368	987352	0	0	1032255	0	
28311552	28311552	9130748	9130756	18874368	77940	18183564	18874368	70072	0	0	154804	0	
28311552	28311552	9130740	9130764	18874368	1114772	17146732	18874368	903732	0	0	885389	0	
28311552	28311552	9130740	9130764	18874368	1598140	16663364	18874368	1353952	0	0	1085414	0	
28311552	28311552	9130740	9130764	18874368	611268	17650236	18874368	497292	0	0	624614	0	
28311552	28311552	9130740	9130764	18874368	1289900	16971604	18874368	1048312	0	0	826605	0	
28311552	28311552	9130740	9130764	18874368	115084	18146420	18874368	92672	0	0	195958	0	
28311552	28311552	9130740	9130764	18874368	1281700	16979804	18874368	1038412	0	0	904339	0	
28311552	28311552	9130752	9130752	18874368	126584	18134920	18874368	109664	0	0	236500	0	
28311552	28311552	9130720	9130784	18874368	1180220	17081284	18874368	966712	0	0	1014312	0	
28311552	28311552	9130696	9130808	18874368	77680	18183824	18874368	66540	0	0	147761	0	
28311552	28311552	9130740	9130764	18874368	1086956	17174548	18874368	899892	0	0	883685	0	
28311552	28311552	9130740	9130764	18874368	1627036	16634468	18874368	1355912	0	0	995903	0	
28311552	28311552	9130740	9130764	18874368	620000	17641504	18874368	481252	0	0	639588	0	
28311552	28311552	9130740	9130764	18874368	1270440	16991064	18874368	1021212	0	0	977073	0	
28311552	28311552	9130728	9130776	18874368	114464	18147040	18874368	82732	0	0	196147	0	
28311552	28311552	9130740	9130764	18874368	1284640	16976864	18874368	1038332	0	0	1040965	0	
28311552	28311552	9130688	9130816	18874368	123384	18138120	18874368	104460	0	0	268902	0	
28311552	28311552	9130740	9130764	18874368	1220616	17040888	18874368	956952	0	0	814785	0	
28311552	28311552	9130704	9130800	18874368	78828	18182676	18874368	59684	0	0	167750	0	
28311552	28311552	9130740	9130764	18874368	1081564	17179940	18874368	874772	0	0	883528	0	
28311552	28311552	9130740	9130764	18874368	1625596	16635908	18874368	1342772	0	0	1099366	0	
28311552	28311552	9130740	9130764	18874368	592072	17669432	18874368	443732	0	0	595350	0	
28311552	28311552	9130740	9130764	18874368	1188168	17073336	18874368	1004632	0	0	1148344	0	
28311552	28311552	9130740	9130764	18874368	150364	18111140	18874368	124892	0	0	335931	0	
28311552	28311552	9130720	9130784	18874368	1243556	17017948	18874368	1046872	0	0	1010906	0	
28311552	28311552	9130736	9130768	18874368	132724	18128780	18874368	115444	0	0	246323	0	
28311552	28311552	9130740	9130764	18874368	1215372	17046132	18874368	983192	0	0	810120	0	
28311552	28311552	9130740	9130764	18874368	77604	18183900	18874368	67420	0	0	148792	0	
28311552	28311552	9130740	9130764	18874368	1079896	17181608	18874368	902432	0	0	964325	0	
28311552	28311552	9130740	9130764	18874368	1649376	16612128	18874368	1361852	0	0	1033792	0	
28311552	28311552	9130720	9130784	18874368	639808	17621696	18874368	476212	0	0	562000	0	
28311552	28311552	9130740	9130764	18874368	1203528	17057976	18874368	1000052	0	0	1137690	0	
28311552	28311552	9130740	9130764	18874368	143404	18118100	18874368	110632	0	0	244775	0	
28311552	28311552	9130740	9130764	18874368	1217256	17044248	18874368	1044152	0	0	1101839	0	
28311552	28311552	9130728	9130776	18874368	134164	18127340	18874368	116812	0	0	252595	0	
28311552	28311552	9130740	9130764	18874368	1195708	17065796	18874368	987112	0	0	922092	0	
28311552	28311552	9130712	9130792	18874368	77920	18183584	18874368	71600	0	0	163055	0	
28311552	28311552	9130740	9130764	18874368	1111464	17150040	18874368	908312	0	0	848685	0	
28311552	28311552	9130720	9130784	18874368	1654164	16607340	18874368	1360592	0	0	1097201	0	
28311552	28311552	9130740	9130764	18874368	630688	17630816	18874368	471232	0	0	630094	0	
28311552	28311552	9130740	9130764	18874368	1218748	17042756	18874368	1002372	0	0	1054436	0	
28311552	28311552	9130740	9130764	18874368	123544	18137960	18874368	101572	0	0	211748	0	
28311552	28311552	9130740	9130764	18874368	1224696	17036808	18874368	1041732	0	0	1003187	0	
28311552	28311552	9130704	9130800	18874368	134044	18127460	18874368	116832	0	0	280827	0	
28311552	28311552	9130740	9130764	18874368	1232596	17028908	18874368	986872	0	0	1016971	0	
28311552	28311552	9130716	9130788	18874368	77068	18184436	18874368	66028	0	0	139294	0	
28311552	28311552	9130720	9130784	18874368	1099184	17162320	18874368	900652	0	0	911795	0	
28311552	28311552	9130740	9130764	18874368	1615028	16646476	18874368	1356992	0	0	1246588	0	
28311552	28311552	9130740	9130764	18874368	581520	17679984	18874368	482312	0	0	613959	0	
28311552	28311552	9130740	9130764	18874368	1278700	16982804	18874368	1052972	0	0	829319	0	
28311552	28311552	9130716	9130788	18874368	130164	18131340	18874368	104232	0	0	222910	0	
28311552	28311552	9130740	9130764	18874368	1208468	17053036	18874368	1039752	0	0	950160	0	
28311552	28311552	9130744	9130760	18874368	135724	18125780	18874368	119284	0	0	258336	0	
28311552	28311552	9130740	9130764	18874368	1146632	17114872	18874368	985532	0	0	983784	0	
28311552	28311552	9130740	9130764	18874368	99604	18161900	18874368	80220	0	0	180550	0	
28311552	28311552	9130740	9130764	18874368	1085916	17175588	18874368	888112	0	0	941994	0	
28311552	28311552	9130724	9130780	18874368	78140	18183364	18874368	54992	0	0	140768	0	
28311552	28311552	9130740	9130764	18874368	1119152	17142352	18874368	880972	0	0	883840	0	
28311552	28311552	9130740	9130764	18874368	1572480	16689024	18874368	1331052	0	0	1027680	0	
28311552	28311552	9130740	9130764	18874368	519104	17742400	18874368	429892	0	0	571320	0	
28311552	28311552	9130740	9130764	18874368	1272840	16988664	18874368	1048692	0	0	934830	0	
28311552	28311552	9130748	9130756	18874368	127384	18134120	18874368	105292	0	0	214977	0	
28311552	28311552	9130720	9130784	18874368	1295240	16966264	18874368	1042552	0	0	1085442	0	
28311552	28311552	9130716	9130788	18874368	125484	18136020	18874368	108064	0	0	281774	0	
28311552	28311552	9130740	9130764	18874368	1169900	17091604	18874368	961912	0	0	1022304	0	
28311552	28311552	9130740	9130764	18874368	77840	18183664	18874368	67036	0	0	149955	0	
28311552	28311552	9130740	9130764	18874368	1156340	17105164	18874368	901652	0	0	868643	0	
28311552	28311552	9130740	9130764	18874368	1593928	16667576	18874368	1336292	0	0	1030731	0	
28311552	28311552	9130740	9130764	18874368	561124	17700380	18874368	455452	0	0	606859	0	
28311552	28311552	9130740	9130764	18874368	1272140	16989364	18874368	1041972	0	0	935127	0	
28311552	28311552	9130744	9130760	18874368	123764	18137740	18874368	98972	0	0	212077	0	
28311552	28311552	9130740	9130764	18874368	1287620	16973884	18874368	1038552	0	0	1100053	0	
28311552	28311552	9130728	9130776	18874368	125864	18135640	18874368	108056	0	0	234442	0	
28311552	28311552	9130740	9130764	18874368	1145932	17115572	18874368	963112	0	0	961614	0	
28311552	28311552	9130728	9130776	18874368	77920	18183584	18874368	70560	0	0	161952	0	
28311552	28311552	9130740	9130764	18874368	1104124	17157380	18874368	906592	0	0	837519	0	
28311552	28311552	9130740	9130764	18874368	1654484	16607020	18874368	1359592	0	0	1095030	0	
28311552	28311552	9130740	9130764	18874368	605380	17656124	18874368	469912	0	0	610762	0	
28311552	28311552	9130740	9130764	18874368	1240048	17021456	18874368	1020872	0	0	944716	0	
28311552	28311552	9130736	9130768	18874368	128344	18133160	18874368	103552	0	0	267537	0	
28311552	28311552	9130740	9130764	18874368	1282780	16978724	18874368	1039812	0	0	1048850	0	
28311552	28311552	9130696	9130808	18874368	126564	18134940	18874368	109072	0	0	236825	0	
28311552	28311552	9130740	9130764	18874368	1147580	17113924	18874368	966812	0	0	920739	0	
28311552	28311552	9130700	9130804	18874368	77364	18184140	18874368	70388	0	0	153054	0	
28311552	28311552	9130740	9130764	18874368	1113092	17148412	18874368	907992	0	0	838573	0	
28311552	28311552	9130720	9130784	18874368	1678764	16582740	18874368	1359212	0	0	1069962	0	
28311552	28311552	9130740	9130764	18874368	547704	17713800	18874368	446972	0	0	622540	0	
28311552	28311552	9130740	9130764	18874368	1184428	17077076	18874368	1043312	0	0	1050645	0	
28311552	28311552	9130740	9130764	18874368	153344	18108160	18874368	131372	0	0	261922	0	
28311552	28311552	9130740	9130764	18874368	1308528	16952976	18874368	1067692	0	0	1108085	0	
28311552	28311552	9130752	9130752	18874368	130844	18130660	18874368	113232	0	0	245394	0	
28311552	28311552	9130740	9130764	18874368	1174280	17087224	18874368	980352	0	0	1039443	0	
28311552	28311552	9130708	9130796	18874368	77640	18183864	18874368	71048	0	0	159878	0	
28311552	28311552	9130740	9130764	18874368	1087564	17173940	18874368	906712	0	0	879047	0	
28311552	28311552	9130740	9130764	18874368	1643896	16617608	18874368	1362672	0	0	1052565	0	
28311552	28311552	9130740	9130764	18874368	635728	17625776	18874368	493872	0	0	657703	0	
28311552	28311552	9130740	9130764	18874368	1241616	17019888	18874368	1023280	0	0	1184682	0	
28311552	28311552	9130740	9130764	18874368	129504	18132000	18874368	104260	48	0	224748	0	
28311552	28311552	9130740	9130764	18874368	1313840	16947664	18874368	1040092	0	0	963293	0	
28311552	28311552	9130740	9130764	18874368	121464	18140040	18874368	105124	0	0	230560	0	
28311552	28311552	9130740	9130764	18874368	1153580	17107924	18874368	956612	0	0	924938	0	
28311552	28311552	9130740	9130764	18874368	77364	18184140	18874368	66396	0	0	139015	0	
28311552	28311552	9130740	9130764	18874368	1049176	17212328	18874368	900832	0	0	784211	0	
28311552	28311552	9130740	9130764	18874368	1589248	16672256	18874368	1345312	0	0	999372	0	
28311552	28311552	9130740	9130764	18874368	654148	17607356	18874368	508712	0	0	659011	0	
28311552	28311552	9130740	9130764	18874368	1313048	16948456	18874368	1055772	0	0	874007	0	
28311552	28311552	9130732	9130772	18874368	108784	18152720	18874368	82892	0	0	184711	0	
28311552	28311552	9130740	9130764	18874368	1283700	16977804	18874368	1042272	0	0	1203446	0	
28311552	28311552	9130704	9130800	18874368	125344	18136160	18874368	107832	0	0	232792	0	
28311552	28311552	9130740	9130764	18874368	1117292	17144212	18874368	960972	0	0	905671	0	
28311552	28311552	9130752	9130752	18874368	78672	18182832	18874368	74304	0	0	163535	0	
28311552	28311552	9130740	9130764	18874368	1109544	17151960	18874368	907712	0	0	825554	0	
28311552	28311552	9130740	9130764	18874368	1624816	16636688	18874368	1361052	0	0	917363	0	
28311552	28311552	9130740	9130764	18874368	665356	17596148	18874368	499112	0	0	594807	0	
28311552	28311552	9130740	9130764	18874368	1178860	17082644	18874368	1011052	0	0	1203077	0	
28311552	28311552	9130736	9130768	18874368	148984	18112520	18874368	126832	0	0	253838	0	
28311552	28311552	9130740	9130764	18874368	1288860	16972644	18874368	1058012	0	0	1068050	0	
28311552	28311552	9130708	9130796	18874368	129524	18131980	18874368	111672	0	0	290884	0	
28311552	28311552	9130740	9130764	18874368	1181328	17080176	18874368	975532	0	0	872194	0	
28311552	28311552	9130708	9130796	18874368	78908	18182596	18874368	69996	0	0	165031	0	
28311552	28311552	9130740	9130764	18874368	1149440	17112064	18874368	907072	0	0	785653	0	
28311552	28311552	9130740	9130764	18874368	1597828	16663676	18874368	1346192	0	0	1185733	0	
28311552	28311552	9130740	9130764	18874368	596980	17664524	18874368	469712	0	0	607820	0	
28311552	28311552	9130740	9130764	18874368	1230816	17030688	18874368	1027512	0	0	966996	0	
28311552	28311552	9130744	9130760	18874368	137404	18124100	18874368	115332	0	0	233087	0	
28311552	28311552	9130740	9130764	18874368	1212728	17048776	18874368	1046112	0	0	1089823	0	
28311552	28311552	9130700	9130804	18874368	136244	18125260	18874368	119572	0	0	261117	0	
28311552	28311552	9130740	9130764	18874368	1219076	17042428	18874368	987832	0	0	934598	0	
28311552	28311552	9130704	9130800	18874368	78632	18182872	18874368	71364	0	0	162444	0	
28311552	28311552	9130740	9130764	18874368	1116552	17144952	18874368	906752	0	0	874077	0	
28311552	28311552	9130720	9130784	18874368	1652964	16608540	18874368	1355752	0	0	1025041	0	
28311552	28311552	9130740	9130764	18874368	597480	17664024	18874368	461812	0	0	588024	0	
28311552	28311552	9130740	9130764	18874368	1232436	17029068	18874368	1017872	0	0	994339	0	
28311552	28311552	9130752	9130752	18874368	128564	18132940	18874368	106272	0	0	215652	0	
28311552	28311552	9130720	9130784	18874368	1314548	16946956	18874368	1042672	0	0	1001701	0	
28311552	28311552	9130728	9130776	18874368	121904	18139600	18874368	105056	0	0	227975	0	
28311552	28311552	9130740	9130764	18874368	1120152	17141352	18874368	958332	0	0	954462	0	
28311552	28311552	9130732	9130772	18874368	77800	18183704	18874368	71440	0	0	157052	0	
28311552	28311552	9130740	9130764	18874368	1124212	17137292	18874368	908072	0	0	821880	0	
28311552	28311552	9130740	9130764	18874368	1635536	16625968	18874368	1355952	0	0	1061990	0	
28311552	28311552	9130740	9130764	18874368	581060	17680444	18874368	475652	0	0	571594	0	
28311552	28311552	9130740	9130764	18874368	1203692	17057812	18874368	1045172	0	0	1187973	0	
28311552	28311552	9130740	9130764	18874368	156484	18105020	18874368	124752	0	0	267941	0	
28311552	28311552	9130740	9130764	18874368	1280980	16980524	18874368	1062212	0	0	1077637	0	
28311552	28311552	9130744	9130760	18874368	131804	18129700	18874368	114444	0	0	301443	0	
28311552	28311552	9130740	9130764	18874368	1188848	17072656	18874368	980092	0	0	1106854	0	
28311552	28311552	9130700	9130804	18874368	78472	18183032	18874368	70892	0	0	157293	0	
28311552	28311552	9130740	9130764	18874368	1083224	17178280	18874368	905192	0	0	852204	0	
28311552	28311552	9130740	9130764	18874368	1631756	16629748	18874368	1361252	0	0	1161879	0	
28311552	28311552	9130720	9130784	18874368	654416	17607088	18874368	497732	0	0	632002	0	
28311552	28311552	9130740	9130764	18874368	1210500	17051004	18874368	1014592	0	0	1061385	0	
28311552	28311552	9130748	9130756	18874368	140664	18120840	18874368	118452	0	0	236155	0	
28311552	28311552	9130740	9130764	18874368	1223296	17038208	18874368	1046872	0	0	992304	0	
28311552	28311552	9130732	9130772	18874368	135164	18126340	18874368	118500	0	0	255213	0	
28311552	28311552	9130740	9130764	18874368	1163164	17098340	18874368	982392	0	0	956637	0	
28311552	28311552	9130744	9130760	18874368	79248	18182256	18874368	77684	0	0	170710	0	
