b_initial_y_size_0	b_max_y_size_1	b_used_2	b_available_3	b_committed_4	a_used_5	a_available_6	a_committed_7	a_survived_8	a_promoted_9	a_copied_10	a_time_in_ns_11	promotion_rate_12
23592960	23592960	7608960	0	15728640	32816	7576144	15728640	6910336	6891132	0	3855529	100	
23592960	23592960	7608944	16	15728640	1440604	6168356	15728640	1219856	4040	0	1024756	21	
23592960	23592960	7608936	24	15728640	1523524	6085436	15728640	2408816	1145148	0	1668383	94	
23592960	23592960	2190128	5418832	15728640	0	7608960	15728640	410240	410240	0	1652585	32	
23592960	23592960	1848780	5760180	15728640	0	7608960	15728640	276460	276460	0	1832528	0	
23592960	23592960	1857628	5751332	15728640	0	7608960	15728640	281500	281500	0	1303325	0	
23592960	23592960	1960020	5648940	15728640	0	7608960	15728640	300772	300772	0	1289277	0	
23592960	23592960	1907848	5701112	15728640	0	7608960	15728640	280952	280952	0	1401862	0	
23592960	23592960	1838756	5770204	15728640	0	7608960	15728640	288396	288396	0	1522409	0	
23592960	23592960	1964188	5644772	15728640	0	7608960	15728640	303960	303960	0	1054811	0	
23592960	23592960	1946976	5661984	15728640	0	7608960	15728640	287212	287212	0	1088075	0	
23592960	23592960	1854596	5754364	15728640	0	7608960	15728640	279340	279340	0	1104658	0	
23592960	23592960	1854928	5754032	15728640	0	7608960	15728640	280028	280028	0	1102559	0	
23592960	23592960	1868980	5739980	15728640	0	7608960	15728640	282940	282940	0	1368097	0	
23592960	23592960	1956960	5652000	15728640	0	7608960	15728640	288308	288308	0	1245588	0	
23592960	23592960	1936080	5672880	15728640	0	7608960	15728640	288192	288192	0	1056467	0	
23592960	23592960	2005128	5603832	15728640	0	7608960	15728640	322148	322148	0	1684504	0	
23592960	23592960	2067644	5541316	15728640	0	7608960	15728640	309036	309036	0	1392472	0	
23592960	23592960	1945272	5663688	15728640	0	7608960	15728640	285684	285684	0	1210682	0	
23592960	23592960	1838284	5770676	15728640	0	7608960	15728640	274884	274884	0	1283276	0	
23592960	23592960	1827068	5781892	15728640	0	7608960	15728640	274816	274816	0	1114639	0	
23592960	23592960	1856936	5752024	15728640	0	7608960	15728640	279440	279440	0	1054543	0	
23592960	23592960	1865920	5743040	15728640	0	7608960	15728640	280160	280160	0	1205268	0	
23592960	23592960	1853336	5755624	15728640	0	7608960	15728640	277004	277004	0	1167778	0	
23592960	23592960	1853364	5755596	15728640	0	7608960	15728640	270340	270340	0	1193927	0	
23592960	23592960	1855136	5753824	15728640	0	7608960	15728640	279108	279108	0	1113815	0	
23592960	23592960	1838756	5770204	15728640	0	7608960	15728640	276968	276968	0	1120485	0	
23592960	23592960	1959920	5649040	15728640	0	7608960	15728640	311984	311984	0	1274139	0	
23592960	23592960	1908580	5700380	15728640	0	7608960	15728640	281128	281128	0	1192725	0	
23592960	23592960	1936080	5672880	15728640	0	7608960	15728640	297084	297084	0	1241789	0	
23592960	23592960	1909076	5699884	15728640	0	7608960	15728640	269860	269860	0	1349021	0	
23592960	23592960	1840568	5768392	15728640	0	7608960	15728640	275500	275500	0	1114388	0	
23592960	23592960	1838700	5770260	15728640	0	7608960	15728640	275292	275292	0	1075909	0	
23592960	23592960	1830156	5778804	15728640	0	7608960	15728640	273704	273704	0	1055881	0	
23592960	23592960	1857116	5751844	15728640	0	7608960	15728640	281880	281880	0	1198913	0	
23592960	23592960	1850040	5758920	15728640	0	7608960	15728640	275824	275824	0	1103090	0	
23592960	23592960	1857240	5751720	15728640	0	7608960	15728640	280760	280760	0	1114272	0	
23592960	23592960	1865352	5743608	15728640	0	7608960	15728640	279412	279412	0	1102600	0	
23592960	23592960	1838104	5770856	15728640	0	7608960	15728640	276268	276268	0	1079924	0	
23592960	23592960	1856728	5752232	15728640	0	7608960	15728640	281900	281900	0	1173648	0	
23592960	23592960	1893476	5715484	15728640	0	7608960	15728640	288124	288124	0	1151781	0	
23592960	23592960	1889944	5719016	15728640	0	7608960	15728640	284320	284320	0	1116087	0	
23592960	23592960	1864548	5744412	15728640	0	7608960	15728640	277204	277204	0	1086177	0	
23592960	23592960	1945036	5663924	15728640	0	7608960	15728640	296620	296620	0	1104267	0	
23592960	23592960	1961788	5647172	15728640	0	7608960	15728640	323804	323804	0	1108499	0	
23592960	23592960	1947320	5661640	15728640	0	7608960	15728640	296988	296988	0	1406479	0	
23592960	23592960	2014128	5594832	15728640	0	7608960	15728640	301184	301184	0	1138034	0	
23592960	23592960	1906988	5701972	15728640	0	7608960	15728640	279572	279572	0	1176294	0	
23592960	23592960	1933184	5675776	15728640	0	7608960	15728640	295268	295268	0	1485499	0	
23592960	23592960	2014928	5594032	15728640	0	7608960	15728640	303028	303028	0	1217406	0	
23592960	23592960	2044716	5564244	15728640	0	7608960	15728640	297696	297696	0	1307512	0	
23592960	23592960	1928768	5680192	15728640	0	7608960	15728640	284764	284764	0	1245161	0	
23592960	23592960	1933404	5675556	15728640	0	7608960	15728640	297028	297028	0	1223843	0	
23592960	23592960	2014068	5594892	15728640	0	7608960	15728640	303556	303556	0	1101874	0	
23592960	23592960	1921900	5687060	15728640	0	7608960	15728640	282948	282948	0	1110856	0	
23592960	23592960	1852640	5756320	15728640	0	7608960	15728640	277484	277484	0	1143125	0	
23592960	23592960	1947472	5661488	15728640	0	7608960	15728640	297728	297728	0	1231504	0	
23592960	23592960	2061400	5547560	15728640	0	7608960	15728640	310464	310464	0	1123987	0	
23592960	23592960	2078832	5530128	15728640	0	7608960	15728640	311060	311060	0	1228956	0	
23592960	23592960	2067560	5541400	15728640	0	7608960	15728640	310488	310488	0	1293192	0	
23592960	23592960	2067796	5541164	15728640	0	7608960	15728640	308400	308400	0	1295359	0	
23592960	23592960	2067008	5541952	15728640	0	7608960	15728640	309328	309328	0	1275158	0	
23592960	23592960	2082556	5526404	15728640	0	7608960	15728640	312708	312708	0	1124348	0	
23592960	23592960	1956080	5652880	15728640	0	7608960	15728640	285356	285356	0	1256180	0	
23592960	23592960	1838324	5770636	15728640	0	7608960	15728640	273680	273680	0	1224523	0	
23592960	23592960	1840872	5768088	15728640	0	7608960	15728640	275512	275512	0	1199013	0	
23592960	23592960	1852504	5756456	15728640	0	7608960	15728640	277268	277268	0	1504546	0	
23592960	23592960	1946268	5662692	15728640	0	7608960	15728640	295856	295856	0	1303494	0	
23592960	23592960	2014484	5594476	15728640	0	7608960	15728640	302800	302800	0	1528120	0	
23592960	23592960	2073084	5535876	15728640	0	7608960	15728640	361224	361224	0	1224402	0	
23592960	23592960	2013712	5595248	15728640	0	7608960	15728640	300288	300288	0	1430708	0	
23592960	23592960	2015372	5593588	15728640	0	7608960	15728640	302704	302704	0	1215037	0	
23592960	23592960	1951084	5657876	15728640	0	7608960	15728640	288260	288260	0	1150440	0	
23592960	23592960	1874960	5734000	15728640	0	7608960	15728640	282044	282044	0	1208335	0	
23592960	23592960	1977876	5631084	15728640	0	7608960	15728640	303648	303648	0	1156613	0	
23592960	23592960	2066868	5542092	15728640	0	7608960	15728640	308004	308004	0	1087447	0	
23592960	23592960	2067296	5541664	15728640	0	7608960	15728640	310424	310424	0	1069398	0	
23592960	23592960	2082264	5526696	15728640	0	7608960	15728640	313856	313856	0	1075676	0	
23592960	23592960	2078804	5530156	15728640	0	7608960	15728640	311132	311132	0	1041801	0	
23592960	23592960	2082292	5526668	15728640	0	7608960	15728640	312196	312196	0	1203590	0	
23592960	23592960	2094352	5514608	15728640	0	7608960	15728640	312648	312648	0	1132461	0	
23592960	23592960	2047720	5561240	15728640	0	7608960	15728640	304488	304488	0	1115635	0	
23592960	23592960	2014248	5594712	15728640	0	7608960	15728640	303128	303128	0	1191986	0	
23592960	23592960	2016036	5592924	15728640	0	7608960	15728640	302288	302288	0	1127571	0	
23592960	23592960	2015316	5593644	15728640	0	7608960	15728640	302408	302408	0	1175090	0	
23592960	23592960	2012420	5596540	15728640	0	7608960	15728640	301544	301544	0	1125321	0	
23592960	23592960	2013432	5595528	15728640	0	7608960	15728640	300632	300632	0	1105675	0	
23592960	23592960	2013140	5595820	15728640	0	7608960	15728640	301056	301056	0	1141789	0	
23592960	23592960	2011852	5597108	15728640	0	7608960	15728640	300780	300780	0	1241174	0	
23592960	23592960	2012672	5596288	15728640	0	7608960	15728640	300992	300992	0	1158441	0	
23592960	23592960	2043068	5565892	15728640	0	7608960	15728640	309196	309196	0	1136069	0	
23592960	23592960	2066176	5542784	15728640	0	7608960	15728640	308520	308520	0	1053463	0	
23592960	23592960	2037432	5571528	15728640	0	7608960	15728640	302756	302756	0	1255716	0	
23592960	23592960	2015068	5593892	15728640	0	7608960	15728640	300660	300660	0	1067854	0	
23592960	23592960	1923132	5685828	15728640	0	7608960	15728640	283956	283956	0	1028393	0	
23592960	23592960	1852252	5756708	15728640	0	7608960	15728640	276996	276996	0	1085259	0	
23592960	23592960	1838060	5770900	15728640	0	7608960	15728640	273896	273896	0	1140155	0	
23592960	23592960	1824852	5784108	15728640	0	7608960	15728640	274180	274180	0	1096320	0	
23592960	23592960	1824756	5784204	15728640	0	7608960	15728640	272164	272164	0	1101275	0	
23592960	23592960	1839252	5769708	15728640	0	7608960	15728640	277516	277516	0	1102119	0	
23592960	23592960	1880000	5728960	15728640	0	7608960	15728640	284696	284696	0	1127848	0	
23592960	23592960	1995944	5613016	15728640	0	7608960	15728640	289768	289768	0	1256665	0	
23592960	23592960	1940840	5668120	15728640	0	7608960	15728640	274520	274520	0	1177046	0	
23592960	23592960	1834960	5774000	15728640	0	7608960	15728640	275476	275476	0	1224119	0	
23592960	23592960	1823856	5785104	15728640	0	7608960	15728640	271576	271576	0	1087175	0	
23592960	23592960	1930204	5678756	15728640	0	7608960	15728640	364604	364604	0	1117159	0	
23592960	23592960	1868136	5740824	15728640	0	7608960	15728640	280852	280852	0	1064560	0	
23592960	23592960	1879736	5729224	15728640	0	7608960	15728640	282796	282796	0	1094461	0	
23592960	23592960	1848792	5760168	15728640	0	7608960	15728640	272024	272024	0	1181971	0	
23592960	23592960	1825420	5783540	15728640	0	7608960	15728640	271852	271852	0	1100051	0	
23592960	23592960	1843668	5765292	15728640	0	7608960	15728640	276288	276288	0	1172674	0	
23592960	23592960	1837564	5771396	15728640	0	7608960	15728640	273448	273448	0	1227109	0	
23592960	23592960	1855212	5753748	15728640	0	7608960	15728640	280984	280984	0	1089771	0	
23592960	23592960	1863716	5745244	15728640	0	7608960	15728640	275260	275260	0	1169865	0	
23592960	23592960	1835804	5773156	15728640	0	7608960	15728640	272100	272100	0	1112310	0	
23592960	23592960	1825836	5783124	15728640	0	7608960	15728640	271148	271148	0	1140590	0	
23592960	23592960	1932004	5676956	15728640	0	7608960	15728640	294116	294116	0	1087526	0	
23592960	23592960	1936072	5672888	15728640	0	7608960	15728640	284600	284600	0	1119588	0	
23592960	23592960	1878976	5729984	15728640	0	7608960	15728640	280776	280776	0	1145503	0	
23592960	23592960	1878396	5730564	15728640	0	7608960	15728640	281096	281096	0	1169993	0	
23592960	23592960	1863468	5745492	15728640	0	7608960	15728640	278368	278368	0	1150436	0	
23592960	23592960	1867484	5741476	15728640	0	7608960	15728640	280556	280556	0	1147646	0	
23592960	23592960	1877812	5731148	15728640	0	7608960	15728640	280320	280320	0	1027049	0	
23592960	23592960	1863912	5745048	15728640	0	7608960	15728640	275904	275904	0	1138249	0	
23592960	23592960	1974592	5634368	15728640	0	7608960	15728640	288560	288560	0	1157457	0	
23592960	23592960	1945072	5663888	15728640	0	7608960	15728640	281140	281140	0	1116165	0	
23592960	23592960	1836732	5772228	15728640	0	7608960	15728640	274124	274124	0	1138377	0	
23592960	23592960	1825324	5783636	15728640	0	7608960	15728640	272748	272748	0	1114984	0	
23592960	23592960	1840912	5768048	15728640	0	7608960	15728640	276708	276708	0	1095327	0	
23592960	23592960	1851352	5757608	15728640	0	7608960	15728640	276196	276196	0	1133097	0	
23592960	23592960	1836592	5772368	15728640	0	7608960	15728640	273180	273180	0	1161071	0	
23592960	23592960	1840304	5768656	15728640	0	7608960	15728640	275660	275660	0	1133543	0	
23592960	23592960	1988288	5620672	15728640	0	7608960	15728640	304432	304432	0	1270644	0	
23592960	23592960	1954264	5654696	15728640	0	7608960	15728640	284320	284320	0	1183256	0	
23592960	23592960	1989312	5619648	15728640	0	7608960	15728640	304524	304524	0	1292063	0	
23592960	23592960	1938912	5670048	15728640	0	7608960	15728640	281568	281568	0	1146250	0	
23592960	23592960	1825116	5783844	15728640	0	7608960	15728640	271852	271852	0	1132116	0	
23592960	23592960	1839320	5769640	15728640	0	7608960	15728640	273712	273712	0	1104641	0	
23592960	23592960	1972944	5636016	15728640	0	7608960	15728640	301788	301788	0	1093844	0	
23592960	23592960	1973040	5635920	15728640	0	7608960	15728640	289500	289500	0	1127152	0	
23592960	23592960	1873864	5735096	15728640	0	7608960	15728640	277328	277328	0	1080461	0	
23592960	23592960	1851852	5757108	15728640	0	7608960	15728640	274988	274988	0	1098642	0	
23592960	23592960	1987980	5620980	15728640	0	7608960	15728640	302376	302376	0	1069266	0	
23592960	23592960	1983316	5625644	15728640	0	7608960	15728640	291248	291248	0	1115702	0	
23592960	23592960	1872424	5736536	15728640	0	7608960	15728640	276760	276760	0	1134391	0	
23592960	23592960	1852348	5756612	15728640	0	7608960	15728640	275888	275888	0	1112861	0	
23592960	23592960	1850908	5758052	15728640	0	7608960	15728640	276008	276008	0	1081169	0	
23592960	23592960	1850396	5758564	15728640	0	7608960	15728640	276940	276940	0	1123245	0	
23592960	23592960	1945296	5663664	15728640	0	7608960	15728640	295528	295528	0	1137769	0	
23592960	23592960	2016532	5592428	15728640	0	7608960	15728640	301220	301220	0	1179239	0	
23592960	23592960	1922312	5686648	15728640	0	7608960	15728640	282768	282768	0	1082167	0	
23592960	23592960	1851864	5757096	15728640	0	7608960	15728640	276460	276460	0	1154219	0	
23592960	23592960	1850772	5758188	15728640	0	7608960	15728640	276164	276164	0	1136004	0	
23592960	23592960	1852820	5756140	15728640	0	7608960	15728640	275212	275212	0	1086884	0	
23592960	23592960	1987656	5621304	15728640	0	7608960	15728640	305616	305616	0	1126190	0	
23592960	23592960	2076088	5532872	15728640	0	7608960	15728640	310760	310760	0	1182469	0	
23592960	23592960	2079508	5529452	15728640	0	7608960	15728640	309588	309588	0	1183271	0	
23592960	23592960	2046196	5562764	15728640	0	7608960	15728640	303728	303728	0	1159903	0	
23592960	23592960	2010964	5597996	15728640	0	7608960	15728640	282512	282512	0	1283632	0	
23592960	23592960	1931112	5677848	15728640	0	7608960	15728640	285272	285272	0	1193621	0	
23592960	23592960	1876440	5732520	15728640	0	7608960	15728640	281392	281392	0	1179556	0	
23592960	23592960	1862056	5746904	15728640	0	7608960	15728640	278372	278372	0	1198456	0	
23592960	23592960	1865268	5743692	15728640	0	7608960	15728640	416088	416088	0	1164414	0	
23592960	23592960	1879016	5729944	15728640	0	7608960	15728640	279916	279916	0	1067770	0	
23592960	23592960	1878696	5730264	15728640	0	7608960	15728640	281032	281032	0	1062009	0	
23592960	23592960	1863940	5745020	15728640	0	7608960	15728640	277644	277644	0	1143034	0	
23592960	23592960	1837672	5771288	15728640	0	7608960	15728640	273184	273184	0	1087936	0	
23592960	23592960	1825212	5783748	15728640	0	7608960	15728640	270320	270320	0	1130283	0	
23592960	23592960	1824948	5784012	15728640	0	7608960	15728640	270120	270120	0	1111677	0	
23592960	23592960	1841880	5767080	15728640	0	7608960	15728640	271880	271880	0	1114110	0	
23592960	23592960	1837120	5771840	15728640	0	7608960	15728640	271056	271056	0	1120892	0	
23592960	23592960	1839680	5769280	15728640	0	7608960	15728640	271532	271532	0	1204186	0	
23592960	23592960	1851408	5757552	15728640	0	7608960	15728640	277112	277112	0	1139174	0	
23592960	23592960	1854356	5754604	15728640	0	7608960	15728640	276052	276052	0	1105618	0	
23592960	23592960	1851252	5757708	15728640	0	7608960	15728640	276144	276144	0	1114137	0	
23592960	23592960	1836204	5772756	15728640	0	7608960	15728640	272532	272532	0	1193280	0	
23592960	23592960	1839316	5769644	15728640	0	7608960	15728640	275392	275392	0	1456919	0	
23592960	23592960	1942164	5666796	15728640	0	7608960	15728640	279964	279964	0	1251194	0	
23592960	23592960	2046140	5562820	15728640	0	7608960	15728640	304584	304584	0	1285406	0	
23592960	23592960	2080392	5528568	15728640	0	7608960	15728640	311224	311224	0	1136007	0	
23592960	23592960	2090876	5518084	15728640	0	7608960	15728640	313832	313832	0	1251860	0	
23592960	23592960	2047956	5561004	15728640	0	7608960	15728640	302936	302936	0	1238320	0	
23592960	23592960	2059088	5549872	15728640	0	7608960	15728640	309196	309196	0	1107938	0	
23592960	23592960	1954236	5654724	15728640	0	7608960	15728640	282256	282256	0	1059929	0	
23592960	23592960	1851228	5757732	15728640	0	7608960	15728640	276328	276328	0	1134971	0	
23592960	23592960	1866372	5742588	15728640	0	7608960	15728640	278380	278380	0	1172203	0	
23592960	23592960	1860780	5748180	15728640	0	7608960	15728640	275532	275532	0	1122291	0	
23592960	23592960	1880160	5728800	15728640	0	7608960	15728640	283032	283032	0	1083999	0	
23592960	23592960	1872064	5736896	15728640	0	7608960	15728640	276140	276140	0	1106164	0	
23592960	23592960	1879688	5729272	15728640	0	7608960	15728640	282460	282460	0	1058290	0	
23592960	23592960	2009784	5599176	15728640	0	7608960	15728640	306404	306404	0	1450548	0	
23592960	23592960	2090224	5518736	15728640	0	7608960	15728640	311124	311124	0	1160544	0	
23592960	23592960	2090128	5518832	15728640	0	7608960	15728640	312956	312956	0	1122053	0	
23592960	23592960	2089476	5519484	15728640	0	7608960	15728640	313224	313224	0	1149209	0	
23592960	23592960	2090636	5518324	15728640	0	7608960	15728640	313736	313736	0	1168137	0	
23592960	23592960	1953392	5655568	15728640	0	7608960	15728640	282284	282284	0	1066733	0	
23592960	23592960	1878832	5730128	15728640	0	7608960	15728640	280000	280000	0	1109176	0	
23592960	23592960	1887236	5721724	15728640	0	7608960	15728640	279448	279448	0	1142184	0	
23592960	23592960	1846728	5762232	15728640	0	7608960	15728640	272152	272152	0	1129699	0	
23592960	23592960	1932540	5676420	15728640	0	7608960	15728640	292716	292716	0	1102059	0	
23592960	23592960	1935460	5673500	15728640	0	7608960	15728640	284576	284576	0	1116597	0	
23592960	23592960	1952216	5656744	15728640	0	7608960	15728640	295496	295496	0	1096762	0	
23592960	23592960	1918780	5690180	15728640	0	7608960	15728640	281820	281820	0	1136498	0	
23592960	23592960	1849676	5759284	15728640	0	7608960	15728640	273504	273504	0	1152289	0	
23592960	23592960	1945240	5663720	15728640	0	7608960	15728640	294696	294696	0	1111456	0	
23592960	23592960	1904736	5704224	15728640	0	7608960	15728640	276048	276048	0	1164318	0	
23592960	23592960	1823728	5785232	15728640	0	7608960	15728640	269720	269720	0	1134283	0	
23592960	23592960	1932940	5676020	15728640	0	7608960	15728640	293384	293384	0	1156425	0	
23592960	23592960	1906428	5702532	15728640	0	7608960	15728640	275248	275248	0	1162395	0	
23592960	23592960	1932012	5676948	15728640	0	7608960	15728640	292328	292328	0	1088991	0	
23592960	23592960	1936320	5672640	15728640	0	7608960	15728640	282520	282520	0	1140819	0	
23592960	23592960	1890356	5718604	15728640	0	7608960	15728640	280108	280108	0	1108225	0	
23592960	23592960	1870680	5738280	15728640	0	7608960	15728640	275736	275736	0	1119066	0	
23592960	23592960	1833740	5775220	15728640	0	7608960	15728640	271224	271224	0	1192890	0	
23592960	23592960	1822248	5786712	15728640	0	7608960	15728640	268532	268532	0	1105025	0	
23592960	23592960	1851640	5757320	15728640	0	7608960	15728640	276608	276608	0	1075971	0	
23592960	23592960	1860460	5748500	15728640	0	7608960	15728640	274108	274108	0	1081591	0	
23592960	23592960	1848332	5760628	15728640	0	7608960	15728640	273184	273184	0	1172107	0	
23592960	23592960	1849384	5759576	15728640	0	7608960	15728640	274172	274172	0	1168415	0	
23592960	23592960	1834336	5774624	15728640	0	7608960	15728640	270476	270476	0	1187535	0	
23592960	23592960	1821916	5787044	15728640	0	7608960	15728640	270068	270068	0	1140938	0	
23592960	23592960	1822480	5786480	15728640	0	7608960	15728640	269352	269352	0	1120772	0	
23592960	23592960	1852252	5756708	15728640	0	7608960	15728640	276332	276332	0	1043573	0	
23592960	23592960	1859476	5749484	15728640	0	7608960	15728640	273788	273788	0	1151696	0	
23592960	23592960	1865100	5743860	15728640	0	7608960	15728640	277348	277348	0	1154335	0	
23592960	23592960	1858952	5750008	15728640	0	7608960	15728640	273640	273640	0	1219257	0	
23592960	23592960	1833460	5775500	15728640	0	7608960	15728640	268408	268408	0	1185793	0	
23592960	23592960	1823908	5785052	15728640	0	7608960	15728640	270220	270220	0	1218281	0	
23592960	23592960	1928384	5680576	15728640	0	7608960	15728640	290676	290676	0	1066908	0	
23592960	23592960	1932748	5676212	15728640	0	7608960	15728640	283236	283236	0	1123312	0	
23592960	23592960	1954404	5654556	15728640	0	7608960	15728640	293952	293952	0	1079424	0	
23592960	23592960	1919216	5689744	15728640	0	7608960	15728640	278912	278912	0	1129150	0	
23592960	23592960	1863480	5745480	15728640	0	7608960	15728640	277512	277512	0	1113857	0	
23592960	23592960	1858632	5750328	15728640	0	7608960	15728640	275956	275956	0	1142338	0	
23592960	23592960	1983928	5625032	15728640	0	7608960	15728640	301340	301340	0	1148467	0	
23592960	23592960	1966540	5642420	15728640	0	7608960	15728640	284892	284892	0	1173120	0	
23592960	23592960	1860032	5748928	15728640	0	7608960	15728640	274200	274200	0	1102232	0	
23592960	23592960	1985372	5623588	15728640	0	7608960	15728640	301352	301352	0	1180222	0	
23592960	23592960	1951048	5657912	15728640	0	7608960	15728640	281668	281668	0	1169538	0	
23592960	23592960	1942844	5666116	15728640	0	7608960	15728640	294892	294892	0	1383856	0	
23592960	23592960	2040948	5568012	15728640	0	7608960	15728640	303504	303504	0	1135186	0	
23592960	23592960	2076212	5532748	15728640	0	7608960	15728640	307312	307312	0	1297289	0	
23592960	23592960	2086928	5522032	15728640	0	7608960	15728640	311688	311688	0	1148243	0	
23592960	23592960	2087440	5521520	15728640	0	7608960	15728640	311848	311848	0	1304050	0	
23592960	23592960	2087744	5521216	15728640	0	7608960	15728640	309660	309660	0	1162761	0	
23592960	23592960	1951032	5657928	15728640	0	7608960	15728640	281076	281076	0	1109703	0	
23592960	23592960	1938576	5670384	15728640	0	7608960	15728640	493196	493196	0	1267363	0	
23592960	23592960	1923772	5685188	15728640	0	7608960	15728640	278940	278940	0	1111878	0	
23592960	23592960	1837396	5771564	15728640	0	7608960	15728640	270496	270496	0	1066935	0	
23592960	23592960	1837740	5771220	15728640	0	7608960	15728640	272840	272840	0	1108923	0	
23592960	23592960	1940556	5668404	15728640	0	7608960	15728640	276720	276720	0	1191065	0	
23592960	23592960	1932092	5676868	15728640	0	7608960	15728640	282736	282736	0	1414904	0	
23592960	23592960	1983224	5625736	15728640	0	7608960	15728640	300408	300408	0	1218939	0	
23592960	23592960	1956184	5652776	15728640	0	7608960	15728640	283036	283036	0	1282704	0	
23592960	23592960	1957088	5651872	15728640	0	7608960	15728640	296092	296092	0	1210253	0	
23592960	23592960	2016148	5592812	15728640	0	7608960	15728640	299596	299596	0	1095486	0	
23592960	23592960	1936608	5672352	15728640	0	7608960	15728640	283252	283252	0	1123743	0	
23592960	23592960	1876908	5732052	15728640	0	7608960	15728640	275744	275744	0	1146385	0	
23592960	23592960	1846752	5762208	15728640	0	7608960	15728640	271440	271440	0	1100261	0	
23592960	23592960	1934836	5674124	15728640	0	7608960	15728640	293288	293288	0	1120047	0	
23592960	23592960	1937608	5671352	15728640	0	7608960	15728640	282996	282996	0	1121631	0	
23592960	23592960	1984192	5624768	15728640	0	7608960	15728640	301024	301024	0	1110205	0	
23592960	23592960	1971552	5637408	15728640	0	7608960	15728640	287672	287672	0	1144203	0	
23592960	23592960	1858340	5750620	15728640	0	7608960	15728640	271528	271528	0	1177917	0	
23592960	23592960	1822856	5786104	15728640	0	7608960	15728640	268348	268348	0	1130992	0	
23592960	23592960	1838280	5770680	15728640	0	7608960	15728640	271772	271772	0	1090580	0	
23592960	23592960	1944432	5664528	15728640	0	7608960	15728640	286520	286520	0	1212347	0	
23592960	23592960	1905468	5703492	15728640	0	7608960	15728640	274348	274348	0	1266930	0	
23592960	23592960	1838680	5770280	15728640	0	7608960	15728640	273232	273232	0	1186001	0	
23592960	23592960	1833156	5775804	15728640	0	7608960	15728640	270144	270144	0	1162563	0	
23592960	23592960	1823688	5785272	15728640	0	7608960	15728640	268592	268592	0	1176592	0	
23592960	23592960	1822260	5786700	15728640	0	7608960	15728640	268168	268168	0	1135111	0	
23592960	23592960	1931996	5676964	15728640	0	7608960	15728640	291004	291004	0	1111380	0	
23592960	23592960	1906256	5702704	15728640	0	7608960	15728640	275000	275000	0	1031863	0	
23592960	23592960	1838212	5770748	15728640	0	7608960	15728640	272700	272700	0	1167842	0	
23592960	23592960	1834180	5774780	15728640	0	7608960	15728640	268188	268188	0	1123884	0	
23592960	23592960	1837880	5771080	15728640	0	7608960	15728640	272908	272908	0	1117748	0	
23592960	23592960	1849064	5759896	15728640	0	7608960	15728640	273588	273588	0	1132107	0	
23592960	23592960	1848896	5760064	15728640	0	7608960	15728640	273448	273448	0	1144717	0	
23592960	23592960	1878748	5730212	15728640	0	7608960	15728640	278492	278492	0	1079216	0	
23592960	23592960	1871824	5737136	15728640	0	7608960	15728640	274492	274492	0	1171194	0	
23592960	23592960	1849300	5759660	15728640	0	7608960	15728640	273116	273116	0	1173042	0	
23592960	23592960	1833348	5775612	15728640	0	7608960	15728640	269624	269624	0	1123623	0	
23592960	23592960	1836840	5772120	15728640	0	7608960	15728640	273776	273776	0	1082457	0	
23592960	23592960	1847264	5761696	15728640	0	7608960	15728640	271780	271780	0	1080226	0	
23592960	23592960	1878456	5730504	15728640	0	7608960	15728640	278876	278876	0	1045708	0	
23592960	23592960	1901636	5707324	15728640	0	7608960	15728640	281424	281424	0	1111578	0	
23592960	23592960	1885916	5723044	15728640	0	7608960	15728640	278484	278484	0	1115105	0	
23592960	23592960	1844012	5764948	15728640	0	7608960	15728640	269404	269404	0	1132927	0	
23592960	23592960	1932784	5676176	15728640	0	7608960	15728640	293244	293244	0	1122481	0	
23592960	23592960	1906008	5702952	15728640	0	7608960	15728640	276624	276624	0	1042113	0	
23592960	23592960	1839016	5769944	15728640	0	7608960	15728640	273472	273472	0	1122875	0	
23592960	23592960	1940124	5668836	15728640	0	7608960	15728640	291128	291128	0	1086256	0	
23592960	23592960	1916820	5692140	15728640	0	7608960	15728640	278428	278428	0	1096777	0	
23592960	23592960	1834280	5774680	15728640	0	7608960	15728640	271528	271528	0	1209497	0	
23592960	23592960	1823244	5785716	15728640	0	7608960	15728640	268184	268184	0	1255901	0	
23592960	23592960	1837808	5771152	15728640	0	7608960	15728640	274384	274384	0	1181607	0	
23592960	23592960	1954756	5654204	15728640	0	7608960	15728640	295108	295108	0	1133666	0	
23592960	23592960	1943056	5665904	15728640	0	7608960	15728640	281032	281032	0	1173513	0	
23592960	23592960	1847264	5761696	15728640	0	7608960	15728640	271288	271288	0	1093998	0	
23592960	23592960	1821444	5787516	15728640	0	7608960	15728640	267308	267308	0	1106450	0	
23592960	23592960	1852304	5756656	15728640	0	7608960	15728640	274216	274216	0	1075019	0	
23592960	23592960	1861232	5747728	15728640	0	7608960	15728640	273596	273596	0	1151282	0	
23592960	23592960	1862104	5746856	15728640	0	7608960	15728640	274120	274120	0	1085427	0	
23592960	23592960	1858548	5750412	15728640	0	7608960	15728640	273168	273168	0	1198686	0	
23592960	23592960	1834016	5774944	15728640	0	7608960	15728640	270888	270888	0	1123083	0	
23592960	23592960	1821748	5787212	15728640	0	7608960	15728640	267988	267988	0	1117415	0	
23592960	23592960	1837212	5771748	15728640	0	7608960	15728640	272644	272644	0	1174954	0	
23592960	23592960	1832132	5776828	15728640	0	7608960	15728640	268268	268268	0	1132344	0	
23592960	23592960	1821472	5787488	15728640	0	7608960	15728640	266288	266288	0	1149949	0	
23592960	23592960	1932924	5676036	15728640	0	7608960	15728640	289644	289644	0	1097332	0	
23592960	23592960	2059236	5549724	15728640	0	7608960	15728640	306568	306568	0	1192591	0	
23592960	23592960	1951236	5657724	15728640	0	7608960	15728640	282244	282244	0	1215560	0	
23592960	23592960	1847860	5761100	15728640	0	7608960	15728640	271548	271548	0	1212109	0	
23592960	23592960	1847096	5761864	15728640	0	7608960	15728640	272020	272020	0	1096466	0	
23592960	23592960	1877404	5731556	15728640	0	7608960	15728640	276688	276688	0	1137922	0	
23592960	23592960	1991512	5617448	15728640	0	7608960	15728640	300472	300472	0	1150333	0	
23592960	23592960	1953932	5655028	15728640	0	7608960	15728640	282412	282412	0	1172019	0	
23592960	23592960	1954216	5654744	15728640	0	7608960	15728640	292104	292104	0	1122194	0	
23592960	23592960	2014592	5594368	15728640	0	7608960	15728640	298256	298256	0	1536935	0	
23592960	23592960	2014788	5594172	15728640	0	7608960	15728640	298516	298516	0	1563878	0	
23592960	23592960	2014292	5594668	15728640	0	7608960	15728640	296276	296276	0	1249802	0	
23592960	23592960	2015312	5593648	15728640	0	7608960	15728640	298080	298080	0	1102476	0	
23592960	23592960	2042804	5566156	15728640	0	7608960	15728640	301464	301464	0	1097674	0	
23592960	23592960	2075392	5533568	15728640	0	7608960	15728640	309280	309280	0	1106735	0	
23592960	23592960	1950684	5658276	15728640	0	7608960	15728640	279708	279708	0	1109594	0	
23592960	23592960	1849744	5759216	15728640	0	7608960	15728640	271952	271952	0	1170726	0	
23592960	23592960	1831440	5777520	15728640	0	7608960	15728640	268444	268444	0	1193801	0	
23592960	23592960	1835388	5773572	15728640	0	7608960	15728640	272756	272756	0	1114943	0	
23592960	23592960	1942612	5666348	15728640	0	7608960	15728640	290324	290324	0	1191520	0	
23592960	23592960	2024904	5584056	15728640	0	7608960	15728640	299184	299184	0	1241732	0	
23592960	23592960	2050280	5558680	15728640	0	7608960	15728640	304024	304024	0	1242493	0	
23592960	23592960	2075920	5533040	15728640	0	7608960	15728640	307728	307728	0	1255222	0	
23592960	23592960	1954352	5654608	15728640	0	7608960	15728640	280792	280792	0	1167022	0	
23592960	23592960	1847652	5761308	15728640	0	7608960	15728640	272000	272000	0	1115526	0	
23592960	23592960	1863076	5745884	15728640	0	7608960	15728640	276596	276596	0	1172819	0	
23592960	23592960	1954076	5654884	15728640	0	7608960	15728640	293420	293420	0	1419569	0	
23592960	23592960	2014580	5594380	15728640	0	7608960	15728640	285776	285776	0	1122378	0	
23592960	23592960	1930428	5678532	15728640	0	7608960	15728640	280704	280704	0	1229813	0	
23592960	23592960	1873584	5735376	15728640	0	7608960	15728640	276596	276596	0	1372096	0	
23592960	23592960	1887248	5721712	15728640	0	7608960	15728640	277796	277796	0	1303950	0	
23592960	23592960	1870112	5738848	15728640	0	7608960	15728640	272916	272916	0	1130063	0	
23592960	23592960	1941560	5667400	15728640	0	7608960	15728640	292364	292364	0	1147617	0	
23592960	23592960	1949636	5659324	15728640	0	7608960	15728640	286508	286508	0	1114847	0	
23592960	23592960	1990180	5618780	15728640	0	7608960	15728640	299056	299056	0	1156446	0	
23592960	23592960	1954116	5654844	15728640	0	7608960	15728640	284536	284536	0	1080075	0	
23592960	23592960	1857840	5751120	15728640	0	7608960	15728640	272164	272164	0	1072398	0	
23592960	23592960	1847524	5761436	15728640	0	7608960	15728640	272704	272704	0	1157499	0	
23592960	23592960	1951884	5657076	15728640	0	7608960	15728640	291880	291880	0	1141555	0	
23592960	23592960	1925336	5683624	15728640	0	7608960	15728640	278872	278872	0	1068006	0	
23592960	23592960	1847748	5761212	15728640	0	7608960	15728640	263400	263400	0	1342949	0	
23592960	23592960	1859684	5749276	15728640	0	7608960	15728640	277536	277536	0	1154948	0	
23592960	23592960	1887968	5720992	15728640	0	7608960	15728640	278688	278688	0	1127043	0	
23592960	23592960	1883756	5725204	15728640	0	7608960	15728640	277456	277456	0	1136012	0	
23592960	23592960	1873984	5734976	15728640	0	7608960	15728640	274908	274908	0	1122553	0	
23592960	23592960	1872380	5736580	15728640	0	7608960	15728640	274996	274996	0	1144308	0	
23592960	23592960	1843416	5765544	15728640	0	7608960	15728640	270064	270064	0	1151533	0	
23592960	23592960	1930224	5678736	15728640	0	7608960	15728640	292248	292248	0	1570225	0	
23592960	23592960	2014816	5594144	15728640	0	7608960	15728640	296008	296008	0	1160983	0	
23592960	23592960	2008252	5600708	15728640	0	7608960	15728640	294020	294020	0	1490673	0	
23592960	23592960	2008456	5600504	15728640	0	7608960	15728640	297800	297800	0	1149893	0	
23592960	23592960	1903736	5705224	15728640	0	7608960	15728640	273612	273612	0	1114042	0	
23592960	23592960	1930816	5678144	15728640	0	7608960	15728640	290056	290056	0	1359895	0	
23592960	23592960	2013312	5595648	15728640	0	7608960	15728640	295108	295108	0	1400158	0	
23592960	23592960	2040076	5568884	15728640	0	7608960	15728640	301940	301940	0	1129149	0	
23592960	23592960	2072928	5536032	15728640	0	7608960	15728640	307668	307668	0	1156362	0	
23592960	23592960	2084140	5524820	15728640	0	7608960	15728640	309916	309916	0	1317006	0	
23592960	23592960	2084352	5524608	15728640	0	7608960	15728640	305980	305980	0	1058725	0	
23592960	23592960	1947872	5661088	15728640	0	7608960	15728640	279572	279572	0	1193989	0	
23592960	23592960	1846016	5762944	15728640	0	7608960	15728640	273504	273504	0	1157342	0	
23592960	23592960	1846612	5762348	15728640	0	7608960	15728640	272348	272348	0	1143783	0	
23592960	23592960	1940200	5668760	15728640	0	7608960	15728640	289668	289668	0	1405043	0	
23592960	23592960	2013572	5595388	15728640	0	7608960	15728640	294700	294700	0	1456248	0	
23592960	23592960	2024252	5584708	15728640	0	7608960	15728640	603696	603696	0	1225548	0	
23592960	23592960	1930416	5678544	15728640	0	7608960	15728640	277572	277572	0	1138434	0	
23592960	23592960	1944948	5664012	15728640	0	7608960	15728640	293568	293568	0	1190803	0	
23592960	23592960	2028420	5580540	15728640	0	7608960	15728640	297748	297748	0	1232029	0	
23592960	23592960	2025192	5583768	15728640	0	7608960	15728640	298764	298764	0	1342428	0	
23592960	23592960	2017444	5591516	15728640	0	7608960	15728640	294756	294756	0	1790737	0	
23592960	23592960	2011628	5597332	15728640	0	7608960	15728640	275852	275852	0	1211200	0	
23592960	23592960	2040104	5568856	15728640	0	7608960	15728640	293328	293328	0	1107751	0	
23592960	23592960	1938124	5670836	15728640	0	7608960	15728640	278720	278720	0	1129353	0	
23592960	23592960	1972352	5636608	15728640	0	7608960	15728640	296388	296388	0	1155126	0	
23592960	23592960	2036852	5572108	15728640	0	7608960	15728640	297764	297764	0	1297305	0	
23592960	23592960	2016692	5592268	15728640	0	7608960	15728640	295956	295956	0	1562581	0	
23592960	23592960	2017220	5591740	15728640	0	7608960	15728640	296248	296248	0	1561187	0	
23592960	23592960	2017732	5591228	15728640	0	7608960	15728640	296120	296120	0	1267535	0	
23592960	23592960	1951348	5657612	15728640	0	7608960	15728640	281464	281464	0	1529887	0	
23592960	23592960	1966780	5642180	15728640	0	7608960	15728640	291220	291220	0	1159538	0	
23592960	23592960	2016860	5592100	15728640	0	7608960	15728640	294960	294960	0	1201848	0	
23592960	23592960	2042776	5566184	15728640	0	7608960	15728640	302256	302256	0	1145272	0	
23592960	23592960	2077180	5531780	15728640	0	7608960	15728640	306780	306780	0	1148305	0	
23592960	23592960	1953024	5655936	15728640	0	7608960	15728640	280460	280460	0	1169798	0	
23592960	23592960	1848484	5760476	15728640	0	7608960	15728640	270332	270332	0	1179908	0	
23592960	23592960	1864848	5744112	15728640	0	7608960	15728640	273180	273180	0	1194133	0	
23592960	23592960	1861288	5747672	15728640	0	7608960	15728640	272032	272032	0	1340890	0	
23592960	23592960	1985304	5623656	15728640	0	7608960	15728640	299200	299200	0	1150658	0	
23592960	23592960	2047928	5561032	15728640	0	7608960	15728640	296924	296924	0	1149912	0	
23592960	23592960	2015612	5593348	15728640	0	7608960	15728640	288268	288268	0	1154926	0	
23592960	23592960	2043024	5565936	15728640	0	7608960	15728640	300944	300944	0	1222987	0	
23592960	23592960	2078024	5530936	15728640	0	7608960	15728640	309516	309516	0	1266491	0	
23592960	23592960	2087328	5521632	15728640	0	7608960	15728640	305948	305948	0	1211056	0	
23592960	23592960	2088352	5520608	15728640	0	7608960	15728640	307116	307116	0	1239601	0	
23592960	23592960	2087536	5521424	15728640	0	7608960	15728640	307132	307132	0	1141882	0	
23592960	23592960	2087924	5521036	15728640	0	7608960	15728640	306724	306724	0	1195091	0	
23592960	23592960	2087616	5521344	15728640	0	7608960	15728640	307244	307244	0	1210877	0	
23592960	23592960	2087784	5521176	15728640	0	7608960	15728640	308024	308024	0	1205559	0	
23592960	23592960	2046252	5562708	15728640	0	7608960	15728640	299568	299568	0	1430105	0	
23592960	23592960	2041972	5566988	15728640	0	7608960	15728640	279664	279664	0	1213844	0	
23592960	23592960	1939040	5669920	15728640	0	7608960	15728640	278416	278416	0	1109764	0	
23592960	23592960	1848548	5760412	15728640	0	7608960	15728640	270264	270264	0	1093790	0	
23592960	23592960	1861840	5747120	15728640	0	7608960	15728640	273400	273400	0	1167936	0	
23592960	23592960	1954588	5654372	15728640	0	7608960	15728640	290552	290552	0	1128999	0	
23592960	23592960	2015872	5593088	15728640	0	7608960	15728640	294476	294476	0	1250311	0	
23592960	23592960	2044312	5564648	15728640	0	7608960	15728640	302284	302284	0	1135679	0	
23592960	23592960	2076252	5532708	15728640	0	7608960	15728640	305092	305092	0	1141508	0	
23592960	23592960	1953380	5655580	15728640	0	7608960	15728640	277620	277620	0	1124278	0	
23592960	23592960	2000232	5608728	15728640	0	7608960	15728640	300824	300824	0	1153874	0	
23592960	23592960	1978064	5630896	15728640	0	7608960	15728640	282236	282236	0	1153737	0	
23592960	23592960	1873384	5735576	15728640	0	7608960	15728640	276080	276080	0	1093329	0	
23592960	23592960	1845516	5763444	15728640	0	7608960	15728640	269560	269560	0	1116211	0	
23592960	23592960	1851996	5756964	15728640	0	7608960	15728640	273648	273648	0	1188881	0	
23592960	23592960	1956108	5652852	15728640	0	7608960	15728640	290532	290532	0	1264724	0	
23592960	23592960	1903496	5705464	15728640	0	7608960	15728640	271600	271600	0	1107062	0	
23592960	23592960	1820432	5788528	15728640	0	7608960	15728640	266744	266744	0	1174522	0	
23592960	23592960	1851112	5757848	15728640	0	7608960	15728640	274784	274784	0	1133062	0	
23592960	23592960	1862728	5746232	15728640	0	7608960	15728640	269804	269804	0	1108648	0	
23592960	23592960	1847704	5761256	15728640	0	7608960	15728640	269088	269088	0	1216880	0	
23592960	23592960	1832532	5776428	15728640	0	7608960	15728640	266228	266228	0	1298614	0	
23592960	23592960	1819532	5789428	15728640	0	7608960	15728640	265408	265408	0	1210948	0	
23592960	23592960	1820432	5788528	15728640	0	7608960	15728640	265936	265936	0	1137987	0	
23592960	23592960	1836412	5772548	15728640	0	7608960	15728640	270660	270660	0	1114546	0	
23592960	23592960	1831600	5777360	15728640	0	7608960	15728640	254540	254540	0	1134926	0	
23592960	23592960	1848688	5760272	15728640	0	7608960	15728640	271020	271020	0	1219422	0	
23592960	23592960	1953724	5655236	15728640	0	7608960	15728640	291180	291180	0	1127101	0	
23592960	23592960	1905716	5703244	15728640	0	7608960	15728640	270800	270800	0	1149846	0	
23592960	23592960	1836424	5772536	15728640	0	7608960	15728640	267408	267408	0	1123126	0	
23592960	23592960	1938844	5670116	15728640	0	7608960	15728640	289012	289012	0	1492441	0	
23592960	23592960	2037500	5571460	15728640	0	7608960	15728640	301532	301532	0	1159454	0	
23592960	23592960	2075352	5533608	15728640	0	7608960	15728640	305468	305468	0	1131883	0	
23592960	23592960	1948700	5660260	15728640	0	7608960	15728640	277472	277472	0	1168906	0	
23592960	23592960	1847580	5761380	15728640	0	7608960	15728640	267904	267904	0	1130014	0	
23592960	23592960	1832188	5776772	15728640	0	7608960	15728640	264652	264652	0	1118084	0	
23592960	23592960	1835760	5773200	15728640	0	7608960	15728640	267056	267056	0	1110930	0	
23592960	23592960	1847048	5761912	15728640	0	7608960	15728640	268396	268396	0	1214592	0	
23592960	23592960	1941848	5667112	15728640	0	7608960	15728640	288820	288820	0	1178090	0	
23592960	23592960	2016256	5592704	15728640	0	7608960	15728640	295040	295040	0	1293810	0	
23592960	23592960	1904440	5704520	15728640	0	7608960	15728640	272744	272744	0	1156005	0	
23592960	23592960	1835216	5773744	15728640	0	7608960	15728640	268540	268540	0	1178500	0	
23592960	23592960	1830800	5778160	15728640	0	7608960	15728640	266936	266936	0	1098429	0	
23592960	23592960	1834300	5774660	15728640	0	7608960	15728640	268116	268116	0	1164736	0	
23592960	23592960	1834248	5774712	15728640	0	7608960	15728640	266360	266360	0	1082765	0	
23592960	23592960	1930472	5678488	15728640	0	7608960	15728640	286776	286776	0	1139135	0	
23592960	23592960	1933832	5675128	15728640	0	7608960	15728640	278652	278652	0	1183038	0	
23592960	23592960	1857868	5751092	15728640	0	7608960	15728640	263000	263000	0	1148210	0	
23592960	23592960	1830360	5778600	15728640	0	7608960	15728640	265576	265576	0	1137256	0	
23592960	23592960	1818548	5790412	15728640	0	7608960	15728640	265692	265692	0	1189982	0	
23592960	23592960	1929332	5679628	15728640	0	7608960	15728640	289192	289192	0	1613429	0	
23592960	23592960	2014352	5594608	15728640	0	7608960	15728640	296584	296584	0	1120590	0	
23592960	23592960	2038552	5570408	15728640	0	7608960	15728640	293404	293404	0	1292902	0	
23592960	23592960	2088876	5520084	15728640	0	7608960	15728640	308976	308976	0	1097807	0	
23592960	23592960	1960356	5648604	15728640	0	7608960	15728640	267128	267128	0	1459576	0	
23592960	23592960	1950212	5658748	15728640	0	7608960	15728640	292924	292924	0	1384818	0	
23592960	23592960	2031076	5577884	15728640	0	7608960	15728640	298292	298292	0	1138942	0	
23592960	23592960	1941788	5667172	15728640	0	7608960	15728640	278016	278016	0	1145790	0	
23592960	23592960	1953328	5655632	15728640	0	7608960	15728640	290524	290524	0	1180758	0	
23592960	23592960	1934660	5674300	15728640	0	7608960	15728640	279304	279304	0	1129438	0	
23592960	23592960	1872432	5736528	15728640	0	7608960	15728640	273064	273064	0	1190233	0	
23592960	23592960	1842344	5766616	15728640	0	7608960	15728640	267636	267636	0	1128953	0	
23592960	23592960	1818976	5789984	15728640	0	7608960	15728640	257812	257812	0	1110356	0	
23592960	23592960	1848504	5760456	15728640	0	7608960	15728640	274152	274152	0	1206317	0	
23592960	23592960	1842056	5766904	15728640	0	7608960	15728640	267140	267140	0	1107807	0	
23592960	23592960	1833404	5775556	15728640	0	7608960	15728640	267712	267712	0	1093671	0	
23592960	23592960	1847624	5761336	15728640	0	7608960	15728640	269396	269396	0	1229039	0	
23592960	23592960	1941020	5667940	15728640	0	7608960	15728640	288248	288248	0	1410305	0	
23592960	23592960	2014240	5594720	15728640	0	7608960	15728640	292792	292792	0	1312512	0	
23592960	23592960	2014040	5594920	15728640	0	7608960	15728640	293632	293632	0	1603639	0	
23592960	23592960	2024204	5584756	15728640	0	7608960	15728640	297928	297928	0	1130682	0	
23592960	23592960	1924444	5684516	15728640	0	7608960	15728640	273580	273580	0	1112788	0	
23592960	23592960	1845876	5763084	15728640	0	7608960	15728640	267264	267264	0	1143114	0	
23592960	23592960	1941152	5667808	15728640	0	7608960	15728640	286848	286848	0	1154489	0	
23592960	23592960	1917800	5691160	15728640	0	7608960	15728640	274292	274292	0	1087656	0	
23592960	23592960	1829016	5779944	15728640	0	7608960	15728640	264424	264424	0	1079368	0	
23592960	23592960	1847956	5761004	15728640	0	7608960	15728640	271428	271428	0	1423006	0	
23592960	23592960	1954384	5654576	15728640	0	7608960	15728640	289768	289768	0	1180744	0	
23592960	23592960	2014284	5594676	15728640	0	7608960	15728640	294596	294596	0	1251603	0	
23592960	23592960	2014032	5594928	15728640	0	7608960	15728640	294340	294340	0	1269415	0	
23592960	23592960	2054432	5554528	15728640	0	7608960	15728640	303396	303396	0	1147009	0	
23592960	23592960	1947964	5660996	15728640	0	7608960	15728640	275200	275200	0	1109304	0	
23592960	23592960	1966864	5642096	15728640	0	7608960	15728640	293832	293832	0	1118078	0	
23592960	23592960	1950540	5658420	15728640	0	7608960	15728640	280400	280400	0	1093950	0	
23592960	23592960	1842084	5766876	15728640	0	7608960	15728640	267988	267988	0	1184330	0	
23592960	23592960	1833292	5775668	15728640	0	7608960	15728640	254976	254976	0	1165102	0	
23592960	23592960	1978892	5630068	15728640	0	7608960	15728640	299208	299208	0	1159412	0	
23592960	23592960	1931704	5677256	15728640	0	7608960	15728640	274300	274300	0	1188084	0	
23592960	23592960	1817772	5791188	15728640	0	7608960	15728640	265184	265184	0	1115948	0	
23592960	23592960	1848192	5760768	15728640	0	7608960	15728640	270656	270656	0	1213081	0	
23592960	23592960	1855444	5753516	15728640	0	7608960	15728640	273508	273508	0	1268860	0	
23592960	23592960	1830328	5778632	15728640	0	7608960	15728640	265248	265248	0	1247872	0	
23592960	23592960	1929576	5679384	15728640	0	7608960	15728640	288836	288836	0	1185233	0	
23592960	23592960	2013808	5595152	15728640	0	7608960	15728640	292316	292316	0	1513572	0	
23592960	23592960	2039648	5569312	15728640	0	7608960	15728640	300072	300072	0	1173040	0	
23592960	23592960	2071072	5537888	15728640	0	7608960	15728640	303640	303640	0	1328714	0	
23592960	23592960	2081760	5527200	15728640	0	7608960	15728640	304660	304660	0	1214977	0	
23592960	23592960	2082784	5526176	15728640	0	7608960	15728640	305828	305828	0	1147664	0	
23592960	23592960	2083684	5525276	15728640	0	7608960	15728640	304688	304688	0	1085276	0	
23592960	23592960	1960200	5648760	15728640	0	7608960	15728640	279556	279556	0	1045734	0	
23592960	23592960	1855084	5753876	15728640	0	7608960	15728640	270832	270832	0	1150679	0	
23592960	23592960	1829276	5779684	15728640	0	7608960	15728640	264676	264676	0	1082681	0	
23592960	23592960	1816680	5792280	15728640	0	7608960	15728640	255932	255932	0	1170133	0	
23592960	23592960	1831256	5777704	15728640	0	7608960	15728640	267068	267068	0	1194310	0	
23592960	23592960	1938828	5670132	15728640	0	7608960	15728640	288076	288076	0	1258356	0	
23592960	23592960	1902500	5706460	15728640	0	7608960	15728640	270392	270392	0	1101009	0	
23592960	23592960	1929552	5679408	15728640	0	7608960	15728640	287244	287244	0	1164990	0	
23592960	23592960	2012496	5596464	15728640	0	7608960	15728640	292248	292248	0	1188876	0	
23592960	23592960	1915692	5693268	15728640	0	7608960	15728640	272304	272304	0	1085686	0	
23592960	23592960	1940708	5668252	15728640	0	7608960	15728640	287132	287132	0	1556652	0	
23592960	23592960	2013004	5595956	15728640	0	7608960	15728640	294740	294740	0	1137324	0	
23592960	23592960	2009908	5599052	15728640	0	7608960	15728640	293020	293020	0	1481321	0	
23592960	23592960	2011796	5597164	15728640	0	7608960	15728640	294596	294596	0	1137150	0	
23592960	23592960	1932720	5676240	15728640	0	7608960	15728640	274712	274712	0	1501965	0	
23592960	23592960	1951008	5657952	15728640	0	7608960	15728640	288948	288948	0	1211908	0	
23592960	23592960	2050680	5558280	15728640	0	7608960	15728640	301160	301160	0	1243119	0	
23592960	23592960	2036712	5572248	15728640	0	7608960	15728640	293532	293532	0	1311003	0	
23592960	23592960	2009064	5599896	15728640	0	7608960	15728640	292800	292800	0	1170031	0	
23592960	23592960	2011600	5597360	15728640	0	7608960	15728640	293032	293032	0	1180160	0	
23592960	23592960	2005608	5603352	15728640	0	7608960	15728640	274308	274308	0	1324895	0	
23592960	23592960	2005092	5603868	15728640	0	7608960	15728640	292260	292260	0	1192856	0	
23592960	23592960	2011664	5597296	15728640	0	7608960	15728640	293320	293320	0	1205356	0	
23592960	23592960	2035784	5573176	15728640	0	7608960	15728640	299220	299220	0	1139871	0	
23592960	23592960	2055760	5553200	15728640	0	7608960	15728640	289884	289884	0	1237148	0	
23592960	23592960	2029112	5579848	15728640	0	7608960	15728640	296904	296904	0	1123732	0	
23592960	23592960	2012004	5596956	15728640	0	7608960	15728640	296064	296064	0	1172547	0	
23592960	23592960	2050848	5558112	15728640	0	7608960	15728640	300760	300760	0	1108899	0	
23592960	23592960	2036920	5572040	15728640	0	7608960	15728640	294700	294700	0	1089138	0	
23592960	23592960	2002896	5606064	15728640	0	7608960	15728640	291888	291888	0	1174686	0	
23592960	23592960	2046624	5562336	15728640	0	7608960	15728640	299568	299568	0	1160001	0	
23592960	23592960	2041336	5567624	15728640	0	7608960	15728640	295464	295464	0	1099213	0	
23592960	23592960	2021488	5587472	15728640	0	7608960	15728640	294980	294980	0	1213183	0	
23592960	23592960	2013004	5595956	15728640	0	7608960	15728640	292288	292288	0	1167597	0	
23592960	23592960	2061672	5547288	15728640	0	7608960	15728640	306284	306284	0	1151536	0	
23592960	23592960	2052008	5556952	15728640	0	7608960	15728640	297356	297356	0	1095330	0	
23592960	23592960	2007756	5601204	15728640	0	7608960	15728640	292092	292092	0	1123136	0	
23592960	23592960	2031256	5577704	15728640	0	7608960	15728640	286836	286836	0	1261224	0	
23592960	23592960	2028700	5580260	15728640	0	7608960	15728640	294652	294652	0	1186711	0	
23592960	23592960	2009860	5599100	15728640	0	7608960	15728640	291960	291960	0	1181196	0	
23592960	23592960	2006324	5602636	15728640	0	7608960	15728640	290156	290156	0	1173642	0	
23592960	23592960	2005472	5603488	15728640	0	7608960	15728640	292516	292516	0	1108152	0	
23592960	23592960	2010732	5598228	15728640	0	7608960	15728640	293388	293388	0	1218619	0	
23592960	23592960	2006104	5602856	15728640	0	7608960	15728640	290752	290752	0	1233447	0	
23592960	23592960	2003628	5605332	15728640	0	7608960	15728640	292816	292816	0	1274877	0	
23592960	23592960	2002244	5606716	15728640	0	7608960	15728640	290644	290644	0	1154195	0	
