b_initial_y_size_0	b_max_y_size_1	b_used_2	b_available_3	b_committed_4	a_used_5	a_available_6	a_committed_7	a_survived_8	a_promoted_9	a_copied_10	a_time_in_ns_11	promotion_rate_12
22020096	22020096	7101692	4	14680064	67988	7033708	14680064	6451648	6432444	0	3851154	100	
22020096	22020096	7101692	4	14680064	1304572	5797124	14680064	1108776	7296	0	839479	37	
22020096	22020096	7101696	0	14680064	1406352	5695344	14680064	2179732	1011012	0	1560407	91	
22020096	22020096	2168860	4932836	14680064	0	7101696	14680064	418424	418424	0	1468535	35	
22020096	22020096	1928312	5173384	14680064	0	7101696	14680064	297580	297580	0	1859051	0	
22020096	22020096	1942780	5158916	14680064	0	7101696	14680064	299432	299432	0	1326218	0	
22020096	22020096	2015184	5086512	14680064	0	7101696	14680064	308544	308544	0	1372366	0	
22020096	22020096	2007440	5094256	14680064	0	7101696	14680064	303304	303304	0	1445393	0	
22020096	22020096	1986632	5115064	14680064	0	7101696	14680064	302616	302616	0	1167485	0	
22020096	22020096	1891024	5210672	14680064	0	7101696	14680064	289640	289640	0	1098508	0	
22020096	22020096	1905244	5196452	14680064	0	7101696	14680064	297072	297072	0	1268653	0	
22020096	22020096	1987560	5114136	14680064	0	7101696	14680064	301384	301384	0	1604309	0	
22020096	22020096	1988820	5112876	14680064	0	7101696	14680064	301404	301404	0	1105662	0	
22020096	22020096	1941716	5159980	14680064	0	7101696	14680064	272680	272680	0	1191776	0	
22020096	22020096	1839684	5262012	14680064	0	7101696	14680064	276156	276156	0	1101497	0	
22020096	22020096	1812628	5289068	14680064	0	7101696	14680064	274928	274928	0	1146525	0	
22020096	22020096	1837756	5263940	14680064	0	7101696	14680064	292244	292244	0	1116341	0	
22020096	22020096	1798144	5303552	14680064	0	7101696	14680064	271348	271348	0	1247223	0	
22020096	22020096	1905520	5196176	14680064	0	7101696	14680064	293356	293356	0	1130423	0	
22020096	22020096	1987892	5113804	14680064	0	7101696	14680064	303104	303104	0	1186956	0	
22020096	22020096	1988792	5112904	14680064	0	7101696	14680064	303052	303052	0	1231482	0	
22020096	22020096	2001696	5100000	14680064	0	7101696	14680064	305052	305052	0	1331276	0	
22020096	22020096	1888796	5212900	14680064	0	7101696	14680064	280276	280276	0	1120778	0	
22020096	22020096	1796580	5305116	14680064	0	7101696	14680064	272508	272508	0	1180707	0	
22020096	22020096	1813112	5288584	14680064	0	7101696	14680064	277344	277344	0	1121809	0	
22020096	22020096	1823524	5278172	14680064	0	7101696	14680064	276972	276972	0	1107094	0	
22020096	22020096	1808156	5293540	14680064	0	7101696	14680064	273628	273628	0	1167793	0	
22020096	22020096	1961092	5140604	14680064	0	7101696	14680064	328068	328068	0	1157961	0	
22020096	22020096	1903816	5197880	14680064	0	7101696	14680064	279288	279288	0	1243257	0	
22020096	22020096	1906224	5195472	14680064	0	7101696	14680064	295648	295648	0	1476835	0	
22020096	22020096	1922676	5179020	14680064	0	7101696	14680064	288176	288176	0	1464691	0	
22020096	22020096	1845056	5256640	14680064	0	7101696	14680064	263580	263580	0	1167324	0	
22020096	22020096	1836276	5265420	14680064	0	7101696	14680064	277600	277600	0	1102741	0	
22020096	22020096	1849680	5252016	14680064	0	7101696	14680064	279668	279668	0	1125843	0	
22020096	22020096	1895356	5206340	14680064	0	7101696	14680064	288600	288600	0	1615279	0	
22020096	22020096	1962996	5138700	14680064	0	7101696	14680064	301808	301808	0	1117768	0	
22020096	22020096	1894624	5207072	14680064	0	7101696	14680064	280080	280080	0	1094575	0	
22020096	22020096	1914544	5187152	14680064	0	7101696	14680064	294980	294980	0	1153078	0	
22020096	22020096	1985868	5115828	14680064	0	7101696	14680064	299424	299424	0	1151811	0	
22020096	22020096	1879696	5222000	14680064	0	7101696	14680064	278400	278400	0	1144209	0	
22020096	22020096	1814164	5287532	14680064	0	7101696	14680064	274568	274568	0	1172702	0	
22020096	22020096	1852380	5249316	14680064	0	7101696	14680064	281012	281012	0	1122859	0	
22020096	22020096	1845596	5256100	14680064	0	7101696	14680064	277580	277580	0	1130553	0	
22020096	22020096	1838048	5263648	14680064	0	7101696	14680064	278708	278708	0	1156515	0	
22020096	22020096	1849692	5252004	14680064	0	7101696	14680064	280716	280716	0	1063506	0	
22020096	22020096	1874976	5226720	14680064	0	7101696	14680064	317784	317784	0	1102872	0	
22020096	22020096	1828328	5273368	14680064	0	7101696	14680064	274600	274600	0	1176989	0	
22020096	22020096	1808004	5293692	14680064	0	7101696	14680064	272324	272324	0	1169533	0	
22020096	22020096	1905948	5195748	14680064	0	7101696	14680064	292716	292716	0	1150596	0	
22020096	22020096	1894388	5207308	14680064	0	7101696	14680064	283340	283340	0	1176243	0	
22020096	22020096	1838964	5262732	14680064	0	7101696	14680064	277644	277644	0	1089465	0	
22020096	22020096	1819204	5282492	14680064	0	7101696	14680064	271500	271500	0	1133927	0	
22020096	22020096	1797480	5304216	14680064	0	7101696	14680064	270404	270404	0	1101240	0	
22020096	22020096	1796344	5305352	14680064	0	7101696	14680064	271336	271336	0	1147977	0	
22020096	22020096	1797480	5304216	14680064	0	7101696	14680064	270184	270184	0	1150867	0	
22020096	22020096	1906228	5195468	14680064	0	7101696	14680064	282744	282744	0	1232003	0	
22020096	22020096	1896988	5204708	14680064	0	7101696	14680064	281828	281828	0	1164311	0	
22020096	22020096	1837536	5264160	14680064	0	7101696	14680064	278164	278164	0	1186074	0	
22020096	22020096	1819288	5282408	14680064	0	7101696	14680064	272396	272396	0	1155055	0	
22020096	22020096	1796524	5305172	14680064	0	7101696	14680064	268968	268968	0	1314224	0	
22020096	22020096	1903068	5198628	14680064	0	7101696	14680064	279952	279952	0	1247654	0	
22020096	22020096	1905284	5196412	14680064	0	7101696	14680064	283688	283688	0	1164576	0	
22020096	22020096	1835280	5266416	14680064	0	7101696	14680064	276208	276208	0	1122763	0	
22020096	22020096	1808128	5293568	14680064	0	7101696	14680064	273392	273392	0	1223720	0	
22020096	22020096	1905840	5195856	14680064	0	7101696	14680064	292024	292024	0	1361634	0	
22020096	22020096	1987696	5114000	14680064	0	7101696	14680064	300716	300716	0	1118760	0	
22020096	22020096	1896172	5205524	14680064	0	7101696	14680064	281012	281012	0	1102871	0	
22020096	22020096	1838576	5263120	14680064	0	7101696	14680064	279364	279364	0	1148623	0	
22020096	22020096	1862128	5239568	14680064	0	7101696	14680064	281508	281508	0	1142103	0	
22020096	22020096	1981948	5119748	14680064	0	7101696	14680064	306116	306116	0	1225479	0	
22020096	22020096	2124912	4976784	14680064	0	7101696	14680064	374340	374340	0	1158896	0	
22020096	22020096	2021284	5080412	14680064	0	7101696	14680064	302744	302744	0	1219747	0	
22020096	22020096	1989188	5112508	14680064	0	7101696	14680064	300460	300460	0	1547118	0	
22020096	22020096	1988760	5112936	14680064	0	7101696	14680064	300384	300384	0	1135443	0	
22020096	22020096	1894540	5207156	14680064	0	7101696	14680064	279832	279832	0	1132753	0	
22020096	22020096	1917220	5184476	14680064	0	7101696	14680064	294960	294960	0	1628247	0	
22020096	22020096	1909132	5192564	14680064	0	7101696	14680064	286512	286512	0	1104844	0	
22020096	22020096	1834588	5267108	14680064	0	7101696	14680064	277780	277780	0	1123628	0	
22020096	22020096	1807684	5294012	14680064	0	7101696	14680064	272392	272392	0	1123261	0	
22020096	22020096	1811504	5290192	14680064	0	7101696	14680064	275340	275340	0	1135112	0	
22020096	22020096	1807684	5294012	14680064	0	7101696	14680064	270868	270868	0	1171092	0	
22020096	22020096	1796968	5304728	14680064	0	7101696	14680064	270596	270596	0	1151679	0	
22020096	22020096	1905604	5196092	14680064	0	7101696	14680064	293552	293552	0	1132437	0	
22020096	22020096	1878312	5223384	14680064	0	7101696	14680064	276520	276520	0	1175425	0	
22020096	22020096	1903164	5198532	14680064	0	7101696	14680064	281568	281568	0	1215857	0	
22020096	22020096	1874408	5227288	14680064	0	7101696	14680064	279284	279284	0	1142530	0	
22020096	22020096	1796856	5304840	14680064	0	7101696	14680064	272088	272088	0	1131885	0	
22020096	22020096	1795652	5306044	14680064	0	7101696	14680064	269928	269928	0	1093303	0	
22020096	22020096	1810620	5291076	14680064	0	7101696	14680064	272540	272540	0	1058012	0	
22020096	22020096	1822764	5278932	14680064	0	7101696	14680064	274432	274432	0	1154200	0	
22020096	22020096	1807808	5293888	14680064	0	7101696	14680064	271520	271520	0	1189485	0	
22020096	22020096	1905520	5196176	14680064	0	7101696	14680064	292504	292504	0	1140611	0	
22020096	22020096	1909092	5192604	14680064	0	7101696	14680064	282456	282456	0	1132142	0	
22020096	22020096	1928488	5173208	14680064	0	7101696	14680064	293764	293764	0	1208725	0	
22020096	22020096	1988372	5113324	14680064	0	7101696	14680064	300324	300324	0	1396333	0	
22020096	22020096	2032032	5069664	14680064	0	7101696	14680064	308368	308368	0	1082429	0	
22020096	22020096	2063836	5037860	14680064	0	7101696	14680064	310764	310764	0	1139272	0	
22020096	22020096	2048384	5053312	14680064	0	7101696	14680064	296404	296404	0	1248486	0	
22020096	22020096	1911720	5189976	14680064	0	7101696	14680064	281116	281116	0	1102282	0	
22020096	22020096	1809484	5292212	14680064	0	7101696	14680064	270408	270408	0	1121034	0	
22020096	22020096	1810148	5291548	14680064	0	7101696	14680064	274672	274672	0	1174760	0	
22020096	22020096	1822028	5279668	14680064	0	7101696	14680064	274468	274468	0	1176260	0	
22020096	22020096	1807200	5294496	14680064	0	7101696	14680064	268936	268936	0	1134229	0	
22020096	22020096	1901764	5199932	14680064	0	7101696	14680064	291572	291572	0	1139034	0	
22020096	22020096	2027928	5073768	14680064	0	7101696	14680064	307112	307112	0	1148120	0	
22020096	22020096	1909672	5192024	14680064	0	7101696	14680064	278276	278276	0	1132230	0	
22020096	22020096	1794544	5307152	14680064	0	7101696	14680064	270124	270124	0	1165482	0	
22020096	22020096	1824672	5277024	14680064	0	7101696	14680064	277452	277452	0	1079494	0	
22020096	22020096	1834572	5267124	14680064	0	7101696	14680064	274908	274908	0	1165612	0	
22020096	22020096	1911472	5190224	14680064	0	7101696	14680064	364624	364624	0	1126180	0	
22020096	22020096	1851424	5250272	14680064	0	7101696	14680064	279492	279492	0	1286436	0	
22020096	22020096	1845012	5256684	14680064	0	7101696	14680064	277904	277904	0	1102874	0	
22020096	22020096	1959724	5141972	14680064	0	7101696	14680064	304084	304084	0	1092393	0	
22020096	22020096	2047996	5053700	14680064	0	7101696	14680064	306456	306456	0	1091866	0	
22020096	22020096	2051596	5050100	14680064	0	7101696	14680064	308040	308040	0	1104626	0	
22020096	22020096	2064016	5037680	14680064	0	7101696	14680064	312276	312276	0	1193297	0	
22020096	22020096	1926188	5175508	14680064	0	7101696	14680064	283224	283224	0	1069270	0	
22020096	22020096	1944228	5157468	14680064	0	7101696	14680064	300120	300120	0	1135544	0	
22020096	22020096	1914516	5187180	14680064	0	7101696	14680064	270044	270044	0	1077428	0	
22020096	22020096	1805856	5295840	14680064	0	7101696	14680064	271192	271192	0	1140233	0	
22020096	22020096	1795720	5305976	14680064	0	7101696	14680064	272528	272528	0	1151770	0	
22020096	22020096	1796968	5304728	14680064	0	7101696	14680064	272876	272876	0	1258576	0	
22020096	22020096	1796260	5305436	14680064	0	7101696	14680064	270684	270684	0	1221354	0	
22020096	22020096	1794364	5307332	14680064	0	7101696	14680064	270064	270064	0	1164180	0	
22020096	22020096	1811892	5289804	14680064	0	7101696	14680064	272720	272720	0	1155585	0	
22020096	22020096	1806700	5294996	14680064	0	7101696	14680064	269948	269948	0	1162399	0	
22020096	22020096	1810744	5290952	14680064	0	7101696	14680064	270936	270936	0	1345915	0	
22020096	22020096	1943580	5158116	14680064	0	7101696	14680064	299204	299204	0	1242491	0	
22020096	22020096	2009320	5092376	14680064	0	7101696	14680064	300632	300632	0	1145466	0	
22020096	22020096	1987452	5114244	14680064	0	7101696	14680064	298604	298604	0	1390468	0	
22020096	22020096	1987792	5113904	14680064	0	7101696	14680064	298648	298648	0	1294426	0	
22020096	22020096	2016104	5085592	14680064	0	7101696	14680064	305912	305912	0	1122900	0	
22020096	22020096	1913256	5188440	14680064	0	7101696	14680064	279456	279456	0	1145765	0	
22020096	22020096	1836564	5265132	14680064	0	7101696	14680064	276112	276112	0	1123569	0	
22020096	22020096	1816876	5284820	14680064	0	7101696	14680064	270476	270476	0	1082416	0	
22020096	22020096	1904104	5197592	14680064	0	7101696	14680064	293688	293688	0	1493753	0	
22020096	22020096	1987900	5113796	14680064	0	7101696	14680064	298652	298652	0	1056100	0	
22020096	22020096	1907220	5194476	14680064	0	7101696	14680064	280808	280808	0	1345504	0	
22020096	22020096	1953684	5148012	14680064	0	7101696	14680064	298728	298728	0	1143802	0	
22020096	22020096	1913560	5188136	14680064	0	7101696	14680064	280892	280892	0	1049486	0	
22020096	22020096	1944868	5156828	14680064	0	7101696	14680064	299032	299032	0	1094396	0	
22020096	22020096	1928472	5173224	14680064	0	7101696	14680064	284436	284436	0	1142162	0	
22020096	22020096	1847172	5254524	14680064	0	7101696	14680064	275632	275632	0	1158730	0	
22020096	22020096	1847420	5254276	14680064	0	7101696	14680064	276976	276976	0	1219879	0	
22020096	22020096	1848596	5253100	14680064	0	7101696	14680064	278984	278984	0	1133497	0	
22020096	22020096	1832468	5269228	14680064	0	7101696	14680064	275488	275488	0	1122369	0	
22020096	22020096	1915736	5185960	14680064	0	7101696	14680064	291904	291904	0	1253872	0	
22020096	22020096	1983672	5118024	14680064	0	7101696	14680064	299428	299428	0	1160835	0	
22020096	22020096	2026292	5075404	14680064	0	7101696	14680064	308304	308304	0	1239981	0	
22020096	22020096	2061468	5040228	14680064	0	7101696	14680064	311216	311216	0	1214768	0	
22020096	22020096	2015864	5085832	14680064	0	7101696	14680064	297248	297248	0	1198375	0	
22020096	22020096	2010672	5091024	14680064	0	7101696	14680064	305268	305268	0	1091841	0	
22020096	22020096	2003012	5098684	14680064	0	7101696	14680064	297684	297684	0	1129096	0	
22020096	22020096	1980888	5120808	14680064	0	7101696	14680064	297332	297332	0	1122246	0	
22020096	22020096	1983812	5117884	14680064	0	7101696	14680064	298704	298704	0	1228465	0	
22020096	22020096	1986152	5115544	14680064	0	7101696	14680064	297232	297232	0	1249041	0	
22020096	22020096	1983312	5118384	14680064	0	7101696	14680064	282468	282468	0	1354127	0	
22020096	22020096	1982096	5119600	14680064	0	7101696	14680064	297376	297376	0	1231504	0	
22020096	22020096	1986348	5115348	14680064	0	7101696	14680064	297092	297092	0	1097396	0	
22020096	22020096	1982912	5118784	14680064	0	7101696	14680064	297436	297436	0	1106308	0	
22020096	22020096	1995664	5106032	14680064	0	7101696	14680064	284240	284240	0	1421222	0	
22020096	22020096	2035744	5065952	14680064	0	7101696	14680064	308644	308644	0	1096551	0	
22020096	22020096	2045780	5055916	14680064	0	7101696	14680064	306680	306680	0	1059571	0	
22020096	22020096	2035148	5066548	14680064	0	7101696	14680064	305096	305096	0	1106469	0	
22020096	22020096	2048592	5053104	14680064	0	7101696	14680064	446416	446416	0	1036181	0	
22020096	22020096	2050336	5051360	14680064	0	7101696	14680064	306492	306492	0	1038688	0	
22020096	22020096	2038236	5063460	14680064	0	7101696	14680064	306372	306372	0	1109496	0	
22020096	22020096	2035148	5066548	14680064	0	7101696	14680064	307332	307332	0	1120952	0	
22020096	22020096	2035176	5066520	14680064	0	7101696	14680064	305768	305768	0	1069834	0	
22020096	22020096	2035384	5066312	14680064	0	7101696	14680064	307436	307436	0	1117791	0	
22020096	22020096	2038124	5063572	14680064	0	7101696	14680064	306212	306212	0	1209620	0	
22020096	22020096	2035300	5066396	14680064	0	7101696	14680064	305324	305324	0	1219281	0	
22020096	22020096	2035216	5066480	14680064	0	7101696	14680064	308072	308072	0	1166325	0	
22020096	22020096	2035480	5066216	14680064	0	7101696	14680064	305704	305704	0	1092630	0	
22020096	22020096	2036352	5065344	14680064	0	7101696	14680064	306992	306992	0	1120334	0	
22020096	22020096	2034940	5066756	14680064	0	7101696	14680064	304764	304764	0	1108842	0	
22020096	22020096	2005300	5096396	14680064	0	7101696	14680064	300544	300544	0	1159285	0	
22020096	22020096	1982732	5118964	14680064	0	7101696	14680064	300092	300092	0	1121153	0	
22020096	22020096	1981608	5120088	14680064	0	7101696	14680064	296340	296340	0	1141216	0	
22020096	22020096	2012664	5089032	14680064	0	7101696	14680064	295480	295480	0	1310609	0	
22020096	22020096	2035064	5066632	14680064	0	7101696	14680064	293860	293860	0	1234082	0	
22020096	22020096	2005520	5096176	14680064	0	7101696	14680064	299840	299840	0	1128035	0	
22020096	22020096	1987024	5114672	14680064	0	7101696	14680064	297960	297960	0	1098134	0	
22020096	22020096	1985016	5116680	14680064	0	7101696	14680064	298628	298628	0	1143747	0	
22020096	22020096	1985744	5115952	14680064	0	7101696	14680064	297528	297528	0	1106470	0	
22020096	22020096	1986400	5115296	14680064	0	7101696	14680064	297540	297540	0	1110499	0	
22020096	22020096	1986660	5115036	14680064	0	7101696	14680064	289312	289312	0	1165194	0	
22020096	22020096	2029276	5072420	14680064	0	7101696	14680064	307104	307104	0	1130428	0	
22020096	22020096	2046652	5055044	14680064	0	7101696	14680064	307052	307052	0	1110275	0	
22020096	22020096	2033680	5068016	14680064	0	7101696	14680064	303676	303676	0	1088542	0	
22020096	22020096	2035716	5065980	14680064	0	7101696	14680064	303096	303096	0	1037616	0	
22020096	22020096	2050032	5051664	14680064	0	7101696	14680064	310436	310436	0	1066456	0	
22020096	22020096	2014520	5087176	14680064	0	7101696	14680064	298384	298384	0	1144595	0	
22020096	22020096	1979324	5122372	14680064	0	7101696	14680064	296408	296408	0	1134682	0	
22020096	22020096	1980472	5121224	14680064	0	7101696	14680064	294588	294588	0	1132175	0	
22020096	22020096	1979488	5122208	14680064	0	7101696	14680064	295852	295852	0	1076240	0	
22020096	22020096	1984296	5117400	14680064	0	7101696	14680064	289140	289140	0	1173629	0	
22020096	22020096	2011836	5089860	14680064	0	7101696	14680064	291016	291016	0	1121770	0	
22020096	22020096	2046972	5054724	14680064	0	7101696	14680064	305964	305964	0	1143355	0	
22020096	22020096	2044700	5056996	14680064	0	7101696	14680064	303556	303556	0	1065155	0	
22020096	22020096	2035036	5066660	14680064	0	7101696	14680064	303948	303948	0	1068510	0	
22020096	22020096	2033500	5068196	14680064	0	7101696	14680064	305064	305064	0	1051097	0	
22020096	22020096	2034844	5066852	14680064	0	7101696	14680064	303436	303436	0	1077065	0	
22020096	22020096	2032364	5069332	14680064	0	7101696	14680064	305160	305160	0	1161403	0	
22020096	22020096	2033292	5068404	14680064	0	7101696	14680064	304164	304164	0	1159332	0	
22020096	22020096	2033944	5067752	14680064	0	7101696	14680064	305064	305064	0	1093610	0	
22020096	22020096	2032476	5069220	14680064	0	7101696	14680064	303296	303296	0	1104756	0	
22020096	22020096	2033472	5068224	14680064	0	7101696	14680064	304020	304020	0	1142943	0	
22020096	22020096	2032904	5068792	14680064	0	7101696	14680064	301672	301672	0	1076533	0	
22020096	22020096	2033320	5068376	14680064	0	7101696	14680064	304788	304788	0	1202493	0	
22020096	22020096	2006736	5094960	14680064	0	7101696	14680064	298112	298112	0	1207908	0	
22020096	22020096	1981812	5119884	14680064	0	7101696	14680064	296060	296060	0	1198221	0	
22020096	22020096	1982828	5118868	14680064	0	7101696	14680064	296100	296100	0	1107129	0	
22020096	22020096	1998000	5103696	14680064	0	7101696	14680064	300980	300980	0	1127941	0	
22020096	22020096	1990536	5111160	14680064	0	7101696	14680064	295920	295920	0	1207348	0	
22020096	22020096	2024084	5077612	14680064	0	7101696	14680064	304500	304500	0	1205098	0	
22020096	22020096	2044312	5057384	14680064	0	7101696	14680064	305904	305904	0	1184264	0	
22020096	22020096	2033376	5068320	14680064	0	7101696	14680064	302376	302376	0	1138472	0	
22020096	22020096	2032932	5068764	14680064	0	7101696	14680064	304556	304556	0	1110583	0	
22020096	22020096	2032476	5069220	14680064	0	7101696	14680064	302892	302892	0	1142020	0	
22020096	22020096	2032724	5068972	14680064	0	7101696	14680064	304308	304308	0	1120681	0	
22020096	22020096	2034344	5067352	14680064	0	7101696	14680064	304644	304644	0	1090418	0	
22020096	22020096	2032488	5069208	14680064	0	7101696	14680064	303984	303984	0	1111723	0	
22020096	22020096	2032600	5069096	14680064	0	7101696	14680064	301008	301008	0	1189957	0	
22020096	22020096	2046456	5055240	14680064	0	7101696	14680064	308312	308312	0	1370083	0	
22020096	22020096	2060140	5041556	14680064	0	7101696	14680064	308008	308008	0	1159516	0	
22020096	22020096	2057120	5044576	14680064	0	7101696	14680064	308824	308824	0	1179446	0	
22020096	22020096	2042180	5059516	14680064	0	7101696	14680064	298680	298680	0	1362468	0	
22020096	22020096	2031064	5070632	14680064	0	7101696	14680064	301956	301956	0	1019672	0	
22020096	22020096	2033416	5068280	14680064	0	7101696	14680064	305428	305428	0	1033426	0	
22020096	22020096	2030856	5070840	14680064	0	7101696	14680064	302072	302072	0	1110860	0	
22020096	22020096	2030924	5070772	14680064	0	7101696	14680064	303080	303080	0	1325513	0	
22020096	22020096	2031824	5069872	14680064	0	7101696	14680064	304524	304524	0	1151939	0	
22020096	22020096	2032516	5069180	14680064	0	7101696	14680064	302860	302860	0	1305060	0	
22020096	22020096	2062036	5039660	14680064	0	7101696	14680064	310180	310180	0	1142425	0	
22020096	22020096	2070908	5030788	14680064	0	7101696	14680064	310108	310108	0	1240185	0	
22020096	22020096	2016380	5085316	14680064	0	7101696	14680064	299896	299896	0	1227789	0	
22020096	22020096	1982376	5119320	14680064	0	7101696	14680064	295188	295188	0	1105491	0	
22020096	22020096	1978840	5122856	14680064	0	7101696	14680064	297820	297820	0	1092442	0	
22020096	22020096	2007844	5093852	14680064	0	7101696	14680064	299512	299512	0	1261022	0	
22020096	22020096	2005876	5095820	14680064	0	7101696	14680064	296216	296216	0	1195739	0	
22020096	22020096	2011496	5090200	14680064	0	7101696	14680064	300392	300392	0	1291692	0	
22020096	22020096	2004380	5097316	14680064	0	7101696	14680064	297448	297448	0	1183582	0	
22020096	22020096	1984848	5116848	14680064	0	7101696	14680064	296476	296476	0	1146424	0	
22020096	22020096	1981412	5120284	14680064	0	7101696	14680064	296364	296364	0	1238751	0	
22020096	22020096	1902468	5199228	14680064	0	7101696	14680064	483884	483884	0	1162143	0	
22020096	22020096	1928024	5173672	14680064	0	7101696	14680064	291504	291504	0	1181312	0	
22020096	22020096	1988164	5113532	14680064	0	7101696	14680064	296884	296884	0	1178670	0	
22020096	22020096	1921852	5179844	14680064	0	7101696	14680064	282708	282708	0	1268039	0	
22020096	22020096	1937744	5163952	14680064	0	7101696	14680064	292964	292964	0	1529752	0	
22020096	22020096	1984500	5117196	14680064	0	7101696	14680064	277548	277548	0	1193707	0	
22020096	22020096	1982076	5119620	14680064	0	7101696	14680064	296588	296588	0	1396393	0	
22020096	22020096	1982780	5118916	14680064	0	7101696	14680064	295452	295452	0	1083719	0	
22020096	22020096	1872624	5229072	14680064	0	7101696	14680064	273824	273824	0	1233233	0	
22020096	22020096	1810840	5290856	14680064	0	7101696	14680064	270680	270680	0	1493749	0	
22020096	22020096	1915664	5186032	14680064	0	7101696	14680064	290996	290996	0	1261596	0	
22020096	22020096	1986532	5115164	14680064	0	7101696	14680064	296832	296832	0	1224289	0	
22020096	22020096	1877476	5224220	14680064	0	7101696	14680064	274672	274672	0	1224333	0	
22020096	22020096	1793976	5307720	14680064	0	7101696	14680064	267360	267360	0	1174328	0	
22020096	22020096	1794640	5307056	14680064	0	7101696	14680064	267948	267948	0	1184890	0	
22020096	22020096	1793588	5308108	14680064	0	7101696	14680064	264888	264888	0	1388798	0	
22020096	22020096	1808044	5293652	14680064	0	7101696	14680064	269088	269088	0	1155628	0	
22020096	22020096	1835400	5266296	14680064	0	7101696	14680064	273800	273800	0	1104792	0	
22020096	22020096	1860960	5240736	14680064	0	7101696	14680064	277528	277528	0	1132646	0	
22020096	22020096	1856816	5244880	14680064	0	7101696	14680064	275764	275764	0	1143146	0	
22020096	22020096	1816500	5285196	14680064	0	7101696	14680064	268104	268104	0	1145779	0	
22020096	22020096	1810064	5291632	14680064	0	7101696	14680064	267620	267620	0	1132070	0	
22020096	22020096	1804984	5296712	14680064	0	7101696	14680064	267832	267832	0	1171123	0	
22020096	22020096	1808484	5293212	14680064	0	7101696	14680064	268976	268976	0	1100363	0	
22020096	22020096	1914304	5187392	14680064	0	7101696	14680064	290620	290620	0	1098506	0	
22020096	22020096	1876504	5225192	14680064	0	7101696	14680064	273820	273820	0	1211903	0	
22020096	22020096	1793076	5308620	14680064	0	7101696	14680064	253884	253884	0	1250114	0	
22020096	22020096	1806132	5295564	14680064	0	7101696	14680064	268192	268192	0	1197641	0	
22020096	22020096	1911368	5190328	14680064	0	7101696	14680064	290308	290308	0	1162873	0	
22020096	22020096	1983388	5118308	14680064	0	7101696	14680064	274220	274220	0	1239534	0	
22020096	22020096	2024800	5076896	14680064	0	7101696	14680064	304928	304928	0	1239794	0	
22020096	22020096	2045296	5056400	14680064	0	7101696	14680064	304692	304692	0	1350876	0	
22020096	22020096	2048548	5053148	14680064	0	7101696	14680064	306100	306100	0	1277295	0	
22020096	22020096	2017516	5084180	14680064	0	7101696	14680064	297448	297448	0	1147640	0	
22020096	22020096	1876440	5225256	14680064	0	7101696	14680064	272932	272932	0	1204582	0	
22020096	22020096	1807848	5293848	14680064	0	7101696	14680064	268944	268944	0	1119940	0	
22020096	22020096	1818884	5282812	14680064	0	7101696	14680064	269040	269040	0	1117801	0	
22020096	22020096	1940356	5161340	14680064	0	7101696	14680064	294692	294692	0	1140425	0	
22020096	22020096	2006084	5095612	14680064	0	7101696	14680064	292196	292196	0	1151825	0	
22020096	22020096	1905916	5195780	14680064	0	7101696	14680064	279148	279148	0	1129711	0	
22020096	22020096	1845616	5256080	14680064	0	7101696	14680064	273680	273680	0	1127110	0	
22020096	22020096	1815268	5286428	14680064	0	7101696	14680064	267788	267788	0	1208356	0	
22020096	22020096	1902508	5199188	14680064	0	7101696	14680064	289536	289536	0	1207073	0	
22020096	22020096	1873428	5228268	14680064	0	7101696	14680064	270684	270684	0	1260307	0	
22020096	22020096	1792592	5309104	14680064	0	7101696	14680064	265488	265488	0	1131788	0	
22020096	22020096	1807544	5294152	14680064	0	7101696	14680064	267732	267732	0	1105959	0	
22020096	22020096	1820532	5281164	14680064	0	7101696	14680064	268944	268944	0	1063947	0	
22020096	22020096	1819256	5282440	14680064	0	7101696	14680064	270328	270328	0	1163120	0	
22020096	22020096	1834376	5267320	14680064	0	7101696	14680064	273444	273444	0	1154224	0	
22020096	22020096	1829944	5271752	14680064	0	7101696	14680064	270656	270656	0	1136302	0	
22020096	22020096	1819200	5282496	14680064	0	7101696	14680064	271136	271136	0	1084913	0	
22020096	22020096	1833544	5268152	14680064	0	7101696	14680064	271652	271652	0	1076413	0	
22020096	22020096	1831132	5270564	14680064	0	7101696	14680064	270224	270224	0	1073387	0	
22020096	22020096	1849080	5252616	14680064	0	7101696	14680064	274664	274664	0	1115641	0	
22020096	22020096	1963672	5138024	14680064	0	7101696	14680064	294960	294960	0	1516426	0	
22020096	22020096	2005688	5096008	14680064	0	7101696	14680064	297412	297412	0	1133962	0	
22020096	22020096	1875952	5225744	14680064	0	7101696	14680064	272052	272052	0	1117778	0	
22020096	22020096	1807904	5293792	14680064	0	7101696	14680064	270828	270828	0	1127487	0	
22020096	22020096	1909540	5192156	14680064	0	7101696	14680064	286228	286228	0	1123724	0	
22020096	22020096	2025600	5076096	14680064	0	7101696	14680064	300856	300856	0	1097774	0	
22020096	22020096	2042236	5059460	14680064	0	7101696	14680064	304280	304280	0	1134217	0	
22020096	22020096	2048772	5052924	14680064	0	7101696	14680064	305840	305840	0	1247398	0	
22020096	22020096	2058060	5043636	14680064	0	7101696	14680064	306060	306060	0	1290297	0	
22020096	22020096	2016672	5085024	14680064	0	7101696	14680064	297688	297688	0	1248565	0	
22020096	22020096	2011796	5089900	14680064	0	7101696	14680064	302236	302236	0	1253250	0	
22020096	22020096	1894424	5207272	14680064	0	7101696	14680064	273572	273572	0	1177690	0	
22020096	22020096	1836452	5265244	14680064	0	7101696	14680064	276696	276696	0	1099598	0	
22020096	22020096	1855140	5246556	14680064	0	7101696	14680064	273816	273816	0	1059957	0	
22020096	22020096	1829568	5272128	14680064	0	7101696	14680064	261232	261232	0	1485589	0	
22020096	22020096	1954116	5147580	14680064	0	7101696	14680064	299372	299372	0	1212412	0	
22020096	22020096	1904636	5197060	14680064	0	7101696	14680064	273780	273780	0	1092842	0	
22020096	22020096	1792064	5309632	14680064	0	7101696	14680064	263504	263504	0	1127655	0	
22020096	22020096	1807252	5294444	14680064	0	7101696	14680064	268968	268968	0	1127626	0	
22020096	22020096	1818192	5283504	14680064	0	7101696	14680064	270356	270356	0	1177783	0	
22020096	22020096	1913732	5187964	14680064	0	7101696	14680064	290132	290132	0	1408418	0	
22020096	22020096	1995256	5106440	14680064	0	7101696	14680064	296568	296568	0	1201333	0	
22020096	22020096	1882372	5219324	14680064	0	7101696	14680064	271724	271724	0	1039507	0	
22020096	22020096	1806672	5295024	14680064	0	7101696	14680064	262684	262684	0	1151986	0	
22020096	22020096	1815960	5285736	14680064	0	7101696	14680064	273164	273164	0	1233385	0	
22020096	22020096	1817372	5284324	14680064	0	7101696	14680064	271312	271312	0	1169038	0	
22020096	22020096	1816184	5285512	14680064	0	7101696	14680064	268772	268772	0	1237677	0	
22020096	22020096	1953964	5147732	14680064	0	7101696	14680064	299084	299084	0	1119462	0	
22020096	22020096	2041640	5060056	14680064	0	7101696	14680064	302656	302656	0	1171848	0	
22020096	22020096	2046208	5055488	14680064	0	7101696	14680064	306676	306676	0	1050978	0	
22020096	22020096	1920488	5181208	14680064	0	7101696	14680064	277288	277288	0	1083985	0	
22020096	22020096	1832064	5269632	14680064	0	7101696	14680064	272480	272480	0	1128151	0	
22020096	22020096	1923344	5178352	14680064	0	7101696	14680064	289084	289084	0	1142727	0	
22020096	22020096	1874192	5227504	14680064	0	7101696	14680064	269364	269364	0	1118104	0	
22020096	22020096	1821500	5280196	14680064	0	7101696	14680064	271104	271104	0	1486782	0	
22020096	22020096	1925188	5176508	14680064	0	7101696	14680064	291716	291716	0	1288595	0	
22020096	22020096	1983248	5118448	14680064	0	7101696	14680064	294400	294400	0	1498826	0	
22020096	22020096	1984288	5117408	14680064	0	7101696	14680064	296244	296244	0	1202896	0	
22020096	22020096	1889268	5212428	14680064	0	7101696	14680064	275532	275532	0	1233747	0	
22020096	22020096	1908640	5193056	14680064	0	7101696	14680064	286476	286476	0	1488130	0	
22020096	22020096	2007408	5094288	14680064	0	7101696	14680064	301080	301080	0	1122215	0	
22020096	22020096	1923048	5178648	14680064	0	7101696	14680064	280540	280540	0	1089196	0	
22020096	22020096	1828908	5272788	14680064	0	7101696	14680064	270064	270064	0	1112857	0	
22020096	22020096	1801328	5300368	14680064	0	7101696	14680064	265200	265200	0	1131972	0	
22020096	22020096	1789476	5312220	14680064	0	7101696	14680064	263860	263860	0	1136692	0	
22020096	22020096	1820156	5281540	14680064	0	7101696	14680064	270904	270904	0	1080877	0	
22020096	22020096	1814176	5287520	14680064	0	7101696	14680064	266008	266008	0	1140467	0	
22020096	22020096	1805220	5296476	14680064	0	7101696	14680064	268532	268532	0	1172240	0	
22020096	22020096	1846032	5255664	14680064	0	7101696	14680064	274664	274664	0	1144400	0	
22020096	22020096	1975356	5126340	14680064	0	7101696	14680064	296104	296104	0	1492233	0	
22020096	22020096	2013764	5087932	14680064	0	7101696	14680064	295680	295680	0	1586201	0	
22020096	22020096	1983828	5117868	14680064	0	7101696	14680064	296200	296200	0	1456188	0	
22020096	22020096	2024156	5077540	14680064	0	7101696	14680064	304224	304224	0	1249279	0	
22020096	22020096	1934560	5167136	14680064	0	7101696	14680064	278208	278208	0	1190787	0	
22020096	22020096	1858920	5242776	14680064	0	7101696	14680064	276132	276132	0	1146887	0	
22020096	22020096	1961232	5140464	14680064	0	7101696	14680064	295316	295316	0	1099603	0	
22020096	22020096	1938364	5163332	14680064	0	7101696	14680064	283096	283096	0	1131918	0	
22020096	22020096	1854120	5247576	14680064	0	7101696	14680064	272668	272668	0	1132518	0	
22020096	22020096	1923232	5178464	14680064	0	7101696	14680064	289544	289544	0	1096354	0	
22020096	22020096	1982768	5118928	14680064	0	7101696	14680064	295220	295220	0	1432404	0	
22020096	22020096	1983576	5118120	14680064	0	7101696	14680064	294684	294684	0	1428550	0	
22020096	22020096	1984292	5117404	14680064	0	7101696	14680064	296964	296964	0	1152603	0	
22020096	22020096	1984012	5117684	14680064	0	7101696	14680064	293776	293776	0	1136832	0	
22020096	22020096	2024768	5076928	14680064	0	7101696	14680064	304428	304428	0	1139788	0	
22020096	22020096	1903180	5198516	14680064	0	7101696	14680064	271372	271372	0	1149793	0	
22020096	22020096	1899680	5202016	14680064	0	7101696	14680064	288732	288732	0	1506445	0	
22020096	22020096	1983788	5117908	14680064	0	7101696	14680064	294652	294652	0	1114388	0	
22020096	22020096	1887068	5214628	14680064	0	7101696	14680064	276152	276152	0	1165927	0	
22020096	22020096	1817084	5284612	14680064	0	7101696	14680064	268756	268756	0	1511405	0	
22020096	22020096	1910980	5190716	14680064	0	7101696	14680064	288568	288568	0	1167553	0	
22020096	22020096	1873040	5228656	14680064	0	7101696	14680064	271328	271328	0	1133516	0	
22020096	22020096	1787952	5313744	14680064	0	7101696	14680064	265100	265100	0	1099140	0	
22020096	22020096	1803972	5297724	14680064	0	7101696	14680064	268828	268828	0	1136715	0	
22020096	22020096	1830564	5271132	14680064	0	7101696	14680064	578108	578108	0	1146688	0	
22020096	22020096	1845740	5255956	14680064	0	7101696	14680064	271432	271432	0	1128261	0	
22020096	22020096	1844008	5257688	14680064	0	7101696	14680064	273360	273360	0	1133743	0	
22020096	22020096	1830732	5270964	14680064	0	7101696	14680064	270100	270100	0	1142355	0	
22020096	22020096	1802532	5299164	14680064	0	7101696	14680064	264344	264344	0	1119468	0	
22020096	22020096	1807876	5293820	14680064	0	7101696	14680064	267396	267396	0	1192963	0	
22020096	22020096	1804772	5296924	14680064	0	7101696	14680064	265224	265224	0	1150936	0	
22020096	22020096	1897464	5204232	14680064	0	7101696	14680064	285036	285036	0	1106559	0	
22020096	22020096	1904456	5197240	14680064	0	7101696	14680064	279456	279456	0	1121575	0	
22020096	22020096	1845308	5256388	14680064	0	7101696	14680064	273184	273184	0	1039629	0	
22020096	22020096	1846100	5255596	14680064	0	7101696	14680064	273116	273116	0	1117681	0	
22020096	22020096	1926052	5175644	14680064	0	7101696	14680064	290304	290304	0	1484319	0	
22020096	22020096	1987980	5113716	14680064	0	7101696	14680064	295680	295680	0	1126708	0	
22020096	22020096	1986600	5115096	14680064	0	7101696	14680064	292436	292436	0	1376856	0	
22020096	22020096	2013876	5087820	14680064	0	7101696	14680064	297680	297680	0	1233727	0	
22020096	22020096	1925652	5176044	14680064	0	7101696	14680064	279160	279160	0	1444072	0	
22020096	22020096	1952576	5149120	14680064	0	7101696	14680064	293228	293228	0	1234012	0	
22020096	22020096	2000564	5101132	14680064	0	7101696	14680064	294096	294096	0	1293319	0	
22020096	22020096	1887480	5214216	14680064	0	7101696	14680064	273876	273876	0	1282692	0	
22020096	22020096	1804136	5297560	14680064	0	7101696	14680064	265432	265432	0	1296426	0	
22020096	22020096	1807156	5294540	14680064	0	7101696	14680064	267520	267520	0	1218763	0	
22020096	22020096	1801908	5299788	14680064	0	7101696	14680064	266180	266180	0	1127916	0	
22020096	22020096	1804648	5297048	14680064	0	7101696	14680064	267376	267376	0	1334929	0	
22020096	22020096	1802932	5298764	14680064	0	7101696	14680064	263672	263672	0	1102511	0	
22020096	22020096	1807584	5294112	14680064	0	7101696	14680064	266820	266820	0	1157897	0	
22020096	22020096	1803416	5298280	14680064	0	7101696	14680064	265740	265740	0	1138194	0	
22020096	22020096	1791760	5309936	14680064	0	7101696	14680064	264052	264052	0	1312202	0	
22020096	22020096	1790832	5310864	14680064	0	7101696	14680064	263756	263756	0	1240170	0	
22020096	22020096	1791012	5310684	14680064	0	7101696	14680064	250500	250500	0	1257992	0	
22020096	22020096	1820072	5281624	14680064	0	7101696	14680064	270308	270308	0	1169561	0	
22020096	22020096	1844452	5257244	14680064	0	7101696	14680064	270932	270932	0	1150520	0	
22020096	22020096	1829072	5272624	14680064	0	7101696	14680064	267884	267884	0	1249487	0	
22020096	22020096	1938672	5163024	14680064	0	7101696	14680064	292976	292976	0	1221192	0	
22020096	22020096	2004980	5096716	14680064	0	7101696	14680064	296024	296024	0	1263713	0	
22020096	22020096	1904204	5197492	14680064	0	7101696	14680064	276436	276436	0	1114728	0	
22020096	22020096	1829568	5272128	14680064	0	7101696	14680064	271084	271084	0	1122543	0	
22020096	22020096	1803764	5297932	14680064	0	7101696	14680064	264808	264808	0	1187278	0	
22020096	22020096	1789324	5312372	14680064	0	7101696	14680064	262104	262104	0	1221537	0	
22020096	22020096	1901244	5200452	14680064	0	7101696	14680064	285384	285384	0	1144566	0	
22020096	22020096	1985296	5116400	14680064	0	7101696	14680064	294160	294160	0	1134761	0	
22020096	22020096	1875216	5226480	14680064	0	7101696	14680064	271440	271440	0	1159028	0	
22020096	22020096	1835836	5265860	14680064	0	7101696	14680064	272968	272968	0	1149385	0	
22020096	22020096	1856136	5245560	14680064	0	7101696	14680064	273420	273420	0	1132906	0	
22020096	22020096	1843248	5258448	14680064	0	7101696	14680064	271392	271392	0	1436274	0	
22020096	22020096	1813344	5288352	14680064	0	7101696	14680064	265224	265224	0	1401169	0	
22020096	22020096	1901864	5199832	14680064	0	7101696	14680064	288060	288060	0	1554629	0	
22020096	22020096	1980972	5120724	14680064	0	7101696	14680064	292252	292252	0	1257424	0	
22020096	22020096	1976584	5125112	14680064	0	7101696	14680064	292064	292064	0	1252324	0	
22020096	22020096	1870704	5230992	14680064	0	7101696	14680064	269316	269316	0	1169272	0	
22020096	22020096	1900952	5200744	14680064	0	7101696	14680064	287136	287136	0	1136272	0	
22020096	22020096	1888736	5212960	14680064	0	7101696	14680064	251016	251016	0	1209800	0	
22020096	22020096	1796924	5304772	14680064	0	7101696	14680064	263856	263856	0	1121999	0	
22020096	22020096	1789544	5312152	14680064	0	7101696	14680064	262964	262964	0	1105214	0	
22020096	22020096	1900388	5201308	14680064	0	7101696	14680064	285024	285024	0	1422569	0	
22020096	22020096	1985100	5116596	14680064	0	7101696	14680064	294900	294900	0	1190186	0	
22020096	22020096	1984928	5116768	14680064	0	7101696	14680064	293332	293332	0	1139002	0	
22020096	22020096	1873416	5228280	14680064	0	7101696	14680064	269044	269044	0	1185060	0	
22020096	22020096	1790764	5310932	14680064	0	7101696	14680064	262488	262488	0	1116053	0	
22020096	22020096	1804316	5297380	14680064	0	7101696	14680064	267240	267240	0	1150636	0	
22020096	22020096	1910908	5190788	14680064	0	7101696	14680064	287496	287496	0	1159133	0	
22020096	22020096	1985288	5116408	14680064	0	7101696	14680064	293232	293232	0	1423812	0	
22020096	22020096	1985784	5115912	14680064	0	7101696	14680064	294948	294948	0	1195613	0	
22020096	22020096	2010208	5091488	14680064	0	7101696	14680064	299200	299200	0	1309778	0	
22020096	22020096	1924016	5177680	14680064	0	7101696	14680064	278980	278980	0	1211494	0	
22020096	22020096	1814688	5287008	14680064	0	7101696	14680064	264344	264344	0	1197744	0	
22020096	22020096	1804372	5297324	14680064	0	7101696	14680064	265132	265132	0	1134712	0	
22020096	22020096	1801560	5300136	14680064	0	7101696	14680064	264356	264356	0	1137066	0	
22020096	22020096	1789876	5311820	14680064	0	7101696	14680064	265228	265228	0	1246549	0	
22020096	22020096	1788520	5313176	14680064	0	7101696	14680064	262776	262776	0	1184786	0	
22020096	22020096	1833792	5267904	14680064	0	7101696	14680064	272228	272228	0	1194742	0	
22020096	22020096	1839096	5262600	14680064	0	7101696	14680064	268468	268468	0	1169653	0	
22020096	22020096	1906648	5195048	14680064	0	7101696	14680064	274968	274968	0	1122877	0	
22020096	22020096	1911960	5189736	14680064	0	7101696	14680064	277828	277828	0	1444457	0	
22020096	22020096	1960260	5141436	14680064	0	7101696	14680064	292864	292864	0	1115464	0	
22020096	22020096	1936488	5165208	14680064	0	7101696	14680064	281588	281588	0	1546123	0	
22020096	22020096	1934680	5167016	14680064	0	7101696	14680064	289416	289416	0	1152724	0	
22020096	22020096	1984128	5117568	14680064	0	7101696	14680064	291748	291748	0	1507602	0	
22020096	22020096	1983948	5117748	14680064	0	7101696	14680064	292480	292480	0	1184438	0	
22020096	22020096	1874908	5226788	14680064	0	7101696	14680064	269600	269600	0	1180337	0	
22020096	22020096	1899124	5202572	14680064	0	7101696	14680064	285828	285828	0	1148073	0	
22020096	22020096	1872308	5229388	14680064	0	7101696	14680064	268796	268796	0	1150750	0	
22020096	22020096	1791164	5310532	14680064	0	7101696	14680064	263464	263464	0	1166049	0	
22020096	22020096	1788672	5313024	14680064	0	7101696	14680064	262004	262004	0	1143428	0	
22020096	22020096	1803112	5298584	14680064	0	7101696	14680064	264280	264280	0	1124547	0	
22020096	22020096	1830192	5271504	14680064	0	7101696	14680064	269560	269560	0	1135996	0	
22020096	22020096	1827244	5274452	14680064	0	7101696	14680064	266664	266664	0	1118793	0	
22020096	22020096	1829792	5271904	14680064	0	7101696	14680064	270112	270112	0	1114146	0	
22020096	22020096	1840628	5261068	14680064	0	7101696	14680064	272112	272112	0	1104785	0	
22020096	22020096	1826536	5275160	14680064	0	7101696	14680064	267420	267420	0	1059469	0	
22020096	22020096	1936280	5165416	14680064	0	7101696	14680064	279748	279748	0	1235948	0	
22020096	22020096	1934328	5167368	14680064	0	7101696	14680064	279680	279680	0	1100148	0	
22020096	22020096	1958688	5143008	14680064	0	7101696	14680064	294956	294956	0	1078389	0	
22020096	22020096	1921752	5179944	14680064	0	7101696	14680064	275856	275856	0	1120666	0	
22020096	22020096	1841360	5260336	14680064	0	7101696	14680064	271332	271332	0	1454785	0	
22020096	22020096	1923188	5178508	14680064	0	7101696	14680064	286556	286556	0	1382912	0	
22020096	22020096	2025128	5076568	14680064	0	7101696	14680064	301272	301272	0	1110541	0	
22020096	22020096	1933612	5168084	14680064	0	7101696	14680064	280284	280284	0	1062958	0	
22020096	22020096	1840688	5261008	14680064	0	7101696	14680064	270888	270888	0	1423007	0	
22020096	22020096	1922780	5178916	14680064	0	7101696	14680064	287452	287452	0	1485880	0	
22020096	22020096	2009368	5092328	14680064	0	7101696	14680064	299508	299508	0	1459454	0	
22020096	22020096	2001600	5100096	14680064	0	7101696	14680064	295796	295796	0	1454665	0	
22020096	22020096	1982648	5119048	14680064	0	7101696	14680064	292184	292184	0	1147852	0	
22020096	22020096	1983820	5117876	14680064	0	7101696	14680064	291388	291388	0	1486587	0	
22020096	22020096	2009876	5091820	14680064	0	7101696	14680064	297568	297568	0	1456333	0	
22020096	22020096	2001732	5099964	14680064	0	7101696	14680064	294540	294540	0	1221077	0	
22020096	22020096	1918876	5182820	14680064	0	7101696	14680064	279512	279512	0	1165836	0	
22020096	22020096	1933804	5167892	14680064	0	7101696	14680064	288132	288132	0	1198060	0	
22020096	22020096	1872540	5229156	14680064	0	7101696	14680064	270424	270424	0	1097099	0	
22020096	22020096	1788064	5313632	14680064	0	7101696	14680064	262152	262152	0	1126626	0	
22020096	22020096	1788824	5312872	14680064	0	7101696	14680064	261552	261552	0	1151753	0	
22020096	22020096	1787496	5314200	14680064	0	7101696	14680064	260572	260572	0	1196983	0	
22020096	22020096	1899360	5202336	14680064	0	7101696	14680064	285164	285164	0	1144984	0	
22020096	22020096	1980056	5121640	14680064	0	7101696	14680064	289692	289692	0	1103192	0	
22020096	22020096	1882884	5218812	14680064	0	7101696	14680064	270784	270784	0	1084917	0	
22020096	22020096	1815656	5286040	14680064	0	7101696	14680064	266880	266880	0	1087426	0	
22020096	22020096	1815116	5286580	14680064	0	7101696	14680064	266400	266400	0	1163702	0	
22020096	22020096	1906056	5195640	14680064	0	7101696	14680064	285892	285892	0	1213299	0	
22020096	22020096	1978920	5122776	14680064	0	7101696	14680064	290124	290124	0	1119334	0	
22020096	22020096	1901748	5199948	14680064	0	7101696	14680064	274960	274960	0	1142457	0	
22020096	22020096	1824656	5277040	14680064	0	7101696	14680064	266088	266088	0	1107445	0	
22020096	22020096	1908124	5193572	14680064	0	7101696	14680064	285452	285452	0	1566696	0	
22020096	22020096	1982712	5118984	14680064	0	7101696	14680064	291536	291536	0	1438243	0	
22020096	22020096	1981368	5120328	14680064	0	7101696	14680064	290192	290192	0	1375224	0	
22020096	22020096	1982036	5119660	14680064	0	7101696	14680064	289948	289948	0	1229190	0	
22020096	22020096	2007796	5093900	14680064	0	7101696	14680064	295932	295932	0	1562510	0	
22020096	22020096	2001040	5100656	14680064	0	7101696	14680064	293172	293172	0	1273160	0	
22020096	22020096	2005956	5095740	14680064	0	7101696	14680064	296508	296508	0	1090040	0	
22020096	22020096	1919732	5181964	14680064	0	7101696	14680064	276960	276960	0	1125083	0	
22020096	22020096	1839936	5261760	14680064	0	7101696	14680064	269196	269196	0	1433489	0	
22020096	22020096	1945524	5156172	14680064	0	7101696	14680064	292128	292128	0	1229546	0	
22020096	22020096	1888128	5213568	14680064	0	7101696	14680064	270004	270004	0	1096713	0	
22020096	22020096	1800828	5300868	14680064	0	7101696	14680064	262336	262336	0	1108283	0	
22020096	22020096	1814132	5287564	14680064	0	7101696	14680064	260988	260988	0	1216673	0	
22020096	22020096	1827396	5274300	14680064	0	7101696	14680064	266952	266952	0	1113011	0	
22020096	22020096	1959032	5142664	14680064	0	7101696	14680064	294148	294148	0	1301739	0	
22020096	22020096	2011120	5090576	14680064	0	7101696	14680064	293340	293340	0	1252594	0	
22020096	22020096	1977676	5124020	14680064	0	7101696	14680064	289436	289436	0	1118366	0	
22020096	22020096	1880388	5221308	14680064	0	7101696	14680064	268716	268716	0	1374645	0	
22020096	22020096	1910164	5191532	14680064	0	7101696	14680064	284432	284432	0	1116004	0	
22020096	22020096	1870488	5231208	14680064	0	7101696	14680064	267104	267104	0	1129151	0	
22020096	22020096	1786540	5315156	14680064	0	7101696	14680064	261080	261080	0	1134623	0	
22020096	22020096	1897128	5204568	14680064	0	7101696	14680064	282208	282208	0	1131286	0	
22020096	22020096	1900588	5201108	14680064	0	7101696	14680064	275440	275440	0	1098801	0	
22020096	22020096	1945428	5156268	14680064	0	7101696	14680064	291224	291224	0	1213739	0	
22020096	22020096	1918324	5183372	14680064	0	7101696	14680064	274792	274792	0	1498888	0	
22020096	22020096	1921788	5179908	14680064	0	7101696	14680064	288056	288056	0	1175803	0	
22020096	22020096	1869800	5231896	14680064	0	7101696	14680064	268704	268704	0	1095858	0	
22020096	22020096	1801768	5299928	14680064	0	7101696	14680064	263704	263704	0	1290033	0	
22020096	22020096	1909184	5192512	14680064	0	7101696	14680064	283176	283176	0	1354122	0	
22020096	22020096	2020892	5080804	14680064	0	7101696	14680064	299456	299456	0	1079730	0	
22020096	22020096	1929896	5171800	14680064	0	7101696	14680064	275092	275092	0	1021734	0	
22020096	22020096	1838664	5263032	14680064	0	7101696	14680064	268584	268584	0	1112353	0	
22020096	22020096	1809632	5292064	14680064	0	7101696	14680064	264024	264024	0	1167681	0	
22020096	22020096	1800672	5301024	14680064	0	7101696	14680064	263076	263076	0	1170697	0	
22020096	22020096	1909268	5192428	14680064	0	7101696	14680064	285576	285576	0	1411428	0	
22020096	22020096	1982180	5119516	14680064	0	7101696	14680064	291180	291180	0	1117339	0	
22020096	22020096	2007244	5094452	14680064	0	7101696	14680064	297112	297112	0	1147978	0	
22020096	22020096	1919068	5182628	14680064	0	7101696	14680064	277960	277960	0	1142825	0	
22020096	22020096	1808192	5293504	14680064	0	7101696	14680064	262912	262912	0	1098926	0	
22020096	22020096	1786180	5315516	14680064	0	7101696	14680064	259824	259824	0	1177753	0	
22020096	22020096	1895996	5205700	14680064	0	7101696	14680064	284388	284388	0	1129918	0	
22020096	22020096	1898576	5203120	14680064	0	7101696	14680064	274172	274172	0	1077726	0	
22020096	22020096	1823920	5277776	14680064	0	7101696	14680064	254240	254240	0	1206234	0	
22020096	22020096	1907540	5194156	14680064	0	7101696	14680064	285204	285204	0	1220622	0	
22020096	22020096	1989752	5111944	14680064	0	7101696	14680064	292816	292816	0	1094475	0	
22020096	22020096	1906484	5195212	14680064	0	7101696	14680064	273904	273904	0	1146325	0	
22020096	22020096	1822616	5279080	14680064	0	7101696	14680064	263284	263284	0	1125349	0	
22020096	22020096	1797420	5304276	14680064	0	7101696	14680064	261252	261252	0	1177483	0	
22020096	22020096	1800052	5301644	14680064	0	7101696	14680064	261976	261976	0	1144603	0	
22020096	22020096	1827876	5273820	14680064	0	7101696	14680064	268072	268072	0	1092095	0	
22020096	22020096	1822340	5279356	14680064	0	7101696	14680064	264256	264256	0	1175008	0	
22020096	22020096	1811460	5290236	14680064	0	7101696	14680064	262012	262012	0	1083838	0	
22020096	22020096	1812000	5289696	14680064	0	7101696	14680064	261620	261620	0	1154074	0	
22020096	22020096	1796688	5305008	14680064	0	7101696	14680064	260332	260332	0	1112040	0	
22020096	22020096	1895372	5206324	14680064	0	7101696	14680064	283304	283304	0	1496100	0	
22020096	22020096	1981592	5120104	14680064	0	7101696	14680064	289840	289840	0	1476380	0	
22020096	22020096	1915540	5186156	14680064	0	7101696	14680064	276384	276384	0	1801655	0	
22020096	22020096	1995808	5105888	14680064	0	7101696	14680064	301952	301952	0	1562799	0	
22020096	22020096	2023436	5078260	14680064	0	7101696	14680064	291412	291412	0	1184108	0	
22020096	22020096	1867692	5234004	14680064	0	7101696	14680064	268120	268120	0	1101035	0	
22020096	22020096	1787108	5314588	14680064	0	7101696	14680064	262868	262868	0	1095132	0	
22020096	22020096	1783896	5317800	14680064	0	7101696	14680064	259252	259252	0	1109998	0	
22020096	22020096	1799264	5302432	14680064	0	7101696	14680064	261692	261692	0	1130240	0	
22020096	22020096	1813220	5288476	14680064	0	7101696	14680064	265804	265804	0	1136691	0	
22020096	22020096	1810932	5290764	14680064	0	7101696	14680064	264784	264784	0	1072032	0	
22020096	22020096	1795096	5306600	14680064	0	7101696	14680064	260004	260004	0	1264352	0	
