b_initial_y_size_0	b_max_y_size_1	b_used_2	b_available_3	b_committed_4	a_used_5	a_available_6	a_committed_7	a_survived_8	a_promoted_9	a_copied_10	a_time_in_ns_11	promotion_rate_12
9437184	9437184	3043560	24	6291456	32844	3010740	6291456	2779964	2751020	0	2174051	100	
9437184	9437184	3043572	12	6291456	578644	2464940	6291456	503968	10204	0	479286	35	
9437184	9437184	3043572	12	6291456	464104	2579480	6291456	630396	220632	0	695016	44	
9437184	9437184	3043572	12	6291456	589552	2454032	6291456	819084	311168	0	932399	75	
9437184	9437184	1332392	1711192	6291456	0	3043584	6291456	351100	351100	0	1257134	69	
9437184	9437184	1736296	1307288	6291456	0	3043584	6291456	267696	267696	0	2007501	0	
9437184	9437184	1811396	1232188	6291456	0	3043584	6291456	285936	285936	0	1131385	0	
9437184	9437184	1797772	1245812	6291456	0	3043584	6291456	284192	284192	0	1133996	0	
9437184	9437184	1743676	1299908	6291456	0	3043584	6291456	273436	273436	0	1340339	0	
9437184	9437184	1745892	1297692	6291456	0	3043584	6291456	273368	273368	0	1044628	0	
9437184	9437184	1637944	1405640	6291456	0	3043584	6291456	249156	249156	0	1156101	0	
9437184	9437184	1555452	1488132	6291456	0	3043584	6291456	240908	240908	0	1165223	0	
9437184	9437184	1556268	1487316	6291456	0	3043584	6291456	241412	241412	0	1181390	0	
9437184	9437184	1567124	1476460	6291456	0	3043584	6291456	252976	252976	0	1052083	0	
9437184	9437184	1556144	1487440	6291456	0	3043584	6291456	242428	242428	0	1053905	0	
9437184	9437184	1662868	1380716	6291456	0	3043584	6291456	264196	264196	0	1058943	0	
9437184	9437184	1637600	1405984	6291456	0	3043584	6291456	247928	247928	0	1015036	0	
9437184	9437184	1570820	1472764	6291456	0	3043584	6291456	245524	245524	0	1027421	0	
9437184	9437184	1583212	1460372	6291456	0	3043584	6291456	246056	246056	0	1015349	0	
9437184	9437184	1704628	1338956	6291456	0	3043584	6291456	270744	270744	0	1102545	0	
9437184	9437184	1676244	1367340	6291456	0	3043584	6291456	255680	255680	0	1027369	0	
9437184	9437184	1582936	1460648	6291456	0	3043584	6291456	247648	247648	0	1082500	0	
9437184	9437184	1691600	1351984	6291456	0	3043584	6291456	282704	282704	0	1053328	0	
9437184	9437184	1652112	1391472	6291456	0	3043584	6291456	250832	250832	0	1056724	0	
9437184	9437184	1676272	1367312	6291456	0	3043584	6291456	266824	266824	0	1063438	0	
9437184	9437184	1745128	1298456	6291456	0	3043584	6291456	271900	271900	0	1232785	0	
9437184	9437184	1743080	1300504	6291456	0	3043584	6291456	273672	273672	0	1112478	0	
9437184	9437184	1651612	1391972	6291456	0	3043584	6291456	252788	252788	0	1064207	0	
9437184	9437184	1582644	1460940	6291456	0	3043584	6291456	246664	246664	0	974019	0	
9437184	9437184	1585220	1458364	6291456	0	3043584	6291456	244784	244784	0	966800	0	
9437184	9437184	1582396	1461188	6291456	0	3043584	6291456	246952	246952	0	966387	0	
9437184	9437184	1582908	1460676	6291456	0	3043584	6291456	244760	244760	0	1039607	0	
9437184	9437184	1583600	1459984	6291456	0	3043584	6291456	246456	246456	0	1447376	0	
9437184	9437184	1568176	1475408	6291456	0	3043584	6291456	242188	242188	0	1175842	0	
9437184	9437184	1570652	1472932	6291456	0	3043584	6291456	244784	244784	0	1008612	0	
9437184	9437184	1746764	1296820	6291456	0	3043584	6291456	301808	301808	0	1368824	0	
9437184	9437184	1778248	1265336	6291456	0	3043584	6291456	274696	274696	0	1071689	0	
9437184	9437184	1637420	1406164	6291456	0	3043584	6291456	248104	248104	0	1101160	0	
9437184	9437184	1662496	1381088	6291456	0	3043584	6291456	264936	264936	0	1069315	0	
9437184	9437184	1743620	1299964	6291456	0	3043584	6291456	272616	272616	0	1333259	0	
9437184	9437184	1743660	1299924	6291456	0	3043584	6291456	272756	272756	0	1064208	0	
9437184	9437184	1651668	1391916	6291456	0	3043584	6291456	251860	251860	0	1064704	0	
9437184	9437184	1674388	1369196	6291456	0	3043584	6291456	264948	264948	0	1406727	0	
9437184	9437184	1744892	1298692	6291456	0	3043584	6291456	272532	272532	0	1120499	0	
9437184	9437184	1653440	1390144	6291456	0	3043584	6291456	252264	252264	0	1139865	0	
9437184	9437184	1673984	1369600	6291456	0	3043584	6291456	264948	264948	0	1106030	0	
9437184	9437184	1744796	1298788	6291456	0	3043584	6291456	272672	272672	0	1305847	0	
9437184	9437184	1744656	1298928	6291456	0	3043584	6291456	270648	270648	0	1351209	0	
9437184	9437184	1742964	1300620	6291456	0	3043584	6291456	270988	270988	0	1087170	0	
9437184	9437184	1635716	1407868	6291456	0	3043584	6291456	247756	247756	0	1137796	0	
9437184	9437184	1661760	1381824	6291456	0	3043584	6291456	263492	263492	0	1167891	0	
9437184	9437184	1650888	1392696	6291456	0	3043584	6291456	253244	253244	0	1187151	0	
9437184	9437184	1673584	1370000	6291456	0	3043584	6291456	262552	262552	0	1014660	0	
9437184	9437184	1665776	1377808	6291456	0	3043584	6291456	255920	255920	0	992316	0	
9437184	9437184	1633332	1410252	6291456	0	3043584	6291456	286108	286108	0	1064362	0	
9437184	9437184	1673488	1370096	6291456	0	3043584	6291456	265384	265384	0	1023272	0	
9437184	9437184	1651680	1391904	6291456	0	3043584	6291456	252748	252748	0	1002051	0	
9437184	9437184	1582104	1461480	6291456	0	3043584	6291456	246316	246316	0	1041163	0	
9437184	9437184	1585468	1458116	6291456	0	3043584	6291456	245076	245076	0	1276856	0	
9437184	9437184	1583144	1460440	6291456	0	3043584	6291456	246692	246692	0	1088619	0	
9437184	9437184	1704336	1339248	6291456	0	3043584	6291456	271488	271488	0	1014495	0	
9437184	9437184	1673668	1369916	6291456	0	3043584	6291456	253060	253060	0	988087	0	
9437184	9437184	1597404	1446180	6291456	0	3043584	6291456	248656	248656	0	1020646	0	
9437184	9437184	1685008	1358576	6291456	0	3043584	6291456	263748	263748	0	950356	0	
9437184	9437184	1654076	1389508	6291456	0	3043584	6291456	252760	252760	0	963463	0	
9437184	9437184	1582864	1460720	6291456	0	3043584	6291456	246892	246892	0	1079791	0	
9437184	9437184	1583352	1460232	6291456	0	3043584	6291456	245112	245112	0	1077918	0	
9437184	9437184	1566416	1477168	6291456	0	3043584	6291456	242368	242368	0	1073578	0	
9437184	9437184	1554912	1488672	6291456	0	3043584	6291456	242688	242688	0	1031360	0	
9437184	9437184	1554772	1488812	6291456	0	3043584	6291456	240404	240404	0	1221436	0	
9437184	9437184	1661772	1381812	6291456	0	3043584	6291456	264220	264220	0	1469919	0	
9437184	9437184	1742468	1301116	6291456	0	3043584	6291456	271576	271576	0	1143677	0	
9437184	9437184	1741372	1302212	6291456	0	3043584	6291456	269916	269916	0	1138128	0	
9437184	9437184	1636504	1407080	6291456	0	3043584	6291456	247816	247816	0	1177578	0	
9437184	9437184	1661052	1382532	6291456	0	3043584	6291456	262328	262328	0	1060753	0	
9437184	9437184	1741540	1302044	6291456	0	3043584	6291456	262904	262904	0	1391654	0	
9437184	9437184	1741208	1302376	6291456	0	3043584	6291456	270492	270492	0	1348881	0	
9437184	9437184	1774548	1269036	6291456	0	3043584	6291456	276308	276308	0	1148855	0	
9437184	9437184	1672724	1370860	6291456	0	3043584	6291456	252568	252568	0	1137252	0	
9437184	9437184	1581372	1462212	6291456	0	3043584	6291456	246228	246228	0	1119027	0	
9437184	9437184	1565836	1477748	6291456	0	3043584	6291456	241884	241884	0	1013160	0	
9437184	9437184	1569408	1474176	6291456	0	3043584	6291456	242860	242860	0	1075232	0	
9437184	9437184	1702880	1340704	6291456	0	3043584	6291456	270180	270180	0	1073423	0	
9437184	9437184	1855328	1188256	6291456	0	3043584	6291456	337736	337736	0	1129437	0	
9437184	9437184	1765392	1278192	6291456	0	3043584	6291456	272616	272616	0	1119557	0	
9437184	9437184	1637044	1406540	6291456	0	3043584	6291456	246940	246940	0	1059519	0	
9437184	9437184	1554896	1488688	6291456	0	3043584	6291456	241156	241156	0	1101550	0	
9437184	9437184	1573948	1469636	6291456	0	3043584	6291456	243896	243896	0	1132924	0	
9437184	9437184	1703612	1339972	6291456	0	3043584	6291456	268784	268784	0	1183662	0	
9437184	9437184	1659740	1383844	6291456	0	3043584	6291456	248440	248440	0	999852	0	
9437184	9437184	1571416	1472168	6291456	0	3043584	6291456	244048	244048	0	1083356	0	
9437184	9437184	1566540	1477044	6291456	0	3043584	6291456	241248	241248	0	1030806	0	
9437184	9437184	1571900	1471684	6291456	0	3043584	6291456	245004	245004	0	1125136	0	
9437184	9437184	1610196	1433388	6291456	0	3043584	6291456	251084	251084	0	1001874	0	
9437184	9437184	1602484	1441100	6291456	0	3043584	6291456	245388	245388	0	1016707	0	
9437184	9437184	1565420	1478164	6291456	0	3043584	6291456	243224	243224	0	1087097	0	
9437184	9437184	1663808	1379776	6291456	0	3043584	6291456	264248	264248	0	1035682	0	
9437184	9437184	1637304	1406280	6291456	0	3043584	6291456	246532	246532	0	1066742	0	
9437184	9437184	1570680	1472904	6291456	0	3043584	6291456	242996	242996	0	1054826	0	
9437184	9437184	1672724	1370860	6291456	0	3043584	6291456	259520	259520	0	1117212	0	
9437184	9437184	1636616	1406968	6291456	0	3043584	6291456	248020	248020	0	1052692	0	
9437184	9437184	1570404	1473180	6291456	0	3043584	6291456	244808	244808	0	1057158	0	
9437184	9437184	1581952	1461632	6291456	0	3043584	6291456	247012	247012	0	1054342	0	
9437184	9437184	1586740	1456844	6291456	0	3043584	6291456	243768	243768	0	1067489	0	
9437184	9437184	1672460	1371124	6291456	0	3043584	6291456	262256	262256	0	1061164	0	
9437184	9437184	1665120	1378464	6291456	0	3043584	6291456	253164	253164	0	956478	0	
9437184	9437184	1592668	1450916	6291456	0	3043584	6291456	246040	246040	0	1111183	0	
9437184	9437184	1672212	1371372	6291456	0	3043584	6291456	260396	260396	0	1342282	0	
9437184	9437184	1741148	1302436	6291456	0	3043584	6291456	271368	271368	0	1066073	0	
9437184	9437184	1635408	1408176	6291456	0	3043584	6291456	248704	248704	0	1065448	0	
9437184	9437184	1553304	1490280	6291456	0	3043584	6291456	239500	239500	0	1484991	0	
9437184	9437184	1661176	1382408	6291456	0	3043584	6291456	263748	263748	0	1084127	0	
9437184	9437184	1741136	1302448	6291456	0	3043584	6291456	269744	269744	0	1096188	0	
9437184	9437184	1773132	1270452	6291456	0	3043584	6291456	277348	277348	0	1321530	0	
9437184	9437184	1795320	1248264	6291456	0	3043584	6291456	279216	279216	0	1105446	0	
9437184	9437184	1797660	1245924	6291456	0	3043584	6291456	279428	279428	0	1142998	0	
9437184	9437184	1765044	1278540	6291456	0	3043584	6291456	270532	270532	0	1177085	0	
9437184	9437184	1636348	1407236	6291456	0	3043584	6291456	246176	246176	0	1110553	0	
9437184	9437184	1553788	1489796	6291456	0	3043584	6291456	239308	239308	0	1149098	0	
9437184	9437184	1555368	1488216	6291456	0	3043584	6291456	240064	240064	0	1175560	0	
9437184	9437184	1571496	1472088	6291456	0	3043584	6291456	243104	243104	0	1033851	0	
9437184	9437184	1702936	1340648	6291456	0	3043584	6291456	270292	270292	0	1031485	0	
9437184	9437184	1700984	1342600	6291456	0	3043584	6291456	257264	257264	0	1053708	0	
9437184	9437184	1602288	1441296	6291456	0	3043584	6291456	245232	245232	0	1037374	0	
9437184	9437184	1566236	1477348	6291456	0	3043584	6291456	241288	241288	0	1036845	0	
9437184	9437184	1569616	1473968	6291456	0	3043584	6291456	242940	242940	0	1030281	0	
9437184	9437184	1609104	1434480	6291456	0	3043584	6291456	249688	249688	0	1010238	0	
9437184	9437184	1815104	1228480	6291456	0	3043584	6291456	362216	362216	0	1205841	0	
9437184	9437184	1689296	1354288	6291456	0	3043584	6291456	255152	255152	0	996114	0	
9437184	9437184	1593956	1449628	6291456	0	3043584	6291456	246864	246864	0	1079524	0	
9437184	9437184	1673252	1370332	6291456	0	3043584	6291456	261320	261320	0	1077337	0	
9437184	9437184	1742504	1301080	6291456	0	3043584	6291456	269116	269116	0	1090607	0	
9437184	9437184	1772992	1270592	6291456	0	3043584	6291456	274676	274676	0	1229291	0	
9437184	9437184	1765320	1278264	6291456	0	3043584	6291456	272424	272424	0	1186347	0	
9437184	9437184	1636544	1407040	6291456	0	3043584	6291456	250020	250020	0	1137273	0	
9437184	9437184	1555340	1488244	6291456	0	3043584	6291456	241148	241148	0	1167679	0	
9437184	9437184	1661644	1381940	6291456	0	3043584	6291456	260268	260268	0	1226175	0	
9437184	9437184	1635880	1407704	6291456	0	3043584	6291456	246512	246512	0	1172110	0	
9437184	9437184	1660592	1382992	6291456	0	3043584	6291456	261276	261276	0	1229512	0	
9437184	9437184	1773460	1270124	6291456	0	3043584	6291456	275876	275876	0	1031039	0	
9437184	9437184	1764256	1279328	6291456	0	3043584	6291456	271364	271364	0	1314224	0	
9437184	9437184	1772820	1270764	6291456	0	3043584	6291456	275916	275916	0	1192143	0	
9437184	9437184	1767756	1275828	6291456	0	3043584	6291456	270664	270664	0	1168656	0	
9437184	9437184	1743084	1300500	6291456	0	3043584	6291456	269876	269876	0	1236661	0	
9437184	9437184	1740940	1302644	6291456	0	3043584	6291456	267668	267668	0	1147338	0	
9437184	9437184	1772632	1270952	6291456	0	3043584	6291456	275080	275080	0	1207081	0	
9437184	9437184	1673484	1370100	6291456	0	3043584	6291456	251120	251120	0	1140257	0	
9437184	9437184	1581368	1462216	6291456	0	3043584	6291456	243708	243708	0	1015163	0	
9437184	9437184	1565516	1478068	6291456	0	3043584	6291456	241636	241636	0	1120626	0	
9437184	9437184	1570056	1473528	6291456	0	3043584	6291456	242096	242096	0	1079076	0	
9437184	9437184	1702432	1341152	6291456	0	3043584	6291456	269148	269148	0	1036009	0	
9437184	9437184	1672780	1370804	6291456	0	3043584	6291456	242932	242932	0	1059499	0	
9437184	9437184	1579652	1463932	6291456	0	3043584	6291456	239784	239784	0	1035036	0	
9437184	9437184	1580496	1463088	6291456	0	3043584	6291456	242428	242428	0	1071157	0	
9437184	9437184	1580024	1463560	6291456	0	3043584	6291456	241416	241416	0	1061232	0	
9437184	9437184	1671560	1372024	6291456	0	3043584	6291456	262724	262724	0	1034548	0	
9437184	9437184	1636156	1407428	6291456	0	3043584	6291456	247148	247148	0	989822	0	
9437184	9437184	1569448	1474136	6291456	0	3043584	6291456	240788	240788	0	1138573	0	
9437184	9437184	1567092	1476492	6291456	0	3043584	6291456	242404	242404	0	1051108	0	
9437184	9437184	1569752	1473832	6291456	0	3043584	6291456	241468	241468	0	1029827	0	
9437184	9437184	1581424	1462160	6291456	0	3043584	6291456	242444	242444	0	1165119	0	
9437184	9437184	1566236	1477348	6291456	0	3043584	6291456	241900	241900	0	1156091	0	
9437184	9437184	1570196	1473388	6291456	0	3043584	6291456	243536	243536	0	1267215	0	
9437184	9437184	1702224	1341360	6291456	0	3043584	6291456	267712	267712	0	1071617	0	
9437184	9437184	1763824	1279760	6291456	0	3043584	6291456	267220	267220	0	1063024	0	
9437184	9437184	1741340	1302244	6291456	0	3043584	6291456	266412	266412	0	1065286	0	
9437184	9437184	1740412	1303172	6291456	0	3043584	6291456	269044	269044	0	1179983	0	
9437184	9437184	1649336	1394248	6291456	0	3043584	6291456	249852	249852	0	1185693	0	
9437184	9437184	1580672	1462912	6291456	0	3043584	6291456	241516	241516	0	1117116	0	
9437184	9437184	1580648	1462936	6291456	0	3043584	6291456	245156	245156	0	1052983	0	
9437184	9437184	1580568	1463016	6291456	0	3043584	6291456	243212	243212	0	1036411	0	
9437184	9437184	1702628	1340956	6291456	0	3043584	6291456	264200	264200	0	1484956	0	
9437184	9437184	1793796	1249788	6291456	0	3043584	6291456	276728	276728	0	1203105	0	
9437184	9437184	1763604	1279980	6291456	0	3043584	6291456	263872	263872	0	1149220	0	
9437184	9437184	1740064	1303520	6291456	0	3043584	6291456	267548	267548	0	1061285	0	
9437184	9437184	1651624	1391960	6291456	0	3043584	6291456	249324	249324	0	1131620	0	
9437184	9437184	1565640	1477944	6291456	0	3043584	6291456	239756	239756	0	1126738	0	
9437184	9437184	1568480	1475104	6291456	0	3043584	6291456	240940	240940	0	1105936	0	
9437184	9437184	1580468	1463116	6291456	0	3043584	6291456	245232	245232	0	1128145	0	
9437184	9437184	1565212	1478372	6291456	0	3043584	6291456	239408	239408	0	1072094	0	
9437184	9437184	1571788	1471796	6291456	0	3043584	6291456	242564	242564	0	1030760	0	
9437184	9437184	1580828	1462756	6291456	0	3043584	6291456	242676	242676	0	1322288	0	
9437184	9437184	1564616	1478968	6291456	0	3043584	6291456	240252	240252	0	1053792	0	
9437184	9437184	1659304	1384280	6291456	0	3043584	6291456	261356	261356	0	1001583	0	
9437184	9437184	1635020	1408564	6291456	0	3043584	6291456	246288	246288	0	978305	0	
9437184	9437184	1568700	1474884	6291456	0	3043584	6291456	242112	242112	0	1068932	0	
9437184	9437184	1674216	1369368	6291456	0	3043584	6291456	262192	262192	0	1076609	0	
9437184	9437184	1639644	1403940	6291456	0	3043584	6291456	246432	246432	0	1063743	0	
9437184	9437184	1553304	1490280	6291456	0	3043584	6291456	238524	238524	0	1098728	0	
9437184	9437184	1659708	1383876	6291456	0	3043584	6291456	262292	262292	0	1068972	0	
9437184	9437184	1649920	1393664	6291456	0	3043584	6291456	252264	252264	0	1096288	0	
9437184	9437184	1671308	1372276	6291456	0	3043584	6291456	264836	264836	0	1099549	0	
9437184	9437184	1771304	1272280	6291456	0	3043584	6291456	273588	273588	0	1104564	0	
9437184	9437184	1687300	1356284	6291456	0	3043584	6291456	390556	390556	0	1170298	0	
9437184	9437184	1578684	1464900	6291456	0	3043584	6291456	241220	241220	0	1039717	0	
9437184	9437184	1660788	1382796	6291456	0	3043584	6291456	259892	259892	0	1007040	0	
9437184	9437184	1651068	1392516	6291456	0	3043584	6291456	248436	248436	0	1036640	0	
9437184	9437184	1597788	1445796	6291456	0	3043584	6291456	246488	246488	0	1066599	0	
9437184	9437184	1594288	1449296	6291456	0	3043584	6291456	243160	243160	0	1080229	0	
9437184	9437184	1673208	1370376	6291456	0	3043584	6291456	263108	263108	0	1087740	0	
9437184	9437184	1744920	1298664	6291456	0	3043584	6291456	268140	268140	0	1347466	0	
9437184	9437184	1748164	1295420	6291456	0	3043584	6291456	270260	270260	0	1376015	0	
9437184	9437184	1743952	1299632	6291456	0	3043584	6291456	266676	266676	0	1397500	0	
9437184	9437184	1744956	1298628	6291456	0	3043584	6291456	268664	268664	0	1097614	0	
9437184	9437184	1681168	1362416	6291456	0	3043584	6291456	254784	254784	0	1031920	0	
9437184	9437184	1602716	1440868	6291456	0	3043584	6291456	244648	244648	0	1032709	0	
9437184	9437184	1581784	1461800	6291456	0	3043584	6291456	242884	242884	0	1114135	0	
9437184	9437184	1565764	1477820	6291456	0	3043584	6291456	239232	239232	0	1069999	0	
9437184	9437184	1664012	1379572	6291456	0	3043584	6291456	263696	263696	0	1063793	0	
9437184	9437184	1746472	1297112	6291456	0	3043584	6291456	269976	269976	0	1062718	0	
9437184	9437184	1637636	1405948	6291456	0	3043584	6291456	247536	247536	0	1071366	0	
9437184	9437184	1554744	1488840	6291456	0	3043584	6291456	239464	239464	0	1084828	0	
9437184	9437184	1554688	1488896	6291456	0	3043584	6291456	239124	239124	0	1312639	0	
9437184	9437184	1661296	1382288	6291456	0	3043584	6291456	261340	261340	0	1128529	0	
9437184	9437184	1635932	1407652	6291456	0	3043584	6291456	244912	244912	0	1123019	0	
9437184	9437184	1570096	1473488	6291456	0	3043584	6291456	240172	240172	0	1067062	0	
9437184	9437184	1565544	1478040	6291456	0	3043584	6291456	238276	238276	0	1011372	0	
9437184	9437184	1661076	1382508	6291456	0	3043584	6291456	258192	258192	0	1326683	0	
9437184	9437184	1740616	1302968	6291456	0	3043584	6291456	267676	267676	0	1409492	0	
9437184	9437184	1741060	1302524	6291456	0	3043584	6291456	265820	265820	0	1094232	0	
9437184	9437184	1741104	1302480	6291456	0	3043584	6291456	261684	261684	0	1475342	0	
9437184	9437184	1755532	1288052	6291456	0	3043584	6291456	272304	272304	0	1149805	0	
9437184	9437184	1675420	1368164	6291456	0	3043584	6291456	254172	254172	0	1116918	0	
9437184	9437184	1592196	1451388	6291456	0	3043584	6291456	244536	244536	0	1167930	0	
9437184	9437184	1581508	1462076	6291456	0	3043584	6291456	242576	242576	0	1158419	0	
9437184	9437184	1672540	1371044	6291456	0	3043584	6291456	260588	260588	0	1100818	0	
9437184	9437184	1741948	1301636	6291456	0	3043584	6291456	266648	266648	0	1365446	0	
9437184	9437184	1745588	1297996	6291456	0	3043584	6291456	269232	269232	0	1041639	0	
9437184	9437184	1640736	1402848	6291456	0	3043584	6291456	245736	245736	0	1157299	0	
9437184	9437184	1554092	1489492	6291456	0	3043584	6291456	238660	238660	0	1108202	0	
9437184	9437184	1568284	1475300	6291456	0	3043584	6291456	240584	240584	0	1114571	0	
9437184	9437184	1565476	1478108	6291456	0	3043584	6291456	239168	239168	0	1051204	0	
9437184	9437184	1568604	1474980	6291456	0	3043584	6291456	241952	241952	0	1060558	0	
9437184	9437184	1611400	1432184	6291456	0	3043584	6291456	248844	248844	0	1106265	0	
9437184	9437184	1601360	1442224	6291456	0	3043584	6291456	247600	247600	0	1205675	0	
9437184	9437184	1580620	1462964	6291456	0	3043584	6291456	244732	244732	0	1159241	0	
9437184	9437184	1582920	1460664	6291456	0	3043584	6291456	241392	241392	0	1156160	0	
9437184	9437184	1582172	1461412	6291456	0	3043584	6291456	242480	242480	0	1072829	0	
9437184	9437184	1580400	1463184	6291456	0	3043584	6291456	243408	243408	0	1052127	0	
9437184	9437184	1582600	1460984	6291456	0	3043584	6291456	244152	244152	0	1070067	0	
9437184	9437184	1565764	1477820	6291456	0	3043584	6291456	240360	240360	0	1249711	0	
9437184	9437184	1570196	1473388	6291456	0	3043584	6291456	239820	239820	0	1143612	0	
9437184	9437184	1580344	1463240	6291456	0	3043584	6291456	242524	242524	0	1161214	0	
9437184	9437184	1581216	1462368	6291456	0	3043584	6291456	243488	243488	0	1113463	0	
9437184	9437184	1579484	1464100	6291456	0	3043584	6291456	242564	242564	0	1028931	0	
9437184	9437184	1594896	1448688	6291456	0	3043584	6291456	244444	244444	0	1004002	0	
9437184	9437184	1620480	1423104	6291456	0	3043584	6291456	249532	249532	0	1013200	0	
9437184	9437184	1602912	1440672	6291456	0	3043584	6291456	244812	244812	0	1026219	0	
9437184	9437184	1579416	1464168	6291456	0	3043584	6291456	241120	241120	0	1041003	0	
9437184	9437184	1582060	1461524	6291456	0	3043584	6291456	240384	240384	0	1079779	0	
9437184	9437184	1579304	1464280	6291456	0	3043584	6291456	239400	239400	0	1105998	0	
9437184	9437184	1563672	1479912	6291456	0	3043584	6291456	237744	237744	0	1048667	0	
9437184	9437184	1569268	1474316	6291456	0	3043584	6291456	241376	241376	0	1048202	0	
9437184	9437184	1564588	1478996	6291456	0	3043584	6291456	239552	239552	0	1220589	0	
9437184	9437184	1659636	1383948	6291456	0	3043584	6291456	260576	260576	0	1427964	0	
9437184	9437184	1743896	1299688	6291456	0	3043584	6291456	265984	265984	0	1406003	0	
9437184	9437184	1743748	1299836	6291456	0	3043584	6291456	267416	267416	0	1446713	0	
9437184	9437184	1739952	1303632	6291456	0	3043584	6291456	266676	266676	0	1177566	0	
9437184	9437184	1635848	1407736	6291456	0	3043584	6291456	244664	244664	0	1124418	0	
9437184	9437184	1662860	1380724	6291456	0	3043584	6291456	260792	260792	0	1361778	0	
9437184	9437184	1742196	1301388	6291456	0	3043584	6291456	261476	261476	0	1409767	0	
9437184	9437184	1739204	1304380	6291456	0	3043584	6291456	266728	266728	0	1011863	0	
9437184	9437184	1636168	1407416	6291456	0	3043584	6291456	243380	243380	0	1058918	0	
9437184	9437184	1568420	1475164	6291456	0	3043584	6291456	239976	239976	0	1215322	0	
9437184	9437184	1699536	1344048	6291456	0	3043584	6291456	266752	266752	0	1120252	0	
9437184	9437184	1762936	1280648	6291456	0	3043584	6291456	267136	267136	0	1396977	0	
9437184	9437184	1738856	1304728	6291456	0	3043584	6291456	261216	261216	0	1196572	0	
9437184	9437184	1631280	1412304	6291456	0	3043584	6291456	243212	243212	0	1187497	0	
9437184	9437184	1568396	1475188	6291456	0	3043584	6291456	241208	241208	0	1083667	0	
9437184	9437184	1578460	1465124	6291456	0	3043584	6291456	241404	241404	0	1174977	0	
9437184	9437184	1562896	1480688	6291456	0	3043584	6291456	239172	239172	0	1144548	0	
9437184	9437184	1552224	1491360	6291456	0	3043584	6291456	238528	238528	0	1123341	0	
9437184	9437184	1568852	1474732	6291456	0	3043584	6291456	242592	242592	0	1104173	0	
9437184	9437184	1563632	1479952	6291456	0	3043584	6291456	240792	240792	0	1017812	0	
9437184	9437184	1568024	1475560	6291456	0	3043584	6291456	240096	240096	0	1085969	0	
9437184	9437184	1563936	1479648	6291456	0	3043584	6291456	238168	238168	0	1050271	0	
9437184	9437184	1567260	1476324	6291456	0	3043584	6291456	238416	238416	0	1047759	0	
9437184	9437184	1699368	1344216	6291456	0	3043584	6291456	261636	261636	0	1080422	0	
9437184	9437184	1791924	1251660	6291456	0	3043584	6291456	274612	274612	0	1462199	0	
9437184	9437184	1791624	1251960	6291456	0	3043584	6291456	274064	274064	0	1112751	0	
9437184	9437184	1791748	1251836	6291456	0	3043584	6291456	274292	274292	0	1214909	0	
9437184	9437184	1761480	1282104	6291456	0	3043584	6291456	268144	268144	0	1035706	0	
9437184	9437184	1633784	1409800	6291456	0	3043584	6291456	242840	242840	0	1037290	0	
9437184	9437184	1567676	1475908	6291456	0	3043584	6291456	242940	242940	0	1118105	0	
9437184	9437184	1563104	1480480	6291456	0	3043584	6291456	237372	237372	0	1173118	0	
9437184	9437184	1552584	1491000	6291456	0	3043584	6291456	239720	239720	0	1189677	0	
9437184	9437184	1551156	1492428	6291456	0	3043584	6291456	238508	238508	0	1103745	0	
9437184	9437184	1565332	1478252	6291456	0	3043584	6291456	239440	239440	0	1064536	0	
9437184	9437184	1563036	1480548	6291456	0	3043584	6291456	239860	239860	0	1048493	0	
9437184	9437184	1566828	1476756	6291456	0	3043584	6291456	241436	241436	0	1131035	0	
9437184	9437184	1562220	1481364	6291456	0	3043584	6291456	238612	238612	0	1055667	0	
9437184	9437184	1567176	1476408	6291456	0	3043584	6291456	242020	242020	0	1033555	0	
9437184	9437184	1607632	1435952	6291456	0	3043584	6291456	452576	452576	0	1166198	0	
9437184	9437184	1698536	1345048	6291456	0	3043584	6291456	264604	264604	0	1092529	0	
9437184	9437184	1653044	1390540	6291456	0	3043584	6291456	250508	250508	0	1008826	0	
9437184	9437184	1567012	1476572	6291456	0	3043584	6291456	238644	238644	0	1086273	0	
9437184	9437184	1664424	1379160	6291456	0	3043584	6291456	261076	261076	0	1087334	0	
9437184	9437184	1639740	1403844	6291456	0	3043584	6291456	245912	245912	0	1078097	0	
9437184	9437184	1664480	1379104	6291456	0	3043584	6291456	260032	260032	0	1397400	0	
9437184	9437184	1746884	1296700	6291456	0	3043584	6291456	268284	268284	0	1075069	0	
9437184	9437184	1652628	1390956	6291456	0	3043584	6291456	247324	247324	0	1025772	0	
9437184	9437184	1703036	1340548	6291456	0	3043584	6291456	267504	267504	0	1054094	0	
9437184	9437184	1793600	1249984	6291456	0	3043584	6291456	274816	274816	0	1168336	0	
9437184	9437184	1792924	1250660	6291456	0	3043584	6291456	276124	276124	0	1092195	0	
9437184	9437184	1701916	1341668	6291456	0	3043584	6291456	255040	255040	0	1067673	0	
9437184	9437184	1602716	1440868	6291456	0	3043584	6291456	242760	242760	0	1142573	0	
9437184	9437184	1565460	1478124	6291456	0	3043584	6291456	238432	238432	0	1164022	0	
9437184	9437184	1552568	1491016	6291456	0	3043584	6291456	237496	237496	0	1159949	0	
9437184	9437184	1583792	1459792	6291456	0	3043584	6291456	245384	245384	0	1211503	0	
9437184	9437184	1577128	1466456	6291456	0	3043584	6291456	238716	238716	0	1085737	0	
9437184	9437184	1553248	1490336	6291456	0	3043584	6291456	238972	238972	0	1030909	0	
9437184	9437184	1573240	1470344	6291456	0	3043584	6291456	238536	238536	0	1101898	0	
9437184	9437184	1671608	1371976	6291456	0	3043584	6291456	261000	261000	0	1074282	0	
9437184	9437184	1743948	1299636	6291456	0	3043584	6291456	265996	265996	0	1062365	0	
9437184	9437184	1638176	1405408	6291456	0	3043584	6291456	243464	243464	0	1039638	0	
9437184	9437184	1583112	1460472	6291456	0	3043584	6291456	243492	243492	0	1096842	0	
9437184	9437184	1576452	1467132	6291456	0	3043584	6291456	240868	240868	0	1199872	0	
9437184	9437184	1553096	1490488	6291456	0	3043584	6291456	236096	236096	0	1167914	0	
9437184	9437184	1554880	1488704	6291456	0	3043584	6291456	236476	236476	0	1079855	0	
9437184	9437184	1554048	1489536	6291456	0	3043584	6291456	236416	236416	0	1006098	0	
9437184	9437184	1569376	1474208	6291456	0	3043584	6291456	239276	239276	0	1089402	0	
9437184	9437184	1564920	1478664	6291456	0	3043584	6291456	238296	238296	0	1096825	0	
9437184	9437184	1554476	1489108	6291456	0	3043584	6291456	237584	237584	0	1077271	0	
9437184	9437184	1570040	1473544	6291456	0	3043584	6291456	238476	238476	0	1035952	0	
9437184	9437184	1580328	1463256	6291456	0	3043584	6291456	240348	240348	0	1054131	0	
9437184	9437184	1564420	1479164	6291456	0	3043584	6291456	237220	237220	0	1069103	0	
9437184	9437184	1663484	1380100	6291456	0	3043584	6291456	259200	259200	0	1378208	0	
9437184	9437184	1747012	1296572	6291456	0	3043584	6291456	265736	265736	0	1127187	0	
9437184	9437184	1743160	1300424	6291456	0	3043584	6291456	266776	266776	0	1132391	0	
9437184	9437184	1770168	1273416	6291456	0	3043584	6291456	272052	272052	0	1233687	0	
9437184	9437184	1763280	1280304	6291456	0	3043584	6291456	266104	266104	0	1172906	0	
9437184	9437184	1633424	1410160	6291456	0	3043584	6291456	244116	244116	0	1001675	0	
9437184	9437184	1663080	1380504	6291456	0	3043584	6291456	259192	259192	0	1002509	0	
9437184	9437184	1634444	1409140	6291456	0	3043584	6291456	244016	244016	0	1046291	0	
9437184	9437184	1553192	1490392	6291456	0	3043584	6291456	237092	237092	0	1161322	0	
9437184	9437184	1553260	1490324	6291456	0	3043584	6291456	238784	238784	0	1171652	0	
9437184	9437184	1660156	1383428	6291456	0	3043584	6291456	259740	259740	0	1159049	0	
9437184	9437184	1743520	1300064	6291456	0	3043584	6291456	266908	266908	0	1133790	0	
9437184	9437184	1741688	1301896	6291456	0	3043584	6291456	265916	265916	0	1110583	0	
9437184	9437184	1769620	1273964	6291456	0	3043584	6291456	272496	272496	0	1207180	0	
9437184	9437184	1671388	1372196	6291456	0	3043584	6291456	246988	246988	0	1089357	0	
9437184	9437184	1729948	1313636	6291456	0	3043584	6291456	270368	270368	0	1101879	0	
9437184	9437184	1693372	1350212	6291456	0	3043584	6291456	245972	245972	0	1171308	0	
9437184	9437184	1582736	1460848	6291456	0	3043584	6291456	239232	239232	0	1023693	0	
9437184	9437184	1674404	1369180	6291456	0	3043584	6291456	261296	261296	0	1098746	0	
9437184	9437184	1747092	1296492	6291456	0	3043584	6291456	265532	265532	0	1042968	0	
9437184	9437184	1652404	1391180	6291456	0	3043584	6291456	245596	245596	0	1026167	0	
9437184	9437184	1578708	1464876	6291456	0	3043584	6291456	238728	238728	0	1021398	0	
9437184	9437184	1579288	1464296	6291456	0	3043584	6291456	240432	240432	0	1018042	0	
9437184	9437184	1578556	1465028	6291456	0	3043584	6291456	240976	240976	0	1125422	0	
9437184	9437184	1564172	1479412	6291456	0	3043584	6291456	236688	236688	0	1132496	0	
9437184	9437184	1657736	1385848	6291456	0	3043584	6291456	259248	259248	0	1276398	0	
9437184	9437184	1646244	1397340	6291456	0	3043584	6291456	246028	246028	0	1036767	0	
9437184	9437184	1564712	1478872	6291456	0	3043584	6291456	236756	236756	0	1030914	0	
9437184	9437184	1552140	1491444	6291456	0	3043584	6291456	235636	235636	0	1018001	0	
9437184	9437184	1565708	1477876	6291456	0	3043584	6291456	239808	239808	0	1113519	0	
9437184	9437184	1562676	1480908	6291456	0	3043584	6291456	236508	236508	0	1031322	0	
9437184	9437184	1658468	1385116	6291456	0	3043584	6291456	258128	258128	0	1069414	0	
9437184	9437184	1741912	1301672	6291456	0	3043584	6291456	266084	266084	0	1074647	0	
9437184	9437184	1634320	1409264	6291456	0	3043584	6291456	245732	245732	0	1055452	0	
9437184	9437184	1551060	1492524	6291456	0	3043584	6291456	233836	233836	0	1069467	0	
9437184	9437184	1551336	1492248	6291456	0	3043584	6291456	235956	235956	0	1178730	0	
9437184	9437184	1566608	1476976	6291456	0	3043584	6291456	237528	237528	0	1041287	0	
9437184	9437184	1577876	1465708	6291456	0	3043584	6291456	240660	240660	0	1049093	0	
9437184	9437184	1562120	1481464	6291456	0	3043584	6291456	236596	236596	0	1059458	0	
9437184	9437184	1551572	1492012	6291456	0	3043584	6291456	233884	233884	0	1142209	0	
9437184	9437184	1551348	1492236	6291456	0	3043584	6291456	234688	234688	0	1180018	0	
9437184	9437184	1550936	1492648	6291456	0	3043584	6291456	233252	233252	0	1141999	0	
9437184	9437184	1551404	1492180	6291456	0	3043584	6291456	234752	234752	0	1169573	0	
9437184	9437184	1551116	1492468	6291456	0	3043584	6291456	235524	235524	0	1032867	0	
9437184	9437184	1568060	1475524	6291456	0	3043584	6291456	237616	237616	0	1073342	0	
9437184	9437184	1668824	1374760	6291456	0	3043584	6291456	254980	254980	0	1424542	0	
9437184	9437184	1737424	1306160	6291456	0	3043584	6291456	265656	265656	0	1030537	0	
9437184	9437184	1630916	1412668	6291456	0	3043584	6291456	241324	241324	0	1037630	0	
9437184	9437184	1551780	1491804	6291456	0	3043584	6291456	235180	235180	0	1087797	0	
9437184	9437184	1551820	1491764	6291456	0	3043584	6291456	235988	235988	0	1052135	0	
9437184	9437184	1551476	1492108	6291456	0	3043584	6291456	234032	234032	0	1062845	0	
9437184	9437184	1571312	1472272	6291456	0	3043584	6291456	238652	238652	0	1072115	0	
9437184	9437184	1562412	1481172	6291456	0	3043584	6291456	235592	235592	0	1146875	0	
9437184	9437184	1656944	1386640	6291456	0	3043584	6291456	257852	257852	0	1184771	0	
9437184	9437184	1741480	1302104	6291456	0	3043584	6291456	264460	264460	0	1151177	0	
9437184	9437184	1648512	1395072	6291456	0	3043584	6291456	243672	243672	0	1130358	0	
9437184	9437184	1561208	1482376	6291456	0	3043584	6291456	236268	236268	0	1079961	0	
9437184	9437184	1657792	1385792	6291456	0	3043584	6291456	255436	255436	0	1047433	0	
9437184	9437184	1633048	1410536	6291456	0	3043584	6291456	242868	242868	0	1141480	0	
9437184	9437184	1550852	1492732	6291456	0	3043584	6291456	233932	233932	0	1136843	0	
9437184	9437184	1564640	1478944	6291456	0	3043584	6291456	237468	237468	0	1164926	0	
9437184	9437184	1562096	1481488	6291456	0	3043584	6291456	236268	236268	0	1097693	0	
9437184	9437184	1565776	1477808	6291456	0	3043584	6291456	237092	237092	0	1043772	0	
9437184	9437184	1562232	1481352	6291456	0	3043584	6291456	237016	237016	0	1077373	0	
9437184	9437184	1567300	1476284	6291456	0	3043584	6291456	238240	238240	0	1073397	0	
9437184	9437184	1592288	1451296	6291456	0	3043584	6291456	242412	242412	0	998658	0	
9437184	9437184	1572684	1470900	6291456	0	3043584	6291456	237108	237108	0	1030526	0	
9437184	9437184	1549812	1493772	6291456	0	3043584	6291456	233812	233812	0	1035432	0	
9437184	9437184	1656932	1386652	6291456	0	3043584	6291456	259048	259048	0	1401665	0	
9437184	9437184	1738828	1304756	6291456	0	3043584	6291456	262308	262308	0	1053996	0	
9437184	9437184	1766056	1277528	6291456	0	3043584	6291456	269800	269800	0	1417168	0	
9437184	9437184	1789268	1254316	6291456	0	3043584	6291456	267576	267576	0	1278388	0	
9437184	9437184	1668184	1375400	6291456	0	3043584	6291456	249480	249480	0	1146077	0	
9437184	9437184	1563064	1480520	6291456	0	3043584	6291456	236448	236448	0	1112850	0	
9437184	9437184	1564572	1479012	6291456	0	3043584	6291456	238496	238496	0	1124944	0	
9437184	9437184	1579260	1464324	6291456	0	3043584	6291456	239848	239848	0	1055716	0	
9437184	9437184	1562440	1481144	6291456	0	3043584	6291456	236736	236736	0	1051880	0	
9437184	9437184	1565372	1478212	6291456	0	3043584	6291456	236684	236684	0	1053438	0	
9437184	9437184	1576784	1466800	6291456	0	3043584	6291456	237720	237720	0	1053846	0	
9437184	9437184	1576964	1466620	6291456	0	3043584	6291456	238584	238584	0	1107484	0	
9437184	9437184	1577004	1466580	6291456	0	3043584	6291456	238568	238568	0	1143288	0	
9437184	9437184	1578640	1464944	6291456	0	3043584	6291456	237236	237236	0	1143091	0	
9437184	9437184	1577060	1466524	6291456	0	3043584	6291456	239052	239052	0	1166890	0	
9437184	9437184	1562176	1481408	6291456	0	3043584	6291456	234908	234908	0	1151605	0	
9437184	9437184	1566676	1476908	6291456	0	3043584	6291456	238120	238120	0	1059390	0	
9437184	9437184	1592452	1451132	6291456	0	3043584	6291456	242804	242804	0	1030874	0	
9437184	9437184	1587264	1456320	6291456	0	3043584	6291456	236848	236848	0	969750	0	
9437184	9437184	1667164	1376420	6291456	0	3043584	6291456	255404	255404	0	1136444	0	
9437184	9437184	1632908	1410676	6291456	0	3043584	6291456	241688	241688	0	1086860	0	
9437184	9437184	1565332	1478252	6291456	0	3043584	6291456	239156	239156	0	1056858	0	
9437184	9437184	1577560	1466024	6291456	0	3043584	6291456	239684	239684	0	1025107	0	
9437184	9437184	1666176	1377408	6291456	0	3043584	6291456	255068	255068	0	1055731	0	
9437184	9437184	1631732	1411852	6291456	0	3043584	6291456	240372	240372	0	1058856	0	
9437184	9437184	1656392	1387192	6291456	0	3043584	6291456	256736	256736	0	1487157	0	
9437184	9437184	1739820	1303764	6291456	0	3043584	6291456	266396	266396	0	1170907	0	
9437184	9437184	1744780	1298804	6291456	0	3043584	6291456	265556	265556	0	1156578	0	
9437184	9437184	1633960	1409624	6291456	0	3043584	6291456	241388	241388	0	1043802	0	
9437184	9437184	1595804	1447780	6291456	0	3043584	6291456	245688	245688	0	1064807	0	
9437184	9437184	1599388	1444196	6291456	0	3043584	6291456	242200	242200	0	1026017	0	
9437184	9437184	1606676	1436908	6291456	0	3043584	6291456	246480	246480	0	1012356	0	
9437184	9437184	1613744	1429840	6291456	0	3043584	6291456	242104	242104	0	1366291	0	
9437184	9437184	1723616	1319968	6291456	0	3043584	6291456	268596	268596	0	1194703	0	
9437184	9437184	1774236	1269348	6291456	0	3043584	6291456	267008	267008	0	1094890	0	
9437184	9437184	1633432	1410152	6291456	0	3043584	6291456	239364	239364	0	1022721	0	
9437184	9437184	1563172	1480412	6291456	0	3043584	6291456	237676	237676	0	1041079	0	
9437184	9437184	1576048	1467536	6291456	0	3043584	6291456	238344	238344	0	1167841	0	
9437184	9437184	1575148	1468436	6291456	0	3043584	6291456	240000	240000	0	1115991	0	
9437184	9437184	1592772	1450812	6291456	0	3043584	6291456	240724	240724	0	1146617	0	
9437184	9437184	1679652	1363932	6291456	0	3043584	6291456	257940	257940	0	1200952	0	
9437184	9437184	1630472	1413112	6291456	0	3043584	6291456	239800	239800	0	1028887	0	
9437184	9437184	1565028	1478556	6291456	0	3043584	6291456	235176	235176	0	1063718	0	
9437184	9437184	1577016	1466568	6291456	0	3043584	6291456	236248	236248	0	1014785	0	
9437184	9437184	1576436	1467148	6291456	0	3043584	6291456	236396	236396	0	1048403	0	
9437184	9437184	1666816	1376768	6291456	0	3043584	6291456	249252	249252	0	1111186	0	
9437184	9437184	1659920	1383664	6291456	0	3043584	6291456	248728	248728	0	1047393	0	
9437184	9437184	1682540	1361044	6291456	0	3043584	6291456	564460	564460	0	1517606	0	
9437184	9437184	1742844	1300740	6291456	0	3043584	6291456	263212	263212	0	1094838	0	
9437184	9437184	1741340	1302244	6291456	0	3043584	6291456	264520	264520	0	1060186	0	
9437184	9437184	1647960	1395624	6291456	0	3043584	6291456	243684	243684	0	1047479	0	
9437184	9437184	1671284	1372300	6291456	0	3043584	6291456	257640	257640	0	1063492	0	
9437184	9437184	1633252	1410332	6291456	0	3043584	6291456	240708	240708	0	1023465	0	
9437184	9437184	1554632	1488952	6291456	0	3043584	6291456	234292	234292	0	1043695	0	
9437184	9437184	1568876	1474708	6291456	0	3043584	6291456	237548	237548	0	1059654	0	
9437184	9437184	1609760	1433824	6291456	0	3043584	6291456	242744	242744	0	1015938	0	
9437184	9437184	1723564	1320020	6291456	0	3043584	6291456	263860	263860	0	1126666	0	
9437184	9437184	1763312	1280272	6291456	0	3043584	6291456	262116	262116	0	1074237	0	
9437184	9437184	1633572	1410012	6291456	0	3043584	6291456	239404	239404	0	1088672	0	
9437184	9437184	1664460	1379124	6291456	0	3043584	6291456	258428	258428	0	1401940	0	
9437184	9437184	1747332	1296252	6291456	0	3043584	6291456	264328	264328	0	1404694	0	
9437184	9437184	1747208	1296376	6291456	0	3043584	6291456	263972	263972	0	1161914	0	
9437184	9437184	1636772	1406812	6291456	0	3043584	6291456	241676	241676	0	1142179	0	
9437184	9437184	1663584	1380000	6291456	0	3043584	6291456	257688	257688	0	1380751	0	
9437184	9437184	1774360	1269224	6291456	0	3043584	6291456	268016	268016	0	1177380	0	
9437184	9437184	1685488	1358096	6291456	0	3043584	6291456	250632	250632	0	1062396	0	
9437184	9437184	1591024	1452560	6291456	0	3043584	6291456	239048	239048	0	1050254	0	
9437184	9437184	1580464	1463120	6291456	0	3043584	6291456	236988	236988	0	1040181	0	
9437184	9437184	1612088	1431496	6291456	0	3043584	6291456	241016	241016	0	1060766	0	
9437184	9437184	1601672	1441912	6291456	0	3043584	6291456	239644	239644	0	1069371	0	
9437184	9437184	1676144	1367440	6291456	0	3043584	6291456	260272	260272	0	1046555	0	
9437184	9437184	1772876	1270708	6291456	0	3043584	6291456	270072	270072	0	1114430	0	
9437184	9437184	1656472	1387112	6291456	0	3043584	6291456	241248	241248	0	1072215	0	
9437184	9437184	1553344	1490240	6291456	0	3043584	6291456	232524	232524	0	1077279	0	
9437184	9437184	1553136	1490448	6291456	0	3043584	6291456	232804	232804	0	1079841	0	
9437184	9437184	1658780	1384804	6291456	0	3043584	6291456	254048	254048	0	1114978	0	
9437184	9437184	1744256	1299328	6291456	0	3043584	6291456	264572	264572	0	1102301	0	
9437184	9437184	1638652	1404932	6291456	0	3043584	6291456	239620	239620	0	1064131	0	
9437184	9437184	1553204	1490380	6291456	0	3043584	6291456	232536	232536	0	1052333	0	
9437184	9437184	1552276	1491308	6291456	0	3043584	6291456	230908	230908	0	1127081	0	
9437184	9437184	1658404	1385180	6291456	0	3043584	6291456	254588	254588	0	1061420	0	
9437184	9437184	1744884	1298700	6291456	0	3043584	6291456	263208	263208	0	1071291	0	
9437184	9437184	1635936	1407648	6291456	0	3043584	6291456	239032	239032	0	1029510	0	
9437184	9437184	1552456	1491128	6291456	0	3043584	6291456	235616	235616	0	1084290	0	
9437184	9437184	1567092	1476492	6291456	0	3043584	6291456	235620	235620	0	1022045	0	
9437184	9437184	1580536	1463048	6291456	0	3043584	6291456	238112	238112	0	1056520	0	
9437184	9437184	1561624	1481960	6291456	0	3043584	6291456	233028	233028	0	1076134	0	
9437184	9437184	1552456	1491128	6291456	0	3043584	6291456	232220	232220	0	1069331	0	
9437184	9437184	1662908	1380676	6291456	0	3043584	6291456	259216	259216	0	1420236	0	
9437184	9437184	1745308	1298276	6291456	0	3043584	6291456	263188	263188	0	1143578	0	
9437184	9437184	1651500	1392084	6291456	0	3043584	6291456	242872	242872	0	1364404	0	
9437184	9437184	1670116	1373468	6291456	0	3043584	6291456	255908	255908	0	1083921	0	
9437184	9437184	1632008	1411576	6291456	0	3043584	6291456	241396	241396	0	1081622	0	
9437184	9437184	1552680	1490904	6291456	0	3043584	6291456	235700	235700	0	1224716	0	
9437184	9437184	1552984	1490600	6291456	0	3043584	6291456	238844	238844	0	1241979	0	
9437184	9437184	1552580	1491004	6291456	0	3043584	6291456	233792	233792	0	1181126	0	
9437184	9437184	1567116	1476468	6291456	0	3043584	6291456	238732	238732	0	1104458	0	
9437184	9437184	1581904	1461680	6291456	0	3043584	6291456	235900	235900	0	1069838	0	
9437184	9437184	1565248	1478336	6291456	0	3043584	6291456	234704	234704	0	1088627	0	
9437184	9437184	1688788	1354796	6291456	0	3043584	6291456	264256	264256	0	1056078	0	
9437184	9437184	1656816	1386768	6291456	0	3043584	6291456	243224	243224	0	1075039	0	
9437184	9437184	1552584	1491000	6291456	0	3043584	6291456	234216	234216	0	1044944	0	
9437184	9437184	1551444	1492140	6291456	0	3043584	6291456	235196	235196	0	1068169	0	
9437184	9437184	1585532	1458052	6291456	0	3043584	6291456	240964	240964	0	1127451	0	
9437184	9437184	1591872	1451712	6291456	0	3043584	6291456	239820	239820	0	1093878	0	
9437184	9437184	1564556	1479028	6291456	0	3043584	6291456	235468	235468	0	1172131	0	
9437184	9437184	1552388	1491196	6291456	0	3043584	6291456	233524	233524	0	1134737	0	
9437184	9437184	1551600	1491984	6291456	0	3043584	6291456	234400	234400	0	1036790	0	
9437184	9437184	1566412	1477172	6291456	0	3043584	6291456	235488	235488	0	1028236	0	
9437184	9437184	1578568	1465016	6291456	0	3043584	6291456	238684	238684	0	1024244	0	
9437184	9437184	1581588	1461996	6291456	0	3043584	6291456	237120	237120	0	1006493	0	
9437184	9437184	1578524	1465060	6291456	0	3043584	6291456	238152	238152	0	975701	0	
9437184	9437184	1580268	1463316	6291456	0	3043584	6291456	236548	236548	0	1029294	0	
9437184	9437184	1563672	1479912	6291456	0	3043584	6291456	235420	235420	0	1084031	0	
9437184	9437184	1551752	1491832	6291456	0	3043584	6291456	232328	232328	0	1042731	0	
9437184	9437184	1597296	1446288	6291456	0	3043584	6291456	242572	242572	0	1196951	0	
9437184	9437184	1585544	1458040	6291456	0	3043584	6291456	236016	236016	0	1082961	0	
9437184	9437184	1550520	1493064	6291456	0	3043584	6291456	232560	232560	0	1043418	0	
9437184	9437184	1566632	1476952	6291456	0	3043584	6291456	236752	236752	0	1044538	0	
9437184	9437184	1562840	1480744	6291456	0	3043584	6291456	233828	233828	0	1258236	0	
9437184	9437184	1565940	1477644	6291456	0	3043584	6291456	236468	236468	0	1087788	0	
9437184	9437184	1577348	1466236	6291456	0	3043584	6291456	237016	237016	0	1150996	0	
9437184	9437184	1576904	1466680	6291456	0	3043584	6291456	235552	235552	0	1054598	0	
9437184	9437184	1578164	1465420	6291456	0	3043584	6291456	236156	236156	0	1074126	0	
9437184	9437184	1562204	1481380	6291456	0	3043584	6291456	234096	234096	0	1158232	0	
9437184	9437184	1661692	1381892	6291456	0	3043584	6291456	257260	257260	0	1342280	0	
9437184	9437184	1746928	1296656	6291456	0	3043584	6291456	263300	263300	0	1319096	0	
9437184	9437184	1770588	1272996	6291456	0	3043584	6291456	265780	265780	0	1110970	0	
9437184	9437184	1764856	1278728	6291456	0	3043584	6291456	266568	266568	0	1380948	0	
9437184	9437184	1745804	1297780	6291456	0	3043584	6291456	262148	262148	0	1343055	0	
9437184	9437184	1740756	1302828	6291456	0	3043584	6291456	261688	261688	0	1210439	0	
9437184	9437184	1661996	1381588	6291456	0	3043584	6291456	247104	247104	0	1098450	0	
9437184	9437184	1711320	1332264	6291456	0	3043584	6291456	264548	264548	0	1119268	0	
9437184	9437184	1684448	1359136	6291456	0	3043584	6291456	246632	246632	0	1095675	0	
9437184	9437184	1588908	1454676	6291456	0	3043584	6291456	238492	238492	0	1181136	0	
9437184	9437184	1672640	1370944	6291456	0	3043584	6291456	258144	258144	0	1387521	0	
9437184	9437184	1770972	1272612	6291456	0	3043584	6291456	268620	268620	0	1159980	0	
9437184	9437184	1760548	1283036	6291456	0	3043584	6291456	262164	262164	0	1419698	0	
9437184	9437184	1741224	1302360	6291456	0	3043584	6291456	261928	261928	0	1439780	0	
9437184	9437184	1746640	1296944	6291456	0	3043584	6291456	261884	261884	0	1193977	0	
9437184	9437184	1634192	1409392	6291456	0	3043584	6291456	239280	239280	0	1186656	0	
9437184	9437184	1565540	1478044	6291456	0	3043584	6291456	235352	235352	0	1053999	0	
9437184	9437184	1563256	1480328	6291456	0	3043584	6291456	234396	234396	0	1030676	0	
9437184	9437184	1567812	1475772	6291456	0	3043584	6291456	235672	235672	0	993406	0	
9437184	9437184	1607972	1435612	6291456	0	3043584	6291456	241496	241496	0	1119974	0	
9437184	9437184	1599720	1443864	6291456	0	3043584	6291456	237040	237040	0	1138961	0	
9437184	9437184	1668348	1375236	6291456	0	3043584	6291456	255908	255908	0	1097996	0	
9437184	9437184	1630152	1413432	6291456	0	3043584	6291456	239960	239960	0	1043576	0	
9437184	9437184	1566272	1477312	6291456	0	3043584	6291456	235832	235832	0	1027316	0	
9437184	9437184	1577988	1465596	6291456	0	3043584	6291456	235876	235876	0	1100376	0	
9437184	9437184	1606480	1437104	6291456	0	3043584	6291456	241580	241580	0	1084771	0	
9437184	9437184	1599704	1443880	6291456	0	3043584	6291456	237204	237204	0	1139194	0	
9437184	9437184	1714300	1329284	6291456	0	3043584	6291456	264864	264864	0	1074746	0	
9437184	9437184	1802100	1241484	6291456	0	3043584	6291456	270292	270292	0	1426662	0	
9437184	9437184	1759220	1284364	6291456	0	3043584	6291456	262140	262140	0	1119816	0	
9437184	9437184	1628704	1414880	6291456	0	3043584	6291456	236548	236548	0	1073158	0	
9437184	9437184	1550476	1493108	6291456	0	3043584	6291456	232336	232336	0	1179455	0	
9437184	9437184	1661024	1382560	6291456	0	3043584	6291456	256916	256916	0	1075373	0	
9437184	9437184	1745168	1298416	6291456	0	3043584	6291456	262568	262568	0	1196731	0	
9437184	9437184	1663280	1380304	6291456	0	3043584	6291456	244836	244836	0	1374429	0	
9437184	9437184	1679244	1364340	6291456	0	3043584	6291456	256524	256524	0	1451825	0	
9437184	9437184	1741620	1301964	6291456	0	3043584	6291456	263488	263488	0	1192855	0	
9437184	9437184	1678920	1364664	6291456	0	3043584	6291456	247976	247976	0	1074608	0	
9437184	9437184	1719512	1324072	6291456	0	3043584	6291456	263332	263332	0	1107519	0	
9437184	9437184	1763768	1279816	6291456	0	3043584	6291456	262628	262628	0	1028450	0	
9437184	9437184	1648080	1395504	6291456	0	3043584	6291456	240960	240960	0	1008515	0	
9437184	9437184	1698608	1344976	6291456	0	3043584	6291456	263724	263724	0	1089275	0	
9437184	9437184	1668904	1374680	6291456	0	3043584	6291456	243180	243180	0	1019847	0	
9437184	9437184	1607444	1436140	6291456	0	3043584	6291456	242396	242396	0	1005123	0	
9437184	9437184	1597904	1445680	6291456	0	3043584	6291456	237860	237860	0	1025377	0	
9437184	9437184	1575188	1468396	6291456	0	3043584	6291456	235384	235384	0	1052194	0	
9437184	9437184	1737392	1306192	6291456	0	3043584	6291456	270224	270224	0	1402310	0	
9437184	9437184	1794500	1249084	6291456	0	3043584	6291456	264760	264760	0	1587505	0	
9437184	9437184	1738852	1304732	6291456	0	3043584	6291456	257496	257496	0	1078676	0	
9437184	9437184	1740180	1303404	6291456	0	3043584	6291456	262128	262128	0	1126654	0	
9437184	9437184	1740132	1303452	6291456	0	3043584	6291456	261440	261440	0	1039704	0	
9437184	9437184	1660108	1383476	6291456	0	3043584	6291456	246152	246152	0	1030267	0	
9437184	9437184	1708948	1334636	6291456	0	3043584	6291456	263568	263568	0	1353670	0	
9437184	9437184	1761880	1281704	6291456	0	3043584	6291456	262816	262816	0	1370883	0	
9437184	9437184	1744588	1298996	6291456	0	3043584	6291456	262152	262152	0	1379523	0	
9437184	9437184	1743716	1299868	6291456	0	3043584	6291456	261008	261008	0	1111940	0	
9437184	9437184	1662348	1381236	6291456	0	3043584	6291456	244252	244252	0	1453884	0	
9437184	9437184	1681996	1361588	6291456	0	3043584	6291456	257276	257276	0	1597646	0	
9437184	9437184	1744740	1298844	6291456	0	3043584	6291456	261300	261300	0	1397259	0	
9437184	9437184	1738636	1304948	6291456	0	3043584	6291456	260472	260472	0	1097803	0	
9437184	9437184	1765476	1278108	6291456	0	3043584	6291456	267296	267296	0	1102049	0	
9437184	9437184	1788784	1254800	6291456	0	3043584	6291456	268888	268888	0	1204328	0	
9437184	9437184	1763136	1280448	6291456	0	3043584	6291456	263032	263032	0	1101263	0	
9437184	9437184	1769820	1273764	6291456	0	3043584	6291456	267364	267364	0	1057854	0	
9437184	9437184	1787232	1256352	6291456	0	3043584	6291456	266692	266692	0	1115185	0	
9437184	9437184	1756656	1286928	6291456	0	3043584	6291456	261872	261872	0	1043954	0	
9437184	9437184	1673728	1369856	6291456	0	3043584	6291456	249272	249272	0	999921	0	
9437184	9437184	1597948	1445636	6291456	0	3043584	6291456	236412	236412	0	1054246	0	
9437184	9437184	1576240	1467344	6291456	0	3043584	6291456	236224	236224	0	1066113	0	
9437184	9437184	1605548	1438036	6291456	0	3043584	6291456	241624	241624	0	1117446	0	
9437184	9437184	1612204	1431380	6291456	0	3043584	6291456	240884	240884	0	1061813	0	
9437184	9437184	1586456	1457128	6291456	0	3043584	6291456	237136	237136	0	1089748	0	
9437184	9437184	1695880	1347704	6291456	0	3043584	6291456	259516	259516	0	1066707	0	
9437184	9437184	1666060	1377524	6291456	0	3043584	6291456	244840	244840	0	1041784	0	
9437184	9437184	1573264	1470320	6291456	0	3043584	6291456	235176	235176	0	1061708	0	
9437184	9437184	1576048	1467536	6291456	0	3043584	6291456	237112	237112	0	1038753	0	
9437184	9437184	1577956	1465628	6291456	0	3043584	6291456	236772	236772	0	1108390	0	
9437184	9437184	1590212	1453372	6291456	0	3043584	6291456	237420	237420	0	1096039	0	
9437184	9437184	1586428	1457156	6291456	0	3043584	6291456	236448	236448	0	1098943	0	
9437184	9437184	1576460	1467124	6291456	0	3043584	6291456	234772	234772	0	1016325	0	
9437184	9437184	1575688	1467896	6291456	0	3043584	6291456	232936	232936	0	1013509	0	
9437184	9437184	1696312	1347272	6291456	0	3043584	6291456	260680	260680	0	1031706	0	
9437184	9437184	1666932	1376652	6291456	0	3043584	6291456	243504	243504	0	990053	0	
9437184	9437184	1575480	1468104	6291456	0	3043584	6291456	236940	236940	0	1032402	0	
9437184	9437184	1695328	1348256	6291456	0	3043584	6291456	260448	260448	0	1106441	0	
9437184	9437184	1681204	1362380	6291456	0	3043584	6291456	245504	245504	0	1000854	0	
9437184	9437184	1570772	1472812	6291456	0	3043584	6291456	232908	232908	0	975039	0	
9437184	9437184	1548108	1495476	6291456	0	3043584	6291456	230056	230056	0	1039978	0	
9437184	9437184	1548372	1495212	6291456	0	3043584	6291456	229780	229780	0	1034459	0	
9437184	9437184	1549368	1494216	6291456	0	3043584	6291456	232276	232276	0	1068549	0	
9437184	9437184	1563504	1480080	6291456	0	3043584	6291456	232376	232376	0	1076709	0	
9437184	9437184	1558588	1484996	6291456	0	3043584	6291456	229088	229088	0	1035791	0	
9437184	9437184	1562728	1480856	6291456	0	3043584	6291456	232584	232584	0	1023413	0	
9437184	9437184	1574940	1468644	6291456	0	3043584	6291456	235124	235124	0	1061546	0	
9437184	9437184	1670156	1373428	6291456	0	3043584	6291456	255888	255888	0	1016859	0	
9437184	9437184	1737880	1305704	6291456	0	3043584	6291456	257536	257536	0	1041078	0	
9437184	9437184	1644344	1399240	6291456	0	3043584	6291456	240088	240088	0	1025594	0	
9437184	9437184	1607304	1436280	6291456	0	3043584	6291456	240700	240700	0	1018262	0	
9437184	9437184	1611956	1431628	6291456	0	3043584	6291456	238700	238700	0	963923	0	
9437184	9437184	1587300	1456284	6291456	0	3043584	6291456	232960	232960	0	1080030	0	
9437184	9437184	1604440	1439144	6291456	0	3043584	6291456	241248	241248	0	1016623	0	
9437184	9437184	1612512	1431072	6291456	0	3043584	6291456	238412	238412	0	1055640	0	
9437184	9437184	1571960	1471624	6291456	0	3043584	6291456	231284	231284	0	1049558	0	
9437184	9437184	1546460	1497124	6291456	0	3043584	6291456	227812	227812	0	1113350	0	
9437184	9437184	1564888	1478696	6291456	0	3043584	6291456	235752	235752	0	1047430	0	
9437184	9437184	1573956	1469628	6291456	0	3043584	6291456	235768	235768	0	1044081	0	
9437184	9437184	1694104	1349480	6291456	0	3043584	6291456	260852	260852	0	1148195	0	
9437184	9437184	1756696	1286888	6291456	0	3043584	6291456	260184	260184	0	1181614	0	
9437184	9437184	1734460	1309124	6291456	0	3043584	6291456	259684	259684	0	1153147	0	
9437184	9437184	1733748	1309836	6291456	0	3043584	6291456	259456	259456	0	1089109	0	
9437184	9437184	1733752	1309832	6291456	0	3043584	6291456	260424	260424	0	1059487	0	
9437184	9437184	1764480	1279104	6291456	0	3043584	6291456	264920	264920	0	1073424	0	
9437184	9437184	1761496	1282088	6291456	0	3043584	6291456	262568	262568	0	1136861	0	
9437184	9437184	1737592	1305992	6291456	0	3043584	6291456	260792	260792	0	1049211	0	
9437184	9437184	1778040	1265544	6291456	0	3043584	6291456	268976	268976	0	1060292	0	
9437184	9437184	1765428	1278156	6291456	0	3043584	6291456	259580	259580	0	1134286	0	
9437184	9437184	1731704	1311880	6291456	0	3043584	6291456	259588	259588	0	1036255	0	
9437184	9437184	1762664	1280920	6291456	0	3043584	6291456	263720	263720	0	1178210	0	
9437184	9437184	1800272	1243312	6291456	0	3043584	6291456	269964	269964	0	1226537	0	
9437184	9437184	1811956	1231628	6291456	0	3043584	6291456	272564	272564	0	1255218	0	
9437184	9437184	1763876	1279708	6291456	0	3043584	6291456	260236	260236	0	1131761	0	
9437184	9437184	1762744	1280840	6291456	0	3043584	6291456	262716	262716	0	1245056	0	
9437184	9437184	1784644	1258940	6291456	0	3043584	6291456	268908	268908	0	1189062	0	
9437184	9437184	1755504	1288080	6291456	0	3043584	6291456	261760	261760	0	1115721	0	
9437184	9437184	1733056	1310528	6291456	0	3043584	6291456	260764	260764	0	1138877	0	
9437184	9437184	1732948	1310636	6291456	0	3043584	6291456	260216	260216	0	1092086	0	
9437184	9437184	1764004	1279580	6291456	0	3043584	6291456	267132	267132	0	1158965	0	
9437184	9437184	1784216	1259368	6291456	0	3043584	6291456	265692	265692	0	1173703	0	
9437184	9437184	1783856	1259728	6291456	0	3043584	6291456	268916	268916	0	1204251	0	
9437184	9437184	1799844	1243740	6291456	0	3043584	6291456	271140	271140	0	1156322	0	
9437184	9437184	1772548	1271036	6291456	0	3043584	6291456	264508	264508	0	1094420	0	
9437184	9437184	1734900	1308684	6291456	0	3043584	6291456	255816	255816	0	1086173	0	
9437184	9437184	1731624	1311960	6291456	0	3043584	6291456	258908	258908	0	1142549	0	
