b_initial_y_size_0	b_max_y_size_1	b_used_2	b_available_3	b_committed_4	a_used_5	a_available_6	a_committed_7	a_survived_8	a_promoted_9	a_copied_10	a_time_in_ns_11	promotion_rate_12
17301504	17301504	5579884	20	11534336	82728	5497176	11534336	5075884	5056680	0	3268764	100	
17301504	17301504	5579892	12	11534336	930340	4649564	11534336	770660	1764	0	673826	9	
17301504	17301504	5579904	0	11534336	1017364	4562540	11534336	1543600	655720	0	1206824	85	
17301504	17301504	1775244	3804660	11534336	0	5579904	11534336	385516	385516	0	1375679	43	
17301504	17301504	1802092	3777812	11534336	0	5579904	11534336	263596	263596	0	2128757	0	
17301504	17301504	1740204	3839700	11534336	0	5579904	11534336	267488	267488	0	1017960	0	
17301504	17301504	1718504	3861400	11534336	0	5579904	11534336	257168	257168	0	1051554	0	
17301504	17301504	1705516	3874388	11534336	0	5579904	11534336	256504	256504	0	994478	0	
17301504	17301504	1721328	3858576	11534336	0	5579904	11534336	259296	259296	0	1048422	0	
17301504	17301504	1823844	3756060	11534336	0	5579904	11534336	277208	277208	0	1085412	0	
17301504	17301504	1895524	3684380	11534336	0	5579904	11534336	284192	284192	0	1401317	0	
17301504	17301504	1906988	3672916	11534336	0	5579904	11534336	293596	293596	0	1135576	0	
17301504	17301504	1802132	3777772	11534336	0	5579904	11534336	264640	264640	0	1119470	0	
17301504	17301504	1824412	3755492	11534336	0	5579904	11534336	276556	276556	0	1086903	0	
17301504	17301504	1786404	3793500	11534336	0	5579904	11534336	258696	258696	0	1100115	0	
17301504	17301504	1705584	3874320	11534336	0	5579904	11534336	254752	254752	0	1061233	0	
17301504	17301504	1723764	3856140	11534336	0	5579904	11534336	257056	257056	0	1063812	0	
17301504	17301504	1733360	3846544	11534336	0	5579904	11534336	258516	258516	0	1062022	0	
17301504	17301504	1733344	3846560	11534336	0	5579904	11534336	258764	258764	0	1076649	0	
17301504	17301504	1751192	3828712	11534336	0	5579904	11534336	277340	277340	0	1042093	0	
17301504	17301504	1734300	3845604	11534336	0	5579904	11534336	260080	260080	0	1045881	0	
17301504	17301504	1732376	3847528	11534336	0	5579904	11534336	259796	259796	0	1071391	0	
17301504	17301504	1732252	3847652	11534336	0	5579904	11534336	259328	259328	0	1042893	0	
17301504	17301504	1826668	3753236	11534336	0	5579904	11534336	280228	280228	0	1082085	0	
17301504	17301504	1802604	3777300	11534336	0	5579904	11534336	266212	266212	0	1143410	0	
17301504	17301504	1716648	3863256	11534336	0	5579904	11534336	257056	257056	0	1110693	0	
17301504	17301504	1705584	3874320	11534336	0	5579904	11534336	256604	256604	0	1153513	0	
17301504	17301504	1721256	3858648	11534336	0	5579904	11534336	257492	257492	0	1031623	0	
17301504	17301504	1823760	3756144	11534336	0	5579904	11534336	277396	277396	0	1091456	0	
17301504	17301504	1787248	3792656	11534336	0	5579904	11534336	259832	259832	0	1036601	0	
17301504	17301504	1720272	3859632	11534336	0	5579904	11534336	255168	255168	0	1591419	0	
17301504	17301504	1850676	3729228	11534336	0	5579904	11534336	303824	303824	0	1136993	0	
17301504	17301504	1816448	3763456	11534336	0	5579904	11534336	269856	269856	0	2586809	0	
17301504	17301504	1743980	3835924	11534336	0	5579904	11534336	259076	259076	0	1078243	0	
17301504	17301504	1747080	3832824	11534336	0	5579904	11534336	261072	261072	0	1095455	0	
17301504	17301504	1758628	3821276	11534336	0	5579904	11534336	262708	262708	0	1067088	0	
17301504	17301504	1743272	3836632	11534336	0	5579904	11534336	259016	259016	0	1099498	0	
17301504	17301504	1716828	3863076	11534336	0	5579904	11534336	254128	254128	0	1064252	0	
17301504	17301504	1811672	3768232	11534336	0	5579904	11534336	275704	275704	0	1138797	0	
17301504	17301504	1800180	3779724	11534336	0	5579904	11534336	262960	262960	0	1106114	0	
17301504	17301504	1715648	3864256	11534336	0	5579904	11534336	255244	255244	0	1100199	0	
17301504	17301504	1704268	3875636	11534336	0	5579904	11534336	253332	253332	0	1022889	0	
17301504	17301504	1719580	3860324	11534336	0	5579904	11534336	255348	255348	0	1093466	0	
17301504	17301504	1822928	3756976	11534336	0	5579904	11534336	276692	276692	0	1130916	0	
17301504	17301504	1890732	3689172	11534336	0	5579904	11534336	274368	274368	0	1267456	0	
17301504	17301504	1893476	3686428	11534336	0	5579904	11534336	282308	282308	0	1103293	0	
17301504	17301504	1786376	3793528	11534336	0	5579904	11534336	259844	259844	0	1150532	0	
17301504	17301504	1703420	3876484	11534336	0	5579904	11534336	255484	255484	0	1052713	0	
17301504	17301504	1704240	3875664	11534336	0	5579904	11534336	251240	251240	0	1008036	0	
17301504	17301504	1760936	3818968	11534336	0	5579904	11534336	295616	295616	0	1096327	0	
17301504	17301504	1731392	3848512	11534336	0	5579904	11534336	257704	257704	0	1219649	0	
17301504	17301504	1730740	3849164	11534336	0	5579904	11534336	257400	257400	0	1039236	0	
17301504	17301504	1837980	3741924	11534336	0	5579904	11534336	279676	279676	0	1128553	0	
17301504	17301504	1904148	3675756	11534336	0	5579904	11534336	281200	281200	0	1126953	0	
17301504	17301504	1785296	3794608	11534336	0	5579904	11534336	257792	257792	0	1203586	0	
17301504	17301504	1811616	3768288	11534336	0	5579904	11534336	276612	276612	0	1446762	0	
17301504	17301504	1891908	3687996	11534336	0	5579904	11534336	281100	281100	0	1070302	0	
17301504	17301504	1800276	3779628	11534336	0	5579904	11534336	261396	261396	0	1084597	0	
17301504	17301504	1759264	3820640	11534336	0	5579904	11534336	264408	264408	0	1041291	0	
17301504	17301504	1753072	3826832	11534336	0	5579904	11534336	261272	261272	0	1181741	0	
17301504	17301504	1853556	3726348	11534336	0	5579904	11534336	279956	279956	0	1217094	0	
17301504	17301504	1822168	3757736	11534336	0	5579904	11534336	262948	262948	0	1194327	0	
17301504	17301504	1715136	3864768	11534336	0	5579904	11534336	253560	253560	0	1092154	0	
17301504	17301504	1704652	3875252	11534336	0	5579904	11534336	252564	252564	0	1064944	0	
17301504	17301504	1719856	3860048	11534336	0	5579904	11534336	257528	257528	0	1107018	0	
17301504	17301504	1733620	3846284	11534336	0	5579904	11534336	259588	259588	0	1039549	0	
17301504	17301504	1853196	3726708	11534336	0	5579904	11534336	285236	285236	0	1096134	0	
17301504	17301504	1851644	3728260	11534336	0	5579904	11534336	271228	271228	0	1173318	0	
17301504	17301504	1766808	3813096	11534336	0	5579904	11534336	261316	261316	0	1157135	0	
17301504	17301504	1726808	3853096	11534336	0	5579904	11534336	255404	255404	0	1173198	0	
17301504	17301504	1703672	3876232	11534336	0	5579904	11534336	252272	252272	0	1030987	0	
17301504	17301504	1810868	3769036	11534336	0	5579904	11534336	273688	273688	0	1151243	0	
17301504	17301504	1798656	3781248	11534336	0	5579904	11534336	263364	263364	0	1139067	0	
17301504	17301504	1734836	3845068	11534336	0	5579904	11534336	255648	255648	0	1107885	0	
17301504	17301504	1746008	3833896	11534336	0	5579904	11534336	260740	260740	0	1072560	0	
17301504	17301504	1880292	3699612	11534336	0	5579904	11534336	286320	286320	0	1155455	0	
17301504	17301504	1986060	3593844	11534336	0	5579904	11534336	338860	338860	0	1154952	0	
17301504	17301504	1799320	3780584	11534336	0	5579904	11534336	260732	260732	0	1056077	0	
17301504	17301504	1731112	3848792	11534336	0	5579904	11534336	257412	257412	0	1101527	0	
17301504	17301504	1760204	3819700	11534336	0	5579904	11534336	263136	263136	0	1070582	0	
17301504	17301504	1875556	3704348	11534336	0	5579904	11534336	283132	283132	0	1116312	0	
17301504	17301504	1947232	3632672	11534336	0	5579904	11534336	290596	290596	0	1109929	0	
17301504	17301504	1822804	3757100	11534336	0	5579904	11534336	265504	265504	0	1104650	0	
17301504	17301504	1715644	3864260	11534336	0	5579904	11534336	250972	250972	0	1048274	0	
17301504	17301504	1722876	3857028	11534336	0	5579904	11534336	254804	254804	0	1128966	0	
17301504	17301504	1716216	3863688	11534336	0	5579904	11534336	252680	252680	0	1071350	0	
17301504	17301504	1704280	3875624	11534336	0	5579904	11534336	252344	252344	0	1077815	0	
17301504	17301504	1704944	3874960	11534336	0	5579904	11534336	253516	253516	0	1039496	0	
17301504	17301504	1720492	3859412	11534336	0	5579904	11534336	257336	257336	0	1136840	0	
17301504	17301504	1716020	3863884	11534336	0	5579904	11534336	253700	253700	0	1136859	0	
17301504	17301504	1719396	3860508	11534336	0	5579904	11534336	257144	257144	0	1092639	0	
17301504	17301504	1731360	3848544	11534336	0	5579904	11534336	257672	257672	0	1179539	0	
17301504	17301504	1715092	3864812	11534336	0	5579904	11534336	255232	255232	0	1127724	0	
17301504	17301504	1813376	3766528	11534336	0	5579904	11534336	275980	275980	0	1165887	0	
17301504	17301504	1786972	3792932	11534336	0	5579904	11534336	258448	258448	0	1101038	0	
17301504	17301504	1704624	3875280	11534336	0	5579904	11534336	253224	253224	0	1041149	0	
17301504	17301504	1721960	3857944	11534336	0	5579904	11534336	256768	256768	0	1087406	0	
17301504	17301504	1821848	3758056	11534336	0	5579904	11534336	274420	274420	0	1415195	0	
17301504	17301504	1936948	3642956	11534336	0	5579904	11534336	291364	291364	0	1120321	0	
17301504	17301504	1835348	3744556	11534336	0	5579904	11534336	265708	265708	0	1119444	0	
17301504	17301504	1714884	3865020	11534336	0	5579904	11534336	255196	255196	0	1095437	0	
17301504	17301504	1704916	3874988	11534336	0	5579904	11534336	253080	253080	0	1035878	0	
17301504	17301504	1703532	3876372	11534336	0	5579904	11534336	252712	252712	0	1152583	0	
17301504	17301504	1810676	3769228	11534336	0	5579904	11534336	270828	270828	0	1119096	0	
17301504	17301504	1798268	3781636	11534336	0	5579904	11534336	259824	259824	0	1193780	0	
17301504	17301504	1731168	3848736	11534336	0	5579904	11534336	257804	257804	0	1098730	0	
17301504	17301504	1714800	3865104	11534336	0	5579904	11534336	254360	254360	0	1061277	0	
17301504	17301504	1718608	3861296	11534336	0	5579904	11534336	254104	254104	0	1118716	0	
17301504	17301504	1852240	3727664	11534336	0	5579904	11534336	282464	282464	0	1150286	0	
17301504	17301504	1946224	3633680	11534336	0	5579904	11534336	286900	286900	0	1118430	0	
17301504	17301504	1917192	3662712	11534336	0	5579904	11534336	283324	283324	0	1111832	0	
17301504	17301504	1800648	3779256	11534336	0	5579904	11534336	260316	260316	0	1136819	0	
17301504	17301504	1715300	3864604	11534336	0	5579904	11534336	254748	254748	0	1079752	0	
17301504	17301504	1702436	3877468	11534336	0	5579904	11534336	252240	252240	0	1057958	0	
17301504	17301504	1809096	3770808	11534336	0	5579904	11534336	271996	271996	0	1130615	0	
17301504	17301504	1799252	3780652	11534336	0	5579904	11534336	262496	262496	0	1078591	0	
17301504	17301504	1714576	3865328	11534336	0	5579904	11534336	253144	253144	0	1076392	0	
17301504	17301504	1903952	3675952	11534336	0	5579904	11534336	366764	366764	0	1212037	0	
17301504	17301504	1788092	3791812	11534336	0	5579904	11534336	259192	259192	0	1145657	0	
17301504	17301504	1719548	3860356	11534336	0	5579904	11534336	255556	255556	0	1055380	0	
17301504	17301504	1730400	3849504	11534336	0	5579904	11534336	256680	256680	0	1118568	0	
17301504	17301504	1714772	3865132	11534336	0	5579904	11534336	255060	255060	0	1076508	0	
17301504	17301504	1704292	3875612	11534336	0	5579904	11534336	252272	252272	0	1062708	0	
17301504	17301504	1722456	3857448	11534336	0	5579904	11534336	256644	256644	0	1051917	0	
17301504	17301504	1730916	3848988	11534336	0	5579904	11534336	257656	257656	0	1057993	0	
17301504	17301504	1735412	3844492	11534336	0	5579904	11534336	256728	256728	0	1067222	0	
17301504	17301504	1760464	3819440	11534336	0	5579904	11534336	264368	264368	0	1108228	0	
17301504	17301504	1874568	3705336	11534336	0	5579904	11534336	281712	281712	0	1146765	0	
17301504	17301504	1807808	3772096	11534336	0	5579904	11534336	259632	259632	0	1071283	0	
17301504	17301504	1722136	3857768	11534336	0	5579904	11534336	254236	254236	0	1091153	0	
17301504	17301504	1731320	3848584	11534336	0	5579904	11534336	255956	255956	0	1025507	0	
17301504	17301504	1731872	3848032	11534336	0	5579904	11534336	255656	255656	0	1061363	0	
17301504	17301504	1730736	3849168	11534336	0	5579904	11534336	255164	255164	0	1179478	0	
17301504	17301504	1733240	3846664	11534336	0	5579904	11534336	257692	257692	0	1137861	0	
17301504	17301504	1760752	3819152	11534336	0	5579904	11534336	262324	262324	0	1112470	0	
17301504	17301504	1752532	3827372	11534336	0	5579904	11534336	258448	258448	0	1040745	0	
17301504	17301504	1732204	3847700	11534336	0	5579904	11534336	256588	256588	0	1007236	0	
17301504	17301504	1730540	3849364	11534336	0	5579904	11534336	255252	255252	0	1080420	0	
17301504	17301504	1821652	3758252	11534336	0	5579904	11534336	272504	272504	0	1138475	0	
17301504	17301504	1784576	3795328	11534336	0	5579904	11534336	260064	260064	0	1182722	0	
17301504	17301504	1839984	3739920	11534336	0	5579904	11534336	280340	280340	0	1101293	0	
17301504	17301504	1913852	3666052	11534336	0	5579904	11534336	281400	281400	0	1395114	0	
17301504	17301504	1890160	3689744	11534336	0	5579904	11534336	275848	275848	0	1272091	0	
17301504	17301504	1890232	3689672	11534336	0	5579904	11534336	279148	279148	0	1130164	0	
17301504	17301504	1797272	3782632	11534336	0	5579904	11534336	260264	260264	0	1186908	0	
17301504	17301504	1823968	3755936	11534336	0	5579904	11534336	276084	276084	0	1255508	0	
17301504	17301504	1938648	3641256	11534336	0	5579904	11534336	290284	290284	0	1161767	0	
17301504	17301504	1832316	3747588	11534336	0	5579904	11534336	263492	263492	0	1126142	0	
17301504	17301504	1714620	3865284	11534336	0	5579904	11534336	251664	251664	0	1105145	0	
17301504	17301504	1809028	3770876	11534336	0	5579904	11534336	274200	274200	0	1146696	0	
17301504	17301504	1799196	3780708	11534336	0	5579904	11534336	259940	259940	0	1120475	0	
17301504	17301504	1729072	3850832	11534336	0	5579904	11534336	254300	254300	0	1048780	0	
17301504	17301504	1729016	3850888	11534336	0	5579904	11534336	253960	253960	0	1104422	0	
17301504	17301504	1713912	3865992	11534336	0	5579904	11534336	251560	251560	0	1059325	0	
17301504	17301504	1719944	3859960	11534336	0	5579904	11534336	255784	255784	0	1084914	0	
17301504	17301504	1712692	3867212	11534336	0	5579904	11534336	250908	250908	0	1136399	0	
17301504	17301504	1717800	3862104	11534336	0	5579904	11534336	251956	251956	0	1058546	0	
17301504	17301504	1851740	3728164	11534336	0	5579904	11534336	279100	279100	0	1083528	0	
17301504	17301504	1821184	3758720	11534336	0	5579904	11534336	261240	261240	0	1148066	0	
17301504	17301504	1728840	3851064	11534336	0	5579904	11534336	255368	255368	0	1111200	0	
17301504	17301504	1714204	3865700	11534336	0	5579904	11534336	251116	251116	0	1073669	0	
17301504	17301504	1702088	3877816	11534336	0	5579904	11534336	250068	250068	0	1078910	0	
17301504	17301504	1811452	3768452	11534336	0	5579904	11534336	273620	273620	0	1116491	0	
17301504	17301504	1894688	3685216	11534336	0	5579904	11534336	275952	275952	0	1126267	0	
17301504	17301504	1829420	3750484	11534336	0	5579904	11534336	267360	267360	0	1106306	0	
17301504	17301504	1872036	3707868	11534336	0	5579904	11534336	282444	282444	0	1096629	0	
17301504	17301504	1835140	3744764	11534336	0	5579904	11534336	265268	265268	0	1101251	0	
17301504	17301504	1724780	3855124	11534336	0	5579904	11534336	251328	251328	0	1075646	0	
17301504	17301504	1702072	3877832	11534336	0	5579904	11534336	249536	249536	0	1119448	0	
17301504	17301504	1811492	3768412	11534336	0	5579904	11534336	271476	271476	0	1118427	0	
17301504	17301504	1815284	3764620	11534336	0	5579904	11534336	261840	261840	0	1205614	0	
17301504	17301504	1724212	3855692	11534336	0	5579904	11534336	251820	251820	0	1061100	0	
17301504	17301504	1702016	3877888	11534336	0	5579904	11534336	250228	250228	0	1020222	0	
17301504	17301504	1717984	3861920	11534336	0	5579904	11534336	254500	254500	0	987564	0	
17301504	17301504	1758492	3821412	11534336	0	5579904	11534336	259848	259848	0	1061311	0	
17301504	17301504	1750380	3829524	11534336	0	5579904	11534336	256748	256748	0	1039120	0	
17301504	17301504	1712720	3867184	11534336	0	5579904	11534336	253520	253520	0	969800	0	
17301504	17301504	1716720	3863184	11534336	0	5579904	11534336	253004	253004	0	1078752	0	
17301504	17301504	1727520	3852384	11534336	0	5579904	11534336	389248	389248	0	1056537	0	
17301504	17301504	1730292	3849612	11534336	0	5579904	11534336	255252	255252	0	1039602	0	
17301504	17301504	1852364	3727540	11534336	0	5579904	11534336	274544	274544	0	1076064	0	
17301504	17301504	1821404	3758500	11534336	0	5579904	11534336	262000	262000	0	1187490	0	
17301504	17301504	1730232	3849672	11534336	0	5579904	11534336	254112	254112	0	1032370	0	
17301504	17301504	1729832	3850072	11534336	0	5579904	11534336	254008	254008	0	1057713	0	
17301504	17301504	1714988	3864916	11534336	0	5579904	11534336	251304	251304	0	1123063	0	
17301504	17301504	1718312	3861592	11534336	0	5579904	11534336	254284	254284	0	1037431	0	
17301504	17301504	1729984	3849920	11534336	0	5579904	11534336	255356	255356	0	1094309	0	
17301504	17301504	1713992	3865912	11534336	0	5579904	11534336	252420	252420	0	1076758	0	
17301504	17301504	1703196	3876708	11534336	0	5579904	11534336	250628	250628	0	1037488	0	
17301504	17301504	1702984	3876920	11534336	0	5579904	11534336	250664	250664	0	1112561	0	
17301504	17301504	1702444	3877460	11534336	0	5579904	11534336	251144	251144	0	1153118	0	
17301504	17301504	1704884	3875020	11534336	0	5579904	11534336	249364	249364	0	1098418	0	
17301504	17301504	1718836	3861068	11534336	0	5579904	11534336	254212	254212	0	1115026	0	
17301504	17301504	1730512	3849392	11534336	0	5579904	11534336	254512	254512	0	1138754	0	
17301504	17301504	1731864	3848040	11534336	0	5579904	11534336	254824	254824	0	1129066	0	
17301504	17301504	1759820	3820084	11534336	0	5579904	11534336	262636	262636	0	1107071	0	
17301504	17301504	1846768	3733136	11534336	0	5579904	11534336	278972	278972	0	1097333	0	
17301504	17301504	1786472	3793432	11534336	0	5579904	11534336	256756	256756	0	1081231	0	
17301504	17301504	1809760	3770144	11534336	0	5579904	11534336	274844	274844	0	1148026	0	
17301504	17301504	1783080	3796824	11534336	0	5579904	11534336	256496	256496	0	1154236	0	
17301504	17301504	1702032	3877872	11534336	0	5579904	11534336	250908	250908	0	1082825	0	
17301504	17301504	1718908	3860996	11534336	0	5579904	11534336	253760	253760	0	1294879	0	
17301504	17301504	1866416	3713488	11534336	0	5579904	11534336	285148	285148	0	1129190	0	
17301504	17301504	1831648	3748256	11534336	0	5579904	11534336	262632	262632	0	1057795	0	
17301504	17301504	1730136	3849768	11534336	0	5579904	11534336	254632	254632	0	1071770	0	
17301504	17301504	1729072	3850832	11534336	0	5579904	11534336	255428	255428	0	1061321	0	
17301504	17301504	1728932	3850972	11534336	0	5579904	11534336	254672	254672	0	1082203	0	
17301504	17301504	1714084	3865820	11534336	0	5579904	11534336	253556	253556	0	1072344	0	
17301504	17301504	1702944	3876960	11534336	0	5579904	11534336	252768	252768	0	1099498	0	
17301504	17301504	1701476	3878428	11534336	0	5579904	11534336	248924	248924	0	1124018	0	
17301504	17301504	1702400	3877504	11534336	0	5579904	11534336	243892	243892	0	1120712	0	
17301504	17301504	1701228	3878676	11534336	0	5579904	11534336	250996	250996	0	1170071	0	
17301504	17301504	1717312	3862592	11534336	0	5579904	11534336	254316	254316	0	1094507	0	
17301504	17301504	1728596	3851308	11534336	0	5579904	11534336	253052	253052	0	1051256	0	
17301504	17301504	1820420	3759484	11534336	0	5579904	11534336	272576	272576	0	1494363	0	
17301504	17301504	1889040	3690864	11534336	0	5579904	11534336	276436	276436	0	1486794	0	
17301504	17301504	1889524	3690380	11534336	0	5579904	11534336	279340	279340	0	1110635	0	
17301504	17301504	1796648	3783256	11534336	0	5579904	11534336	260176	260176	0	1146055	0	
17301504	17301504	1819564	3760340	11534336	0	5579904	11534336	269972	269972	0	1125020	0	
17301504	17301504	1796884	3783020	11534336	0	5579904	11534336	257488	257488	0	1175639	0	
17301504	17301504	1729180	3850724	11534336	0	5579904	11534336	255236	255236	0	1073604	0	
17301504	17301504	1713660	3866244	11534336	0	5579904	11534336	251412	251412	0	1085957	0	
17301504	17301504	1702304	3877600	11534336	0	5579904	11534336	249880	249880	0	1048791	0	
17301504	17301504	1701224	3878680	11534336	0	5579904	11534336	250536	250536	0	1099748	0	
17301504	17301504	1701644	3878260	11534336	0	5579904	11534336	249664	249664	0	1086061	0	
17301504	17301504	1811588	3768316	11534336	0	5579904	11534336	274328	274328	0	1094506	0	
17301504	17301504	1922484	3657420	11534336	0	5579904	11534336	284364	284364	0	1028400	0	
17301504	17301504	1847876	3732028	11534336	0	5579904	11534336	265808	265808	0	1115895	0	
17301504	17301504	1750904	3829000	11534336	0	5579904	11534336	248412	248412	0	1155289	0	
17301504	17301504	1726300	3853604	11534336	0	5579904	11534336	252616	252616	0	1038374	0	
17301504	17301504	1727700	3852204	11534336	0	5579904	11534336	254508	254508	0	1075510	0	
17301504	17301504	1728348	3851556	11534336	0	5579904	11534336	251608	251608	0	1066522	0	
17301504	17301504	1728264	3851640	11534336	0	5579904	11534336	253932	253932	0	1056018	0	
17301504	17301504	1729412	3850492	11534336	0	5579904	11534336	256792	256792	0	1106779	0	
17301504	17301504	1712496	3867408	11534336	0	5579904	11534336	249084	249084	0	1086921	0	
17301504	17301504	1701016	3878888	11534336	0	5579904	11534336	249148	249148	0	1054128	0	
17301504	17301504	1717244	3862660	11534336	0	5579904	11534336	252572	252572	0	1052563	0	
17301504	17301504	1712756	3867148	11534336	0	5579904	11534336	249544	249544	0	1085447	0	
17301504	17301504	1719444	3860460	11534336	0	5579904	11534336	253388	253388	0	1053633	0	
17301504	17301504	1713136	3866768	11534336	0	5579904	11534336	252428	252428	0	1168227	0	
17301504	17301504	1701408	3878496	11534336	0	5579904	11534336	248896	248896	0	1123631	0	
17301504	17301504	1700436	3879468	11534336	0	5579904	11534336	249512	249512	0	1180591	0	
17301504	17301504	1700616	3879288	11534336	0	5579904	11534336	250008	250008	0	1066425	0	
17301504	17301504	1715732	3864172	11534336	0	5579904	11534336	252620	252620	0	1095371	0	
17301504	17301504	1818648	3761256	11534336	0	5579904	11534336	271212	271212	0	1128817	0	
17301504	17301504	1782816	3797088	11534336	0	5579904	11534336	256408	256408	0	1240073	0	
17301504	17301504	1715804	3864100	11534336	0	5579904	11534336	251680	251680	0	1129711	0	
17301504	17301504	1728500	3851404	11534336	0	5579904	11534336	252936	252936	0	1145306	0	
17301504	17301504	1728032	3851872	11534336	0	5579904	11534336	254240	254240	0	1039178	0	
17301504	17301504	1755084	3824820	11534336	0	5579904	11534336	259612	259612	0	1092430	0	
17301504	17301504	1749664	3830240	11534336	0	5579904	11534336	253968	253968	0	1059104	0	
17301504	17301504	1757104	3822800	11534336	0	5579904	11534336	261492	261492	0	1178159	0	
17301504	17301504	1748876	3831028	11534336	0	5579904	11534336	256056	256056	0	1110959	0	
17301504	17301504	1864224	3715680	11534336	0	5579904	11534336	283368	283368	0	1193001	0	
17301504	17301504	1829684	3750220	11534336	0	5579904	11534336	254176	254176	0	1186166	0	
17301504	17301504	1756716	3823188	11534336	0	5579904	11534336	260800	260800	0	1076647	0	
17301504	17301504	1752892	3827012	11534336	0	5579904	11534336	255064	255064	0	1100047	0	
17301504	17301504	1711884	3868020	11534336	0	5579904	11534336	242548	242548	0	1173233	0	
17301504	17301504	1714268	3865636	11534336	0	5579904	11534336	251276	251276	0	1077085	0	
17301504	17301504	1710540	3869364	11534336	0	5579904	11534336	250064	250064	0	1053604	0	
17301504	17301504	1716548	3863356	11534336	0	5579904	11534336	251844	251844	0	1145587	0	
17301504	17301504	1710620	3869284	11534336	0	5579904	11534336	248716	248716	0	1096795	0	
17301504	17301504	1714044	3865860	11534336	0	5579904	11534336	251632	251632	0	1139364	0	
17301504	17301504	1755276	3824628	11534336	0	5579904	11534336	259252	259252	0	1126245	0	
17301504	17301504	1749044	3830860	11534336	0	5579904	11534336	254688	254688	0	1124448	0	
17301504	17301504	1728068	3851836	11534336	0	5579904	11534336	252900	252900	0	1228547	0	
17301504	17301504	1711244	3868660	11534336	0	5579904	11534336	247060	247060	0	1052396	0	
17301504	17301504	1700504	3879400	11534336	0	5579904	11534336	248660	248660	0	1042912	0	
17301504	17301504	1715344	3864560	11534336	0	5579904	11534336	249580	249580	0	1040684	0	
17301504	17301504	1710776	3869128	11534336	0	5579904	11534336	250776	250776	0	1050324	0	
17301504	17301504	1721092	3858812	11534336	0	5579904	11534336	252416	252416	0	1042218	0	
17301504	17301504	1756344	3823560	11534336	0	5579904	11534336	463024	463024	0	1471083	0	
17301504	17301504	1843028	3736876	11534336	0	5579904	11534336	272140	272140	0	1179717	0	
17301504	17301504	1893108	3686796	11534336	0	5579904	11534336	277104	277104	0	1376123	0	
17301504	17301504	1895140	3684764	11534336	0	5579904	11534336	278660	278660	0	1197851	0	
17301504	17301504	1829904	3750000	11534336	0	5579904	11534336	262712	262712	0	1103671	0	
17301504	17301504	1766212	3813692	11534336	0	5579904	11534336	257376	257376	0	1009877	0	
17301504	17301504	1740116	3839788	11534336	0	5579904	11534336	253784	253784	0	1104585	0	
17301504	17301504	1713532	3866372	11534336	0	5579904	11534336	248992	248992	0	1051058	0	
17301504	17301504	1717436	3862468	11534336	0	5579904	11534336	252772	252772	0	1080175	0	
17301504	17301504	1712840	3867064	11534336	0	5579904	11534336	251268	251268	0	1056329	0	
17301504	17301504	1717516	3862388	11534336	0	5579904	11534336	253632	253632	0	1051772	0	
17301504	17301504	1713916	3865988	11534336	0	5579904	11534336	249884	249884	0	1087012	0	
17301504	17301504	1702940	3876964	11534336	0	5579904	11534336	250904	250904	0	1124439	0	
17301504	17301504	1717284	3862620	11534336	0	5579904	11534336	252072	252072	0	1022026	0	
17301504	17301504	1730088	3849816	11534336	0	5579904	11534336	251896	251896	0	1162727	0	
17301504	17301504	1713268	3866636	11534336	0	5579904	11534336	248708	248708	0	1061319	0	
17301504	17301504	1719896	3860008	11534336	0	5579904	11534336	250764	250764	0	1087645	0	
17301504	17301504	1819952	3759952	11534336	0	5579904	11534336	269184	269184	0	1162230	0	
17301504	17301504	1887140	3692764	11534336	0	5579904	11534336	271720	271720	0	1078269	0	
17301504	17301504	1797272	3782632	11534336	0	5579904	11534336	259324	259324	0	1164585	0	
17301504	17301504	1729160	3850744	11534336	0	5579904	11534336	251196	251196	0	1170336	0	
17301504	17301504	1727704	3852200	11534336	0	5579904	11534336	252024	252024	0	1115637	0	
17301504	17301504	1712728	3867176	11534336	0	5579904	11534336	249536	249536	0	1021865	0	
17301504	17301504	1700600	3879304	11534336	0	5579904	11534336	247584	247584	0	1048982	0	
17301504	17301504	1716160	3863744	11534336	0	5579904	11534336	252988	252988	0	1075517	0	
17301504	17301504	1818980	3760924	11534336	0	5579904	11534336	269024	269024	0	1132605	0	
17301504	17301504	1784616	3795288	11534336	0	5579904	11534336	255356	255356	0	1115810	0	
17301504	17301504	1717348	3862556	11534336	0	5579904	11534336	251720	251720	0	1045744	0	
17301504	17301504	1727080	3852824	11534336	0	5579904	11534336	251724	251724	0	1196999	0	
17301504	17301504	1818232	3761672	11534336	0	5579904	11534336	267768	267768	0	1541839	0	
17301504	17301504	1890836	3689068	11534336	0	5579904	11534336	276784	276784	0	1152662	0	
17301504	17301504	1922556	3657348	11534336	0	5579904	11534336	283324	283324	0	1100291	0	
17301504	17301504	1848928	3730976	11534336	0	5579904	11534336	264856	264856	0	1126509	0	
17301504	17301504	1749624	3830280	11534336	0	5579904	11534336	253964	253964	0	1122143	0	
17301504	17301504	1712952	3866952	11534336	0	5579904	11534336	250060	250060	0	1085424	0	
17301504	17301504	1700108	3879796	11534336	0	5579904	11534336	248332	248332	0	1088669	0	
17301504	17301504	1806920	3772984	11534336	0	5579904	11534336	269816	269816	0	1390211	0	
17301504	17301504	1919172	3660732	11534336	0	5579904	11534336	283280	283280	0	1128495	0	
17301504	17301504	1908844	3671060	11534336	0	5579904	11534336	278688	278688	0	1404479	0	
17301504	17301504	1916724	3663180	11534336	0	5579904	11534336	282252	282252	0	1158601	0	
17301504	17301504	1939980	3639924	11534336	0	5579904	11534336	284344	284344	0	1055310	0	
17301504	17301504	1834404	3745500	11534336	0	5579904	11534336	261452	261452	0	1057321	0	
17301504	17301504	1861012	3718892	11534336	0	5579904	11534336	278548	278548	0	1188623	0	
17301504	17301504	1915088	3664816	11534336	0	5579904	11534336	282036	282036	0	1115619	0	
17301504	17301504	1936152	3643752	11534336	0	5579904	11534336	285276	285276	0	1094012	0	
17301504	17301504	1830360	3749544	11534336	0	5579904	11534336	259912	259912	0	1105913	0	
17301504	17301504	1726512	3853392	11534336	0	5579904	11534336	252736	252736	0	1042503	0	
17301504	17301504	1725504	3854400	11534336	0	5579904	11534336	253804	253804	0	1094392	0	
17301504	17301504	1862768	3717136	11534336	0	5579904	11534336	284092	284092	0	1070211	0	
17301504	17301504	1950560	3629344	11534336	0	5579904	11534336	284944	284944	0	1123945	0	
17301504	17301504	1913140	3666764	11534336	0	5579904	11534336	278780	278780	0	1167297	0	
17301504	17301504	1797588	3782316	11534336	0	5579904	11534336	254192	254192	0	1540254	0	
17301504	17301504	1847428	3732476	11534336	0	5579904	11534336	270472	270472	0	1588131	0	
17301504	17301504	1939056	3640848	11534336	0	5579904	11534336	281764	281764	0	1116393	0	
17301504	17301504	1908612	3671292	11534336	0	5579904	11534336	274300	274300	0	1447230	0	
17301504	17301504	1884244	3695660	11534336	0	5579904	11534336	268780	268780	0	1119408	0	
17301504	17301504	1793256	3786648	11534336	0	5579904	11534336	256924	256924	0	1124191	0	
17301504	17301504	1710908	3868996	11534336	0	5579904	11534336	246624	246624	0	1059346	0	
17301504	17301504	1699736	3880168	11534336	0	5579904	11534336	247316	247316	0	984038	0	
17301504	17301504	1699544	3880360	11534336	0	5579904	11534336	247500	247500	0	1068868	0	
17301504	17301504	1699880	3880024	11534336	0	5579904	11534336	248560	248560	0	1029080	0	
17301504	17301504	1805604	3774300	11534336	0	5579904	11534336	269236	269236	0	1196408	0	
17301504	17301504	1889728	3690176	11534336	0	5579904	11534336	275364	275364	0	1092994	0	
17301504	17301504	1888744	3691160	11534336	0	5579904	11534336	272580	272580	0	1408971	0	
17301504	17301504	1884824	3695080	11534336	0	5579904	11534336	272336	272336	0	1174489	0	
17301504	17301504	1782596	3797308	11534336	0	5579904	11534336	254124	254124	0	1091892	0	
17301504	17301504	1714944	3864960	11534336	0	5579904	11534336	249804	249804	0	1091131	0	
17301504	17301504	1820792	3759112	11534336	0	5579904	11534336	271048	271048	0	1124851	0	
17301504	17301504	1782580	3797324	11534336	0	5579904	11534336	253184	253184	0	1096263	0	
17301504	17301504	1715560	3864344	11534336	0	5579904	11534336	251552	251552	0	1059495	0	
17301504	17301504	1724544	3855360	11534336	0	5579904	11534336	252572	252572	0	1072321	0	
17301504	17301504	1725056	3854848	11534336	0	5579904	11534336	251280	251280	0	1063169	0	
17301504	17301504	1711340	3868564	11534336	0	5579904	11534336	246600	246600	0	1127913	0	
17301504	17301504	1698600	3881304	11534336	0	5579904	11534336	247496	247496	0	1087808	0	
17301504	17301504	1714900	3865004	11534336	0	5579904	11534336	250552	250552	0	1107623	0	
17301504	17301504	1755480	3824424	11534336	0	5579904	11534336	258236	258236	0	1012825	0	
17301504	17301504	1732756	3847148	11534336	0	5579904	11534336	250252	250252	0	1126905	0	
17301504	17301504	1713596	3866308	11534336	0	5579904	11534336	247548	247548	0	1060109	0	
17301504	17301504	1725748	3854156	11534336	0	5579904	11534336	250636	250636	0	1089705	0	
17301504	17301504	1710152	3869752	11534336	0	5579904	11534336	249184	249184	0	1069334	0	
17301504	17301504	1699172	3880732	11534336	0	5579904	11534336	245936	245936	0	1093272	0	
17301504	17301504	1805272	3774632	11534336	0	5579904	11534336	265800	265800	0	1155150	0	
17301504	17301504	1797228	3782676	11534336	0	5579904	11534336	260380	260380	0	1151270	0	
17301504	17301504	1727328	3852576	11534336	0	5579904	11534336	250144	250144	0	1086727	0	
17301504	17301504	1819048	3760856	11534336	0	5579904	11534336	270168	270168	0	1140828	0	
17301504	17301504	1918164	3661740	11534336	0	5579904	11534336	280140	280140	0	1153658	0	
17301504	17301504	1831104	3748800	11534336	0	5579904	11534336	262248	262248	0	1071197	0	
17301504	17301504	1736540	3843364	11534336	0	5579904	11534336	250680	250680	0	1057057	0	
17301504	17301504	1724156	3855748	11534336	0	5579904	11534336	251284	251284	0	1061948	0	
17301504	17301504	1709684	3870220	11534336	0	5579904	11534336	248564	248564	0	1076084	0	
17301504	17301504	1699320	3880584	11534336	0	5579904	11534336	247532	247532	0	1089015	0	
17301504	17301504	1809276	3770628	11534336	0	5579904	11534336	271464	271464	0	1118487	0	
17301504	17301504	1901876	3678028	11534336	0	5579904	11534336	279276	279276	0	1179100	0	
17301504	17301504	1790084	3789820	11534336	0	5579904	11534336	254284	254284	0	1201059	0	
17301504	17301504	1698728	3881176	11534336	0	5579904	11534336	246832	246832	0	1149745	0	
17301504	17301504	1807268	3772636	11534336	0	5579904	11534336	268964	268964	0	1131189	0	
17301504	17301504	1796384	3783520	11534336	0	5579904	11534336	254528	254528	0	1130142	0	
17301504	17301504	1709924	3869980	11534336	0	5579904	11534336	247260	247260	0	1069301	0	
17301504	17301504	1714024	3865880	11534336	0	5579904	11534336	248640	248640	0	1073860	0	
17301504	17301504	1724600	3855304	11534336	0	5579904	11534336	254392	254392	0	1118329	0	
17301504	17301504	1724088	3855816	11534336	0	5579904	11534336	250068	250068	0	1133286	0	
17301504	17301504	1724388	3855516	11534336	0	5579904	11534336	250032	250032	0	1059121	0	
17301504	17301504	1754872	3825032	11534336	0	5579904	11534336	256316	256316	0	1057609	0	
17301504	17301504	1746292	3833612	11534336	0	5579904	11534336	251336	251336	0	1036691	0	
17301504	17301504	1724532	3855372	11534336	0	5579904	11534336	251056	251056	0	1080253	0	
17301504	17301504	1724832	3855072	11534336	0	5579904	11534336	250912	250912	0	1098368	0	
17301504	17301504	1727256	3852648	11534336	0	5579904	11534336	249564	249564	0	1106234	0	
17301504	17301504	1708888	3871016	11534336	0	5579904	11534336	246888	246888	0	1095810	0	
17301504	17301504	1804372	3775532	11534336	0	5579904	11534336	264528	264528	0	1190956	0	
17301504	17301504	1789572	3790332	11534336	0	5579904	11534336	255728	255728	0	1078254	0	
17301504	17301504	1724308	3855596	11534336	0	5579904	11534336	248988	248988	0	1078547	0	
17301504	17301504	1816932	3762972	11534336	0	5579904	11534336	267816	267816	0	1157721	0	
17301504	17301504	1777944	3801960	11534336	0	5579904	11534336	249368	249368	0	1064784	0	
17301504	17301504	1802184	3777720	11534336	0	5579904	11534336	264852	264852	0	1200754	0	
17301504	17301504	1792480	3787424	11534336	0	5579904	11534336	251456	251456	0	1180292	0	
17301504	17301504	1721944	3857960	11534336	0	5579904	11534336	249220	249220	0	1376477	0	
17301504	17301504	1845048	3734856	11534336	0	5579904	11534336	273656	273656	0	1137510	0	
17301504	17301504	1815836	3764068	11534336	0	5579904	11534336	257716	257716	0	1085118	0	
17301504	17301504	1726548	3853356	11534336	0	5579904	11534336	250352	250352	0	1125439	0	
17301504	17301504	1724508	3855396	11534336	0	5579904	11534336	249736	249736	0	1048479	0	
17301504	17301504	1858724	3721180	11534336	0	5579904	11534336	278264	278264	0	1295163	0	
17301504	17301504	1963200	3616704	11534336	0	5579904	11534336	286052	286052	0	1096078	0	
17301504	17301504	1840908	3738996	11534336	0	5579904	11534336	261428	261428	0	1119297	0	
17301504	17301504	1828796	3751108	11534336	0	5579904	11534336	271424	271424	0	1500105	0	
17301504	17301504	1889600	3690304	11534336	0	5579904	11534336	265224	265224	0	1184842	0	
17301504	17301504	1891760	3688144	11534336	0	5579904	11534336	276384	276384	0	1152173	0	
17301504	17301504	1781432	3798472	11534336	0	5579904	11534336	253656	253656	0	1113791	0	
17301504	17301504	1697672	3882232	11534336	0	5579904	11534336	245692	245692	0	1129576	0	
17301504	17301504	1695000	3884904	11534336	0	5579904	11534336	246924	246924	0	1133876	0	
17301504	17301504	1695872	3884032	11534336	0	5579904	11534336	246464	246464	0	1144995	0	
17301504	17301504	1696480	3883424	11534336	0	5579904	11534336	244676	244676	0	1066330	0	
17301504	17301504	1807392	3772512	11534336	0	5579904	11534336	270916	270916	0	1189537	0	
17301504	17301504	1934096	3645808	11534336	0	5579904	11534336	284256	284256	0	1116639	0	
17301504	17301504	1841376	3738528	11534336	0	5579904	11534336	261376	261376	0	1131706	0	
17301504	17301504	1829804	3750100	11534336	0	5579904	11534336	271824	271824	0	1173580	0	
17301504	17301504	1824736	3755168	11534336	0	5579904	11534336	569044	569044	0	1234423	0	
17301504	17301504	1734704	3845200	11534336	0	5579904	11534336	249688	249688	0	1103813	0	
17301504	17301504	1698860	3881044	11534336	0	5579904	11534336	244816	244816	0	1078094	0	
17301504	17301504	1805104	3774800	11534336	0	5579904	11534336	268564	268564	0	1116278	0	
17301504	17301504	1888952	3690952	11534336	0	5579904	11534336	274096	274096	0	1125250	0	
17301504	17301504	1885304	3694600	11534336	0	5579904	11534336	272064	272064	0	1088129	0	
17301504	17301504	1779952	3799952	11534336	0	5579904	11534336	251792	251792	0	1167714	0	
17301504	17301504	1718000	3861904	11534336	0	5579904	11534336	248244	248244	0	1147284	0	
17301504	17301504	1817040	3762864	11534336	0	5579904	11534336	265716	265716	0	1438585	0	
17301504	17301504	1886928	3692976	11534336	0	5579904	11534336	271472	271472	0	1125702	0	
17301504	17301504	1931368	3648536	11534336	0	5579904	11534336	282172	282172	0	1201744	0	
17301504	17301504	1952732	3627172	11534336	0	5579904	11534336	283140	283140	0	1229792	0	
17301504	17301504	1913740	3666164	11534336	0	5579904	11534336	274396	274396	0	1120477	0	
17301504	17301504	1813896	3766008	11534336	0	5579904	11534336	257648	257648	0	1092647	0	
17301504	17301504	1751968	3827936	11534336	0	5579904	11534336	253284	253284	0	1053991	0	
17301504	17301504	1738500	3841404	11534336	0	5579904	11534336	249772	249772	0	1118385	0	
17301504	17301504	1710616	3869288	11534336	0	5579904	11534336	244432	244432	0	1194587	0	
17301504	17301504	1716208	3863696	11534336	0	5579904	11534336	249532	249532	0	1085256	0	
17301504	17301504	1726692	3853212	11534336	0	5579904	11534336	251056	251056	0	1031877	0	
17301504	17301504	1861924	3717980	11534336	0	5579904	11534336	279280	279280	0	1189387	0	
17301504	17301504	1927340	3652564	11534336	0	5579904	11534336	277572	277572	0	1436508	0	
17301504	17301504	1889684	3690220	11534336	0	5579904	11534336	273084	273084	0	1091406	0	
17301504	17301504	1779396	3800508	11534336	0	5579904	11534336	250800	250800	0	1103719	0	
17301504	17301504	1715196	3864708	11534336	0	5579904	11534336	250872	250872	0	1112333	0	
17301504	17301504	1712012	3867892	11534336	0	5579904	11534336	248032	248032	0	1138814	0	
17301504	17301504	1698916	3880988	11534336	0	5579904	11534336	246648	246648	0	1114923	0	
17301504	17301504	1718796	3861108	11534336	0	5579904	11534336	248540	248540	0	1131889	0	
17301504	17301504	1711000	3868904	11534336	0	5579904	11534336	245756	245756	0	1125673	0	
17301504	17301504	1810688	3769216	11534336	0	5579904	11534336	269636	269636	0	1472178	0	
17301504	17301504	1919364	3660540	11534336	0	5579904	11534336	281480	281480	0	1398397	0	
17301504	17301504	1912748	3667156	11534336	0	5579904	11534336	276416	276416	0	1068708	0	
17301504	17301504	1888824	3691080	11534336	0	5579904	11534336	270536	270536	0	1379567	0	
17301504	17301504	1889268	3690636	11534336	0	5579904	11534336	265456	265456	0	1270041	0	
17301504	17301504	1887536	3692368	11534336	0	5579904	11534336	269924	269924	0	1582543	0	
17301504	17301504	1888696	3691208	11534336	0	5579904	11534336	274100	274100	0	1233127	0	
17301504	17301504	1812140	3767764	11534336	0	5579904	11534336	257596	257596	0	1096872	0	
17301504	17301504	1857808	3722096	11534336	0	5579904	11534336	274732	274732	0	1414789	0	
17301504	17301504	1937140	3642764	11534336	0	5579904	11534336	281060	281060	0	1121588	0	
17301504	17301504	1908648	3671256	11534336	0	5579904	11534336	276104	276104	0	1153423	0	
17301504	17301504	1884864	3695040	11534336	0	5579904	11534336	271568	271568	0	1121609	0	
17301504	17301504	1884144	3695760	11534336	0	5579904	11534336	271884	271884	0	1107661	0	
17301504	17301504	1885044	3694860	11534336	0	5579904	11534336	272264	272264	0	1119678	0	
17301504	17301504	1884576	3695328	11534336	0	5579904	11534336	271712	271712	0	1140126	0	
17301504	17301504	1885876	3694028	11534336	0	5579904	11534336	273032	273032	0	1086848	0	
17301504	17301504	1914548	3665356	11534336	0	5579904	11534336	278416	278416	0	1124394	0	
17301504	17301504	1908428	3671476	11534336	0	5579904	11534336	275628	275628	0	1125540	0	
17301504	17301504	1928332	3651572	11534336	0	5579904	11534336	281204	281204	0	1093238	0	
17301504	17301504	1923300	3656604	11534336	0	5579904	11534336	274120	274120	0	1187046	0	
17301504	17301504	1885632	3694272	11534336	0	5579904	11534336	271616	271616	0	1128723	0	
17301504	17301504	1928832	3651072	11534336	0	5579904	11534336	282308	282308	0	1091155	0	
17301504	17301504	1923476	3656428	11534336	0	5579904	11534336	277488	277488	0	1212870	0	
17301504	17301504	1887328	3692576	11534336	0	5579904	11534336	274292	274292	0	1180458	0	
17301504	17301504	1882452	3697452	11534336	0	5579904	11534336	272756	272756	0	1282717	0	
17301504	17301504	1883632	3696272	11534336	0	5579904	11534336	274596	274596	0	1087954	0	
17301504	17301504	1914356	3665548	11534336	0	5579904	11534336	279636	279636	0	1131196	0	
17301504	17301504	1936224	3643680	11534336	0	5579904	11534336	282488	282488	0	1064018	0	
17301504	17301504	1936264	3643640	11534336	0	5579904	11534336	281164	281164	0	1115612	0	
17301504	17301504	1906348	3673556	11534336	0	5579904	11534336	275728	275728	0	1050414	0	
17301504	17301504	1929028	3650876	11534336	0	5579904	11534336	283440	283440	0	1134895	0	
17301504	17301504	1963320	3616584	11534336	0	5579904	11534336	284100	284100	0	1194492	0	
17301504	17301504	1918036	3661868	11534336	0	5579904	11534336	274072	274072	0	1069504	0	
17301504	17301504	1914144	3665760	11534336	0	5579904	11534336	277632	277632	0	1119112	0	
17301504	17301504	1906156	3673748	11534336	0	5579904	11534336	275236	275236	0	1156548	0	
17301504	17301504	1896920	3682984	11534336	0	5579904	11534336	275852	275852	0	1139562	0	
17301504	17301504	1803748	3776156	11534336	0	5579904	11534336	253220	253220	0	1186179	0	
17301504	17301504	1725756	3854148	11534336	0	5579904	11534336	250168	250168	0	1198666	0	
17301504	17301504	1725536	3854368	11534336	0	5579904	11534336	248112	248112	0	1118130	0	
17301504	17301504	1819836	3760068	11534336	0	5579904	11534336	268084	268084	0	1154579	0	
17301504	17301504	1781764	3798140	11534336	0	5579904	11534336	251340	251340	0	1118966	0	
17301504	17301504	1801976	3777928	11534336	0	5579904	11534336	263032	263032	0	1450965	0	
17301504	17301504	1889080	3690824	11534336	0	5579904	11534336	272872	272872	0	1071570	0	
17301504	17301504	1782028	3797876	11534336	0	5579904	11534336	249916	249916	0	1064723	0	
17301504	17301504	1697060	3882844	11534336	0	5579904	11534336	244728	244728	0	1083570	0	
17301504	17301504	1714392	3865512	11534336	0	5579904	11534336	248384	248384	0	1087794	0	
17301504	17301504	1724096	3855808	11534336	0	5579904	11534336	248096	248096	0	1156076	0	
17301504	17301504	1709896	3870008	11534336	0	5579904	11534336	245620	245620	0	1157413	0	
17301504	17301504	1808888	3771016	11534336	0	5579904	11534336	269368	269368	0	1436250	0	
17301504	17301504	1892796	3687108	11534336	0	5579904	11534336	274896	274896	0	1121786	0	
17301504	17301504	1891420	3688484	11534336	0	5579904	11534336	273824	273824	0	1174317	0	
17301504	17301504	1892656	3687248	11534336	0	5579904	11534336	275032	275032	0	1070675	0	
17301504	17301504	1892520	3687384	11534336	0	5579904	11534336	274880	274880	0	1131899	0	
17301504	17301504	1780976	3798928	11534336	0	5579904	11534336	251276	251276	0	1059393	0	
17301504	17301504	1712024	3867880	11534336	0	5579904	11534336	246748	246748	0	1144825	0	
17301504	17301504	1723940	3855964	11534336	0	5579904	11534336	252872	252872	0	1143588	0	
17301504	17301504	1843412	3736492	11534336	0	5579904	11534336	269476	269476	0	1240714	0	
17301504	17301504	1826924	3752980	11534336	0	5579904	11534336	257832	257832	0	1101115	0	
17301504	17301504	1720512	3859392	11534336	0	5579904	11534336	245744	245744	0	1074676	0	
17301504	17301504	1712908	3866996	11534336	0	5579904	11534336	245732	245732	0	1062691	0	
17301504	17301504	1707452	3872452	11534336	0	5579904	11534336	245948	245948	0	1036244	0	
17301504	17301504	1711696	3868208	11534336	0	5579904	11534336	247496	247496	0	1096283	0	
17301504	17301504	1724224	3855680	11534336	0	5579904	11534336	247396	247396	0	1087687	0	
17301504	17301504	1706804	3873100	11534336	0	5579904	11534336	244904	244904	0	1151564	0	
17301504	17301504	1712048	3867856	11534336	0	5579904	11534336	248748	248748	0	1166498	0	
17301504	17301504	1727152	3852752	11534336	0	5579904	11534336	248896	248896	0	1131236	0	
17301504	17301504	1722672	3857232	11534336	0	5579904	11534336	246580	246580	0	1081008	0	
17301504	17301504	1707896	3872008	11534336	0	5579904	11534336	244456	244456	0	1063232	0	
17301504	17301504	1696796	3883108	11534336	0	5579904	11534336	244884	244884	0	1145602	0	
17301504	17301504	1713296	3866608	11534336	0	5579904	11534336	246848	246848	0	1124510	0	
17301504	17301504	1723892	3856012	11534336	0	5579904	11534336	247780	247780	0	1085938	0	
17301504	17301504	1708288	3871616	11534336	0	5579904	11534336	246696	246696	0	1023917	0	
17301504	17301504	1710944	3868960	11534336	0	5579904	11534336	242684	242684	0	1098362	0	
17301504	17301504	1814520	3765384	11534336	0	5579904	11534336	264008	264008	0	1098076	0	
17301504	17301504	1790084	3789820	11534336	0	5579904	11534336	242124	242124	0	1190000	0	
17301504	17301504	1707416	3872488	11534336	0	5579904	11534336	244296	244296	0	1084903	0	
17301504	17301504	1712800	3867104	11534336	0	5579904	11534336	246984	246984	0	1042872	0	
17301504	17301504	1722808	3857096	11534336	0	5579904	11534336	248764	248764	0	1106559	0	
17301504	17301504	1706024	3873880	11534336	0	5579904	11534336	245164	245164	0	1094640	0	
17301504	17301504	1695924	3883980	11534336	0	5579904	11534336	243240	243240	0	1077070	0	
17301504	17301504	1710344	3869560	11534336	0	5579904	11534336	245824	245824	0	1013935	0	
17301504	17301504	1707472	3872432	11534336	0	5579904	11534336	244476	244476	0	1176410	0	
17301504	17301504	1713784	3866120	11534336	0	5579904	11534336	246344	246344	0	1048673	0	
17301504	17301504	1818740	3761164	11534336	0	5579904	11534336	266728	266728	0	1100004	0	
17301504	17301504	1794820	3785084	11534336	0	5579904	11534336	251932	251932	0	1223694	0	
17301504	17301504	1722928	3856976	11534336	0	5579904	11534336	246832	246832	0	1071204	0	
17301504	17301504	1755964	3823940	11534336	0	5579904	11534336	255296	255296	0	1213345	0	
17301504	17301504	1744512	3835392	11534336	0	5579904	11534336	248432	248432	0	1095805	0	
17301504	17301504	1724516	3855388	11534336	0	5579904	11534336	247080	247080	0	1075502	0	
17301504	17301504	1818216	3761688	11534336	0	5579904	11534336	268132	268132	0	1386195	0	
17301504	17301504	1890924	3688980	11534336	0	5579904	11534336	273212	273212	0	1448124	0	
17301504	17301504	1915564	3664340	11534336	0	5579904	11534336	276376	276376	0	1169704	0	
17301504	17301504	1813980	3765924	11534336	0	5579904	11534336	252956	252956	0	1234097	0	
17301504	17301504	1819476	3760428	11534336	0	5579904	11534336	266312	266312	0	1221069	0	
17301504	17301504	1782760	3797144	11534336	0	5579904	11534336	250272	250272	0	1216817	0	
17301504	17301504	1801644	3778260	11534336	0	5579904	11534336	258760	258760	0	1279744	0	
17301504	17301504	1803844	3776060	11534336	0	5579904	11534336	255108	255108	0	1154298	0	
17301504	17301504	1731696	3848208	11534336	0	5579904	11534336	247604	247604	0	1044660	0	
17301504	17301504	1722224	3857680	11534336	0	5579904	11534336	247284	247284	0	1072891	0	
17301504	17301504	1706468	3873436	11534336	0	5579904	11534336	242776	242776	0	1036464	0	
17301504	17301504	1710160	3869744	11534336	0	5579904	11534336	245416	245416	0	1054822	0	
17301504	17301504	1817192	3762712	11534336	0	5579904	11534336	267272	267272	0	1392022	0	
17301504	17301504	1884960	3694944	11534336	0	5579904	11534336	268688	268688	0	1128592	0	
17301504	17301504	1775784	3804120	11534336	0	5579904	11534336	248772	248772	0	1088718	0	
17301504	17301504	1711640	3868264	11534336	0	5579904	11534336	243824	243824	0	1046704	0	
17301504	17301504	1750436	3829468	11534336	0	5579904	11534336	252764	252764	0	1119021	0	
17301504	17301504	1744196	3835708	11534336	0	5579904	11534336	250588	250588	0	1139914	0	
17301504	17301504	1723800	3856104	11534336	0	5579904	11534336	247896	247896	0	1116661	0	
17301504	17301504	1721812	3858092	11534336	0	5579904	11534336	244412	244412	0	1071369	0	
17301504	17301504	1723808	3856096	11534336	0	5579904	11534336	246216	246216	0	1052555	0	
17301504	17301504	1721284	3858620	11534336	0	5579904	11534336	245464	245464	0	1080598	0	
17301504	17301504	1705880	3874024	11534336	0	5579904	11534336	244756	244756	0	1080387	0	
17301504	17301504	1695504	3884400	11534336	0	5579904	11534336	243072	243072	0	1063565	0	
17301504	17301504	1696104	3883800	11534336	0	5579904	11534336	241944	241944	0	1045779	0	
17301504	17301504	1712116	3867788	11534336	0	5579904	11534336	244972	244972	0	1008095	0	
17301504	17301504	1720980	3858924	11534336	0	5579904	11534336	247592	247592	0	1043510	0	
17301504	17301504	1735248	3844656	11534336	0	5579904	11534336	253476	253476	0	1110859	0	
17301504	17301504	1716140	3863764	11534336	0	5579904	11534336	242580	242580	0	1049050	0	
17301504	17301504	1710096	3869808	11534336	0	5579904	11534336	244896	244896	0	1017581	0	
17301504	17301504	1706512	3873392	11534336	0	5579904	11534336	243104	243104	0	1082616	0	
17301504	17301504	1708892	3871012	11534336	0	5579904	11534336	244312	244312	0	1002283	0	
17301504	17301504	1857572	3722332	11534336	0	5579904	11534336	276448	276448	0	1134832	0	
17301504	17301504	1822548	3757356	11534336	0	5579904	11534336	253932	253932	0	1154773	0	
17301504	17301504	1705856	3874048	11534336	0	5579904	11534336	244260	244260	0	1073902	0	
17301504	17301504	1708520	3871384	11534336	0	5579904	11534336	244444	244444	0	1086763	0	
17301504	17301504	1812692	3767212	11534336	0	5579904	11534336	263972	263972	0	1100872	0	
17301504	17301504	1803236	3776668	11534336	0	5579904	11534336	253880	253880	0	1105220	0	
17301504	17301504	1717116	3862788	11534336	0	5579904	11534336	248328	248328	0	1098437	0	
17301504	17301504	1695200	3884704	11534336	0	5579904	11534336	244100	244100	0	1057428	0	
17301504	17301504	1710788	3869116	11534336	0	5579904	11534336	245240	245240	0	1016096	0	
17301504	17301504	1719216	3860688	11534336	0	5579904	11534336	245244	245244	0	1069400	0	
17301504	17301504	1719600	3860304	11534336	0	5579904	11534336	248124	248124	0	1092812	0	
17301504	17301504	1704932	3874972	11534336	0	5579904	11534336	241508	241508	0	1027346	0	
17301504	17301504	1710668	3869236	11534336	0	5579904	11534336	248608	248608	0	1044508	0	
17301504	17301504	1720352	3859552	11534336	0	5579904	11534336	245300	245300	0	1093424	0	
17301504	17301504	1704684	3875220	11534336	0	5579904	11534336	242364	242364	0	1095317	0	
17301504	17301504	1709460	3870444	11534336	0	5579904	11534336	245260	245260	0	1077326	0	
17301504	17301504	1705544	3874360	11534336	0	5579904	11534336	243604	243604	0	1061488	0	
17301504	17301504	1710624	3869280	11534336	0	5579904	11534336	243632	243632	0	1060639	0	
17301504	17301504	1720772	3859132	11534336	0	5579904	11534336	245464	245464	0	1058541	0	
17301504	17301504	1720536	3859368	11534336	0	5579904	11534336	243988	243988	0	1119163	0	
17301504	17301504	1704284	3875620	11534336	0	5579904	11534336	242776	242776	0	1120784	0	
17301504	17301504	1694564	3885340	11534336	0	5579904	11534336	241100	241100	0	1127074	0	
17301504	17301504	1692236	3887668	11534336	0	5579904	11534336	241840	241840	0	1049008	0	
17301504	17301504	1711956	3867948	11534336	0	5579904	11534336	245668	245668	0	1076059	0	
17301504	17301504	1719328	3860576	11534336	0	5579904	11534336	241812	241812	0	1429107	0	
17301504	17301504	1854304	3725600	11534336	0	5579904	11534336	273604	273604	0	1406544	0	
17301504	17301504	1944860	3635044	11534336	0	5579904	11534336	278920	278920	0	1181669	0	
17301504	17301504	1900528	3679376	11534336	0	5579904	11534336	268548	268548	0	1469392	0	
17301504	17301504	1883056	3696848	11534336	0	5579904	11534336	271264	271264	0	1157911	0	
17301504	17301504	1887464	3692440	11534336	0	5579904	11534336	270064	270064	0	1110699	0	
17301504	17301504	1777196	3802708	11534336	0	5579904	11534336	248260	248260	0	1172951	0	
17301504	17301504	1692984	3886920	11534336	0	5579904	11534336	240896	240896	0	1147191	0	
17301504	17301504	1799068	3780836	11534336	0	5579904	11534336	262472	262472	0	1143731	0	
17301504	17301504	1877368	3702536	11534336	0	5579904	11534336	262332	262332	0	1316065	0	
17301504	17301504	1772860	3807044	11534336	0	5579904	11534336	246024	246024	0	1084335	0	
17301504	17301504	1709028	3870876	11534336	0	5579904	11534336	244860	244860	0	1061669	0	
17301504	17301504	1810544	3769360	11534336	0	5579904	11534336	263432	263432	0	1185755	0	
17301504	17301504	1788076	3791828	11534336	0	5579904	11534336	249956	249956	0	1124752	0	
17301504	17301504	1810020	3769884	11534336	0	5579904	11534336	262136	262136	0	1273344	0	
17301504	17301504	1789280	3790624	11534336	0	5579904	11534336	248992	248992	0	1197169	0	
17301504	17301504	1735372	3844532	11534336	0	5579904	11534336	249680	249680	0	1115593	0	
17301504	17301504	1820180	3759724	11534336	0	5579904	11534336	264700	264700	0	1116506	0	
17301504	17301504	1907384	3672520	11534336	0	5579904	11534336	274992	274992	0	1116622	0	
17301504	17301504	1932156	3647748	11534336	0	5579904	11534336	276300	276300	0	1162165	0	
17301504	17301504	1900752	3679152	11534336	0	5579904	11534336	269920	269920	0	1156624	0	
17301504	17301504	1877372	3702532	11534336	0	5579904	11534336	268556	268556	0	1137347	0	
