b_initial_y_size_0	b_max_y_size_1	b_used_2	b_available_3	b_committed_4	a_used_5	a_available_6	a_committed_7	a_survived_8	a_promoted_9	a_copied_10	a_time_in_ns_11	promotion_rate_12
25165824	25165824	8116212	12	16777216	98400	8017824	16777216	7366696	7339080	0	4211931	99	
25165824	25165824	8116212	12	16777216	1631616	6484608	16777216	1362764	7948	0	1022235	28	
25165824	25165824	8116224	0	16777216	1623428	6492796	16777216	2609968	1259716	0	1764316	92	
25165824	25165824	2409960	5706264	16777216	0	8116224	16777216	492248	492248	0	1478915	36	
25165824	25165824	2110096	6006128	16777216	0	8116224	16777216	326380	326380	0	2197464	0	
25165824	25165824	1986700	6129524	16777216	0	8116224	16777216	300332	300332	0	1169380	0	
25165824	25165824	2023628	6092596	16777216	0	8116224	16777216	318000	318000	0	1760078	0	
25165824	25165824	2126712	5989512	16777216	0	8116224	16777216	330084	330084	0	959596	0	
25165824	25165824	2016124	6100100	16777216	0	8116224	16777216	313652	313652	0	1091956	0	
25165824	25165824	1881816	6234408	16777216	0	8116224	16777216	288644	288644	0	1069928	0	
25165824	25165824	1889168	6227056	16777216	0	8116224	16777216	292344	292344	0	1065067	0	
25165824	25165824	1911696	6204528	16777216	0	8116224	16777216	295328	295328	0	1067817	0	
25165824	25165824	1911780	6204444	16777216	0	8116224	16777216	292668	292668	0	1242309	0	
25165824	25165824	1880792	6235432	16777216	0	8116224	16777216	288084	288084	0	1117973	0	
25165824	25165824	1965004	6151220	16777216	0	8116224	16777216	310664	310664	0	1188041	0	
25165824	25165824	2065776	6050448	16777216	0	8116224	16777216	335176	335176	0	1250712	0	
25165824	25165824	2094836	6021388	16777216	0	8116224	16777216	327512	327512	0	1174411	0	
25165824	25165824	2083708	6032516	16777216	0	8116224	16777216	318864	318864	0	1062308	0	
25165824	25165824	1948856	6167368	16777216	0	8116224	16777216	296652	296652	0	1585130	0	
25165824	25165824	1979584	6136640	16777216	0	8116224	16777216	311164	311164	0	1093287	0	
25165824	25165824	2079552	6036672	16777216	0	8116224	16777216	322252	322252	0	1057001	0	
25165824	25165824	1963052	6153172	16777216	0	8116224	16777216	297128	297128	0	1112207	0	
25165824	25165824	1858860	6257364	16777216	0	8116224	16777216	287264	287264	0	1085944	0	
25165824	25165824	1888420	6227804	16777216	0	8116224	16777216	293836	293836	0	1063984	0	
25165824	25165824	1911544	6204680	16777216	0	8116224	16777216	293640	293640	0	1104021	0	
25165824	25165824	2003604	6112620	16777216	0	8116224	16777216	313016	313016	0	1143989	0	
25165824	25165824	2007580	6108644	16777216	0	8116224	16777216	328584	328584	0	1155933	0	
25165824	25165824	1991532	6124692	16777216	0	8116224	16777216	310192	310192	0	1206030	0	
25165824	25165824	1941244	6174980	16777216	0	8116224	16777216	283924	283924	0	1204706	0	
25165824	25165824	1871696	6244528	16777216	0	8116224	16777216	288904	288904	0	1161146	0	
25165824	25165824	1870144	6246080	16777216	0	8116224	16777216	287552	287552	0	1104478	0	
25165824	25165824	1967948	6148276	16777216	0	8116224	16777216	309648	309648	0	1072547	0	
25165824	25165824	2063448	6052776	16777216	0	8116224	16777216	319200	319200	0	1176243	0	
25165824	25165824	2103728	6012496	16777216	0	8116224	16777216	326468	326468	0	1151526	0	
25165824	25165824	2126712	5989512	16777216	0	8116224	16777216	328052	328052	0	1219638	0	
25165824	25165824	2111800	6004424	16777216	0	8116224	16777216	305952	305952	0	1047544	0	
25165824	25165824	2112380	6003844	16777216	0	8116224	16777216	327820	327820	0	1026055	0	
25165824	25165824	2126200	5990024	16777216	0	8116224	16777216	330064	330064	0	1160277	0	
25165824	25165824	2083124	6033100	16777216	0	8116224	16777216	319216	319216	0	1281743	0	
25165824	25165824	1971372	6144852	16777216	0	8116224	16777216	297748	297748	0	1093552	0	
25165824	25165824	1990008	6126216	16777216	0	8116224	16777216	311320	311320	0	1191269	0	
25165824	25165824	1939788	6176436	16777216	0	8116224	16777216	293724	293724	0	1085061	0	
25165824	25165824	1913024	6203200	16777216	0	8116224	16777216	329608	329608	0	1197346	0	
25165824	25165824	1900160	6216064	16777216	0	8116224	16777216	292844	292844	0	1096835	0	
25165824	25165824	1911972	6204252	16777216	0	8116224	16777216	294508	294508	0	1138422	0	
25165824	25165824	1926856	6189368	16777216	0	8116224	16777216	297136	297136	0	1440243	0	
25165824	25165824	1999780	6116444	16777216	0	8116224	16777216	312168	312168	0	1124658	0	
25165824	25165824	1969336	6146888	16777216	0	8116224	16777216	299056	299056	0	1190613	0	
25165824	25165824	1988568	6127656	16777216	0	8116224	16777216	314064	314064	0	1146622	0	
25165824	25165824	2076396	6039828	16777216	0	8116224	16777216	323500	323500	0	1111978	0	
25165824	25165824	2098880	6017344	16777216	0	8116224	16777216	301028	301028	0	1121308	0	
25165824	25165824	2068156	6048068	16777216	0	8116224	16777216	318136	318136	0	1061881	0	
25165824	25165824	1957620	6158604	16777216	0	8116224	16777216	297240	297240	0	1100954	0	
25165824	25165824	1869188	6247036	16777216	0	8116224	16777216	286432	286432	0	1159724	0	
25165824	25165824	1872648	6243576	16777216	0	8116224	16777216	290540	290540	0	1098776	0	
25165824	25165824	1884544	6231680	16777216	0	8116224	16777216	291560	291560	0	1106124	0	
25165824	25165824	1869036	6247188	16777216	0	8116224	16777216	287616	287616	0	1070017	0	
25165824	25165824	1888032	6228192	16777216	0	8116224	16777216	291312	291312	0	1054327	0	
25165824	25165824	1880584	6235640	16777216	0	8116224	16777216	287160	287160	0	1102114	0	
25165824	25165824	1873592	6242632	16777216	0	8116224	16777216	289672	289672	0	1098577	0	
25165824	25165824	1869104	6247120	16777216	0	8116224	16777216	287972	287972	0	1134885	0	
25165824	25165824	1967608	6148616	16777216	0	8116224	16777216	309960	309960	0	1175423	0	
25165824	25165824	1955392	6160832	16777216	0	8116224	16777216	265388	265388	0	1172639	0	
25165824	25165824	1879792	6236432	16777216	0	8116224	16777216	290660	290660	0	1415274	0	
25165824	25165824	1990768	6125456	16777216	0	8116224	16777216	312984	312984	0	1197706	0	
25165824	25165824	2058992	6057232	16777216	0	8116224	16777216	317568	317568	0	1187294	0	
25165824	25165824	2016324	6099900	16777216	0	8116224	16777216	357704	357704	0	1287446	0	
25165824	25165824	1900408	6215816	16777216	0	8116224	16777216	293284	293284	0	1362161	0	
25165824	25165824	2018336	6097888	16777216	0	8116224	16777216	317288	317288	0	1171933	0	
25165824	25165824	1992640	6123584	16777216	0	8116224	16777216	303596	303596	0	1232239	0	
25165824	25165824	1911432	6204792	16777216	0	8116224	16777216	293964	293964	0	1058955	0	
25165824	25165824	1911556	6204668	16777216	0	8116224	16777216	293352	293352	0	1068427	0	
25165824	25165824	1912040	6204184	16777216	0	8116224	16777216	295696	295696	0	1393213	0	
25165824	25165824	1990756	6125468	16777216	0	8116224	16777216	311328	311328	0	1188563	0	
25165824	25165824	2050296	6065928	16777216	0	8116224	16777216	316580	316580	0	1075108	0	
25165824	25165824	1956012	6160212	16777216	0	8116224	16777216	296660	296660	0	1106291	0	
25165824	25165824	1869256	6246968	16777216	0	8116224	16777216	288708	288708	0	1070963	0	
25165824	25165824	1872968	6243256	16777216	0	8116224	16777216	288764	288764	0	1097044	0	
25165824	25165824	1900120	6216104	16777216	0	8116224	16777216	292872	292872	0	1120373	0	
25165824	25165824	1987972	6128252	16777216	0	8116224	16777216	310948	310948	0	1463576	0	
25165824	25165824	2048080	6068144	16777216	0	8116224	16777216	313840	313840	0	1213264	0	
25165824	25165824	2050588	6065636	16777216	0	8116224	16777216	317712	317712	0	1232916	0	
25165824	25165824	2050808	6065416	16777216	0	8116224	16777216	316920	316920	0	1144786	0	
25165824	25165824	2062408	6053816	16777216	0	8116224	16777216	318100	318100	0	1379387	0	
25165824	25165824	2059364	6056860	16777216	0	8116224	16777216	305332	305332	0	1265875	0	
25165824	25165824	2046100	6070124	16777216	0	8116224	16777216	284068	284068	0	1294693	0	
25165824	25165824	2043428	6072796	16777216	0	8116224	16777216	307860	307860	0	1201673	0	
25165824	25165824	2048896	6067328	16777216	0	8116224	16777216	306888	306888	0	1082870	0	
25165824	25165824	2106536	6009688	16777216	0	8116224	16777216	328636	328636	0	1102134	0	
25165824	25165824	2137564	5978660	16777216	0	8116224	16777216	328152	328152	0	1244701	0	
25165824	25165824	1973180	6143044	16777216	0	8116224	16777216	295288	295288	0	1273245	0	
25165824	25165824	1858152	6258072	16777216	0	8116224	16777216	286560	286560	0	1096264	0	
25165824	25165824	1888060	6228164	16777216	0	8116224	16777216	293736	293736	0	1185058	0	
25165824	25165824	1911044	6205180	16777216	0	8116224	16777216	295428	295428	0	1407077	0	
25165824	25165824	2032696	6083528	16777216	0	8116224	16777216	322428	322428	0	1092716	0	
25165824	25165824	2018792	6097432	16777216	0	8116224	16777216	306516	306516	0	1125176	0	
25165824	25165824	1922688	6193536	16777216	0	8116224	16777216	294852	294852	0	1433003	0	
25165824	25165824	2017044	6099180	16777216	0	8116224	16777216	317948	317948	0	1140960	0	
25165824	25165824	2067852	6048372	16777216	0	8116224	16777216	292824	292824	0	1196163	0	
25165824	25165824	1966604	6149620	16777216	0	8116224	16777216	300576	300576	0	1108745	0	
25165824	25165824	2019608	6096616	16777216	0	8116224	16777216	319448	319448	0	1224726	0	
25165824	25165824	2098396	6017828	16777216	0	8116224	16777216	323720	323720	0	1140066	0	
25165824	25165824	2113736	6002488	16777216	0	8116224	16777216	329020	329020	0	1118934	0	
25165824	25165824	2093092	6023132	16777216	0	8116224	16777216	393316	393316	0	1167782	0	
25165824	25165824	2033652	6082572	16777216	0	8116224	16777216	321240	321240	0	1184496	0	
25165824	25165824	2082696	6033528	16777216	0	8116224	16777216	319436	319436	0	1169295	0	
25165824	25165824	1972200	6144024	16777216	0	8116224	16777216	300376	300376	0	1081239	0	
25165824	25165824	1912164	6204060	16777216	0	8116224	16777216	294012	294012	0	1127890	0	
25165824	25165824	1912220	6204004	16777216	0	8116224	16777216	294968	294968	0	1057243	0	
25165824	25165824	1880748	6235476	16777216	0	8116224	16777216	288832	288832	0	1032908	0	
25165824	25165824	1872800	6243424	16777216	0	8116224	16777216	288128	288128	0	1079273	0	
25165824	25165824	1900176	6216048	16777216	0	8116224	16777216	291428	291428	0	1141283	0	
25165824	25165824	1990740	6125484	16777216	0	8116224	16777216	307360	307360	0	1300239	0	
25165824	25165824	1955364	6160860	16777216	0	8116224	16777216	296376	296376	0	1185691	0	
25165824	25165824	1980024	6136200	16777216	0	8116224	16777216	309580	309580	0	1501236	0	
25165824	25165824	2050684	6065540	16777216	0	8116224	16777216	311520	311520	0	1166474	0	
25165824	25165824	2050088	6066136	16777216	0	8116224	16777216	316208	316208	0	1178584	0	
25165824	25165824	2050904	6065320	16777216	0	8116224	16777216	316208	316208	0	1459104	0	
25165824	25165824	2050432	6065792	16777216	0	8116224	16777216	317124	317124	0	1283898	0	
25165824	25165824	2050380	6065844	16777216	0	8116224	16777216	316456	316456	0	1118702	0	
25165824	25165824	2093548	6022676	16777216	0	8116224	16777216	324808	324808	0	1093503	0	
25165824	25165824	1972584	6143640	16777216	0	8116224	16777216	295236	295236	0	1160251	0	
25165824	25165824	1856904	6259320	16777216	0	8116224	16777216	284348	284348	0	1100049	0	
25165824	25165824	1872468	6243756	16777216	0	8116224	16777216	276308	276308	0	1188567	0	
25165824	25165824	1881372	6234852	16777216	0	8116224	16777216	289268	289268	0	1108185	0	
25165824	25165824	1889012	6227212	16777216	0	8116224	16777216	288636	288636	0	1096283	0	
25165824	25165824	2021388	6094836	16777216	0	8116224	16777216	316880	316880	0	1388252	0	
25165824	25165824	2124452	5991772	16777216	0	8116224	16777216	327720	327720	0	1157774	0	
25165824	25165824	2002432	6113792	16777216	0	8116224	16777216	303192	303192	0	1468858	0	
25165824	25165824	2001908	6114316	16777216	0	8116224	16777216	313828	313828	0	1167259	0	
25165824	25165824	1964444	6151780	16777216	0	8116224	16777216	298016	298016	0	1095055	0	
25165824	25165824	1898580	6217644	16777216	0	8116224	16777216	291008	291008	0	1179211	0	
25165824	25165824	1894900	6221324	16777216	0	8116224	16777216	289812	289812	0	1145887	0	
25165824	25165824	2021088	6095136	16777216	0	8116224	16777216	318060	318060	0	1111389	0	
25165824	25165824	2081476	6034748	16777216	0	8116224	16777216	318500	318500	0	1091710	0	
25165824	25165824	2049684	6066540	16777216	0	8116224	16777216	317284	317284	0	1105661	0	
25165824	25165824	2092040	6024184	16777216	0	8116224	16777216	324680	324680	0	1227684	0	
25165824	25165824	2125740	5990484	16777216	0	8116224	16777216	327880	327880	0	1173865	0	
25165824	25165824	2125240	5990984	16777216	0	8116224	16777216	329048	329048	0	1355245	0	
25165824	25165824	2081684	6034540	16777216	0	8116224	16777216	318380	318380	0	1093055	0	
25165824	25165824	1939812	6176412	16777216	0	8116224	16777216	289880	289880	0	1135627	0	
25165824	25165824	1966204	6150020	16777216	0	8116224	16777216	308964	308964	0	1231418	0	
25165824	25165824	2075908	6040316	16777216	0	8116224	16777216	322156	322156	0	1214953	0	
25165824	25165824	1990208	6126016	16777216	0	8116224	16777216	300488	300488	0	1204200	0	
25165824	25165824	1910044	6206180	16777216	0	8116224	16777216	294484	294484	0	1122188	0	
25165824	25165824	2016476	6099748	16777216	0	8116224	16777216	315644	315644	0	1148706	0	
25165824	25165824	1990320	6125904	16777216	0	8116224	16777216	301388	301388	0	1470596	0	
25165824	25165824	2016404	6099820	16777216	0	8116224	16777216	315444	315444	0	1116280	0	
25165824	25165824	2096096	6020128	16777216	0	8116224	16777216	322320	322320	0	1166426	0	
25165824	25165824	2111936	6004288	16777216	0	8116224	16777216	326332	326332	0	1160903	0	
25165824	25165824	2016528	6099696	16777216	0	8116224	16777216	304020	304020	0	1493789	0	
25165824	25165824	1997532	6118692	16777216	0	8116224	16777216	309468	309468	0	1216138	0	
25165824	25165824	2089448	6026776	16777216	0	8116224	16777216	323172	323172	0	1391908	0	
25165824	25165824	2123856	5992368	16777216	0	8116224	16777216	328172	328172	0	1119614	0	
25165824	25165824	2122624	5993600	16777216	0	8116224	16777216	324876	324876	0	1245924	0	
25165824	25165824	2123732	5992492	16777216	0	8116224	16777216	327720	327720	0	979062	0	
25165824	25165824	2001328	6114896	16777216	0	8116224	16777216	300352	300352	0	1038200	0	
25165824	25165824	1909444	6206780	16777216	0	8116224	16777216	429564	429564	0	1183025	0	
25165824	25165824	1990460	6125764	16777216	0	8116224	16777216	309144	309144	0	1209693	0	
25165824	25165824	1970676	6145548	16777216	0	8116224	16777216	298896	298896	0	1246048	0	
25165824	25165824	1910280	6205944	16777216	0	8116224	16777216	292812	292812	0	1132167	0	
25165824	25165824	1911304	6204920	16777216	0	8116224	16777216	291360	291360	0	1048322	0	
25165824	25165824	1910832	6205392	16777216	0	8116224	16777216	293212	293212	0	1087186	0	
25165824	25165824	1879652	6236572	16777216	0	8116224	16777216	286760	286760	0	1080065	0	
25165824	25165824	1967448	6148776	16777216	0	8116224	16777216	307576	307576	0	1192773	0	
25165824	25165824	2046944	6069280	16777216	0	8116224	16777216	282252	282252	0	1139790	0	
25165824	25165824	1980092	6136132	16777216	0	8116224	16777216	301004	301004	0	1128823	0	
25165824	25165824	1921632	6194592	16777216	0	8116224	16777216	294760	294760	0	1186586	0	
25165824	25165824	1989308	6126916	16777216	0	8116224	16777216	307092	307092	0	1287193	0	
25165824	25165824	2045932	6070292	16777216	0	8116224	16777216	313852	313852	0	1180742	0	
25165824	25165824	2047956	6068268	16777216	0	8116224	16777216	315600	315600	0	1068856	0	
25165824	25165824	1969672	6146552	16777216	0	8116224	16777216	297976	297976	0	1087575	0	
25165824	25165824	1895088	6221136	16777216	0	8116224	16777216	273384	273384	0	1075945	0	
25165824	25165824	1895880	6220344	16777216	0	8116224	16777216	292404	292404	0	1086287	0	
25165824	25165824	1909948	6206276	16777216	0	8116224	16777216	292236	292236	0	1053437	0	
25165824	25165824	1909360	6206864	16777216	0	8116224	16777216	293804	293804	0	1175189	0	
25165824	25165824	1879124	6237100	16777216	0	8116224	16777216	287844	287844	0	1114444	0	
25165824	25165824	1886712	6229512	16777216	0	8116224	16777216	288136	288136	0	1038417	0	
25165824	25165824	1909516	6206708	16777216	0	8116224	16777216	293704	293704	0	1304309	0	
25165824	25165824	1894496	6221728	16777216	0	8116224	16777216	288932	288932	0	1224867	0	
25165824	25165824	1882200	6234024	16777216	0	8116224	16777216	289560	289560	0	1234901	0	
25165824	25165824	1868216	6248008	16777216	0	8116224	16777216	283208	283208	0	1095614	0	
25165824	25165824	1871828	6244396	16777216	0	8116224	16777216	288604	288604	0	1055326	0	
25165824	25165824	1868600	6247624	16777216	0	8116224	16777216	285092	285092	0	1060058	0	
25165824	25165824	1900396	6215828	16777216	0	8116224	16777216	293208	293208	0	1097050	0	
25165824	25165824	1920208	6196016	16777216	0	8116224	16777216	292688	292688	0	1165838	0	
25165824	25165824	1878476	6237748	16777216	0	8116224	16777216	284344	284344	0	1114272	0	
25165824	25165824	1871940	6244284	16777216	0	8116224	16777216	288388	288388	0	1140247	0	
25165824	25165824	1897816	6218408	16777216	0	8116224	16777216	291584	291584	0	1130907	0	
25165824	25165824	1909016	6207208	16777216	0	8116224	16777216	292096	292096	0	1115942	0	
25165824	25165824	1909212	6207012	16777216	0	8116224	16777216	292456	292456	0	1124327	0	
25165824	25165824	1909848	6206376	16777216	0	8116224	16777216	291408	291408	0	1075310	0	
25165824	25165824	1910652	6205572	16777216	0	8116224	16777216	291960	291960	0	1467127	0	
25165824	25165824	1988328	6127896	16777216	0	8116224	16777216	308912	308912	0	1193252	0	
25165824	25165824	1939312	6176912	16777216	0	8116224	16777216	290960	290960	0	1088531	0	
25165824	25165824	1856140	6260084	16777216	0	8116224	16777216	283252	283252	0	1082454	0	
25165824	25165824	1885412	6230812	16777216	0	8116224	16777216	289948	289948	0	1042596	0	
25165824	25165824	1908004	6208220	16777216	0	8116224	16777216	290120	290120	0	1123674	0	
25165824	25165824	1909308	6206916	16777216	0	8116224	16777216	291056	291056	0	1075103	0	
25165824	25165824	1969548	6146676	16777216	0	8116224	16777216	304688	304688	0	1235045	0	
25165824	25165824	1968472	6147752	16777216	0	8116224	16777216	284964	284964	0	1143018	0	
25165824	25165824	1916424	6199800	16777216	0	8116224	16777216	294476	294476	0	1509937	0	
25165824	25165824	2030204	6086020	16777216	0	8116224	16777216	317052	317052	0	1100857	0	
25165824	25165824	2000452	6115772	16777216	0	8116224	16777216	302344	302344	0	1102739	0	
25165824	25165824	1987564	6128660	16777216	0	8116224	16777216	308128	308128	0	1230027	0	
25165824	25165824	1953680	6162544	16777216	0	8116224	16777216	292888	292888	0	1149984	0	
25165824	25165824	1867648	6248576	16777216	0	8116224	16777216	283288	283288	0	1247938	0	
25165824	25165824	1870456	6245768	16777216	0	8116224	16777216	286356	286356	0	1215602	0	
25165824	25165824	1976748	6139476	16777216	0	8116224	16777216	307624	307624	0	1066017	0	
25165824	25165824	2048496	6067728	16777216	0	8116224	16777216	313260	313260	0	1169188	0	
25165824	25165824	2048536	6067688	16777216	0	8116224	16777216	308848	308848	0	1113915	0	
25165824	25165824	2090736	6025488	16777216	0	8116224	16777216	322244	322244	0	1154800	0	
25165824	25165824	2000368	6115856	16777216	0	8116224	16777216	298448	298448	0	1129886	0	
25165824	25165824	1988396	6127828	16777216	0	8116224	16777216	305940	305940	0	1075419	0	
25165824	25165824	2074896	6041328	16777216	0	8116224	16777216	300896	300896	0	1021144	0	
25165824	25165824	1987436	6128788	16777216	0	8116224	16777216	298224	298224	0	1086948	0	
25165824	25165824	1893356	6222868	16777216	0	8116224	16777216	286648	286648	0	1158680	0	
25165824	25165824	1976948	6139276	16777216	0	8116224	16777216	306156	306156	0	1089404	0	
25165824	25165824	2047456	6068768	16777216	0	8116224	16777216	312544	312544	0	1204352	0	
25165824	25165824	2047444	6068780	16777216	0	8116224	16777216	313112	313112	0	1102282	0	
25165824	25165824	1967912	6148312	16777216	0	8116224	16777216	295796	295796	0	1180967	0	
25165824	25165824	1906676	6209548	16777216	0	8116224	16777216	291132	291132	0	1097423	0	
25165824	25165824	2013948	6102276	16777216	0	8116224	16777216	314192	314192	0	1291024	0	
25165824	25165824	1988932	6127292	16777216	0	8116224	16777216	299140	299140	0	1183609	0	
25165824	25165824	1877132	6239092	16777216	0	8116224	16777216	284880	284880	0	1050661	0	
25165824	25165824	1884816	6231408	16777216	0	8116224	16777216	289536	289536	0	1127528	0	
25165824	25165824	1906424	6209800	16777216	0	8116224	16777216	292520	292520	0	1099160	0	
25165824	25165824	1907632	6208592	16777216	0	8116224	16777216	291356	291356	0	1095945	0	
25165824	25165824	1907812	6208412	16777216	0	8116224	16777216	291216	291216	0	1088859	0	
25165824	25165824	1982772	6133452	16777216	0	8116224	16777216	308452	308452	0	1136125	0	
25165824	25165824	2040964	6075260	16777216	0	8116224	16777216	313048	313048	0	1198191	0	
25165824	25165824	2045104	6071120	16777216	0	8116224	16777216	314812	314812	0	1055264	0	
25165824	25165824	1936320	6179904	16777216	0	8116224	16777216	290584	290584	0	1236792	0	
25165824	25165824	1884480	6231744	16777216	0	8116224	16777216	291064	291064	0	1528611	0	
25165824	25165824	1983420	6132804	16777216	0	8116224	16777216	298920	298920	0	1280037	0	
25165824	25165824	1962956	6153268	16777216	0	8116224	16777216	296316	296316	0	1119638	0	
25165824	25165824	1879680	6236544	16777216	0	8116224	16777216	285880	285880	0	1158360	0	
25165824	25165824	1884288	6231936	16777216	0	8116224	16777216	289944	289944	0	1087266	0	
25165824	25165824	1922212	6194012	16777216	0	8116224	16777216	294956	294956	0	1105656	0	
25165824	25165824	1887792	6228432	16777216	0	8116224	16777216	285356	285356	0	1145172	0	
25165824	25165824	1976468	6139756	16777216	0	8116224	16777216	514044	514044	0	1090865	0	
25165824	25165824	2100732	6015492	16777216	0	8116224	16777216	324056	324056	0	1139444	0	
25165824	25165824	2124172	5992052	16777216	0	8116224	16777216	324828	324828	0	1169354	0	
25165824	25165824	2124492	5991732	16777216	0	8116224	16777216	326184	326184	0	1142938	0	
25165824	25165824	2016936	6099288	16777216	0	8116224	16777216	302580	302580	0	1179840	0	
25165824	25165824	2001956	6114268	16777216	0	8116224	16777216	307880	307880	0	1142185	0	
25165824	25165824	1939640	6176584	16777216	0	8116224	16777216	288576	288576	0	1243362	0	
25165824	25165824	1870744	6245480	16777216	0	8116224	16777216	284744	284744	0	1155003	0	
25165824	25165824	1898204	6218020	16777216	0	8116224	16777216	291824	291824	0	1143283	0	
25165824	25165824	1924468	6191756	16777216	0	8116224	16777216	292472	292472	0	1138556	0	
25165824	25165824	1919924	6196300	16777216	0	8116224	16777216	293108	293108	0	1484034	0	
25165824	25165824	2000712	6115512	16777216	0	8116224	16777216	309084	309084	0	1503265	0	
25165824	25165824	2099692	6016532	16777216	0	8116224	16777216	323712	323712	0	1037217	0	
25165824	25165824	2001780	6114444	16777216	0	8116224	16777216	299232	299232	0	1166442	0	
25165824	25165824	1988748	6127476	16777216	0	8116224	16777216	307456	307456	0	1181004	0	
25165824	25165824	1954260	6161964	16777216	0	8116224	16777216	292132	292132	0	1120107	0	
25165824	25165824	1897456	6218768	16777216	0	8116224	16777216	289288	289288	0	1108000	0	
25165824	25165824	1908224	6208000	16777216	0	8116224	16777216	291336	291336	0	1101119	0	
25165824	25165824	1925140	6191084	16777216	0	8116224	16777216	293504	293504	0	1222813	0	
25165824	25165824	2000536	6115688	16777216	0	8116224	16777216	309548	309548	0	1217634	0	
25165824	25165824	2048936	6067288	16777216	0	8116224	16777216	312512	312512	0	1103618	0	
25165824	25165824	1969864	6146360	16777216	0	8116224	16777216	296256	296256	0	1113015	0	
25165824	25165824	2017548	6098676	16777216	0	8116224	16777216	315452	315452	0	1177369	0	
25165824	25165824	2069028	6047196	16777216	0	8116224	16777216	315812	315812	0	1178375	0	
25165824	25165824	2060304	6055920	16777216	0	8116224	16777216	316680	316680	0	1093415	0	
25165824	25165824	2057948	6058276	16777216	0	8116224	16777216	310056	310056	0	1301962	0	
25165824	25165824	2049644	6066580	16777216	0	8116224	16777216	315020	315020	0	1287967	0	
25165824	25165824	2090140	6026084	16777216	0	8116224	16777216	321296	321296	0	1181210	0	
25165824	25165824	2092800	6023424	16777216	0	8116224	16777216	317944	317944	0	1132313	0	
25165824	25165824	1947588	6168636	16777216	0	8116224	16777216	291464	291464	0	1233317	0	
25165824	25165824	1857260	6258964	16777216	0	8116224	16777216	282588	282588	0	1108228	0	
25165824	25165824	1962460	6153764	16777216	0	8116224	16777216	286828	286828	0	1527301	0	
25165824	25165824	2055680	6060544	16777216	0	8116224	16777216	315496	315496	0	1171464	0	
25165824	25165824	1961268	6154956	16777216	0	8116224	16777216	293136	293136	0	1127514	0	
25165824	25165824	1977880	6138344	16777216	0	8116224	16777216	305368	305368	0	1259595	0	
25165824	25165824	2044244	6071980	16777216	0	8116224	16777216	312116	312116	0	1093455	0	
25165824	25165824	2042000	6074224	16777216	0	8116224	16777216	303620	303620	0	1122327	0	
25165824	25165824	1949124	6167100	16777216	0	8116224	16777216	292936	292936	0	1242152	0	
25165824	25165824	1882112	6234112	16777216	0	8116224	16777216	285120	285120	0	1183618	0	
25165824	25165824	1896180	6220044	16777216	0	8116224	16777216	288316	288316	0	1254197	0	
25165824	25165824	1988180	6128044	16777216	0	8116224	16777216	307316	307316	0	1253021	0	
25165824	25165824	2059612	6056612	16777216	0	8116224	16777216	314772	314772	0	1219922	0	
25165824	25165824	2068040	6048184	16777216	0	8116224	16777216	315044	315044	0	1147290	0	
25165824	25165824	1962496	6153728	16777216	0	8116224	16777216	293244	293244	0	1116196	0	
25165824	25165824	2002828	6113396	16777216	0	8116224	16777216	312348	312348	0	1180735	0	
25165824	25165824	2004808	6111416	16777216	0	8116224	16777216	301604	301604	0	1141023	0	
25165824	25165824	1918288	6197936	16777216	0	8116224	16777216	290728	290728	0	1165334	0	
25165824	25165824	1907880	6208344	16777216	0	8116224	16777216	289660	289660	0	1136043	0	
25165824	25165824	1987992	6128232	16777216	0	8116224	16777216	306544	306544	0	1232191	0	
25165824	25165824	2048536	6067688	16777216	0	8116224	16777216	308996	308996	0	1151370	0	
25165824	25165824	1967968	6148256	16777216	0	8116224	16777216	294960	294960	0	1131169	0	
25165824	25165824	1907768	6208456	16777216	0	8116224	16777216	287528	287528	0	1136061	0	
25165824	25165824	1877308	6238916	16777216	0	8116224	16777216	285332	285332	0	1097626	0	
25165824	25165824	1883940	6232284	16777216	0	8116224	16777216	288008	288008	0	1081346	0	
25165824	25165824	1891652	6224572	16777216	0	8116224	16777216	286468	286468	0	1153323	0	
25165824	25165824	1986824	6129400	16777216	0	8116224	16777216	305928	305928	0	1143397	0	
25165824	25165824	2080668	6035556	16777216	0	8116224	16777216	317180	317180	0	1307786	0	
25165824	25165824	2109412	6006812	16777216	0	8116224	16777216	323388	323388	0	1154908	0	
25165824	25165824	1998948	6117276	16777216	0	8116224	16777216	298428	298428	0	1260685	0	
25165824	25165824	1875384	6240840	16777216	0	8116224	16777216	282584	282584	0	1131267	0	
25165824	25165824	1964100	6152124	16777216	0	8116224	16777216	304344	304344	0	1210621	0	
25165824	25165824	1983524	6132700	16777216	0	8116224	16777216	300068	300068	0	1184221	0	
25165824	25165824	1997876	6118348	16777216	0	8116224	16777216	306972	306972	0	1522371	0	
25165824	25165824	2074480	6041744	16777216	0	8116224	16777216	316528	316528	0	1207984	0	
25165824	25165824	2109148	6007076	16777216	0	8116224	16777216	322440	322440	0	1241043	0	
25165824	25165824	1983108	6133116	16777216	0	8116224	16777216	294556	294556	0	1190733	0	
25165824	25165824	1864904	6251320	16777216	0	8116224	16777216	284960	284960	0	1167853	0	
25165824	25165824	1853940	6262284	16777216	0	8116224	16777216	281284	281284	0	1132178	0	
25165824	25165824	1963576	6152648	16777216	0	8116224	16777216	302856	302856	0	1133508	0	
25165824	25165824	2073052	6043172	16777216	0	8116224	16777216	316380	316380	0	1252110	0	
25165824	25165824	2107640	6008584	16777216	0	8116224	16777216	321532	321532	0	1184666	0	
25165824	25165824	1982736	6133488	16777216	0	8116224	16777216	296884	296884	0	1229206	0	
25165824	25165824	1974984	6141240	16777216	0	8116224	16777216	305836	305836	0	1201987	0	
25165824	25165824	1935844	6180380	16777216	0	8116224	16777216	288652	288652	0	1112868	0	
25165824	25165824	1963188	6153036	16777216	0	8116224	16777216	303792	303792	0	1140136	0	
25165824	25165824	1966596	6149628	16777216	0	8116224	16777216	295132	295132	0	1130809	0	
25165824	25165824	2041336	6074888	16777216	0	8116224	16777216	319328	319328	0	1176587	0	
25165824	25165824	2101368	6014856	16777216	0	8116224	16777216	320128	320128	0	1202352	0	
25165824	25165824	1975052	6141172	16777216	0	8116224	16777216	296356	296356	0	1129518	0	
25165824	25165824	1986648	6129576	16777216	0	8116224	16777216	306948	306948	0	1188735	0	
25165824	25165824	1951468	6164756	16777216	0	8116224	16777216	291648	291648	0	1116783	0	
25165824	25165824	1865304	6250920	16777216	0	8116224	16777216	281064	281064	0	1147462	0	
25165824	25165824	1885100	6231124	16777216	0	8116224	16777216	288036	288036	0	1069902	0	
25165824	25165824	1890476	6225748	16777216	0	8116224	16777216	284980	284980	0	1161841	0	
25165824	25165824	2002092	6114132	16777216	0	8116224	16777216	311960	311960	0	1106407	0	
25165824	25165824	1999864	6116360	16777216	0	8116224	16777216	300004	300004	0	1171773	0	
25165824	25165824	1917276	6198948	16777216	0	8116224	16777216	290348	290348	0	1135421	0	
25165824	25165824	1891292	6224932	16777216	0	8116224	16777216	284880	284880	0	1100716	0	
25165824	25165824	1974580	6141644	16777216	0	8116224	16777216	306520	306520	0	1153927	0	
25165824	25165824	1950144	6166080	16777216	0	8116224	16777216	290836	290836	0	1083701	0	
25165824	25165824	1893756	6222468	16777216	0	8116224	16777216	287496	287496	0	1134832	0	
25165824	25165824	1905316	6210908	16777216	0	8116224	16777216	289260	289260	0	1139449	0	
25165824	25165824	1904676	6211548	16777216	0	8116224	16777216	289064	289064	0	1078727	0	
25165824	25165824	1904348	6211876	16777216	0	8116224	16777216	289180	289180	0	1116096	0	
25165824	25165824	1888356	6227868	16777216	0	8116224	16777216	285248	285248	0	1065663	0	
25165824	25165824	2014144	6102080	16777216	0	8116224	16777216	313500	313500	0	1163920	0	
25165824	25165824	1980516	6135708	16777216	0	8116224	16777216	292480	292480	0	1211067	0	
25165824	25165824	1893728	6222496	16777216	0	8116224	16777216	286900	286900	0	1186249	0	
25165824	25165824	1874124	6242100	16777216	0	8116224	16777216	282928	282928	0	1204709	0	
25165824	25165824	1880516	6235708	16777216	0	8116224	16777216	286916	286916	0	1073025	0	
25165824	25165824	1888940	6227284	16777216	0	8116224	16777216	285632	285632	0	1084323	0	
25165824	25165824	1877820	6238404	16777216	0	8116224	16777216	283892	283892	0	1053176	0	
25165824	25165824	1893424	6222800	16777216	0	8116224	16777216	288456	288456	0	1118232	0	
25165824	25165824	1983720	6132504	16777216	0	8116224	16777216	302560	302560	0	1180854	0	
25165824	25165824	2045656	6070568	16777216	0	8116224	16777216	312728	312728	0	1169052	0	
25165824	25165824	2044936	6071288	16777216	0	8116224	16777216	310804	310804	0	1238752	0	
25165824	25165824	2044312	6071912	16777216	0	8116224	16777216	311508	311508	0	1113235	0	
25165824	25165824	1965332	6150892	16777216	0	8116224	16777216	292888	292888	0	1191503	0	
25165824	25165824	1889572	6226652	16777216	0	8116224	16777216	283688	283688	0	1144012	0	
25165824	25165824	1876420	6239804	16777216	0	8116224	16777216	282936	282936	0	1178462	0	
25165824	25165824	1906476	6209748	16777216	0	8116224	16777216	290352	290352	0	1104247	0	
25165824	25165824	2036684	6079540	16777216	0	8116224	16777216	315868	315868	0	1132403	0	
25165824	25165824	2117092	5999132	16777216	0	8116224	16777216	321616	321616	0	1144699	0	
25165824	25165824	1995332	6120892	16777216	0	8116224	16777216	297564	297564	0	1263822	0	
25165824	25165824	1984120	6132104	16777216	0	8116224	16777216	306528	306528	0	1241379	0	
25165824	25165824	1963196	6153028	16777216	0	8116224	16777216	294772	294772	0	1166835	0	
25165824	25165824	1874568	6241656	16777216	0	8116224	16777216	282780	282780	0	1099611	0	
25165824	25165824	1881684	6234540	16777216	0	8116224	16777216	288320	288320	0	1124106	0	
25165824	25165824	1984116	6132108	16777216	0	8116224	16777216	306064	306064	0	1197839	0	
25165824	25165824	1963920	6152304	16777216	0	8116224	16777216	293720	293720	0	1113695	0	
25165824	25165824	1902852	6213372	16777216	0	8116224	16777216	287316	287316	0	1142361	0	
25165824	25165824	1873568	6242656	16777216	0	8116224	16777216	279756	279756	0	1178151	0	
25165824	25165824	1849752	6266472	16777216	0	8116224	16777216	280212	280212	0	1140691	0	
25165824	25165824	1895192	6221032	16777216	0	8116224	16777216	596504	596504	0	1228834	0	
25165824	25165824	1888300	6227924	16777216	0	8116224	16777216	282440	282440	0	1191547	0	
25165824	25165824	1964848	6151376	16777216	0	8116224	16777216	303956	303956	0	1289122	0	
25165824	25165824	2047884	6068340	16777216	0	8116224	16777216	310268	310268	0	1197595	0	
25165824	25165824	2048676	6067548	16777216	0	8116224	16777216	311060	311060	0	1065890	0	
25165824	25165824	1968516	6147708	16777216	0	8116224	16777216	294132	294132	0	1173937	0	
25165824	25165824	1894016	6222208	16777216	0	8116224	16777216	285380	285380	0	1228998	0	
25165824	25165824	1971276	6144948	16777216	0	8116224	16777216	303880	303880	0	1165995	0	
25165824	25165824	2045520	6070704	16777216	0	8116224	16777216	309828	309828	0	1161458	0	
25165824	25165824	1953716	6162508	16777216	0	8116224	16777216	293016	293016	0	1231240	0	
25165824	25165824	1865624	6250600	16777216	0	8116224	16777216	280832	280832	0	1247596	0	
25165824	25165824	1855168	6261056	16777216	0	8116224	16777216	260684	260684	0	1268064	0	
25165824	25165824	1962108	6154116	16777216	0	8116224	16777216	301984	301984	0	1115680	0	
25165824	25165824	1952036	6164188	16777216	0	8116224	16777216	291048	291048	0	1416396	0	
25165824	25165824	2002304	6113920	16777216	0	8116224	16777216	310248	310248	0	1220008	0	
25165824	25165824	2123932	5992292	16777216	0	8116224	16777216	325020	325020	0	1066319	0	
25165824	25165824	2011696	6104528	16777216	0	8116224	16777216	297848	297848	0	1222296	0	
25165824	25165824	1877168	6239056	16777216	0	8116224	16777216	283800	283800	0	1048436	0	
25165824	25165824	1883772	6232452	16777216	0	8116224	16777216	284788	284788	0	1127063	0	
25165824	25165824	1876060	6240164	16777216	0	8116224	16777216	280692	280692	0	1187088	0	
25165824	25165824	1885156	6231068	16777216	0	8116224	16777216	285456	285456	0	1202959	0	
25165824	25165824	1891984	6224240	16777216	0	8116224	16777216	260956	260956	0	1148109	0	
25165824	25165824	1892160	6224064	16777216	0	8116224	16777216	288360	288360	0	1056732	0	
25165824	25165824	1907140	6209084	16777216	0	8116224	16777216	289660	289660	0	1422395	0	
25165824	25165824	1987464	6128760	16777216	0	8116224	16777216	303660	303660	0	1212154	0	
25165824	25165824	1952636	6163588	16777216	0	8116224	16777216	289496	289496	0	1208228	0	
25165824	25165824	1894444	6221780	16777216	0	8116224	16777216	287392	287392	0	1193087	0	
25165824	25165824	1987440	6128784	16777216	0	8116224	16777216	304892	304892	0	1110033	0	
25165824	25165824	1966668	6149556	16777216	0	8116224	16777216	293184	293184	0	1200362	0	
25165824	25165824	1906712	6209512	16777216	0	8116224	16777216	287664	287664	0	1155134	0	
25165824	25165824	1987052	6129172	16777216	0	8116224	16777216	306804	306804	0	1220368	0	
25165824	25165824	1937556	6178668	16777216	0	8116224	16777216	285052	285052	0	1061049	0	
25165824	25165824	1965052	6151172	16777216	0	8116224	16777216	304684	304684	0	1129165	0	
25165824	25165824	1966092	6150132	16777216	0	8116224	16777216	295092	295092	0	1136011	0	
25165824	25165824	2028332	6087892	16777216	0	8116224	16777216	315784	315784	0	1218238	0	
25165824	25165824	1996896	6119328	16777216	0	8116224	16777216	297028	297028	0	1144658	0	
25165824	25165824	1876596	6239628	16777216	0	8116224	16777216	282784	282784	0	1103928	0	
25165824	25165824	1882716	6233508	16777216	0	8116224	16777216	285620	285620	0	1392450	0	
25165824	25165824	2011776	6104448	16777216	0	8116224	16777216	311716	311716	0	1141226	0	
25165824	25165824	1985960	6130264	16777216	0	8116224	16777216	294548	294548	0	1201856	0	
25165824	25165824	1987092	6129132	16777216	0	8116224	16777216	305868	305868	0	1146699	0	
25165824	25165824	2087684	6028540	16777216	0	8116224	16777216	319888	319888	0	1184868	0	
25165824	25165824	1997908	6118316	16777216	0	8116224	16777216	295424	295424	0	1154921	0	
25165824	25165824	2027712	6088512	16777216	0	8116224	16777216	312504	312504	0	1179366	0	
25165824	25165824	2012620	6103604	16777216	0	8116224	16777216	298600	298600	0	1287458	0	
25165824	25165824	1918980	6197244	16777216	0	8116224	16777216	290144	290144	0	1528976	0	
25165824	25165824	1985968	6130256	16777216	0	8116224	16777216	304352	304352	0	1150443	0	
25165824	25165824	1966532	6149692	16777216	0	8116224	16777216	293616	293616	0	1102598	0	
25165824	25165824	2026772	6089452	16777216	0	8116224	16777216	314324	314324	0	1160866	0	
25165824	25165824	2117092	5999132	16777216	0	8116224	16777216	322116	322116	0	1117624	0	
25165824	25165824	1996228	6119996	16777216	0	8116224	16777216	296888	296888	0	1203883	0	
25165824	25165824	1906836	6209388	16777216	0	8116224	16777216	288412	288412	0	1439532	0	
25165824	25165824	1986024	6130200	16777216	0	8116224	16777216	304396	304396	0	1151591	0	
25165824	25165824	1965768	6150456	16777216	0	8116224	16777216	295156	295156	0	1158197	0	
25165824	25165824	1986476	6129748	16777216	0	8116224	16777216	304516	304516	0	1216883	0	
25165824	25165824	2047260	6068964	16777216	0	8116224	16777216	310836	310836	0	1098906	0	
25165824	25165824	2046820	6069404	16777216	0	8116224	16777216	309528	309528	0	1199833	0	
25165824	25165824	1950552	6165672	16777216	0	8116224	16777216	288608	288608	0	1155218	0	
25165824	25165824	1894040	6222184	16777216	0	8116224	16777216	286664	286664	0	1084582	0	
25165824	25165824	1906628	6209596	16777216	0	8116224	16777216	288908	288908	0	1145093	0	
25165824	25165824	1872636	6243588	16777216	0	8116224	16777216	277688	277688	0	1119765	0	
25165824	25165824	1850820	6265404	16777216	0	8116224	16777216	255744	255744	0	1186297	0	
25165824	25165824	1878340	6237884	16777216	0	8116224	16777216	286344	286344	0	1222735	0	
25165824	25165824	1891108	6225116	16777216	0	8116224	16777216	285012	285012	0	1058995	0	
25165824	25165824	1891828	6224396	16777216	0	8116224	16777216	285888	285888	0	1403543	0	
25165824	25165824	1985884	6130340	16777216	0	8116224	16777216	305060	305060	0	1272408	0	
25165824	25165824	1965340	6150884	16777216	0	8116224	16777216	294404	294404	0	1119691	0	
25165824	25165824	1981196	6135028	16777216	0	8116224	16777216	290976	290976	0	1146934	0	
25165824	25165824	1959968	6156256	16777216	0	8116224	16777216	292476	292476	0	1547287	0	
25165824	25165824	1979848	6136376	16777216	0	8116224	16777216	272744	272744	0	1133695	0	
25165824	25165824	1954940	6161284	16777216	0	8116224	16777216	291452	291452	0	1089301	0	
25165824	25165824	1903748	6212476	16777216	0	8116224	16777216	286504	286504	0	1133417	0	
25165824	25165824	1904160	6212064	16777216	0	8116224	16777216	286372	286372	0	1145638	0	
25165824	25165824	1903760	6212464	16777216	0	8116224	16777216	286032	286032	0	1237009	0	
25165824	25165824	1984940	6131284	16777216	0	8116224	16777216	304684	304684	0	1115590	0	
25165824	25165824	1964552	6151672	16777216	0	8116224	16777216	292820	292820	0	1114472	0	
25165824	25165824	1873068	6243156	16777216	0	8116224	16777216	280540	280540	0	1127045	0	
25165824	25165824	1849312	6266912	16777216	0	8116224	16777216	280700	280700	0	1154436	0	
25165824	25165824	1850832	6265392	16777216	0	8116224	16777216	280816	280816	0	1129610	0	
25165824	25165824	1879740	6236484	16777216	0	8116224	16777216	284688	284688	0	1143378	0	
25165824	25165824	1918756	6197468	16777216	0	8116224	16777216	290124	290124	0	1532840	0	
25165824	25165824	1996240	6119984	16777216	0	8116224	16777216	304800	304800	0	1170760	0	
25165824	25165824	1951884	6164340	16777216	0	8116224	16777216	290812	290812	0	1168456	0	
25165824	25165824	1863796	6252428	16777216	0	8116224	16777216	280212	280212	0	1140770	0	
25165824	25165824	1851016	6265208	16777216	0	8116224	16777216	279352	279352	0	1170644	0	
25165824	25165824	1852340	6263884	16777216	0	8116224	16777216	279448	279448	0	1131900	0	
25165824	25165824	1850892	6265332	16777216	0	8116224	16777216	279024	279024	0	1107864	0	
25165824	25165824	1865124	6251100	16777216	0	8116224	16777216	280784	280784	0	1118981	0	
25165824	25165824	2013096	6103128	16777216	0	8116224	16777216	311344	311344	0	1127291	0	
25165824	25165824	1995264	6120960	16777216	0	8116224	16777216	293288	293288	0	1162200	0	
25165824	25165824	1904828	6211396	16777216	0	8116224	16777216	288964	288964	0	1116191	0	
25165824	25165824	2024512	6091712	16777216	0	8116224	16777216	314556	314556	0	1408503	0	
25165824	25165824	2100992	6015232	16777216	0	8116224	16777216	318024	318024	0	1241074	0	
25165824	25165824	1969288	6146936	16777216	0	8116224	16777216	292116	292116	0	1179225	0	
25165824	25165824	1997844	6118380	16777216	0	8116224	16777216	309876	309876	0	1294327	0	
25165824	25165824	1982668	6133556	16777216	0	8116224	16777216	291984	291984	0	1084341	0	
25165824	25165824	1903356	6212868	16777216	0	8116224	16777216	288056	288056	0	1462032	0	
25165824	25165824	1983520	6132704	16777216	0	8116224	16777216	301776	301776	0	1180077	0	
25165824	25165824	1963204	6153020	16777216	0	8116224	16777216	291216	291216	0	1199162	0	
25165824	25165824	1888172	6228052	16777216	0	8116224	16777216	283504	283504	0	1138984	0	
25165824	25165824	1876056	6240168	16777216	0	8116224	16777216	280976	280976	0	1150556	0	
25165824	25165824	1891392	6224832	16777216	0	8116224	16777216	283588	283588	0	1134973	0	
25165824	25165824	2008632	6107592	16777216	0	8116224	16777216	307268	307268	0	1258268	0	
25165824	25165824	2063984	6052240	16777216	0	8116224	16777216	311208	311208	0	1099608	0	
25165824	25165824	2045572	6070652	16777216	0	8116224	16777216	309224	309224	0	1151948	0	
25165824	25165824	2045240	6070984	16777216	0	8116224	16777216	310928	310928	0	1194980	0	
25165824	25165824	2083740	6032484	16777216	0	8116224	16777216	317336	317336	0	1119313	0	
25165824	25165824	2010256	6105968	16777216	0	8116224	16777216	296844	296844	0	1192174	0	
25165824	25165824	2034192	6082032	16777216	0	8116224	16777216	314944	314944	0	1137514	0	
25165824	25165824	1993608	6122616	16777216	0	8116224	16777216	293908	293908	0	1110335	0	
25165824	25165824	1888796	6227428	16777216	0	8116224	16777216	284552	284552	0	1132714	0	
25165824	25165824	1890412	6225812	16777216	0	8116224	16777216	285088	285088	0	1395139	0	
25165824	25165824	1992748	6123476	16777216	0	8116224	16777216	303820	303820	0	1185695	0	
25165824	25165824	1940780	6175444	16777216	0	8116224	16777216	284932	284932	0	1157166	0	
25165824	25165824	1953956	6162268	16777216	0	8116224	16777216	298964	298964	0	1123462	0	
25165824	25165824	1957816	6158408	16777216	0	8116224	16777216	293812	293812	0	1102412	0	
25165824	25165824	2024856	6091368	16777216	0	8116224	16777216	313020	313020	0	1194791	0	
25165824	25165824	1992752	6123472	16777216	0	8116224	16777216	293500	293500	0	1189065	0	
25165824	25165824	2007824	6108400	16777216	0	8116224	16777216	312324	312324	0	1126837	0	
25165824	25165824	1996252	6119972	16777216	0	8116224	16777216	296004	296004	0	1204450	0	
25165824	25165824	1913420	6202804	16777216	0	8116224	16777216	287272	287272	0	1135432	0	
25165824	25165824	1902544	6213680	16777216	0	8116224	16777216	286952	286952	0	1142059	0	
25165824	25165824	1983320	6132904	16777216	0	8116224	16777216	304756	304756	0	1155268	0	
25165824	25165824	1947632	6168592	16777216	0	8116224	16777216	287504	287504	0	1052356	0	
25165824	25165824	1888748	6227476	16777216	0	8116224	16777216	284468	284468	0	1151002	0	
25165824	25165824	1976028	6140196	16777216	0	8116224	16777216	270568	270568	0	1451724	0	
25165824	25165824	2059208	6057016	16777216	0	8116224	16777216	314776	314776	0	1181605	0	
25165824	25165824	2102472	6013752	16777216	0	8116224	16777216	320308	320308	0	1038302	0	
25165824	25165824	1992540	6123684	16777216	0	8116224	16777216	294476	294476	0	1120869	0	
25165824	25165824	1871100	6245124	16777216	0	8116224	16777216	281216	281216	0	1158720	0	
25165824	25165824	1849892	6266332	16777216	0	8116224	16777216	279156	279156	0	1160626	0	
25165824	25165824	1958648	6157576	16777216	0	8116224	16777216	301652	301652	0	1246800	0	
25165824	25165824	1962012	6154212	16777216	0	8116224	16777216	289824	289824	0	1145321	0	
25165824	25165824	1899912	6216312	16777216	0	8116224	16777216	285000	285000	0	1179722	0	
25165824	25165824	1981920	6134304	16777216	0	8116224	16777216	302980	302980	0	1150804	0	
25165824	25165824	1931256	6184968	16777216	0	8116224	16777216	280340	280340	0	1135048	0	
25165824	25165824	1878228	6237996	16777216	0	8116224	16777216	282540	282540	0	1109519	0	
25165824	25165824	1983040	6133184	16777216	0	8116224	16777216	304328	304328	0	1426726	0	
25165824	25165824	2044284	6071940	16777216	0	8116224	16777216	308780	308780	0	1110050	0	
25165824	25165824	1933012	6183212	16777216	0	8116224	16777216	260812	260812	0	1136271	0	
25165824	25165824	1858752	6257472	16777216	0	8116224	16777216	277944	277944	0	1169070	0	
25165824	25165824	1875448	6240776	16777216	0	8116224	16777216	281252	281252	0	1281576	0	
25165824	25165824	1979680	6136544	16777216	0	8116224	16777216	302636	302636	0	1193053	0	
25165824	25165824	2050724	6065500	16777216	0	8116224	16777216	309232	309232	0	1183472	0	
25165824	25165824	2043524	6072700	16777216	0	8116224	16777216	310280	310280	0	1156074	0	
25165824	25165824	1962440	6153784	16777216	0	8116224	16777216	291772	291772	0	1094415	0	
25165824	25165824	1900008	6216216	16777216	0	8116224	16777216	286932	286932	0	1157870	0	
25165824	25165824	1886572	6229652	16777216	0	8116224	16777216	283724	283724	0	1109916	0	
25165824	25165824	1857460	6258764	16777216	0	8116224	16777216	277960	277960	0	1132770	0	
25165824	25165824	1958136	6158088	16777216	0	8116224	16777216	299632	299632	0	1137172	0	
25165824	25165824	1961028	6155196	16777216	0	8116224	16777216	290824	290824	0	1158688	0	
25165824	25165824	1899672	6216552	16777216	0	8116224	16777216	283180	283180	0	1119502	0	
25165824	25165824	1900280	6215944	16777216	0	8116224	16777216	284100	284100	0	1184902	0	
25165824	25165824	1883076	6233148	16777216	0	8116224	16777216	280816	280816	0	1484091	0	
25165824	25165824	1903148	6213076	16777216	0	8116224	16777216	289504	289504	0	1191616	0	
25165824	25165824	1895352	6220872	16777216	0	8116224	16777216	284700	284700	0	1113893	0	
25165824	25165824	1969432	6146792	16777216	0	8116224	16777216	302820	302820	0	1140577	0	
25165824	25165824	2036352	6079872	16777216	0	8116224	16777216	281272	281272	0	1170346	0	
25165824	25165824	2033820	6082404	16777216	0	8116224	16777216	298636	298636	0	1216505	0	
25165824	25165824	1960768	6155456	16777216	0	8116224	16777216	291912	291912	0	1142028	0	
25165824	25165824	1900368	6215856	16777216	0	8116224	16777216	285280	285280	0	1174044	0	
25165824	25165824	1899272	6216952	16777216	0	8116224	16777216	283544	283544	0	1093846	0	
25165824	25165824	1912948	6203276	16777216	0	8116224	16777216	287536	287536	0	1087007	0	
25165824	25165824	1912192	6204032	16777216	0	8116224	16777216	286652	286652	0	1106648	0	
25165824	25165824	1913684	6202540	16777216	0	8116224	16777216	289420	289420	0	1139454	0	
25165824	25165824	1911828	6204396	16777216	0	8116224	16777216	287160	287160	0	1235519	0	
25165824	25165824	1898660	6217564	16777216	0	8116224	16777216	283524	283524	0	1074670	0	
25165824	25165824	1900144	6216080	16777216	0	8116224	16777216	284156	284156	0	1392133	0	
25165824	25165824	1884308	6231916	16777216	0	8116224	16777216	282296	282296	0	1115603	0	
25165824	25165824	1857296	6258928	16777216	0	8116224	16777216	275620	275620	0	1172413	0	
25165824	25165824	1876248	6239976	16777216	0	8116224	16777216	281844	281844	0	1129532	0	
25165824	25165824	1981228	6134996	16777216	0	8116224	16777216	300912	300912	0	1104903	0	
25165824	25165824	2035424	6080800	16777216	0	8116224	16777216	304288	304288	0	1164354	0	
25165824	25165824	1955876	6160348	16777216	0	8116224	16777216	288852	288852	0	1071198	0	
25165824	25165824	1900548	6215676	16777216	0	8116224	16777216	285552	285552	0	1177783	0	
25165824	25165824	1884404	6231820	16777216	0	8116224	16777216	282268	282268	0	1168505	0	
25165824	25165824	1917408	6198816	16777216	0	8116224	16777216	290028	290028	0	1075819	0	
25165824	25165824	1922808	6193416	16777216	0	8116224	16777216	289008	289008	0	1124409	0	
25165824	25165824	1988880	6127344	16777216	0	8116224	16777216	304612	304612	0	1206369	0	
