b_initial_y_size_0	b_max_y_size_1	b_used_2	b_available_3	b_committed_4	a_used_5	a_available_6	a_committed_7	a_survived_8	a_promoted_9	a_copied_10	a_time_in_ns_11	promotion_rate_12
34603008	34603008	11159796	12	23068672	76932	11082876	23068672	10121124	10101920	0	5796978	100	
34603008	34603008	11159808	0	23068672	2417260	8742548	23068672	2082240	2140	0	1601206	11	
34603008	34603008	10326400	833408	23068672	0	11159808	23068672	490032	490032	0	1687777	23	
34603008	34603008	11159796	12	23068672	11135552	24256	23068672	10585624	495584	0	4887989	0	
34603008	34603008	11159792	16	23068672	138368	11021440	23068672	10108824	10090040	0	4190361	100	
34603008	34603008	2089992	9069816	23068672	0	11159808	23068672	418716	418716	0	3025527	2229	
34603008	34603008	2094632	9065176	23068672	0	11159808	23068672	323364	323364	0	1162135	0	
34603008	34603008	2169564	8990244	23068672	0	11159808	23068672	327968	327968	0	1323003	0	
34603008	34603008	2131916	9027892	23068672	0	11159808	23068672	288108	288108	0	1106639	0	
34603008	34603008	2074388	9085420	23068672	0	11159808	23068672	311628	311628	0	1132040	0	
34603008	34603008	2089632	9070176	23068672	0	11159808	23068672	312144	312144	0	1094567	0	
34603008	34603008	2089216	9070592	23068672	0	11159808	23068672	311720	311720	0	1162131	0	
34603008	34603008	2104892	9054916	23068672	0	11159808	23068672	316368	316368	0	1142026	0	
34603008	34603008	2131184	9028624	23068672	0	11159808	23068672	332660	332660	0	1170211	0	
34603008	34603008	2113256	9046552	23068672	0	11159808	23068672	314308	314308	0	1115499	0	
34603008	34603008	2117324	9042484	23068672	0	11159808	23068672	314064	314064	0	1004800	0	
34603008	34603008	2099768	9060040	23068672	0	11159808	23068672	312520	312520	0	1161695	0	
34603008	34603008	2090588	9069220	23068672	0	11159808	23068672	312516	312516	0	1145252	0	
34603008	34603008	2182636	8977172	23068672	0	11159808	23068672	334656	334656	0	1324754	0	
34603008	34603008	2160260	8999548	23068672	0	11159808	23068672	318696	318696	0	1103554	0	
34603008	34603008	2059836	9099972	23068672	0	11159808	23068672	304416	304416	0	1131719	0	
34603008	34603008	2052052	9107756	23068672	0	11159808	23068672	308192	308192	0	1120770	0	
34603008	34603008	2048024	9111784	23068672	0	11159808	23068672	304284	304284	0	1116098	0	
34603008	34603008	2081692	9078116	23068672	0	11159808	23068672	332328	332328	0	1073055	0	
34603008	34603008	2201576	8958232	23068672	0	11159808	23068672	335064	335064	0	1064596	0	
34603008	34603008	2167268	8992540	23068672	0	11159808	23068672	312716	312716	0	1067755	0	
34603008	34603008	2079676	9080132	23068672	0	11159808	23068672	309104	309104	0	1286228	0	
34603008	34603008	2212916	8946892	23068672	0	11159808	23068672	334844	334844	0	1120914	0	
34603008	34603008	2195844	8963964	23068672	0	11159808	23068672	322088	322088	0	1487664	0	
34603008	34603008	2222664	8937144	23068672	0	11159808	23068672	338596	338596	0	1109483	0	
34603008	34603008	2213000	8946808	23068672	0	11159808	23068672	326672	326672	0	1341020	0	
34603008	34603008	2082792	9077016	23068672	0	11159808	23068672	307380	307380	0	1222814	0	
34603008	34603008	2144200	9015608	23068672	0	11159808	23068672	322236	322236	0	1076480	0	
34603008	34603008	2133468	9026340	23068672	0	11159808	23068672	311736	311736	0	1955597	0	
34603008	34603008	2246660	8913148	23068672	0	11159808	23068672	347976	347976	0	1431865	0	
34603008	34603008	2355960	8803848	23068672	0	11159808	23068672	347844	347844	0	1347810	0	
34603008	34603008	2301712	8858096	23068672	0	11159808	23068672	342468	342468	0	1300725	0	
34603008	34603008	2293168	8866640	23068672	0	11159808	23068672	344244	344244	0	1241930	0	
34603008	34603008	2306352	8853456	23068672	0	11159808	23068672	338676	338676	0	1152873	0	
34603008	34603008	2251268	8908540	23068672	0	11159808	23068672	337316	337316	0	1186182	0	
34603008	34603008	2293640	8866168	23068672	0	11159808	23068672	343444	343444	0	1214695	0	
34603008	34603008	2091336	9068472	23068672	0	11159808	23068672	300316	300316	0	9673229	0	
34603008	34603008	2100988	9058820	23068672	0	11159808	23068672	291204	291204	0	1531581	0	
34603008	34603008	2143976	9015832	23068672	0	11159808	23068672	314368	314368	0	1046505	0	
34603008	34603008	2103396	9056412	23068672	0	11159808	23068672	313332	313332	0	1036236	0	
34603008	34603008	2102688	9057120	23068672	0	11159808	23068672	310876	310876	0	1110895	0	
34603008	34603008	2102828	9056980	23068672	0	11159808	23068672	312952	312952	0	1248839	0	
34603008	34603008	2085672	9074136	23068672	0	11159808	23068672	308232	308232	0	1119227	0	
34603008	34603008	2077820	9081988	23068672	0	11159808	23068672	308272	308272	0	1155305	0	
34603008	34603008	2102620	9057188	23068672	0	11159808	23068672	311708	311708	0	1132395	0	
34603008	34603008	2100140	9059668	23068672	0	11159808	23068672	312876	312876	0	1095281	0	
34603008	34603008	2089368	9070440	23068672	0	11159808	23068672	309836	309836	0	1060450	0	
34603008	34603008	2089508	9070300	23068672	0	11159808	23068672	308656	308656	0	1168745	0	
34603008	34603008	2088744	9071064	23068672	0	11159808	23068672	309684	309684	0	1118348	0	
34603008	34603008	2102400	9057408	23068672	0	11159808	23068672	313436	313436	0	1182987	0	
34603008	34603008	2099324	9060484	23068672	0	11159808	23068672	311620	311620	0	1292959	0	
34603008	34603008	2073612	9086196	23068672	0	11159808	23068672	279880	279880	0	1196311	0	
34603008	34603008	2074096	9085712	23068672	0	11159808	23068672	309420	309420	0	1091678	0	
34603008	34603008	2102496	9057312	23068672	0	11159808	23068672	312860	312860	0	1122356	0	
34603008	34603008	2083304	9076504	23068672	0	11159808	23068672	307632	307632	0	1212997	0	
34603008	34603008	2063144	9096664	23068672	0	11159808	23068672	288816	288816	0	1180260	0	
34603008	34603008	2118928	9040880	23068672	0	11159808	23068672	365612	365612	0	1231107	0	
34603008	34603008	2170324	8989484	23068672	0	11159808	23068672	318248	318248	0	1398308	0	
34603008	34603008	2140988	9018820	23068672	0	11159808	23068672	313080	313080	0	1269859	0	
34603008	34603008	2091972	9067836	23068672	0	11159808	23068672	312600	312600	0	1184738	0	
34603008	34603008	2085352	9074456	23068672	0	11159808	23068672	305748	305748	0	1265886	0	
34603008	34603008	2063504	9096304	23068672	0	11159808	23068672	305068	305068	0	1179567	0	
34603008	34603008	2078208	9081600	23068672	0	11159808	23068672	309292	309292	0	1143882	0	
34603008	34603008	2074968	9084840	23068672	0	11159808	23068672	306368	306368	0	1302523	0	
34603008	34603008	2063504	9096304	23068672	0	11159808	23068672	305744	305744	0	1314501	0	
34603008	34603008	2078360	9081448	23068672	0	11159808	23068672	309188	309188	0	1304906	0	
34603008	34603008	2089840	9069968	23068672	0	11159808	23068672	307768	307768	0	1296427	0	
34603008	34603008	2181788	8978020	23068672	0	11159808	23068672	306440	306440	0	1279884	0	
34603008	34603008	2245892	8913916	23068672	0	11159808	23068672	333656	333656	0	1336677	0	
34603008	34603008	2250396	8909412	23068672	0	11159808	23068672	334552	334552	0	1334168	0	
34603008	34603008	2265484	8894324	23068672	0	11159808	23068672	338292	338292	0	1191055	0	
34603008	34603008	2175544	8984264	23068672	0	11159808	23068672	317764	317764	0	1109596	0	
34603008	34603008	2074484	9085324	23068672	0	11159808	23068672	305144	305144	0	1426200	0	
34603008	34603008	2062576	9097232	23068672	0	11159808	23068672	307044	307044	0	1320315	0	
34603008	34603008	2062328	9097480	23068672	0	11159808	23068672	305152	305152	0	1197662	0	
34603008	34603008	2091752	9068056	23068672	0	11159808	23068672	313160	313160	0	1289456	0	
34603008	34603008	2114220	9045588	23068672	0	11159808	23068672	314292	314292	0	1257551	0	
34603008	34603008	2099932	9059876	23068672	0	11159808	23068672	311168	311168	0	1360161	0	
34603008	34603008	2211156	8948652	23068672	0	11159808	23068672	335540	335540	0	1213349	0	
34603008	34603008	2287948	8871860	23068672	0	11159808	23068672	339484	339484	0	1269440	0	
34603008	34603008	2292200	8867608	23068672	0	11159808	23068672	343912	343912	0	1318090	0	
34603008	34603008	2165852	8993956	23068672	0	11159808	23068672	313880	313880	0	1285492	0	
34603008	34603008	2061580	9098228	23068672	0	11159808	23068672	306452	306452	0	1240118	0	
34603008	34603008	2061788	9098020	23068672	0	11159808	23068672	306544	306544	0	1166663	0	
34603008	34603008	2061468	9098340	23068672	0	11159808	23068672	306324	306324	0	1324346	0	
34603008	34603008	2076324	9083484	23068672	0	11159808	23068672	307408	307408	0	1216836	0	
34603008	34603008	2073776	9086032	23068672	0	11159808	23068672	309180	309180	0	1181673	0	
34603008	34603008	2061980	9097828	23068672	0	11159808	23068672	306024	306024	0	1233949	0	
34603008	34603008	2060652	9099156	23068672	0	11159808	23068672	305476	305476	0	1267423	0	
34603008	34603008	2061164	9098644	23068672	0	11159808	23068672	304516	304516	0	1276684	0	
34603008	34603008	2151176	9008632	23068672	0	11159808	23068672	396648	396648	0	1196433	0	
34603008	34603008	2062992	9096816	23068672	0	11159808	23068672	304912	304912	0	1184312	0	
34603008	34603008	2062160	9097648	23068672	0	11159808	23068672	305852	305852	0	1230379	0	
34603008	34603008	2061508	9098300	23068672	0	11159808	23068672	307300	307300	0	1200272	0	
34603008	34603008	2062672	9097136	23068672	0	11159808	23068672	305436	305436	0	1233669	0	
34603008	34603008	2062700	9097108	23068672	0	11159808	23068672	304536	304536	0	1302678	0	
34603008	34603008	2061400	9098408	23068672	0	11159808	23068672	304968	304968	0	1194760	0	
34603008	34603008	2077488	9082320	23068672	0	11159808	23068672	307884	307884	0	1282896	0	
34603008	34603008	2196300	8963508	23068672	0	11159808	23068672	330848	330848	0	1364806	0	
34603008	34603008	2275828	8883980	23068672	0	11159808	23068672	336452	336452	0	1295405	0	
34603008	34603008	2169892	8989916	23068672	0	11159808	23068672	316980	316980	0	1277075	0	
34603008	34603008	2102896	9056912	23068672	0	11159808	23068672	312848	312848	0	1303883	0	
34603008	34603008	2221648	8938160	23068672	0	11159808	23068672	336656	336656	0	1395811	0	
34603008	34603008	2182300	8977508	23068672	0	11159808	23068672	315544	315544	0	1259830	0	
34603008	34603008	2102064	9057744	23068672	0	11159808	23068672	313504	313504	0	1182892	0	
34603008	34603008	2113684	9046124	23068672	0	11159808	23068672	312500	312500	0	1272725	0	
34603008	34603008	2220816	8938992	23068672	0	11159808	23068672	337108	337108	0	1230009	0	
34603008	34603008	2182564	8977244	23068672	0	11159808	23068672	316840	316840	0	1225016	0	
34603008	34603008	2102036	9057772	23068672	0	11159808	23068672	312964	312964	0	1259484	0	
34603008	34603008	2221800	8938008	23068672	0	11159808	23068672	334252	334252	0	1252816	0	
34603008	34603008	2257080	8902728	23068672	0	11159808	23068672	332184	332184	0	1576072	0	
34603008	34603008	2267708	8892100	23068672	0	11159808	23068672	339408	339408	0	1535272	0	
34603008	34603008	2272076	8887732	23068672	0	11159808	23068672	336240	336240	0	1264778	0	
34603008	34603008	2263752	8896056	23068672	0	11159808	23068672	335492	335492	0	1121642	0	
34603008	34603008	2261120	8898688	23068672	0	11159808	23068672	334068	334068	0	1123136	0	
34603008	34603008	2249172	8910636	23068672	0	11159808	23068672	335640	335640	0	1210764	0	
34603008	34603008	2279192	8880616	23068672	0	11159808	23068672	303868	303868	0	1198035	0	
34603008	34603008	2266300	8893508	23068672	0	11159808	23068672	332316	332316	0	1190459	0	
34603008	34603008	2263864	8895944	23068672	0	11159808	23068672	336140	336140	0	1149914	0	
34603008	34603008	2153860	9005948	23068672	0	11159808	23068672	310628	310628	0	1165740	0	
34603008	34603008	2076948	9082860	23068672	0	11159808	23068672	310104	310104	0	1109411	0	
34603008	34603008	2178964	8980844	23068672	0	11159808	23068672	326696	326696	0	1202439	0	
34603008	34603008	2262908	8896900	23068672	0	11159808	23068672	335768	335768	0	1119555	0	
34603008	34603008	2153584	9006224	23068672	0	11159808	23068672	313320	313320	0	1161188	0	
34603008	34603008	2061288	9098520	23068672	0	11159808	23068672	303032	303032	0	1169063	0	
34603008	34603008	2061136	9098672	23068672	0	11159808	23068672	303968	303968	0	1184967	0	
34603008	34603008	2060624	9099184	23068672	0	11159808	23068672	304228	304228	0	1180833	0	
34603008	34603008	2060540	9099268	23068672	0	11159808	23068672	306840	306840	0	1287452	0	
34603008	34603008	2076240	9083568	23068672	0	11159808	23068672	307572	307572	0	1162190	0	
34603008	34603008	2088744	9071064	23068672	0	11159808	23068672	309356	309356	0	1222006	0	
34603008	34603008	2071964	9087844	23068672	0	11159808	23068672	306828	306828	0	1174996	0	
34603008	34603008	2061496	9098312	23068672	0	11159808	23068672	306276	306276	0	1196295	0	
34603008	34603008	2168300	8991508	23068672	0	11159808	23068672	322676	322676	0	1279651	0	
34603008	34603008	2262092	8897716	23068672	0	11159808	23068672	338056	338056	0	1140376	0	
34603008	34603008	2153488	9006320	23068672	0	11159808	23068672	312124	312124	0	1374112	0	
34603008	34603008	2075480	9084328	23068672	0	11159808	23068672	307176	307176	0	1269983	0	
34603008	34603008	2101524	9058284	23068672	0	11159808	23068672	310348	310348	0	1100621	0	
34603008	34603008	2083232	9076576	23068672	0	11159808	23068672	306360	306360	0	1163035	0	
34603008	34603008	2059876	9099932	23068672	0	11159808	23068672	298736	298736	0	1268972	0	
34603008	34603008	2076284	9083524	23068672	0	11159808	23068672	307060	307060	0	1147591	0	
34603008	34603008	2101980	9057828	23068672	0	11159808	23068672	447004	447004	0	1262581	0	
34603008	34603008	2100068	9059740	23068672	0	11159808	23068672	308900	308900	0	1179207	0	
34603008	34603008	2103240	9056568	23068672	0	11159808	23068672	310996	310996	0	1154817	0	
34603008	34603008	2114856	9044952	23068672	0	11159808	23068672	311956	311956	0	1203069	0	
34603008	34603008	2085808	9074000	23068672	0	11159808	23068672	305736	305736	0	1096106	0	
34603008	34603008	2076532	9083276	23068672	0	11159808	23068672	308212	308212	0	1402234	0	
34603008	34603008	2074232	9085576	23068672	0	11159808	23068672	304004	304004	0	1192021	0	
34603008	34603008	2062104	9097704	23068672	0	11159808	23068672	304996	304996	0	1112255	0	
34603008	34603008	2076948	9082860	23068672	0	11159808	23068672	306432	306432	0	1135644	0	
34603008	34603008	2088648	9071160	23068672	0	11159808	23068672	310556	310556	0	1213363	0	
34603008	34603008	2089464	9070344	23068672	0	11159808	23068672	306936	306936	0	1114274	0	
34603008	34603008	2102492	9057316	23068672	0	11159808	23068672	310552	310552	0	1101745	0	
34603008	34603008	2112324	9047484	23068672	0	11159808	23068672	312604	312604	0	1334145	0	
34603008	34603008	2068084	9091724	23068672	0	11159808	23068672	271072	271072	0	1286889	0	
34603008	34603008	2075272	9084536	23068672	0	11159808	23068672	306956	306956	0	1207391	0	
34603008	34603008	2083592	9076216	23068672	0	11159808	23068672	305636	305636	0	1191662	0	
34603008	34603008	2077044	9082764	23068672	0	11159808	23068672	308732	308732	0	1180427	0	
34603008	34603008	2193748	8966060	23068672	0	11159808	23068672	329588	329588	0	1235366	0	
34603008	34603008	2168800	8991008	23068672	0	11159808	23068672	314956	314956	0	1295867	0	
34603008	34603008	2088176	9071632	23068672	0	11159808	23068672	308268	308268	0	1242573	0	
34603008	34603008	2102024	9057784	23068672	0	11159808	23068672	311032	311032	0	1236782	0	
34603008	34603008	2098476	9061332	23068672	0	11159808	23068672	310488	310488	0	1090966	0	
34603008	34603008	2102148	9057660	23068672	0	11159808	23068672	311000	311000	0	1030497	0	
34603008	34603008	2110812	9048996	23068672	0	11159808	23068672	311556	311556	0	1013227	0	
34603008	34603008	2112032	9047776	23068672	0	11159808	23068672	311836	311836	0	1083360	0	
34603008	34603008	2116228	9043580	23068672	0	11159808	23068672	313044	313044	0	1108422	0	
34603008	34603008	2244268	8915540	23068672	0	11159808	23068672	339636	339636	0	1256061	0	
34603008	34603008	2196280	8963528	23068672	0	11159808	23068672	316084	316084	0	1150845	0	
34603008	34603008	2101412	9058396	23068672	0	11159808	23068672	309520	309520	0	1119521	0	
34603008	34603008	2097312	9062496	23068672	0	11159808	23068672	309312	309312	0	1031056	0	
34603008	34603008	2086804	9073004	23068672	0	11159808	23068672	286340	286340	0	1134516	0	
34603008	34603008	2083980	9075828	23068672	0	11159808	23068672	305052	305052	0	1092201	0	
34603008	34603008	2087720	9072088	23068672	0	11159808	23068672	310076	310076	0	1149408	0	
34603008	34603008	2102504	9057304	23068672	0	11159808	23068672	308872	308872	0	1176523	0	
34603008	34603008	2111796	9048012	23068672	0	11159808	23068672	310060	310060	0	1471480	0	
34603008	34603008	2219928	8939880	23068672	0	11159808	23068672	336248	336248	0	1201926	0	
34603008	34603008	2163076	8996732	23068672	0	11159808	23068672	312216	312216	0	1277356	0	
34603008	34603008	2061248	9098560	23068672	0	11159808	23068672	302916	302916	0	1233519	0	
34603008	34603008	2060984	9098824	23068672	0	11159808	23068672	305056	305056	0	1130966	0	
34603008	34603008	2074440	9085368	23068672	0	11159808	23068672	306212	306212	0	1199480	0	
34603008	34603008	2087620	9072188	23068672	0	11159808	23068672	307752	307752	0	1332830	0	
34603008	34603008	2071464	9088344	23068672	0	11159808	23068672	304424	304424	0	1338284	0	
34603008	34603008	2059804	9100004	23068672	0	11159808	23068672	302364	302364	0	1322438	0	
34603008	34603008	2059184	9100624	23068672	0	11159808	23068672	302940	302940	0	1313788	0	
34603008	34603008	2059432	9100376	23068672	0	11159808	23068672	302252	302252	0	1255157	0	
34603008	34603008	2059392	9100416	23068672	0	11159808	23068672	302940	302940	0	1306061	0	
34603008	34603008	2059476	9100332	23068672	0	11159808	23068672	304240	304240	0	1318118	0	
34603008	34603008	2060804	9099004	23068672	0	11159808	23068672	305660	305660	0	1308737	0	
34603008	34603008	2059876	9099932	23068672	0	11159808	23068672	303748	303748	0	1153979	0	
34603008	34603008	2074604	9085204	23068672	0	11159808	23068672	307856	307856	0	1351081	0	
34603008	34603008	2193512	8966296	23068672	0	11159808	23068672	330516	330516	0	1281839	0	
34603008	34603008	2166608	8993200	23068672	0	11159808	23068672	313532	313532	0	1257261	0	
34603008	34603008	2101676	9058132	23068672	0	11159808	23068672	312320	312320	0	1374487	0	
34603008	34603008	2109732	9050076	23068672	0	11159808	23068672	315244	315244	0	1203511	0	
34603008	34603008	2097024	9062784	23068672	0	11159808	23068672	309356	309356	0	1179633	0	
34603008	34603008	2070120	9089688	23068672	0	11159808	23068672	304052	304052	0	1118114	0	
34603008	34603008	2058296	9101512	23068672	0	11159808	23068672	303560	303560	0	1190477	0	
34603008	34603008	2060056	9099752	23068672	0	11159808	23068672	302848	302848	0	1209970	0	
34603008	34603008	2074024	9085784	23068672	0	11159808	23068672	306976	306976	0	1157629	0	
34603008	34603008	2231016	8928792	23068672	0	11159808	23068672	336976	336976	0	1205988	0	
34603008	34603008	2183264	8976544	23068672	0	11159808	23068672	313020	313020	0	1259732	0	
34603008	34603008	2073360	9086448	23068672	0	11159808	23068672	306308	306308	0	1270929	0	
34603008	34603008	2086956	9072852	23068672	0	11159808	23068672	306768	306768	0	1184488	0	
34603008	34603008	2177228	8982580	23068672	0	11159808	23068672	326312	326312	0	1124345	0	
34603008	34603008	2261212	8898596	23068672	0	11159808	23068672	335828	335828	0	1191200	0	
34603008	34603008	2287200	8872608	23068672	0	11159808	23068672	340060	340060	0	1255435	0	
34603008	34603008	2178184	8981624	23068672	0	11159808	23068672	313756	313756	0	1143953	0	
34603008	34603008	2085836	9073972	23068672	0	11159808	23068672	307084	307084	0	1139496	0	
34603008	34603008	2069360	9090448	23068672	0	11159808	23068672	305548	305548	0	1139855	0	
34603008	34603008	2059264	9100544	23068672	0	11159808	23068672	302556	302556	0	1177043	0	
34603008	34603008	2059084	9100724	23068672	0	11159808	23068672	303748	303748	0	1307965	0	
34603008	34603008	2059212	9100596	23068672	0	11159808	23068672	302232	302232	0	1101984	0	
34603008	34603008	2058656	9101152	23068672	0	11159808	23068672	303860	303860	0	1191617	0	
34603008	34603008	2057340	9102468	23068672	0	11159808	23068672	303648	303648	0	1113040	0	
34603008	34603008	2073708	9086100	23068672	0	11159808	23068672	305240	305240	0	1160449	0	
34603008	34603008	2175536	8984272	23068672	0	11159808	23068672	320388	320388	0	1198693	0	
34603008	34603008	2297808	8862000	23068672	0	11159808	23068672	341608	341608	0	1143084	0	
34603008	34603008	2196028	8963780	23068672	0	11159808	23068672	518916	518916	0	1131442	0	
34603008	34603008	2194800	8965008	23068672	0	11159808	23068672	329200	329200	0	1141218	0	
34603008	34603008	2152044	9007764	23068672	0	11159808	23068672	311428	311428	0	1136249	0	
34603008	34603008	2061868	9097940	23068672	0	11159808	23068672	303584	303584	0	1132487	0	
34603008	34603008	2060416	9099392	23068672	0	11159808	23068672	299640	299640	0	1127755	0	
34603008	34603008	2060720	9099088	23068672	0	11159808	23068672	302800	302800	0	1267697	0	
34603008	34603008	2059736	9100072	23068672	0	11159808	23068672	301944	301944	0	1331122	0	
34603008	34603008	2196704	8963104	23068672	0	11159808	23068672	332200	332200	0	1293762	0	
34603008	34603008	2162452	8997356	23068672	0	11159808	23068672	310772	310772	0	1231153	0	
34603008	34603008	2060692	9099116	23068672	0	11159808	23068672	301884	301884	0	1245180	0	
34603008	34603008	2059668	9100140	23068672	0	11159808	23068672	301080	301080	0	1184316	0	
34603008	34603008	2060956	9098852	23068672	0	11159808	23068672	303672	303672	0	1143530	0	
34603008	34603008	2074800	9085008	23068672	0	11159808	23068672	306032	306032	0	1262061	0	
34603008	34603008	2071492	9088316	23068672	0	11159808	23068672	305056	305056	0	1341142	0	
34603008	34603008	2059376	9100432	23068672	0	11159808	23068672	304104	304104	0	1253596	0	
34603008	34603008	2060152	9099656	23068672	0	11159808	23068672	302112	302112	0	1188344	0	
34603008	34603008	2059376	9100432	23068672	0	11159808	23068672	302240	302240	0	1255907	0	
34603008	34603008	2074260	9085548	23068672	0	11159808	23068672	306968	306968	0	1175803	0	
34603008	34603008	2084852	9074956	23068672	0	11159808	23068672	307016	307016	0	1200245	0	
34603008	34603008	2099292	9060516	23068672	0	11159808	23068672	309056	309056	0	1339364	0	
34603008	34603008	2097908	9061900	23068672	0	11159808	23068672	306400	306400	0	1166618	0	
34603008	34603008	2099844	9059964	23068672	0	11159808	23068672	309628	309628	0	1142952	0	
34603008	34603008	2099872	9059936	23068672	0	11159808	23068672	306888	306888	0	1163944	0	
34603008	34603008	2099732	9060076	23068672	0	11159808	23068672	308924	308924	0	1138667	0	
34603008	34603008	2096648	9063160	23068672	0	11159808	23068672	306948	306948	0	1212052	0	
34603008	34603008	2192660	8967148	23068672	0	11159808	23068672	329052	329052	0	1157604	0	
34603008	34603008	2165304	8994504	23068672	0	11159808	23068672	313368	313368	0	1094848	0	
34603008	34603008	2087588	9072220	23068672	0	11159808	23068672	305100	305100	0	1184345	0	
34603008	34603008	2099664	9060144	23068672	0	11159808	23068672	309264	309264	0	1147279	0	
34603008	34603008	2096536	9063272	23068672	0	11159808	23068672	306256	306256	0	1070643	0	
34603008	34603008	2100760	9059048	23068672	0	11159808	23068672	310476	310476	0	1199509	0	
34603008	34603008	2095844	9063964	23068672	0	11159808	23068672	308268	308268	0	1071180	0	
34603008	34603008	2099252	9060556	23068672	0	11159808	23068672	306540	306540	0	1297899	0	
34603008	34603008	2094432	9065376	23068672	0	11159808	23068672	307996	307996	0	1231358	0	
34603008	34603008	2084560	9075248	23068672	0	11159808	23068672	307212	307212	0	1258434	0	
34603008	34603008	2085240	9074568	23068672	0	11159808	23068672	306184	306184	0	1252737	0	
34603008	34603008	2084988	9074820	23068672	0	11159808	23068672	307156	307156	0	1575055	0	
34603008	34603008	2070452	9089356	23068672	0	11159808	23068672	304568	304568	0	1145989	0	
34603008	34603008	2059140	9100668	23068672	0	11159808	23068672	302532	302532	0	1049494	0	
34603008	34603008	2059488	9100320	23068672	0	11159808	23068672	301520	301520	0	1245156	0	
34603008	34603008	2194956	8964852	23068672	0	11159808	23068672	330432	330432	0	1098755	0	
34603008	34603008	2162132	8997676	23068672	0	11159808	23068672	310384	310384	0	1124967	0	
34603008	34603008	2059280	9100528	23068672	0	11159808	23068672	302156	302156	0	1105281	0	
34603008	34603008	2073760	9086048	23068672	0	11159808	23068672	305152	305152	0	1214348	0	
34603008	34603008	2067668	9092140	23068672	0	11159808	23068672	300764	300764	0	1347218	0	
34603008	34603008	2058516	9101292	23068672	0	11159808	23068672	304296	304296	0	1348615	0	
34603008	34603008	2058712	9101096	23068672	0	11159808	23068672	301276	301276	0	1311646	0	
34603008	34603008	2057812	9101996	23068672	0	11159808	23068672	300264	300264	0	1242690	0	
34603008	34603008	2194200	8965608	23068672	0	11159808	23068672	331088	331088	0	1245451	0	
34603008	34603008	2282840	8876968	23068672	0	11159808	23068672	334796	334796	0	1288133	0	
34603008	34603008	2255452	8904356	23068672	0	11159808	23068672	302400	302400	0	1299562	0	
34603008	34603008	2254916	8904892	23068672	0	11159808	23068672	333988	333988	0	1380325	0	
34603008	34603008	2286564	8873244	23068672	0	11159808	23068672	336032	336032	0	1225389	0	
34603008	34603008	2281308	8878500	23068672	0	11159808	23068672	335588	335588	0	1222074	0	
34603008	34603008	2269664	8890144	23068672	0	11159808	23068672	334508	334508	0	1173554	0	
34603008	34603008	2164820	8994988	23068672	0	11159808	23068672	313772	313772	0	1173248	0	
34603008	34603008	2191956	8967852	23068672	0	11159808	23068672	325576	325576	0	1381119	0	
34603008	34603008	2148096	9011712	23068672	0	11159808	23068672	305892	305892	0	1186596	0	
34603008	34603008	2056816	9102992	23068672	0	11159808	23068672	300992	300992	0	1278527	0	
34603008	34603008	2071516	9088292	23068672	0	11159808	23068672	302672	302672	0	1460113	0	
34603008	34603008	2190320	8969488	23068672	0	11159808	23068672	327892	327892	0	1236506	0	
34603008	34603008	2148676	9011132	23068672	0	11159808	23068672	307476	307476	0	1201698	0	
34603008	34603008	2057396	9102412	23068672	0	11159808	23068672	302104	302104	0	1152197	0	
34603008	34603008	2056772	9103036	23068672	0	11159808	23068672	301868	301868	0	1134969	0	
34603008	34603008	2057036	9102772	23068672	0	11159808	23068672	301900	301900	0	1213206	0	
34603008	34603008	2055928	9103880	23068672	0	11159808	23068672	299780	299780	0	1321704	0	
34603008	34603008	2056108	9103700	23068672	0	11159808	23068672	300852	300852	0	1205728	0	
34603008	34603008	2071880	9087928	23068672	0	11159808	23068672	304016	304016	0	1160159	0	
34603008	34603008	2084424	9075384	23068672	0	11159808	23068672	303252	303252	0	1249054	0	
34603008	34603008	2068196	9091612	23068672	0	11159808	23068672	302272	302272	0	1369566	0	
34603008	34603008	2163284	8996524	23068672	0	11159808	23068672	322800	322800	0	1202802	0	
34603008	34603008	2257928	8901880	23068672	0	11159808	23068672	331376	331376	0	1354573	0	
34603008	34603008	2163788	8996020	23068672	0	11159808	23068672	311252	311252	0	1096166	0	
34603008	34603008	2067960	9091848	23068672	0	11159808	23068672	302440	302440	0	1240860	0	
34603008	34603008	2071116	9088692	23068672	0	11159808	23068672	303296	303296	0	1229172	0	
34603008	34603008	2083288	9076520	23068672	0	11159808	23068672	305212	305212	0	1242315	0	
34603008	34603008	2081236	9078572	23068672	0	11159808	23068672	303572	303572	0	1289678	0	
34603008	34603008	2176148	8983660	23068672	0	11159808	23068672	323740	323740	0	1191499	0	
34603008	34603008	2255112	8904696	23068672	0	11159808	23068672	331556	331556	0	1174517	0	
34603008	34603008	2162436	8997372	23068672	0	11159808	23068672	310988	310988	0	1285564	0	
34603008	34603008	2067100	9092708	23068672	0	11159808	23068672	300652	300652	0	1284897	0	
34603008	34603008	2070616	9089192	23068672	0	11159808	23068672	302660	302660	0	1210666	0	
34603008	34603008	2081444	9078364	23068672	0	11159808	23068672	303948	303948	0	1965348	0	
34603008	34603008	2083036	9076772	23068672	0	11159808	23068672	268468	268468	0	1381243	0	
34603008	34603008	2090776	9069032	23068672	0	11159808	23068672	307864	307864	0	1313063	0	
34603008	34603008	2124668	9035140	23068672	0	11159808	23068672	312428	312428	0	1503278	0	
34603008	34603008	2242308	8917500	23068672	0	11159808	23068672	334444	334444	0	1363766	0	
34603008	34603008	2171216	8988592	23068672	0	11159808	23068672	307388	307388	0	1372155	0	
34603008	34603008	2162340	8997468	23068672	0	11159808	23068672	303308	303308	0	1207383	0	
34603008	34603008	2253244	8906564	23068672	0	11159808	23068672	333368	333368	0	1204002	0	
34603008	34603008	2177500	8982308	23068672	0	11159808	23068672	314544	314544	0	1201773	0	
34603008	34603008	2093988	9065820	23068672	0	11159808	23068672	308100	308100	0	1281004	0	
34603008	34603008	2096716	9063092	23068672	0	11159808	23068672	307832	307832	0	1366042	0	
34603008	34603008	2076720	9083088	23068672	0	11159808	23068672	302724	302724	0	1350641	0	
34603008	34603008	2055816	9103992	23068672	0	11159808	23068672	299548	299548	0	1229903	0	
34603008	34603008	2084588	9075220	23068672	0	11159808	23068672	305456	305456	0	1364969	0	
34603008	34603008	2184424	8975384	23068672	0	11159808	23068672	296072	296072	0	1289934	0	
34603008	34603008	2250708	8909100	23068672	0	11159808	23068672	329216	329216	0	1319851	0	
34603008	34603008	2146280	9013528	23068672	0	11159808	23068672	307180	307180	0	1186623	0	
34603008	34603008	2069468	9090340	23068672	0	11159808	23068672	303660	303660	0	1152870	0	
34603008	34603008	2096632	9063176	23068672	0	11159808	23068672	309528	309528	0	1294567	0	
34603008	34603008	2213256	8946552	23068672	0	11159808	23068672	330348	330348	0	1281328	0	
34603008	34603008	2294372	8865436	23068672	0	11159808	23068672	334876	334876	0	1215934	0	
34603008	34603008	2173072	8986736	23068672	0	11159808	23068672	311200	311200	0	1186679	0	
34603008	34603008	2066700	9093108	23068672	0	11159808	23068672	300644	300644	0	1228941	0	
34603008	34603008	2054904	9104904	23068672	0	11159808	23068672	298312	298312	0	1228543	0	
34603008	34603008	2176280	8983528	23068672	0	11159808	23068672	329300	329300	0	1385954	0	
34603008	34603008	2251304	8908504	23068672	0	11159808	23068672	291412	291412	0	1352197	0	
34603008	34603008	2219516	8940292	23068672	0	11159808	23068672	327404	327404	0	1358562	0	
34603008	34603008	2153380	9006428	23068672	0	11159808	23068672	312656	312656	0	1290330	0	
34603008	34603008	2106476	9053332	23068672	0	11159808	23068672	306664	306664	0	1325742	0	
34603008	34603008	2093044	9066764	23068672	0	11159808	23068672	304776	304776	0	1161107	0	
34603008	34603008	2095068	9064740	23068672	0	11159808	23068672	306412	306412	0	1232881	0	
34603008	34603008	2091784	9068024	23068672	0	11159808	23068672	303664	303664	0	1191172	0	
34603008	34603008	2170480	8989328	23068672	0	11159808	23068672	631116	631116	0	1660674	0	
34603008	34603008	2152776	9007032	23068672	0	11159808	23068672	309180	309180	0	1370817	0	
34603008	34603008	2101008	9058800	23068672	0	11159808	23068672	308080	308080	0	1145452	0	
34603008	34603008	2110020	9049788	23068672	0	11159808	23068672	308660	308660	0	1120241	0	
34603008	34603008	2112024	9047784	23068672	0	11159808	23068672	306264	306264	0	1192606	0	
34603008	34603008	2109132	9050676	23068672	0	11159808	23068672	308408	308408	0	1147321	0	
34603008	34603008	2095648	9064160	23068672	0	11159808	23068672	303016	303016	0	1148425	0	
34603008	34603008	2191248	8968560	23068672	0	11159808	23068672	327520	327520	0	1250684	0	
34603008	34603008	2163748	8996060	23068672	0	11159808	23068672	313156	313156	0	1319792	0	
34603008	34603008	2100120	9059688	23068672	0	11159808	23068672	305156	305156	0	1211182	0	
34603008	34603008	2110516	9049292	23068672	0	11159808	23068672	305788	305788	0	1229123	0	
34603008	34603008	2110956	9048852	23068672	0	11159808	23068672	307304	307304	0	1176895	0	
34603008	34603008	2201104	8958704	23068672	0	11159808	23068672	326732	326732	0	1151720	0	
34603008	34603008	2180020	8979788	23068672	0	11159808	23068672	315044	315044	0	1240612	0	
34603008	34603008	2096728	9063080	23068672	0	11159808	23068672	306320	306320	0	1246367	0	
34603008	34603008	2070160	9089648	23068672	0	11159808	23068672	300796	300796	0	1199693	0	
34603008	34603008	2073832	9085976	23068672	0	11159808	23068672	303632	303632	0	1236145	0	
34603008	34603008	2085032	9074776	23068672	0	11159808	23068672	306604	306604	0	1113659	0	
34603008	34603008	2084764	9075044	23068672	0	11159808	23068672	302140	302140	0	1264000	0	
34603008	34603008	2069508	9090300	23068672	0	11159808	23068672	299040	299040	0	1179041	0	
34603008	34603008	2071612	9088196	23068672	0	11159808	23068672	304696	304696	0	1434808	0	
34603008	34603008	2100192	9059616	23068672	0	11159808	23068672	308668	308668	0	1137857	0	
34603008	34603008	2217024	8942784	23068672	0	11159808	23068672	332044	332044	0	1292751	0	
34603008	34603008	2174728	8985080	23068672	0	11159808	23068672	311936	311936	0	1303633	0	
34603008	34603008	2189496	8970312	23068672	0	11159808	23068672	326656	326656	0	1401216	0	
34603008	34603008	2253100	8906708	23068672	0	11159808	23068672	290512	290512	0	1377588	0	
34603008	34603008	2251648	8908160	23068672	0	11159808	23068672	332068	332068	0	1171998	0	
34603008	34603008	2163696	8996112	23068672	0	11159808	23068672	311052	311052	0	1324652	0	
34603008	34603008	2098404	9061404	23068672	0	11159808	23068672	307844	307844	0	1189849	0	
34603008	34603008	2094096	9065712	23068672	0	11159808	23068672	304296	304296	0	1260803	0	
34603008	34603008	2068332	9091476	23068672	0	11159808	23068672	299656	299656	0	1271848	0	
34603008	34603008	2071460	9088348	23068672	0	11159808	23068672	302632	302632	0	1296367	0	
34603008	34603008	2068112	9091696	23068672	0	11159808	23068672	301716	301716	0	1283337	0	
34603008	34603008	2055180	9104628	23068672	0	11159808	23068672	299936	299936	0	1146070	0	
34603008	34603008	2071628	9088180	23068672	0	11159808	23068672	303808	303808	0	1324748	0	
34603008	34603008	2068320	9091488	23068672	0	11159808	23068672	304068	304068	0	1234831	0	
34603008	34603008	2089388	9070420	23068672	0	11159808	23068672	307464	307464	0	1344307	0	
34603008	34603008	2186804	8973004	23068672	0	11159808	23068672	306940	306940	0	1356310	0	
34603008	34603008	2255520	8904288	23068672	0	11159808	23068672	329812	329812	0	1374905	0	
34603008	34603008	2163584	8996224	23068672	0	11159808	23068672	309284	309284	0	1324536	0	
34603008	34603008	2097352	9062456	23068672	0	11159808	23068672	304696	304696	0	1318165	0	
34603008	34603008	2213932	8945876	23068672	0	11159808	23068672	329372	329372	0	1270498	0	
34603008	34603008	2161064	8998744	23068672	0	11159808	23068672	307452	307452	0	1441995	0	
34603008	34603008	2194568	8965240	23068672	0	11159808	23068672	327736	327736	0	1323279	0	
34603008	34603008	2158816	9000992	23068672	0	11159808	23068672	306164	306164	0	1251868	0	
34603008	34603008	2176264	8983544	23068672	0	11159808	23068672	324344	324344	0	1370071	0	
34603008	34603008	2163444	8996364	23068672	0	11159808	23068672	308564	308564	0	1291528	0	
34603008	34603008	2189360	8970448	23068672	0	11159808	23068672	326028	326028	0	1351364	0	
34603008	34603008	2147468	9012340	23068672	0	11159808	23068672	305648	305648	0	1207650	0	
34603008	34603008	2056496	9103312	23068672	0	11159808	23068672	270424	270424	0	1226897	0	
34603008	34603008	2081820	9077988	23068672	0	11159808	23068672	305080	305080	0	1139152	0	
34603008	34603008	2108028	9051780	23068672	0	11159808	23068672	307488	307488	0	1188461	0	
34603008	34603008	2077840	9081968	23068672	0	11159808	23068672	300524	300524	0	1351848	0	
34603008	34603008	2163348	8996460	23068672	0	11159808	23068672	287032	287032	0	1141789	0	
34603008	34603008	2148504	9011304	23068672	0	11159808	23068672	308148	308148	0	1093017	0	
34603008	34603008	2082800	9077008	23068672	0	11159808	23068672	302044	302044	0	1244591	0	
34603008	34603008	2083312	9076496	23068672	0	11159808	23068672	302812	302812	0	1194115	0	
34603008	34603008	2083588	9076220	23068672	0	11159808	23068672	300632	300632	0	1264353	0	
34603008	34603008	2081304	9078504	23068672	0	11159808	23068672	302676	302676	0	1279259	0	
34603008	34603008	2081456	9078352	23068672	0	11159808	23068672	300288	300288	0	1399383	0	
34603008	34603008	2171996	8987812	23068672	0	11159808	23068672	287552	287552	0	1379620	0	
34603008	34603008	2130260	9029548	23068672	0	11159808	23068672	288256	288256	0	1430700	0	
34603008	34603008	2174256	8985552	23068672	0	11159808	23068672	323716	323716	0	1322908	0	
34603008	34603008	2267624	8892184	23068672	0	11159808	23068672	330844	330844	0	1266240	0	
34603008	34603008	2176140	8983668	23068672	0	11159808	23068672	311600	311600	0	1035590	0	
34603008	34603008	2110088	9049720	23068672	0	11159808	23068672	310556	310556	0	1220389	0	
34603008	34603008	2109824	9049984	23068672	0	11159808	23068672	307552	307552	0	1248626	0	
34603008	34603008	2112192	9047616	23068672	0	11159808	23068672	306172	306172	0	1238157	0	
34603008	34603008	2107984	9051824	23068672	0	11159808	23068672	306304	306304	0	1109443	0	
34603008	34603008	2109424	9050384	23068672	0	11159808	23068672	307260	307260	0	1147363	0	
34603008	34603008	2093000	9066808	23068672	0	11159808	23068672	303872	303872	0	1290823	0	
34603008	34603008	2096132	9063676	23068672	0	11159808	23068672	305728	305728	0	1280758	0	
34603008	34603008	2077496	9082312	23068672	0	11159808	23068672	303744	303744	0	1310220	0	
34603008	34603008	2055180	9104628	23068672	0	11159808	23068672	299476	299476	0	1289443	0	
34603008	34603008	2069924	9089884	23068672	0	11159808	23068672	302108	302108	0	1230843	0	
34603008	34603008	2227836	8931972	23068672	0	11159808	23068672	334476	334476	0	1177804	0	
34603008	34603008	2205820	8953988	23068672	0	11159808	23068672	314088	314088	0	1330307	0	
34603008	34603008	2229496	8930312	23068672	0	11159808	23068672	332280	332280	0	1385941	0	
34603008	34603008	2330268	8829540	23068672	0	11159808	23068672	341716	341716	0	1234442	0	
34603008	34603008	2191596	8968212	23068672	0	11159808	23068672	285916	285916	0	1232874	0	
34603008	34603008	2091384	9068424	23068672	0	11159808	23068672	305624	305624	0	1255954	0	
34603008	34603008	2106928	9052880	23068672	0	11159808	23068672	306948	306948	0	1223444	0	
34603008	34603008	2093296	9066512	23068672	0	11159808	23068672	302380	302380	0	1155804	0	
34603008	34603008	2096092	9063716	23068672	0	11159808	23068672	305124	305124	0	1272454	0	
34603008	34603008	2214168	8945640	23068672	0	11159808	23068672	328324	328324	0	1167673	0	
34603008	34603008	2157280	9002528	23068672	0	11159808	23068672	307248	307248	0	1167348	0	
34603008	34603008	2054208	9105600	23068672	0	11159808	23068672	298700	298700	0	1127252	0	
34603008	34603008	2068568	9091240	23068672	0	11159808	23068672	301600	301600	0	1220711	0	
34603008	34603008	2186996	8972812	23068672	0	11159808	23068672	324696	324696	0	1207444	0	
34603008	34603008	2144780	9015028	23068672	0	11159808	23068672	307524	307524	0	1221724	0	
34603008	34603008	2053268	9106540	23068672	0	11159808	23068672	297124	297124	0	1248321	0	
34603008	34603008	2084808	9075000	23068672	0	11159808	23068672	303452	303452	0	1210389	0	
34603008	34603008	2197904	8961904	23068672	0	11159808	23068672	326328	326328	0	1296823	0	
34603008	34603008	2267236	8892572	23068672	0	11159808	23068672	330740	330740	0	1224784	0	
34603008	34603008	2160340	8999468	23068672	0	11159808	23068672	308976	308976	0	1158246	0	
34603008	34603008	2200668	8959140	23068672	0	11159808	23068672	331140	331140	0	1418467	0	
34603008	34603008	2317728	8842080	23068672	0	11159808	23068672	339200	339200	0	1307042	0	
34603008	34603008	2176596	8983212	23068672	0	11159808	23068672	308872	308872	0	1160635	0	
34603008	34603008	2173992	8985816	23068672	0	11159808	23068672	323056	323056	0	1293874	0	
34603008	34603008	2159636	9000172	23068672	0	11159808	23068672	308632	308632	0	1139558	0	
34603008	34603008	2095188	9064620	23068672	0	11159808	23068672	304740	304740	0	1478526	0	
34603008	34603008	2195808	8964000	23068672	0	11159808	23068672	325340	325340	0	1236705	0	
34603008	34603008	2145996	9013812	23068672	0	11159808	23068672	308248	308248	0	1321444	0	
34603008	34603008	2053092	9106716	23068672	0	11159808	23068672	296500	296500	0	1312200	0	
34603008	34603008	2081944	9077864	23068672	0	11159808	23068672	304780	304780	0	1310227	0	
34603008	34603008	2075668	9084140	23068672	0	11159808	23068672	298412	298412	0	1138042	0	
34603008	34603008	2068472	9091336	23068672	0	11159808	23068672	302136	302136	0	1198199	0	
34603008	34603008	2079504	9080304	23068672	0	11159808	23068672	299936	299936	0	1239101	0	
34603008	34603008	2185536	8974272	23068672	0	11159808	23068672	323556	323556	0	1361180	0	
34603008	34603008	2264044	8895764	23068672	0	11159808	23068672	330456	330456	0	1160113	0	
34603008	34603008	2143632	9016176	23068672	0	11159808	23068672	305876	305876	0	1151914	0	
34603008	34603008	2053352	9106456	23068672	0	11159808	23068672	297260	297260	0	1235429	0	
34603008	34603008	2053200	9106608	23068672	0	11159808	23068672	297948	297948	0	1236831	0	
34603008	34603008	2050736	9109072	23068672	0	11159808	23068672	297372	297372	0	1251262	0	
34603008	34603008	2067280	9092528	23068672	0	11159808	23068672	300024	300024	0	1289499	0	
34603008	34603008	2168240	8991568	23068672	0	11159808	23068672	283488	283488	0	1230329	0	
34603008	34603008	2140388	9019420	23068672	0	11159808	23068672	310100	310100	0	1295502	0	
34603008	34603008	2079476	9080332	23068672	0	11159808	23068672	301936	301936	0	1296141	0	
34603008	34603008	2079504	9080304	23068672	0	11159808	23068672	295512	295512	0	1496437	0	
34603008	34603008	2183760	8976048	23068672	0	11159808	23068672	323804	323804	0	1158833	0	
34603008	34603008	2157320	9002488	23068672	0	11159808	23068672	308148	308148	0	1088471	0	
34603008	34603008	2063168	9096640	23068672	0	11159808	23068672	298384	298384	0	1227735	0	
34603008	34603008	2172592	8987216	23068672	0	11159808	23068672	323216	323216	0	1234033	0	
34603008	34603008	2247788	8912020	23068672	0	11159808	23068672	293692	293692	0	1209545	0	
34603008	34603008	2127072	9032736	23068672	0	11159808	23068672	302164	302164	0	1241823	0	
34603008	34603008	2051372	9108436	23068672	0	11159808	23068672	297252	297252	0	1239942	0	
34603008	34603008	2066892	9092916	23068672	0	11159808	23068672	299676	299676	0	1138208	0	
34603008	34603008	2184148	8975660	23068672	0	11159808	23068672	321736	321736	0	1280720	0	
34603008	34603008	2142352	9017456	23068672	0	11159808	23068672	304116	304116	0	1280631	0	
34603008	34603008	2080404	9079404	23068672	0	11159808	23068672	303056	303056	0	1190007	0	
34603008	34603008	2088612	9071196	23068672	0	11159808	23068672	303780	303780	0	1186932	0	
34603008	34603008	2092060	9067748	23068672	0	11159808	23068672	304756	304756	0	1292434	0	
34603008	34603008	2192528	8967280	23068672	0	11159808	23068672	323564	323564	0	1159638	0	
34603008	34603008	2156824	9002984	23068672	0	11159808	23068672	307148	307148	0	1227445	0	
34603008	34603008	2183000	8976808	23068672	0	11159808	23068672	321052	321052	0	1241767	0	
34603008	34603008	2247212	8912596	23068672	0	11159808	23068672	290368	290368	0	1450786	0	
34603008	34603008	2140980	9018828	23068672	0	11159808	23068672	308440	308440	0	1274622	0	
34603008	34603008	2075212	9084596	23068672	0	11159808	23068672	301348	301348	0	1229946	0	
34603008	34603008	2093912	9065896	23068672	0	11159808	23068672	279536	279536	0	1610588	0	
34603008	34603008	2099464	9060344	23068672	0	11159808	23068672	306152	306152	0	1369206	0	
34603008	34603008	2073424	9086384	23068672	0	11159808	23068672	296768	296768	0	1205400	0	
34603008	34603008	2082024	9077784	23068672	0	11159808	23068672	282240	282240	0	1225127	0	
34603008	34603008	2113936	9045872	23068672	0	11159808	23068672	306052	306052	0	1565776	0	
34603008	34603008	2101364	9058444	23068672	0	11159808	23068672	301828	301828	0	1261133	0	
34603008	34603008	2078520	9081288	23068672	0	11159808	23068672	300156	300156	0	1215111	0	
34603008	34603008	2075376	9084432	23068672	0	11159808	23068672	302048	302048	0	1281477	0	
34603008	34603008	2182712	8977096	23068672	0	11159808	23068672	321976	321976	0	1179612	0	
34603008	34603008	2155880	9003928	23068672	0	11159808	23068672	307356	307356	0	1267759	0	
34603008	34603008	2092448	9067360	23068672	0	11159808	23068672	301568	301568	0	1229603	0	
34603008	34603008	2088876	9070932	23068672	0	11159808	23068672	300476	300476	0	1172304	0	
34603008	34603008	2168312	8991496	23068672	0	11159808	23068672	281936	281936	0	1289821	0	
34603008	34603008	2244740	8915068	23068672	0	11159808	23068672	328736	328736	0	1317046	0	
34603008	34603008	2246900	8912908	23068672	0	11159808	23068672	288508	288508	0	1237415	0	
34603008	34603008	2243792	8916016	23068672	0	11159808	23068672	327224	327224	0	1366720	0	
34603008	34603008	2245796	8914012	23068672	0	11159808	23068672	285948	285948	0	1310321	0	
34603008	34603008	2243832	8915976	23068672	0	11159808	23068672	328212	328212	0	1173605	0	
34603008	34603008	2277748	8882060	23068672	0	11159808	23068672	333884	333884	0	1195992	0	
34603008	34603008	2166896	8992912	23068672	0	11159808	23068672	309028	309028	0	1170211	0	
34603008	34603008	2077232	9082576	23068672	0	11159808	23068672	300024	300024	0	1219959	0	
34603008	34603008	2089276	9070532	23068672	0	11159808	23068672	304384	304384	0	1165170	0	
34603008	34603008	2190536	8969272	23068672	0	11159808	23068672	323792	323792	0	1139199	0	
34603008	34603008	2155368	9004440	23068672	0	11159808	23068672	306384	306384	0	1258839	0	
34603008	34603008	2166776	8993032	23068672	0	11159808	23068672	286040	286040	0	1273245	0	
34603008	34603008	2151360	9008448	23068672	0	11159808	23068672	308644	308644	0	1208224	0	
