b_initial_y_size_0	b_max_y_size_1	b_used_2	b_available_3	b_committed_4	a_used_5	a_available_6	a_committed_7	a_survived_8	a_promoted_9	a_copied_10	a_time_in_ns_11	promotion_rate_12
33030144	33030144	10652532	10652556	22020096	864616	20440472	22020096	732308	73256	0	953441	6	
33030144	33030144	10652540	10652548	22020096	70044	21235044	22020096	55076	1508	0	176923	0	
33030144	33030144	10652532	10652556	22020096	1558840	19746248	22020096	1302612	748	0	1017478	1	
33030144	33030144	10652512	10652576	22020096	935596	20369492	22020096	786256	0	0	1032358	0	
33030144	33030144	10652532	10652556	22020096	261792	21043296	22020096	212520	64	0	406216	0	
33030144	33030144	10652492	10652596	22020096	78432	21226656	22020096	73288	24	0	170190	0	
33030144	33030144	10652528	10652560	22020096	1460512	19844576	22020096	1200708	0	0	1204248	0	
33030144	33030144	10652532	10652556	22020096	831144	20473944	22020096	711612	1248	0	1021180	0	
33030144	33030144	10652532	10652556	22020096	168104	21136984	22020096	141384	72	0	298324	0	
33030144	33030144	10652532	10652556	22020096	1630496	19674592	22020096	1380528	22256	0	1168710	15	
33030144	33030144	10652532	10652556	22020096	1060956	20244132	22020096	848184	0	0	915994	0	
33030144	33030144	10652532	10652556	22020096	215160	21089928	22020096	170004	312	0	413537	0	
33030144	33030144	10652528	10652560	22020096	102064	21203024	22020096	82848	0	0	188935	0	
33030144	33030144	10652532	10652556	22020096	1448900	19856188	22020096	1210868	0	0	1084282	0	
33030144	33030144	10652532	10652556	22020096	896100	20408988	22020096	739688	96	0	1161814	0	
33030144	33030144	10652532	10652556	22020096	176044	21129044	22020096	145516	372	0	314654	0	
33030144	33030144	10652532	10652556	22020096	1604808	19700280	22020096	1365796	564	0	1142478	0	
33030144	33030144	10652512	10652576	22020096	1060268	20244820	22020096	848024	72	0	974485	0	
33030144	33030144	10652532	10652556	22020096	201644	21103444	22020096	179612	0	0	353019	0	
33030144	33030144	10652520	10652568	22020096	105204	21199884	22020096	85712	0	0	191935	0	
33030144	33030144	10652532	10652556	22020096	1449740	19855348	22020096	1211872	0	0	1063359	0	
33030144	33030144	10652532	10652556	22020096	913652	20391436	22020096	740472	0	0	1027933	0	
33030144	33030144	10652532	10652556	22020096	161864	21143224	22020096	140052	0	0	280702	0	
33030144	33030144	10652512	10652576	22020096	1649516	19655572	22020096	1360792	0	0	1039710	0	
33030144	33030144	10652532	10652556	22020096	1014828	20290260	22020096	848752	0	0	901554	0	
33030144	33030144	10652532	10652556	22020096	225300	21079788	22020096	195052	0	0	369683	0	
33030144	33030144	10652536	10652552	22020096	104644	21200444	22020096	85248	0	0	187965	0	
33030144	33030144	10652532	10652556	22020096	1472368	19832720	22020096	1218672	0	0	1200580	0	
33030144	33030144	10652532	10652556	22020096	872620	20432468	22020096	733652	0	0	1018702	0	
33030144	33030144	10652532	10652556	22020096	164544	21140544	22020096	142792	0	0	290169	0	
33030144	33030144	10652532	10652556	22020096	1594668	19710420	22020096	1364652	0	0	1098266	0	
33030144	33030144	10652532	10652556	22020096	1098864	20206224	22020096	870072	0	0	1013918	0	
33030144	33030144	10652532	10652556	22020096	206364	21098724	22020096	181572	0	0	360156	0	
33030144	33030144	10652528	10652560	22020096	104924	21200164	22020096	85720	0	0	190571	0	
33030144	33030144	10652512	10652576	22020096	1455200	19849888	22020096	1210852	0	0	960044	0	
33030144	33030144	10652532	10652556	22020096	862184	20442904	22020096	737192	0	0	893569	0	
33030144	33030144	10652532	10652556	22020096	140584	21164504	22020096	118552	0	0	244814	0	
33030144	33030144	10652516	10652572	22020096	77624	21227464	22020096	54092	0	0	151773	0	
33030144	33030144	10652532	10652556	22020096	1407952	19897136	22020096	1159312	0	0	938434	0	
33030144	33030144	10652532	10652556	22020096	835032	20470056	22020096	693292	0	0	910776	0	
33030144	33030144	10652528	10652560	22020096	160924	21144164	22020096	129412	0	0	276541	0	
33030144	33030144	10652532	10652556	22020096	1589068	19716020	22020096	1330012	0	0	1046574	0	
33030144	33030144	10652532	10652556	22020096	1028408	20276680	22020096	837832	0	0	970166	0	
33030144	33030144	10652532	10652556	22020096	185664	21119424	22020096	163712	0	0	317785	0	
33030144	33030144	10652524	10652564	22020096	104784	21200304	22020096	85128	0	0	187688	0	
33030144	33030144	10652532	10652556	22020096	1448540	19856548	22020096	1217872	0	0	1029254	0	
33030144	33030144	10652532	10652556	22020096	977824	20327264	22020096	740572	0	0	970366	0	
33030144	33030144	10652520	10652568	22020096	162024	21143064	22020096	136360	0	0	284615	0	
33030144	33030144	10652532	10652556	22020096	1584920	19720168	22020096	1341892	0	0	1139206	0	
33030144	33030144	10652532	10652556	22020096	968044	20337044	22020096	849312	600	0	938685	0	
33030144	33030144	10652532	10652556	22020096	301592	21003496	22020096	231392	0	0	443930	0	
33030144	33030144	10652520	10652568	22020096	100624	21204464	22020096	82020	0	0	186130	0	
33030144	33030144	10652532	10652556	22020096	1446020	19859068	22020096	1206764	552	0	989251	0	
33030144	33030144	10652532	10652556	22020096	927956	20377132	22020096	732572	0	0	930188	0	
33030144	33030144	10652532	10652556	22020096	154084	21151004	22020096	122292	0	0	268080	0	
33030144	33030144	10652512	10652576	22020096	1595048	19710040	22020096	1352232	0	0	1119515	0	
33030144	33030144	10652532	10652556	22020096	1048716	20256372	22020096	843612	0	0	887348	0	
33030144	33030144	10652532	10652556	22020096	210400	21094688	22020096	184692	0	0	354423	0	
33030144	33030144	10652516	10652572	22020096	104804	21200284	22020096	85712	0	0	205824	0	
33030144	33030144	10652532	10652556	22020096	1445620	19859468	22020096	1210452	0	0	999454	0	
33030144	33030144	10652532	10652556	22020096	895048	20410040	22020096	741512	0	0	856025	0	
33030144	33030144	10652532	10652556	22020096	161364	21143724	22020096	139352	0	0	277284	0	
33030144	33030144	10652532	10652556	22020096	1644016	19661072	22020096	1360952	0	0	975213	0	
33030144	33030144	10652512	10652576	22020096	1048568	20256520	22020096	848172	0	0	973380	0	
33030144	33030144	10652532	10652556	22020096	261352	21043736	22020096	189352	0	0	380201	0	
33030144	33030144	10652520	10652568	22020096	99224	21205864	22020096	79864	0	0	182216	0	
33030144	33030144	10652532	10652556	22020096	1449440	19855648	22020096	1208852	0	0	1041185	0	
33030144	33030144	10652512	10652576	22020096	901188	20403900	22020096	728032	0	0	1013508	0	
33030144	33030144	10652532	10652556	22020096	160204	21144884	22020096	131212	0	0	373319	0	
33030144	33030144	10652532	10652556	22020096	1595700	19709388	22020096	1354032	0	0	1059668	0	
33030144	33030144	10652532	10652556	22020096	1034568	20270520	22020096	848632	0	0	972179	0	
33030144	33030144	10652532	10652556	22020096	226884	21078204	22020096	201312	0	0	395736	0	
33030144	33030144	10652540	10652548	22020096	105364	21199724	22020096	86552	0	0	208300	0	
33030144	33030144	10652512	10652576	22020096	1439640	19865448	22020096	1213052	0	0	1170511	0	
33030144	33030144	10652532	10652556	22020096	895768	20409320	22020096	740052	0	0	919741	0	
33030144	33030144	10652532	10652556	22020096	165664	21139424	22020096	143852	0	0	286453	0	
33030144	33030144	10652532	10652556	22020096	1653324	19651764	22020096	1363012	0	0	1152154	0	
33030144	33030144	10652532	10652556	22020096	1034808	20270280	22020096	845432	0	0	844457	0	
33030144	33030144	10652532	10652556	22020096	219504	21085584	22020096	197272	0	0	380729	0	
33030144	33030144	10652544	10652544	22020096	105664	21199424	22020096	86420	0	0	186423	0	
33030144	33030144	10652532	10652556	22020096	1473548	19831540	22020096	1214152	0	0	1210888	0	
33030144	33030144	10652532	10652556	22020096	879960	20425128	22020096	732812	0	0	984897	0	
33030144	33030144	10652532	10652556	22020096	166364	21138724	22020096	144572	0	0	293632	0	
33030144	33030144	10652532	10652556	22020096	1597288	19707800	22020096	1362772	0	0	1076906	0	
33030144	33030144	10652512	10652576	22020096	1089936	20215152	22020096	867492	0	0	1063063	0	
33030144	33030144	10652532	10652556	22020096	256772	21048316	22020096	184592	0	0	364361	0	
33030144	33030144	10652540	10652548	22020096	99044	21206044	22020096	79936	0	0	178698	0	
33030144	33030144	10652532	10652556	22020096	1461680	19843408	22020096	1207712	0	0	914813	0	
33030144	33030144	10652532	10652556	22020096	848464	20456624	22020096	720432	0	0	1025566	0	
33030144	33030144	10652532	10652556	22020096	166704	21138384	22020096	144932	0	0	283472	0	
33030144	33030144	10652532	10652556	22020096	1625548	19679540	22020096	1361732	0	0	1037858	0	
33030144	33030144	10652512	10652576	22020096	1035088	20270000	22020096	851052	0	0	861416	0	
33030144	33030144	10652532	10652556	22020096	255852	21049236	22020096	202832	0	0	512976	0	
33030144	33030144	10652528	10652560	22020096	102084	21203004	22020096	82848	0	0	190593	0	
33030144	33030144	10652512	10652576	22020096	1446000	19859088	22020096	1210792	0	0	1015206	0	
33030144	33030144	10652512	10652576	22020096	869544	20435544	22020096	733912	0	0	1024179	0	
33030144	33030144	10652532	10652556	22020096	164584	21140504	22020096	142612	0	0	283893	0	
33030144	33030144	10652532	10652556	22020096	1655384	19649704	22020096	1362352	0	0	1082500	0	
33030144	33030144	10652532	10652556	22020096	1040888	20264200	22020096	849332	0	0	986349	0	
33030144	33030144	10652532	10652556	22020096	228748	21076340	22020096	188392	0	0	375780	0	
33030144	33030144	10652516	10652572	22020096	103104	21201984	22020096	83500	0	0	184818	0	
33030144	33030144	10652532	10652556	22020096	1411212	19893876	22020096	1213192	0	0	1058799	0	
33030144	33030144	10652532	10652556	22020096	953000	20352088	22020096	744212	0	0	997742	0	
33030144	33030144	10652532	10652556	22020096	162864	21142224	22020096	139764	0	0	310849	0	
33030144	33030144	10652532	10652556	22020096	1634096	19670992	22020096	1359976	0	0	1196618	0	
33030144	33030144	10652532	10652556	22020096	1025908	20279180	22020096	849976	744	0	971445	0	
33030144	33030144	10652512	10652576	22020096	210004	21095084	22020096	185192	0	0	368755	0	
33030144	33030144	10652532	10652556	22020096	105004	21200084	22020096	86260	0	0	190689	0	
33030144	33030144	10652532	10652556	22020096	1440660	19864428	22020096	1211412	0	0	1015974	0	
33030144	33030144	10652532	10652556	22020096	866944	20438144	22020096	738072	0	0	840584	0	
33030144	33030144	10652532	10652556	22020096	148624	21156464	22020096	126232	0	0	252867	0	
33030144	33030144	10652524	10652564	22020096	78120	21226968	22020096	54932	0	0	199237	0	
33030144	33030144	10652512	10652576	22020096	1404192	19900896	22020096	1160692	0	0	1008994	0	
33030144	33030144	10652512	10652576	22020096	876560	20428528	22020096	693912	0	0	979952	0	
33030144	33030144	10652532	10652556	22020096	137944	21167144	22020096	115852	0	0	245911	0	
33030144	33030144	10652532	10652556	22020096	1626796	19678292	22020096	1336772	0	0	1221638	0	
33030144	33030144	10652532	10652556	22020096	1030948	20274140	22020096	828180	0	0	930513	0	
33030144	33030144	10652532	10652556	22020096	206744	21098344	22020096	182780	888	0	509475	0	
33030144	33030144	10652532	10652556	22020096	78452	21226636	22020096	75524	0	0	192972	0	
33030144	33030144	10652512	10652576	22020096	1465708	19839380	22020096	1205912	0	0	1153389	0	
33030144	33030144	10652532	10652556	22020096	854092	20450996	22020096	712132	680	0	931201	0	
33030144	33030144	10652532	10652556	22020096	162484	21142604	22020096	140832	0	0	293712	0	
33030144	33030144	10652532	10652556	22020096	1653864	19651224	22020096	1356952	0	0	1103509	0	
33030144	33030144	10652532	10652556	22020096	1019688	20285400	22020096	844732	0	0	936327	0	
33030144	33030144	10652512	10652576	22020096	203828	21101260	22020096	181352	0	0	369717	0	
33030144	33030144	10652544	10652544	22020096	105204	21199884	22020096	85832	0	0	214008	0	
33030144	33030144	10652532	10652556	22020096	1444140	19860948	22020096	1211952	0	0	985283	0	
33030144	33030144	10652532	10652556	22020096	916068	20389020	22020096	736172	0	0	955043	0	
33030144	33030144	10652532	10652556	22020096	163664	21141424	22020096	142284	0	0	287278	0	
33030144	33030144	10652532	10652556	22020096	1587508	19717580	22020096	1359384	492	0	987300	0	
33030144	33030144	10652512	10652576	22020096	1030428	20274660	22020096	867452	0	0	901495	0	
33030144	33030144	10652532	10652556	22020096	305200	20999888	22020096	233832	0	0	497000	0	
33030144	33030144	10652524	10652564	22020096	100604	21204484	22020096	81684	0	0	182608	0	
33030144	33030144	10652532	10652556	22020096	1412452	19892636	22020096	1205940	0	0	1037803	0	
33030144	33030144	10652532	10652556	22020096	899288	20405800	22020096	736080	28	0	892763	0	
33030144	33030144	10652532	10652556	22020096	160904	21144184	22020096	138992	0	0	284283	0	
33030144	33030144	10652532	10652556	22020096	1634016	19671072	22020096	1360952	0	0	1017250	0	
33030144	33030144	10652512	10652576	22020096	1042028	20263060	22020096	855612	0	0	821148	0	
33030144	33030144	10652532	10652556	22020096	280012	21025076	22020096	202844	0	0	395128	0	
33030144	33030144	10652516	10652572	22020096	98944	21206144	22020096	80072	492	0	189578	0	
33030144	33030144	10652532	10652556	22020096	1437920	19867168	22020096	1207452	0	0	1028021	0	
33030144	33030144	10652532	10652556	22020096	918268	20386820	22020096	731272	0	0	874353	0	
33030144	33030144	10652532	10652556	22020096	148324	21156764	22020096	126112	0	0	255342	0	
33030144	33030144	10652532	10652556	22020096	1596468	19708620	22020096	1356632	0	0	1100824	0	
33030144	33030144	10652532	10652556	22020096	1080804	20224284	22020096	851532	0	0	916501	0	
33030144	33030144	10652532	10652556	22020096	188344	21116744	22020096	166392	0	0	343936	0	
33030144	33030144	10652528	10652560	22020096	104804	21200284	22020096	85788	0	0	194652	0	
33030144	33030144	10652532	10652556	22020096	1435700	19869388	22020096	1210452	0	0	1070279	0	
33030144	33030144	10652532	10652556	22020096	876904	20428184	22020096	740052	0	0	1070179	0	
33030144	33030144	10652532	10652556	22020096	143284	21161804	22020096	121192	0	0	246708	0	
33030144	33030144	10652544	10652544	22020096	77880	21227208	22020096	54572	0	0	145312	0	
33030144	33030144	10652532	10652556	22020096	1412052	19893036	22020096	1160012	0	0	1041087	0	
33030144	33030144	10652532	10652556	22020096	866544	20438544	22020096	691332	0	0	861689	0	
33030144	33030144	10652544	10652544	22020096	139804	21165284	22020096	116992	0	0	268662	0	
33030144	33030144	10652532	10652556	22020096	1602448	19702640	22020096	1336492	0	0	1112415	0	
33030144	33030144	10652532	10652556	22020096	1032968	20272120	22020096	834112	0	0	845441	0	
33030144	33030144	10652532	10652556	22020096	224164	21080924	22020096	199752	0	0	567730	0	
33030144	33030144	10652536	10652552	22020096	79088	21226000	22020096	76616	0	0	201896	0	
33030144	33030144	10652532	10652556	22020096	1427932	19877156	22020096	1205632	0	0	1131939	0	
33030144	33030144	10652512	10652576	22020096	899028	20406060	22020096	729972	0	0	870669	0	
33030144	33030144	10652532	10652556	22020096	162944	21142144	22020096	141432	0	0	308459	0	
33030144	33030144	10652532	10652556	22020096	1601728	19703360	22020096	1355372	0	0	1073618	0	
33030144	33030144	10652532	10652556	22020096	1050776	20254312	22020096	855812	0	0	908327	0	
33030144	33030144	10652532	10652556	22020096	225300	21079788	22020096	196112	0	0	371443	0	
33030144	33030144	10652544	10652544	22020096	104824	21200264	22020096	85532	0	0	206665	0	
33030144	33030144	10652532	10652556	22020096	1538312	19766776	22020096	1210212	0	0	1090562	0	
33030144	33030144	10652532	10652556	22020096	932376	20372712	22020096	713812	0	0	953560	0	
33030144	33030144	10652512	10652576	22020096	149804	21155284	22020096	124052	0	0	264022	0	
33030144	33030144	10652532	10652556	22020096	1561920	19743168	22020096	1337392	0	0	1280646	0	
33030144	33030144	10652532	10652556	22020096	986664	20318424	22020096	846332	0	0	989723	0	
33030144	33030144	10652532	10652556	22020096	264652	21040436	22020096	209732	0	0	396765	0	
33030144	33030144	10652532	10652556	22020096	102124	21202964	22020096	82864	0	0	186294	0	
33030144	33030144	10652512	10652576	22020096	1470460	19834628	22020096	1210852	0	0	1130712	0	
33030144	33030144	10652532	10652556	22020096	888632	20416456	22020096	726812	0	0	971665	0	
33030144	33030144	10652532	10652556	22020096	159764	21145324	22020096	137912	0	0	283377	0	
33030144	33030144	10652532	10652556	22020096	1621716	19683372	22020096	1351992	0	0	966575	0	
33030144	33030144	10652512	10652576	22020096	1074496	20230592	22020096	847412	0	0	897463	0	
33030144	33030144	10652532	10652556	22020096	181964	21123124	22020096	157072	0	0	432983	0	
33030144	33030144	10652528	10652560	22020096	104144	21200944	22020096	85164	0	0	192717	0	
33030144	33030144	10652532	10652556	22020096	1435020	19870068	22020096	1216492	0	0	1086504	0	
33030144	33030144	10652532	10652556	22020096	904880	20400208	22020096	737672	0	0	925466	0	
33030144	33030144	10652532	10652556	22020096	161424	21143664	22020096	136692	0	0	282460	0	
33030144	33030144	10652512	10652576	22020096	1598100	19706988	22020096	1358852	0	0	1192685	0	
33030144	33030144	10652532	10652556	22020096	1071616	20233472	22020096	866212	0	0	870214	0	
33030144	33030144	10652532	10652556	22020096	283752	21021336	22020096	205292	0	0	406022	0	
33030144	33030144	10652528	10652560	22020096	98904	21206184	22020096	78908	0	0	176189	0	
33030144	33030144	10652512	10652576	22020096	1441860	19863228	22020096	1206812	0	0	968765	0	
33030144	33030144	10652532	10652556	22020096	909408	20395680	22020096	728192	0	0	926610	0	
33030144	33030144	10652512	10652576	22020096	157864	21147224	22020096	128952	0	0	281121	0	
33030144	33030144	10652532	10652556	22020096	1607388	19697700	22020096	1353332	0	0	1007916	0	
33030144	33030144	10652512	10652576	22020096	1036968	20268120	22020096	847372	0	0	949430	0	
33030144	33030144	10652532	10652556	22020096	214744	21090344	22020096	188792	0	0	371981	0	
33030144	33030144	10652512	10652576	22020096	104924	21200164	22020096	85752	0	0	212915	0	
33030144	33030144	10652512	10652576	22020096	1407652	19897436	22020096	1210912	0	0	1079475	0	
33030144	33030144	10652532	10652556	22020096	868180	20436908	22020096	744192	0	0	1010647	0	
33030144	33030144	10652532	10652556	22020096	158844	21146244	22020096	136652	0	0	274946	0	
33030144	33030144	10652540	10652548	22020096	78372	21226716	22020096	57684	0	0	145468	0	
33030144	33030144	10652532	10652556	22020096	1388484	19916604	22020096	1168472	0	0	992006	0	
33030144	33030144	10652532	10652556	22020096	916580	20388508	22020096	706192	0	0	864176	0	
33030144	33030144	10652532	10652556	22020096	135004	21170084	22020096	113072	0	0	235870	0	
33030144	33030144	10652532	10652556	22020096	1571340	19733748	22020096	1336332	0	0	1290583	0	
33030144	33030144	10652532	10652556	22020096	1034548	20270540	22020096	840692	0	0	967138	0	
33030144	33030144	10652532	10652556	22020096	184004	21121084	22020096	162112	0	0	316617	0	
33030144	33030144	10652516	10652572	22020096	104784	21200304	22020096	85128	0	0	188350	0	
33030144	33030144	10652532	10652556	22020096	1432060	19873028	22020096	1217872	0	0	913269	0	
33030144	33030144	10652532	10652556	22020096	912648	20392440	22020096	742092	0	0	922014	0	
33030144	33030144	10652532	10652556	22020096	168084	21137004	22020096	136472	0	0	296019	0	
33030144	33030144	10652532	10652556	22020096	1631516	19673572	22020096	1362992	0	0	1126557	0	
33030144	33030144	10652532	10652556	22020096	1084444	20220644	22020096	849152	0	0	797886	0	
33030144	33030144	10652532	10652556	22020096	193084	21112004	22020096	161412	0	0	327179	0	
33030144	33030144	10652500	10652588	22020096	103424	21201664	22020096	84224	0	0	189943	0	
33030144	33030144	10652532	10652556	22020096	1441940	19863148	22020096	1214572	0	0	1022981	0	
33030144	33030144	10652532	10652556	22020096	863620	20441468	22020096	739012	0	0	946231	0	
33030144	33030144	10652532	10652556	22020096	142424	21162664	22020096	119892	0	0	252166	0	
33030144	33030144	10652544	10652544	22020096	77780	21227308	22020096	54272	0	0	144800	0	
33030144	33030144	10652512	10652576	22020096	1402412	19902676	22020096	1159032	0	0	932641	0	
33030144	33030144	10652532	10652556	22020096	809076	20496012	22020096	693652	0	0	975039	0	
33030144	33030144	10652532	10652556	22020096	153744	21151344	22020096	131772	0	0	265255	0	
33030144	33030144	10652532	10652556	22020096	1543132	19761956	22020096	1349452	0	0	944766	0	
33030144	33030144	10652532	10652556	22020096	1091164	20213924	22020096	866092	0	0	979198	0	
33030144	33030144	10652512	10652576	22020096	212964	21092124	22020096	181352	0	0	377097	0	
33030144	33030144	10652516	10652572	22020096	104084	21201004	22020096	84360	0	0	189879	0	
33030144	33030144	10652532	10652556	22020096	1439140	19865948	22020096	1215952	0	0	981646	0	
33030144	33030144	10652532	10652556	22020096	893480	20411608	22020096	742012	0	0	1091692	0	
33030144	33030144	10652512	10652576	22020096	165444	21139644	22020096	140772	0	0	290544	0	
33030144	33030144	10652512	10652576	22020096	1598208	19706880	22020096	1360272	0	0	1193596	0	
33030144	33030144	10652512	10652576	22020096	1023808	20281280	22020096	867872	0	0	974425	0	
33030144	33030144	10652532	10652556	22020096	273212	21031876	22020096	245552	0	0	612100	0	
33030144	33030144	10652520	10652568	22020096	106344	21198744	22020096	87584	0	0	197204	0	
33030144	33030144	10652512	10652576	22020096	1435480	19869608	22020096	1215972	0	0	1001336	0	
33030144	33030144	10652532	10652556	22020096	903808	20401280	22020096	743392	0	0	1069930	0	
33030144	33030144	10652532	10652556	22020096	165424	21139664	22020096	143532	0	0	292403	0	
33030144	33030144	10652532	10652556	22020096	1622876	19682212	22020096	1345012	0	0	1084123	0	
33030144	33030144	10652532	10652556	22020096	1054368	20250720	22020096	864232	0	0	984165	0	
33030144	33030144	10652532	10652556	22020096	260292	21044796	22020096	208892	0	0	397765	0	
33030144	33030144	10652488	10652600	22020096	102464	21202624	22020096	83032	0	0	166573	0	
33030144	33030144	10652532	10652556	22020096	1429324	19875764	22020096	1212252	0	0	1014545	0	
33030144	33030144	10652532	10652556	22020096	871240	20433848	22020096	740732	0	0	1006182	0	
33030144	33030144	10652512	10652576	22020096	149444	21155644	22020096	117792	0	0	259398	0	
33030144	33030144	10652528	10652560	22020096	77820	21227268	22020096	53084	0	0	145976	0	
33030144	33030144	10652532	10652556	22020096	1419492	19885596	22020096	1161652	0	0	968734	0	
33030144	33030144	10652532	10652556	22020096	830196	20474892	22020096	680092	0	0	878431	0	
33030144	33030144	10652520	10652568	22020096	149904	21155184	22020096	127932	0	0	256012	0	
33030144	33030144	10652532	10652556	22020096	1605188	19699900	22020096	1325732	0	0	1069906	0	
33030144	33030144	10652532	10652556	22020096	1028828	20276260	22020096	836852	0	0	859908	0	
33030144	33030144	10652532	10652556	22020096	228184	21076904	22020096	206232	0	0	397256	0	
33030144	33030144	10652520	10652568	22020096	79208	21225880	22020096	77296	0	0	179542	0	
33030144	33030144	10652532	10652556	22020096	1447204	19857884	22020096	1208072	0	0	1085015	0	
33030144	33030144	10652532	10652556	22020096	858332	20446756	22020096	727492	0	0	889444	0	
33030144	33030144	10652532	10652556	22020096	164864	21140224	22020096	142632	0	0	289047	0	
33030144	33030144	10652532	10652556	22020096	1615368	19689720	22020096	1364652	0	0	1163341	0	
33030144	33030144	10652532	10652556	22020096	1085984	20219104	22020096	862112	0	0	955541	0	
33030144	33030144	10652532	10652556	22020096	197584	21107504	22020096	175552	0	0	337726	0	
33030144	33030144	10652516	10652572	22020096	105064	21200024	22020096	85828	0	0	191977	0	
33030144	33030144	10652512	10652576	22020096	1470648	19834440	22020096	1211672	0	0	989577	0	
33030144	33030144	10652532	10652556	22020096	881652	20423436	22020096	731992	0	0	1058205	0	
33030144	33030144	10652532	10652556	22020096	166644	21138444	22020096	145152	0	0	298098	0	
33030144	33030144	10652532	10652556	22020096	1640576	19664512	22020096	1361892	0	0	1140451	0	
33030144	33030144	10652532	10652556	22020096	1033268	20271820	22020096	848788	0	0	868413	0	
33030144	33030144	10652532	10652556	22020096	261392	21043696	22020096	192912	0	0	366927	0	
33030144	33030144	10652532	10652556	22020096	99604	21205484	22020096	80612	360	0	177817	0	
33030144	33030144	10652532	10652556	22020096	1420892	19884196	22020096	1209232	0	0	1011422	0	
33030144	33030144	10652532	10652556	22020096	855904	20449184	22020096	738052	0	0	961237	0	
33030144	33030144	10652532	10652556	22020096	147384	21157704	22020096	120732	0	0	255748	0	
33030144	33030144	10652532	10652556	22020096	77624	21227464	22020096	53712	0	0	145575	0	
33030144	33030144	10652532	10652556	22020096	1387584	19917504	22020096	1164792	0	0	1033251	0	
33030144	33030144	10652532	10652556	22020096	815344	20489744	22020096	695516	0	0	934858	0	
33030144	33030144	10652532	10652556	22020096	141724	21163364	22020096	116156	324	0	252872	0	
33030144	33030144	10652532	10652556	22020096	1632748	19672340	22020096	1354572	0	0	1077411	0	
33030144	33030144	10652532	10652556	22020096	1056456	20248632	22020096	844072	0	0	815756	0	
33030144	33030144	10652532	10652556	22020096	257932	21047156	22020096	211592	0	0	407768	0	
33030144	33030144	10652516	10652572	22020096	78216	21226872	22020096	73508	0	0	188758	0	
33030144	33030144	10652532	10652556	22020096	1475908	19829180	22020096	1202412	0	0	1094821	0	
33030144	33030144	10652532	10652556	22020096	842892	20462196	22020096	713612	0	0	874554	0	
33030144	33030144	10652532	10652556	22020096	158244	21146844	22020096	136192	0	0	272889	0	
33030144	33030144	10652532	10652556	22020096	1606500	19698588	22020096	1359052	0	0	1171307	0	
33030144	33030144	10652532	10652556	22020096	1059936	20245152	22020096	848012	0	0	937926	0	
33030144	33030144	10652532	10652556	22020096	204824	21100264	22020096	180212	0	0	499392	0	
33030144	33030144	10652508	10652580	22020096	104804	21200284	22020096	85712	0	0	199442	0	
33030144	33030144	10652532	10652556	22020096	1456100	19848988	22020096	1210452	0	0	1006623	0	
33030144	33030144	10652532	10652556	22020096	861720	20443368	22020096	736132	0	0	970038	0	
33030144	33030144	10652532	10652556	22020096	143484	21161604	22020096	117812	0	0	250037	0	
33030144	33030144	10652536	10652552	22020096	77184	21227904	22020096	53252	0	0	141477	0	
33030144	33030144	10652532	10652556	22020096	1382544	19922544	22020096	1164692	0	0	1003896	0	
33030144	33030144	10652532	10652556	22020096	841032	20464056	22020096	698492	0	0	942975	0	
33030144	33030144	10652540	10652548	22020096	147824	21157264	22020096	125692	0	0	253759	0	
33030144	33030144	10652532	10652556	22020096	1627136	19677952	22020096	1344712	0	0	1149812	0	
33030144	33030144	10652512	10652576	22020096	1021048	20284040	22020096	840772	0	0	931607	0	
33030144	33030144	10652532	10652556	22020096	183764	21121324	22020096	161832	0	0	309478	0	
33030144	33030144	10652520	10652568	22020096	104804	21200284	22020096	85404	0	0	185823	0	
33030144	33030144	10652532	10652556	22020096	1432860	19872228	22020096	1219172	0	0	931189	0	
33030144	33030144	10652512	10652576	22020096	875800	20429288	22020096	741312	0	0	924812	0	
33030144	33030144	10652532	10652556	22020096	145804	21159284	22020096	123692	0	0	254675	0	
33030144	33030144	10652540	10652548	22020096	77660	21227428	22020096	54440	0	0	143114	0	
33030144	33030144	10652512	10652576	22020096	1398624	19906464	22020096	1160652	0	0	954364	0	
33030144	33030144	10652512	10652576	22020096	845612	20459476	22020096	696332	0	0	893454	0	
33030144	33030144	10652508	10652580	22020096	154284	21150804	22020096	129632	0	0	264782	0	
33030144	33030144	10652532	10652556	22020096	1568400	19736688	22020096	1334732	0	0	1039688	0	
33030144	33030144	10652532	10652556	22020096	1088724	20216364	22020096	850352	0	0	978492	0	
33030144	33030144	10652532	10652556	22020096	220044	21085044	22020096	198152	0	0	381979	0	
33030144	33030144	10652532	10652556	22020096	78868	21226220	22020096	76824	0	0	175248	0	
33030144	33030144	10652532	10652556	22020096	1455560	19849528	22020096	1207232	0	0	1158014	0	
33030144	33030144	10652532	10652556	22020096	933836	20371252	22020096	723652	0	0	996210	0	
33030144	33030144	10652540	10652548	22020096	151324	21153764	22020096	126752	0	0	344102	0	
33030144	33030144	10652532	10652556	22020096	1610088	19695000	22020096	1343112	0	0	1041801	0	
33030144	33030144	10652532	10652556	22020096	1033408	20271680	22020096	841292	0	0	916684	0	
33030144	33030144	10652532	10652556	22020096	186104	21118984	22020096	164132	0	0	360181	0	
33030144	33030144	10652520	10652568	22020096	104804	21200284	22020096	85404	0	0	189579	0	
33030144	33030144	10652532	10652556	22020096	1475628	19829460	22020096	1219172	0	0	965901	0	
33030144	33030144	10652512	10652576	22020096	887300	20417788	22020096	731712	0	0	1093791	0	
33030144	33030144	10652532	10652556	22020096	160664	21144424	22020096	138552	0	0	277312	0	
33030144	33030144	10652532	10652556	22020096	1591628	19713460	22020096	1359872	0	0	1199824	0	
33030144	33030144	10652532	10652556	22020096	1108784	20196304	22020096	864672	0	0	922151	0	
33030144	33030144	10652512	10652576	22020096	196784	21108304	22020096	165112	0	0	331959	0	
33030144	33030144	10652540	10652548	22020096	103524	21201564	22020096	83840	0	0	181269	0	
33030144	33030144	10652512	10652576	22020096	1441640	19863448	22020096	1214832	0	0	1021911	0	
33030144	33030144	10652532	10652556	22020096	904868	20400220	22020096	739432	0	0	899767	0	
33030144	33030144	10652532	10652556	22020096	165064	21140024	22020096	143552	0	0	285557	0	
33030144	33030144	10652532	10652556	22020096	1634476	19670612	22020096	1359632	0	0	1145552	0	
33030144	33030144	10652532	10652556	22020096	1031568	20273520	22020096	849552	0	0	954544	0	
33030144	33030144	10652532	10652556	22020096	272592	21032496	22020096	195532	0	0	417325	0	
33030144	33030144	10652496	10652592	22020096	98864	21206224	22020096	78720	0	0	203167	0	
33030144	33030144	10652532	10652556	22020096	1476780	19828308	22020096	1206792	0	0	1055296	0	
33030144	33030144	10652532	10652556	22020096	838412	20466676	22020096	708592	0	0	881682	0	
33030144	33030144	10652512	10652576	22020096	164264	21140824	22020096	142372	0	0	282570	0	
33030144	33030144	10652532	10652556	22020096	1626356	19678732	22020096	1358772	0	0	1017618	0	
33030144	33030144	10652532	10652556	22020096	1059996	20245092	22020096	847032	0	0	1051923	0	
33030144	33030144	10652532	10652556	22020096	200324	21104764	22020096	178332	0	0	348603	0	
33030144	33030144	10652544	10652544	22020096	105144	21199944	22020096	85692	0	0	196249	0	
33030144	33030144	10652532	10652556	22020096	1427972	19877116	22020096	1211872	0	0	1056071	0	
33030144	33030144	10652532	10652556	22020096	903212	20401876	22020096	745192	0	0	970710	0	
33030144	33030144	10652532	10652556	22020096	165484	21139604	22020096	143112	0	0	294341	0	
33030144	33030144	10652532	10652556	22020096	1609948	19695140	22020096	1364812	0	0	1043590	0	
33030144	33030144	10652532	10652556	22020096	1084424	20220664	22020096	865792	0	0	982579	0	
33030144	33030144	10652532	10652556	22020096	225300	21079788	22020096	194012	0	0	381398	0	
33030144	33030144	10652528	10652560	22020096	104444	21200644	22020096	85456	0	0	198152	0	
33030144	33030144	10652532	10652556	22020096	1438320	19866768	22020096	1217832	0	0	993484	0	
33030144	33030144	10652532	10652556	22020096	964976	20340112	22020096	736852	0	0	919867	0	
33030144	33030144	10652512	10652576	22020096	144684	21160404	22020096	119932	0	0	252442	0	
33030144	33030144	10652532	10652556	22020096	1627128	19677960	22020096	1353712	0	0	1105138	0	
33030144	33030144	10652532	10652556	22020096	1036548	20268540	22020096	846732	0	0	909322	0	
33030144	33030144	10652512	10652576	22020096	199044	21106044	22020096	173312	0	0	339446	0	
33030144	33030144	10652540	10652548	22020096	104604	21200484	22020096	85332	0	0	207174	0	
33030144	33030144	10652532	10652556	22020096	1432640	19872448	22020096	1218352	0	0	1080515	0	
33030144	33030144	10652532	10652556	22020096	887872	20417216	22020096	740872	0	0	1029506	0	
33030144	33030144	10652532	10652556	22020096	136424	21168664	22020096	114292	0	0	245854	0	
33030144	33030144	10652520	10652568	22020096	77404	21227684	22020096	53740	0	0	143124	0	
33030144	33030144	10652532	10652556	22020096	1407492	19897596	22020096	1158252	0	0	979517	0	
33030144	33030144	10652532	10652556	22020096	862280	20442808	22020096	692492	0	0	937610	0	
33030144	33030144	10652528	10652560	22020096	143104	21161984	22020096	120952	0	0	241801	0	
33030144	33030144	10652532	10652556	22020096	1608468	19696620	22020096	1330592	0	0	1057474	0	
33030144	33030144	10652532	10652556	22020096	1055616	20249472	22020096	831632	0	0	938236	0	
33030144	33030144	10652532	10652556	22020096	209144	21095944	22020096	178392	0	0	369819	0	
33030144	33030144	10652540	10652548	22020096	78888	21226200	22020096	75060	0	0	166044	0	
33030144	33030144	10652532	10652556	22020096	1454100	19850988	22020096	1202092	0	0	1152813	0	
33030144	33030144	10652532	10652556	22020096	854672	20450416	22020096	715372	0	0	933657	0	
33030144	33030144	10652532	10652556	22020096	159704	21145384	22020096	137672	0	0	274009	0	
33030144	33030144	10652532	10652556	22020096	1647296	19657792	22020096	1359992	0	0	1158487	0	
33030144	33030144	10652512	10652576	22020096	1023348	20281740	22020096	849512	0	0	891351	0	
33030144	33030144	10652532	10652556	22020096	261032	21044056	22020096	189072	0	0	377573	0	
33030144	33030144	10652544	10652544	22020096	99224	21205864	22020096	79864	0	0	179559	0	
33030144	33030144	10652532	10652556	22020096	1468868	19836220	22020096	1208852	0	0	1031214	0	
33030144	33030144	10652532	10652556	22020096	854272	20450816	22020096	716472	0	0	887000	0	
33030144	33030144	10652532	10652556	22020096	164824	21140264	22020096	139332	0	0	291677	0	
33030144	33030144	10652532	10652556	22020096	1613808	19691280	22020096	1358272	0	0	1000509	0	
33030144	33030144	10652532	10652556	22020096	1062216	20242872	22020096	852212	0	0	976095	0	
33030144	33030144	10652532	10652556	22020096	204724	21100364	22020096	182312	0	0	354869	0	
33030144	33030144	10652508	10652580	22020096	105244	21199844	22020096	86172	0	0	192182	0	
33030144	33030144	10652532	10652556	22020096	1443180	19861908	22020096	1212172	0	0	1123666	0	
33030144	33030144	10652532	10652556	22020096	927976	20377112	22020096	737052	0	0	814655	0	
33030144	33030144	10652532	10652556	22020096	164884	21140204	22020096	140632	0	0	388456	0	
33030144	33030144	10652532	10652556	22020096	1574980	19730108	22020096	1355552	0	0	970108	0	
33030144	33030144	10652512	10652576	22020096	1014628	20290460	22020096	868252	0	0	968133	0	
33030144	33030144	10652532	10652556	22020096	308860	20996228	22020096	247592	0	0	473721	0	
33030144	33030144	10652544	10652544	22020096	102384	21202704	22020096	83072	0	0	217061	0	
33030144	33030144	10652532	10652556	22020096	1455360	19849728	22020096	1211872	0	0	1168579	0	
33030144	33030144	10652532	10652556	22020096	879120	20425968	22020096	733652	0	0	995563	0	
33030144	33030144	10652532	10652556	22020096	166004	21139084	22020096	144152	0	0	291751	0	
33030144	33030144	10652512	10652576	22020096	1621556	19683532	22020096	1360792	0	0	1185086	0	
33030144	33030144	10652532	10652556	22020096	1037768	20267320	22020096	852452	0	0	921904	0	
33030144	33030144	10652532	10652556	22020096	280012	21025076	22020096	202712	0	0	482295	0	
33030144	33030144	10652508	10652580	22020096	98984	21206104	22020096	79804	0	0	179951	0	
33030144	33030144	10652512	10652576	22020096	1401812	19903276	22020096	1207572	0	0	946591	0	
33030144	33030144	10652532	10652556	22020096	888464	20416624	22020096	743152	0	0	900630	0	
33030144	33030144	10652512	10652576	22020096	165684	21139404	22020096	143832	0	0	309790	0	
33030144	33030144	10652532	10652556	22020096	1634396	19670692	22020096	1362932	0	0	1054437	0	
33030144	33030144	10652512	10652576	22020096	1077716	20227372	22020096	858552	0	0	982388	0	
33030144	33030144	10652532	10652556	22020096	215160	21089928	22020096	177272	0	0	379041	0	
33030144	33030144	10652528	10652560	22020096	103144	21201944	22020096	83564	0	0	210520	0	
33030144	33030144	10652532	10652556	22020096	1479608	19825480	22020096	1213332	0	0	988476	0	
33030144	33030144	10652512	10652576	22020096	860620	20444468	22020096	726352	0	0	821666	0	
33030144	33030144	10652532	10652556	22020096	166164	21138924	22020096	144412	0	0	291589	0	
33030144	33030144	10652532	10652556	22020096	1594888	19710200	22020096	1361212	0	0	995330	0	
33030144	33030144	10652532	10652556	22020096	1039948	20265140	22020096	866232	0	0	989421	0	
33030144	33030144	10652532	10652556	22020096	284552	21020536	22020096	223312	0	0	417985	0	
33030144	33030144	10652532	10652556	22020096	101404	21203684	22020096	81692	0	0	183907	0	
33030144	33030144	10652532	10652556	22020096	1407432	19897656	22020096	1209952	0	0	1025980	0	
33030144	33030144	10652532	10652556	22020096	881840	20423248	22020096	742272	0	0	1137341	0	
33030144	33030144	10652532	10652556	22020096	143484	21161604	22020096	121432	0	0	247582	0	
33030144	33030144	10652536	10652552	22020096	77960	21227128	22020096	54588	0	0	144693	0	
33030144	33030144	10652532	10652556	22020096	1392784	19912304	22020096	1159992	0	0	971176	0	
33030144	33030144	10652532	10652556	22020096	894008	20411080	22020096	694992	0	0	916633	0	
33030144	33030144	10652532	10652556	22020096	142364	21162724	22020096	110792	0	0	242854	0	
33030144	33030144	10652532	10652556	22020096	1564040	19741048	22020096	1330832	0	0	1038835	0	
33030144	33030144	10652532	10652556	22020096	1046848	20258240	22020096	838352	0	0	1067815	0	
33030144	33030144	10652532	10652556	22020096	281472	21023616	22020096	210232	0	0	413038	0	
33030144	33030144	10652520	10652568	22020096	77960	21227128	22020096	70300	0	0	163026	0	
33030144	33030144	10652512	10652576	22020096	1453660	19851428	22020096	1191832	0	0	1064285	0	
33030144	33030144	10652532	10652556	22020096	838712	20466376	22020096	712272	0	0	885490	0	
33030144	33030144	10652532	10652556	22020096	163064	21142024	22020096	137592	0	0	282007	0	
33030144	33030144	10652532	10652556	22020096	1599388	19705700	22020096	1357372	0	0	1142470	0	
33030144	33030144	10652532	10652556	22020096	1047308	20257780	22020096	851592	0	0	964518	0	
33030144	33030144	10652532	10652556	22020096	254132	21050956	22020096	193812	0	0	417712	0	
33030144	33030144	10652544	10652544	22020096	100684	21204404	22020096	82148	0	0	187158	0	
33030144	33030144	10652532	10652556	22020096	1399124	19905964	22020096	1206912	0	0	1119427	0	
33030144	33030144	10652532	10652556	22020096	879264	20425824	22020096	744232	0	0	1023235	0	
33030144	33030144	10652532	10652556	22020096	147864	21157224	22020096	125792	0	0	255986	0	
33030144	33030144	10652528	10652560	22020096	78372	21226716	22020096	55172	0	0	146313	0	
33030144	33030144	10652512	10652576	22020096	1380944	19924144	22020096	1160692	0	0	818689	0	
33030144	33030144	10652532	10652556	22020096	832452	20472636	22020096	701772	0	0	840786	0	
33030144	33030144	10652532	10652556	22020096	153864	21151224	22020096	131912	0	0	263211	0	
33030144	33030144	10652532	10652556	22020096	1589880	19715208	22020096	1344792	0	0	1007655	0	
33030144	33030144	10652532	10652556	22020096	1033828	20271260	22020096	847572	0	0	1009305	0	
33030144	33030144	10652532	10652556	22020096	212164	21092924	22020096	190232	0	0	359672	0	
33030144	33030144	10652524	10652564	22020096	105504	21199584	22020096	86444	0	0	215173	0	
33030144	33030144	10652512	10652576	22020096	1471388	19833700	22020096	1213172	0	0	1001266	0	
33030144	33030144	10652512	10652576	22020096	893388	20411700	22020096	733172	0	0	1048086	0	
33030144	33030144	10652532	10652556	22020096	162904	21142184	22020096	140752	0	0	279639	0	
33030144	33030144	10652512	10652576	22020096	1646376	19658712	22020096	1360692	0	0	1187792	0	
33030144	33030144	10652532	10652556	22020096	1045428	20259660	22020096	850632	0	0	878411	0	
33030144	33030144	10652532	10652556	22020096	173000	21132088	22020096	172972	0	0	352677	0	
33030144	33030144	10652536	10652552	22020096	107624	21197464	22020096	88864	0	0	197384	0	
33030144	33030144	10652532	10652556	22020096	1472608	19832480	22020096	1215292	0	0	1126625	0	
33030144	33030144	10652532	10652556	22020096	870072	20435016	22020096	738332	0	0	876054	0	
33030144	33030144	10652532	10652556	22020096	136304	21168784	22020096	114232	0	0	234162	0	
33030144	33030144	10652520	10652568	22020096	77484	21227604	22020096	53860	0	0	139644	0	
33030144	33030144	10652532	10652556	22020096	1404552	19900536	22020096	1158292	0	0	902344	0	
33030144	33030144	10652532	10652556	22020096	831192	20473896	22020096	691672	0	0	875697	0	
33030144	33030144	10652544	10652544	22020096	154124	21150964	22020096	132552	0	0	293806	0	
33030144	33030144	10652532	10652556	22020096	1642776	19662312	22020096	1338272	0	0	1128612	0	
33030144	33030144	10652532	10652556	22020096	1015628	20289460	22020096	830512	0	0	896169	0	
33030144	33030144	10652512	10652576	22020096	258052	21047036	22020096	202012	0	0	429450	0	
33030144	33030144	10652540	10652548	22020096	78532	21226556	22020096	72300	0	0	188717	0	
33030144	33030144	10652512	10652576	22020096	1407844	19897244	22020096	1195452	0	0	961093	0	
33030144	33030144	10652532	10652556	22020096	870720	20434368	22020096	728572	0	0	917874	0	
33030144	33030144	10652532	10652556	22020096	165704	21139384	22020096	143992	0	0	291179	0	
33030144	33030144	10652532	10652556	22020096	1633836	19671252	22020096	1360332	0	0	910466	0	
33030144	33030144	10652532	10652556	22020096	1063808	20241280	22020096	842912	0	0	910140	0	
33030144	33030144	10652532	10652556	22020096	195944	21109144	22020096	170692	0	0	474166	0	
33030144	33030144	10652528	10652560	22020096	104504	21200584	22020096	85264	0	0	189756	0	
33030144	33030144	10652532	10652556	22020096	1461180	19843908	22020096	1218392	0	0	1056855	0	
33030144	33030144	10652532	10652556	22020096	821636	20483452	22020096	735652	0	0	983528	0	
33030144	33030144	10652512	10652576	22020096	160424	21144664	22020096	138532	0	0	278292	0	
33030144	33030144	10652536	10652552	22020096	78120	21226968	22020096	56112	0	0	141652	0	
33030144	33030144	10652532	10652556	22020096	1370236	19934852	22020096	1165352	0	0	1104790	0	
33030144	33030144	10652532	10652556	22020096	844652	20460436	22020096	703300	0	0	960954	0	
33030144	33030144	10652532	10652556	22020096	140284	21164804	22020096	118480	148	0	247458	0	
33030144	33030144	10652532	10652556	22020096	1595928	19709160	22020096	1354952	0	0	1167648	0	
33030144	33030144	10652532	10652556	22020096	1052196	20252892	22020096	849612	0	0	876093	0	
33030144	33030144	10652532	10652556	22020096	210104	21094984	22020096	188000	0	0	362195	0	
33030144	33030144	10652532	10652556	22020096	105344	21199744	22020096	86836	28	0	200552	0	
33030144	33030144	10652532	10652556	22020096	1409272	19895816	22020096	1212832	0	0	1026475	0	
33030144	33030144	10652532	10652556	22020096	913648	20391440	22020096	744912	0	0	965550	0	
33030144	33030144	10652532	10652556	22020096	141304	21163784	22020096	116892	0	0	313379	0	
33030144	33030144	10652492	10652596	22020096	77840	21227248	22020096	53952	0	0	144562	0	
33030144	33030144	10652532	10652556	22020096	1407332	19897756	22020096	1164792	0	0	1037996	0	
33030144	33030144	10652532	10652556	22020096	797684	20507404	22020096	691332	0	0	951596	0	
33030144	33030144	10652532	10652556	22020096	138064	21167024	22020096	115052	0	0	234583	0	
33030144	33030144	10652532	10652556	22020096	1603008	19702080	22020096	1353132	0	0	1063256	0	
33030144	33030144	10652532	10652556	22020096	1073716	20231372	22020096	849992	0	0	868285	0	
33030144	33030144	10652532	10652556	22020096	184764	21120324	22020096	162968	0	0	316921	0	
33030144	33030144	10652536	10652552	22020096	104644	21200444	22020096	85256	0	0	194231	0	
33030144	33030144	10652512	10652576	22020096	1449260	19855828	22020096	1226284	7812	0	1110377	9	
33030144	33030144	10652532	10652556	22020096	876312	20428776	22020096	739952	0	0	1079653	0	
33030144	33030144	10652532	10652556	22020096	168084	21137004	22020096	144492	720	0	402476	0	
33030144	33030144	10652532	10652556	22020096	1606868	19698220	22020096	1363972	0	0	1130541	0	
33030144	33030144	10652532	10652556	22020096	1081224	20223864	22020096	867172	0	0	886789	0	
33030144	33030144	10652532	10652556	22020096	272592	21032496	22020096	198804	0	0	400337	0	
33030144	33030144	10652516	10652572	22020096	99224	21205864	22020096	79868	0	0	183961	0	
33030144	33030144	10652532	10652556	22020096	1439872	19865216	22020096	1208448	196	0	1195280	0	
33030144	33030144	10652532	10652556	22020096	868600	20436488	22020096	730812	0	0	1008081	0	
33030144	33030144	10652532	10652556	22020096	168444	21136644	22020096	144312	0	0	392207	0	
33030144	33030144	10652532	10652556	22020096	1663204	19641884	22020096	1362052	0	0	1219684	0	
33030144	33030144	10652532	10652556	22020096	1039068	20266020	22020096	845452	0	0	813592	0	
33030144	33030144	10652532	10652556	22020096	195224	21109864	22020096	169652	0	0	333572	0	
33030144	33030144	10652528	10652560	22020096	104484	21200604	22020096	85456	0	0	214789	0	
33030144	33030144	10652532	10652556	22020096	1428472	19876616	22020096	1217892	0	0	1070250	0	
33030144	33030144	10652532	10652556	22020096	921988	20383100	22020096	741912	0	0	1080635	0	
33030144	33030144	10652512	10652576	22020096	165804	21139284	22020096	144032	0	0	322048	0	
33030144	33030144	10652532	10652556	22020096	1623016	19682072	22020096	1360852	0	0	1169410	0	
33030144	33030144	10652512	10652576	22020096	1060416	20244672	22020096	852092	0	0	808260	0	
33030144	33030144	10652532	10652556	22020096	217420	21087668	22020096	183652	0	0	397035	0	
33030144	33030144	10652540	10652548	22020096	103924	21201164	22020096	84880	0	0	212186	0	
33030144	33030144	10652512	10652576	22020096	1438540	19866548	22020096	1216092	0	0	1148361	0	
33030144	33030144	10652532	10652556	22020096	894260	20410828	22020096	741652	0	0	1039182	0	
33030144	33030144	10652532	10652556	22020096	162084	21143004	22020096	139992	0	0	285160	0	
33030144	33030144	10652532	10652556	22020096	1626248	19678840	22020096	1360952	0	0	1066066	0	
33030144	33030144	10652532	10652556	22020096	1072276	20232812	22020096	860552	0	0	937496	0	
33030144	33030144	10652532	10652556	22020096	185560	21119528	22020096	184912	0	0	382129	0	
33030144	33030144	10652540	10652548	22020096	107844	21197244	22020096	88600	0	0	199707	0	
33030144	33030144	10652532	10652556	22020096	1433420	19871668	22020096	1216152	0	0	1134841	0	
33030144	33030144	10652532	10652556	22020096	909668	20395420	22020096	750452	0	0	995836	0	
33030144	33030144	10652512	10652576	22020096	115624	21189464	22020096	115612	0	0	256906	0	
33030144	33030144	10652536	10652552	22020096	78452	21226636	22020096	57444	0	0	145321	0	
33030144	33030144	10652512	10652576	22020096	1405072	19900016	22020096	1167592	0	0	903150	0	
33030144	33030144	10652532	10652556	22020096	813264	20491824	22020096	698872	0	0	1056796	0	
33030144	33030144	10652532	10652556	22020096	144484	21160604	22020096	121972	0	0	251493	0	
33030144	33030144	10652532	10652556	22020096	1598748	19706340	22020096	1355092	0	0	1115484	0	
33030144	33030144	10652512	10652576	22020096	1039308	20265780	22020096	847952	0	0	862330	0	
33030144	33030144	10652532	10652556	22020096	269652	21035436	22020096	196272	0	0	386111	0	
33030144	33030144	10652508	10652580	22020096	99244	21205844	22020096	80044	0	0	202062	0	
33030144	33030144	10652532	10652556	22020096	1439224	19865864	22020096	1208952	0	0	1183029	0	
33030144	33030144	10652512	10652576	22020096	897148	20407940	22020096	730612	0	0	923559	0	
33030144	33030144	10652532	10652556	22020096	161824	21143264	22020096	140152	0	0	277980	0	
33030144	33030144	10652532	10652556	22020096	1626396	19678692	22020096	1353052	0	0	996371	0	
33030144	33030144	10652532	10652556	22020096	1051056	20254032	22020096	845392	0	0	1075310	0	
33030144	33030144	10652512	10652576	22020096	198724	21106364	22020096	173212	0	0	339118	0	
33030144	33030144	10652532	10652556	22020096	104624	21200464	22020096	85032	0	0	182431	0	
33030144	33030144	10652532	10652556	22020096	1475508	19829580	22020096	1218352	0	0	966205	0	
33030144	33030144	10652532	10652556	22020096	859240	20445848	22020096	731332	0	0	1042243	0	
33030144	33030144	10652532	10652556	22020096	167764	21137324	22020096	141912	0	0	291339	0	
33030144	33030144	10652532	10652556	22020096	1611888	19693200	22020096	1359652	0	0	1036130	0	
33030144	33030144	10652540	10652548	22020096	1087936	20217152	22020096	864660	0	0	891495	0	
33030144	33030144	10652532	10652556	22020096	209464	21095624	22020096	181720	168	0	379407	0	
33030144	33030144	10652480	10652608	22020096	104524	21200564	22020096	85080	0	0	215806	0	
33030144	33030144	10652532	10652556	22020096	1406184	19898904	22020096	1218152	0	0	1105136	0	
33030144	33030144	10652532	10652556	22020096	918480	20386608	22020096	743312	0	0	1000709	0	
33030144	33030144	10652532	10652556	22020096	165924	21139164	22020096	144072	0	0	287759	0	
33030144	33030144	10652532	10652556	22020096	1575780	19729308	22020096	1345592	0	0	933294	0	
33030144	33030144	10652532	10652556	22020096	1084304	20220784	22020096	876192	0	0	882325	0	
33030144	33030144	10652532	10652556	22020096	294152	21010936	22020096	223792	0	0	427719	0	
33030144	33030144	10652528	10652560	22020096	100444	21204644	22020096	81240	0	0	181455	0	
33030144	33030144	10652532	10652556	22020096	1445160	19859928	22020096	1204772	0	0	955869	0	
33030144	33030144	10652532	10652556	22020096	877596	20427492	22020096	731812	0	0	1041972	0	
33030144	33030144	10652532	10652556	22020096	165704	21139384	22020096	144232	0	0	286195	0	
33030144	33030144	10652532	10652556	22020096	1625316	19679772	22020096	1360552	0	0	1081189	0	
33030144	33030144	10652532	10652556	22020096	1098424	20206664	22020096	849312	0	0	856360	0	
33030144	33030144	10652532	10652556	22020096	261792	21043296	22020096	210912	0	0	409955	0	
33030144	33030144	10652536	10652552	22020096	78632	21226456	22020096	73432	0	0	168923	0	
33030144	33030144	10652532	10652556	22020096	1434240	19870848	22020096	1199252	0	0	943537	0	
33030144	33030144	10652532	10652556	22020096	845972	20459116	22020096	720972	0	0	885538	0	
33030144	33030144	10652532	10652556	22020096	166384	21138704	22020096	144572	0	0	295882	0	
33030144	33030144	10652532	10652556	22020096	1658704	19646384	22020096	1363792	0	0	1075249	0	
33030144	33030144	10652512	10652576	22020096	1039628	20265460	22020096	848652	0	0	846633	0	
33030144	33030144	10652532	10652556	22020096	197104	21107984	22020096	175072	0	0	341807	0	
33030144	33030144	10652516	10652572	22020096	105104	21199984	22020096	85796	0	0	210865	0	
33030144	33030144	10652532	10652556	22020096	1445560	19859528	22020096	1211592	0	0	1044318	0	
33030144	33030144	10652532	10652556	22020096	908008	20397080	22020096	742752	0	0	979903	0	
33030144	33030144	10652532	10652556	22020096	169544	21135544	22020096	144652	0	0	398666	0	
33030144	33030144	10652532	10652556	22020096	1629856	19675232	22020096	1359352	0	0	1105834	0	
33030144	33030144	10652532	10652556	22020096	1015188	20289900	22020096	844712	0	0	880843	0	
33030144	33030144	10652532	10652556	22020096	283412	21021676	22020096	212772	0	0	399455	0	
33030144	33030144	10652504	10652584	22020096	100064	21205024	22020096	80740	0	0	179434	0	
33030144	33030144	10652532	10652556	22020096	1433780	19871308	22020096	1211032	0	0	1118448	0	
33030144	33030144	10652512	10652576	22020096	931116	20373972	22020096	732972	0	0	987224	0	
33030144	33030144	10652532	10652556	22020096	147044	21158044	22020096	125112	0	0	255274	0	
33030144	33030144	10652532	10652556	22020096	1603608	19701480	22020096	1356732	0	0	1072372	0	
33030144	33030144	10652532	10652556	22020096	1052216	20252872	22020096	846672	0	0	901212	0	
33030144	33030144	10652532	10652556	22020096	217420	21087668	22020096	184232	0	0	380936	0	
33030144	33030144	10652532	10652556	22020096	104044	21201044	22020096	84600	0	0	188870	0	
33030144	33030144	10652532	10652556	22020096	1473088	19832000	22020096	1216492	0	0	1101672	0	
33030144	33030144	10652532	10652556	22020096	880040	20425048	22020096	730752	0	0	934514	0	
33030144	33030144	10652532	10652556	22020096	171684	21133404	22020096	141052	0	0	307142	0	
33030144	33030144	10652532	10652556	22020096	1576540	19728548	22020096	1356772	0	0	1122657	0	
33030144	33030144	10652512	10652576	22020096	1071716	20233372	22020096	868332	0	0	982041	0	
33030144	33030144	10652512	10652576	22020096	282552	21022536	22020096	201472	0	0	567567	0	
33030144	33030144	10652540	10652548	22020096	98424	21206664	22020096	78192	0	0	173519	0	
33030144	33030144	10652512	10652576	22020096	1432312	19872776	22020096	1205432	0	0	1029386	0	
33030144	33030144	10652532	10652556	22020096	878704	20426384	22020096	731492	0	0	993670	0	
33030144	33030144	10652512	10652576	22020096	165424	21139664	22020096	143612	0	0	288087	0	
33030144	33030144	10652532	10652556	22020096	1597380	19707708	22020096	1359592	0	0	1018546	0	
33030144	33030144	10652532	10652556	22020096	1051876	20253212	22020096	863152	0	0	841446	0	
33030144	33030144	10652512	10652576	22020096	261012	21044076	22020096	209352	0	0	396551	0	
33030144	33030144	10652532	10652556	22020096	102544	21202544	22020096	83040	0	0	186134	0	
33030144	33030144	10652532	10652556	22020096	1425512	19879576	22020096	1212252	0	0	943629	0	
33030144	33030144	10652532	10652556	22020096	913628	20391460	22020096	743152	0	0	955356	0	
33030144	33030144	10652532	10652556	22020096	164604	21140484	22020096	142712	0	0	285025	0	
33030144	33030144	10652532	10652556	22020096	1596828	19708260	22020096	1359372	0	0	1151274	0	
33030144	33030144	10652532	10652556	22020096	1080724	20224364	22020096	863292	0	0	890589	0	
33030144	33030144	10652532	10652556	22020096	208064	21097024	22020096	186092	0	0	357869	0	
33030144	33030144	10652524	10652564	22020096	105384	21199704	22020096	86552	0	0	191887	0	
33030144	33030144	10652512	10652576	22020096	1457380	19847708	22020096	1213052	0	0	955249	0	
33030144	33030144	10652532	10652556	22020096	879660	20425428	22020096	737912	0	0	1027460	0	
33030144	33030144	10652532	10652556	22020096	165564	21139524	22020096	143632	0	0	286364	0	
33030144	33030144	10652512	10652576	22020096	1598400	19706688	22020096	1361972	0	0	1165350	0	
33030144	33030144	10652532	10652556	22020096	1085896	20219192	22020096	870732	0	0	929851	0	
33030144	33030144	10652532	10652556	22020096	254632	21050456	22020096	198632	0	0	378727	0	
33030144	33030144	10652540	10652548	22020096	101524	21203564	22020096	81188	0	0	182370	0	
33030144	33030144	10652532	10652556	22020096	1426312	19878776	22020096	1209952	0	0	1096457	0	
33030144	33030144	10652532	10652556	22020096	875564	20429524	22020096	740492	0	0	876140	0	
33030144	33030144	10652532	10652556	22020096	136224	21168864	22020096	113132	0	0	237060	0	
33030144	33030144	10652536	10652552	22020096	77404	21227684	22020096	53504	0	0	159134	0	
33030144	33030144	10652532	10652556	22020096	1416024	19889064	22020096	1164792	0	0	984561	0	
33030144	33030144	10652532	10652556	22020096	841932	20463156	22020096	687212	0	0	906582	0	
33030144	33030144	10652508	10652580	22020096	149144	21155944	22020096	127092	0	0	253869	0	
33030144	33030144	10652532	10652556	22020096	1594848	19710240	22020096	1325072	0	0	1070589	0	
33030144	33030144	10652532	10652556	22020096	1028628	20276460	22020096	839032	0	0	844731	0	
33030144	33030144	10652532	10652556	22020096	193272	21111816	22020096	155632	0	0	307512	0	
33030144	33030144	10652508	10652580	22020096	102324	21202764	22020096	82880	0	0	186504	0	
33030144	33030144	10652512	10652576	22020096	1445660	19859428	22020096	1211872	0	0	1089380	0	
33030144	33030144	10652532	10652556	22020096	912820	20392268	22020096	734912	0	0	971520	0	
33030144	33030144	10652532	10652556	22020096	161084	21144004	22020096	139172	0	0	280662	0	
33030144	33030144	10652512	10652576	22020096	1587780	19717308	22020096	1352652	0	0	1209066	0	
33030144	33030144	10652532	10652556	22020096	1087104	20217984	22020096	862292	0	0	922709	0	
33030144	33030144	10652532	10652556	22020096	196504	21108584	22020096	174692	0	0	335286	0	
33030144	33030144	10652492	10652596	22020096	105084	21200004	22020096	85920	0	0	194454	0	
33030144	33030144	10652512	10652576	22020096	1439840	19865248	22020096	1211752	0	0	1019532	0	
33030144	33030144	10652532	10652556	22020096	889560	20415528	22020096	738712	0	0	898359	0	
33030144	33030144	10652532	10652556	22020096	165664	21139424	22020096	143692	0	0	288637	0	
33030144	33030144	10652532	10652556	22020096	1579020	19726068	22020096	1345312	0	0	985993	0	
33030144	33030144	10652532	10652556	22020096	1099984	20205104	22020096	873632	0	0	913522	0	
33030144	33030144	10652532	10652556	22020096	264392	21040696	22020096	207632	0	0	386909	0	
33030144	33030144	10652544	10652544	22020096	101664	21203424	22020096	82144	0	0	183018	0	
33030144	33030144	10652532	10652556	22020096	1469428	19835660	22020096	1210612	0	0	1135441	0	
33030144	33030144	10652532	10652556	22020096	866052	20439036	22020096	726152	0	0	1004186	0	
33030144	33030144	10652512	10652576	22020096	164304	21140784	22020096	142412	0	0	286054	0	
33030144	33030144	10652532	10652556	22020096	1572720	19732368	22020096	1358892	0	0	1139754	0	
33030144	33030144	10652532	10652556	22020096	1057408	20247680	22020096	872332	0	0	1052794	0	
33030144	33030144	10652532	10652556	22020096	297120	21007968	22020096	224492	0	0	443310	0	
33030144	33030144	10652520	10652568	22020096	100144	21204944	22020096	81364	0	0	181537	0	
33030144	33030144	10652512	10652576	22020096	1422732	19882356	22020096	1211492	0	0	933506	0	
33030144	33030144	10652532	10652556	22020096	883820	20421268	22020096	736432	0	0	940119	0	
33030144	33030144	10652512	10652576	22020096	162544	21142544	22020096	140412	0	0	283172	0	
33030144	33030144	10652532	10652556	22020096	1610168	19694920	22020096	1360932	0	0	1028281	0	
33030144	33030144	10652532	10652556	22020096	1053836	20251252	22020096	866672	0	0	906010	0	
33030144	33030144	10652532	10652556	22020096	295992	21009096	22020096	212872	0	0	409175	0	
33030144	33030144	10652540	10652548	22020096	77204	21227884	22020096	77068	0	0	170059	0	
33030144	33030144	10652532	10652556	22020096	1481068	19824020	22020096	1209892	0	0	1155165	0	
33030144	33030144	10652532	10652556	22020096	861132	20443956	22020096	719132	0	0	850506	0	
33030144	33030144	10652532	10652556	22020096	161984	21143104	22020096	137332	0	0	279305	0	
33030144	33030144	10652532	10652556	22020096	1587648	19717440	22020096	1358272	0	0	1037451	0	
33030144	33030144	10652532	10652556	22020096	1066188	20238900	22020096	865232	0	0	847385	0	
33030144	33030144	10652532	10652556	22020096	225300	21079788	22020096	200792	0	0	420454	0	
33030144	33030144	10652516	10652572	22020096	105504	21199584	22020096	86260	0	0	203028	0	
33030144	33030144	10652532	10652556	22020096	1402872	19902216	22020096	1213312	0	0	1213551	0	
33030144	33030144	10652512	10652576	22020096	905332	20399756	22020096	748332	0	0	1030552	0	
33030144	33030144	10652512	10652576	22020096	153224	21151864	22020096	127392	0	0	264846	0	
33030144	33030144	10652488	10652600	22020096	77860	21227228	22020096	54392	0	0	142168	0	
33030144	33030144	10652532	10652556	22020096	1404432	19900656	22020096	1159452	0	0	898824	0	
33030144	33030144	10652512	10652576	22020096	848352	20456736	22020096	692692	0	0	905123	0	
33030144	33030144	10652516	10652572	22020096	150764	21154324	22020096	128832	0	0	260435	0	
33030144	33030144	10652532	10652556	22020096	1536012	19769076	22020096	1330332	0	0	1059091	0	
33030144	33030144	10652532	10652556	22020096	977544	20327544	22020096	849832	0	0	1018257	0	
33030144	33030144	10652532	10652556	22020096	311112	20993976	22020096	248752	0	0	480229	0	
33030144	33030144	10652532	10652556	22020096	102224	21202864	22020096	82968	0	0	208788	0	
33030144	33030144	10652532	10652556	22020096	1427364	19877724	22020096	1211252	0	0	1058797	0	
33030144	33030144	10652532	10652556	22020096	914008	20391080	22020096	741152	0	0	1064020	0	
33030144	33030144	10652532	10652556	22020096	162784	21142304	22020096	140692	0	0	282174	0	
33030144	33030144	10652532	10652556	22020096	1621996	19683092	22020096	1360752	0	0	1022529	0	
33030144	33030144	10652532	10652556	22020096	1047048	20258040	22020096	848972	0	0	925668	0	
33030144	33030144	10652532	10652556	22020096	217420	21087668	22020096	191812	0	0	368939	0	
33030144	33030144	10652528	10652560	22020096	105084	21200004	22020096	86012	0	0	190230	0	
33030144	33030144	10652532	10652556	22020096	1494528	19810560	22020096	1211412	0	0	1102518	0	
33030144	33030144	10652532	10652556	22020096	861120	20443968	22020096	725172	0	0	816128	0	
33030144	33030144	10652532	10652556	22020096	165684	21139404	22020096	143932	0	0	285429	0	
33030144	33030144	10652532	10652556	22020096	1576260	19728828	22020096	1360332	0	0	918717	0	
33030144	33030144	10652512	10652576	22020096	1063016	20242072	22020096	871272	0	0	956784	0	
33030144	33030144	10652532	10652556	22020096	283792	21021296	22020096	218012	0	0	424818	0	
33030144	33030144	10652532	10652556	22020096	100804	21204284	22020096	82288	220	0	189094	0	
33030144	33030144	10652532	10652556	22020096	1401772	19903316	22020096	1207072	0	0	981720	0	
33030144	33030144	10652532	10652556	22020096	862640	20442448	22020096	742852	0	0	982802	0	
33030144	33030144	10652512	10652576	22020096	157464	21147624	22020096	135352	0	0	272818	0	
33030144	33030144	10652544	10652544	22020096	78392	21226696	22020096	55812	0	0	164296	0	
33030144	33030144	10652532	10652556	22020096	1417812	19887276	22020096	1163652	0	0	999153	0	
33030144	33030144	10652532	10652556	22020096	882052	20423036	22020096	691332	0	0	914373	0	
33030144	33030144	10652540	10652548	22020096	131604	21173484	22020096	106012	0	0	224015	0	
33030144	33030144	10652532	10652556	22020096	1581200	19723888	22020096	1333072	0	0	1097530	0	
33030144	33030144	10652532	10652556	22020096	970684	20334404	22020096	838912	0	0	990880	0	
33030144	33030144	10652532	10652556	22020096	254592	21050496	22020096	200392	0	0	380828	0	
33030144	33030144	10652540	10652548	22020096	101764	21203324	22020096	81972	0	0	182224	0	
33030144	33030144	10652532	10652556	22020096	1444980	19860108	22020096	1211052	0	0	994543	0	
33030144	33030144	10652532	10652556	22020096	896940	20408148	22020096	733532	0	0	1005176	0	
33030144	33030144	10652532	10652556	22020096	161044	21144044	22020096	138972	0	0	279131	0	
33030144	33030144	10652532	10652556	22020096	1636496	19668592	22020096	1359992	0	0	1070146	0	
33030144	33030144	10652532	10652556	22020096	989564	20315524	22020096	847172	0	0	897348	0	
33030144	33030144	10652532	10652556	22020096	273492	21031596	22020096	225212	0	0	506002	0	
33030144	33030144	10652492	10652596	22020096	103344	21201744	22020096	83660	0	0	182594	0	
33030144	33030144	10652512	10652576	22020096	1444540	19860548	22020096	1213572	0	0	1054269	0	
33030144	33030144	10652532	10652556	22020096	926316	20378772	22020096	736432	0	0	982157	0	
33030144	33030144	10652532	10652556	22020096	157904	21147184	22020096	135932	0	0	270419	0	
33030144	33030144	10652532	10652556	22020096	1624776	19680312	22020096	1359052	0	0	1207455	0	
33030144	33030144	10652532	10652556	22020096	1061576	20243512	22020096	844692	0	0	1019967	0	
33030144	33030144	10652532	10652556	22020096	185884	21119204	22020096	163812	0	0	312152	0	
33030144	33030144	10652536	10652552	22020096	104824	21200264	22020096	85580	0	0	207941	0	
33030144	33030144	10652532	10652556	22020096	1435552	19869536	22020096	1218872	0	0	1163038	0	
33030144	33030144	10652532	10652556	22020096	964024	20341064	22020096	739772	0	0	979322	0	
33030144	33030144	10652532	10652556	22020096	148084	21157004	22020096	123732	0	0	335038	0	
33030144	33030144	10652532	10652556	22020096	1626736	19678352	22020096	1354852	0	0	1137956	0	
33030144	33030144	10652532	10652556	22020096	1050688	20254400	22020096	848252	0	0	934664	0	
33030144	33030144	10652532	10652556	22020096	185904	21119184	22020096	164032	0	0	340052	0	
33030144	33030144	10652480	10652608	22020096	104824	21200264	22020096	85008	0	0	212006	0	
33030144	33030144	10652532	10652556	22020096	1479808	19825280	22020096	1219172	0	0	923678	0	
33030144	33030144	10652532	10652556	22020096	877632	20427456	22020096	730452	0	0	1068369	0	
33030144	33030144	10652532	10652556	22020096	163864	21141224	22020096	142012	0	0	314842	0	
33030144	33030144	10652532	10652556	22020096	1635796	19669292	22020096	1358912	0	0	1125767	0	
33030144	33030144	10652532	10652556	22020096	1054676	20250412	22020096	848172	0	0	902104	0	
33030144	33030144	10652532	10652556	22020096	197184	21107904	22020096	175272	0	0	339429	0	
33030144	33030144	10652516	10652572	22020096	105104	21199984	22020096	85796	0	0	189133	0	
33030144	33030144	10652532	10652556	22020096	1472908	19832180	22020096	1211592	0	0	1081737	0	
33030144	33030144	10652532	10652556	22020096	841824	20463264	22020096	730432	0	0	927038	0	
33030144	33030144	10652512	10652576	22020096	145984	21159104	22020096	120832	0	0	253463	0	
33030144	33030144	10652524	10652564	22020096	77720	21227368	22020096	54120	0	0	141142	0	
33030144	33030144	10652512	10652576	22020096	1440100	19864988	22020096	1158032	0	0	921599	0	
33030144	33030144	10652512	10652576	22020096	797204	20507884	22020096	671388	0	0	1004154	0	
33030144	33030144	10652544	10652544	22020096	153244	21151844	22020096	131888	656	0	268096	0	
33030144	33030144	10652532	10652556	22020096	1561692	19743396	22020096	1337112	0	0	1067388	0	
33030144	33030144	10652532	10652556	22020096	1020048	20285040	22020096	847972	0	0	972910	0	
33030144	33030144	10652512	10652576	22020096	261392	21043696	22020096	201472	0	0	508514	0	
33030144	33030144	10652528	10652560	22020096	101124	21203964	22020096	83028	0	0	217208	0	
33030144	33030144	10652532	10652556	22020096	1438120	19866968	22020096	1208232	0	0	1087289	0	
33030144	33030144	10652532	10652556	22020096	851252	20453836	22020096	734672	0	0	964652	0	
33030144	33030144	10652532	10652556	22020096	142284	21162804	22020096	119712	0	0	246639	0	
33030144	33030144	10652532	10652556	22020096	77860	21227228	22020096	54332	0	0	145301	0	
33030144	33030144	10652532	10652556	22020096	1377584	19927504	22020096	1158752	0	0	975110	0	
33030144	33030144	10652532	10652556	22020096	852032	20453056	22020096	702352	0	0	853833	0	
33030144	33030144	10652528	10652560	22020096	152744	21152344	22020096	130592	0	0	262772	0	
33030144	33030144	10652532	10652556	22020096	1603888	19701200	22020096	1342352	0	0	978039	0	
33030144	33030144	10652532	10652556	22020096	1046328	20258760	22020096	841712	0	0	879403	0	
33030144	33030144	10652532	10652556	22020096	207600	21097488	22020096	156092	0	0	346070	0	
33030144	33030144	10652540	10652548	22020096	100504	21204584	22020096	81360	0	0	214265	0	
33030144	33030144	10652532	10652556	22020096	1397004	19908084	22020096	1205632	0	0	1091377	0	
33030144	33030144	10652532	10652556	22020096	864032	20441056	22020096	744452	0	0	988568	0	
33030144	33030144	10652532	10652556	22020096	164684	21140404	22020096	135732	0	0	389342	0	
33030144	33030144	10652544	10652544	22020096	77860	21227228	22020096	54632	0	0	144196	0	
33030144	33030144	10652532	10652556	22020096	1367736	19937352	22020096	1160012	0	0	916250	0	
33030144	33030144	10652532	10652556	22020096	842812	20462276	22020096	706072	0	0	967404	0	
33030144	33030144	10652532	10652556	22020096	152304	21152784	22020096	130472	0	0	264429	0	
33030144	33030144	10652512	10652576	22020096	1608628	19696460	22020096	1347552	0	0	977412	0	
33030144	33030144	10652532	10652556	22020096	1033468	20271620	22020096	848512	0	0	784022	0	
33030144	33030144	10652532	10652556	22020096	200124	21104964	22020096	178212	0	0	344908	0	
33030144	33030144	10652544	10652544	22020096	105244	21199844	22020096	85800	0	0	190542	0	
33030144	33030144	10652532	10652556	22020096	1440352	19864736	22020096	1211952	0	0	1019019	0	
33030144	33030144	10652512	10652576	22020096	955496	20349592	22020096	738672	0	0	976094	0	
33030144	33030144	10652532	10652556	22020096	159664	21145424	22020096	128852	0	0	282060	0	
33030144	33030144	10652532	10652556	22020096	1593988	19711100	22020096	1353392	0	0	978981	0	
33030144	33030144	10652532	10652556	22020096	1061656	20243432	22020096	847852	0	0	845519	0	
33030144	33030144	10652532	10652556	22020096	200044	21105044	22020096	177912	0	0	345279	0	
33030144	33030144	10652540	10652548	22020096	105224	21199864	22020096	85980	0	0	214426	0	
33030144	33030144	10652532	10652556	22020096	1424372	19880716	22020096	1211932	0	0	1123947	0	
33030144	33030144	10652532	10652556	22020096	913348	20391740	22020096	744752	0	0	984857	0	
33030144	33030144	10652532	10652556	22020096	164584	21140504	22020096	142612	0	0	287019	0	
33030144	33030144	10652532	10652556	22020096	1595008	19710080	22020096	1362352	0	0	1108400	0	
33030144	33030144	10652532	10652556	22020096	1046488	20258600	22020096	871952	0	0	1063991	0	
33030144	33030144	10652532	10652556	22020096	305080	21000008	22020096	232412	0	0	477169	0	
33030144	33030144	10652540	10652548	22020096	100424	21204664	22020096	80940	0	0	185038	0	
33030144	33030144	10652532	10652556	22020096	1466868	19838220	22020096	1204812	0	0	963786	0	
33030144	33030144	10652532	10652556	22020096	880832	20424256	22020096	723272	0	0	894423	0	
33030144	33030144	10652532	10652556	22020096	160124	21144964	22020096	138092	0	0	302469	0	
33030144	33030144	10652532	10652556	22020096	1603488	19701600	22020096	1351872	0	0	1010119	0	
33030144	33030144	10652532	10652556	22020096	1057896	20247192	22020096	851452	0	0	856644	0	
33030144	33030144	10652532	10652556	22020096	264092	21040996	22020096	185092	0	0	345005	0	
33030144	33030144	10652524	10652564	22020096	79028	21226060	22020096	78696	0	0	182291	0	
33030144	33030144	10652532	10652556	22020096	1441660	19863428	22020096	1207352	0	0	1328686	0	
33030144	33030144	10652532	10652556	22020096	929296	20375792	22020096	731992	0	0	1006988	0	
33030144	33030144	10652532	10652556	22020096	147444	21157644	22020096	125392	0	0	255714	0	
33030144	33030144	10652532	10652556	22020096	1627856	19677232	22020096	1356592	0	0	1126154	0	
33030144	33030144	10652532	10652556	22020096	1023588	20281500	22020096	848172	0	0	911823	0	
33030144	33030144	10652532	10652556	22020096	209504	21095584	22020096	187612	0	0	357318	0	
33030144	33030144	10652528	10652560	22020096	105444	21199644	22020096	86652	0	0	222077	0	
33030144	33030144	10652512	10652576	22020096	1432740	19872348	22020096	1213052	0	0	947862	0	
33030144	33030144	10652532	10652556	22020096	889780	20415308	22020096	743432	0	0	1138918	0	
33030144	33030144	10652532	10652556	22020096	117764	21187324	22020096	117592	0	0	263819	0	
33030144	33030144	10652524	10652564	22020096	78160	21226928	22020096	57240	0	0	145525	0	
33030144	33030144	10652512	10652576	22020096	1430052	19875036	22020096	1168332	0	0	996636	0	
33030144	33030144	10652532	10652556	22020096	867740	20437348	22020096	692232	0	0	994064	0	
33030144	33030144	10652544	10652544	22020096	139444	21165644	22020096	116992	0	0	236838	0	
33030144	33030144	10652532	10652556	22020096	1576820	19728268	22020096	1336772	0	0	1280676	0	
33030144	33030144	10652532	10652556	22020096	1072136	20232952	22020096	837432	0	0	934942	0	
33030144	33030144	10652532	10652556	22020096	211144	21093944	22020096	189012	0	0	380122	0	
33030144	33030144	10652536	10652552	22020096	78732	21226356	22020096	76272	0	0	173942	0	
33030144	33030144	10652532	10652556	22020096	1529912	19775176	22020096	1205632	0	0	1183918	0	
33030144	33030144	10652532	10652556	22020096	860920	20444168	22020096	705272	0	0	1067541	0	
33030144	33030144	10652528	10652560	22020096	152904	21152184	22020096	130712	0	0	263977	0	
33030144	33030144	10652532	10652556	22020096	1592728	19712360	22020096	1342312	0	0	1190157	0	
33030144	33030144	10652512	10652576	22020096	988464	20316624	22020096	844912	0	0	1084152	0	
33030144	33030144	10652532	10652556	22020096	269912	21035176	22020096	209912	0	0	403655	0	
33030144	33030144	10652516	10652572	22020096	101324	21203764	22020096	82000	0	0	182436	0	
33030144	33030144	10652512	10652576	22020096	1447640	19857448	22020096	1209412	0	0	1152955	0	
33030144	33030144	10652512	10652576	22020096	922708	20382380	22020096	730072	0	0	1030271	0	
33030144	33030144	10652532	10652556	22020096	150384	21154704	22020096	128112	0	0	268419	0	
33030144	33030144	10652532	10652556	22020096	1563980	19741108	22020096	1355872	0	0	1105659	0	
33030144	33030144	10652532	10652556	22020096	1067496	20237592	22020096	867752	0	0	951721	0	
33030144	33030144	10652532	10652556	22020096	280012	21025076	22020096	204532	0	0	498421	0	
33030144	33030144	10652492	10652596	22020096	99224	21205864	22020096	79520	0	0	177119	0	
33030144	33030144	10652532	10652556	22020096	1476608	19828480	22020096	1208532	0	0	1177009	0	
33030144	33030144	10652532	10652556	22020096	839372	20465716	22020096	711092	0	0	877441	0	
33030144	33030144	10652512	10652576	22020096	165424	21139664	22020096	143612	0	0	293921	0	
33030144	33030144	10652532	10652556	22020096	1587848	19717240	22020096	1359592	0	0	922326	0	
33030144	33030144	10652532	10652556	22020096	1087456	20217632	22020096	868092	0	0	855348	0	
33030144	33030144	10652512	10652576	22020096	220364	21084724	22020096	188672	0	0	418907	0	
33030144	33030144	10652520	10652568	22020096	104284	21200804	22020096	85112	0	0	205795	0	
33030144	33030144	10652532	10652556	22020096	1414672	19890416	22020096	1216632	0	0	1104585	0	
33030144	33030144	10652532	10652556	22020096	962636	20342452	22020096	746452	0	0	998723	0	
33030144	33030144	10652532	10652556	22020096	161304	21143784	22020096	136052	0	0	378584	0	
33030144	33030144	10652532	10652556	22020096	1628556	19676532	22020096	1357212	0	0	1112123	0	
33030144	33030144	10652532	10652556	22020096	1064116	20240972	22020096	849472	0	0	1112591	0	
33030144	33030144	10652532	10652556	22020096	182884	21122204	22020096	156572	0	0	419725	0	
33030144	33030144	10652540	10652548	22020096	104064	21201024	22020096	84732	0	0	207258	0	
33030144	33030144	10652532	10652556	22020096	1447700	19857388	22020096	1216672	0	0	1068758	0	
33030144	33030144	10652512	10652576	22020096	864800	20440288	22020096	737592	0	0	1045262	0	
33030144	33030144	10652532	10652556	22020096	139244	21165844	22020096	117092	0	0	247471	0	
33030144	33030144	10652524	10652564	22020096	77660	21227428	22020096	54076	0	0	144310	0	
33030144	33030144	10652532	10652556	22020096	1377816	19927272	22020096	1158592	0	0	1009626	0	
33030144	33030144	10652532	10652556	22020096	846852	20458236	22020096	702032	0	0	894606	0	
33030144	33030144	10652540	10652548	22020096	158504	21146584	22020096	126872	0	0	272981	0	
33030144	33030144	10652532	10652556	22020096	1611788	19693300	22020096	1341572	0	0	1230632	0	
33030144	33030144	10652532	10652556	22020096	1031648	20273440	22020096	843872	0	0	927913	0	
33030144	33030144	10652532	10652556	22020096	183764	21121324	22020096	158472	0	0	431268	0	
33030144	33030144	10652520	10652568	22020096	104284	21200804	22020096	85112	0	0	190722	0	
33030144	33030144	10652532	10652556	22020096	1448280	19856808	22020096	1216632	0	0	945293	0	
33030144	33030144	10652532	10652556	22020096	870400	20434688	22020096	738172	0	0	1038703	0	
33030144	33030144	10652532	10652556	22020096	140964	21164124	22020096	113952	0	0	240128	0	
33030144	33030144	10652532	10652556	22020096	77860	21227228	22020096	53632	0	0	142477	0	
33030144	33030144	10652512	10652576	22020096	1399472	19905616	22020096	1162652	0	0	928309	0	
33030144	33030144	10652532	10652556	22020096	840484	20464604	22020096	691352	0	0	882928	0	
33030144	33030144	10652528	10652560	22020096	149284	21155804	22020096	127052	0	0	256368	0	
33030144	33030144	10652532	10652556	22020096	1566480	19738608	22020096	1334892	0	0	1187324	0	
33030144	33030144	10652532	10652556	22020096	1032828	20272260	22020096	842792	0	0	917197	0	
33030144	33030144	10652512	10652576	22020096	216564	21088524	22020096	185012	0	0	373716	0	
33030144	33030144	10652520	10652568	22020096	104204	21200884	22020096	85012	0	0	187304	0	
33030144	33030144	10652532	10652556	22020096	1409992	19895096	22020096	1216212	0	0	1070366	0	
33030144	33030144	10652512	10652576	22020096	859680	20445408	22020096	748260	0	0	993134	0	
33030144	33030144	10652532	10652556	22020096	161524	21143564	22020096	137100	48	0	380040	0	
33030144	33030144	10652524	10652564	22020096	78492	21226596	22020096	57604	0	0	143682	0	
33030144	33030144	10652532	10652556	22020096	1428512	19876576	22020096	1168092	0	0	932837	0	
33030144	33030144	10652532	10652556	22020096	841632	20463456	22020096	693092	0	0	922774	0	
33030144	33030144	10652528	10652560	22020096	149504	21155584	22020096	127232	0	0	258474	0	
33030144	33030144	10652532	10652556	22020096	1624136	19680952	22020096	1333152	0	0	1170889	0	
33030144	33030144	10652532	10652556	22020096	1017568	20287520	22020096	831512	0	0	928542	0	
33030144	33030144	10652532	10652556	22020096	278172	21026916	22020096	209112	0	0	490604	0	
33030144	33030144	10652488	10652600	22020096	78196	21226892	22020096	70720	0	0	157626	0	
33030144	33030144	10652532	10652556	22020096	1402792	19902296	22020096	1192652	0	0	1197980	0	
33030144	33030144	10652532	10652556	22020096	871000	20434088	22020096	727832	0	0	850456	0	
33030144	33030144	10652532	10652556	22020096	171684	21133404	22020096	141052	0	0	299075	0	
33030144	33030144	10652532	10652556	22020096	1628436	19676652	22020096	1356772	0	0	1054806	0	
33030144	33030144	10652532	10652556	22020096	1093224	20211864	22020096	847632	0	0	975474	0	
33030144	33030144	10652532	10652556	22020096	224604	21080484	22020096	202612	0	0	390522	0	
33030144	33030144	10652540	10652548	22020096	79088	21226000	22020096	77172	0	0	175156	0	
33030144	33030144	10652532	10652556	22020096	1461940	19843148	22020096	1207712	0	0	987532	0	
33030144	33030144	10652532	10652556	22020096	860540	20444548	22020096	720272	0	0	1030863	0	
33030144	33030144	10652512	10652576	22020096	161104	21143984	22020096	139052	0	0	280172	0	
33030144	33030144	10652532	10652556	22020096	1603848	19701240	22020096	1359992	0	0	1007649	0	
33030144	33030144	10652532	10652556	22020096	1034168	20270920	22020096	860852	0	0	851745	0	
33030144	33030144	10652532	10652556	22020096	287272	21017816	22020096	216012	0	0	394677	0	
33030144	33030144	10652516	10652572	22020096	100104	21204984	22020096	80836	0	0	179675	0	
33030144	33030144	10652532	10652556	22020096	1447940	19857148	22020096	1211132	0	0	1089006	0	
33030144	33030144	10652532	10652556	22020096	899528	20405560	22020096	729552	0	0	861685	0	
33030144	33030144	10652532	10652556	22020096	158884	21146204	22020096	136932	0	0	272221	0	
33030144	33030144	10652532	10652556	22020096	1634016	19671072	22020096	1359012	0	0	1295392	0	
33030144	33030144	10652532	10652556	22020096	970656	20334432	22020096	849192	0	0	958249	0	
33030144	33030144	10652532	10652556	22020096	305080	21000008	22020096	230172	0	0	508104	0	
33030144	33030144	10652504	10652584	22020096	100064	21205024	22020096	80740	0	0	177812	0	
33030144	33030144	10652532	10652556	22020096	1436552	19868536	22020096	1211032	0	0	1050174	0	
33030144	33030144	10652532	10652556	22020096	913688	20391400	22020096	731172	0	0	944238	0	
33030144	33030144	10652532	10652556	22020096	157544	21147544	22020096	135292	0	0	272848	0	
33030144	33030144	10652532	10652556	22020096	1584740	19720348	22020096	1358252	0	0	1140533	0	
33030144	33030144	10652532	10652556	22020096	1061496	20243592	22020096	862112	0	0	898953	0	
33030144	33030144	10652532	10652556	22020096	254712	21050376	22020096	195052	0	0	367041	0	
33030144	33030144	10652544	10652544	22020096	100984	21204104	22020096	82252	0	0	188658	0	
33030144	33030144	10652532	10652556	22020096	1483288	19821800	22020096	1207592	0	0	1069748	0	
33030144	33030144	10652532	10652556	22020096	846492	20458596	22020096	715392	0	0	898947	0	
33030144	33030144	10652532	10652556	22020096	164664	21140424	22020096	142812	0	0	315546	0	
33030144	33030144	10652532	10652556	22020096	1607668	19697420	22020096	1359492	0	0	1095042	0	
33030144	33030144	10652532	10652556	22020096	983124	20321964	22020096	860272	0	0	882697	0	
33030144	33030144	10652532	10652556	22020096	316272	20988816	22020096	256912	0	0	485556	0	
33030144	33030144	10652536	10652552	22020096	102824	21202264	22020096	82880	0	0	185824	0	
33030144	33030144	10652532	10652556	22020096	1480008	19825080	22020096	1214212	0	0	1003961	0	
33030144	33030144	10652512	10652576	22020096	844812	20460276	22020096	725292	0	0	869877	0	
33030144	33030144	10652512	10652576	22020096	162544	21142544	22020096	140412	0	0	288671	0	
33030144	33030144	10652532	10652556	22020096	1620156	19684932	22020096	1360932	0	0	1077779	0	
33030144	33030144	10652532	10652556	22020096	1074968	20230120	22020096	863272	0	0	890801	0	
