b_initial_y_size_0	b_max_y_size_1	b_used_2	b_available_3	b_committed_4	a_used_5	a_available_6	a_committed_7	a_survived_8	a_promoted_9	a_copied_10	a_time_in_ns_11	promotion_rate_12
39321600	39321600	12681568	12681632	26214400	630028	24733172	26214400	596036	73840	0	899474	33	
39321600	39321600	12681588	12681612	26214400	821504	24541696	26214400	650804	1156	0	976956	0	
39321600	39321600	12681588	12681612	26214400	875460	24487740	26214400	730320	84	0	961594	0	
39321600	39321600	12681588	12681612	26214400	893868	24469332	26214400	744000	64	0	976479	0	
39321600	39321600	12681588	12681612	26214400	1114872	24248328	26214400	876896	24	0	905653	0	
39321600	39321600	12681588	12681612	26214400	1080864	24282336	26214400	874000	520	0	1034788	0	
39321600	39321600	12681588	12681612	26214400	1148620	24214580	26214400	909180	828	0	997865	0	
39321600	39321600	12681588	12681612	26214400	1123232	24239968	26214400	931828	0	0	835179	0	
39321600	39321600	12681568	12681632	26214400	1131492	24231708	26214400	912516	0	0	875137	0	
39321600	39321600	12681588	12681612	26214400	1141172	24222028	26214400	939936	264	0	996598	0	
39321600	39321600	12681588	12681612	26214400	1158080	24205120	26214400	947512	0	0	911285	0	
39321600	39321600	12681588	12681612	26214400	1158720	24204480	26214400	955396	0	0	1035743	0	
39321600	39321600	12681588	12681612	26214400	1179000	24184200	26214400	955848	0	0	1087062	0	
39321600	39321600	12681588	12681612	26214400	1183808	24179392	26214400	960720	888	0	1196157	0	
39321600	39321600	12681588	12681612	26214400	1124752	24238448	26214400	953364	72	0	859496	0	
39321600	39321600	12681588	12681612	26214400	1148812	24214388	26214400	953032	0	0	1019105	0	
39321600	39321600	12681588	12681612	26214400	1189808	24173392	26214400	970072	0	0	986874	0	
39321600	39321600	12681588	12681612	26214400	1159812	24203388	26214400	958432	0	0	878898	0	
39321600	39321600	12681588	12681612	26214400	1196168	24167032	26214400	967812	0	0	930729	0	
39321600	39321600	12681588	12681612	26214400	1136392	24226808	26214400	959192	0	0	1053341	0	
39321600	39321600	12681588	12681612	26214400	1178468	24184732	26214400	975292	0	0	1044314	0	
39321600	39321600	12681588	12681612	26214400	1214876	24148324	26214400	971792	0	0	1010698	0	
39321600	39321600	12681588	12681612	26214400	1178608	24184592	26214400	953632	0	0	927939	0	
39321600	39321600	12681588	12681612	26214400	1178488	24184712	26214400	959212	0	0	981379	0	
39321600	39321600	12681588	12681612	26214400	1135812	24227388	26214400	956972	0	0	1100161	0	
39321600	39321600	12681568	12681632	26214400	1153440	24209760	26214400	962352	0	0	1076326	0	
39321600	39321600	12681588	12681612	26214400	1182028	24181172	26214400	974152	0	0	965035	0	
39321600	39321600	12681588	12681612	26214400	1170220	24192980	26214400	969692	0	0	1070178	0	
39321600	39321600	12681588	12681612	26214400	1145012	24218188	26214400	971252	0	0	1162478	0	
39321600	39321600	12681588	12681612	26214400	1135952	24227248	26214400	979512	0	0	1007674	0	
39321600	39321600	12681588	12681612	26214400	1191928	24171272	26214400	988932	0	0	1138786	0	
39321600	39321600	12681588	12681612	26214400	1211536	24151664	26214400	987092	0	0	940655	0	
39321600	39321600	12681588	12681612	26214400	1223156	24140044	26214400	975052	0	0	897334	0	
39321600	39321600	12681568	12681632	26214400	1187608	24175592	26214400	960852	0	0	960212	0	
39321600	39321600	12681588	12681612	26214400	1155140	24208060	26214400	955452	0	0	1032999	0	
39321600	39321600	12681588	12681612	26214400	1191328	24171872	26214400	953812	0	0	913537	0	
39321600	39321600	12681588	12681612	26214400	1163060	24200140	26214400	955092	0	0	952384	0	
39321600	39321600	12681588	12681612	26214400	1217336	24145864	26214400	958792	0	0	1080357	0	
39321600	39321600	12681588	12681612	26214400	1146432	24216768	26214400	946272	0	0	892222	0	
39321600	39321600	12681588	12681612	26214400	1145620	24217580	26214400	951372	0	0	1048301	0	
39321600	39321600	12681588	12681612	26214400	1184968	24178232	26214400	954972	0	0	854265	0	
39321600	39321600	12681588	12681612	26214400	1122652	24240548	26214400	957572	600	0	948401	0	
39321600	39321600	12681568	12681632	26214400	1187008	24176192	26214400	971132	0	0	893066	0	
39321600	39321600	12681588	12681612	26214400	1171040	24192160	26214400	962544	0	0	1012715	0	
39321600	39321600	12681588	12681612	26214400	1180488	24182712	26214400	963364	552	0	986235	0	
39321600	39321600	12681568	12681632	26214400	1149680	24213520	26214400	957672	0	0	1153692	0	
39321600	39321600	12681588	12681612	26214400	1149140	24214060	26214400	972212	0	0	996741	0	
39321600	39321600	12681588	12681612	26214400	1179948	24183252	26214400	978872	0	0	936416	0	
39321600	39321600	12681588	12681612	26214400	1181628	24181572	26214400	978932	0	0	966581	0	
39321600	39321600	12681568	12681632	26214400	1187240	24175960	26214400	974752	0	0	1017043	0	
39321600	39321600	12681588	12681612	26214400	1213956	24149244	26214400	969692	0	0	836219	0	
39321600	39321600	12681588	12681612	26214400	1164100	24199100	26214400	959792	0	0	1018902	0	
39321600	39321600	12681588	12681612	26214400	1158740	24204460	26214400	956352	0	0	1130876	0	
39321600	39321600	12681588	12681612	26214400	1154320	24208880	26214400	957492	0	0	1005899	0	
39321600	39321600	12681588	12681612	26214400	1182728	24180472	26214400	970072	0	0	945952	0	
39321600	39321600	12681588	12681612	26214400	1156340	24206860	26214400	963832	0	0	1012604	0	
39321600	39321600	12681588	12681612	26214400	1211668	24151532	26214400	973232	0	0	1143525	0	
39321600	39321600	12681588	12681612	26214400	1147760	24215440	26214400	957132	0	0	981754	0	
39321600	39321600	12681588	12681612	26214400	1160540	24202660	26214400	965772	0	0	1043257	0	
39321600	39321600	12681588	12681612	26214400	1187088	24176112	26214400	972692	0	0	943796	0	
39321600	39321600	12681588	12681612	26214400	1196248	24166952	26214400	965032	0	0	948842	0	
39321600	39321600	12681588	12681612	26214400	1157880	24205320	26214400	957432	0	0	919277	0	
39321600	39321600	12681588	12681612	26214400	1178888	24184312	26214400	958992	0	0	826344	0	
39321600	39321600	12681588	12681612	26214400	1146792	24216408	26214400	954712	0	0	957246	0	
39321600	39321600	12681588	12681612	26214400	1187548	24175652	26214400	972672	0	0	1050821	0	
39321600	39321600	12681588	12681612	26214400	1195928	24167272	26214400	962932	0	0	978950	0	
39321600	39321600	12681588	12681612	26214400	1112604	24250596	26214400	955912	0	0	1045279	0	
39321600	39321600	12681588	12681612	26214400	1132132	24231068	26214400	977472	0	0	1118688	0	
39321600	39321600	12681588	12681612	26214400	1217276	24145924	26214400	989132	0	0	1036125	0	
39321600	39321600	12681588	12681612	26214400	1208000	24155200	26214400	979692	0	0	1155329	0	
39321600	39321600	12681588	12681612	26214400	1151940	24211260	26214400	962212	0	0	939446	0	
39321600	39321600	12681588	12681612	26214400	1212616	24150584	26214400	974852	0	0	868901	0	
39321600	39321600	12681588	12681612	26214400	1189508	24173692	26214400	957032	0	0	979016	0	
39321600	39321600	12681588	12681612	26214400	1127332	24235868	26214400	958092	0	0	1066242	0	
39321600	39321600	12681588	12681612	26214400	1149800	24213400	26214400	969532	0	0	993648	0	
39321600	39321600	12681588	12681612	26214400	1210888	24152312	26214400	979112	0	0	1008658	0	
39321600	39321600	12681588	12681612	26214400	1194168	24169032	26214400	959632	0	0	903019	0	
39321600	39321600	12681568	12681632	26214400	1223036	24140164	26214400	954112	0	0	1083262	0	
39321600	39321600	12681588	12681612	26214400	1112944	24250256	26214400	948032	0	0	1106899	0	
39321600	39321600	12681588	12681612	26214400	1125784	24237416	26214400	959192	0	0	1010473	0	
39321600	39321600	12681588	12681612	26214400	1173592	24189608	26214400	977972	0	0	982971	0	
39321600	39321600	12681588	12681612	26214400	1155100	24208100	26214400	977552	0	0	849737	0	
39321600	39321600	12681588	12681612	26214400	1190644	24172556	26214400	983252	0	0	1035146	0	
39321600	39321600	12681588	12681612	26214400	1168940	24194260	26214400	977772	0	0	865298	0	
39321600	39321600	12681588	12681612	26214400	1162520	24200680	26214400	979072	0	0	982570	0	
39321600	39321600	12681588	12681612	26214400	1159204	24203996	26214400	982272	0	0	981827	0	
39321600	39321600	12681588	12681612	26214400	1215856	24147344	26214400	987152	0	0	1003746	0	
39321600	39321600	12681588	12681612	26214400	1192268	24170932	26214400	972332	0	0	993536	0	
39321600	39321600	12681588	12681612	26214400	1134192	24229008	26214400	961376	0	0	1000555	0	
39321600	39321600	12681588	12681612	26214400	1183128	24180072	26214400	979856	744	0	962689	0	
39321600	39321600	12681588	12681612	26214400	1157000	24206200	26214400	974972	0	0	1075932	0	
39321600	39321600	12681588	12681612	26214400	1202188	24161012	26214400	979512	0	0	859387	0	
39321600	39321600	12681588	12681612	26214400	1153200	24210000	26214400	970732	0	0	988531	0	
39321600	39321600	12681588	12681612	26214400	1201048	24162152	26214400	978232	0	0	1005916	0	
39321600	39321600	12681588	12681612	26214400	1150560	24212640	26214400	965552	0	0	1032373	0	
39321600	39321600	12681588	12681612	26214400	1231056	24132144	26214400	975812	0	0	913858	0	
39321600	39321600	12681568	12681632	26214400	1151880	24211320	26214400	959212	0	0	936519	0	
39321600	39321600	12681588	12681612	26214400	1181788	24181412	26214400	954712	0	0	810730	0	
39321600	39321600	12681588	12681612	26214400	1149332	24213868	26214400	957832	0	0	1174459	0	
39321600	39321600	12681588	12681612	26214400	1191728	24171472	26214400	966360	0	0	906023	0	
39321600	39321600	12681588	12681612	26214400	1134792	24228408	26214400	960560	888	0	974300	0	
39321600	39321600	12681588	12681612	26214400	1156192	24207008	26214400	974272	0	0	1071251	0	
39321600	39321600	12681588	12681612	26214400	1159100	24204100	26214400	979192	0	0	1053788	0	
39321600	39321600	12681588	12681612	26214400	1180740	24182460	26214400	984092	680	0	966843	0	
39321600	39321600	12681588	12681612	26214400	1196848	24166352	26214400	982272	0	0	890474	0	
39321600	39321600	12681588	12681612	26214400	1139812	24223388	26214400	973092	0	0	1128150	0	
39321600	39321600	12681568	12681632	26214400	1187960	24175240	26214400	984412	0	0	1159965	0	
39321600	39321600	12681588	12681612	26214400	1191028	24172172	26214400	978872	0	0	1068682	0	
39321600	39321600	12681588	12681612	26214400	1208320	24154880	26214400	973232	0	0	1231097	0	
39321600	39321600	12681588	12681612	26214400	1122324	24240876	26214400	953324	0	0	1005741	0	
39321600	39321600	12681588	12681612	26214400	1210668	24152532	26214400	977344	492	0	1001850	0	
39321600	39321600	12681588	12681612	26214400	1181128	24182072	26214400	962212	0	0	942692	0	
39321600	39321600	12681588	12681612	26214400	1136692	24226508	26214400	956652	0	0	912345	0	
39321600	39321600	12681588	12681612	26214400	1201040	24162160	26214400	976432	0	0	1062645	0	
39321600	39321600	12681588	12681612	26214400	1155660	24207540	26214400	962240	0	0	1056342	0	
39321600	39321600	12681568	12681632	26214400	1170940	24192260	26214400	972360	28	0	1001373	0	
39321600	39321600	12681588	12681612	26214400	1172760	24190440	26214400	973552	0	0	1055603	0	
39321600	39321600	12681588	12681612	26214400	1137892	24225308	26214400	973732	0	0	927041	0	
39321600	39321600	12681568	12681632	26214400	1274960	24088240	26214400	983904	0	0	1053565	0	
39321600	39321600	12681588	12681612	26214400	1158500	24204700	26214400	954304	492	0	1158116	0	
39321600	39321600	12681588	12681612	26214400	1189348	24173852	26214400	957932	0	0	938168	0	
39321600	39321600	12681588	12681612	26214400	1102684	24260516	26214400	952572	0	0	979983	0	
39321600	39321600	12681588	12681612	26214400	1209048	24154152	26214400	974712	0	0	1127562	0	
39321600	39321600	12681588	12681612	26214400	1212476	24150724	26214400	958972	0	0	1002840	0	
39321600	39321600	12681588	12681612	26214400	1161460	24201740	26214400	949492	0	0	988927	0	
39321600	39321600	12681588	12681612	26214400	1132952	24230248	26214400	955572	0	0	974353	0	
39321600	39321600	12681588	12681612	26214400	1195168	24168032	26214400	960372	0	0	942294	0	
39321600	39321600	12681588	12681612	26214400	1159400	24203800	26214400	953932	0	0	928635	0	
39321600	39321600	12681588	12681612	26214400	1148072	24215128	26214400	953432	0	0	923053	0	
39321600	39321600	12681568	12681632	26214400	1191308	24171892	26214400	970972	0	0	1050940	0	
39321600	39321600	12681588	12681612	26214400	1193988	24169212	26214400	958432	0	0	941650	0	
39321600	39321600	12681568	12681632	26214400	1150740	24212460	26214400	953352	0	0	1079827	0	
39321600	39321600	12681588	12681612	26214400	1157472	24205728	26214400	959672	0	0	944680	0	
39321600	39321600	12681588	12681612	26214400	1276400	24086800	26214400	970072	0	0	946983	0	
39321600	39321600	12681588	12681612	26214400	1156760	24206440	26214400	943312	0	0	964216	0	
39321600	39321600	12681588	12681612	26214400	1147420	24215780	26214400	947932	0	0	1059346	0	
39321600	39321600	12681588	12681612	26214400	1148140	24215060	26214400	952372	0	0	892112	0	
39321600	39321600	12681568	12681632	26214400	1120152	24243048	26214400	954112	0	0	890980	0	
39321600	39321600	12681568	12681632	26214400	1189568	24173632	26214400	976112	0	0	1132967	0	
39321600	39321600	12681588	12681612	26214400	1165320	24197880	26214400	969692	0	0	912756	0	
39321600	39321600	12681588	12681612	26214400	1163300	24199900	26214400	973312	0	0	888850	0	
39321600	39321600	12681588	12681612	26214400	1221916	24141284	26214400	976832	0	0	888312	0	
39321600	39321600	12681588	12681612	26214400	1149132	24214068	26214400	956912	0	0	992131	0	
39321600	39321600	12681588	12681612	26214400	1216928	24146272	26214400	964712	0	0	1050470	0	
39321600	39321600	12681588	12681612	26214400	1116292	24246908	26214400	954572	0	0	990690	0	
39321600	39321600	12681588	12681612	26214400	1174880	24188320	26214400	971792	0	0	1064450	0	
39321600	39321600	12681588	12681612	26214400	1213356	24149844	26214400	971792	0	0	954100	0	
39321600	39321600	12681568	12681632	26214400	1149300	24213900	26214400	953352	0	0	1013897	0	
39321600	39321600	12681588	12681612	26214400	1120952	24242248	26214400	961052	0	0	1051793	0	
39321600	39321600	12681588	12681612	26214400	1178668	24184532	26214400	983292	0	0	894760	0	
39321600	39321600	12681588	12681612	26214400	1199668	24163532	26214400	980952	0	0	1049360	0	
39321600	39321600	12681588	12681612	26214400	1156780	24206420	26214400	972492	0	0	949737	0	
39321600	39321600	12681588	12681612	26214400	1160400	24202800	26214400	978892	0	0	994538	0	
39321600	39321600	12681568	12681632	26214400	1165740	24197460	26214400	982312	0	0	955258	0	
39321600	39321600	12681588	12681612	26214400	1198268	24164932	26214400	983152	0	0	1144148	0	
39321600	39321600	12681588	12681612	26214400	1189308	24173892	26214400	976732	0	0	968632	0	
39321600	39321600	12681588	12681612	26214400	1133452	24229748	26214400	970352	0	0	1004386	0	
39321600	39321600	12681588	12681612	26214400	1190160	24173040	26214400	984572	0	0	959504	0	
39321600	39321600	12681588	12681612	26214400	1180228	24182972	26214400	979412	0	0	1012208	0	
39321600	39321600	12681588	12681612	26214400	1181688	24181512	26214400	975972	0	0	1029904	0	
39321600	39321600	12681588	12681612	26214400	1179868	24183332	26214400	973232	0	0	1060621	0	
39321600	39321600	12681588	12681612	26214400	1212148	24151052	26214400	970072	0	0	1036160	0	
39321600	39321600	12681588	12681612	26214400	1158980	24204220	26214400	958792	0	0	1045788	0	
39321600	39321600	12681588	12681612	26214400	1173520	24189680	26214400	958972	0	0	976654	0	
39321600	39321600	12681588	12681612	26214400	1190928	24172272	26214400	959812	0	0	1062379	0	
39321600	39321600	12681588	12681612	26214400	1135032	24228168	26214400	958792	0	0	958652	0	
39321600	39321600	12681588	12681612	26214400	1167940	24195260	26214400	966672	0	0	924720	0	
39321600	39321600	12681588	12681612	26214400	1161820	24201380	26214400	969872	0	0	989203	0	
39321600	39321600	12681568	12681632	26214400	1165380	24197820	26214400	973112	0	0	960159	0	
39321600	39321600	12681588	12681612	26214400	1185928	24177272	26214400	977932	0	0	1066743	0	
39321600	39321600	12681588	12681612	26214400	1179528	24183672	26214400	972332	0	0	937509	0	
39321600	39321600	12681588	12681612	26214400	1205848	24157352	26214400	969492	0	0	960102	0	
39321600	39321600	12681588	12681612	26214400	1148412	24214788	26214400	955732	0	0	1089365	0	
39321600	39321600	12681568	12681632	26214400	1188148	24175052	26214400	964192	0	0	950434	0	
39321600	39321600	12681588	12681612	26214400	1147232	24215968	26214400	952892	0	0	1069075	0	
39321600	39321600	12681588	12681612	26214400	1194208	24168992	26214400	970792	0	0	948910	0	
39321600	39321600	12681588	12681612	26214400	1147640	24215560	26214400	956652	0	0	862491	0	
39321600	39321600	12681588	12681612	26214400	1218440	24144760	26214400	972332	0	0	1057659	0	
39321600	39321600	12681588	12681612	26214400	1190028	24173172	26214400	960992	0	0	988087	0	
39321600	39321600	12681568	12681632	26214400	1120564	24242636	26214400	954232	0	0	1079780	0	
39321600	39321600	12681588	12681612	26214400	1202528	24160672	26214400	967092	0	0	1049131	0	
39321600	39321600	12681588	12681612	26214400	1190868	24172332	26214400	955792	0	0	876658	0	
39321600	39321600	12681568	12681632	26214400	1157140	24206060	26214400	954632	0	0	1082562	0	
39321600	39321600	12681588	12681612	26214400	1138412	24224788	26214400	954352	0	0	946032	0	
39321600	39321600	12681588	12681612	26214400	1168140	24195060	26214400	969292	0	0	865244	0	
39321600	39321600	12681588	12681612	26214400	1160880	24202320	26214400	972212	0	0	946816	0	
39321600	39321600	12681588	12681612	26214400	1215496	24147704	26214400	975972	0	0	977618	0	
39321600	39321600	12681588	12681612	26214400	1182568	24180632	26214400	958972	0	0	1123100	0	
39321600	39321600	12681588	12681612	26214400	1127092	24236108	26214400	954332	0	0	912070	0	
39321600	39321600	12681588	12681612	26214400	1166084	24197116	26214400	974852	0	0	897875	0	
39321600	39321600	12681588	12681612	26214400	1196128	24167072	26214400	976432	0	0	1211408	0	
39321600	39321600	12681588	12681612	26214400	1215036	24148164	26214400	965552	0	0	987826	0	
39321600	39321600	12681588	12681612	26214400	1124092	24239108	26214400	956732	0	0	1005375	0	
39321600	39321600	12681588	12681612	26214400	1181008	24182192	26214400	970072	0	0	982976	0	
39321600	39321600	12681588	12681612	26214400	1159980	24203220	26214400	965112	0	0	993148	0	
39321600	39321600	12681588	12681612	26214400	1210368	24152832	26214400	972212	0	0	1054688	0	
39321600	39321600	12681588	12681612	26214400	1162932	24200268	26214400	956912	0	0	1070003	0	
39321600	39321600	12681588	12681612	26214400	1179348	24183852	26214400	954712	0	0	877830	0	
39321600	39321600	12681588	12681612	26214400	1152200	24211000	26214400	958152	0	0	1086925	0	
39321600	39321600	12681588	12681612	26214400	1164100	24199100	26214400	965372	0	0	1025716	0	
39321600	39321600	12681588	12681612	26214400	1185028	24178172	26214400	970792	0	0	1106729	0	
39321600	39321600	12681588	12681612	26214400	1195468	24167732	26214400	962772	0	0	952608	0	
39321600	39321600	12681588	12681612	26214400	1131712	24231488	26214400	956032	0	0	992361	0	
39321600	39321600	12681588	12681612	26214400	1202028	24161172	26214400	973912	0	0	1010241	0	
39321600	39321600	12681588	12681612	26214400	1185248	24177952	26214400	955952	0	0	939836	0	
39321600	39321600	12681588	12681612	26214400	1162600	24200600	26214400	956152	0	0	981704	0	
39321600	39321600	12681588	12681612	26214400	1152200	24211000	26214400	954172	0	0	943318	0	
39321600	39321600	12681588	12681612	26214400	1167780	24195420	26214400	968972	0	0	1061475	0	
39321600	39321600	12681588	12681612	26214400	1189628	24173572	26214400	972212	0	0	874525	0	
39321600	39321600	12681588	12681612	26214400	1180728	24182472	26214400	961292	0	0	1009770	0	
39321600	39321600	12681588	12681612	26214400	1178860	24184340	26214400	955752	0	0	963468	0	
39321600	39321600	12681588	12681612	26214400	1165500	24197700	26214400	958972	0	0	1139108	0	
39321600	39321600	12681588	12681612	26214400	1166972	24196228	26214400	956952	0	0	870374	0	
39321600	39321600	12681588	12681612	26214400	1185728	24177472	26214400	961292	0	0	986863	0	
39321600	39321600	12681588	12681612	26214400	1161360	24201840	26214400	959552	0	0	918629	0	
39321600	39321600	12681568	12681632	26214400	1127212	24235988	26214400	960772	0	0	917652	0	
39321600	39321600	12681588	12681612	26214400	1185580	24177620	26214400	980372	0	0	1006755	0	
39321600	39321600	12681568	12681632	26214400	1221256	24141944	26214400	976972	0	0	865475	0	
39321600	39321600	12681588	12681612	26214400	1189848	24173352	26214400	957312	0	0	990959	0	
39321600	39321600	12681588	12681612	26214400	1159940	24203260	26214400	958232	0	0	1080119	0	
39321600	39321600	12681588	12681612	26214400	1182948	24180252	26214400	956032	0	0	926687	0	
39321600	39321600	12681588	12681612	26214400	1176700	24186500	26214400	959968	0	0	1096276	0	
39321600	39321600	12681568	12681632	26214400	1153940	24209260	26214400	957692	0	0	1107717	0	
39321600	39321600	12681588	12681612	26214400	1149720	24213480	26214400	958392	360	0	962818	0	
39321600	39321600	12681588	12681612	26214400	1198188	24165012	26214400	966872	0	0	1077479	0	
39321600	39321600	12681588	12681612	26214400	1147140	24216060	26214400	956832	0	0	976721	0	
39321600	39321600	12681588	12681612	26214400	1166400	24196800	26214400	967092	0	0	1001623	0	
39321600	39321600	12681568	12681632	26214400	1227396	24135804	26214400	971132	0	0	1257943	0	
39321600	39321600	12681588	12681612	26214400	1194808	24168392	26214400	954236	0	0	959466	0	
39321600	39321600	12681568	12681632	26214400	1159540	24203660	26214400	952036	324	0	996047	0	
39321600	39321600	12681588	12681612	26214400	1179268	24183932	26214400	952372	0	0	990933	0	
39321600	39321600	12681588	12681612	26214400	1128572	24234628	26214400	948432	0	0	1177051	0	
39321600	39321600	12681588	12681612	26214400	1157460	24205740	26214400	953352	0	0	919008	0	
39321600	39321600	12681588	12681612	26214400	1194768	24168432	26214400	964932	0	0	988819	0	
39321600	39321600	12681588	12681612	26214400	1159020	24204180	26214400	957132	0	0	1046817	0	
39321600	39321600	12681588	12681612	26214400	1211256	24151944	26214400	959272	0	0	947147	0	
39321600	39321600	12681568	12681632	26214400	1119032	24244168	26214400	955912	0	0	918402	0	
39321600	39321600	12681588	12681612	26214400	1166920	24196280	26214400	969872	0	0	1130728	0	
39321600	39321600	12681568	12681632	26214400	1154240	24208960	26214400	972332	0	0	970668	0	
39321600	39321600	12681588	12681612	26214400	1147780	24215420	26214400	979112	0	0	1000584	0	
39321600	39321600	12681588	12681612	26214400	1230952	24132248	26214400	987872	0	0	987385	0	
39321600	39321600	12681568	12681632	26214400	1123992	24239208	26214400	964572	0	0	1036077	0	
39321600	39321600	12681568	12681632	26214400	1172840	24190360	26214400	984732	0	0	890122	0	
39321600	39321600	12681568	12681632	26214400	1169640	24193560	26214400	984732	0	0	1014034	0	
39321600	39321600	12681588	12681612	26214400	1197888	24165312	26214400	984252	0	0	1030600	0	
39321600	39321600	12681588	12681612	26214400	1179128	24184072	26214400	976732	0	0	1038788	0	
39321600	39321600	12681588	12681612	26214400	1150000	24213200	26214400	974272	0	0	954615	0	
39321600	39321600	12681588	12681612	26214400	1134492	24228708	26214400	981672	0	0	898362	0	
39321600	39321600	12681588	12681612	26214400	1241268	24121932	26214400	990452	0	0	968782	0	
39321600	39321600	12681568	12681632	26214400	1146720	24216480	26214400	972332	0	0	1058364	0	
39321600	39321600	12681588	12681612	26214400	1183668	24179532	26214400	980592	0	0	1061833	0	
39321600	39321600	12681588	12681612	26214400	1201768	24161432	26214400	978332	0	0	954520	0	
39321600	39321600	12681588	12681612	26214400	1162400	24200800	26214400	965372	0	0	991425	0	
39321600	39321600	12681588	12681612	26214400	1181768	24181432	26214400	971972	0	0	963016	0	
39321600	39321600	12681588	12681612	26214400	1182008	24181192	26214400	966332	0	0	1113397	0	
39321600	39321600	12681588	12681612	26214400	1128412	24234788	26214400	960192	0	0	1056092	0	
39321600	39321600	12681588	12681612	26214400	1212076	24151124	26214400	979312	0	0	1108209	0	
39321600	39321600	12681588	12681612	26214400	1150580	24212620	26214400	963952	0	0	1077082	0	
39321600	39321600	12681588	12681612	26214400	1180288	24182912	26214400	974412	0	0	1050125	0	
39321600	39321600	12681588	12681612	26214400	1186980	24176220	26214400	972292	0	0	930387	0	
39321600	39321600	12681568	12681632	26214400	1186728	24176472	26214400	964572	0	0	945780	0	
39321600	39321600	12681588	12681612	26214400	1130624	24232576	26214400	954372	0	0	1011617	0	
39321600	39321600	12681588	12681612	26214400	1195680	24167520	26214400	977472	0	0	937545	0	
39321600	39321600	12681588	12681612	26214400	1161640	24201560	26214400	968252	0	0	950841	0	
39321600	39321600	12681588	12681612	26214400	1193128	24170072	26214400	974152	0	0	923880	0	
39321600	39321600	12681568	12681632	26214400	1176020	24187180	26214400	962092	0	0	1034960	0	
39321600	39321600	12681588	12681612	26214400	1156380	24206820	26214400	960192	0	0	1005392	0	
39321600	39321600	12681588	12681612	26214400	1163240	24199960	26214400	971072	0	0	1017293	0	
39321600	39321600	12681588	12681612	26214400	1184008	24179192	26214400	973372	0	0	884753	0	
39321600	39321600	12681588	12681612	26214400	1211768	24151432	26214400	970172	0	0	977762	0	
39321600	39321600	12681588	12681612	26214400	1166100	24197100	26214400	952732	0	0	843093	0	
39321600	39321600	12681588	12681612	26214400	1149540	24213660	26214400	957092	0	0	935310	0	
39321600	39321600	12681588	12681612	26214400	1185628	24177572	26214400	964752	0	0	1066914	0	
39321600	39321600	12681588	12681612	26214400	1208248	24154952	26214400	955712	0	0	964627	0	
39321600	39321600	12681588	12681612	26214400	1156092	24207108	26214400	954452	0	0	968898	0	
39321600	39321600	12681588	12681612	26214400	1169820	24193380	26214400	961252	0	0	1063879	0	
39321600	39321600	12681588	12681612	26214400	1153572	24209628	26214400	954292	0	0	1031136	0	
39321600	39321600	12681588	12681612	26214400	1188068	24175132	26214400	958152	0	0	928549	0	
39321600	39321600	12681588	12681612	26214400	1179448	24183752	26214400	956852	0	0	905035	0	
39321600	39321600	12681588	12681612	26214400	1141872	24221328	26214400	952692	0	0	930588	0	
39321600	39321600	12681588	12681612	26214400	1136892	24226308	26214400	965372	0	0	947233	0	
39321600	39321600	12681588	12681612	26214400	1177412	24185788	26214400	978412	0	0	961184	0	
39321600	39321600	12681588	12681612	26214400	1198720	24164480	26214400	980172	0	0	876367	0	
39321600	39321600	12681588	12681612	26214400	1144792	24218408	26214400	968972	0	0	1064122	0	
39321600	39321600	12681588	12681612	26214400	1147860	24215340	26214400	976952	0	0	952548	0	
39321600	39321600	12681588	12681612	26214400	1150560	24212640	26214400	987932	0	0	972363	0	
39321600	39321600	12681588	12681612	26214400	1164880	24198320	26214400	990372	0	0	1122047	0	
39321600	39321600	12681588	12681612	26214400	1213140	24150060	26214400	994232	0	0	993252	0	
39321600	39321600	12681588	12681612	26214400	1181148	24182052	26214400	983012	0	0	971160	0	
39321600	39321600	12681588	12681612	26214400	1178488	24184712	26214400	981552	0	0	1032570	0	
39321600	39321600	12681588	12681612	26214400	1176700	24186500	26214400	978192	0	0	1045872	0	
39321600	39321600	12681588	12681612	26214400	1281240	24081960	26214400	979112	0	0	1103734	0	
39321600	39321600	12681588	12681612	26214400	1112764	24250436	26214400	947132	0	0	951173	0	
39321600	39321600	12681568	12681632	26214400	1179280	24183920	26214400	953152	0	0	1011194	0	
39321600	39321600	12681588	12681612	26214400	1151060	24212140	26214400	957032	0	0	1064778	0	
39321600	39321600	12681588	12681612	26214400	1127572	24235628	26214400	964792	0	0	982295	0	
39321600	39321600	12681588	12681612	26214400	1287720	24075480	26214400	982832	0	0	933244	0	
39321600	39321600	12681588	12681612	26214400	1115772	24247428	26214400	951272	0	0	974537	0	
39321600	39321600	12681588	12681612	26214400	1166800	24196400	26214400	956352	0	0	899113	0	
39321600	39321600	12681588	12681612	26214400	1220936	24142264	26214400	960852	0	0	894443	0	
39321600	39321600	12681588	12681612	26214400	1158680	24204520	26214400	952172	0	0	1106453	0	
39321600	39321600	12681588	12681612	26214400	1131012	24232188	26214400	957172	0	0	971793	0	
39321600	39321600	12681588	12681612	26214400	1158820	24204380	26214400	966332	0	0	1027744	0	
39321600	39321600	12681588	12681612	26214400	1196428	24166772	26214400	974052	0	0	1075789	0	
39321600	39321600	12681588	12681612	26214400	1162172	24201028	26214400	959972	0	0	955447	0	
39321600	39321600	12681588	12681612	26214400	1125172	24238028	26214400	967352	0	0	926923	0	
39321600	39321600	12681568	12681632	26214400	1165600	24197600	26214400	984212	0	0	1068358	0	
39321600	39321600	12681588	12681612	26214400	1175112	24188088	26214400	987352	0	0	1000982	0	
39321600	39321600	12681588	12681612	26214400	1171680	24191520	26214400	987252	0	0	838162	0	
39321600	39321600	12681588	12681612	26214400	1182428	24180772	26214400	986912	0	0	901134	0	
39321600	39321600	12681568	12681632	26214400	1165320	24197880	26214400	984732	0	0	944004	0	
39321600	39321600	12681588	12681612	26214400	1212836	24150364	26214400	986872	0	0	1004303	0	
39321600	39321600	12681588	12681612	26214400	1163372	24199828	26214400	973872	0	0	903602	0	
39321600	39321600	12681588	12681612	26214400	1142892	24220308	26214400	977332	0	0	1048713	0	
39321600	39321600	12681588	12681612	26214400	1217148	24146052	26214400	986672	0	0	1024507	0	
39321600	39321600	12681568	12681632	26214400	1129652	24233548	26214400	972232	0	0	1085021	0	
39321600	39321600	12681588	12681612	26214400	1216316	24146884	26214400	985992	0	0	876650	0	
39321600	39321600	12681588	12681612	26214400	1190248	24172952	26214400	972212	0	0	1033858	0	
39321600	39321600	12681588	12681612	26214400	1159212	24203988	26214400	961092	0	0	1054889	0	
39321600	39321600	12681588	12681612	26214400	1182648	24180552	26214400	969912	0	0	877230	0	
39321600	39321600	12681588	12681612	26214400	1169160	24194040	26214400	963732	0	0	1132738	0	
39321600	39321600	12681588	12681612	26214400	1173420	24189780	26214400	966332	0	0	1030260	0	
39321600	39321600	12681588	12681612	26214400	1204168	24159032	26214400	965872	0	0	939164	0	
39321600	39321600	12681568	12681632	26214400	1150340	24212860	26214400	953352	0	0	901900	0	
39321600	39321600	12681588	12681612	26214400	1157532	24205668	26214400	960072	0	0	1025723	0	
39321600	39321600	12681588	12681612	26214400	1185548	24177652	26214400	970232	0	0	943962	0	
39321600	39321600	12681588	12681612	26214400	1180168	24183032	26214400	962132	0	0	1012130	0	
39321600	39321600	12681588	12681612	26214400	1134412	24228788	26214400	956812	0	0	919319	0	
39321600	39321600	12681588	12681612	26214400	1178708	24184492	26214400	977072	0	0	1061461	0	
39321600	39321600	12681588	12681612	26214400	1158212	24204988	26214400	974572	0	0	1062883	0	
39321600	39321600	12681588	12681612	26214400	1147940	24215260	26214400	978232	0	0	908910	0	
39321600	39321600	12681588	12681612	26214400	1188968	24174232	26214400	988812	0	0	952516	0	
39321600	39321600	12681588	12681612	26214400	1230860	24132340	26214400	982712	0	0	937257	0	
39321600	39321600	12681588	12681612	26214400	1150060	24213140	26214400	956052	0	0	950483	0	
39321600	39321600	12681588	12681612	26214400	1195348	24167852	26214400	971272	0	0	1016255	0	
39321600	39321600	12681588	12681612	26214400	1115684	24247516	26214400	956572	0	0	1023141	0	
39321600	39321600	12681588	12681612	26214400	1185760	24177440	26214400	982832	0	0	926538	0	
39321600	39321600	12681588	12681612	26214400	1157032	24206168	26214400	975572	0	0	1010146	0	
39321600	39321600	12681568	12681632	26214400	1177024	24186176	26214400	984732	0	0	983395	0	
39321600	39321600	12681588	12681612	26214400	1218588	24144612	26214400	982192	0	0	867089	0	
39321600	39321600	12681588	12681612	26214400	1144152	24219048	26214400	964132	0	0	938925	0	
39321600	39321600	12681588	12681612	26214400	1215936	24147264	26214400	977232	0	0	1040114	0	
39321600	39321600	12681588	12681612	26214400	1188708	24174492	26214400	953312	0	0	848440	0	
39321600	39321600	12681588	12681612	26214400	1147560	24215640	26214400	961452	0	0	1060634	0	
39321600	39321600	12681568	12681632	26214400	1148400	24214800	26214400	960992	0	0	959298	0	
39321600	39321600	12681588	12681612	26214400	1196728	24166472	26214400	972812	0	0	1086966	0	
39321600	39321600	12681588	12681612	26214400	1193208	24169992	26214400	961332	0	0	1015008	0	
39321600	39321600	12681568	12681632	26214400	1178180	24185020	26214400	955832	0	0	1134498	0	
39321600	39321600	12681588	12681612	26214400	1131172	24232028	26214400	952612	0	0	927388	0	
39321600	39321600	12681588	12681612	26214400	1188820	24174380	26214400	971972	0	0	996372	0	
39321600	39321600	12681588	12681612	26214400	1181108	24182092	26214400	961772	0	0	1144689	0	
39321600	39321600	12681588	12681612	26214400	1152800	24210400	26214400	955712	0	0	918481	0	
39321600	39321600	12681588	12681612	26214400	1124464	24238736	26214400	969492	0	0	1045707	0	
39321600	39321600	12681588	12681612	26214400	1199708	24163492	26214400	986652	0	0	1057053	0	
39321600	39321600	12681588	12681612	26214400	1146820	24216380	26214400	978172	0	0	843955	0	
39321600	39321600	12681568	12681632	26214400	1185688	24177512	26214400	986052	0	0	994428	0	
39321600	39321600	12681568	12681632	26214400	1193788	24169412	26214400	982112	0	0	1023626	0	
39321600	39321600	12681588	12681612	26214400	1153572	24209628	26214400	974712	0	0	917618	0	
39321600	39321600	12681588	12681612	26214400	1205088	24158112	26214400	981132	0	0	1035600	0	
39321600	39321600	12681568	12681632	26214400	1149240	24213960	26214400	970592	0	0	1044883	0	
39321600	39321600	12681588	12681612	26214400	1132092	24231108	26214400	975572	0	0	950637	0	
39321600	39321600	12681588	12681612	26214400	1218448	24144752	26214400	988852	0	0	1055508	0	
39321600	39321600	12681588	12681612	26214400	1191908	24171292	26214400	977372	0	0	1026261	0	
39321600	39321600	12681568	12681632	26214400	1182868	24180332	26214400	970592	0	0	910375	0	
39321600	39321600	12681568	12681632	26214400	1155212	24207988	26214400	964192	0	0	1106824	0	
39321600	39321600	12681588	12681612	26214400	1135372	24227828	26214400	974292	0	0	1059735	0	
39321600	39321600	12681588	12681612	26214400	1277240	24085960	26214400	985752	0	0	1008755	0	
39321600	39321600	12681588	12681612	26214400	1147720	24215480	26214400	953392	0	0	942355	0	
39321600	39321600	12681588	12681612	26214400	1189160	24174040	26214400	956152	0	0	850330	0	
39321600	39321600	12681588	12681612	26214400	1180188	24183012	26214400	956272	0	0	988070	0	
39321600	39321600	12681568	12681632	26214400	1152520	24210680	26214400	954432	0	0	1061877	0	
39321600	39321600	12681588	12681612	26214400	1145860	24217340	26214400	954352	0	0	897751	0	
39321600	39321600	12681588	12681612	26214400	1212076	24151124	26214400	964312	0	0	994676	0	
39321600	39321600	12681588	12681612	26214400	1151840	24211360	26214400	957072	0	0	959857	0	
39321600	39321600	12681588	12681612	26214400	1177460	24185740	26214400	958632	0	0	1011371	0	
39321600	39321600	12681588	12681612	26214400	1189268	24173932	26214400	957092	0	0	1013303	0	
39321600	39321600	12681588	12681612	26214400	1167792	24195408	26214400	956972	0	0	1095412	0	
39321600	39321600	12681568	12681632	26214400	1171440	24191760	26214400	959212	0	0	947556	0	
39321600	39321600	12681588	12681612	26214400	1151920	24211280	26214400	959892	0	0	918652	0	
39321600	39321600	12681588	12681612	26214400	1147180	24216020	26214400	956352	0	0	823270	0	
39321600	39321600	12681588	12681612	26214400	1200568	24162632	26214400	972292	0	0	1017282	0	
39321600	39321600	12681588	12681612	26214400	1153520	24209680	26214400	954532	0	0	884150	0	
39321600	39321600	12681588	12681612	26214400	1149640	24213560	26214400	968372	0	0	967897	0	
39321600	39321600	12681588	12681612	26214400	1147712	24215488	26214400	977972	0	0	1110277	0	
39321600	39321600	12681588	12681612	26214400	1166460	24196740	26214400	985592	0	0	888901	0	
39321600	39321600	12681588	12681612	26214400	1156120	24207080	26214400	988312	0	0	1073221	0	
39321600	39321600	12681568	12681632	26214400	1209908	24153292	26214400	989972	0	0	1053734	0	
39321600	39321600	12681588	12681612	26214400	1191628	24171572	26214400	980792	0	0	895577	0	
39321600	39321600	12681588	12681612	26214400	1171980	24191220	26214400	974712	0	0	957213	0	
39321600	39321600	12681588	12681612	26214400	1193268	24169932	26214400	975412	0	0	1112754	0	
39321600	39321600	12681588	12681612	26214400	1191028	24172172	26214400	966288	0	0	1132520	0	
39321600	39321600	12681588	12681612	26214400	1161000	24202200	26214400	953148	196	0	926609	0	
39321600	39321600	12681588	12681612	26214400	1138692	24224508	26214400	962132	0	0	1099895	0	
39321600	39321600	12681588	12681612	26214400	1215796	24147404	26214400	978732	0	0	1121175	0	
39321600	39321600	12681588	12681612	26214400	1151172	24212028	26214400	955980	0	0	994565	0	
39321600	39321600	12681588	12681612	26214400	1187108	24176092	26214400	970760	28	0	1040648	0	
39321600	39321600	12681588	12681612	26214400	1145660	24217540	26214400	961392	0	0	961433	0	
39321600	39321600	12681588	12681612	26214400	1180328	24182872	26214400	974972	0	0	1008688	0	
39321600	39321600	12681588	12681612	26214400	1215736	24147464	26214400	973112	0	0	933488	0	
39321600	39321600	12681588	12681612	26214400	1122172	24241028	26214400	954352	0	0	1026121	0	
39321600	39321600	12681588	12681612	26214400	1157880	24205320	26214400	975532	0	0	1087958	0	
39321600	39321600	12681588	12681612	26214400	1189512	24173688	26214400	979352	0	0	843091	0	
39321600	39321600	12681568	12681632	26214400	1211896	24151304	26214400	974492	0	0	853712	0	
39321600	39321600	12681568	12681632	26214400	1164640	24198560	26214400	959612	0	0	1045855	0	
39321600	39321600	12681568	12681632	26214400	1155620	24207580	26214400	958116	0	0	990814	0	
39321600	39321600	12681588	12681612	26214400	1191048	24172152	26214400	977504	384	0	1151044	0	
39321600	39321600	12681588	12681612	26214400	1200088	24163112	26214400	957612	0	0	866065	0	
39321600	39321600	12681588	12681612	26214400	1116292	24246908	26214400	958812	720	0	964291	0	
39321600	39321600	12681588	12681612	26214400	1133472	24229728	26214400	974152	0	0	929845	0	
39321600	39321600	12681568	12681632	26214400	1196268	24166932	26214400	987744	0	0	926385	0	
39321600	39321600	12681588	12681612	26214400	1176300	24186900	26214400	977208	0	0	1064396	0	
39321600	39321600	12681588	12681612	26214400	1167740	24195460	26214400	979688	196	0	1155886	0	
39321600	39321600	12681588	12681612	26214400	1153840	24209360	26214400	978312	0	0	917880	0	
39321600	39321600	12681588	12681612	26214400	1201932	24161268	26214400	986192	0	0	1032759	0	
39321600	39321600	12681588	12681612	26214400	1214260	24148940	26214400	977792	0	0	1010829	0	
39321600	39321600	12681588	12681612	26214400	1133932	24229268	26214400	953812	0	0	871757	0	
39321600	39321600	12681588	12681612	26214400	1198828	24164372	26214400	976212	0	0	1014155	0	
39321600	39321600	12681588	12681612	26214400	1172820	24190380	26214400	963832	0	0	1053408	0	
39321600	39321600	12681588	12681612	26214400	1181288	24181912	26214400	963952	0	0	1093821	0	
39321600	39321600	12681568	12681632	26214400	1191868	24171332	26214400	957772	0	0	1125115	0	
39321600	39321600	12681568	12681632	26214400	1202088	24161112	26214400	954072	0	0	864212	0	
39321600	39321600	12681588	12681612	26214400	1180008	24183192	26214400	949732	0	0	1017512	0	
39321600	39321600	12681588	12681612	26214400	1102824	24260376	26214400	952912	0	0	1016154	0	
39321600	39321600	12681588	12681612	26214400	1223428	24139772	26214400	968372	0	0	1180242	0	
39321600	39321600	12681588	12681612	26214400	1164060	24199140	26214400	956692	0	0	1068321	0	
39321600	39321600	12681568	12681632	26214400	1120812	24242388	26214400	958332	0	0	1031451	0	
39321600	39321600	12681588	12681612	26214400	1177160	24186040	26214400	973752	0	0	934545	0	
39321600	39321600	12681588	12681612	26214400	1160500	24202700	26214400	972332	0	0	917400	0	
39321600	39321600	12681588	12681612	26214400	1215096	24148104	26214400	976272	0	0	929753	0	
39321600	39321600	12681568	12681632	26214400	1169960	24193240	26214400	959612	0	0	989996	0	
39321600	39321600	12681588	12681612	26214400	1146480	24216720	26214400	953812	0	0	827800	0	
39321600	39321600	12681568	12681632	26214400	1222448	24140752	26214400	972292	0	0	1143629	0	
39321600	39321600	12681568	12681632	26214400	1189608	24173592	26214400	958432	0	0	1081970	0	
39321600	39321600	12681588	12681612	26214400	1119372	24243828	26214400	951852	0	0	974028	0	
39321600	39321600	12681588	12681612	26214400	1157080	24206120	26214400	964352	0	0	858851	0	
39321600	39321600	12681588	12681612	26214400	1186368	24176832	26214400	973172	0	0	949699	0	
39321600	39321600	12681588	12681612	26214400	1185808	24177392	26214400	965772	0	0	1033315	0	
39321600	39321600	12681588	12681612	26214400	1165840	24197360	26214400	956932	0	0	886546	0	
39321600	39321600	12681588	12681612	26214400	1186448	24176752	26214400	962072	0	0	932914	0	
39321600	39321600	12681588	12681612	26214400	1092684	24270516	26214400	959732	0	0	968940	0	
39321600	39321600	12681588	12681612	26214400	1227976	24135224	26214400	989852	0	0	1034330	0	
39321600	39321600	12681588	12681612	26214400	1164720	24198480	26214400	969892	0	0	987248	0	
39321600	39321600	12681588	12681612	26214400	1161340	24201860	26214400	973872	0	0	993717	0	
39321600	39321600	12681588	12681612	26214400	1218136	24145064	26214400	977372	0	0	1030115	0	
39321600	39321600	12681588	12681612	26214400	1146000	24217200	26214400	959852	0	0	1173403	0	
39321600	39321600	12681588	12681612	26214400	1178980	24184220	26214400	970892	0	0	958427	0	
39321600	39321600	12681588	12681612	26214400	1172460	24190740	26214400	967092	0	0	1111073	0	
39321600	39321600	12681568	12681632	26214400	1155140	24208060	26214400	967592	0	0	1145730	0	
39321600	39321600	12681588	12681612	26214400	1200828	24162372	26214400	974920	0	0	1089429	0	
39321600	39321600	12681568	12681632	26214400	1192828	24170372	26214400	960940	168	0	1000262	0	
39321600	39321600	12681588	12681612	26214400	1134472	24228728	26214400	955652	0	0	1113439	0	
39321600	39321600	12681588	12681612	26214400	1158080	24205120	26214400	972752	0	0	1054608	0	
39321600	39321600	12681588	12681612	26214400	1193728	24169472	26214400	977132	0	0	1072491	0	
39321600	39321600	12681588	12681612	26214400	1118992	24244208	26214400	969292	0	0	945898	0	
39321600	39321600	12681588	12681612	26214400	1173500	24189700	26214400	988472	0	0	932482	0	
39321600	39321600	12681588	12681612	26214400	1157344	24205856	26214400	988152	0	0	1073507	0	
39321600	39321600	12681588	12681612	26214400	1181828	24181372	26214400	989132	0	0	1017924	0	
39321600	39321600	12681588	12681612	26214400	1272500	24090700	26214400	984792	0	0	1072283	0	
39321600	39321600	12681588	12681612	26214400	1180320	24182880	26214400	960592	0	0	1195624	0	
39321600	39321600	12681588	12681612	26214400	1150040	24213160	26214400	956972	0	0	1057133	0	
39321600	39321600	12681588	12681612	26214400	1155660	24207540	26214400	960112	0	0	1030061	0	
39321600	39321600	12681588	12681612	26214400	1175780	24187420	26214400	965112	0	0	958972	0	
39321600	39321600	12681588	12681612	26214400	1150800	24212400	26214400	962812	0	0	894872	0	
39321600	39321600	12681588	12681612	26214400	1168260	24194940	26214400	973472	0	0	982163	0	
39321600	39321600	12681588	12681612	26214400	1152960	24210240	26214400	976272	0	0	843985	0	
39321600	39321600	12681588	12681612	26214400	1225996	24137204	26214400	982192	0	0	1074687	0	
39321600	39321600	12681588	12681612	26214400	1168000	24195200	26214400	958432	0	0	929892	0	
39321600	39321600	12681588	12681612	26214400	1125212	24237988	26214400	962212	0	0	1075056	0	
39321600	39321600	12681588	12681612	26214400	1191708	24171492	26214400	982112	0	0	995125	0	
39321600	39321600	12681568	12681632	26214400	1190608	24172592	26214400	977172	0	0	1048655	0	
39321600	39321600	12681588	12681612	26214400	1152932	24210268	26214400	969912	0	0	927151	0	
39321600	39321600	12681588	12681612	26214400	1178588	24184612	26214400	977552	0	0	956446	0	
39321600	39321600	12681588	12681612	26214400	1200180	24163020	26214400	975272	0	0	1005681	0	
39321600	39321600	12681568	12681632	26214400	1152500	24210700	26214400	961872	0	0	1067501	0	
39321600	39321600	12681588	12681612	26214400	1163700	24199500	26214400	973552	0	0	905774	0	
39321600	39321600	12681588	12681612	26214400	1214156	24149044	26214400	976992	0	0	948700	0	
39321600	39321600	12681588	12681612	26214400	1184848	24178352	26214400	953052	0	0	828942	0	
39321600	39321600	12681588	12681612	26214400	1180708	24182492	26214400	954532	0	0	972759	0	
39321600	39321600	12681588	12681612	26214400	1272140	24091060	26214400	958652	0	0	1041885	0	
39321600	39321600	12681588	12681612	26214400	1130132	24233068	26214400	922512	0	0	916154	0	
39321600	39321600	12681588	12681612	26214400	1128972	24234228	26214400	941192	0	0	1119534	0	
39321600	39321600	12681588	12681612	26214400	1162560	24200640	26214400	954792	0	0	1064766	0	
39321600	39321600	12681588	12681612	26214400	1194068	24169132	26214400	958732	0	0	968304	0	
39321600	39321600	12681588	12681612	26214400	1153280	24209920	26214400	949492	0	0	997088	0	
39321600	39321600	12681588	12681612	26214400	1189860	24173340	26214400	957952	0	0	923688	0	
39321600	39321600	12681588	12681612	26214400	1131792	24231408	26214400	951172	0	0	1029985	0	
39321600	39321600	12681588	12681612	26214400	1126104	24237096	26214400	954532	0	0	1033472	0	
39321600	39321600	12681588	12681612	26214400	1191228	24171972	26214400	975792	0	0	1023336	0	
39321600	39321600	12681568	12681632	26214400	1168492	24194708	26214400	973052	0	0	891449	0	
39321600	39321600	12681568	12681632	26214400	1157480	24205720	26214400	973052	0	0	962937	0	
39321600	39321600	12681588	12681612	26214400	1189948	24173252	26214400	976932	0	0	1043949	0	
39321600	39321600	12681588	12681612	26214400	1123252	24239948	26214400	974712	0	0	1072574	0	
39321600	39321600	12681588	12681612	26214400	1182288	24180912	26214400	985012	0	0	1026050	0	
39321600	39321600	12681588	12681612	26214400	1208432	24154768	26214400	986892	0	0	901456	0	
39321600	39321600	12681588	12681612	26214400	1211196	24152004	26214400	975272	0	0	1252833	0	
39321600	39321600	12681568	12681632	26214400	1161520	24201680	26214400	953152	0	0	1131657	0	
39321600	39321600	12681588	12681612	26214400	1115692	24247508	26214400	962012	0	0	1041061	0	
39321600	39321600	12681588	12681612	26214400	1197220	24165980	26214400	984992	0	0	953019	0	
39321600	39321600	12681568	12681632	26214400	1213016	24150184	26214400	978172	0	0	991937	0	
39321600	39321600	12681588	12681612	26214400	1135432	24227768	26214400	957232	0	0	883536	0	
39321600	39321600	12681588	12681612	26214400	1165084	24198116	26214400	976732	0	0	921699	0	
39321600	39321600	12681588	12681612	26214400	1212516	24150684	26214400	977092	0	0	888258	0	
39321600	39321600	12681588	12681612	26214400	1229216	24133984	26214400	961552	0	0	978952	0	
39321600	39321600	12681588	12681612	26214400	1171060	24192140	26214400	947432	0	0	845108	0	
39321600	39321600	12681588	12681612	26214400	1159920	24203280	26214400	948792	0	0	993620	0	
39321600	39321600	12681568	12681632	26214400	1147800	24215400	26214400	955812	0	0	1022911	0	
39321600	39321600	12681588	12681612	26214400	1152120	24211080	26214400	957492	0	0	1052714	0	
39321600	39321600	12681588	12681612	26214400	1113192	24250008	26214400	964752	0	0	970499	0	
39321600	39321600	12681588	12681612	26214400	1242988	24120212	26214400	988012	0	0	939047	0	
39321600	39321600	12681588	12681612	26214400	1156840	24206360	26214400	957652	0	0	938651	0	
39321600	39321600	12681588	12681612	26214400	1195488	24167712	26214400	968652	0	0	1086605	0	
39321600	39321600	12681588	12681612	26214400	1138132	24225068	26214400	952812	0	0	1025381	0	
39321600	39321600	12681588	12681612	26214400	1216828	24146372	26214400	974152	0	0	944813	0	
39321600	39321600	12681568	12681632	26214400	1164772	24198428	26214400	955832	0	0	939804	0	
39321600	39321600	12681588	12681612	26214400	1111344	24251856	26214400	959912	0	0	995285	0	
39321600	39321600	12681588	12681612	26214400	1268840	24094360	26214400	982192	0	0	936397	0	
39321600	39321600	12681588	12681612	26214400	1180868	24182332	26214400	953652	0	0	1072753	0	
39321600	39321600	12681588	12681612	26214400	1118692	24244508	26214400	948792	0	0	914127	0	
39321600	39321600	12681588	12681612	26214400	1190188	24173012	26214400	961392	0	0	957528	0	
39321600	39321600	12681568	12681632	26214400	1165740	24197460	26214400	956772	0	0	989454	0	
39321600	39321600	12681588	12681612	26214400	1165132	24198068	26214400	953612	0	0	1010706	0	
39321600	39321600	12681588	12681612	26214400	1155940	24207260	26214400	959812	0	0	946079	0	
39321600	39321600	12681588	12681612	26214400	1183848	24179352	26214400	971072	0	0	1088210	0	
39321600	39321600	12681588	12681612	26214400	1181180	24182020	26214400	964252	0	0	1041089	0	
39321600	39321600	12681588	12681612	26214400	1132592	24230608	26214400	957952	0	0	994269	0	
39321600	39321600	12681588	12681612	26214400	1139232	24223968	26214400	979492	0	0	957232	0	
39321600	39321600	12681588	12681612	26214400	1176640	24186560	26214400	983492	0	0	991158	0	
39321600	39321600	12681588	12681612	26214400	1178668	24184532	26214400	988812	0	0	958358	0	
39321600	39321600	12681588	12681612	26214400	1210468	24152732	26214400	986392	0	0	1070441	0	
39321600	39321600	12681588	12681612	26214400	1182808	24180392	26214400	975292	0	0	896440	0	
39321600	39321600	12681588	12681612	26214400	1167940	24195260	26214400	970072	0	0	960944	0	
39321600	39321600	12681588	12681612	26214400	1190568	24172632	26214400	972212	0	0	932606	0	
39321600	39321600	12681588	12681612	26214400	1150800	24212400	26214400	962012	0	0	1001201	0	
39321600	39321600	12681588	12681612	26214400	1179628	24183572	26214400	975292	0	0	946519	0	
39321600	39321600	12681588	12681612	26214400	1184348	24178852	26214400	972212	0	0	1047668	0	
39321600	39321600	12681588	12681612	26214400	1152980	24210220	26214400	965032	0	0	954175	0	
39321600	39321600	12681588	12681612	26214400	1177280	24185920	26214400	973912	0	0	910514	0	
39321600	39321600	12681588	12681612	26214400	1159860	24203340	26214400	973752	0	0	930123	0	
39321600	39321600	12681588	12681612	26214400	1164180	24199020	26214400	978232	0	0	935944	0	
39321600	39321600	12681588	12681612	26214400	1194248	24168952	26214400	979492	0	0	889979	0	
39321600	39321600	12681588	12681612	26214400	1191148	24172052	26214400	974332	0	0	1040700	0	
39321600	39321600	12681588	12681612	26214400	1149760	24213440	26214400	963832	0	0	1009516	0	
39321600	39321600	12681568	12681632	26214400	1218928	24144272	26214400	974752	0	0	1018144	0	
39321600	39321600	12681588	12681612	26214400	1161052	24202148	26214400	956772	0	0	1141876	0	
39321600	39321600	12681588	12681612	26214400	1155380	24207820	26214400	956352	0	0	948965	0	
39321600	39321600	12681588	12681612	26214400	1150520	24212680	26214400	968372	0	0	1006220	0	
39321600	39321600	12681588	12681612	26214400	1175180	24188020	26214400	977372	0	0	939287	0	
39321600	39321600	12681588	12681612	26214400	1214156	24149044	26214400	977232	0	0	956821	0	
39321600	39321600	12681588	12681612	26214400	1126812	24236388	26214400	953352	0	0	810239	0	
39321600	39321600	12681588	12681612	26214400	1193468	24169732	26214400	979332	0	0	1010901	0	
39321600	39321600	12681588	12681612	26214400	1207688	24155512	26214400	971252	0	0	1031539	0	
39321600	39321600	12681588	12681612	26214400	1181568	24181632	26214400	956632	0	0	934234	0	
39321600	39321600	12681588	12681612	26214400	1181268	24181932	26214400	960272	0	0	1182314	0	
39321600	39321600	12681588	12681612	26214400	1132512	24230688	26214400	956232	0	0	1028075	0	
39321600	39321600	12681588	12681612	26214400	1147700	24215500	26214400	964452	0	0	1122434	0	
39321600	39321600	12681588	12681612	26214400	1184228	24178972	26214400	976552	0	0	1186226	0	
39321600	39321600	12681588	12681612	26214400	1188408	24174792	26214400	972232	0	0	969161	0	
39321600	39321600	12681588	12681612	26214400	1159200	24204000	26214400	963492	0	0	952069	0	
39321600	39321600	12681588	12681612	26214400	1153600	24209600	26214400	972332	0	0	961381	0	
39321600	39321600	12681588	12681612	26214400	1181948	24181252	26214400	979592	0	0	1056900	0	
39321600	39321600	12681588	12681612	26214400	1197628	24165572	26214400	974972	0	0	975448	0	
39321600	39321600	12681588	12681612	26214400	1189268	24173932	26214400	962812	0	0	971622	0	
39321600	39321600	12681588	12681612	26214400	1162680	24200520	26214400	958772	0	0	1048467	0	
39321600	39321600	12681588	12681612	26214400	1218356	24144844	26214400	958432	0	0	901840	0	
39321600	39321600	12681588	12681612	26214400	1151420	24211780	26214400	952312	0	0	1028026	0	
39321600	39321600	12681588	12681612	26214400	1156080	24207120	26214400	960812	220	0	1034199	0	
39321600	39321600	12681568	12681632	26214400	1109276	24253924	26214400	953152	0	0	762623	0	
39321600	39321600	12681588	12681612	26214400	1191628	24171572	26214400	984532	0	0	975998	0	
39321600	39321600	12681588	12681612	26214400	1180100	24183100	26214400	978392	0	0	868485	0	
39321600	39321600	12681588	12681612	26214400	1190248	24172952	26214400	975012	0	0	956387	0	
39321600	39321600	12681588	12681612	26214400	1127472	24235728	26214400	968072	0	0	970937	0	
39321600	39321600	12681588	12681612	26214400	1171560	24191640	26214400	983292	0	0	938283	0	
39321600	39321600	12681588	12681612	26214400	1222476	24140724	26214400	984232	0	0	884796	0	
39321600	39321600	12681588	12681612	26214400	1182468	24180732	26214400	966372	0	0	1127360	0	
39321600	39321600	12681588	12681612	26214400	1130744	24232456	26214400	959812	0	0	939208	0	
39321600	39321600	12681588	12681612	26214400	1230636	24132564	26214400	977532	0	0	977608	0	
39321600	39321600	12681588	12681612	26214400	1147160	24216040	26214400	956612	0	0	1021355	0	
39321600	39321600	12681588	12681612	26214400	1196768	24166432	26214400	966992	0	0	1072478	0	
39321600	39321600	12681588	12681612	26214400	1116012	24247188	26214400	958012	0	0	1073088	0	
39321600	39321600	12681588	12681612	26214400	1194452	24168748	26214400	978412	0	0	981858	0	
39321600	39321600	12681588	12681612	26214400	1187968	24175232	26214400	973232	0	0	857223	0	
39321600	39321600	12681588	12681612	26214400	1181428	24181772	26214400	965032	0	0	976993	0	
39321600	39321600	12681588	12681612	26214400	1149332	24213868	26214400	958752	0	0	1067932	0	
39321600	39321600	12681568	12681632	26214400	1212976	24150224	26214400	973392	0	0	922288	0	
39321600	39321600	12681588	12681612	26214400	1159620	24203580	26214400	956352	0	0	898139	0	
39321600	39321600	12681588	12681612	26214400	1121332	24241868	26214400	956892	0	0	929729	0	
39321600	39321600	12681588	12681612	26214400	1230436	24132764	26214400	980892	0	0	1077525	0	
39321600	39321600	12681588	12681612	26214400	1115152	24248048	26214400	960032	0	0	916041	0	
39321600	39321600	12681588	12681612	26214400	1201400	24161800	26214400	980952	0	0	929694	0	
39321600	39321600	12681588	12681612	26214400	1162640	24200560	26214400	972672	0	0	1056901	0	
39321600	39321600	12681588	12681612	26214400	1205648	24157552	26214400	975452	0	0	913178	0	
39321600	39321600	12681568	12681632	26214400	1181588	24181612	26214400	957672	0	0	976577	0	
39321600	39321600	12681588	12681612	26214400	1153160	24210040	26214400	959052	0	0	985173	0	
39321600	39321600	12681568	12681632	26214400	1188240	24174960	26214400	965552	0	0	1024974	0	
39321600	39321600	12681588	12681612	26214400	1179008	24184192	26214400	954632	0	0	853307	0	
39321600	39321600	12681588	12681612	26214400	1178988	24184212	26214400	958132	0	0	1026511	0	
39321600	39321600	12681588	12681612	26214400	1122332	24240868	26214400	955652	0	0	1041901	0	
39321600	39321600	12681588	12681612	26214400	1178100	24185100	26214400	976552	0	0	1045196	0	
39321600	39321600	12681568	12681632	26214400	1150280	24212920	26214400	973372	0	0	895946	0	
39321600	39321600	12681588	12681612	26214400	1204188	24159012	26214400	982072	0	0	1076292	0	
39321600	39321600	12681588	12681612	26214400	1161360	24201840	26214400	971972	0	0	957225	0	
39321600	39321600	12681588	12681612	26214400	1116012	24247188	26214400	975532	0	0	912692	0	
39321600	39321600	12681588	12681612	26214400	1163040	24200160	26214400	991632	0	0	963468	0	
39321600	39321600	12681568	12681632	26214400	1177172	24186028	26214400	994072	0	0	1215448	0	
39321600	39321600	12681568	12681632	26214400	1221088	24142112	26214400	993036	0	0	984086	0	
39321600	39321600	12681588	12681612	26214400	1220556	24142644	26214400	979196	584	0	1043283	0	
39321600	39321600	12681588	12681612	26214400	1166780	24196420	26214400	957412	0	0	919209	0	
39321600	39321600	12681588	12681612	26214400	1180428	24182772	26214400	961912	0	0	967873	0	
39321600	39321600	12681588	12681612	26214400	1149380	24213820	26214400	956572	0	0	871518	0	
39321600	39321600	12681568	12681632	26214400	1230036	24133164	26214400	972292	0	0	934574	0	
39321600	39321600	12681588	12681612	26214400	1186408	24176792	26214400	956332	0	0	1048227	0	
39321600	39321600	12681588	12681612	26214400	1148700	24214500	26214400	949192	0	0	1011592	0	
39321600	39321600	12681588	12681612	26214400	1129332	24233868	26214400	959472	0	0	1163870	0	
39321600	39321600	12681588	12681612	26214400	1175740	24187460	26214400	970872	0	0	1040015	0	
39321600	39321600	12681568	12681632	26214400	1213148	24150052	26214400	969172	0	0	878253	0	
39321600	39321600	12681588	12681612	26214400	1122652	24240548	26214400	959752	0	0	923932	0	
39321600	39321600	12681588	12681612	26214400	1214576	24148624	26214400	974332	0	0	1062789	0	
39321600	39321600	12681588	12681612	26214400	1152792	24210408	26214400	956072	0	0	1030718	0	
39321600	39321600	12681588	12681612	26214400	1167860	24195340	26214400	961732	0	0	898759	0	
39321600	39321600	12681588	12681612	26214400	1214936	24148264	26214400	965252	0	0	1216763	0	
39321600	39321600	12681588	12681612	26214400	1167420	24195780	26214400	956072	0	0	1096797	0	
39321600	39321600	12681568	12681632	26214400	1167260	24195940	26214400	958432	0	0	1008661	0	
39321600	39321600	12681588	12681612	26214400	1170700	24192500	26214400	952992	0	0	822166	0	
39321600	39321600	12681588	12681612	26214400	1119504	24243696	26214400	954352	0	0	956704	0	
39321600	39321600	12681588	12681612	26214400	1186248	24176952	26214400	977132	0	0	980967	0	
39321600	39321600	12681588	12681612	26214400	1165340	24197860	26214400	972672	0	0	972228	0	
39321600	39321600	12681588	12681612	26214400	1212096	24151104	26214400	973572	0	0	984628	0	
39321600	39321600	12681588	12681612	26214400	1166760	24196440	26214400	958512	0	0	1002729	0	
39321600	39321600	12681588	12681612	26214400	1117192	24246008	26214400	955512	0	0	993094	0	
39321600	39321600	12681588	12681612	26214400	1190568	24172632	26214400	982252	0	0	950064	0	
39321600	39321600	12681588	12681612	26214400	1225056	24138144	26214400	976912	0	0	923696	0	
39321600	39321600	12681588	12681612	26214400	1154240	24208960	26214400	954872	0	0	947539	0	
39321600	39321600	12681588	12681612	26214400	1180708	24182492	26214400	958752	0	0	884304	0	
39321600	39321600	12681588	12681612	26214400	1133364	24229836	26214400	953032	0	0	996055	0	
39321600	39321600	12681568	12681632	26214400	1203328	24159872	26214400	975912	0	0	1067028	0	
39321600	39321600	12681588	12681612	26214400	1186688	24176512	26214400	960372	0	0	841780	0	
39321600	39321600	12681588	12681612	26214400	1166380	24196820	26214400	958152	0	0	1049046	0	
39321600	39321600	12681588	12681612	26214400	1171380	24191820	26214400	954812	0	0	992921	0	
39321600	39321600	12681588	12681612	26214400	1096684	24266516	26214400	956392	0	0	927439	0	
39321600	39321600	12681588	12681612	26214400	1150760	24212440	26214400	982792	0	0	932657	0	
39321600	39321600	12681588	12681612	26214400	1219260	24143940	26214400	993032	0	0	1232151	0	
39321600	39321600	12681588	12681612	26214400	1116852	24246348	26214400	980792	0	0	869224	0	
39321600	39321600	12681588	12681612	26214400	1195628	24167572	26214400	989192	0	0	1036888	0	
39321600	39321600	12681588	12681612	26214400	1271220	24091980	26214400	989032	0	0	901079	0	
39321600	39321600	12681588	12681612	26214400	1130252	24232948	26214400	956352	0	0	1098237	0	
39321600	39321600	12681588	12681612	26214400	1233048	24130152	26214400	975292	0	0	1042546	0	
39321600	39321600	12681588	12681612	26214400	1189448	24173752	26214400	955892	0	0	914344	0	
39321600	39321600	12681588	12681612	26214400	1127472	24235728	26214400	949492	0	0	1178034	0	
39321600	39321600	12681588	12681612	26214400	1159980	24203220	26214400	955952	0	0	953146	0	
39321600	39321600	12681588	12681612	26214400	1147740	24215460	26214400	965192	0	0	934699	0	
39321600	39321600	12681588	12681612	26214400	1190628	24172572	26214400	977232	0	0	952330	0	
39321600	39321600	12681588	12681612	26214400	1214996	24148204	26214400	969912	0	0	882686	0	
39321600	39321600	12681588	12681612	26214400	1187668	24175532	26214400	959512	0	0	966856	0	
39321600	39321600	12681568	12681632	26214400	1147440	24215760	26214400	954232	0	0	999388	0	
39321600	39321600	12681568	12681632	26214400	1135992	24227208	26214400	957152	0	0	979443	0	
39321600	39321600	12681588	12681612	26214400	1161732	24201468	26214400	972292	0	0	954203	0	
39321600	39321600	12681588	12681612	26214400	1185968	24177232	26214400	976732	0	0	1016268	0	
39321600	39321600	12681588	12681612	26214400	1171020	24192180	26214400	972332	0	0	948718	0	
39321600	39321600	12681568	12681632	26214400	1215056	24148144	26214400	972332	0	0	901770	0	
39321600	39321600	12681588	12681612	26214400	1170960	24192240	26214400	954332	0	0	929061	0	
39321600	39321600	12681588	12681612	26214400	1145800	24217400	26214400	955572	0	0	905187	0	
39321600	39321600	12681588	12681612	26214400	1209068	24154132	26214400	965472	0	0	839979	0	
39321600	39321600	12681588	12681612	26214400	1168780	24194420	26214400	959052	0	0	932280	0	
39321600	39321600	12681588	12681612	26214400	1134312	24228888	26214400	956852	0	0	1013369	0	
39321600	39321600	12681588	12681612	26214400	1134692	24228508	26214400	969872	0	0	937017	0	
39321600	39321600	12681588	12681612	26214400	1172012	24191188	26214400	983192	0	0	881402	0	
39321600	39321600	12681588	12681612	26214400	1214696	24148504	26214400	983672	0	0	1092365	0	
39321600	39321600	12681588	12681612	26214400	1179968	24183232	26214400	968372	0	0	903155	0	
39321600	39321600	12681588	12681612	26214400	1150180	24213020	26214400	963732	0	0	898243	0	
39321600	39321600	12681588	12681612	26214400	1195840	24167360	26214400	974432	0	0	979642	0	
39321600	39321600	12681588	12681612	26214400	1148980	24214220	26214400	963732	0	0	971322	0	
39321600	39321600	12681588	12681612	26214400	1166412	24196788	26214400	975012	0	0	1062860	0	
39321600	39321600	12681588	12681612	26214400	1182180	24181020	26214400	977972	0	0	857882	0	
39321600	39321600	12681588	12681612	26214400	1141412	24221788	26214400	973372	0	0	1002394	0	
39321600	39321600	12681588	12681612	26214400	1178100	24185100	26214400	983592	0	0	1052625	0	
39321600	39321600	12681588	12681612	26214400	1194028	24169172	26214400	983252	0	0	911724	0	
39321600	39321600	12681588	12681612	26214400	1199208	24163992	26214400	976732	0	0	1112309	0	
39321600	39321600	12681588	12681612	26214400	1193860	24169340	26214400	963992	0	0	1080321	0	
39321600	39321600	12681568	12681632	26214400	1155560	24207640	26214400	956832	0	0	983611	0	
39321600	39321600	12681588	12681612	26214400	1152760	24210440	26214400	961732	0	0	881434	0	
39321600	39321600	12681588	12681612	26214400	1200008	24163192	26214400	973492	0	0	957599	0	
39321600	39321600	12681588	12681612	26214400	1193188	24170012	26214400	956772	0	0	1095173	0	
39321600	39321600	12681588	12681612	26214400	1189748	24173452	26214400	961112	0	0	1040785	0	
39321600	39321600	12681588	12681612	26214400	1183028	24180172	26214400	954472	0	0	1013082	0	
39321600	39321600	12681588	12681612	26214400	1119072	24244128	26214400	949272	0	0	1027739	0	
39321600	39321600	12681588	12681612	26214400	1109384	24253816	26214400	961912	0	0	999057	0	
39321600	39321600	12681588	12681612	26214400	1188304	24174896	26214400	987532	0	0	955690	0	
39321600	39321600	12681588	12681612	26214400	1206368	24156832	26214400	981872	0	0	1049866	0	
39321600	39321600	12681588	12681612	26214400	1154080	24209120	26214400	971352	0	0	1056321	0	
39321600	39321600	12681588	12681612	26214400	1192848	24170352	26214400	978332	0	0	1101118	0	
39321600	39321600	12681588	12681612	26214400	1117332	24245868	26214400	970892	0	0	1021482	0	
39321600	39321600	12681588	12681612	26214400	1238176	24125024	26214400	983692	0	0	981321	0	
39321600	39321600	12681588	12681612	26214400	1191568	24171632	26214400	964892	0	0	990080	0	
39321600	39321600	12681588	12681612	26214400	1167220	24195980	26214400	959192	0	0	962881	0	
39321600	39321600	12681588	12681612	26214400	1162480	24200720	26214400	955952	0	0	868840	0	
39321600	39321600	12681588	12681612	26214400	1216276	24146924	26214400	963212	0	0	1101221	0	
39321600	39321600	12681588	12681612	26214400	1159940	24203260	26214400	956332	0	0	1045405	0	
39321600	39321600	12681588	12681612	26214400	1166280	24196920	26214400	960792	0	0	948738	0	
39321600	39321600	12681568	12681632	26214400	1155540	24207660	26214400	955832	0	0	997945	0	
39321600	39321600	12681588	12681612	26214400	1167140	24196060	26214400	958992	0	0	876311	0	
39321600	39321600	12681588	12681612	26214400	1175380	24187820	26214400	963212	0	0	937790	0	
39321600	39321600	12681588	12681612	26214400	1153720	24209480	26214400	961912	0	0	945923	0	
39321600	39321600	12681588	12681612	26214400	1160660	24202540	26214400	973052	0	0	865841	0	
39321600	39321600	12681568	12681632	26214400	1226156	24137044	26214400	976972	0	0	933808	0	
39321600	39321600	12681588	12681612	26214400	1211196	24152004	26214400	955652	0	0	938825	0	
39321600	39321600	12681588	12681612	26214400	1136184	24227016	26214400	953180	0	0	906414	0	
39321600	39321600	12681588	12681612	26214400	1176720	24186480	26214400	954660	48	0	973489	0	
39321600	39321600	12681588	12681612	26214400	1149240	24213960	26214400	961412	0	0	957421	0	
39321600	39321600	12681588	12681612	26214400	1179108	24184092	26214400	959552	0	0	1017433	0	
39321600	39321600	12681588	12681612	26214400	1096224	24266976	26214400	954912	0	0	947439	0	
39321600	39321600	12681588	12681612	26214400	1177864	24185336	26214400	990112	0	0	992916	0	
39321600	39321600	12681588	12681612	26214400	1194672	24168528	26214400	987052	0	0	916906	0	
39321600	39321600	12681588	12681612	26214400	1174280	24188920	26214400	978412	0	0	1006581	0	
39321600	39321600	12681588	12681612	26214400	1194488	24168712	26214400	977572	0	0	1025023	0	
39321600	39321600	12681588	12681612	26214400	1186728	24176472	26214400	972292	0	0	979478	0	
39321600	39321600	12681588	12681612	26214400	1199788	24163412	26214400	964752	0	0	1004410	0	
39321600	39321600	12681588	12681612	26214400	1150880	24212320	26214400	954872	0	0	1088987	0	
39321600	39321600	12681588	12681612	26214400	1149560	24213640	26214400	961552	0	0	1017812	0	
39321600	39321600	12681588	12681612	26214400	1191508	24171692	26214400	972672	0	0	1003080	0	
39321600	39321600	12681588	12681612	26214400	1273720	24089480	26214400	964792	0	0	976968	0	
39321600	39321600	12681588	12681612	26214400	1147580	24215620	26214400	941072	0	0	1035885	0	
39321600	39321600	12681588	12681612	26214400	1147460	24215740	26214400	947612	0	0	1089751	0	
39321600	39321600	12681568	12681632	26214400	1184568	24178632	26214400	953552	0	0	1015927	0	
39321600	39321600	12681588	12681612	26214400	1126092	24237108	26214400	947332	0	0	909448	0	
39321600	39321600	12681588	12681612	26214400	1183288	24179912	26214400	954232	0	0	1012005	0	
39321600	39321600	12681588	12681612	26214400	1188768	24174432	26214400	956272	0	0	1099706	0	
39321600	39321600	12681588	12681612	26214400	1141332	24221868	26214400	956732	0	0	1103108	0	
39321600	39321600	12681568	12681632	26214400	1183728	24179472	26214400	957952	0	0	953476	0	
39321600	39321600	12681588	12681612	26214400	1125532	24237668	26214400	958232	0	0	1043076	0	
39321600	39321600	12681588	12681612	26214400	1192728	24170472	26214400	977232	0	0	881868	0	
39321600	39321600	12681588	12681612	26214400	1194828	24168372	26214400	969872	0	0	894197	0	
39321600	39321600	12681588	12681612	26214400	1218536	24144664	26214400	954632	0	0	842277	0	
39321600	39321600	12681588	12681612	26214400	1185168	24178032	26214400	948552	0	0	967779	0	
39321600	39321600	12681588	12681612	26214400	1152620	24210580	26214400	949812	0	0	1028565	0	
39321600	39321600	12681588	12681612	26214400	1160620	24202580	26214400	953652	0	0	1156609	0	
39321600	39321600	12681588	12681612	26214400	1142112	24221088	26214400	957492	0	0	997034	0	
39321600	39321600	12681588	12681612	26214400	1150572	24212628	26214400	958752	0	0	1051959	0	
39321600	39321600	12681588	12681612	26214400	1195228	24167972	26214400	972692	0	0	914729	0	
39321600	39321600	12681588	12681612	26214400	1164680	24198520	26214400	958992	0	0	1052766	0	
39321600	39321600	12681588	12681612	26214400	1135852	24227348	26214400	965192	0	0	920651	0	
39321600	39321600	12681588	12681612	26214400	1184252	24178948	26214400	979092	0	0	984569	0	
39321600	39321600	12681588	12681612	26214400	1193240	24169960	26214400	977532	0	0	937352	0	
39321600	39321600	12681588	12681612	26214400	1146492	24216708	26214400	968652	0	0	1140715	0	
39321600	39321600	12681588	12681612	26214400	1179128	24184072	26214400	979072	0	0	925909	0	
39321600	39321600	12681588	12681612	26214400	1192428	24170772	26214400	977532	0	0	998508	0	
39321600	39321600	12681588	12681612	26214400	1137972	24225228	26214400	969292	0	0	978475	0	
39321600	39321600	12681588	12681612	26214400	1233260	24129940	26214400	981492	0	0	997854	0	
39321600	39321600	12681588	12681612	26214400	1133332	24229868	26214400	959052	0	0	1119311	0	
