b_initial_y_size_0	b_max_y_size_1	b_used_2	b_available_3	b_committed_4	a_used_5	a_available_6	a_committed_7	a_survived_8	a_promoted_9	a_copied_10	a_time_in_ns_11	promotion_rate_12
31457280	31457280	10145268	10145292	20971520	284712	20005848	20971520	315208	73256	0	589938	6	
31457280	31457280	10145268	10145292	20971520	1592968	18697592	20971520	1303276	1508	0	1058227	0	
31457280	31457280	10145268	10145292	20971520	819336	19471224	20971520	668372	748	0	887849	0	
31457280	31457280	10145272	10145288	20971520	117284	20173276	20971520	99300	0	0	258611	0	
31457280	31457280	10145268	10145292	20971520	1382544	18908016	20971520	1112960	36	0	1144431	0	
31457280	31457280	10145268	10145292	20971520	664508	19626052	20971520	543584	52	0	622693	0	
31457280	31457280	10145268	10145292	20971520	1562880	18727680	20971520	1335664	0	0	1200709	0	
31457280	31457280	10145248	10145312	20971520	886840	19403720	20971520	717012	492	0	893091	0	
31457280	31457280	10145268	10145292	20971520	127824	20162736	20971520	110948	828	0	296825	0	
31457280	31457280	10145268	10145292	20971520	1381156	18909404	20971520	1130272	0	0	1077099	0	
31457280	31457280	10145248	10145312	20971520	690804	19599756	20971520	612484	22256	0	740410	1	
31457280	31457280	10145268	10145292	20971520	1569772	18720788	20971520	1343184	0	0	1286868	0	
31457280	31457280	10145268	10145292	20971520	908308	19382252	20971520	733964	312	0	1023101	0	
31457280	31457280	10145264	10145296	20971520	129764	20160796	20971520	112256	0	0	281382	0	
31457280	31457280	10145268	10145292	20971520	1412732	18877828	20971520	1135188	0	0	913179	0	
31457280	31457280	10145268	10145292	20971520	708032	19582528	20971520	558188	96	0	694794	0	
31457280	31457280	10145268	10145292	20971520	1566400	18724160	20971520	1338568	372	0	1122250	0	
31457280	31457280	10145268	10145292	20971520	873340	19417220	20971520	724716	564	0	956548	0	
31457280	31457280	10145272	10145288	20971520	129844	20160716	20971520	112156	72	0	320748	0	
31457280	31457280	10145268	10145292	20971520	1384824	18905736	20971520	1135712	0	0	999249	0	
31457280	31457280	10145268	10145292	20971520	677144	19613416	20971520	552852	0	0	672694	0	
31457280	31457280	10145268	10145292	20971520	1631156	18659404	20971520	1351512	0	0	1127093	0	
31457280	31457280	10145268	10145292	20971520	870760	19419800	20971520	713832	0	0	929627	0	
31457280	31457280	10145264	10145296	20971520	129564	20160996	20971520	112784	0	0	251137	0	
31457280	31457280	10145268	10145292	20971520	1383576	18906984	20971520	1134672	0	0	979674	0	
31457280	31457280	10145248	10145312	20971520	773856	19516704	20971520	552592	0	0	688811	0	
31457280	31457280	10145268	10145292	20971520	1636436	18654124	20971520	1329972	0	0	1220682	0	
31457280	31457280	10145248	10145312	20971520	833992	19456568	20971520	692172	0	0	853979	0	
31457280	31457280	10145228	10145332	20971520	120204	20170356	20971520	102224	0	0	226979	0	
31457280	31457280	10145268	10145292	20971520	1325728	18964832	20971520	1112532	0	0	1100065	0	
31457280	31457280	10145248	10145312	20971520	672356	19618204	20971520	553892	0	0	691597	0	
31457280	31457280	10145268	10145292	20971520	1605020	18685540	20971520	1354392	0	0	1229016	0	
31457280	31457280	10145268	10145292	20971520	902880	19387680	20971520	730712	0	0	986250	0	
31457280	31457280	10145264	10145296	20971520	129624	20160936	20971520	112640	0	0	249387	0	
31457280	31457280	10145248	10145312	20971520	1401584	18888976	20971520	1134732	0	0	890004	0	
31457280	31457280	10145268	10145292	20971520	676344	19614216	20971520	539852	0	0	654064	0	
31457280	31457280	10145248	10145312	20971520	1588088	18702472	20971520	1346412	0	0	1124535	0	
31457280	31457280	10145248	10145312	20971520	829684	19460876	20971520	726652	0	0	1125623	0	
31457280	31457280	10145264	10145296	20971520	169652	20120908	20971520	122088	0	0	270540	0	
31457280	31457280	10145268	10145292	20971520	1371956	18918604	20971520	1138872	0	0	1104005	0	
31457280	31457280	10145268	10145292	20971520	714972	19575588	20971520	567452	0	0	603839	0	
31457280	31457280	10145268	10145292	20971520	1591688	18698872	20971520	1351892	0	0	1018133	0	
31457280	31457280	10145268	10145292	20971520	863492	19427068	20971520	729872	0	0	918225	0	
31457280	31457280	10145256	10145304	20971520	135364	20155196	20971520	118244	0	0	260968	0	
31457280	31457280	10145268	10145292	20971520	1374964	18915596	20971520	1137672	0	0	973719	0	
31457280	31457280	10145268	10145292	20971520	708732	19581828	20971520	570712	0	0	641253	0	
31457280	31457280	10145268	10145292	20971520	1624256	18666304	20971520	1357832	0	0	1075124	0	
31457280	31457280	10145268	10145292	20971520	922928	19367632	20971520	726212	0	0	923589	0	
31457280	31457280	10145280	10145280	20971520	126204	20164356	20971520	109136	0	0	244608	0	
31457280	31457280	10145268	10145292	20971520	1359896	18930664	20971520	1125372	0	0	1209016	0	
31457280	31457280	10145268	10145292	20971520	687724	19602836	20971520	552752	0	0	663179	0	
31457280	31457280	10145248	10145312	20971520	1592748	18697812	20971520	1349532	0	0	951246	0	
31457280	31457280	10145268	10145292	20971520	854272	19436288	20971520	728212	600	0	1020321	0	
31457280	31457280	10145280	10145280	20971520	134944	20155616	20971520	117844	0	0	263061	0	
31457280	31457280	10145268	10145292	20971520	1369304	18921256	20971520	1144752	0	0	966130	0	
31457280	31457280	10145268	10145292	20971520	705284	19585276	20971520	572364	0	0	728892	0	
31457280	31457280	10145268	10145292	20971520	1608028	18682532	20971520	1354224	552	0	1040483	0	
31457280	31457280	10145268	10145292	20971520	897308	19393252	20971520	734232	0	0	914847	0	
31457280	31457280	10145260	10145300	20971520	132064	20158496	20971520	115524	0	0	258690	0	
31457280	31457280	10145248	10145312	20971520	1358036	18932524	20971520	1136812	0	0	913951	0	
31457280	31457280	10145268	10145292	20971520	718524	19572036	20971520	569152	0	0	734329	0	
31457280	31457280	10145268	10145292	20971520	1637396	18653164	20971520	1351452	0	0	1075226	0	
31457280	31457280	10145268	10145292	20971520	843512	19447048	20971520	710432	0	0	846915	0	
31457280	31457280	10145272	10145288	20971520	132344	20158216	20971520	116092	0	0	254467	0	
31457280	31457280	10145268	10145292	20971520	1335648	18954912	20971520	1136972	0	0	942684	0	
31457280	31457280	10145268	10145292	20971520	804204	19486356	20971520	573232	0	0	593980	0	
31457280	31457280	10145268	10145292	20971520	1556180	18734380	20971520	1330592	0	0	1096111	0	
31457280	31457280	10145268	10145292	20971520	857164	19433396	20971520	723992	0	0	1005475	0	
31457280	31457280	10145264	10145296	20971520	133184	20157376	20971520	116556	0	0	255444	0	
31457280	31457280	10145268	10145292	20971520	1347408	18943152	20971520	1137912	0	0	1082076	0	
31457280	31457280	10145268	10145292	20971520	795504	19495056	20971520	569232	0	0	610109	0	
31457280	31457280	10145268	10145292	20971520	1558520	18732040	20971520	1323592	0	0	1093061	0	
31457280	31457280	10145268	10145292	20971520	849652	19440908	20971520	724172	0	0	877680	0	
31457280	31457280	10145276	10145284	20971520	134024	20156536	20971520	117000	0	0	250406	0	
31457280	31457280	10145268	10145292	20971520	1380964	18909596	20971520	1142112	0	0	1044709	0	
31457280	31457280	10145268	10145292	20971520	715652	19574908	20971520	565132	0	0	580908	0	
31457280	31457280	10145268	10145292	20971520	1556152	18734408	20971520	1349092	0	0	1074561	0	
31457280	31457280	10145248	10145312	20971520	905068	19385492	20971520	736732	0	0	981145	0	
31457280	31457280	10145280	10145280	20971520	134044	20156516	20971520	117040	0	0	262368	0	
31457280	31457280	10145268	10145292	20971520	1361996	18928564	20971520	1142292	0	0	1181779	0	
31457280	31457280	10145268	10145292	20971520	678116	19612444	20971520	573292	0	0	633929	0	
31457280	31457280	10145268	10145292	20971520	1593340	18697220	20971520	1358012	0	0	1201472	0	
31457280	31457280	10145268	10145292	20971520	897864	19392696	20971520	745072	0	0	967588	0	
31457280	31457280	10145276	10145284	20971520	137244	20153316	20971520	121468	0	0	268071	0	
31457280	31457280	10145268	10145292	20971520	1330348	18960212	20971520	1129672	0	0	987041	0	
31457280	31457280	10145268	10145292	20971520	649416	19641144	20971520	563412	0	0	675060	0	
31457280	31457280	10145248	10145312	20971520	78532	20212028	20971520	59112	0	0	147261	0	
31457280	31457280	10145248	10145312	20971520	1147960	19142600	20971520	954452	0	0	1016448	0	
31457280	31457280	10145268	10145292	20971520	711964	19578596	20971520	536512	0	0	649057	0	
31457280	31457280	10145268	10145292	20971520	1603840	18686720	20971520	1321672	0	0	1078471	0	
31457280	31457280	10145248	10145312	20971520	895080	19395480	20971520	688432	0	0	869642	0	
31457280	31457280	10145276	10145284	20971520	111604	20178956	20971520	93636	0	0	207241	0	
31457280	31457280	10145268	10145292	20971520	1381204	18909356	20971520	1095852	0	0	923963	0	
31457280	31457280	10145268	10145292	20971520	721072	19569488	20971520	531932	0	0	725866	0	
31457280	31457280	10145248	10145312	20971520	1572200	18718360	20971520	1313472	0	0	1007657	0	
31457280	31457280	10145268	10145292	20971520	882380	19408180	20971520	691312	0	0	925032	0	
31457280	31457280	10145276	10145284	20971520	114344	20176216	20971520	95644	0	0	212258	0	
31457280	31457280	10145268	10145292	20971520	1327960	18962600	20971520	1104892	0	0	998614	0	
31457280	31457280	10145268	10145292	20971520	688536	19602024	20971520	553492	0	0	736364	0	
31457280	31457280	10145268	10145292	20971520	1558720	18731840	20971520	1327292	0	0	1071532	0	
31457280	31457280	10145268	10145292	20971520	895040	19395520	20971520	725992	0	0	841762	0	
31457280	31457280	10145252	10145308	20971520	129184	20161376	20971520	111504	0	0	247199	0	
31457280	31457280	10145268	10145292	20971520	1356796	18933764	20971520	1132552	0	0	988473	0	
31457280	31457280	10145268	10145292	20971520	664556	19626004	20971520	562492	0	0	633419	0	
31457280	31457280	10145268	10145292	20971520	1575320	18715240	20971520	1360212	0	0	1025028	0	
31457280	31457280	10145268	10145292	20971520	884900	19405660	20971520	745952	0	0	908512	0	
31457280	31457280	10145272	10145288	20971520	139004	20151556	20971520	122784	0	0	271290	0	
31457280	31457280	10145268	10145292	20971520	1432320	18858240	20971520	1138752	0	0	1220443	0	
31457280	31457280	10145268	10145292	20971520	681764	19608796	20971520	561292	0	0	623768	0	
31457280	31457280	10145268	10145292	20971520	1624276	18666284	20971520	1357092	0	0	1068247	0	
31457280	31457280	10145268	10145292	20971520	889312	19401248	20971520	726612	0	0	880396	0	
31457280	31457280	10145264	10145296	20971520	129884	20160676	20971520	112668	0	0	250993	0	
31457280	31457280	10145268	10145292	20971520	1376744	18913816	20971520	1135396	744	0	909527	0	
31457280	31457280	10145268	10145292	20971520	679004	19611556	20971520	558192	0	0	727091	0	
31457280	31457280	10145268	10145292	20971520	1593468	18697092	20971520	1354672	0	0	1036659	0	
31457280	31457280	10145268	10145292	20971520	883012	19407548	20971520	732652	0	0	957686	0	
31457280	31457280	10145244	10145316	20971520	133564	20156996	20971520	116844	0	0	257235	0	
31457280	31457280	10145268	10145292	20971520	1334036	18956524	20971520	1139332	0	0	947482	0	
31457280	31457280	10145268	10145292	20971520	762736	19527824	20971520	575212	0	0	595350	0	
31457280	31457280	10145268	10145292	20971520	1626036	18664524	20971520	1346232	0	0	958319	0	
31457280	31457280	10145248	10145312	20971520	891020	19399540	20971520	711152	0	0	1043154	0	
31457280	31457280	10145272	10145288	20971520	126624	20163936	20971520	109476	0	0	239041	0	
31457280	31457280	10145268	10145292	20971520	1391124	18899436	20971520	1125672	0	0	961746	0	
31457280	31457280	10145268	10145292	20971520	687064	19603496	20971520	550672	0	0	562998	0	
31457280	31457280	10145268	10145292	20971520	1620236	18670324	20971520	1337052	0	0	1036497	0	
31457280	31457280	10145248	10145312	20971520	808984	19481576	20971520	713960	0	0	1020819	0	
31457280	31457280	10145276	10145284	20971520	133844	20156716	20971520	117984	888	0	278780	0	
31457280	31457280	10145248	10145312	20971520	1334036	18956524	20971520	1140692	0	0	1147854	0	
31457280	31457280	10145268	10145292	20971520	713632	19576928	20971520	577092	0	0	672413	0	
31457280	31457280	10145268	10145292	20971520	1654264	18636296	20971520	1362352	680	0	1131328	0	
31457280	31457280	10145268	10145292	20971520	900552	19390008	20971520	725172	0	0	992469	0	
31457280	31457280	10145244	10145316	20971520	128404	20162156	20971520	110668	0	0	292448	0	
31457280	31457280	10145268	10145292	20971520	1381424	18909136	20971520	1131332	0	0	983988	0	
31457280	31457280	10145248	10145312	20971520	723652	19566908	20971520	547812	0	0	631316	0	
31457280	31457280	10145268	10145292	20971520	1558100	18732460	20971520	1326252	0	0	1148300	0	
31457280	31457280	10145268	10145292	20971520	866952	19423608	20971520	725172	0	0	939521	0	
31457280	31457280	10145264	10145296	20971520	132384	20158176	20971520	116456	0	0	261308	0	
31457280	31457280	10145248	10145312	20971520	1370696	18919864	20971520	1137404	0	0	1103565	0	
31457280	31457280	10145248	10145312	20971520	695804	19594756	20971520	564304	492	0	700352	0	
31457280	31457280	10145268	10145292	20971520	1593488	18697072	20971520	1356332	0	0	1064440	0	
31457280	31457280	10145268	10145292	20971520	929528	19361032	20971520	735812	0	0	960559	0	
31457280	31457280	10145264	10145296	20971520	128744	20161816	20971520	111916	0	0	295594	0	
31457280	31457280	10145268	10145292	20971520	1370776	18919784	20971520	1130472	0	0	949914	0	
31457280	31457280	10145268	10145292	20971520	704872	19585688	20971520	556660	0	0	602519	0	
31457280	31457280	10145268	10145292	20971520	1596848	18693712	20971520	1343660	28	0	1067611	0	
31457280	31457280	10145268	10145292	20971520	857552	19433008	20971520	722232	0	0	926674	0	
31457280	31457280	10145280	10145280	20971520	132724	20157836	20971520	115536	0	0	258883	0	
31457280	31457280	10145268	10145292	20971520	1347856	18942704	20971520	1138792	0	0	1004456	0	
31457280	31457280	10145268	10145292	20971520	721632	19568928	20971520	574964	0	0	618007	0	
31457280	31457280	10145268	10145292	20971520	1607208	18683352	20971520	1356524	492	0	1157464	0	
31457280	31457280	10145268	10145292	20971520	862740	19427820	20971520	732632	0	0	996101	0	
31457280	31457280	10145260	10145300	20971520	135104	20155456	20971520	118564	0	0	266421	0	
31457280	31457280	10145248	10145312	20971520	1309220	18981340	20971520	1136612	0	0	1059605	0	
31457280	31457280	10145268	10145292	20971520	699064	19591496	20971520	552412	0	0	636198	0	
31457280	31457280	10145256	10145304	20971520	78140	20212420	20971520	53344	0	0	146668	0	
31457280	31457280	10145268	10145292	20971520	1316748	18973812	20971520	1103952	0	0	1067370	0	
31457280	31457280	10145268	10145292	20971520	554784	19735776	20971520	441512	0	0	653352	0	
31457280	31457280	10145268	10145292	20971520	1557700	18732860	20971520	1298332	0	0	1145089	0	
31457280	31457280	10145268	10145292	20971520	891200	19399360	20971520	682192	0	0	906581	0	
31457280	31457280	10145272	10145288	20971520	110924	20179636	20971520	92924	0	0	209709	0	
31457280	31457280	10145268	10145292	20971520	1345436	18945124	20971520	1100472	0	0	1157486	0	
31457280	31457280	10145268	10145292	20971520	653188	19637372	20971520	541732	0	0	634058	0	
31457280	31457280	10145268	10145292	20971520	1589508	18701052	20971520	1338192	0	0	1203093	0	
31457280	31457280	10145268	10145292	20971520	908048	19382512	20971520	709832	0	0	824619	0	
31457280	31457280	10145256	10145304	20971520	121404	20169156	20971520	104496	0	0	259091	0	
31457280	31457280	10145268	10145292	20971520	1354256	18936304	20971520	1118372	0	0	1052591	0	
31457280	31457280	10145268	10145292	20971520	656996	19633564	20971520	539752	0	0	559855	0	
31457280	31457280	10145268	10145292	20971520	1610280	18680280	20971520	1351632	0	0	1237121	0	
31457280	31457280	10145268	10145292	20971520	936756	19353804	20971520	727452	0	0	895187	0	
31457280	31457280	10145268	10145292	20971520	122864	20167696	20971520	105076	0	0	234414	0	
31457280	31457280	10145248	10145312	20971520	1389504	18901056	20971520	1121252	0	0	1074248	0	
31457280	31457280	10145268	10145292	20971520	677776	19612784	20971520	551992	0	0	695683	0	
31457280	31457280	10145248	10145312	20971520	1555620	18734940	20971520	1333852	0	0	1121508	0	
31457280	31457280	10145268	10145292	20971520	891100	19399460	20971520	730752	0	0	864526	0	
31457280	31457280	10145280	10145280	20971520	131144	20159416	20971520	113712	0	0	249159	0	
31457280	31457280	10145268	10145292	20971520	1419472	18871088	20971520	1132432	0	0	996893	0	
31457280	31457280	10145248	10145312	20971520	678116	19612444	20971520	551452	0	0	761902	0	
31457280	31457280	10145268	10145292	20971520	1627228	18663332	20971520	1343272	0	0	1013235	0	
31457280	31457280	10145268	10145292	20971520	846196	19444364	20971520	707292	0	0	836301	0	
31457280	31457280	10145276	10145284	20971520	129884	20160676	20971520	111844	0	0	275001	0	
31457280	31457280	10145268	10145292	20971520	1348096	18942464	20971520	1134652	0	0	1048313	0	
31457280	31457280	10145268	10145292	20971520	725832	19564728	20971520	566672	0	0	634622	0	
31457280	31457280	10145248	10145312	20971520	1612688	18677872	20971520	1348832	0	0	994016	0	
31457280	31457280	10145248	10145312	20971520	873564	19416996	20971520	718752	0	0	989443	0	
31457280	31457280	10145260	10145300	20971520	130264	20160296	20971520	112924	0	0	274519	0	
31457280	31457280	10145248	10145312	20971520	1406756	18883804	20971520	1135792	0	0	1074454	0	
31457280	31457280	10145268	10145292	20971520	637588	19652972	20971520	538652	0	0	579346	0	
31457280	31457280	10145248	10145312	20971520	1638196	18652364	20971520	1358872	0	0	1045307	0	
31457280	31457280	10145268	10145292	20971520	837232	19453328	20971520	722332	0	0	954263	0	
31457280	31457280	10145232	10145328	20971520	135204	20155356	20971520	118304	0	0	257269	0	
31457280	31457280	10145268	10145292	20971520	1381864	18908696	20971520	1137292	0	0	1096845	0	
31457280	31457280	10145268	10145292	20971520	719932	19570628	20971520	568792	0	0	669981	0	
31457280	31457280	10145268	10145292	20971520	1620688	18669872	20971520	1351232	0	0	1128900	0	
31457280	31457280	10145268	10145292	20971520	857284	19433276	20971520	720452	0	0	913964	0	
31457280	31457280	10145260	10145300	20971520	132484	20158076	20971520	116044	0	0	275982	0	
31457280	31457280	10145268	10145292	20971520	1354616	18935944	20971520	1137632	0	0	1171746	0	
31457280	31457280	10145268	10145292	20971520	673036	19617524	20971520	570512	0	0	658295	0	
31457280	31457280	10145268	10145292	20971520	1639556	18651004	20971520	1358352	0	0	1108451	0	
31457280	31457280	10145268	10145292	20971520	857672	19432888	20971520	733112	0	0	1020284	0	
31457280	31457280	10145260	10145300	20971520	136664	20153896	20971520	120556	0	0	292396	0	
31457280	31457280	10145248	10145312	20971520	1361996	18928564	20971520	1142732	0	0	950046	0	
31457280	31457280	10145268	10145292	20971520	729252	19561308	20971520	575032	0	0	675792	0	
31457280	31457280	10145268	10145292	20971520	1589788	18700772	20971520	1359572	0	0	1167770	0	
31457280	31457280	10145268	10145292	20971520	916728	19373832	20971520	739712	0	0	1031066	0	
31457280	31457280	10145240	10145320	20971520	131604	20158956	20971520	114696	0	0	251587	0	
31457280	31457280	10145268	10145292	20971520	1392044	18898516	20971520	1134432	0	0	1008053	0	
31457280	31457280	10145248	10145312	20971520	671776	19618784	20971520	556312	0	0	673755	0	
31457280	31457280	10145268	10145292	20971520	1636696	18653864	20971520	1354412	0	0	1116906	0	
31457280	31457280	10145268	10145292	20971520	933376	19357184	20971520	717472	0	0	918878	0	
31457280	31457280	10145236	10145324	20971520	121104	20169456	20971520	104328	0	0	264276	0	
31457280	31457280	10145268	10145292	20971520	1339016	18951544	20971520	1117212	0	0	1012356	0	
31457280	31457280	10145268	10145292	20971520	694004	19596556	20971520	549952	0	0	681664	0	
31457280	31457280	10145268	10145292	20971520	1597928	18692632	20971520	1343672	0	0	1069134	0	
31457280	31457280	10145268	10145292	20971520	873120	19417440	20971520	721632	0	0	950419	0	
31457280	31457280	10145224	10145336	20971520	130744	20159816	20971520	113384	0	0	247276	0	
31457280	31457280	10145268	10145292	20971520	1367156	18923404	20971520	1130672	0	0	1039523	0	
31457280	31457280	10145268	10145292	20971520	732712	19557848	20971520	563072	0	0	655759	0	
31457280	31457280	10145268	10145292	20971520	1611628	18678932	20971520	1341412	0	0	1064268	0	
31457280	31457280	10145248	10145312	20971520	914688	19375872	20971520	712692	0	0	1023022	0	
31457280	31457280	10145248	10145312	20971520	121364	20169196	20971520	104216	0	0	265916	0	
31457280	31457280	10145268	10145292	20971520	1352340	18938220	20971520	1118152	0	0	981119	0	
31457280	31457280	10145268	10145292	20971520	683204	19607356	20971520	541472	0	0	609674	0	
31457280	31457280	10145268	10145292	20971520	1630536	18660024	20971520	1343232	0	0	1162137	0	
31457280	31457280	10145268	10145292	20971520	862000	19428560	20971520	707732	0	0	825241	0	
31457280	31457280	10145252	10145308	20971520	127824	20162736	20971520	109952	0	0	237139	0	
31457280	31457280	10145268	10145292	20971520	1397164	18893396	20971520	1130152	0	0	1057381	0	
31457280	31457280	10145268	10145292	20971520	681664	19608896	20971520	552564	0	0	676523	0	
31457280	31457280	10145268	10145292	20971520	1580640	18709920	20971520	1341412	0	0	1054561	0	
31457280	31457280	10145268	10145292	20971520	874920	19415640	20971520	726392	0	0	900781	0	
31457280	31457280	10145268	10145292	20971520	131684	20158876	20971520	114432	0	0	253013	0	
31457280	31457280	10145248	10145312	20971520	1330948	18959612	20971520	1135252	0	0	995141	0	
31457280	31457280	10145268	10145292	20971520	782996	19507564	20971520	573112	0	0	702746	0	
31457280	31457280	10145268	10145292	20971520	1557320	18733240	20971520	1336992	0	0	1136753	0	
31457280	31457280	10145268	10145292	20971520	902108	19388452	20971520	731632	0	0	1038617	0	
31457280	31457280	10145228	10145332	20971520	130184	20160376	20971520	112764	0	0	243982	0	
31457280	31457280	10145268	10145292	20971520	1369064	18921496	20971520	1135632	0	0	1054194	0	
31457280	31457280	10145268	10145292	20971520	722792	19567768	20971520	560212	0	0	652808	0	
31457280	31457280	10145268	10145292	20971520	1565860	18724700	20971520	1342552	0	0	1157794	0	
31457280	31457280	10145248	10145312	20971520	829472	19461088	20971520	732872	0	0	963884	0	
31457280	31457280	10145276	10145284	20971520	151616	20138944	20971520	123076	0	0	277069	0	
31457280	31457280	10145268	10145292	20971520	1374156	18916404	20971520	1130612	0	0	1077565	0	
31457280	31457280	10145248	10145312	20971520	721632	19568928	20971520	572132	0	0	648305	0	
31457280	31457280	10145268	10145292	20971520	1589228	18701332	20971520	1352292	0	0	924749	0	
31457280	31457280	10145268	10145292	20971520	878760	19411800	20971520	740692	0	0	1031737	0	
31457280	31457280	10145260	10145300	20971520	136344	20154216	20971520	119560	0	0	264640	0	
31457280	31457280	10145248	10145312	20971520	1370984	18919576	20971520	1141192	0	0	949276	0	
31457280	31457280	10145248	10145312	20971520	802664	19487896	20971520	569072	0	0	600999	0	
31457280	31457280	10145268	10145292	20971520	1620656	18669904	20971520	1335072	0	0	1023258	0	
31457280	31457280	10145248	10145312	20971520	876700	19413860	20971520	701452	0	0	1021992	0	
31457280	31457280	10145236	10145324	20971520	120824	20169736	20971520	103596	0	0	230294	0	
31457280	31457280	10145268	10145292	20971520	1325488	18965072	20971520	1115832	0	0	1066140	0	
31457280	31457280	10145268	10145292	20971520	697404	19593156	20971520	556972	0	0	758356	0	
31457280	31457280	10145248	10145312	20971520	1624896	18665664	20971520	1347472	0	0	1016216	0	
31457280	31457280	10145268	10145292	20971520	847892	19442668	20971520	708312	0	0	1003888	0	
31457280	31457280	10145264	10145296	20971520	131504	20159056	20971520	115164	0	0	252873	0	
31457280	31457280	10145268	10145292	20971520	1382864	18907696	20971520	1134352	0	0	1033695	0	
31457280	31457280	10145268	10145292	20971520	730212	19560348	20971520	560572	0	0	608979	0	
31457280	31457280	10145268	10145292	20971520	1621276	18669284	20971520	1336772	0	0	1035328	0	
31457280	31457280	10145268	10145292	20971520	829744	19460816	20971520	712032	0	0	853455	0	
31457280	31457280	10145280	10145280	20971520	131144	20159416	20971520	113712	0	0	246646	0	
31457280	31457280	10145268	10145292	20971520	1336728	18953832	20971520	1132432	0	0	1034578	0	
31457280	31457280	10145268	10145292	20971520	687364	19603196	20971520	574272	0	0	670737	0	
31457280	31457280	10145268	10145292	20971520	1667644	18622916	20971520	1363412	0	0	1113436	0	
31457280	31457280	10145268	10145292	20971520	895820	19394740	20971520	721112	0	0	897946	0	
31457280	31457280	10145216	10145344	20971520	127704	20162856	20971520	109452	0	0	246059	0	
31457280	31457280	10145268	10145292	20971520	1350416	18940144	20971520	1130632	0	0	950555	0	
31457280	31457280	10145268	10145292	20971520	691244	19599316	20971520	561772	0	0	620289	0	
31457280	31457280	10145268	10145292	20971520	1640676	18649884	20971520	1354392	0	0	1276780	0	
31457280	31457280	10145248	10145312	20971520	854292	19436268	20971520	711152	0	0	913541	0	
31457280	31457280	10145264	10145296	20971520	131284	20159276	20971520	114576	0	0	249086	0	
31457280	31457280	10145248	10145312	20971520	1321288	18969272	20971520	1133012	0	0	1034314	0	
31457280	31457280	10145268	10145292	20971520	721232	19569328	20971520	575772	0	0	727011	0	
31457280	31457280	10145268	10145292	20971520	1588220	18702340	20971520	1357212	0	0	1215633	0	
31457280	31457280	10145268	10145292	20971520	872372	19418188	20971520	737532	0	0	926915	0	
31457280	31457280	10145252	10145308	20971520	138204	20152356	20971520	121820	0	0	275754	0	
31457280	31457280	10145268	10145292	20971520	1352396	18938164	20971520	1134292	0	0	1021048	0	
31457280	31457280	10145268	10145292	20971520	708512	19582048	20971520	575172	0	0	666141	0	
31457280	31457280	10145268	10145292	20971520	1614928	18675632	20971520	1363368	0	0	1054854	0	
31457280	31457280	10145268	10145292	20971520	879024	19411536	20971520	741312	0	0	1045534	0	
31457280	31457280	10145264	10145296	20971520	137884	20152676	20971520	121084	360	0	310024	0	
31457280	31457280	10145268	10145292	20971520	1374956	18915604	20971520	1133412	0	0	1098287	0	
31457280	31457280	10145268	10145292	20971520	765356	19525204	20971520	574312	0	0	626321	0	
31457280	31457280	10145268	10145292	20971520	1598248	18692312	20971520	1345312	0	0	1136621	0	
31457280	31457280	10145248	10145312	20971520	906268	19384292	20971520	723092	0	0	849115	0	
31457280	31457280	10145276	10145284	20971520	126804	20163756	20971520	109896	0	0	238214	0	
31457280	31457280	10145268	10145292	20971520	1343320	18947240	20971520	1126756	0	0	1307525	0	
31457280	31457280	10145268	10145292	20971520	666496	19624064	20971520	562396	324	0	587214	0	
31457280	31457280	10145268	10145292	20971520	1580420	18710140	20971520	1358692	0	0	1106461	0	
31457280	31457280	10145248	10145312	20971520	874200	19416360	20971520	742472	0	0	976832	0	
31457280	31457280	10145276	10145284	20971520	146812	20143748	20971520	123468	0	0	285062	0	
31457280	31457280	10145268	10145292	20971520	1377424	18913136	20971520	1133672	0	0	1017459	0	
31457280	31457280	10145268	10145292	20971520	794624	19495936	20971520	573112	0	0	581467	0	
31457280	31457280	10145268	10145292	20971520	1607448	18683112	20971520	1328912	0	0	1139870	0	
31457280	31457280	10145268	10145292	20971520	891360	19399200	20971520	713612	0	0	916828	0	
31457280	31457280	10145272	10145288	20971520	122364	20168196	20971520	106508	0	0	244958	0	
31457280	31457280	10145268	10145292	20971520	1341376	18949184	20971520	1121512	0	0	1081068	0	
31457280	31457280	10145248	10145312	20971520	709312	19581248	20971520	554152	0	0	594595	0	
31457280	31457280	10145268	10145292	20971520	1639028	18651532	20971520	1342212	0	0	1046194	0	
31457280	31457280	10145268	10145292	20971520	871352	19419208	20971520	707632	0	0	967204	0	
31457280	31457280	10145268	10145292	20971520	124004	20166556	20971520	104412	0	0	230118	0	
31457280	31457280	10145268	10145292	20971520	1334848	18955712	20971520	1123312	0	0	1086645	0	
31457280	31457280	10145268	10145292	20971520	722792	19567768	20971520	558792	0	0	566045	0	
31457280	31457280	10145268	10145292	20971520	1599648	18690912	20971520	1342212	0	0	1088476	0	
31457280	31457280	10145268	10145292	20971520	898548	19392012	20971520	714732	0	0	970131	0	
31457280	31457280	10145264	10145296	20971520	126244	20164316	20971520	108796	0	0	237959	0	
31457280	31457280	10145268	10145292	20971520	1378136	18912424	20971520	1123612	0	0	1037821	0	
31457280	31457280	10145268	10145292	20971520	672744	19617816	20971520	539852	0	0	608889	0	
31457280	31457280	10145268	10145292	20971520	1573000	18717560	20971520	1347452	0	0	1068046	0	
31457280	31457280	10145268	10145292	20971520	856512	19434048	20971520	732892	0	0	960444	0	
31457280	31457280	10145264	10145296	20971520	136684	20153876	20971520	120928	0	0	262275	0	
31457280	31457280	10145268	10145292	20971520	1359236	18931324	20971520	1142892	0	0	1011621	0	
31457280	31457280	10145268	10145292	20971520	781196	19509364	20971520	577072	0	0	666449	0	
31457280	31457280	10145268	10145292	20971520	1641116	18649444	20971520	1342112	0	0	1065036	0	
31457280	31457280	10145268	10145292	20971520	872780	19417780	20971520	707232	0	0	833998	0	
31457280	31457280	10145280	10145280	20971520	123884	20166676	20971520	105024	0	0	231092	0	
31457280	31457280	10145268	10145292	20971520	1351696	18938864	20971520	1122332	0	0	1008238	0	
31457280	31457280	10145248	10145312	20971520	794856	19495704	20971520	550972	0	0	712449	0	
31457280	31457280	10145268	10145292	20971520	1605888	18684672	20971520	1326472	0	0	1019618	0	
31457280	31457280	10145268	10145292	20971520	817836	19472724	20971520	693592	0	0	1160220	0	
31457280	31457280	10145276	10145284	20971520	123204	20167356	20971520	105176	0	0	232589	0	
31457280	31457280	10145248	10145312	20971520	1354516	18936044	20971520	1121252	0	0	1127214	0	
31457280	31457280	10145268	10145292	20971520	668916	19621644	20971520	547752	0	0	645344	0	
31457280	31457280	10145268	10145292	20971520	1615168	18675392	20971520	1352012	0	0	1174591	0	
31457280	31457280	10145268	10145292	20971520	866120	19424440	20971520	724552	0	0	867300	0	
31457280	31457280	10145260	10145300	20971520	132224	20158336	20971520	115576	0	0	293126	0	
31457280	31457280	10145268	10145292	20971520	1390976	18899584	20971520	1137472	0	0	1011069	0	
31457280	31457280	10145268	10145292	20971520	716372	19574188	20971520	558632	0	0	653113	0	
31457280	31457280	10145268	10145292	20971520	1562720	18727840	20971520	1342112	0	0	1021331	0	
31457280	31457280	10145268	10145292	20971520	865260	19425300	20971520	729872	0	0	925343	0	
31457280	31457280	10145272	10145288	20971520	135164	20155396	20971520	118792	0	0	264281	0	
31457280	31457280	10145268	10145292	20971520	1350076	18940484	20971520	1136672	0	0	1075983	0	
31457280	31457280	10145248	10145312	20971520	698884	19591676	20971520	575572	0	0	618258	0	
31457280	31457280	10145268	10145292	20971520	1604688	18685872	20971520	1366072	0	0	1087796	0	
31457280	31457280	10145268	10145292	20971520	868624	19421936	20971520	740992	0	0	912669	0	
31457280	31457280	10145280	10145280	20971520	139284	20151276	20971520	123256	0	0	291122	0	
31457280	31457280	10145268	10145292	20971520	1375584	18914976	20971520	1139992	0	0	1021556	0	
31457280	31457280	10145268	10145292	20971520	711232	19579328	20971520	575752	0	0	658858	0	
31457280	31457280	10145268	10145292	20971520	1631696	18658864	20971520	1362292	0	0	1135170	0	
31457280	31457280	10145248	10145312	20971520	858224	19432336	20971520	731792	0	0	949201	0	
31457280	31457280	10145240	10145320	20971520	136344	20154216	20971520	119592	0	0	262210	0	
31457280	31457280	10145248	10145312	20971520	1388044	18902516	20971520	1141192	0	0	1065516	0	
31457280	31457280	10145268	10145292	20971520	686864	19603696	20971520	569832	0	0	625525	0	
31457280	31457280	10145268	10145292	20971520	1609248	18681312	20971520	1359272	0	0	1058615	0	
31457280	31457280	10145268	10145292	20971520	875060	19415500	20971520	736132	0	0	939971	0	
31457280	31457280	10145248	10145312	20971520	135844	20154716	20971520	119436	0	0	259292	0	
31457280	31457280	10145268	10145292	20971520	1415472	18875088	20971520	1140272	0	0	1042450	0	
31457280	31457280	10145248	10145312	20971520	692404	19598156	20971520	560112	0	0	652825	0	
31457280	31457280	10145268	10145292	20971520	1600348	18690212	20971520	1350232	0	0	1030978	0	
31457280	31457280	10145268	10145292	20971520	859812	19430748	20971520	728412	0	0	973083	0	
31457280	31457280	10145280	10145280	20971520	134564	20155996	20971520	117616	0	0	259246	0	
31457280	31457280	10145248	10145312	20971520	1336856	18953704	20971520	1142612	0	0	1112180	0	
31457280	31457280	10145268	10145292	20971520	780116	19510444	20971520	577832	0	0	666321	0	
31457280	31457280	10145268	10145292	20971520	1589600	18700960	20971520	1343672	0	0	1193272	0	
31457280	31457280	10145268	10145292	20971520	848992	19441568	20971520	725512	0	0	903250	0	
31457280	31457280	10145280	10145280	20971520	134664	20155896	20971520	117584	0	0	259010	0	
31457280	31457280	10145268	10145292	20971520	1387264	18903296	20971520	1143452	0	0	1057503	0	
31457280	31457280	10145268	10145292	20971520	675456	19615104	20971520	563792	0	0	720136	0	
31457280	31457280	10145268	10145292	20971520	1635636	18654924	20971520	1359132	0	0	1235897	0	
31457280	31457280	10145268	10145292	20971520	862860	19427700	20971520	729032	0	0	945193	0	
31457280	31457280	10145264	10145296	20971520	134244	20156316	20971520	116772	0	0	253865	0	
31457280	31457280	10145268	10145292	20971520	1359856	18930704	20971520	1141232	0	0	1040515	0	
31457280	31457280	10145268	10145292	20971520	673956	19616604	20971520	573672	0	0	691522	0	
31457280	31457280	10145248	10145312	20971520	1633028	18657532	20971520	1361972	0	0	1051367	0	
31457280	31457280	10145268	10145292	20971520	899800	19390760	20971520	736832	0	0	1061331	0	
31457280	31457280	10145216	10145344	20971520	133104	20157456	20971520	115712	0	0	254063	0	
31457280	31457280	10145268	10145292	20971520	1314880	18975680	20971520	1137172	0	0	1092764	0	
31457280	31457280	10145268	10145292	20971520	685724	19604836	20971520	574952	0	0	679993	0	
31457280	31457280	10145252	10145308	20971520	77048	20213512	20971520	50460	0	0	144388	0	
31457280	31457280	10145268	10145292	20971520	1348288	18942272	20971520	1101092	0	0	1069157	0	
31457280	31457280	10145268	10145292	20971520	529184	19761376	20971520	411072	0	0	677154	0	
31457280	31457280	10145248	10145312	20971520	1534412	18756148	20971520	1300832	0	0	1144604	0	
31457280	31457280	10145268	10145292	20971520	844792	19445768	20971520	688912	0	0	956952	0	
31457280	31457280	10145252	10145308	20971520	118024	20172536	20971520	100224	0	0	257460	0	
31457280	31457280	10145268	10145292	20971520	1302328	18988232	20971520	1100972	0	0	903054	0	
31457280	31457280	10145248	10145312	20971520	719452	19571108	20971520	557632	0	0	663723	0	
31457280	31457280	10145268	10145292	20971520	1596588	18693972	20971520	1340312	0	0	1060396	0	
31457280	31457280	10145268	10145292	20971520	824144	19466416	20971520	714952	0	0	858940	0	
31457280	31457280	10145260	10145300	20971520	135504	20155056	20971520	118172	0	0	257939	0	
31457280	31457280	10145248	10145312	20971520	1403812	18886748	20971520	1138052	0	0	1272449	0	
31457280	31457280	10145268	10145292	20971520	657556	19633004	20971520	562612	0	0	628717	0	
31457280	31457280	10145268	10145292	20971520	1648536	18642024	20971520	1360792	0	0	1110955	0	
31457280	31457280	10145248	10145312	20971520	888052	19402508	20971520	728032	0	0	1102191	0	
31457280	31457280	10145276	10145284	20971520	130484	20160076	20971520	113648	0	0	281804	0	
31457280	31457280	10145268	10145292	20971520	1386084	18904476	20971520	1136852	0	0	1112501	0	
31457280	31457280	10145268	10145292	20971520	690264	19600296	20971520	554632	0	0	672687	0	
31457280	31457280	10145268	10145292	20971520	1554620	18735940	20971520	1348312	0	0	1141268	0	
31457280	31457280	10145268	10145292	20971520	887540	19403020	20971520	741432	0	0	936923	0	
31457280	31457280	10145272	10145288	20971520	135564	20154996	20971520	119276	0	0	320629	0	
31457280	31457280	10145268	10145292	20971520	1385904	18904656	20971520	1138972	0	0	1162306	0	
31457280	31457280	10145248	10145312	20971520	677216	19613344	20971520	567832	0	0	603060	0	
31457280	31457280	10145248	10145312	20971520	1627948	18662612	20971520	1360592	0	0	992142	0	
31457280	31457280	10145268	10145292	20971520	897500	19393060	20971520	732432	0	0	995105	0	
31457280	31457280	10145272	10145288	20971520	131684	20158876	20971520	114524	0	0	228399	0	
31457280	31457280	10145248	10145312	20971520	1333560	18957000	20971520	1135292	0	0	993794	0	
31457280	31457280	10145268	10145292	20971520	716672	19573888	20971520	571172	0	0	711794	0	
31457280	31457280	10145248	10145312	20971520	1626036	18664524	20971520	1354532	0	0	1190290	0	
31457280	31457280	10145268	10145292	20971520	940196	19350364	20971520	729252	0	0	891427	0	
31457280	31457280	10145272	10145288	20971520	123624	20166936	20971520	103572	0	0	225059	0	
31457280	31457280	10145268	10145292	20971520	1312340	18978220	20971520	1122972	0	0	1106175	0	
31457280	31457280	10145248	10145312	20971520	705712	19584848	20971520	566772	0	0	672170	0	
31457280	31457280	10145268	10145292	20971520	1606128	18684432	20971520	1353332	0	0	1146664	0	
31457280	31457280	10145268	10145292	20971520	918540	19372020	20971520	730512	0	0	907493	0	
31457280	31457280	10145272	10145288	20971520	127704	20162856	20971520	109844	0	0	297445	0	
31457280	31457280	10145268	10145292	20971520	1342648	18947912	20971520	1129512	0	0	1221383	0	
31457280	31457280	10145268	10145292	20971520	668916	19621644	20971520	565712	0	0	601856	0	
31457280	31457280	10145248	10145312	20971520	1595408	18695152	20971520	1360692	0	0	1014835	0	
31457280	31457280	10145268	10145292	20971520	926216	19364344	20971520	737392	0	0	1008206	0	
31457280	31457280	10145272	10145288	20971520	131664	20158896	20971520	114556	0	0	256470	0	
31457280	31457280	10145268	10145292	20971520	1348616	18941944	20971520	1134872	0	0	1038320	0	
31457280	31457280	10145268	10145292	20971520	764936	19525624	20971520	570512	0	0	680526	0	
31457280	31457280	10145268	10145292	20971520	1623936	18666624	20971520	1336892	0	0	1108670	0	
31457280	31457280	10145268	10145292	20971520	859540	19431020	20971520	711812	0	0	937085	0	
31457280	31457280	10145220	10145340	20971520	126984	20163576	20971520	110056	0	0	244454	0	
31457280	31457280	10145268	10145292	20971520	1336756	18953804	20971520	1127452	0	0	1003051	0	
31457280	31457280	10145268	10145292	20971520	705652	19584908	20971520	563312	0	0	637144	0	
31457280	31457280	10145268	10145292	20971520	1630076	18660484	20971520	1351812	0	0	1061321	0	
31457280	31457280	10145268	10145292	20971520	881600	19408960	20971520	714852	0	0	992102	0	
31457280	31457280	10145264	10145296	20971520	128524	20162036	20971520	111296	0	0	244957	0	
31457280	31457280	10145248	10145312	20971520	1377424	18913136	20971520	1132092	0	0	1127351	0	
31457280	31457280	10145268	10145292	20971520	773156	19517404	20971520	551212	0	0	577475	0	
31457280	31457280	10145268	10145292	20971520	1622076	18668484	20971520	1328952	0	0	1145191	0	
31457280	31457280	10145248	10145312	20971520	858364	19432196	20971520	696272	0	0	915445	0	
31457280	31457280	10145280	10145280	20971520	118784	20171776	20971520	101708	0	0	228148	0	
31457280	31457280	10145268	10145292	20971520	1354736	18935824	20971520	1105432	0	0	1121389	0	
31457280	31457280	10145268	10145292	20971520	732972	19557588	20971520	553812	0	0	760328	0	
31457280	31457280	10145268	10145292	20971520	1589448	18701112	20971520	1332032	0	0	1147534	0	
31457280	31457280	10145268	10145292	20971520	887632	19402928	20971520	702732	0	0	862666	0	
31457280	31457280	10145256	10145304	20971520	119744	20170816	20971520	102916	0	0	228647	0	
31457280	31457280	10145268	10145292	20971520	1342816	18947744	20971520	1110172	0	0	1072933	0	
31457280	31457280	10145268	10145292	20971520	689696	19600864	20971520	539232	0	0	669898	0	
31457280	31457280	10145248	10145312	20971520	1594788	18695772	20971520	1341472	0	0	1117924	0	
31457280	31457280	10145268	10145292	20971520	915388	19375172	20971520	717412	0	0	919170	0	
31457280	31457280	10145280	10145280	20971520	123564	20166996	20971520	103432	0	0	220439	0	
31457280	31457280	10145268	10145292	20971520	1367124	18923436	20971520	1122892	0	0	973297	0	
31457280	31457280	10145268	10145292	20971520	698124	19592436	20971520	540192	0	0	643696	0	
31457280	31457280	10145248	10145312	20971520	1595508	18695052	20971520	1336832	0	0	1045498	0	
31457280	31457280	10145248	10145312	20971520	854072	19436488	20971520	711172	0	0	984113	0	
31457280	31457280	10145260	10145300	20971520	131264	20159296	20971520	114092	0	0	255646	0	
31457280	31457280	10145248	10145312	20971520	1414232	18876328	20971520	1133072	0	0	999548	0	
31457280	31457280	10145268	10145292	20971520	678564	19611996	20971520	538832	0	0	571402	0	
31457280	31457280	10145268	10145292	20971520	1654464	18636096	20971520	1344192	0	0	1114163	0	
31457280	31457280	10145268	10145292	20971520	908212	19382348	20971520	706552	0	0	943088	0	
31457280	31457280	10145220	10145340	20971520	118284	20172276	20971520	100112	0	0	263866	0	
31457280	31457280	10145268	10145292	20971520	1349776	18940784	20971520	1102192	0	0	1002844	0	
31457280	31457280	10145268	10145292	20971520	651388	19639172	20971520	554452	0	0	670105	0	
31457280	31457280	10145268	10145292	20971520	1625008	18665552	20971520	1349172	0	0	1174992	0	
31457280	31457280	10145268	10145292	20971520	856984	19433576	20971520	710192	0	0	907432	0	
31457280	31457280	10145264	10145296	20971520	130644	20159916	20971520	113488	0	0	248838	0	
31457280	31457280	10145268	10145292	20971520	1371224	18919336	20971520	1130292	0	0	1069273	0	
31457280	31457280	10145248	10145312	20971520	706724	19583836	20971520	561412	0	0	607502	0	
31457280	31457280	10145268	10145292	20971520	1633468	18657092	20971520	1345252	0	0	1041987	0	
31457280	31457280	10145268	10145292	20971520	823964	19466596	20971520	712432	0	0	857691	0	
31457280	31457280	10145264	10145296	20971520	133804	20156756	20971520	117116	0	0	256760	0	
31457280	31457280	10145268	10145292	20971520	1393764	18896796	20971520	1140772	0	0	1219397	0	
31457280	31457280	10145248	10145312	20971520	684324	19606236	20971520	561472	0	0	616855	0	
31457280	31457280	10145268	10145292	20971520	1637996	18652564	20971520	1355532	0	0	1103153	0	
31457280	31457280	10145268	10145292	20971520	851992	19438568	20971520	717852	0	0	865463	0	
31457280	31457280	10145252	10145308	20971520	132564	20157996	20971520	115756	0	0	254409	0	
31457280	31457280	10145268	10145292	20971520	1342436	18948124	20971520	1137972	0	0	903051	0	
31457280	31457280	10145268	10145292	20971520	767676	19522884	20971520	569892	0	0	620178	0	
31457280	31457280	10145248	10145312	20971520	1606068	18684492	20971520	1342372	0	0	1013239	0	
31457280	31457280	10145248	10145312	20971520	897120	19393440	20971520	711172	0	0	943802	0	
31457280	31457280	10145260	10145300	20971520	125864	20164696	20971520	108524	0	0	241974	0	
31457280	31457280	10145268	10145292	20971520	1393464	18897096	20971520	1126612	0	0	1131151	0	
31457280	31457280	10145268	10145292	20971520	713724	19576836	20971520	555112	0	0	654575	0	
31457280	31457280	10145248	10145312	20971520	1620976	18669584	20971520	1331172	0	0	1138021	0	
31457280	31457280	10145268	10145292	20971520	839232	19451328	20971520	704992	0	0	839662	0	
31457280	31457280	10145240	10145320	20971520	125684	20164876	20971520	107948	0	0	238906	0	
31457280	31457280	10145268	10145292	20971520	1303060	18987500	20971520	1125952	0	0	1037896	0	
31457280	31457280	10145268	10145292	20971520	670228	19620332	20971520	572912	0	0	708796	0	
31457280	31457280	10145268	10145292	20971520	1670364	18620196	20971520	1362572	0	0	1010691	0	
31457280	31457280	10145268	10145292	20971520	923608	19366952	20971520	726152	0	0	905131	0	
31457280	31457280	10145276	10145284	20971520	125544	20165016	20971520	108468	0	0	268095	0	
31457280	31457280	10145268	10145292	20971520	1354456	18936104	20971520	1125312	0	0	1080711	0	
31457280	31457280	10145268	10145292	20971520	761756	19528804	20971520	553432	0	0	630912	0	
31457280	31457280	10145268	10145292	20971520	1573120	18717440	20971520	1334292	0	0	1168356	0	
31457280	31457280	10145268	10145292	20971520	841244	19449316	20971520	714172	0	0	905382	0	
31457280	31457280	10145280	10145280	20971520	130184	20160376	20971520	112824	0	0	248254	0	
31457280	31457280	10145268	10145292	20971520	1373324	18917236	20971520	1135392	0	0	978305	0	
31457280	31457280	10145268	10145292	20971520	731012	19559548	20971520	560012	0	0	697857	0	
31457280	31457280	10145268	10145292	20971520	1595108	18695452	20971520	1335332	0	0	1043346	0	
31457280	31457280	10145268	10145292	20971520	883820	19406740	20971520	710312	0	0	855663	0	
31457280	31457280	10145264	10145296	20971520	127264	20163296	20971520	111108	0	0	245206	0	
31457280	31457280	10145268	10145292	20971520	1342168	18948392	20971520	1128672	0	0	1012890	0	
31457280	31457280	10145268	10145292	20971520	724452	19566108	20971520	563972	0	0	676972	0	
31457280	31457280	10145268	10145292	20971520	1568980	18721580	20971520	1343632	0	0	1103218	0	
31457280	31457280	10145268	10145292	20971520	868860	19421700	20971520	730032	0	0	911304	0	
31457280	31457280	10145224	10145336	20971520	134684	20155876	20971520	118136	0	0	256640	0	
31457280	31457280	10145268	10145292	20971520	1357836	18932724	20971520	1144000	0	0	899994	0	
31457280	31457280	10145268	10145292	20971520	775056	19515504	20971520	569940	148	0	714373	0	
31457280	31457280	10145268	10145292	20971520	1580440	18710120	20971520	1338672	0	0	1338341	0	
31457280	31457280	10145268	10145292	20971520	896908	19393652	20971520	723652	0	0	834943	0	
31457280	31457280	10145248	10145312	20971520	128304	20162256	20971520	110692	0	0	293144	0	
31457280	31457280	10145268	10145292	20971520	1356516	18934044	20971520	1131040	0	0	1058806	0	
31457280	31457280	10145268	10145292	20971520	692084	19598476	20971520	559520	28	0	612460	0	
31457280	31457280	10145248	10145312	20971520	1610368	18680192	20971520	1351452	0	0	1118770	0	
31457280	31457280	10145268	10145292	20971520	900680	19389880	20971520	727112	0	0	966097	0	
31457280	31457280	10145264	10145296	20971520	128764	20161796	20971520	111796	0	0	247605	0	
31457280	31457280	10145268	10145292	20971520	1375964	18914596	20971520	1131892	0	0	1129711	0	
31457280	31457280	10145268	10145292	20971520	718252	19572308	20971520	553312	0	0	635516	0	
31457280	31457280	10145268	10145292	20971520	1601908	18688652	20971520	1335632	0	0	1002606	0	
31457280	31457280	10145248	10145312	20971520	861812	19428748	20971520	712952	0	0	941258	0	
31457280	31457280	10145276	10145284	20971520	129284	20161276	20971520	112168	0	0	247665	0	
31457280	31457280	10145248	10145312	20971520	1369024	18921536	20971520	1133292	0	0	1055026	0	
31457280	31457280	10145248	10145312	20971520	670916	19619644	20971520	559212	0	0	674161	0	
31457280	31457280	10145268	10145292	20971520	1587508	18703052	20971520	1358688	0	0	1098945	0	
31457280	31457280	10145268	10145292	20971520	888960	19401600	20971520	747224	0	0	1025352	0	
31457280	31457280	10145272	10145288	20971520	134844	20155716	20971520	119280	384	0	281834	0	
31457280	31457280	10145268	10145292	20971520	1368524	18922036	20971520	1144892	720	0	1166791	0	
31457280	31457280	10145268	10145292	20971520	720812	19569748	20971520	572132	0	0	667547	0	
31457280	31457280	10145268	10145292	20971520	1624316	18666244	20971520	1352952	0	0	1018773	0	
31457280	31457280	10145268	10145292	20971520	887400	19403160	20971520	723872	0	0	968073	0	
31457280	31457280	10145264	10145296	20971520	130304	20160256	20971520	112416	0	0	293515	0	
31457280	31457280	10145268	10145292	20971520	1347028	18943532	20971520	1133348	0	0	1001833	0	
31457280	31457280	10145268	10145292	20971520	688284	19602276	20971520	564968	196	0	713019	0	
31457280	31457280	10145268	10145292	20971520	1637616	18652944	20971520	1353052	0	0	1134079	0	
31457280	31457280	10145268	10145292	20971520	911348	19379212	20971520	724432	0	0	978750	0	
31457280	31457280	10145260	10145300	20971520	126564	20163996	20971520	109828	0	0	244844	0	
31457280	31457280	10145268	10145292	20971520	1372016	18918544	20971520	1124972	0	0	1108555	0	
31457280	31457280	10145268	10145292	20971520	710844	19579716	20971520	546252	0	0	650795	0	
31457280	31457280	10145248	10145312	20971520	1551932	18738628	20971520	1333652	0	0	1067496	0	
31457280	31457280	10145268	10145292	20971520	901388	19389172	20971520	731552	0	0	923310	0	
31457280	31457280	10145248	10145312	20971520	130324	20160236	20971520	112412	0	0	251895	0	
31457280	31457280	10145268	10145292	20971520	1397136	18893424	20971520	1135992	0	0	973598	0	
31457280	31457280	10145248	10145312	20971520	719052	19571508	20971520	546612	0	0	590323	0	
31457280	31457280	10145268	10145292	20971520	1587468	18703092	20971520	1327552	0	0	1103663	0	
31457280	31457280	10145268	10145292	20971520	852132	19438428	20971520	707832	0	0	891045	0	
31457280	31457280	10145272	10145288	20971520	131044	20159516	20971520	113360	0	0	248446	0	
31457280	31457280	10145268	10145292	20971520	1376604	18913956	20971520	1131632	0	0	1139302	0	
31457280	31457280	10145268	10145292	20971520	678696	19611864	20971520	559192	0	0	586795	0	
31457280	31457280	10145268	10145292	20971520	1573360	18717200	20971520	1357092	0	0	1191859	0	
31457280	31457280	10145268	10145292	20971520	920788	19369772	20971520	737672	0	0	991956	0	
31457280	31457280	10145268	10145292	20971520	132384	20158176	20971520	116028	0	0	311156	0	
31457280	31457280	10145268	10145292	20971520	1349196	18941364	20971520	1136912	0	0	1049512	0	
31457280	31457280	10145268	10145292	20971520	672124	19618436	20971520	573312	0	0	621321	0	
31457280	31457280	10145268	10145292	20971520	1590040	18700520	20971520	1361692	0	0	1065038	0	
31457280	31457280	10145268	10145292	20971520	898928	19391632	20971520	749772	0	0	957791	0	
31457280	31457280	10145268	10145292	20971520	138324	20152236	20971520	122664	0	0	303978	0	
31457280	31457280	10145268	10145292	20971520	1336316	18954244	20971520	1135132	0	0	988709	0	
31457280	31457280	10145268	10145292	20971520	651808	19638752	20971520	564312	0	0	631508	0	
31457280	31457280	10145224	10145336	20971520	78292	20212268	20971520	58744	0	0	145392	0	
31457280	31457280	10145268	10145292	20971520	1142112	19148448	20971520	953652	0	0	968838	0	
31457280	31457280	10145268	10145292	20971520	675576	19614984	20971520	538372	0	0	735576	0	
31457280	31457280	10145268	10145292	20971520	1600188	18690372	20971520	1330152	0	0	1018236	0	
31457280	31457280	10145268	10145292	20971520	868780	19421780	20971520	703092	0	0	1193020	0	
31457280	31457280	10145224	10145336	20971520	120424	20170136	20971520	103256	0	0	230988	0	
31457280	31457280	10145268	10145292	20971520	1310968	18979592	20971520	1113512	0	0	1017579	0	
31457280	31457280	10145268	10145292	20971520	721632	19568928	20971520	560372	0	0	625750	0	
31457280	31457280	10145268	10145292	20971520	1625116	18665444	20971520	1343152	0	0	1110916	0	
31457280	31457280	10145268	10145292	20971520	867480	19423080	20971520	708292	0	0	889958	0	
31457280	31457280	10145268	10145292	20971520	127344	20163216	20971520	111024	0	0	282520	0	
31457280	31457280	10145248	10145312	20971520	1341716	18948844	20971520	1128832	0	0	1049588	0	
31457280	31457280	10145268	10145292	20971520	707864	19582696	20971520	564352	0	0	610165	0	
31457280	31457280	10145248	10145312	20971520	1609708	18680852	20971520	1348932	0	0	1126908	0	
31457280	31457280	10145268	10145292	20971520	883792	19406768	20971520	724992	0	0	1005481	0	
31457280	31457280	10145260	10145300	20971520	130224	20160336	20971520	112824	0	0	247327	0	
31457280	31457280	10145268	10145292	20971520	1387084	18903476	20971520	1135632	0	0	1087273	0	
31457280	31457280	10145268	10145292	20971520	683284	19607276	20971520	552592	0	0	659923	0	
31457280	31457280	10145268	10145292	20971520	1601368	18689192	20971520	1347532	0	0	1236310	0	
31457280	31457280	10145268	10145292	20971520	869752	19420808	20971520	727772	0	0	941113	0	
31457280	31457280	10145256	10145304	20971520	132644	20157916	20971520	115908	0	0	266270	0	
31457280	31457280	10145268	10145292	20971520	1379376	18911184	20971520	1137960	0	0	1074269	0	
31457280	31457280	10145248	10145312	20971520	695304	19595256	20971520	563800	168	0	590966	0	
31457280	31457280	10145268	10145292	20971520	1628816	18661744	20971520	1353392	0	0	1077879	0	
31457280	31457280	10145268	10145292	20971520	850284	19440276	20971520	719932	0	0	952920	0	
31457280	31457280	10145276	10145284	20971520	133284	20157276	20971520	116272	0	0	258725	0	
31457280	31457280	10145268	10145292	20971520	1333488	18957072	20971520	1138112	0	0	1148488	0	
31457280	31457280	10145268	10145292	20971520	718272	19572288	20971520	577072	0	0	609717	0	
31457280	31457280	10145248	10145312	20971520	1626628	18663932	20971520	1359332	0	0	1105603	0	
31457280	31457280	10145268	10145292	20971520	883140	19407420	20971520	729072	0	0	825682	0	
31457280	31457280	10145272	10145288	20971520	132964	20157596	20971520	115320	0	0	253145	0	
31457280	31457280	10145268	10145292	20971520	1363916	18926644	20971520	1139292	0	0	979467	0	
31457280	31457280	10145248	10145312	20971520	696464	19594096	20971520	569092	0	0	756288	0	
31457280	31457280	10145268	10145292	20971520	1574200	18716360	20971520	1353672	0	0	1093940	0	
31457280	31457280	10145268	10145292	20971520	877432	19413128	20971520	742612	0	0	1087449	0	
31457280	31457280	10145272	10145288	20971520	138544	20152016	20971520	122596	0	0	269316	0	
31457280	31457280	10145268	10145292	20971520	1311348	18979212	20971520	1136592	0	0	980942	0	
31457280	31457280	10145268	10145292	20971520	679704	19610856	20971520	571272	0	0	604931	0	
31457280	31457280	10145272	10145288	20971520	78452	20212108	20971520	58752	0	0	146719	0	
31457280	31457280	10145268	10145292	20971520	1176260	19114300	20971520	952592	0	0	1039956	0	
31457280	31457280	10145268	10145292	20971520	626168	19664392	20971520	520832	0	0	552876	0	
31457280	31457280	10145248	10145312	20971520	1609928	18680632	20971520	1335252	0	0	1095334	0	
31457280	31457280	10145268	10145292	20971520	861880	19428680	20971520	704792	0	0	914607	0	
31457280	31457280	10145216	10145344	20971520	121824	20168736	20971520	104524	0	0	229356	0	
31457280	31457280	10145268	10145292	20971520	1321060	18969500	20971520	1120112	0	0	1112511	0	
31457280	31457280	10145268	10145292	20971520	722792	19567768	20971520	560372	0	0	567120	0	
31457280	31457280	10145268	10145292	20971520	1596968	18693592	20971520	1342472	0	0	1082519	0	
31457280	31457280	10145268	10145292	20971520	873780	19416780	20971520	718312	0	0	1029307	0	
31457280	31457280	10145236	10145324	20971520	130164	20160396	20971520	112912	0	0	300687	0	
31457280	31457280	10145268	10145292	20971520	1416892	18873668	20971520	1135132	0	0	994945	0	
31457280	31457280	10145268	10145292	20971520	671204	19619356	20971520	549212	0	0	698239	0	
31457280	31457280	10145268	10145292	20971520	1588908	18701652	20971520	1344332	0	0	1243029	0	
31457280	31457280	10145268	10145292	20971520	816704	19473856	20971520	725252	0	0	879619	0	
31457280	31457280	10145252	10145308	20971520	138264	20152296	20971520	122404	0	0	265649	0	
31457280	31457280	10145268	10145292	20971520	1353976	18936584	20971520	1134912	0	0	894032	0	
31457280	31457280	10145248	10145312	20971520	721632	19568928	20971520	574452	0	0	644405	0	
31457280	31457280	10145268	10145292	20971520	1623536	18667024	20971520	1363672	0	0	1019843	0	
31457280	31457280	10145268	10145292	20971520	879480	19411080	20971520	738172	0	0	963696	0	
31457280	31457280	10145232	10145328	20971520	135244	20155316	20971520	118272	0	0	261796	0	
31457280	31457280	10145268	10145292	20971520	1338528	18952032	20971520	1137292	0	0	1077887	0	
31457280	31457280	10145268	10145292	20971520	730372	19560188	20971520	579372	0	0	628507	0	
31457280	31457280	10145268	10145292	20971520	1584000	18706560	20971520	1357952	0	0	999126	0	
31457280	31457280	10145268	10145292	20971520	866964	19423596	20971520	741912	0	0	867868	0	
31457280	31457280	10145272	10145288	20971520	137728	20152832	20971520	123244	0	0	271385	0	
31457280	31457280	10145268	10145292	20971520	1317228	18973332	20971520	1143192	0	0	921355	0	
31457280	31457280	10145268	10145292	20971520	773116	19517444	20971520	574832	0	0	622917	0	
31457280	31457280	10145268	10145292	20971520	1620316	18670244	20971520	1363392	0	0	1050139	0	
31457280	31457280	10145268	10145292	20971520	877292	19413268	20971520	736172	0	0	996960	0	
31457280	31457280	10145252	10145308	20971520	135684	20154876	20971520	119404	0	0	261353	0	
31457280	31457280	10145268	10145292	20971520	1380864	18909696	20971520	1139112	0	0	1080211	0	
31457280	31457280	10145268	10145292	20971520	701064	19589496	20971520	568432	0	0	646447	0	
31457280	31457280	10145268	10145292	20971520	1587380	18703180	20971520	1352812	0	0	969890	0	
31457280	31457280	10145268	10145292	20971520	904108	19386452	20971520	741392	0	0	1028043	0	
31457280	31457280	10145224	10145336	20971520	133624	20156936	20971520	117456	0	0	258613	0	
31457280	31457280	10145268	10145292	20971520	1393576	18896984	20971520	1139872	0	0	1021425	0	
31457280	31457280	10145268	10145292	20971520	736012	19554548	20971520	560532	0	0	672398	0	
31457280	31457280	10145268	10145292	20971520	1572100	18718460	20971520	1335512	0	0	1121282	0	
31457280	31457280	10145268	10145292	20971520	842052	19448508	20971520	725872	0	0	874704	0	
31457280	31457280	10145256	10145304	20971520	135384	20155176	20971520	118212	0	0	260544	0	
31457280	31457280	10145268	10145292	20971520	1405172	18885388	20971520	1137672	0	0	1175461	0	
31457280	31457280	10145268	10145292	20971520	721132	19569428	20971520	561452	0	0	643443	0	
31457280	31457280	10145268	10145292	20971520	1558732	18731828	20971520	1341852	0	0	1039505	0	
31457280	31457280	10145268	10145292	20971520	909160	19381400	20971520	734832	0	0	876918	0	
31457280	31457280	10145268	10145292	20971520	130884	20159676	20971520	113372	0	0	268669	0	
31457280	31457280	10145268	10145292	20971520	1366436	18924124	20971520	1130892	0	0	1083660	0	
31457280	31457280	10145268	10145292	20971520	722392	19568168	20971520	563672	0	0	622985	0	
31457280	31457280	10145268	10145292	20971520	1609928	18680632	20971520	1344632	0	0	1127367	0	
31457280	31457280	10145248	10145312	20971520	847136	19443424	20971520	714572	0	0	904988	0	
31457280	31457280	10145272	10145288	20971520	132624	20157936	20971520	115900	0	0	253426	0	
31457280	31457280	10145268	10145292	20971520	1366116	18924444	20971520	1138072	0	0	990930	0	
31457280	31457280	10145268	10145292	20971520	707492	19583068	20971520	567832	0	0	621758	0	
31457280	31457280	10145268	10145292	20971520	1590788	18699772	20971520	1353152	0	0	1134535	0	
31457280	31457280	10145248	10145312	20971520	895488	19395072	20971520	735492	0	0	1018153	0	
31457280	31457280	10145276	10145284	20971520	132544	20158016	20971520	115836	0	0	250003	0	
31457280	31457280	10145268	10145292	20971520	1396064	18894496	20971520	1137772	0	0	1018746	0	
31457280	31457280	10145268	10145292	20971520	675484	19615076	20971520	558092	0	0	636104	0	
31457280	31457280	10145248	10145312	20971520	1685324	18605236	20971520	1353972	0	0	1210563	0	
31457280	31457280	10145268	10145292	20971520	813664	19476896	20971520	706412	0	0	887073	0	
31457280	31457280	10145256	10145304	20971520	131244	20159316	20971520	114364	0	0	250841	0	
31457280	31457280	10145268	10145292	20971520	1385804	18904756	20971520	1132912	0	0	1071686	0	
31457280	31457280	10145268	10145292	20971520	695104	19595456	20971520	558572	0	0	611076	0	
31457280	31457280	10145268	10145292	20971520	1606748	18683812	20971520	1345872	0	0	1141118	0	
31457280	31457280	10145268	10145292	20971520	879620	19410940	20971520	723972	0	0	934664	0	
31457280	31457280	10145272	10145288	20971520	130524	20160036	20971520	113644	0	0	244746	0	
31457280	31457280	10145268	10145292	20971520	1340508	18950052	20971520	1136852	0	0	931680	0	
31457280	31457280	10145268	10145292	20971520	719832	19570728	20971520	569952	0	0	631565	0	
31457280	31457280	10145268	10145292	20971520	1659464	18631096	20971520	1353932	0	0	1098751	0	
31457280	31457280	10145268	10145292	20971520	841672	19448888	20971520	706872	0	0	939760	0	
31457280	31457280	10145272	10145288	20971520	130464	20160096	20971520	113556	0	0	246959	0	
31457280	31457280	10145268	10145292	20971520	1358508	18932052	20971520	1136852	0	0	1075830	0	
31457280	31457280	10145268	10145292	20971520	718372	19572188	20971520	562452	0	0	629902	0	
31457280	31457280	10145268	10145292	20971520	1609888	18680672	20971520	1349212	0	0	1137322	0	
31457280	31457280	10145268	10145292	20971520	874732	19415828	20971520	720892	0	0	977562	0	
31457280	31457280	10145272	10145288	20971520	130504	20160056	20971520	113344	0	0	297721	0	
31457280	31457280	10145268	10145292	20971520	1398096	18892464	20971520	1136972	0	0	951480	0	
31457280	31457280	10145248	10145312	20971520	705344	19585216	20971520	546812	0	0	736975	0	
31457280	31457280	10145248	10145312	20971520	1592188	18698372	20971520	1337572	0	0	995789	0	
31457280	31457280	10145268	10145292	20971520	850784	19439776	20971520	714932	0	0	914898	0	
31457280	31457280	10145280	10145280	20971520	132284	20158276	20971520	115184	0	0	251108	0	
31457280	31457280	10145268	10145292	20971520	1414652	18875908	20971520	1136412	0	0	1098802	0	
31457280	31457280	10145268	10145292	20971520	711532	19579028	20971520	543912	0	0	684927	0	
31457280	31457280	10145268	10145292	20971520	1621996	18668564	20971520	1331312	0	0	1067390	0	
31457280	31457280	10145248	10145312	20971520	865920	19424640	20971520	707912	0	0	889987	0	
31457280	31457280	10145276	10145284	20971520	125424	20165136	20971520	107964	0	0	236344	0	
31457280	31457280	10145268	10145292	20971520	1348696	18941864	20971520	1124952	0	0	992057	0	
31457280	31457280	10145268	10145292	20971520	672376	19618184	20971520	556592	0	0	630956	0	
31457280	31457280	10145268	10145292	20971520	1587260	18703300	20971520	1354472	0	0	1182068	0	
31457280	31457280	10145268	10145292	20971520	946120	19344440	20971520	737992	0	0	980118	0	
31457280	31457280	10145216	10145344	20971520	126904	20163656	20971520	110376	0	0	243094	0	
31457280	31457280	10145268	10145292	20971520	1380596	18909964	20971520	1127332	0	0	1099774	0	
31457280	31457280	10145248	10145312	20971520	682084	19608476	20971520	542432	0	0	624230	0	
31457280	31457280	10145268	10145292	20971520	1598948	18691612	20971520	1344632	0	0	1096215	0	
31457280	31457280	10145248	10145312	20971520	862012	19428548	20971520	721812	0	0	928791	0	
31457280	31457280	10145264	10145296	20971520	132184	20158376	20971520	115536	0	0	257406	0	
31457280	31457280	10145268	10145292	20971520	1383224	18907336	20971520	1137052	0	0	1096903	0	
31457280	31457280	10145268	10145292	20971520	699584	19590976	20971520	560472	0	0	653112	0	
31457280	31457280	10145268	10145292	20971520	1566980	18723580	20971520	1348932	0	0	1073429	0	
31457280	31457280	10145268	10145292	20971520	885352	19405208	20971520	738632	0	0	914313	0	
31457280	31457280	10145272	10145288	20971520	135164	20155396	20971520	118740	0	0	261698	0	
31457280	31457280	10145268	10145292	20971520	1350856	18939704	20971520	1136712	0	0	1119597	0	
31457280	31457280	10145268	10145292	20971520	761616	19528944	20971520	574932	0	0	611412	0	
31457280	31457280	10145268	10145292	20971520	1594448	18696112	20971520	1348532	0	0	1174899	0	
31457280	31457280	10145268	10145292	20971520	859680	19430880	20971520	728712	0	0	906093	0	
31457280	31457280	10145272	10145288	20971520	133944	20156616	20971520	116920	0	0	255627	0	
31457280	31457280	10145268	10145292	20971520	1383984	18906576	20971520	1141652	0	0	821958	0	
31457280	31457280	10145268	10145292	20971520	704544	19586016	20971520	562652	0	0	726090	0	
31457280	31457280	10145268	10145292	20971520	1571920	18718640	20971520	1352512	0	0	1151581	0	
31457280	31457280	10145268	10145292	20971520	893460	19397100	20971520	740432	0	0	999082	0	
31457280	31457280	10145228	10145332	20971520	134544	20156016	20971520	117140	0	0	255240	0	
31457280	31457280	10145268	10145292	20971520	1404712	18885848	20971520	1142692	0	0	1062180	0	
31457280	31457280	10145268	10145292	20971520	716872	19573688	20971520	560352	0	0	601485	0	
31457280	31457280	10145248	10145312	20971520	1582560	18708000	20971520	1343572	0	0	1057415	0	
31457280	31457280	10145268	10145292	20971520	916968	19373592	20971520	727112	0	0	941528	0	
31457280	31457280	10145260	10145300	20971520	126544	20164016	20971520	109252	0	0	234465	0	
31457280	31457280	10145268	10145292	20971520	1358536	18932024	20971520	1125552	0	0	987003	0	
31457280	31457280	10145248	10145312	20971520	687004	19603556	20971520	555532	0	0	647896	0	
31457280	31457280	10145268	10145292	20971520	1627196	18663364	20971520	1347952	0	0	1069178	0	
31457280	31457280	10145268	10145292	20971520	883164	19407396	20971520	712152	0	0	1036120	0	
31457280	31457280	10145260	10145300	20971520	127744	20162816	20971520	109664	0	0	286151	0	
31457280	31457280	10145268	10145292	20971520	1373084	18917476	20971520	1129512	0	0	989069	0	
31457280	31457280	10145248	10145312	20971520	706832	19583728	20971520	551312	0	0	635965	0	
31457280	31457280	10145268	10145292	20971520	1594648	18695912	20971520	1341132	0	0	1174126	0	
31457280	31457280	10145268	10145292	20971520	881460	19409100	20971520	717032	0	0	1004352	0	
31457280	31457280	10145276	10145284	20971520	129004	20161556	20971520	111664	0	0	244953	0	
31457280	31457280	10145248	10145312	20971520	1350796	18939764	20971520	1131232	0	0	979068	0	
31457280	31457280	10145268	10145292	20971520	666108	19624452	20971520	565092	0	0	535610	0	
31457280	31457280	10145268	10145292	20971520	1630916	18659644	20971520	1359212	220	0	1045716	0	
31457280	31457280	10145268	10145292	20971520	862336	19428224	20971520	733412	0	0	1021501	0	
31457280	31457280	10145272	10145288	20971520	135244	20155316	20971520	117832	0	0	289870	0	
31457280	31457280	10145268	10145292	20971520	1349516	18941044	20971520	1137672	0	0	951031	0	
31457280	31457280	10145268	10145292	20971520	726712	19563848	20971520	576592	0	0	660540	0	
31457280	31457280	10145268	10145292	20971520	1574892	18715668	20971520	1354912	0	0	1071997	0	
31457280	31457280	10145268	10145292	20971520	912308	19378252	20971520	742272	0	0	893878	0	
31457280	31457280	10145220	10145340	20971520	134564	20155996	20971520	117200	0	0	285156	0	
31457280	31457280	10145268	10145292	20971520	1380036	18910524	20971520	1142752	0	0	980702	0	
31457280	31457280	10145248	10145312	20971520	767056	19523504	20971520	567612	0	0	598628	0	
31457280	31457280	10145268	10145292	20971520	1560640	18729920	20971520	1327552	0	0	1060038	0	
31457280	31457280	10145268	10145292	20971520	901068	19389492	20971520	726312	0	0	981786	0	
31457280	31457280	10145220	10145340	20971520	128344	20162216	20971520	110660	0	0	275583	0	
31457280	31457280	10145268	10145292	20971520	1324128	18966432	20971520	1131012	0	0	972539	0	
31457280	31457280	10145268	10145292	20971520	681376	19609184	20971520	570392	0	0	635981	0	
31457280	31457280	10145268	10145292	20971520	1610808	18679752	20971520	1363212	0	0	1029823	0	
31457280	31457280	10145268	10145292	20971520	843244	19447316	20971520	740732	0	0	1098033	0	
31457280	31457280	10145268	10145292	20971520	141008	20149552	20971520	124144	0	0	273139	0	
31457280	31457280	10145268	10145292	20971520	1345008	18945552	20971520	1147012	0	0	931530	0	
31457280	31457280	10145268	10145292	20971520	772596	19517964	20971520	557612	0	0	625692	0	
31457280	31457280	10145268	10145292	20971520	1595188	18695372	20971520	1354192	0	0	1072216	0	
31457280	31457280	10145268	10145292	20971520	880936	19409624	20971520	738972	0	0	938933	0	
31457280	31457280	10145252	10145308	20971520	135744	20154816	20971520	119172	0	0	286436	0	
31457280	31457280	10145268	10145292	20971520	1372964	18917596	20971520	1139212	0	0	1049440	0	
31457280	31457280	10145268	10145292	20971520	679176	19611384	20971520	572592	0	0	681619	0	
31457280	31457280	10145268	10145292	20971520	1605128	18685432	20971520	1357772	0	0	1152042	0	
31457280	31457280	10145268	10145292	20971520	937760	19352800	20971520	741212	0	0	991157	0	
31457280	31457280	10145268	10145292	20971520	131044	20159516	20971520	113768	0	0	280069	0	
31457280	31457280	10145268	10145292	20971520	1391064	18899496	20971520	1132072	0	0	896066	0	
31457280	31457280	10145268	10145292	20971520	650476	19640084	20971520	554252	0	0	719035	0	
31457280	31457280	10145268	10145292	20971520	1646556	18644004	20971520	1356972	0	0	1092100	0	
31457280	31457280	10145268	10145292	20971520	846132	19444428	20971520	722872	0	0	1012459	0	
31457280	31457280	10145236	10145324	20971520	134304	20156256	20971520	117352	0	0	286630	0	
31457280	31457280	10145268	10145292	20971520	1410584	18879976	20971520	1141712	0	0	838107	0	
31457280	31457280	10145268	10145292	20971520	706932	19583628	20971520	556732	0	0	684414	0	
31457280	31457280	10145268	10145292	20971520	1607248	18683312	20971520	1342512	0	0	1094357	0	
31457280	31457280	10145268	10145292	20971520	876860	19413700	20971520	714272	0	0	952628	0	
31457280	31457280	10145276	10145284	20971520	128884	20161676	20971520	111512	0	0	247943	0	
31457280	31457280	10145268	10145292	20971520	1360736	18929824	20971520	1131432	0	0	1103342	0	
31457280	31457280	10145268	10145292	20971520	704804	19585756	20971520	560112	0	0	606368	0	
31457280	31457280	10145268	10145292	20971520	1631496	18659064	20971520	1344992	0	0	1056641	0	
31457280	31457280	10145268	10145292	20971520	905928	19384632	20971520	713652	0	0	939100	0	
31457280	31457280	10145232	10145328	20971520	122544	20168016	20971520	105816	0	0	235170	0	
31457280	31457280	10145248	10145312	20971520	1308848	18981712	20971520	1122492	0	0	1015034	0	
31457280	31457280	10145268	10145292	20971520	727192	19563368	20971520	565852	0	0	597715	0	
31457280	31457280	10145248	10145312	20971520	1655496	18635064	20971520	1347312	0	0	1108685	0	
31457280	31457280	10145268	10145292	20971520	861352	19429208	20971520	707232	0	0	892352	0	
31457280	31457280	10145260	10145300	20971520	125964	20164596	20971520	108772	0	0	285132	0	
31457280	31457280	10145268	10145292	20971520	1409892	18880668	20971520	1126912	0	0	956639	0	
31457280	31457280	10145268	10145292	20971520	707004	19583556	20971520	549008	0	0	657195	0	
31457280	31457280	10145268	10145292	20971520	1562540	18728020	20971520	1335708	656	0	1270152	0	
31457280	31457280	10145268	10145292	20971520	880220	19410340	20971520	711412	0	0	1085956	0	
31457280	31457280	10145276	10145284	20971520	126624	20163936	20971520	109204	0	0	245584	0	
31457280	31457280	10145268	10145292	20971520	1357676	18932884	20971520	1125732	0	0	1081290	0	
31457280	31457280	10145248	10145312	20971520	667516	19623044	20971520	556312	0	0	644443	0	
31457280	31457280	10145268	10145292	20971520	1627176	18663384	20971520	1355952	0	0	1206585	0	
31457280	31457280	10145268	10145292	20971520	860700	19429860	20971520	726172	0	0	942766	0	
31457280	31457280	10145264	10145296	20971520	133184	20157376	20971520	116468	0	0	253001	0	
31457280	31457280	10145268	10145292	20971520	1389436	18901124	20971520	1137912	0	0	1074893	0	
31457280	31457280	10145268	10145292	20971520	708744	19581816	20971520	561372	0	0	603789	0	
31457280	31457280	10145268	10145292	20971520	1643916	18646644	20971520	1348452	0	0	1162264	0	
31457280	31457280	10145268	10145292	20971520	858192	19432368	20971520	714732	0	0	873219	0	
31457280	31457280	10145276	10145284	20971520	127944	20162616	20971520	109772	0	0	295023	0	
31457280	31457280	10145268	10145292	20971520	1385844	18904716	20971520	1130672	0	0	971657	0	
31457280	31457280	10145268	10145292	20971520	693284	19597276	20971520	543572	0	0	570507	0	
31457280	31457280	10145268	10145292	20971520	1603988	18686572	20971520	1341472	0	0	1100265	0	
31457280	31457280	10145268	10145292	20971520	829504	19461056	20971520	711812	0	0	908288	0	
31457280	31457280	10145236	10145324	20971520	134444	20156116	20971520	117552	0	0	253849	0	
31457280	31457280	10145268	10145292	20971520	1358708	18931852	20971520	1142292	0	0	1045120	0	
31457280	31457280	10145268	10145292	20971520	694744	19595816	20971520	575392	0	0	760796	0	
31457280	31457280	10145248	10145312	20971520	1610288	18680272	20971520	1360892	0	0	1100086	0	
31457280	31457280	10145268	10145292	20971520	910912	19379648	20971520	739972	0	0	984422	0	
31457280	31457280	10145272	10145288	20971520	132384	20158176	20971520	115632	0	0	261691	0	
31457280	31457280	10145268	10145292	20971520	1394704	18895856	20971520	1136652	0	0	1116142	0	
31457280	31457280	10145268	10145292	20971520	710932	19579628	20971520	557892	0	0	661600	0	
31457280	31457280	10145268	10145292	20971520	1558560	18732000	20971520	1343712	0	0	1046108	0	
31457280	31457280	10145268	10145292	20971520	885492	19405068	20971520	734112	0	0	899958	0	
31457280	31457280	10145280	10145280	20971520	133604	20156956	20971520	116936	0	0	258794	0	
31457280	31457280	10145268	10145292	20971520	1379656	18910904	20971520	1139392	0	0	980072	0	
31457280	31457280	10145268	10145292	20971520	706932	19583628	20971520	563372	0	0	632117	0	
31457280	31457280	10145268	10145292	20971520	1596288	18694272	20971520	1351632	0	0	1093712	0	
31457280	31457280	10145268	10145292	20971520	896908	19393652	20971520	732452	0	0	994270	0	
31457280	31457280	10145244	10145316	20971520	131044	20159516	20971520	113240	0	0	250137	0	
31457280	31457280	10145248	10145312	20971520	1329048	18961512	20971520	1131492	0	0	1101004	0	
31457280	31457280	10145248	10145312	20971520	765356	19525204	20971520	570692	0	0	684019	0	
31457280	31457280	10145268	10145292	20971520	1602288	18688272	20971520	1344592	0	0	1159423	0	
31457280	31457280	10145268	10145292	20971520	907648	19382912	20971520	716572	0	0	990087	0	
31457280	31457280	10145244	10145316	20971520	125484	20165076	20971520	108064	0	0	281887	0	
31457280	31457280	10145268	10145292	20971520	1339648	18950912	20971520	1124952	0	0	1059761	0	
31457280	31457280	10145268	10145292	20971520	705012	19585548	20971520	558512	0	0	549599	0	
31457280	31457280	10145268	10145292	20971520	1592868	18697692	20971520	1347912	0	0	1190114	0	
31457280	31457280	10145268	10145292	20971520	920740	19369820	20971520	726492	0	0	942300	0	
31457280	31457280	10145272	10145288	20971520	126504	20164056	20971520	109776	0	0	220951	0	
31457280	31457280	10145268	10145292	20971520	1305348	18985212	20971520	1125012	0	0	1148487	0	
31457280	31457280	10145268	10145292	20971520	685196	19605364	20971520	573892	0	0	645977	0	
31457280	31457280	10145268	10145292	20971520	1642588	18647972	20971520	1364292	0	0	1240736	0	
31457280	31457280	10145268	10145292	20971520	930036	19360524	20971520	732632	0	0	1014449	0	
31457280	31457280	10145260	10145300	20971520	126784	20163776	20971520	109692	0	0	241594	0	
31457280	31457280	10145268	10145292	20971520	1316868	18973692	20971520	1126252	0	0	862673	0	
31457280	31457280	10145248	10145312	20971520	795804	19494756	20971520	569072	0	0	715279	0	
31457280	31457280	10145268	10145292	20971520	1628596	18661964	20971520	1331852	0	0	1181292	0	
31457280	31457280	10145268	10145292	20971520	864772	19425788	20971520	700812	0	0	941966	0	
31457280	31457280	10145264	10145296	20971520	120504	20170056	20971520	103456	0	0	234652	0	
31457280	31457280	10145268	10145292	20971520	1363728	18926832	20971520	1113932	0	0	965507	0	
31457280	31457280	10145268	10145292	20971520	684604	19605956	20971520	546892	0	0	613019	0	
31457280	31457280	10145248	10145312	20971520	1623336	18667224	20971520	1334632	0	0	1034980	0	
31457280	31457280	10145248	10145312	20971520	848412	19442148	20971520	710252	0	0	859507	0	
31457280	31457280	10145228	10145332	20971520	128304	20162256	20971520	110316	0	0	296986	0	
31457280	31457280	10145268	10145292	20971520	1363696	18926864	20971520	1130852	0	0	954124	0	
31457280	31457280	10145268	10145292	20971520	762276	19528284	20971520	557432	0	0	667443	0	
31457280	31457280	10145268	10145292	20971520	1540712	18749848	20971520	1338012	0	0	1044371	0	
31457280	31457280	10145268	10145292	20971520	868260	19422300	20971520	723332	0	0	926506	0	
31457280	31457280	10145260	10145300	20971520	131704	20158856	20971520	114432	0	0	251360	0	
31457280	31457280	10145248	10145312	20971520	1368284	18922276	20971520	1135252	0	0	1097823	0	
31457280	31457280	10145268	10145292	20971520	763396	19527164	20971520	562192	0	0	679805	0	
31457280	31457280	10145268	10145292	20971520	1601828	18688732	20971520	1324392	0	0	898839	0	
31457280	31457280	10145268	10145292	20971520	834872	19455688	20971520	713252	0	0	1062696	0	
31457280	31457280	10145268	10145292	20971520	130764	20159796	20971520	113132	0	0	270963	0	
31457280	31457280	10145268	10145292	20971520	1366636	18923924	20971520	1130332	0	0	913597	0	
31457280	31457280	10145268	10145292	20971520	673616	19616944	20971520	563212	0	0	654733	0	
31457280	31457280	10145268	10145292	20971520	1591128	18699432	20971520	1356572	0	0	980425	0	
31457280	31457280	10145248	10145312	20971520	898088	19392472	20971520	742632	0	0	829091	0	
31457280	31457280	10145268	10145292	20971520	134584	20155976	20971520	117768	0	0	255675	0	
31457280	31457280	10145248	10145312	20971520	1417152	18873408	20971520	1143072	0	0	909538	0	
31457280	31457280	10145268	10145292	20971520	712932	19577628	20971520	554192	0	0	633120	0	
31457280	31457280	10145268	10145292	20971520	1600868	18689692	20971520	1339892	0	0	1159817	0	
31457280	31457280	10145268	10145292	20971520	818884	19471676	20971520	711092	0	0	1101374	0	
31457280	31457280	10145252	10145308	20971520	135544	20155016	20971520	118320	0	0	257768	0	
31457280	31457280	10145268	10145292	20971520	1363716	18926844	20971520	1138152	0	0	1079004	0	
31457280	31457280	10145248	10145312	20971520	712792	19577768	20971520	569432	0	0	621742	0	
31457280	31457280	10145268	10145292	20971520	1609208	18681352	20971520	1355372	0	0	1075759	0	
31457280	31457280	10145268	10145292	20971520	869800	19420760	20971520	734832	0	0	855838	0	
31457280	31457280	10145280	10145280	20971520	135584	20154976	20971520	119084	0	0	296438	0	
31457280	31457280	10145268	10145292	20971520	1401892	18888668	20971520	1138772	0	0	1040228	0	
31457280	31457280	10145268	10145292	20971520	689524	19601036	20971520	563212	0	0	599175	0	
31457280	31457280	10145248	10145312	20971520	1582120	18708440	20971520	1355232	0	0	1153862	0	
31457280	31457280	10145268	10145292	20971520	914172	19376388	20971520	739272	0	0	1106186	0	
31457280	31457280	10145272	10145288	20971520	131764	20158796	20971520	114132	0	0	251077	0	
31457280	31457280	10145268	10145292	20971520	1372024	18918536	20971520	1135452	0	0	1000804	0	
31457280	31457280	10145268	10145292	20971520	721632	19568928	20971520	564872	0	0	636130	0	
31457280	31457280	10145268	10145292	20971520	1606168	18684392	20971520	1346272	0	0	1078072	0	
31457280	31457280	10145268	10145292	20971520	866880	19423680	20971520	718832	0	0	936287	0	
31457280	31457280	10145268	10145292	20971520	131044	20159516	20971520	113768	0	0	254644	0	
31457280	31457280	10145268	10145292	20971520	1351936	18938624	20971520	1132072	0	0	1028873	0	
31457280	31457280	10145268	10145292	20971520	699604	19590956	20971520	568192	0	0	591102	0	
31457280	31457280	10145268	10145292	20971520	1593808	18696752	20971520	1358492	0	0	1138817	0	
31457280	31457280	10145268	10145292	20971520	838084	19452476	20971520	736252	0	0	910906	0	
31457280	31457280	10145256	10145304	20971520	154132	20136428	20971520	125084	0	0	310201	0	
31457280	31457280	10145268	10145292	20971520	1347156	18943404	20971520	1136032	0	0	948324	0	
31457280	31457280	10145248	10145312	20971520	769656	19520904	20971520	578452	0	0	763655	0	
31457280	31457280	10145248	10145312	20971520	1597708	18692852	20971520	1352692	0	0	1134787	0	
31457280	31457280	10145268	10145292	20971520	870240	19420320	20971520	730852	0	0	903883	0	
31457280	31457280	10145260	10145300	20971520	134744	20155816	20971520	117980	0	0	260702	0	
31457280	31457280	10145268	10145292	20971520	1379224	18911336	20971520	1143812	0	0	991063	0	
31457280	31457280	10145268	10145292	20971520	705592	19584968	20971520	567912	0	0	691579	0	
31457280	31457280	10145268	10145292	20971520	1607988	18682572	20971520	1355332	0	0	1137794	0	
31457280	31457280	10145268	10145292	20971520	873432	19417128	20971520	731552	0	0	940624	0	
31457280	31457280	10145272	10145288	20971520	133744	20156816	20971520	117676	0	0	258789	0	
31457280	31457280	10145268	10145292	20971520	1348156	18942404	20971520	1140152	0	0	1053383	0	
31457280	31457280	10145268	10145292	20971520	811484	19479076	20971520	570892	0	0	602996	0	
31457280	31457280	10145268	10145292	20971520	1609048	18681512	20971520	1332552	0	0	1108689	0	
31457280	31457280	10145268	10145292	20971520	900100	19390460	20971520	705072	0	0	949008	0	
31457280	31457280	10145276	10145284	20971520	118764	20171796	20971520	101212	0	0	261973	0	
31457280	31457280	10145268	10145292	20971520	1320368	18970192	20971520	1105232	0	0	895864	0	
31457280	31457280	10145268	10145292	20971520	705932	19584628	20971520	550432	0	0	623263	0	
31457280	31457280	10145268	10145292	20971520	1593748	18696812	20971520	1340552	0	0	1123566	0	
31457280	31457280	10145268	10145292	20971520	881860	19408700	20971520	717292	0	0	942032	0	
31457280	31457280	10145264	10145296	20971520	128924	20161636	20971520	111836	0	0	243984	0	
31457280	31457280	10145268	10145292	20971520	1362576	18927984	20971520	1131172	0	0	849088	0	
31457280	31457280	10145268	10145292	20971520	712804	19577756	20971520	558712	0	0	643023	0	
31457280	31457280	10145268	10145292	20971520	1589708	18700852	20971520	1344412	0	0	1167962	0	
31457280	31457280	10145248	10145312	20971520	900308	19390252	20971520	726472	0	0	916940	0	
31457280	31457280	10145264	10145296	20971520	128584	20161976	20971520	110892	0	0	240089	0	
31457280	31457280	10145268	10145292	20971520	1411132	18879428	20971520	1132512	0	0	866069	0	
31457280	31457280	10145268	10145292	20971520	707372	19583188	20971520	555432	0	0	727518	0	
31457280	31457280	10145268	10145292	20971520	1574280	18716280	20971520	1335740	0	0	1050988	0	
31457280	31457280	10145268	10145292	20971520	860152	19430408	20971520	707000	48	0	985047	0	
31457280	31457280	10145260	10145300	20971520	129924	20160636	20971520	112192	0	0	244722	0	
31457280	31457280	10145268	10145292	20971520	1391484	18899076	20971520	1134552	0	0	1017701	0	
31457280	31457280	10145268	10145292	20971520	700004	19590556	20971520	548252	0	0	678972	0	
31457280	31457280	10145268	10145292	20971520	1593648	18696912	20971520	1341572	0	0	1071682	0	
31457280	31457280	10145268	10145292	20971520	870992	19419568	20971520	719412	0	0	1052137	0	
31457280	31457280	10145276	10145284	20971520	130624	20159936	20971520	113340	0	0	248737	0	
31457280	31457280	10145268	10145292	20971520	1383464	18907096	20971520	1137992	0	0	1002826	0	
31457280	31457280	10145268	10145292	20971520	687124	19603436	20971520	557212	0	0	669847	0	
31457280	31457280	10145248	10145312	20971520	1603528	18687032	20971520	1349892	0	0	1155697	0	
31457280	31457280	10145268	10145292	20971520	877640	19412920	20971520	728712	0	0	990907	0	
31457280	31457280	10145264	10145296	20971520	131884	20158676	20971520	114220	0	0	248692	0	
31457280	31457280	10145268	10145292	20971520	1361128	18929432	20971520	1135452	0	0	1073603	0	
31457280	31457280	10145268	10145292	20971520	701584	19588976	20971520	566972	0	0	627190	0	
31457280	31457280	10145268	10145292	20971520	1599268	18691292	20971520	1356172	0	0	1216344	0	
31457280	31457280	10145248	10145312	20971520	907748	19382812	20971520	733172	0	0	963743	0	
31457280	31457280	10145232	10145328	20971520	130664	20159896	20971520	113304	0	0	276266	0	
31457280	31457280	10145268	10145292	20971520	1367856	18922704	20971520	1137932	0	0	1058446	0	
31457280	31457280	10145268	10145292	20971520	766656	19523904	20971520	563252	0	0	696588	0	
31457280	31457280	10145268	10145292	20971520	1569440	18721120	20971520	1334752	0	0	1144776	0	
31457280	31457280	10145268	10145292	20971520	898688	19391872	20971520	710152	0	0	972009	0	
31457280	31457280	10145272	10145288	20971520	125424	20165136	20971520	107692	0	0	236320	0	
31457280	31457280	10145248	10145312	20971520	1371064	18919496	20971520	1124852	0	0	874644	0	
31457280	31457280	10145268	10145292	20971520	702224	19588336	20971520	541252	0	0	672801	0	
31457280	31457280	10145268	10145292	20971520	1555132	18735428	20971520	1334692	0	0	1017519	0	
31457280	31457280	10145248	10145312	20971520	877520	19413040	20971520	730612	0	0	955493	0	
31457280	31457280	10145252	10145308	20971520	133104	20157456	20971520	115760	0	0	261524	0	
31457280	31457280	10145268	10145292	20971520	1366676	18923884	20971520	1139532	0	0	1145097	0	
31457280	31457280	10145268	10145292	20971520	716224	19574336	20971520	567732	0	0	608017	0	
31457280	31457280	10145268	10145292	20971520	1630716	18659844	20971520	1351452	0	0	1262102	0	
31457280	31457280	10145268	10145292	20971520	920788	19369772	20971520	715392	0	0	1013127	0	
31457280	31457280	10145224	10145336	20971520	122324	20168236	20971520	105848	0	0	273856	0	
31457280	31457280	10145248	10145312	20971520	1346988	18943572	20971520	1121172	0	0	992319	0	
31457280	31457280	10145248	10145312	20971520	767396	19523164	20971520	550132	0	0	673641	0	
31457280	31457280	10145268	10145292	20971520	1595512	18695048	20971520	1331372	0	0	1114008	0	
31457280	31457280	10145268	10145292	20971520	846504	19444056	20971520	705952	0	0	948412	0	
31457280	31457280	10145268	10145292	20971520	125204	20165356	20971520	108148	0	0	234097	0	
31457280	31457280	10145268	10145292	20971520	1350596	18939964	20971520	1125052	0	0	927431	0	
31457280	31457280	10145268	10145292	20971520	711952	19578608	20971520	554412	0	0	643877	0	
31457280	31457280	10145268	10145292	20971520	1592448	18698112	20971520	1340692	0	0	1114557	0	
31457280	31457280	10145268	10145292	20971520	866384	19424176	20971520	718292	0	0	986276	0	
31457280	31457280	10145272	10145288	20971520	131044	20159516	20971520	113328	0	0	244197	0	
31457280	31457280	10145268	10145292	20971520	1356736	18933824	20971520	1131632	0	0	1164955	0	
31457280	31457280	10145268	10145292	20971520	765656	19524904	20971520	566132	0	0	661234	0	
31457280	31457280	10145268	10145292	20971520	1592148	18698412	20971520	1327072	0	0	1120219	0	
31457280	31457280	10145268	10145292	20971520	860700	19429860	20971520	711632	0	0	1002226	0	
31457280	31457280	10145236	10145324	20971520	129244	20161316	20971520	111472	0	0	242967	0	
31457280	31457280	10145268	10145292	20971520	1315700	18974860	20971520	1132672	0	0	980718	0	
31457280	31457280	10145268	10145292	20971520	779616	19510944	20971520	571172	0	0	631263	0	
31457280	31457280	10145268	10145292	20971520	1587748	18702812	20971520	1337332	0	0	1133359	0	
31457280	31457280	10145268	10145292	20971520	892408	19398152	20971520	717652	0	0	947771	0	
31457280	31457280	10145276	10145284	20971520	127544	20163016	20971520	110764	0	0	239718	0	
31457280	31457280	10145268	10145292	20971520	1348616	18941944	20971520	1129552	0	0	826560	0	
