b_initial_y_size_0	b_max_y_size_1	b_used_2	b_available_3	b_committed_4	a_used_5	a_available_6	a_committed_7	a_survived_8	a_promoted_9	a_copied_10	a_time_in_ns_11	promotion_rate_12
17301504	17301504	5502468	5657340	11534336	1496668	9663140	11534336	3711804	2476860	0	903420	99	
17301504	17301504	5534932	5624876	11534336	2303072	8856736	11534336	3144352	1226112	0	593078	99	
17301504	17301504	5531668	5628140	11534336	1665564	9494244	11534336	3419692	1909576	0	689631	99	
17301504	17301504	5530812	5628996	11534336	2089444	9070364	11534336	3288260	1501476	0	658354	99	
17301504	17301504	5491640	5668168	11534336	1918304	9241504	11534336	3373064	1778128	0	638347	99	
17301504	17301504	5501596	5658212	11534336	2065672	9094136	11534336	3149772	1499056	0	864176	93	
17301504	17301504	5565916	5593892	11534336	2983804	8176004	11534336	2476360	0	0	485666	0	
17301504	17301504	5509780	5650028	11534336	1314968	9844840	11534336	3571320	2467688	0	779182	99	
17301504	17301504	5505136	5654672	11534336	2354836	8804972	11534336	2969840	1094952	0	628652	99	
17301504	17301504	5562644	5597164	11534336	1888960	9270848	11534336	3293176	1779012	0	707840	94	
17301504	17301504	5485460	5674348	11534336	1875324	9284484	11534336	3113444	1505508	0	636700	99	
17301504	17301504	5509660	5650148	11534336	2857728	8302080	11534336	2380076	0	0	516172	0	
17301504	17301504	5504868	5654940	11534336	1548092	9611716	11534336	3562236	2371404	0	798883	99	
17301504	17301504	5509600	5650208	11534336	2169964	8989844	11534336	2881956	1094956	0	659486	91	
17301504	17301504	5552452	5607356	11534336	1776152	9383656	11534336	3292200	1778360	0	761745	99	
17301504	17301504	5509600	5650208	11534336	2037452	9122356	11534336	3161712	1505200	0	762544	99	
17301504	17301504	5504832	5654976	11534336	1944568	9215240	11534336	3248612	1647872	0	735261	99	
17301504	17301504	5578232	5581576	11534336	1983908	9175900	11534336	3155184	1504848	0	725458	94	
17301504	17301504	5505112	5654696	11534336	1915504	9244304	11534336	3242592	1641672	0	892428	99	
17301504	17301504	5509744	5650064	11534336	2996100	8163708	11534336	2391944	0	0	461811	0	
17301504	17301504	5509984	5649824	11534336	1306196	9853612	11534336	3486592	2383304	0	811030	99	
17301504	17301504	5505464	5654344	11534336	2193512	8966296	11534336	2969544	1094632	0	661381	99	
17301504	17301504	5548056	5611752	11534336	1710024	9449784	11534336	3292876	1779036	0	765392	94	
17301504	17301504	5509792	5650016	11534336	1982316	9177492	11534336	3163204	1505200	0	721607	99	
17301504	17301504	5505292	5654516	11534336	1919916	9239892	11534336	3251088	1649348	0	692455	99	
17301504	17301504	5554148	5605660	11534336	1963848	9195960	11534336	3157884	1505864	0	693509	94	
17301504	17301504	5505124	5654684	11534336	1980576	9179232	11534336	3245104	1643356	0	733337	99	
17301504	17301504	5544284	5615524	11534336	1977800	9182008	11534336	3157016	1505872	0	763974	94	
17301504	17301504	5505056	5654752	11534336	1894780	9265028	11534336	3243616	1642492	0	796520	99	
17301504	17301504	5526592	5633216	11534336	1985996	9173812	11534336	3156264	1505244	0	847178	94	
17301504	17301504	5505064	5654744	11534336	1940960	9218848	11534336	3243620	1642364	0	910451	99	
17301504	17301504	5509588	5650220	11534336	3144852	8014956	11534336	2391616	0	0	464991	0	
17301504	17301504	5538864	5620944	11534336	1323916	9835892	11534336	3486080	2382976	0	803539	99	
17301504	17301504	5504972	5654836	11534336	2321060	8838748	11534336	2968860	1094464	0	752540	99	
17301504	17301504	5534276	5625532	11534336	1885960	9273848	11534336	3292064	1778520	0	824369	94	
17301504	17301504	5485592	5674216	11534336	2042896	9116912	11534336	3112584	1504892	0	840548	99	
17301504	17301504	5534864	5624944	11534336	2084728	9075080	11534336	3163180	1511816	0	799445	94	
17301504	17301504	5533000	5626808	11534336	1906896	9252912	11534336	3156580	1642712	0	714991	99	
17301504	17301504	5567480	5592328	11534336	1990940	9168868	11534336	3156408	1505212	0	645380	99	
17301504	17301504	5505704	5654104	11534336	1887456	9272352	11534336	3244104	1642540	0	789609	99	
17301504	17301504	5520948	5638860	11534336	1927268	9232540	11534336	3156732	1505680	0	794714	94	
17301504	17301504	5517240	5642568	11534336	1929348	9230460	11534336	3293560	1642388	0	696727	99	
17301504	17301504	5518664	5641144	11534336	1942872	9216936	11534336	3293396	1642512	0	759982	99	
17301504	17301504	5505520	5654288	11534336	1947228	9212580	11534336	3244492	1642224	0	723002	99	
17301504	17301504	5511360	5648448	11534336	2035760	9124048	11534336	3156904	1506384	0	863707	94	
17301504	17301504	5505296	5654512	11534336	1987608	9172200	11534336	3242392	1641856	0	710016	99	
17301504	17301504	5552812	5606996	11534336	1993476	9166332	11534336	3155220	1504640	0	772499	94	
17301504	17301504	5505356	5654452	11534336	1953952	9205856	11534336	3242732	1641920	0	805551	99	
17301504	17301504	5521568	5638240	11534336	1981876	9177932	11534336	3155472	1504932	0	1131373	94	
17301504	17301504	5509912	5649896	11534336	2861144	8298664	11534336	2391756	0	0	532997	0	
17301504	17301504	5505412	5654396	11534336	1449548	9710260	11534336	3573484	2383096	0	906118	99	
17301504	17301504	5510052	5649756	11534336	2319288	8840520	11534336	2881876	1094508	0	713463	91	
17301504	17301504	5510508	5649300	11534336	1718712	9441096	11534336	3243384	1778720	0	783415	99	
17301504	17301504	5511900	5647908	11534336	2180816	8978992	11534336	3113564	1368780	0	792742	93	
17301504	17301504	5533276	5626532	11534336	2034380	9125428	11534336	3163160	1648900	0	725870	94	
17301504	17301504	5505424	5654384	11534336	1846312	9313496	11534336	3106884	1505600	0	812893	99	
17301504	17301504	5505480	5654328	11534336	2029408	9130400	11534336	3244476	1505400	0	749764	94	
17301504	17301504	5519116	5640692	11534336	1972304	9187504	11534336	3294244	1643196	0	816174	94	
17301504	17301504	5505460	5654348	11534336	1939496	9220312	11534336	3244348	1642400	0	754953	99	
17301504	17301504	5573412	5586396	11534336	2029256	9130552	11534336	3156776	1506056	0	756852	94	
17301504	17301504	5505184	5654624	11534336	1948300	9211508	11534336	3243024	1642072	0	789161	99	
17301504	17301504	5521624	5638184	11534336	2031576	9128232	11534336	3156832	1505072	0	800242	94	
17301504	17301504	5505552	5654256	11534336	1944556	9215252	11534336	3244112	1643112	0	730705	99	
17301504	17301504	5578896	5580912	11534336	1976936	9182872	11534336	3156200	1505116	0	739134	94	
17301504	17301504	5505320	5654488	11534336	1944832	9214976	11534336	3243088	1642408	0	741418	99	
17301504	17301504	5579320	5580488	11534336	1940376	9219432	11534336	3156028	1504800	0	767218	94	
17301504	17301504	5505388	5654420	11534336	1940640	9219168	11534336	3243688	1642580	0	768548	99	
17301504	17301504	5574976	5584832	11534336	1972192	9187616	11534336	3156124	1505228	0	866726	94	
17301504	17301504	5506548	5653260	11534336	1928572	9231236	11534336	3244656	1642216	0	769079	99	
17301504	17301504	5562612	5597196	11534336	1962216	9197592	11534336	3158148	1506556	0	906910	94	
17301504	17301504	5505356	5654452	11534336	2037176	9122632	11534336	3243908	1642932	0	809795	99	
17301504	17301504	5535000	5624808	11534336	1980636	9179172	11534336	3156320	1505096	0	740276	94	
17301504	17301504	5505596	5654212	11534336	1939824	9219984	11534336	3244528	1642544	0	712391	99	
17301504	17301504	5573968	5585840	11534336	1977344	9182464	11534336	3157444	1506104	0	829122	94	
17301504	17301504	5505344	5654464	11534336	1945128	9214680	11534336	3243800	1642680	0	772439	99	
17301504	17301504	5509864	5649944	11534336	2038412	9121396	11534336	3159368	1505260	0	1517239	94	
17301504	17301504	5509768	5650040	11534336	2900640	8259168	11534336	2379784	0	0	582848	0	
17301504	17301504	5505300	5654508	11534336	1524712	9635096	11534336	3561524	2371136	0	824287	99	
17301504	17301504	5509816	5649992	11534336	2201960	8957848	11534336	2881712	1094508	0	682911	91	
17301504	17301504	5507464	5652344	11534336	1886800	9273008	11534336	3292288	1778544	0	703823	99	
17301504	17301504	5485880	5673928	11534336	2104980	9054828	11534336	3112392	1505084	0	806258	99	
17301504	17301504	5505288	5654520	11534336	1991444	9168364	11534336	3112400	1511424	0	701739	94	
17301504	17301504	5555536	5604272	11534336	2029680	9130128	11534336	3155916	1505068	0	818616	94	
17301504	17301504	5505440	5654368	11534336	1912664	9247144	11534336	3243152	1642184	0	744622	99	
17301504	17301504	5546680	5613128	11534336	1908980	9250828	11534336	3155484	1505088	0	838791	94	
17301504	17301504	5568676	5591132	11534336	1908032	9251776	11534336	3292452	1641732	0	789964	99	
17301504	17301504	5568148	5591660	11534336	1979396	9180412	11534336	3292640	1642060	0	833284	99	
17301504	17301504	5505296	5654512	11534336	1916344	9243464	11534336	3242888	1641916	0	790539	99	
17301504	17301504	5551472	5608336	11534336	1940312	9219496	11534336	3156140	1505080	0	737673	94	
17301504	17301504	5505288	5654520	11534336	1909664	9250144	11534336	3243828	1642384	0	782106	99	
17301504	17301504	5543744	5616064	11534336	1881012	9278796	11534336	3155944	1505544	0	726790	94	
17301504	17301504	5541036	5618772	11534336	2030980	9128828	11534336	3292288	1641740	0	770596	99	
17301504	17301504	5505336	5654472	11534336	1941096	9218712	11534336	3242676	1641876	0	742284	99	
17301504	17301504	5575164	5584644	11534336	2066840	9092968	11534336	3155312	1504920	0	995991	94	
17301504	17301504	5515100	5644708	11534336	1820068	9339740	11534336	3155452	1641720	0	790738	99	
17301504	17301504	5551484	5608324	11534336	1951140	9208668	11534336	3155792	1505084	0	927752	99	
17301504	17301504	5505400	5654408	11534336	1939536	9220272	11534336	3243184	1642044	0	781968	99	
17301504	17301504	5574024	5585784	11534336	1974092	9185716	11534336	3157088	1505244	0	776103	94	
17301504	17301504	5505448	5654360	11534336	1911172	9248636	11534336	3244500	1643172	0	767182	99	
17301504	17301504	5545224	5614584	11534336	1972192	9187616	11534336	3156468	1505444	0	721952	94	
17301504	17301504	5505436	5654372	11534336	1943628	9216180	11534336	3243632	1642336	0	813183	99	
17301504	17301504	5577828	5581980	11534336	2204772	8955036	11534336	3155968	1505416	0	915403	94	
17301504	17301504	5516944	5642864	11534336	1795500	9364308	11534336	3155348	1641904	0	758018	99	
17301504	17301504	5523740	5636068	11534336	2035824	9123984	11534336	3155828	1504784	0	943172	99	
17301504	17301504	5505368	5654440	11534336	1909848	9249960	11534336	3243676	1642356	0	771215	99	
17301504	17301504	5543964	5615844	11534336	2030176	9129632	11534336	3158648	1505424	0	970397	94	
17301504	17301504	5505124	5654684	11534336	1914868	9244940	11534336	3246180	1644576	0	749020	99	
17301504	17301504	5548724	5611084	11534336	1996840	9162968	11534336	3156804	1505724	0	886146	94	
17301504	17301504	5505008	5654800	11534336	1978832	9180976	11534336	3243868	1642400	0	739639	99	
17301504	17301504	5542508	5617300	11534336	1927752	9232056	11534336	3156376	1505588	0	812547	94	
17301504	17301504	5516980	5642828	11534336	2033512	9126296	11534336	3292836	1642112	0	877577	99	
17301504	17301504	5505396	5654412	11534336	1971488	9188320	11534336	3243172	1642044	0	806873	99	
17301504	17301504	5539284	5620524	11534336	1948896	9210912	11534336	3156152	1505244	0	739357	94	
17301504	17301504	5505120	5654688	11534336	1934892	9224916	11534336	3246760	1642232	0	2610391	99	
17301504	17301504	5565636	5594172	11534336	2859048	8300760	11534336	2475064	0	0	763332	0	
17301504	17301504	5505064	5654744	11534336	1546912	9612896	11534336	3656776	2466400	0	734691	99	
17301504	17301504	5509740	5650068	11534336	2226200	8933608	11534336	2881872	1094496	0	769075	91	
17301504	17301504	5534416	5625392	11534336	1725012	9434796	11534336	3292648	1778688	0	888985	99	
17301504	17301504	5509904	5649904	11534336	2036380	9123428	11534336	3162344	1505284	0	827734	99	
17301504	17301504	5505088	5654720	11534336	1874344	9285464	11534336	3249204	1648384	0	774377	99	
17301504	17301504	5509692	5650116	11534336	1895296	9264512	11534336	3155364	1504940	0	884718	94	
17301504	17301504	5555408	5604400	11534336	1909688	9250120	11534336	3292828	1641760	0	949869	99	
17301504	17301504	5569832	5589976	11534336	2045628	9114180	11534336	3293608	1642376	0	780963	99	
17301504	17301504	5509764	5650044	11534336	1727160	9432648	11534336	3156344	1642568	0	852928	99	
