b_initial_y_size_0	b_max_y_size_1	b_used_2	b_available_3	b_committed_4	a_used_5	a_available_6	a_committed_7	a_survived_8	a_promoted_9	a_copied_10	a_time_in_ns_11	promotion_rate_12
11010048	11010048	3550848	0	7340032	105128	3445720	7340032	65140	56324	0	327598	94	
11010048	11010048	3550848	0	7340032	65716	3485132	7340032	12008	2704	0	313161	30	
11010048	11010048	327924	3222924	7340032	0	3550848	7340032	9976	9976	0	579135	107	
11010048	11010048	3550848	0	7340032	768	3550080	7340032	768	0	0	99266	0	
11010048	11010048	3550848	0	7340032	65548	3485300	7340032	3592	284	0	197106	36	
11010048	11010048	3550848	0	7340032	79148	3471700	7340032	23368	1776	0	162624	53	
11010048	11010048	3550848	0	7340032	125720	3425128	7340032	71180	9132	0	161282	42	
11010048	11010048	3550836	12	7340032	123252	3427596	7340032	94424	1792	0	151502	2	
11010048	11010048	3550848	0	7340032	684	3550164	7340032	138376	137692	0	211404	148	
11010048	11010048	3550840	8	7340032	33664	3517184	7340032	206136	204040	0	167616	29830	
11010048	11010048	3550844	4	7340032	33344	3517504	7340032	3348	2072	0	131824	98	
11010048	11010048	3550844	4	7340032	628	3550220	7340032	307016	306388	0	139409	24011	
11010048	11010048	3550848	0	7340032	84	3550764	7340032	688	604	0	127703	96	
11010048	11010048	3550848	0	7340032	1888	3548960	7340032	459764	457876	0	175658	545090	
11010048	11010048	3550844	4	7340032	24	3550824	7340032	1888	1864	0	120005	98	
11010048	11010048	3550844	4	7340032	24	3550824	7340032	24	0	0	74238	0	
11010048	11010048	3550844	4	7340032	24	3550824	7340032	24	0	0	76135	0	
11010048	11010048	3550848	0	7340032	96	3550752	7340032	686976	686880	0	206303	2862000	
11010048	11010048	3550844	4	7340032	24	3550824	7340032	24	0	0	78669	0	
11010048	11010048	3550840	8	7340032	480	3550368	7340032	480	0	0	81745	0	
11010048	11010048	3550848	0	7340032	48	3550800	7340032	432	384	0	77071	80	
11010048	11010048	3550848	0	7340032	24	3550824	7340032	24	0	0	83105	0	
11010048	11010048	3550840	8	7340032	60	3550788	7340032	1030444	1030384	0	273906	4293266	
11010048	11010048	3550844	4	7340032	24	3550824	7340032	24	0	0	82926	0	
11010048	11010048	3550840	8	7340032	96	3550752	7340032	96	0	0	75312	0	
11010048	11010048	3550844	4	7340032	24	3550824	7340032	24	0	0	77284	0	
11010048	11010048	3550844	4	7340032	24	3550824	7340032	24	0	0	77484	0	
11010048	11010048	3550848	0	7340032	24	3550824	7340032	24	0	0	80490	0	
11010048	11010048	3550844	4	7340032	24	3550824	7340032	24	0	0	82950	0	
11010048	11010048	3550844	4	7340032	96	3550752	7340032	96	0	0	82670	0	
11010048	11010048	3550844	4	7340032	840	3550008	7340032	840	0	0	85659	0	
11010048	11010048	3550848	0	7340032	96	3550752	7340032	1546552	1546456	0	365649	184101	
11010048	11010048	3550848	0	7340032	24	3550824	7340032	24	0	0	88610	0	
11010048	11010048	3550844	4	7340032	33012	3517836	7340032	1232	0	0	110106	0	
11010048	11010048	3550840	8	7340032	24	3550824	7340032	1232	1208	0	101995	98	
11010048	11010048	3550844	4	7340032	24	3550824	7340032	24	0	0	78221	0	
11010048	11010048	3550840	8	7340032	84	3550764	7340032	84	0	0	91545	0	
11010048	11010048	3550844	4	7340032	24	3550824	7340032	24	0	0	74220	0	
11010048	11010048	3550848	0	7340032	96	3550752	7340032	96	0	0	81333	0	
11010048	11010048	3550840	8	7340032	24	3550824	7340032	24	0	0	74393	0	
11010048	11010048	3550848	0	7340032	1620	3549228	7340032	1620	0	0	120857	0	
11010048	11010048	3550844	4	7340032	24	3550824	7340032	1620	1596	0	222097	98	
11010048	11010048	3550848	0	7340032	24	3550824	7340032	24	0	0	73696	0	
11010048	11010048	3550844	4	7340032	84	3550764	7340032	2318608	2318524	0	514910	9660516	
11010048	11010048	3550844	4	7340032	24	3550824	7340032	24	0	0	93819	0	
11010048	11010048	3550848	0	7340032	24	3550824	7340032	24	0	0	76508	0	
11010048	11010048	3550848	0	7340032	24	3550824	7340032	24	0	0	74066	0	
11010048	11010048	3550848	0	7340032	24	3550824	7340032	24	0	0	74624	0	
11010048	11010048	3550840	8	7340032	96	3550752	7340032	96	0	0	71768	0	
11010048	11010048	3550848	0	7340032	24	3550824	7340032	24	0	0	91728	0	
11010048	11010048	3550848	0	7340032	52	3550796	7340032	52	0	0	78743	0	
11010048	11010048	3550848	0	7340032	24	3550824	7340032	52	28	0	111672	53	
11010048	11010048	3550848	0	7340032	288	3550560	7340032	288	0	0	123106	0	
11010048	11010048	3550848	0	7340032	84	3550764	7340032	348	264	0	133499	91	
11010048	11010048	3550848	0	7340032	24	3550824	7340032	24	0	0	96611	0	
11010048	11010048	3550848	0	7340032	24	3550824	7340032	24	0	0	77414	0	
11010048	11010048	3550840	8	7340032	24	3550824	7340032	24	0	0	79564	0	
11010048	11010048	3550848	0	7340032	584	3550264	7340032	584	0	0	85999	0	
11010048	11010048	3550844	4	7340032	96	3550752	7340032	656	560	0	89212	95	
11010048	11010048	3550848	0	7340032	24	3550824	7340032	24	0	0	75331	0	
11010048	11010048	3550844	4	7340032	84	3550764	7340032	84	0	0	77449	0	
11010048	11010048	3550844	4	7340032	24	3550824	7340032	24	0	0	81618	0	
11010048	11010048	3550848	0	7340032	24	3550824	7340032	3477876	3477852	0	910257	14491050	
11010048	11010048	65568	3485280	7340032	0	3550848	7340032	64716	64716	0	1981258	269650	
11010048	11010048	3550848	0	7340032	24	3550824	7340032	24	0	0	92806	0	
11010048	11010048	3550848	0	7340032	24	3550824	7340032	24	0	0	77635	0	
11010048	11010048	3550848	0	7340032	24	3550824	7340032	24	0	0	80622	0	
11010048	11010048	3550848	0	7340032	96	3550752	7340032	96	0	0	88151	0	
11010048	11010048	3550844	4	7340032	24	3550824	7340032	24	0	0	78589	0	
11010048	11010048	3550848	0	7340032	24	3550824	7340032	24	0	0	78304	0	
11010048	11010048	3550848	0	7340032	96	3550752	7340032	96	0	0	77949	0	
11010048	11010048	3550844	4	7340032	24	3550824	7340032	24	0	0	80776	0	
11010048	11010048	3550848	0	7340032	24	3550824	7340032	24	0	0	82555	0	
11010048	11010048	3550844	4	7340032	88	3550760	7340032	88	0	0	82098	0	
11010048	11010048	3550848	0	7340032	24	3550824	7340032	52	28	0	87678	31	
11010048	11010048	3550844	4	7340032	96	3550752	7340032	96	0	0	83440	0	
11010048	11010048	3550840	8	7340032	24	3550824	7340032	24	0	0	78566	0	
11010048	11010048	3550848	0	7340032	24	3550824	7340032	24	0	0	80538	0	
11010048	11010048	3550844	4	7340032	96	3550752	7340032	96	0	0	83759	0	
11010048	11010048	3550848	0	7340032	24	3550824	7340032	24	0	0	78951	0	
11010048	11010048	3550848	0	7340032	24	3550824	7340032	24	0	0	81009	0	
11010048	11010048	3550844	4	7340032	96	3550752	7340032	96	0	0	78624	0	
11010048	11010048	3550848	0	7340032	24	3550824	7340032	24	0	0	74914	0	
11010048	11010048	3550848	0	7340032	24	3550824	7340032	24	0	0	77315	0	
11010048	11010048	3550844	4	7340032	24	3550824	7340032	24	0	0	82824	0	
11010048	11010048	3550844	4	7340032	148	3550700	7340032	148	0	0	84095	0	
11010048	11010048	3550848	0	7340032	96	3550752	7340032	220	124	0	86272	83	
11010048	11010048	3550840	8	7340032	80	3550768	7340032	80	0	0	84658	0	
11010048	11010048	3550844	4	7340032	248	3550600	7340032	304	56	0	105282	70	
11010048	11010048	3550840	8	7340032	96	3550752	7340032	320	224	0	111155	90	
11010048	11010048	3550848	0	7340032	24	3550824	7340032	5216868	5216844	0	1055784	5434212	
11010048	11010048	3550844	4	7340032	24	3550824	7340032	24	0	0	82058	0	
11010048	11010048	3550848	0	7340032	96	3550752	7340032	96	0	0	72454	0	
11010048	11010048	3550840	8	7340032	24	3550824	7340032	24	0	0	81789	0	
11010048	11010048	3550840	8	7340032	24	3550824	7340032	24	0	0	84147	0	
11010048	11010048	3550840	8	7340032	96	3550752	7340032	96	0	0	78981	0	
11010048	11010048	3550844	4	7340032	2672	3548176	7340032	2672	0	0	154416	0	
11010048	11010048	3550840	8	7340032	24	3550824	7340032	2672	2648	0	101258	99	
11010048	11010048	3550840	8	7340032	48	3550800	7340032	48	0	0	76052	0	
11010048	11010048	3550844	4	7340032	24	3550824	7340032	24	0	0	78176	0	
11010048	11010048	3550844	4	7340032	24	3550824	7340032	24	0	0	80173	0	
11010048	11010048	3550844	4	7340032	348	3550500	7340032	348	0	0	80359	0	
11010048	11010048	3550844	4	7340032	24	3550824	7340032	348	324	0	87097	93	
11010048	11010048	3550848	0	7340032	808	3550040	7340032	808	0	0	107036	0	
11010048	11010048	3550840	8	7340032	24	3550824	7340032	736	712	0	104415	88	
11010048	11010048	3550844	4	7340032	24	3550824	7340032	24	0	0	78322	0	
11010048	11010048	3550844	4	7340032	84	3550764	7340032	84	0	0	77792	0	
11010048	11010048	3550844	4	7340032	24	3550824	7340032	24	0	0	77885	0	
11010048	11010048	3550844	4	7340032	24	3550824	7340032	24	0	0	74932	0	
11010048	11010048	3550848	0	7340032	96	3550752	7340032	96	0	0	76342	0	
11010048	11010048	3550840	8	7340032	108	3550740	7340032	108	0	0	82766	0	
11010048	11010048	3550844	4	7340032	24	3550824	7340032	108	84	0	102903	77	
11010048	11010048	3550844	4	7340032	96	3550752	7340032	96	0	0	82938	0	
11010048	11010048	3550840	8	7340032	1408	3549440	7340032	1408	0	0	87900	0	
11010048	11010048	3550820	28	7340032	12	3550836	7340032	1396	1384	0	92926	98	
11010048	11010048	3550840	8	7340032	364	3550484	7340032	364	0	0	94374	0	
11010048	11010048	3550844	4	7340032	24	3550824	7340032	304	280	0	81651	76	
11010048	11010048	3550844	4	7340032	24	3550824	7340032	24	0	0	71046	0	
11010048	11010048	3550836	12	7340032	176	3550672	7340032	176	0	0	78482	0	
11010048	11010048	3550840	8	7340032	24	3550824	7340032	24	0	0	76779	0	
11010048	11010048	3550840	8	7340032	24	3550824	7340032	24	0	0	77277	0	
11010048	11010048	3550848	0	7340032	24	3550824	7340032	24	0	0	78473	0	
11010048	11010048	3550844	4	7340032	24	3550824	7340032	24	0	0	76440	0	
11010048	11010048	3550848	0	7340032	96	3550752	7340032	96	0	0	84579	0	
11010048	11010048	3550840	8	7340032	24	3550824	7340032	24	0	0	79217	0	
11010048	11010048	3550840	8	7340032	24	3550824	7340032	24	0	0	79889	0	
11010048	11010048	3550840	8	7340032	96	3550752	7340032	96	0	0	80220	0	
11010048	11010048	3550848	0	7340032	24	3550824	7340032	24	0	0	78856	0	
11010048	11010048	3550844	4	7340032	24	3550824	7340032	24	0	0	78376	0	
11010048	11010048	3550848	0	7340032	96	3550752	7340032	96	0	0	80778	0	
11010048	11010048	3550840	8	7340032	24	3550824	7340032	24	0	0	76735	0	
11010048	11010048	3550844	4	7340032	24	3550824	7340032	24	0	0	80662	0	
11010048	11010048	3550844	4	7340032	96	3550752	7340032	7825428	7825332	0	1678405	32605550	
11010048	11010048	65652	3485196	7340032	0	3550848	7340032	23616	23616	0	2112899	24600	
11010048	11010048	3550848	0	7340032	24	3550824	7340032	24	0	0	93220	0	
11010048	11010048	3550844	4	7340032	24	3550824	7340032	24	0	0	72718	0	
11010048	11010048	3550848	0	7340032	96	3550752	7340032	96	0	0	77243	0	
11010048	11010048	3550844	4	7340032	24	3550824	7340032	24	0	0	80177	0	
11010048	11010048	3550844	4	7340032	24	3550824	7340032	24	0	0	80885	0	
11010048	11010048	3550840	8	7340032	196	3550652	7340032	196	0	0	86127	0	
11010048	11010048	3550848	0	7340032	24	3550824	7340032	124	100	0	89212	51	
11010048	11010048	3550844	4	7340032	24	3550824	7340032	24	0	0	77632	0	
11010048	11010048	3550848	0	7340032	96	3550752	7340032	96	0	0	77074	0	
11010048	11010048	3550840	8	7340032	24	3550824	7340032	24	0	0	79341	0	
11010048	11010048	3550840	8	7340032	24	3550824	7340032	24	0	0	74402	0	
11010048	11010048	3550840	8	7340032	84	3550764	7340032	84	0	0	79866	0	
11010048	11010048	3550844	4	7340032	24	3550824	7340032	24	0	0	78424	0	
11010048	11010048	3550844	4	7340032	24	3550824	7340032	24	0	0	79554	0	
11010048	11010048	3550840	8	7340032	96	3550752	7340032	96	0	0	89967	0	
