b_initial_y_size_0	b_max_y_size_1	b_used_2	b_available_3	b_committed_4	a_used_5	a_available_6	a_committed_7	a_survived_8	a_promoted_9	a_copied_10	a_time_in_ns_11	promotion_rate_12
3145728	3145728	1014528	4999820	2097152	1384	6012964	2097152	57712	56328	0	124309	98	
3145728	3145728	1014528	4999820	2097152	2012	6012336	2097152	2552	540	0	48843	39	
3145728	3145728	1014528	4999820	2097152	1376	6012972	2097152	2928	1552	0	154354	77	
3145728	3145728	1014520	4999828	2097152	4436	6009912	2097152	4436	0	0	114830	0	
3145728	3145728	1014528	4999820	2097152	11224	6003124	2097152	11832	608	0	62701	13	
3145728	3145728	1014528	4999820	2097152	600	6013748	2097152	11368	10768	0	78209	95	
3145728	3145728	1014528	4999820	2097152	8512	6005836	2097152	8848	336	0	68249	56	
3145728	3145728	1014528	4999820	2097152	612	6013736	2097152	9040	8428	0	51771	99	
3145728	3145728	1014520	4999828	2097152	208	6014140	2097152	712	504	0	62851	82	
3145728	3145728	1014524	4999824	2097152	1032	6013316	2097152	1032	0	0	94520	0	
3145728	3145728	1014528	4999820	2097152	1224	6013124	2097152	2016	792	0	47177	76	
3145728	3145728	1014528	4999820	2097152	444	6013904	2097152	1212	768	0	101212	62	
3145728	3145728	1014528	4999820	2097152	456	6013892	2097152	456	0	0	67521	0	
3145728	3145728	1014524	4999824	2097152	1440	6012908	2097152	1440	0	0	45036	0	
3145728	3145728	1014524	4999824	2097152	812	6013536	2097152	2144	1332	0	54745	92	
3145728	3145728	1014524	4999824	2097152	352	6013996	2097152	924	572	0	41951	70	
3145728	3145728	1014528	4999820	2097152	700	6013648	2097152	980	280	0	44772	79	
3145728	3145728	1014524	4999824	2097152	1008	6013340	2097152	1612	604	0	72583	86	
3145728	3145728	1014520	4999828	2097152	3488	6010860	2097152	4400	912	0	68659	90	
3145728	3145728	1014528	4999820	2097152	44552	5969796	2097152	16896	3344	0	81831	95	
3145728	3145728	1014524	4999824	2097152	59444	5954904	2097152	30176	1444	0	69905	10	
3145728	3145728	1014524	4999824	2097152	72848	5941500	2097152	42244	1944	0	71612	6	
3145728	3145728	1014520	4999828	2097152	216	6014132	2097152	40420	40204	0	81636	99	
3145728	3145728	1014528	4999820	2097152	92952	5921396	2097152	60400	144	0	67762	66	
3145728	3145728	1014524	4999824	2097152	1800	6012548	2097152	61984	60184	0	90200	99	
3145728	3145728	1014520	4999828	2097152	123108	5891240	2097152	92528	1728	0	78271	96	
3145728	3145728	1014520	4999828	2097152	34092	5980256	2097152	92084	90728	0	118693	99	
3145728	3145728	1014524	4999824	2097152	264	6014084	2097152	264	0	0	54586	0	
3145728	3145728	1150096	4864252	2244608	492	6013856	2097152	136260	135768	0	96201	51427	
3145728	3145728	1014528	4999820	2097152	72	6014276	2097152	492	420	0	65850	85	
3145728	3145728	1014524	4999824	2097152	424	6013924	2097152	424	0	0	57442	0	
3145728	3145728	1014528	4999820	2097152	400	6013948	2097152	728	328	0	63081	77	
3145728	3145728	1217952	4796396	2310144	1536	6012812	2097152	205268	203732	0	138341	50933	
3145728	3145728	1014520	4999828	2097152	84	6014264	2097152	1524	1440	0	64819	93	
3145728	3145728	1014520	4999828	2097152	96	6014252	2097152	96	0	0	55326	0	
3145728	3145728	1014520	4999828	2097152	84	6014264	2097152	84	0	0	55389	0	
3145728	3145728	1014520	4999828	2097152	1276	6013072	2097152	1276	0	0	60064	0	
3145728	3145728	1319732	4694616	2412544	72	6014276	2097152	306460	306388	0	122342	24011	
3145728	3145728	1014524	4999824	2097152	84	6014264	2097152	84	0	0	58497	0	
3145728	3145728	1014524	4999824	2097152	628	6013720	2097152	628	0	0	61542	0	
3145728	3145728	1014528	4999820	2097152	168	6014180	2097152	700	532	0	64565	84	
3145728	3145728	1014520	4999828	2097152	96	6014252	2097152	168	72	0	62502	42	
3145728	3145728	1014520	4999828	2097152	96	6014252	2097152	96	0	0	55495	0	
3145728	3145728	1014524	4999824	2097152	96	6014252	2097152	96	0	0	53589	0	
3145728	3145728	1014524	4999824	2097152	1000	6013348	2097152	1000	0	0	56944	0	
3145728	3145728	1014528	4999820	2097152	96	6014252	2097152	1000	904	0	65257	90	
3145728	3145728	1472404	4541944	2564096	96	6014252	2097152	457972	457876	0	148785	476954	
3145728	3145728	1014520	4999828	2097152	96	6014252	2097152	96	0	0	60616	0	
3145728	3145728	1014524	4999824	2097152	24	6014324	2097152	24	0	0	56868	0	
3145728	3145728	1014524	4999824	2097152	24	6014324	2097152	24	0	0	55131	0	
3145728	3145728	1014524	4999824	2097152	24	6014324	2097152	24	0	0	55835	0	
3145728	3145728	1014524	4999824	2097152	24	6014324	2097152	24	0	0	55709	0	
3145728	3145728	1014524	4999824	2097152	24	6014324	2097152	24	0	0	55697	0	
3145728	3145728	1014524	4999824	2097152	24	6014324	2097152	24	0	0	55655	0	
3145728	3145728	1014524	4999824	2097152	24	6014324	2097152	24	0	0	53408	0	
3145728	3145728	1014524	4999824	2097152	24	6014324	2097152	24	0	0	55663	0	
3145728	3145728	1014524	4999824	2097152	24	6014324	2097152	24	0	0	56238	0	
3145728	3145728	1014524	4999824	2097152	24	6014324	2097152	24	0	0	53977	0	
3145728	3145728	1014524	4999824	2097152	24	6014324	2097152	24	0	0	54831	0	
3145728	3145728	1701404	4312944	2793472	24	6014324	2097152	686904	686880	0	189920	2862000	
3145728	3145728	1014524	4999824	2097152	24	6014324	2097152	24	0	0	58621	0	
3145728	3145728	1014524	4999824	2097152	24	6014324	2097152	24	0	0	54741	0	
3145728	3145728	1014524	4999824	2097152	24	6014324	2097152	24	0	0	54651	0	
3145728	3145728	1014524	4999824	2097152	24	6014324	2097152	24	0	0	55006	0	
3145728	3145728	1014524	4999824	2097152	24	6014324	2097152	24	0	0	54918	0	
3145728	3145728	1014524	4999824	2097152	24	6014324	2097152	24	0	0	56468	0	
3145728	3145728	1014524	4999824	2097152	24	6014324	2097152	24	0	0	55478	0	
3145728	3145728	1014524	4999824	2097152	24	6014324	2097152	24	0	0	54188	0	
3145728	3145728	1014524	4999824	2097152	408	6013940	2097152	408	0	0	54833	0	
3145728	3145728	1014520	4999828	2097152	24	6014324	2097152	408	384	0	59478	94	
3145728	3145728	1014524	4999824	2097152	24	6014324	2097152	24	0	0	55084	0	
3145728	3145728	1014520	4999828	2097152	24	6014324	2097152	24	0	0	55694	0	
3145728	3145728	1014528	4999820	2097152	24	6014324	2097152	24	0	0	55476	0	
3145728	3145728	1014528	4999820	2097152	24	6014324	2097152	24	0	0	55984	0	
3145728	3145728	1014524	4999824	2097152	24	6014324	2097152	24	0	0	54369	0	
3145728	3145728	1014520	4999828	2097152	24	6014324	2097152	24	0	0	55244	0	
3145728	3145728	1014520	4999828	2097152	24	6014324	2097152	24	0	0	54598	0	
3145728	3145728	1014528	4999820	2097152	24	6014324	2097152	24	0	0	56194	0	
3145728	3145728	2044908	3969440	3137536	24	6014324	2097152	1030408	1030384	0	244090	4293266	
3145728	3145728	1014524	4999824	2097152	24	6014324	2097152	24	0	0	60222	0	
3145728	3145728	1014520	4999828	2097152	60	6014288	2097152	60	0	0	57401	0	
3145728	3145728	1014520	4999828	2097152	96	6014252	2097152	96	0	0	53707	0	
3145728	3145728	1014520	4999828	2097152	96	6014252	2097152	96	0	0	58055	0	
3145728	3145728	1014520	4999828	2097152	96	6014252	2097152	96	0	0	56217	0	
3145728	3145728	1014524	4999824	2097152	96	6014252	2097152	96	0	0	57097	0	
3145728	3145728	1014528	4999820	2097152	96	6014252	2097152	96	0	0	57186	0	
3145728	3145728	1014528	4999820	2097152	96	6014252	2097152	96	0	0	57239	0	
3145728	3145728	1014520	4999828	2097152	96	6014252	2097152	96	0	0	56449	0	
3145728	3145728	1014524	4999824	2097152	96	6014252	2097152	96	0	0	56978	0	
3145728	3145728	1014524	4999824	2097152	96	6014252	2097152	96	0	0	56623	0	
3145728	3145728	1014528	4999820	2097152	96	6014252	2097152	96	0	0	57232	0	
3145728	3145728	1014520	4999828	2097152	96	6014252	2097152	96	0	0	57832	0	
3145728	3145728	1014520	4999828	2097152	96	6014252	2097152	96	0	0	57462	0	
3145728	3145728	1014524	4999824	2097152	24	6014324	2097152	24	0	0	55544	0	
3145728	3145728	1014524	4999824	2097152	24	6014324	2097152	24	0	0	56857	0	
3145728	3145728	1014524	4999824	2097152	24	6014324	2097152	24	0	0	55575	0	
3145728	3145728	1014524	4999824	2097152	24	6014324	2097152	24	0	0	57008	0	
3145728	3145728	1014524	4999824	2097152	24	6014324	2097152	24	0	0	55456	0	
3145728	3145728	1014524	4999824	2097152	24	6014324	2097152	24	0	0	55135	0	
3145728	3145728	1014524	4999824	2097152	24	6014324	2097152	24	0	0	56523	0	
3145728	3145728	1014524	4999824	2097152	24	6014324	2097152	24	0	0	55173	0	
3145728	3145728	1014524	4999824	2097152	24	6014324	2097152	24	0	0	54297	0	
3145728	3145728	1014524	4999824	2097152	24	6014324	2097152	24	0	0	56065	0	
3145728	3145728	1014524	4999824	2097152	1176	6013172	2097152	1176	0	0	56181	0	
3145728	3145728	1014524	4999824	2097152	24	6014324	2097152	1176	1152	0	66218	97	
3145728	3145728	1014524	4999824	2097152	24	6014324	2097152	24	0	0	57000	0	
3145728	3145728	1014524	4999824	2097152	24	6014324	2097152	24	0	0	55630	0	
3145728	3145728	2560164	3454184	3653632	24	6014324	2097152	1545664	1545640	0	392311	6440166	
3145728	3145728	1014524	4999824	2097152	24	6014324	2097152	24	0	0	60611	0	
3145728	3145728	1014524	4999824	2097152	24	6014324	2097152	24	0	0	56060	0	
3145728	3145728	1014524	4999824	2097152	24	6014324	2097152	24	0	0	57415	0	
3145728	3145728	1014524	4999824	2097152	24	6014324	2097152	24	0	0	56234	0	
3145728	3145728	1014528	4999820	2097152	24	6014324	2097152	24	0	0	56926	0	
3145728	3145728	1014524	4999824	2097152	24	6014324	2097152	24	0	0	56620	0	
3145728	3145728	1014520	4999828	2097152	24	6014324	2097152	24	0	0	56093	0	
3145728	3145728	1014528	4999820	2097152	24	6014324	2097152	24	0	0	54846	0	
3145728	3145728	1014528	4999820	2097152	24	6014324	2097152	24	0	0	57415	0	
3145728	3145728	1014524	4999824	2097152	24	6014324	2097152	24	0	0	56950	0	
3145728	3145728	1014520	4999828	2097152	24	6014324	2097152	24	0	0	57168	0	
3145728	3145728	1014520	4999828	2097152	24	6014324	2097152	24	0	0	55211	0	
3145728	3145728	1014528	4999820	2097152	100	6014248	2097152	100	0	0	58472	0	
3145728	3145728	1014524	4999824	2097152	24	6014324	2097152	100	76	0	63664	76	
3145728	3145728	1014524	4999824	2097152	24	6014324	2097152	24	0	0	56622	0	
3145728	3145728	1014520	4999828	2097152	60	6014288	2097152	60	0	0	56435	0	
3145728	3145728	1014520	4999828	2097152	96	6014252	2097152	96	0	0	57124	0	
3145728	3145728	1014520	4999828	2097152	96	6014252	2097152	96	0	0	56466	0	
3145728	3145728	1014520	4999828	2097152	96	6014252	2097152	96	0	0	57061	0	
3145728	3145728	1014524	4999824	2097152	84	6014264	2097152	84	0	0	57418	0	
3145728	3145728	1014528	4999820	2097152	96	6014252	2097152	96	0	0	57766	0	
3145728	3145728	1014528	4999820	2097152	96	6014252	2097152	96	0	0	58306	0	
3145728	3145728	1014520	4999828	2097152	96	6014252	2097152	96	0	0	57609	0	
3145728	3145728	1014524	4999824	2097152	96	6014252	2097152	96	0	0	57895	0	
3145728	3145728	1014524	4999824	2097152	96	6014252	2097152	96	0	0	58634	0	
3145728	3145728	1014528	4999820	2097152	96	6014252	2097152	96	0	0	57768	0	
3145728	3145728	1014520	4999828	2097152	96	6014252	2097152	96	0	0	59033	0	
3145728	3145728	1014520	4999828	2097152	96	6014252	2097152	96	0	0	57051	0	
3145728	3145728	1014524	4999824	2097152	24	6014324	2097152	24	0	0	56132	0	
3145728	3145728	1014524	4999824	2097152	24	6014324	2097152	24	0	0	56405	0	
3145728	3145728	1014524	4999824	2097152	24	6014324	2097152	24	0	0	56339	0	
3145728	3145728	1014528	4999820	2097152	324	6014024	2097152	324	0	0	91041	0	
3145728	3145728	1014528	4999820	2097152	24	6014324	2097152	324	300	0	66144	92	
3145728	3145728	1014528	4999820	2097152	24	6014324	2097152	24	0	0	56037	0	
3145728	3145728	1014528	4999820	2097152	24	6014324	2097152	24	0	0	55650	0	
3145728	3145728	1014528	4999820	2097152	24	6014324	2097152	24	0	0	55892	0	
3145728	3145728	1014528	4999820	2097152	24	6014324	2097152	24	0	0	56757	0	
3145728	3145728	1014528	4999820	2097152	24	6014324	2097152	24	0	0	55724	0	
3145728	3145728	1014528	4999820	2097152	24	6014324	2097152	24	0	0	56525	0	
3145728	3145728	1014528	4999820	2097152	24	6014324	2097152	24	0	0	57058	0	
3145728	3145728	1014528	4999820	2097152	24	6014324	2097152	24	0	0	56653	0	
3145728	3145728	1014528	4999820	2097152	24	6014324	2097152	24	0	0	57062	0	
3145728	3145728	3333052	2681296	4427776	24	6014324	2097152	2318548	2318524	0	652277	9660516	
3145728	3145728	1014528	4999820	2097152	868	6013480	2097152	868	0	0	77526	0	
3145728	3145728	1014528	4999820	2097152	96	6014252	2097152	868	772	0	74470	88	
3145728	3145728	1014520	4999828	2097152	96	6014252	2097152	96	0	0	59536	0	
3145728	3145728	1014524	4999824	2097152	96	6014252	2097152	96	0	0	59873	0	
3145728	3145728	1014528	4999820	2097152	96	6014252	2097152	96	0	0	91658	0	
3145728	3145728	1014528	4999820	2097152	96	6014252	2097152	96	0	0	58047	0	
3145728	3145728	1014520	4999828	2097152	96	6014252	2097152	96	0	0	59096	0	
3145728	3145728	1014524	4999824	2097152	96	6014252	2097152	96	0	0	61047	0	
3145728	3145728	1014528	4999820	2097152	24	6014324	2097152	24	0	0	60697	0	
3145728	3145728	1014528	4999820	2097152	24	6014324	2097152	24	0	0	57745	0	
3145728	3145728	1014528	4999820	2097152	24	6014324	2097152	24	0	0	58478	0	
3145728	3145728	1014528	4999820	2097152	24	6014324	2097152	24	0	0	58222	0	
3145728	3145728	1014528	4999820	2097152	24	6014324	2097152	24	0	0	57117	0	
3145728	3145728	1014528	4999820	2097152	24	6014324	2097152	24	0	0	58010	0	
3145728	3145728	1014528	4999820	2097152	24	6014324	2097152	24	0	0	57245	0	
3145728	3145728	1014528	4999820	2097152	24	6014324	2097152	24	0	0	58388	0	
3145728	3145728	1014528	4999820	2097152	24	6014324	2097152	24	0	0	57458	0	
3145728	3145728	1014528	4999820	2097152	24	6014324	2097152	24	0	0	57720	0	
3145728	3145728	1014528	4999820	2097152	24	6014324	2097152	24	0	0	57084	0	
3145728	3145728	1014528	4999820	2097152	24	6014324	2097152	24	0	0	56136	0	
3145728	3145728	1014528	4999820	2097152	24	6014324	2097152	24	0	0	58617	0	
3145728	3145728	1014528	4999820	2097152	24	6014324	2097152	24	0	0	56752	0	
3145728	3145728	1014528	4999820	2097152	24	6014324	2097152	24	0	0	57691	0	
3145728	3145728	1014528	4999820	2097152	556	6013792	2097152	556	0	0	60043	0	
3145728	3145728	1014528	4999820	2097152	24	6014324	2097152	556	532	0	104543	95	
3145728	3145728	1014524	4999824	2097152	24	6014324	2097152	24	0	0	58824	0	
3145728	3145728	1014520	4999828	2097152	24	6014324	2097152	24	0	0	56608	0	
3145728	3145728	1014520	4999828	2097152	24	6014324	2097152	24	0	0	58049	0	
3145728	3145728	1014528	4999820	2097152	24	6014324	2097152	24	0	0	57169	0	
3145728	3145728	1014524	4999824	2097152	24	6014324	2097152	24	0	0	58050	0	
3145728	3145728	1014520	4999828	2097152	288	6014060	2097152	288	0	0	76363	0	
3145728	3145728	1014520	4999828	2097152	24	6014324	2097152	288	264	0	65297	91	
3145728	3145728	1014528	4999820	2097152	24	6014324	2097152	24	0	0	58167	0	
3145728	3145728	1014524	4999824	2097152	24	6014324	2097152	24	0	0	56755	0	
3145728	3145728	1014512	4999836	2097152	716	6013632	2097152	716	0	0	64539	0	
3145728	3145728	1014524	4999824	2097152	60	6014288	2097152	60	0	0	57090	0	
3145728	3145728	1014524	4999824	2097152	1392	6012956	2097152	1392	0	0	81516	0	
3145728	3145728	1014524	4999824	2097152	96	6014252	2097152	1392	1296	0	67724	93	
3145728	3145728	1014528	4999820	2097152	84	6014264	2097152	84	0	0	59769	0	
3145728	3145728	1014528	4999820	2097152	96	6014252	2097152	96	0	0	58158	0	
3145728	3145728	1014520	4999828	2097152	96	6014252	2097152	96	0	0	60980	0	
3145728	3145728	1014524	4999824	2097152	96	6014252	2097152	96	0	0	57450	0	
3145728	3145728	1014528	4999820	2097152	96	6014252	2097152	96	0	0	60645	0	
3145728	3145728	1014520	4999828	2097152	96	6014252	2097152	96	0	0	58871	0	
3145728	3145728	1014520	4999828	2097152	96	6014252	2097152	96	0	0	58740	0	
3145728	3145728	1014524	4999824	2097152	96	6014252	2097152	96	0	0	58768	0	
3145728	3145728	1014528	4999820	2097152	24	6014324	2097152	24	0	0	58153	0	
3145728	3145728	1014528	4999820	2097152	80	6014268	2097152	80	0	0	62592	0	
3145728	3145728	1014528	4999820	2097152	24	6014324	2097152	80	56	0	64891	70	
3145728	3145728	1014528	4999820	2097152	24	6014324	2097152	24	0	0	58620	0	
3145728	3145728	1014528	4999820	2097152	24	6014324	2097152	24	0	0	57412	0	
3145728	3145728	1014528	4999820	2097152	24	6014324	2097152	24	0	0	57549	0	
3145728	3145728	1014528	4999820	2097152	24	6014324	2097152	24	0	0	56678	0	
3145728	3145728	1014528	4999820	2097152	24	6014324	2097152	24	0	0	57275	0	
3145728	3145728	1014528	4999820	2097152	24	6014324	2097152	24	0	0	57314	0	
3145728	3145728	1014528	4999820	2097152	24	6014324	2097152	24	0	0	57342	0	
3145728	3145728	1014528	4999820	2097152	24	6014324	2097152	24	0	0	57556	0	
3145728	3145728	1014528	4999820	2097152	24	6014324	2097152	24	0	0	57414	0	
3145728	3145728	1014528	4999820	2097152	24	6014324	2097152	24	0	0	58291	0	
3145728	3145728	1014528	4999820	2097152	24	6014324	2097152	24	0	0	57734	0	
3145728	3145728	1014528	4999820	2097152	24	6014324	2097152	24	0	0	57330	0	
3145728	3145728	1014528	4999820	2097152	24	6014324	2097152	24	0	0	57585	0	
3145728	3145728	1014528	4999820	2097152	24	6014324	2097152	24	0	0	57324	0	
3145728	3145728	1014524	4999824	2097152	24	6014324	2097152	24	0	0	57716	0	
3145728	3145728	4492372	1521976	5586944	24	6014324	2097152	3477876	3477852	0	751701	14491050	
3145728	3145728	1014528	4999820	2097152	24	6014324	2097152	24	0	0	61965	0	
3145728	3145728	1014524	4999824	2097152	24	6014324	2097152	24	0	0	58747	0	
3145728	3145728	1014520	4999828	2097152	24	6014324	2097152	24	0	0	57350	0	
3145728	3145728	1014528	4999820	2097152	24	6014324	2097152	24	0	0	57789	0	
3145728	3145728	1014524	4999824	2097152	24	6014324	2097152	24	0	0	55786	0	
3145728	3145728	1014524	4999824	2097152	60	6014288	2097152	60	0	0	58952	0	
3145728	3145728	1014524	4999824	2097152	96	6014252	2097152	96	0	0	59081	0	
3145728	3145728	1014528	4999820	2097152	96	6014252	2097152	96	0	0	59130	0	
3145728	3145728	1014520	4999828	2097152	96	6014252	2097152	96	0	0	59073	0	
3145728	3145728	1014524	4999824	2097152	96	6014252	2097152	96	0	0	58485	0	
3145728	3145728	1014528	4999820	2097152	96	6014252	2097152	96	0	0	57151	0	
3145728	3145728	1014520	4999828	2097152	96	6014252	2097152	96	0	0	59420	0	
3145728	3145728	1014524	4999824	2097152	96	6014252	2097152	96	0	0	59541	0	
3145728	3145728	1014528	4999820	2097152	24	6014324	2097152	24	0	0	58660	0	
3145728	3145728	1014528	4999820	2097152	24	6014324	2097152	24	0	0	88720	0	
3145728	3145728	1014524	4999824	2097152	24	6014324	2097152	24	0	0	57821	0	
3145728	3145728	1014528	4999820	2097152	24	6014324	2097152	24	0	0	57439	0	
3145728	3145728	1014528	4999820	2097152	24	6014324	2097152	24	0	0	57239	0	
3145728	3145728	1014528	4999820	2097152	24	6014324	2097152	24	0	0	57459	0	
3145728	3145728	1014528	4999820	2097152	24	6014324	2097152	24	0	0	58413	0	
3145728	3145728	1014528	4999820	2097152	24	6014324	2097152	24	0	0	58100	0	
3145728	3145728	1014528	4999820	2097152	24	6014324	2097152	24	0	0	56729	0	
3145728	3145728	1014528	4999820	2097152	24	6014324	2097152	24	0	0	56774	0	
3145728	3145728	1014528	4999820	2097152	24	6014324	2097152	24	0	0	58354	0	
3145728	3145728	1014528	4999820	2097152	24	6014324	2097152	24	0	0	59232	0	
3145728	3145728	1014524	4999824	2097152	24	6014324	2097152	24	0	0	57918	0	
3145728	3145728	1014528	4999820	2097152	24	6014324	2097152	24	0	0	58160	0	
3145728	3145728	1014524	4999824	2097152	24	6014324	2097152	24	0	0	53532	0	
3145728	3145728	1014520	4999828	2097152	24	6014324	2097152	24	0	0	58239	0	
3145728	3145728	1014528	4999820	2097152	24	6014324	2097152	24	0	0	93060	0	
3145728	3145728	1014524	4999824	2097152	24	6014324	2097152	24	0	0	56549	0	
3145728	3145728	1014524	4999824	2097152	60	6014288	2097152	60	0	0	57196	0	
3145728	3145728	1014524	4999824	2097152	96	6014252	2097152	96	0	0	58552	0	
3145728	3145728	1014524	4999824	2097152	96	6014252	2097152	96	0	0	58700	0	
3145728	3145728	1014528	4999820	2097152	84	6014264	2097152	84	0	0	59064	0	
3145728	3145728	1014524	4999824	2097152	96	6014252	2097152	96	0	0	60232	0	
3145728	3145728	1014528	4999820	2097152	220	6014128	2097152	220	0	0	56647	0	
3145728	3145728	1014520	4999828	2097152	96	6014252	2097152	220	124	0	65303	56	
3145728	3145728	1014524	4999824	2097152	96	6014252	2097152	96	0	0	58584	0	
3145728	3145728	1014528	4999820	2097152	24	6014324	2097152	24	0	0	57739	0	
3145728	3145728	1014528	4999820	2097152	24	6014324	2097152	24	0	0	56900	0	
3145728	3145728	1014528	4999820	2097152	24	6014324	2097152	24	0	0	84259	0	
3145728	3145728	1014528	4999820	2097152	24	6014324	2097152	24	0	0	56193	0	
3145728	3145728	1014528	4999820	2097152	24	6014324	2097152	24	0	0	57857	0	
3145728	3145728	1014528	4999820	2097152	24	6014324	2097152	24	0	0	56939	0	
3145728	3145728	1014524	4999824	2097152	12	6014336	2097152	12	0	0	59339	0	
3145728	3145728	1014524	4999824	2097152	24	6014324	2097152	24	0	0	57822	0	
3145728	3145728	1014528	4999820	2097152	24	6014324	2097152	24	0	0	56793	0	
3145728	3145728	1014528	4999820	2097152	24	6014324	2097152	24	0	0	57624	0	
3145728	3145728	1014528	4999820	2097152	24	6014324	2097152	24	0	0	58137	0	
3145728	3145728	1014528	4999820	2097152	24	6014324	2097152	24	0	0	57521	0	
3145728	3145728	1014524	4999824	2097152	24	6014324	2097152	24	0	0	58424	0	
3145728	3145728	1014520	4999828	2097152	24	6014324	2097152	24	0	0	56751	0	
3145728	3145728	1014528	4999820	2097152	24	6014324	2097152	24	0	0	58510	0	
3145728	3145728	1014524	4999824	2097152	24	6014324	2097152	24	0	0	57734	0	
3145728	3145728	1014520	4999828	2097152	24	6014324	2097152	24	0	0	58819	0	
3145728	3145728	1014528	4999820	2097152	24	6014324	2097152	24	0	0	54627	0	
3145728	3145728	1014512	4999836	2097152	36	6014312	2097152	36	0	0	63112	0	
3145728	3145728	1014524	4999824	2097152	96	6014252	2097152	96	0	0	59523	0	
3145728	3145728	1014524	4999824	2097152	96	6014252	2097152	96	0	0	60243	0	
3145728	3145728	1014528	4999820	2097152	96	6014252	2097152	96	0	0	57754	0	
3145728	3145728	1014520	4999828	2097152	96	6014252	2097152	96	0	0	58703	0	
3145728	3145728	1014524	4999824	2097152	96	6014252	2097152	96	0	0	58783	0	
3145728	3145728	1014528	4999820	2097152	84	6014264	2097152	84	0	0	60135	0	
3145728	3145728	1014520	4999828	2097152	96	6014252	2097152	96	0	0	59133	0	
3145728	3145728	1014524	4999824	2097152	24	6014324	2097152	24	0	0	57153	0	
3145728	3145728	1014528	4999820	2097152	24	6014324	2097152	24	0	0	58193	0	
3145728	3145728	1014528	4999820	2097152	24	6014324	2097152	24	0	0	57773	0	
3145728	3145728	1014528	4999820	2097152	24	6014324	2097152	24	0	0	57743	0	
3145728	3145728	1014528	4999820	2097152	24	6014324	2097152	24	0	0	61067	0	
3145728	3145728	1014528	4999820	2097152	24	6014324	2097152	24	0	0	56472	0	
3145728	3145728	1014528	4999820	2097152	24	6014324	2097152	24	0	0	57758	0	
3145728	3145728	1014528	4999820	2097152	24	6014324	2097152	24	0	0	58380	0	
3145728	3145728	1014528	4999820	2097152	24	6014324	2097152	24	0	0	58303	0	
3145728	3145728	1014528	4999820	2097152	24	6014324	2097152	24	0	0	57688	0	
3145728	3145728	1014528	4999820	2097152	24	6014324	2097152	24	0	0	57537	0	
3145728	3145728	1014524	4999824	2097152	24	6014324	2097152	24	0	0	57771	0	
3145728	3145728	1014520	4999828	2097152	24	6014324	2097152	24	0	0	57176	0	
3145728	3145728	1014520	4999828	2097152	148	6014200	2097152	148	0	0	58887	0	
3145728	3145728	1014528	4999820	2097152	24	6014324	2097152	148	124	0	65119	83	
3145728	3145728	1014524	4999824	2097152	24	6014324	2097152	24	0	0	57965	0	
3145728	3145728	1014520	4999828	2097152	24	6014324	2097152	24	0	0	57802	0	
3145728	3145728	1014528	4999820	2097152	24	6014324	2097152	24	0	0	58159	0	
3145728	3145728	1014524	4999824	2097152	24	6014324	2097152	24	0	0	53526	0	
3145728	3145728	1014520	4999828	2097152	60	6014288	2097152	60	0	0	61684	0	
3145728	3145728	1014520	4999828	2097152	152	6014196	2097152	152	0	0	62249	0	
3145728	3145728	1014524	4999824	2097152	96	6014252	2097152	152	56	0	67306	36	
3145728	3145728	1014528	4999820	2097152	2912	6011436	2097152	2912	0	0	63089	0	
3145728	3145728	1014520	4999828	2097152	96	6014252	2097152	2912	2816	0	83961	96	
3145728	3145728	1014524	4999824	2097152	84	6014264	2097152	84	0	0	59462	0	
3145728	3145728	1014528	4999820	2097152	96	6014252	2097152	96	0	0	59044	0	
3145728	3145728	1014520	4999828	2097152	84	6014264	2097152	84	0	0	57781	0	
3145728	3145728	1014524	4999824	2097152	24	6014324	2097152	24	0	0	58534	0	
3145728	3145728	1014524	4999824	2097152	24	6014324	2097152	24	0	0	58203	0	
3145728	3145728	1014524	4999824	2097152	24	6014324	2097152	24	0	0	57465	0	
3145728	3145728	1014524	4999824	2097152	24	6014324	2097152	24	0	0	58372	0	
3145728	3145728	1014520	4999828	2097152	24	6014324	2097152	24	0	0	59598	0	
3145728	3145728	6231368	4	7323648	24	6231348	2097152	5216868	5216844	0	1067853	21736850	
3145728	3145728	1014524	5216848	2097152	24	6231348	2097152	24	0	0	60996	0	
3145728	3145728	1014524	5216848	2097152	24	6231348	2097152	24	0	0	57401	0	
3145728	3145728	1014524	5216848	2097152	24	6231348	2097152	24	0	0	58703	0	
3145728	3145728	1014524	5216848	2097152	24	6231348	2097152	24	0	0	59109	0	
3145728	3145728	1014524	5216848	2097152	24	6231348	2097152	24	0	0	58177	0	
3145728	3145728	1014520	5216852	2097152	24	6231348	2097152	24	0	0	58721	0	
3145728	3145728	1014528	5216844	2097152	24	6231348	2097152	24	0	0	58953	0	
3145728	3145728	1014520	5216852	2097152	24	6231348	2097152	24	0	0	59354	0	
3145728	3145728	1014528	5216844	2097152	24	6231348	2097152	24	0	0	58827	0	
3145728	3145728	1014524	5216848	2097152	24	6231348	2097152	24	0	0	58869	0	
3145728	3145728	1014520	5216852	2097152	60	6231312	2097152	60	0	0	58816	0	
3145728	3145728	1014520	5216852	2097152	84	6231288	2097152	84	0	0	58372	0	
3145728	3145728	1014524	5216848	2097152	84	6231288	2097152	84	0	0	59302	0	
3145728	3145728	1014528	5216844	2097152	96	6231276	2097152	96	0	0	58537	0	
3145728	3145728	1014520	5216852	2097152	84	6231288	2097152	84	0	0	58489	0	
3145728	3145728	1014528	5216844	2097152	96	6231276	2097152	96	0	0	59014	0	
3145728	3145728	1014520	5216852	2097152	96	6231276	2097152	96	0	0	58549	0	
3145728	3145728	1014524	5216848	2097152	24	6231348	2097152	24	0	0	57746	0	
3145728	3145728	1014524	5216848	2097152	24	6231348	2097152	24	0	0	57979	0	
3145728	3145728	1014528	5216844	2097152	80	6231292	2097152	80	0	0	56014	0	
3145728	3145728	1014524	5216848	2097152	24	6231348	2097152	80	56	0	94932	70	
3145728	3145728	1014524	5216848	2097152	24	6231348	2097152	24	0	0	57052	0	
3145728	3145728	1014524	5216848	2097152	24	6231348	2097152	24	0	0	57030	0	
3145728	3145728	1014524	5216848	2097152	24	6231348	2097152	24	0	0	57028	0	
3145728	3145728	1014524	5216848	2097152	24	6231348	2097152	24	0	0	57139	0	
3145728	3145728	1014524	5216848	2097152	24	6231348	2097152	24	0	0	58042	0	
3145728	3145728	1014524	5216848	2097152	24	6231348	2097152	24	0	0	56936	0	
3145728	3145728	1014524	5216848	2097152	24	6231348	2097152	24	0	0	58484	0	
3145728	3145728	1014520	5216852	2097152	24	6231348	2097152	24	0	0	59076	0	
3145728	3145728	1014528	5216844	2097152	24	6231348	2097152	24	0	0	56981	0	
3145728	3145728	1014524	5216848	2097152	24	6231348	2097152	24	0	0	57028	0	
3145728	3145728	1014520	5216852	2097152	24	6231348	2097152	24	0	0	57437	0	
3145728	3145728	1014528	5216844	2097152	24	6231348	2097152	24	0	0	58231	0	
3145728	3145728	1014520	5216852	2097152	1356	6230016	2097152	1356	0	0	64918	0	
3145728	3145728	1014520	5216852	2097152	96	6231276	2097152	96	0	0	59798	0	
3145728	3145728	1014520	5216852	2097152	96	6231276	2097152	96	0	0	60103	0	
3145728	3145728	1014524	5216848	2097152	588	6230784	2097152	588	0	0	60102	0	
3145728	3145728	1014520	5216852	2097152	96	6231276	2097152	588	492	0	64396	83	
3145728	3145728	1014524	5216848	2097152	96	6231276	2097152	96	0	0	99458	0	
3145728	3145728	1014528	5216844	2097152	96	6231276	2097152	96	0	0	58869	0	
3145728	3145728	1014520	5216852	2097152	96	6231276	2097152	96	0	0	58214	0	
3145728	3145728	1014520	5216852	2097152	24	6231348	2097152	24	0	0	58014	0	
3145728	3145728	1014524	5216848	2097152	24	6231348	2097152	24	0	0	58610	0	
3145728	3145728	1014524	5216848	2097152	24	6231348	2097152	24	0	0	57960	0	
3145728	3145728	1014528	5216844	2097152	736	6230636	2097152	736	0	0	57951	0	
3145728	3145728	1014524	5216848	2097152	24	6231348	2097152	736	712	0	68057	96	
3145728	3145728	1014520	5216852	2097152	24	6231348	2097152	24	0	0	58489	0	
3145728	3145728	1014524	5216848	2097152	24	6231348	2097152	24	0	0	57834	0	
3145728	3145728	1014524	5216848	2097152	24	6231348	2097152	24	0	0	58773	0	
3145728	3145728	1014524	5216848	2097152	24	6231348	2097152	24	0	0	57246	0	
3145728	3145728	1014520	5216852	2097152	24	6231348	2097152	24	0	0	57018	0	
3145728	3145728	1014524	5216848	2097152	24	6231348	2097152	24	0	0	58518	0	
3145728	3145728	1014520	5216852	2097152	24	6231348	2097152	24	0	0	56829	0	
3145728	3145728	1014528	5216844	2097152	24	6231348	2097152	24	0	0	58877	0	
3145728	3145728	1014524	5216848	2097152	24	6231348	2097152	24	0	0	58615	0	
3145728	3145728	1014528	5216844	2097152	24	6231348	2097152	24	0	0	57152	0	
3145728	3145728	1014524	5216848	2097152	24	6231348	2097152	24	0	0	57338	0	
3145728	3145728	1014520	5216852	2097152	60	6231312	2097152	60	0	0	58788	0	
3145728	3145728	1014520	5216852	2097152	84	6231288	2097152	84	0	0	58394	0	
3145728	3145728	1014524	5216848	2097152	96	6231276	2097152	96	0	0	59842	0	
3145728	3145728	1014528	5216844	2097152	96	6231276	2097152	96	0	0	57021	0	
3145728	3145728	1014520	5216852	2097152	84	6231288	2097152	84	0	0	56596	0	
3145728	3145728	1014524	5216848	2097152	96	6231276	2097152	96	0	0	59680	0	
3145728	3145728	1014520	5216852	2097152	84	6231288	2097152	84	0	0	59412	0	
3145728	3145728	1014524	5216848	2097152	24	6231348	2097152	24	0	0	58351	0	
3145728	3145728	1014524	5216848	2097152	24	6231348	2097152	24	0	0	59402	0	
3145728	3145728	1014524	5216848	2097152	24	6231348	2097152	24	0	0	58575	0	
3145728	3145728	1014520	5216852	2097152	24	6231348	2097152	24	0	0	57930	0	
3145728	3145728	1014524	5216848	2097152	24	6231348	2097152	24	0	0	57720	0	
3145728	3145728	1014524	5216848	2097152	108	6231264	2097152	108	0	0	58879	0	
3145728	3145728	1014524	5216848	2097152	24	6231348	2097152	108	84	0	104863	77	
3145728	3145728	1014520	5216852	2097152	24	6231348	2097152	24	0	0	57724	0	
3145728	3145728	1014524	5216848	2097152	24	6231348	2097152	24	0	0	58438	0	
3145728	3145728	1014524	5216848	2097152	24	6231348	2097152	24	0	0	58560	0	
3145728	3145728	1014524	5216848	2097152	24	6231348	2097152	24	0	0	59609	0	
3145728	3145728	1014524	5216848	2097152	24	6231348	2097152	24	0	0	57108	0	
3145728	3145728	1014528	5216844	2097152	24	6231348	2097152	24	0	0	57990	0	
3145728	3145728	1014524	5216848	2097152	24	6231348	2097152	24	0	0	58078	0	
3145728	3145728	1014520	5216852	2097152	24	6231348	2097152	24	0	0	57436	0	
3145728	3145728	1014528	5216844	2097152	1156	6230216	2097152	1156	0	0	61209	0	
3145728	3145728	1014524	5216848	2097152	24	6231348	2097152	1156	1132	0	71055	97	
3145728	3145728	1014520	5216852	2097152	96	6231276	2097152	96	0	0	59074	0	
3145728	3145728	1014520	5216852	2097152	96	6231276	2097152	96	0	0	59902	0	
3145728	3145728	1014524	5216848	2097152	96	6231276	2097152	96	0	0	57992	0	
3145728	3145728	1014528	5216844	2097152	376	6230996	2097152	376	0	0	62124	0	
3145728	3145728	1014524	5216848	2097152	96	6231276	2097152	376	280	0	90625	74	
3145728	3145728	1014528	5216844	2097152	96	6231276	2097152	96	0	0	57617	0	
3145728	3145728	1014520	5216852	2097152	96	6231276	2097152	96	0	0	58926	0	
3145728	3145728	1014524	5216848	2097152	24	6231348	2097152	24	0	0	69739	0	
3145728	3145728	1014520	5216852	2097152	24	6231348	2097152	24	0	0	57612	0	
3145728	3145728	1014524	5216848	2097152	24	6231348	2097152	24	0	0	57061	0	
3145728	3145728	1014524	5216848	2097152	24	6231348	2097152	24	0	0	56896	0	
3145728	3145728	1014524	5216848	2097152	24	6231348	2097152	24	0	0	71854	0	
3145728	3145728	1014520	5216852	2097152	24	6231348	2097152	24	0	0	58500	0	
3145728	3145728	1014524	5216848	2097152	24	6231348	2097152	24	0	0	55966	0	
3145728	3145728	1014524	5216848	2097152	24	6231348	2097152	24	0	0	57813	0	
3145728	3145728	1014524	5216848	2097152	24	6231348	2097152	24	0	0	57807	0	
3145728	3145728	1014524	5216848	2097152	24	6231348	2097152	24	0	0	58612	0	
3145728	3145728	1014520	5216852	2097152	24	6231348	2097152	24	0	0	57974	0	
3145728	3145728	1014520	5216852	2097152	24	6231348	2097152	24	0	0	58475	0	
3145728	3145728	1014528	5216844	2097152	24	6231348	2097152	24	0	0	58358	0	
3145728	3145728	1014524	5216848	2097152	24	6231348	2097152	24	0	0	57801	0	
3145728	3145728	1014528	5216844	2097152	24	6231348	2097152	24	0	0	57488	0	
3145728	3145728	1014524	5216848	2097152	24	6231348	2097152	24	0	0	83997	0	
3145728	3145728	1014520	5216852	2097152	48	6231324	2097152	48	0	0	59275	0	
3145728	3145728	1014520	5216852	2097152	84	6231288	2097152	84	0	0	58694	0	
3145728	3145728	1014524	5216848	2097152	96	6231276	2097152	96	0	0	59248	0	
3145728	3145728	1014528	5216844	2097152	84	6231288	2097152	84	0	0	57715	0	
3145728	3145728	1014520	5216852	2097152	96	6231276	2097152	96	0	0	94944	0	
3145728	3145728	1014524	5216848	2097152	96	6231276	2097152	96	0	0	58141	0	
3145728	3145728	1014520	5216852	2097152	96	6231276	2097152	96	0	0	58648	0	
3145728	3145728	1014524	5216848	2097152	24	6231348	2097152	24	0	0	58667	0	
3145728	3145728	1014524	5216848	2097152	24	6231348	2097152	24	0	0	57086	0	
3145728	3145728	1014524	5216848	2097152	24	6231348	2097152	24	0	0	58211	0	
3145728	3145728	1014520	5216852	2097152	24	6231348	2097152	24	0	0	59515	0	
3145728	3145728	1014524	5216848	2097152	24	6231348	2097152	24	0	0	58663	0	
3145728	3145728	1014524	5216848	2097152	24	6231348	2097152	24	0	0	58227	0	
3145728	3145728	1014524	5216848	2097152	24	6231348	2097152	24	0	0	56839	0	
3145728	3145728	1014524	5216848	2097152	24	6231348	2097152	24	0	0	57614	0	
3145728	3145728	1014524	5216848	2097152	24	6231348	2097152	24	0	0	58698	0	
3145728	3145728	1014524	5216848	2097152	24	6231348	2097152	24	0	0	57564	0	
3145728	3145728	1014524	5216848	2097152	24	6231348	2097152	24	0	0	58050	0	
3145728	3145728	1014524	5216848	2097152	24	6231348	2097152	24	0	0	57876	0	
3145728	3145728	1014528	5216844	2097152	24	6231348	2097152	24	0	0	58851	0	
3145728	3145728	1014524	5216848	2097152	24	6231348	2097152	24	0	0	93552	0	
3145728	3145728	1014520	5216852	2097152	24	6231348	2097152	24	0	0	57851	0	
3145728	3145728	1014528	5216844	2097152	24	6231348	2097152	24	0	0	58128	0	
3145728	3145728	1014524	5216848	2097152	24	6231348	2097152	24	0	0	58271	0	
3145728	3145728	1014520	5216852	2097152	96	6231276	2097152	96	0	0	58168	0	
3145728	3145728	1014520	5216852	2097152	96	6231276	2097152	96	0	0	58364	0	
3145728	3145728	1014524	5216848	2097152	96	6231276	2097152	96	0	0	57523	0	
3145728	3145728	1014520	5216852	2097152	96	6231276	2097152	96	0	0	59272	0	
3145728	3145728	1014524	5216848	2097152	96	6231276	2097152	96	0	0	58659	0	
3145728	3145728	1014528	5216844	2097152	84	6231288	2097152	84	0	0	58612	0	
3145728	3145728	1014520	5216852	2097152	96	6231276	2097152	96	0	0	58613	0	
3145728	3145728	1014520	5216852	2097152	24	6231348	2097152	24	0	0	59128	0	
3145728	3145728	1014524	5216848	2097152	24	6231348	2097152	24	0	0	57868	0	
3145728	3145728	1014524	5216848	2097152	24	6231348	2097152	24	0	0	56856	0	
3145728	3145728	1014524	5216848	2097152	24	6231348	2097152	24	0	0	57235	0	
3145728	3145728	1014524	5216848	2097152	24	6231348	2097152	24	0	0	57958	0	
3145728	3145728	1014524	5216848	2097152	24	6231348	2097152	24	0	0	57372	0	
3145728	3145728	1014524	5216848	2097152	24	6231348	2097152	24	0	0	58494	0	
3145728	3145728	1014524	5216848	2097152	24	6231348	2097152	24	0	0	57350	0	
3145728	3145728	1014524	5216848	2097152	24	6231348	2097152	24	0	0	57523	0	
3145728	3145728	8839852	8	9932800	24	8839836	2097152	7825356	7825332	0	1609846	32605550	
3145728	3145728	1014528	7825332	2097152	96	8839764	2097152	96	0	0	75485	0	
3145728	3145728	1014524	7825336	2097152	96	8839764	2097152	96	0	0	60367	0	
3145728	3145728	1014528	7825332	2097152	84	8839776	2097152	84	0	0	60339	0	
3145728	3145728	1014520	7825340	2097152	96	8839764	2097152	96	0	0	60210	0	
3145728	3145728	1014524	7825336	2097152	24	8839836	2097152	24	0	0	60290	0	
3145728	3145728	1014520	7825340	2097152	24	8839836	2097152	24	0	0	58368	0	
3145728	3145728	1014524	7825336	2097152	24	8839836	2097152	24	0	0	58023	0	
3145728	3145728	1014524	7825336	2097152	24	8839836	2097152	24	0	0	58753	0	
3145728	3145728	1014524	7825336	2097152	24	8839836	2097152	24	0	0	57527	0	
3145728	3145728	1014524	7825336	2097152	24	8839836	2097152	24	0	0	58406	0	
3145728	3145728	1014520	7825340	2097152	24	8839836	2097152	24	0	0	56247	0	
3145728	3145728	1014524	7825336	2097152	24	8839836	2097152	24	0	0	57365	0	
3145728	3145728	1014524	7825336	2097152	24	8839836	2097152	24	0	0	56922	0	
3145728	3145728	1014524	7825336	2097152	24	8839836	2097152	24	0	0	56407	0	
3145728	3145728	1014520	7825340	2097152	24	8839836	2097152	24	0	0	57779	0	
3145728	3145728	1014520	7825340	2097152	24	8839836	2097152	24	0	0	56430	0	
3145728	3145728	1014528	7825332	2097152	24	8839836	2097152	24	0	0	56777	0	
3145728	3145728	1014524	7825336	2097152	24	8839836	2097152	24	0	0	56034	0	
3145728	3145728	1014520	7825340	2097152	24	8839836	2097152	24	0	0	57669	0	
3145728	3145728	1014524	7825336	2097152	24	8839836	2097152	24	0	0	56784	0	
3145728	3145728	1014520	7825340	2097152	60	8839800	2097152	60	0	0	58339	0	
3145728	3145728	1014520	7825340	2097152	84	8839776	2097152	84	0	0	57289	0	
3145728	3145728	1014524	7825336	2097152	448	8839412	2097152	448	0	0	62874	0	
3145728	3145728	1014528	7825332	2097152	96	8839764	2097152	448	352	0	66310	78	
3145728	3145728	1014520	7825340	2097152	96	8839764	2097152	96	0	0	57841	0	
3145728	3145728	1014524	7825336	2097152	96	8839764	2097152	96	0	0	57056	0	
3145728	3145728	1014528	7825332	2097152	96	8839764	2097152	96	0	0	61332	0	
3145728	3145728	1014524	7825336	2097152	24	8839836	2097152	24	0	0	57369	0	
3145728	3145728	1014524	7825336	2097152	24	8839836	2097152	24	0	0	57078	0	
3145728	3145728	1014524	7825336	2097152	24	8839836	2097152	24	0	0	56793	0	
3145728	3145728	1014524	7825336	2097152	24	8839836	2097152	24	0	0	57062	0	
3145728	3145728	1014520	7825340	2097152	24	8839836	2097152	24	0	0	57087	0	
3145728	3145728	1014524	7825336	2097152	24	8839836	2097152	24	0	0	57864	0	
3145728	3145728	1014524	7825336	2097152	24	8839836	2097152	24	0	0	57012	0	
3145728	3145728	1014524	7825336	2097152	24	8839836	2097152	24	0	0	57412	0	
3145728	3145728	1014520	7825340	2097152	24	8839836	2097152	24	0	0	56961	0	
3145728	3145728	1014524	7825336	2097152	24	8839836	2097152	24	0	0	56929	0	
3145728	3145728	1014524	7825336	2097152	24	8839836	2097152	24	0	0	56976	0	
3145728	3145728	1014524	7825336	2097152	24	8839836	2097152	24	0	0	57417	0	
3145728	3145728	1014520	7825340	2097152	24	8839836	2097152	24	0	0	56921	0	
3145728	3145728	1014524	7825336	2097152	24	8839836	2097152	24	0	0	56886	0	
3145728	3145728	1014520	7825340	2097152	24	8839836	2097152	24	0	0	56720	0	
3145728	3145728	1014528	7825332	2097152	24	8839836	2097152	24	0	0	57132	0	
3145728	3145728	1014524	7825336	2097152	24	8839836	2097152	24	0	0	56065	0	
3145728	3145728	1014520	7825340	2097152	96	8839764	2097152	96	0	0	57492	0	
3145728	3145728	1014520	7825340	2097152	96	8839764	2097152	96	0	0	57453	0	
3145728	3145728	1014524	7825336	2097152	84	8839776	2097152	84	0	0	58015	0	
3145728	3145728	1014528	7825332	2097152	96	8839764	2097152	96	0	0	60183	0	
3145728	3145728	1014524	7825336	2097152	96	8839764	2097152	96	0	0	58527	0	
3145728	3145728	1014528	7825332	2097152	96	8839764	2097152	96	0	0	57182	0	
3145728	3145728	1014520	7825340	2097152	84	8839776	2097152	84	0	0	57925	0	
3145728	3145728	1014520	7825340	2097152	24	8839836	2097152	24	0	0	55370	0	
3145728	3145728	1014524	7825336	2097152	24	8839836	2097152	24	0	0	56388	0	
3145728	3145728	1014524	7825336	2097152	24	8839836	2097152	24	0	0	56634	0	
3145728	3145728	1014524	7825336	2097152	24	8839836	2097152	24	0	0	56865	0	
3145728	3145728	1014520	7825340	2097152	24	8839836	2097152	24	0	0	57404	0	
