b_initial_y_size_0	b_max_y_size_1	b_used_2	b_available_3	b_committed_4	a_used_5	a_available_6	a_committed_7	a_survived_8	a_promoted_9	a_copied_10	a_time_in_ns_11	promotion_rate_12
12582912	12582912	4058100	4058124	8388608	33088	8083136	8388608	54128	50892	0	147601	76	
12582912	12582912	4058112	4058112	8388608	32532	8083692	8388608	35168	2636	0	99277	81	
12582912	12582912	4058108	4058116	8388608	2052	8114172	8388608	3624	1572	0	51843	4	
12582912	12582912	4058104	4058120	8388608	15776	8100448	8388608	15776	0	0	64426	0	
12582912	12582912	4058092	4058132	8388608	3920	8112304	8388608	5508	1588	0	50695	10	
12582912	12582912	4058112	4058112	8388608	31392	8084832	8388608	31392	0	0	80648	0	
12582912	12582912	4058092	4058132	8388608	9828	8106396	8388608	9828	0	0	49842	0	
12582912	12582912	4058104	4058120	8388608	14188	8102036	8388608	14188	0	0	58124	0	
12582912	12582912	4058092	4058132	8388608	8400	8107824	8388608	8400	0	0	48385	0	
12582912	12582912	4058024	4058200	8388608	31628	8084596	8388608	31628	0	0	86953	0	
12582912	12582912	4058072	4058152	8388608	10820	8105404	8388608	10988	168	0	54000	0	
12582912	12582912	4058076	4058148	8388608	14188	8102036	8388608	14188	0	0	54774	0	
12582912	12582912	4058092	4058132	8388608	8680	8107544	8388608	8680	0	0	49027	0	
12582912	12582912	4057580	4058644	8388608	37904	8078320	8388608	31824	0	0	89153	0	
12582912	12582912	4058104	4058120	8388608	6560	8109664	8388608	6560	0	0	51130	0	
12582912	12582912	4058104	4058120	8388608	14188	8102036	8388608	14188	0	0	55092	0	
12582912	12582912	4058092	4058132	8388608	7700	8108524	8388608	7700	0	0	45729	0	
12582912	12582912	4058112	4058112	8388608	31536	8084688	8388608	31536	0	0	79476	0	
12582912	12582912	4058076	4058148	8388608	11152	8105072	8388608	11152	0	0	51679	0	
12582912	12582912	4058060	4058164	8388608	14188	8102036	8388608	14692	504	0	62759	4	
12582912	12582912	4058092	4058132	8388608	8120	8108104	8388608	8120	0	0	48206	0	
12582912	12582912	4057940	4058284	8388608	31652	8084572	8388608	31652	0	0	105053	0	
12582912	12582912	4058092	4058132	8388608	10996	8105228	8388608	10996	0	0	50452	0	
12582912	12582912	4058076	4058148	8388608	14188	8102036	8388608	14188	0	0	56188	0	
12582912	12582912	4058092	4058132	8388608	8680	8107544	8388608	8680	0	0	48246	0	
12582912	12582912	4057580	4058644	8388608	31824	8084400	8388608	31824	0	0	81966	0	
12582912	12582912	4058076	4058148	8388608	11232	8104992	8388608	11232	0	0	53777	0	
12582912	12582912	4058068	4058156	8388608	15184	8101040	8388608	15184	0	0	61029	0	
12582912	12582912	4058100	4058124	8388608	8540	8107684	8388608	9536	996	0	62191	6	
12582912	12582912	4058084	4058140	8388608	31276	8084948	8388608	31276	0	0	79487	0	
12582912	12582912	4058088	4058136	8388608	13860	8102364	8388608	13860	0	0	55268	0	
12582912	12582912	4058076	4058148	8388608	672	8115552	8388608	672	0	0	37293	0	
12582912	12582912	4058060	4058164	8388608	14188	8102036	8388608	14188	0	0	57698	0	
12582912	12582912	4058024	4058200	8388608	6344	8109880	8388608	6344	0	0	48324	0	
12582912	12582912	4057680	4058544	8388608	31696	8084528	8388608	31864	168	0	82314	2	
12582912	12582912	4058092	4058132	8388608	10212	8106012	8388608	10212	0	0	49731	0	
12582912	12582912	4058104	4058120	8388608	14188	8102036	8388608	14572	384	0	63317	3	
12582912	12582912	4058104	4058120	8388608	8260	8107964	8388608	8260	0	0	45310	0	
12582912	12582912	4057940	4058284	8388608	41844	8074380	8388608	31636	0	0	102573	0	
12582912	12582912	4058072	4058152	8388608	3172	8113052	8388608	3172	0	0	40609	0	
12582912	12582912	4058104	4058120	8388608	14188	8102036	8388608	14188	0	0	55623	0	
12582912	12582912	4058092	4058132	8388608	7000	8109224	8388608	7000	0	0	44867	0	
12582912	12582912	4058112	4058112	8388608	31520	8084704	8388608	31520	0	0	83415	0	
12582912	12582912	4058092	4058132	8388608	10996	8105228	8388608	10996	0	0	48933	0	
12582912	12582912	4058076	4058148	8388608	14188	8102036	8388608	14188	0	0	54525	0	
12582912	12582912	4058104	4058120	8388608	8680	8107544	8388608	8680	0	0	47595	0	
12582912	12582912	4057580	4058644	8388608	31808	8084416	8388608	31808	0	0	75499	0	
12582912	12582912	4058076	4058148	8388608	11232	8104992	8388608	11232	0	0	49981	0	
12582912	12582912	4058064	4058160	8388608	14188	8102036	8388608	14188	0	0	55040	0	
12582912	12582912	4058092	4058132	8388608	8540	8107684	8388608	8540	0	0	46481	0	
12582912	12582912	4057592	4058632	8388608	31808	8084416	8388608	31808	0	0	73475	0	
12582912	12582912	4058076	4058148	8388608	11232	8104992	8388608	11232	0	0	49515	0	
12582912	12582912	4058076	4058148	8388608	14188	8102036	8388608	14188	0	0	52383	0	
12582912	12582912	4058092	4058132	8388608	8680	8107544	8388608	8680	0	0	46388	0	
12582912	12582912	4057580	4058644	8388608	31808	8084416	8388608	31808	0	0	75015	0	
12582912	12582912	4058076	4058148	8388608	11232	8104992	8388608	11232	0	0	48665	0	
12582912	12582912	4058076	4058148	8388608	14188	8102036	8388608	14188	0	0	54456	0	
12582912	12582912	4058092	4058132	8388608	8680	8107544	8388608	8680	0	0	47298	0	
12582912	12582912	4057592	4058632	8388608	31864	8084360	8388608	31864	0	0	78634	0	
12582912	12582912	4058076	4058148	8388608	11260	8104964	8388608	11316	56	0	53927	0	
12582912	12582912	4058076	4058148	8388608	14188	8102036	8388608	14216	28	0	57235	0	
12582912	12582912	4058092	4058132	8388608	8680	8107544	8388608	8680	0	0	47565	0	
12582912	12582912	4057580	4058644	8388608	31808	8084416	8388608	31808	0	0	76554	0	
12582912	12582912	4058088	4058136	8388608	11232	8104992	8388608	11232	0	0	49572	0	
12582912	12582912	4058076	4058148	8388608	14188	8102036	8388608	14188	0	0	51809	0	
12582912	12582912	4058092	4058132	8388608	8680	8107544	8388608	8680	0	0	45224	0	
12582912	12582912	4057680	4058544	8388608	31808	8084416	8388608	31808	0	0	75717	0	
12582912	12582912	4058076	4058148	8388608	11232	8104992	8388608	11232	0	0	46735	0	
12582912	12582912	4058088	4058136	8388608	14188	8102036	8388608	14188	0	0	54735	0	
12582912	12582912	4058092	4058132	8388608	8680	8107544	8388608	8680	0	0	47191	0	
12582912	12582912	4057580	4058644	8388608	31808	8084416	8388608	31808	0	0	75051	0	
12582912	12582912	4058076	4058148	8388608	11232	8104992	8388608	11232	0	0	49652	0	
12582912	12582912	4058076	4058148	8388608	14188	8102036	8388608	14188	0	0	54095	0	
12582912	12582912	4058092	4058132	8388608	8680	8107544	8388608	8680	0	0	47070	0	
12582912	12582912	4057580	4058644	8388608	37904	8078320	8388608	31808	0	0	89369	0	
12582912	12582912	4058092	4058132	8388608	6560	8109664	8388608	6560	0	0	44681	0	
12582912	12582912	4058060	4058164	8388608	14188	8102036	8388608	14188	0	0	55028	0	
12582912	12582912	4058092	4058132	8388608	7700	8108524	8388608	7700	0	0	46096	0	
12582912	12582912	4057940	4058284	8388608	31636	8084588	8388608	31636	0	0	81170	0	
12582912	12582912	4058092	4058132	8388608	10996	8105228	8388608	10996	0	0	45953	0	
12582912	12582912	4058076	4058148	8388608	14188	8102036	8388608	14188	0	0	53822	0	
12582912	12582912	4058104	4058120	8388608	8680	8107544	8388608	8680	0	0	44637	0	
12582912	12582912	4057580	4058644	8388608	31808	8084416	8388608	31808	0	0	83377	0	
12582912	12582912	4058076	4058148	8388608	11232	8104992	8388608	11232	0	0	48813	0	
12582912	12582912	4058064	4058160	8388608	14188	8102036	8388608	14188	0	0	74178	0	
12582912	12582912	4058092	4058132	8388608	8540	8107684	8388608	8540	0	0	46241	0	
12582912	12582912	4057580	4058644	8388608	31808	8084416	8388608	31808	0	0	75096	0	
12582912	12582912	4058076	4058148	8388608	11232	8104992	8388608	11232	0	0	49072	0	
12582912	12582912	4058076	4058148	8388608	14188	8102036	8388608	14188	0	0	53582	0	
12582912	12582912	4058092	4058132	8388608	8680	8107544	8388608	8680	0	0	46631	0	
12582912	12582912	4057580	4058644	8388608	31808	8084416	8388608	31808	0	0	74952	0	
12582912	12582912	4058076	4058148	8388608	11232	8104992	8388608	11232	0	0	49271	0	
12582912	12582912	4058076	4058148	8388608	14188	8102036	8388608	14188	0	0	53614	0	
12582912	12582912	4058092	4058132	8388608	8680	8107544	8388608	8680	0	0	44151	0	
12582912	12582912	4057592	4058632	8388608	31808	8084416	8388608	31808	0	0	73077	0	
12582912	12582912	4058076	4058148	8388608	11232	8104992	8388608	11232	0	0	46765	0	
12582912	12582912	4058076	4058148	8388608	14188	8102036	8388608	14188	0	0	51837	0	
12582912	12582912	4058092	4058132	8388608	8680	8107544	8388608	8680	0	0	46783	0	
12582912	12582912	4057580	4058644	8388608	31808	8084416	8388608	31808	0	0	75333	0	
12582912	12582912	4058088	4058136	8388608	11232	8104992	8388608	11232	0	0	49736	0	
12582912	12582912	4058076	4058148	8388608	14188	8102036	8388608	14188	0	0	53890	0	
12582912	12582912	4058092	4058132	8388608	8680	8107544	8388608	8680	0	0	46716	0	
12582912	12582912	4057680	4058544	8388608	31808	8084416	8388608	31808	0	0	75620	0	
12582912	12582912	4058076	4058148	8388608	11232	8104992	8388608	11232	0	0	48889	0	
12582912	12582912	4058076	4058148	8388608	14188	8102036	8388608	14188	0	0	53737	0	
12582912	12582912	4058092	4058132	8388608	8680	8107544	8388608	8680	0	0	46450	0	
12582912	12582912	4057580	4058644	8388608	31864	8084360	8388608	31864	0	0	75910	0	
12582912	12582912	4058088	4058136	8388608	11232	8104992	8388608	11288	56	0	55878	0	
12582912	12582912	4058076	4058148	8388608	14188	8102036	8388608	14188	0	0	51856	0	
12582912	12582912	4058092	4058132	8388608	8680	8107544	8388608	8680	0	0	46505	0	
12582912	12582912	4057680	4058544	8388608	37904	8078320	8388608	31808	0	0	83388	0	
12582912	12582912	4058092	4058132	8388608	6560	8109664	8388608	6560	0	0	43438	0	
12582912	12582912	4058060	4058164	8388608	14188	8102036	8388608	14188	0	0	54303	0	
12582912	12582912	4058092	4058132	8388608	7700	8108524	8388608	7700	0	0	45490	0	
12582912	12582912	4057940	4058284	8388608	31636	8084588	8388608	31636	0	0	75281	0	
12582912	12582912	4058092	4058132	8388608	10996	8105228	8388608	10996	0	0	48542	0	
12582912	12582912	4058076	4058148	8388608	14188	8102036	8388608	14188	0	0	54718	0	
12582912	12582912	4058104	4058120	8388608	8680	8107544	8388608	8680	0	0	46724	0	
12582912	12582912	4057580	4058644	8388608	31808	8084416	8388608	31808	0	0	76068	0	
12582912	12582912	4058076	4058148	8388608	11232	8104992	8388608	11232	0	0	48774	0	
12582912	12582912	4058064	4058160	8388608	14188	8102036	8388608	14188	0	0	54619	0	
12582912	12582912	4058092	4058132	8388608	8540	8107684	8388608	8540	0	0	46361	0	
12582912	12582912	4057580	4058644	8388608	31808	8084416	8388608	31808	0	0	72920	0	
12582912	12582912	4058076	4058148	8388608	11232	8104992	8388608	11232	0	0	48365	0	
12582912	12582912	4058076	4058148	8388608	14188	8102036	8388608	14188	0	0	53651	0	
12582912	12582912	4058104	4058120	8388608	8680	8107544	8388608	8680	0	0	77116	0	
12582912	12582912	4057580	4058644	8388608	31808	8084416	8388608	31808	0	0	75743	0	
12582912	12582912	4058076	4058148	8388608	11232	8104992	8388608	11232	0	0	48642	0	
12582912	12582912	4058064	4058160	8388608	14188	8102036	8388608	14188	0	0	54580	0	
12582912	12582912	4058092	4058132	8388608	8540	8107684	8388608	8540	0	0	46238	0	
12582912	12582912	4057592	4058632	8388608	31808	8084416	8388608	31808	0	0	74884	0	
12582912	12582912	4058076	4058148	8388608	11232	8104992	8388608	11232	0	0	48772	0	
12582912	12582912	4058076	4058148	8388608	14188	8102036	8388608	14188	0	0	53726	0	
12582912	12582912	4058092	4058132	8388608	8680	8107544	8388608	8680	0	0	45915	0	
12582912	12582912	4057580	4058644	8388608	31808	8084416	8388608	31808	0	0	72962	0	
12582912	12582912	4058076	4058148	8388608	11232	8104992	8388608	11232	0	0	48474	0	
12582912	12582912	4058076	4058148	8388608	14188	8102036	8388608	14188	0	0	51257	0	
12582912	12582912	4058092	4058132	8388608	8680	8107544	8388608	8680	0	0	55892	0	
12582912	12582912	4057592	4058632	8388608	31808	8084416	8388608	31808	0	0	74602	0	
12582912	12582912	4058076	4058148	8388608	11232	8104992	8388608	11232	0	0	49151	0	
12582912	12582912	4058076	4058148	8388608	14188	8102036	8388608	14188	0	0	52925	0	
12582912	12582912	4058092	4058132	8388608	8680	8107544	8388608	8680	0	0	49520	0	
12582912	12582912	4057580	4058644	8388608	31808	8084416	8388608	31808	0	0	75032	0	
12582912	12582912	4058088	4058136	8388608	11232	8104992	8388608	11232	0	0	48277	0	
12582912	12582912	4058076	4058148	8388608	14188	8102036	8388608	14188	0	0	53568	0	
12582912	12582912	4058092	4058132	8388608	8680	8107544	8388608	8680	0	0	46119	0	
12582912	12582912	4057680	4058544	8388608	31808	8084416	8388608	31808	0	0	74754	0	
12582912	12582912	4058076	4058148	8388608	11232	8104992	8388608	11232	0	0	53623	0	
12582912	12582912	4058088	4058136	8388608	14188	8102036	8388608	14188	0	0	51295	0	
12582912	12582912	4058092	4058132	8388608	8680	8107544	8388608	8680	0	0	46561	0	
12582912	12582912	4057580	4058644	8388608	31808	8084416	8388608	31808	0	0	73543	0	
12582912	12582912	4058076	4058148	8388608	11232	8104992	8388608	11232	0	0	46400	0	
12582912	12582912	4058076	4058148	8388608	14188	8102036	8388608	14188	0	0	53469	0	
12582912	12582912	4058092	4058132	8388608	8680	8107544	8388608	8680	0	0	74729	0	
12582912	12582912	4057580	4058644	8388608	37904	8078320	8388608	31808	0	0	84210	0	
12582912	12582912	4058092	4058132	8388608	6560	8109664	8388608	6560	0	0	43364	0	
12582912	12582912	4058060	4058164	8388608	14188	8102036	8388608	14188	0	0	54499	0	
12582912	12582912	4058092	4058132	8388608	7700	8108524	8388608	7700	0	0	44628	0	
12582912	12582912	4057940	4058284	8388608	31636	8084588	8388608	31636	0	0	74624	0	
12582912	12582912	4058092	4058132	8388608	10996	8105228	8388608	10996	0	0	47988	0	
12582912	12582912	4058076	4058148	8388608	14188	8102036	8388608	14188	0	0	53896	0	
12582912	12582912	4058104	4058120	8388608	8680	8107544	8388608	8680	0	0	46042	0	
12582912	12582912	4057580	4058644	8388608	31808	8084416	8388608	31808	0	0	74677	0	
12582912	12582912	4058076	4058148	8388608	11232	8104992	8388608	11232	0	0	46058	0	
12582912	12582912	4058064	4058160	8388608	14188	8102036	8388608	14188	0	0	54063	0	
12582912	12582912	4058092	4058132	8388608	8540	8107684	8388608	8540	0	0	43423	0	
12582912	12582912	4057580	4058644	8388608	31808	8084416	8388608	31808	0	0	74851	0	
12582912	12582912	4058076	4058148	8388608	11232	8104992	8388608	11232	0	0	47995	0	
12582912	12582912	4058076	4058148	8388608	14188	8102036	8388608	14188	0	0	53423	0	
12582912	12582912	4058092	4058132	8388608	8680	8107544	8388608	8680	0	0	46106	0	
12582912	12582912	4057580	4058644	8388608	31808	8084416	8388608	31808	0	0	75215	0	
12582912	12582912	4058076	4058148	8388608	11232	8104992	8388608	11232	0	0	48422	0	
12582912	12582912	4058076	4058148	8388608	14188	8102036	8388608	14188	0	0	53413	0	
12582912	12582912	4058092	4058132	8388608	8680	8107544	8388608	8680	0	0	46209	0	
12582912	12582912	4057592	4058632	8388608	31808	8084416	8388608	31808	0	0	74684	0	
12582912	12582912	4058076	4058148	8388608	11232	8104992	8388608	11232	0	0	48361	0	
12582912	12582912	4058076	4058148	8388608	14188	8102036	8388608	14188	0	0	52984	0	
12582912	12582912	4058092	4058132	8388608	8680	8107544	8388608	8680	0	0	43580	0	
12582912	12582912	4057580	4058644	8388608	31808	8084416	8388608	31808	0	0	74535	0	
12582912	12582912	4058088	4058136	8388608	11232	8104992	8388608	11232	0	0	46041	0	
12582912	12582912	4058076	4058148	8388608	14188	8102036	8388608	14188	0	0	53101	0	
12582912	12582912	4058092	4058132	8388608	8680	8107544	8388608	8680	0	0	45273	0	
12582912	12582912	4057680	4058544	8388608	31808	8084416	8388608	31808	0	0	74456	0	
12582912	12582912	4058076	4058148	8388608	11232	8104992	8388608	11232	0	0	47781	0	
12582912	12582912	4058076	4058148	8388608	14188	8102036	8388608	14188	0	0	53538	0	
12582912	12582912	4058092	4058132	8388608	8680	8107544	8388608	8680	0	0	45893	0	
12582912	12582912	4057580	4058644	8388608	31808	8084416	8388608	31808	0	0	74590	0	
12582912	12582912	4058088	4058136	8388608	11232	8104992	8388608	11232	0	0	48273	0	
12582912	12582912	4058076	4058148	8388608	14188	8102036	8388608	14188	0	0	53866	0	
12582912	12582912	4058092	4058132	8388608	8680	8107544	8388608	8680	0	0	45992	0	
12582912	12582912	4057680	4058544	8388608	31808	8084416	8388608	31808	0	0	74712	0	
12582912	12582912	4058076	4058148	8388608	11232	8104992	8388608	11232	0	0	46909	0	
12582912	12582912	4058088	4058136	8388608	14188	8102036	8388608	14188	0	0	53680	0	
12582912	12582912	4058092	4058132	8388608	8680	8107544	8388608	8680	0	0	46339	0	
12582912	12582912	4057580	4058644	8388608	31808	8084416	8388608	31808	0	0	105189	0	
12582912	12582912	4058076	4058148	8388608	11232	8104992	8388608	11232	0	0	48714	0	
12582912	12582912	4058076	4058148	8388608	14188	8102036	8388608	14188	0	0	54054	0	
12582912	12582912	4058104	4058120	8388608	8680	8107544	8388608	8680	0	0	46826	0	
12582912	12582912	4057580	4058644	8388608	37904	8078320	8388608	31808	0	0	88862	0	
12582912	12582912	4058092	4058132	8388608	6560	8109664	8388608	6560	0	0	44099	0	
12582912	12582912	4058104	4058120	8388608	14188	8102036	8388608	14188	0	0	55738	0	
12582912	12582912	4058092	4058132	8388608	7700	8108524	8388608	7700	0	0	45416	0	
12582912	12582912	4057940	4058284	8388608	31636	8084588	8388608	31636	0	0	75793	0	
12582912	12582912	4058092	4058132	8388608	10996	8105228	8388608	10996	0	0	46221	0	
12582912	12582912	4058076	4058148	8388608	14188	8102036	8388608	14188	0	0	60778	0	
12582912	12582912	4058104	4058120	8388608	8680	8107544	8388608	8680	0	0	43977	0	
12582912	12582912	4057580	4058644	8388608	31808	8084416	8388608	31808	0	0	85289	0	
12582912	12582912	4058076	4058148	8388608	11232	8104992	8388608	11232	0	0	49048	0	
12582912	12582912	4058064	4058160	8388608	14188	8102036	8388608	14188	0	0	52039	0	
12582912	12582912	4058092	4058132	8388608	8540	8107684	8388608	8540	0	0	45621	0	
12582912	12582912	4057592	4058632	8388608	31808	8084416	8388608	31808	0	0	75741	0	
12582912	12582912	4058076	4058148	8388608	11232	8104992	8388608	11232	0	0	49095	0	
12582912	12582912	4058076	4058148	8388608	14188	8102036	8388608	14188	0	0	53270	0	
12582912	12582912	4058092	4058132	8388608	8680	8107544	8388608	8680	0	0	46667	0	
12582912	12582912	4057580	4058644	8388608	31808	8084416	8388608	31808	0	0	75481	0	
12582912	12582912	4058076	4058148	8388608	11232	8104992	8388608	11232	0	0	48617	0	
12582912	12582912	4058076	4058148	8388608	14188	8102036	8388608	14188	0	0	53195	0	
12582912	12582912	4058092	4058132	8388608	8680	8107544	8388608	8680	0	0	43897	0	
12582912	12582912	4057592	4058632	8388608	31808	8084416	8388608	31808	0	0	72921	0	
12582912	12582912	4058076	4058148	8388608	11232	8104992	8388608	11232	0	0	48738	0	
12582912	12582912	4058076	4058148	8388608	14188	8102036	8388608	14188	0	0	50856	0	
12582912	12582912	4058092	4058132	8388608	8680	8107544	8388608	8680	0	0	45874	0	
12582912	12582912	4057580	4058644	8388608	31808	8084416	8388608	31808	0	0	75151	0	
12582912	12582912	4058088	4058136	8388608	11232	8104992	8388608	11232	0	0	47807	0	
12582912	12582912	4058076	4058148	8388608	14188	8102036	8388608	14188	0	0	53450	0	
12582912	12582912	4058092	4058132	8388608	8680	8107544	8388608	8680	0	0	45934	0	
12582912	12582912	4057680	4058544	8388608	31808	8084416	8388608	31808	0	0	75225	0	
12582912	12582912	4058076	4058148	8388608	11232	8104992	8388608	11232	0	0	48248	0	
12582912	12582912	4058088	4058136	8388608	14188	8102036	8388608	14188	0	0	53360	0	
12582912	12582912	4058092	4058132	8388608	8680	8107544	8388608	8680	0	0	46891	0	
12582912	12582912	4057580	4058644	8388608	31808	8084416	8388608	31808	0	0	75482	0	
12582912	12582912	4058076	4058148	8388608	11232	8104992	8388608	11232	0	0	48214	0	
12582912	12582912	4058076	4058148	8388608	14188	8102036	8388608	14188	0	0	51098	0	
12582912	12582912	4058092	4058132	8388608	8680	8107544	8388608	8680	0	0	46616	0	
12582912	12582912	4057580	4058644	8388608	31808	8084416	8388608	31808	0	0	72528	0	
12582912	12582912	4058076	4058148	8388608	11232	8104992	8388608	11232	0	0	48111	0	
12582912	12582912	4058088	4058136	8388608	14188	8102036	8388608	14188	0	0	52727	0	
12582912	12582912	4058092	4058132	8388608	8680	8107544	8388608	8680	0	0	45776	0	
12582912	12582912	4057580	4058644	8388608	37904	8078320	8388608	31808	0	0	86513	0	
12582912	12582912	4058092	4058132	8388608	6560	8109664	8388608	6560	0	0	43785	0	
12582912	12582912	4058104	4058120	8388608	14188	8102036	8388608	14188	0	0	54635	0	
12582912	12582912	4058104	4058120	8388608	7700	8108524	8388608	7700	0	0	45153	0	
12582912	12582912	4057940	4058284	8388608	31636	8084588	8388608	31636	0	0	75115	0	
12582912	12582912	4058092	4058132	8388608	10996	8105228	8388608	10996	0	0	47765	0	
12582912	12582912	4058064	4058160	8388608	14188	8102036	8388608	14188	0	0	53681	0	
12582912	12582912	4058092	4058132	8388608	8540	8107684	8388608	8540	0	0	45828	0	
12582912	12582912	4057580	4058644	8388608	31808	8084416	8388608	31808	0	0	73028	0	
12582912	12582912	4058076	4058148	8388608	11232	8104992	8388608	11232	0	0	48603	0	
12582912	12582912	4058076	4058148	8388608	14188	8102036	8388608	14188	0	0	51291	0	
12582912	12582912	4058092	4058132	8388608	8680	8107544	8388608	8680	0	0	45917	0	
12582912	12582912	4057580	4058644	8388608	31808	8084416	8388608	31808	0	0	74329	0	
12582912	12582912	4058076	4058148	8388608	11232	8104992	8388608	11232	0	0	48408	0	
12582912	12582912	4058076	4058148	8388608	14188	8102036	8388608	14188	0	0	53443	0	
12582912	12582912	4058092	4058132	8388608	8680	8107544	8388608	8680	0	0	46496	0	
12582912	12582912	4057592	4058632	8388608	31808	8084416	8388608	31808	0	0	74927	0	
12582912	12582912	4058076	4058148	8388608	11232	8104992	8388608	11232	0	0	48358	0	
12582912	12582912	4058076	4058148	8388608	14188	8102036	8388608	14188	0	0	53454	0	
12582912	12582912	4058092	4058132	8388608	8680	8107544	8388608	8680	0	0	46158	0	
12582912	12582912	4057580	4058644	8388608	31808	8084416	8388608	31808	0	0	75627	0	
12582912	12582912	4058088	4058136	8388608	11232	8104992	8388608	11232	0	0	48765	0	
12582912	12582912	4058076	4058148	8388608	14188	8102036	8388608	14188	0	0	53580	0	
12582912	12582912	4058092	4058132	8388608	8680	8107544	8388608	8680	0	0	44341	0	
12582912	12582912	4057680	4058544	8388608	31808	8084416	8388608	31808	0	0	75043	0	
12582912	12582912	4058076	4058148	8388608	11232	8104992	8388608	11232	0	0	46221	0	
12582912	12582912	4058076	4058148	8388608	14188	8102036	8388608	14188	0	0	58788	0	
12582912	12582912	4058092	4058132	8388608	8680	8107544	8388608	8680	0	0	46373	0	
12582912	12582912	4057580	4058644	8388608	31808	8084416	8388608	31808	0	0	75217	0	
12582912	12582912	4058088	4058136	8388608	11232	8104992	8388608	11232	0	0	48376	0	
12582912	12582912	4058076	4058148	8388608	14188	8102036	8388608	14188	0	0	53507	0	
12582912	12582912	4058092	4058132	8388608	8680	8107544	8388608	8680	0	0	46348	0	
12582912	12582912	4057680	4058544	8388608	31808	8084416	8388608	31808	0	0	75511	0	
12582912	12582912	4058076	4058148	8388608	11232	8104992	8388608	11232	0	0	48497	0	
12582912	12582912	4058088	4058136	8388608	14188	8102036	8388608	14188	0	0	53122	0	
12582912	12582912	4058092	4058132	8388608	8680	8107544	8388608	8680	0	0	46329	0	
12582912	12582912	4057580	4058644	8388608	31808	8084416	8388608	31808	0	0	74791	0	
12582912	12582912	4058076	4058148	8388608	11232	8104992	8388608	11232	0	0	46359	0	
12582912	12582912	4058076	4058148	8388608	14188	8102036	8388608	14188	0	0	52863	0	
12582912	12582912	4058104	4058120	8388608	8680	8107544	8388608	8680	0	0	45640	0	
12582912	12582912	4057580	4058644	8388608	31808	8084416	8388608	31808	0	0	74872	0	
12582912	12582912	4058076	4058148	8388608	11232	8104992	8388608	11232	0	0	48665	0	
12582912	12582912	4058064	4058160	8388608	14188	8102036	8388608	14188	0	0	54011	0	
12582912	12582912	4058092	4058132	8388608	8540	8107684	8388608	8540	0	0	45446	0	
12582912	12582912	4057580	4058644	8388608	37904	8078320	8388608	31808	0	0	88531	0	
12582912	12582912	4058092	4058132	8388608	6560	8109664	8388608	6560	0	0	43961	0	
12582912	12582912	4058104	4058120	8388608	14188	8102036	8388608	14188	0	0	54638	0	
12582912	12582912	4058104	4058120	8388608	7700	8108524	8388608	7700	0	0	45609	0	
12582912	12582912	4057940	4058284	8388608	31636	8084588	8388608	31636	0	0	75176	0	
12582912	12582912	4058092	4058132	8388608	10996	8105228	8388608	10996	0	0	45660	0	
12582912	12582912	4058064	4058160	8388608	14188	8102036	8388608	14188	0	0	54190	0	
12582912	12582912	4058092	4058132	8388608	8540	8107684	8388608	8540	0	0	43405	0	
12582912	12582912	4057592	4058632	8388608	31808	8084416	8388608	31808	0	0	74822	0	
12582912	12582912	4058076	4058148	8388608	11232	8104992	8388608	11232	0	0	49122	0	
12582912	12582912	4058076	4058148	8388608	14188	8102036	8388608	14188	0	0	53255	0	
12582912	12582912	4058092	4058132	8388608	8680	8107544	8388608	8680	0	0	46485	0	
12582912	12582912	4057580	4058644	8388608	31808	8084416	8388608	31808	0	0	80550	0	
12582912	12582912	4058076	4058148	8388608	11232	8104992	8388608	11232	0	0	49259	0	
12582912	12582912	4058076	4058148	8388608	14188	8102036	8388608	14188	0	0	59922	0	
12582912	12582912	4058092	4058132	8388608	8680	8107544	8388608	8680	0	0	46283	0	
12582912	12582912	4057592	4058632	8388608	31808	8084416	8388608	31808	0	0	75028	0	
12582912	12582912	4058076	4058148	8388608	11232	8104992	8388608	11232	0	0	48648	0	
12582912	12582912	4058076	4058148	8388608	14188	8102036	8388608	14188	0	0	53168	0	
12582912	12582912	4058092	4058132	8388608	8680	8107544	8388608	8680	0	0	43949	0	
12582912	12582912	4057580	4058644	8388608	31808	8084416	8388608	31808	0	0	81649	0	
12582912	12582912	4058088	4058136	8388608	11232	8104992	8388608	11232	0	0	46308	0	
12582912	12582912	4058076	4058148	8388608	14188	8102036	8388608	14188	0	0	58307	0	
12582912	12582912	4058092	4058132	8388608	8680	8107544	8388608	8680	0	0	46034	0	
12582912	12582912	4057680	4058544	8388608	31808	8084416	8388608	31808	0	0	109158	0	
12582912	12582912	4058076	4058148	8388608	11232	8104992	8388608	11232	0	0	48638	0	
12582912	12582912	4058088	4058136	8388608	14188	8102036	8388608	14188	0	0	55197	0	
12582912	12582912	4058092	4058132	8388608	8680	8107544	8388608	8680	0	0	45953	0	
12582912	12582912	4057580	4058644	8388608	31808	8084416	8388608	31808	0	0	75214	0	
12582912	12582912	4058076	4058148	8388608	11232	8104992	8388608	11232	0	0	48320	0	
12582912	12582912	4058076	4058148	8388608	14188	8102036	8388608	14188	0	0	52997	0	
12582912	12582912	4058092	4058132	8388608	8680	8107544	8388608	8680	0	0	45573	0	
12582912	12582912	4057580	4058644	8388608	31808	8084416	8388608	31808	0	0	74937	0	
12582912	12582912	4058076	4058148	8388608	11232	8104992	8388608	11232	0	0	48378	0	
12582912	12582912	4058088	4058136	8388608	14188	8102036	8388608	14188	0	0	50890	0	
12582912	12582912	4058092	4058132	8388608	8680	8107544	8388608	8680	0	0	46065	0	
12582912	12582912	4057580	4058644	8388608	31808	8084416	8388608	31808	0	0	72701	0	
12582912	12582912	4058076	4058148	8388608	11232	8104992	8388608	11232	0	0	47830	0	
12582912	12582912	4058076	4058148	8388608	14188	8102036	8388608	14188	0	0	52678	0	
12582912	12582912	4058104	4058120	8388608	8680	8107544	8388608	8680	0	0	46164	0	
12582912	12582912	4057580	4058644	8388608	31808	8084416	8388608	31808	0	0	75167	0	
12582912	12582912	4058076	4058148	8388608	11232	8104992	8388608	11232	0	0	48199	0	
12582912	12582912	4058064	4058160	8388608	14188	8102036	8388608	14188	0	0	54036	0	
12582912	12582912	4058092	4058132	8388608	8540	8107684	8388608	8540	0	0	46076	0	
12582912	12582912	4057580	4058644	8388608	37904	8078320	8388608	31808	0	0	84540	0	
12582912	12582912	4058092	4058132	8388608	6560	8109664	8388608	6560	0	0	43385	0	
12582912	12582912	4058104	4058120	8388608	14188	8102036	8388608	14188	0	0	54681	0	
12582912	12582912	4058024	4058200	8388608	7716	8108508	8388608	7716	0	0	44445	0	
12582912	12582912	4057940	4058284	8388608	31636	8084588	8388608	31636	0	0	73239	0	
12582912	12582912	4058092	4058132	8388608	10996	8105228	8388608	10996	0	0	47874	0	
12582912	12582912	4058076	4058148	8388608	14188	8102036	8388608	14188	0	0	50967	0	
12582912	12582912	4058092	4058132	8388608	8680	8107544	8388608	8680	0	0	45942	0	
12582912	12582912	4057592	4058632	8388608	31808	8084416	8388608	31808	0	0	74596	0	
12582912	12582912	4058076	4058148	8388608	11232	8104992	8388608	11232	0	0	48545	0	
12582912	12582912	4058076	4058148	8388608	14188	8102036	8388608	14188	0	0	52802	0	
12582912	12582912	4058092	4058132	8388608	8680	8107544	8388608	8680	0	0	46106	0	
12582912	12582912	4057580	4058644	8388608	31808	8084416	8388608	31808	0	0	75281	0	
12582912	12582912	4058088	4058136	8388608	11232	8104992	8388608	11232	0	0	48780	0	
12582912	12582912	4058076	4058148	8388608	14188	8102036	8388608	14188	0	0	53001	0	
12582912	12582912	4058092	4058132	8388608	8680	8107544	8388608	8680	0	0	46039	0	
12582912	12582912	4057680	4058544	8388608	31808	8084416	8388608	31808	0	0	74852	0	
12582912	12582912	4058076	4058148	8388608	11232	8104992	8388608	11232	0	0	48321	0	
12582912	12582912	4058076	4058148	8388608	14188	8102036	8388608	14188	0	0	50847	0	
12582912	12582912	4058092	4058132	8388608	8680	8107544	8388608	8680	0	0	45354	0	
12582912	12582912	4057580	4058644	8388608	31808	8084416	8388608	31808	0	0	75732	0	
12582912	12582912	4058088	4058136	8388608	11232	8104992	8388608	11232	0	0	80579	0	
12582912	12582912	4058076	4058148	8388608	14188	8102036	8388608	14188	0	0	53917	0	
12582912	12582912	4058092	4058132	8388608	8680	8107544	8388608	8680	0	0	46304	0	
12582912	12582912	4057680	4058544	8388608	31808	8084416	8388608	31808	0	0	75650	0	
12582912	12582912	4058076	4058148	8388608	11232	8104992	8388608	11232	0	0	48535	0	
12582912	12582912	4058088	4058136	8388608	14188	8102036	8388608	14188	0	0	53728	0	
12582912	12582912	4058092	4058132	8388608	8680	8107544	8388608	8680	0	0	46578	0	
12582912	12582912	4057580	4058644	8388608	31808	8084416	8388608	31808	0	0	75151	0	
12582912	12582912	4058076	4058148	8388608	11232	8104992	8388608	11232	0	0	48482	0	
12582912	12582912	4058076	4058148	8388608	14188	8102036	8388608	14188	0	0	50915	0	
12582912	12582912	4058104	4058120	8388608	8680	8107544	8388608	8680	0	0	46038	0	
12582912	12582912	4057580	4058644	8388608	31808	8084416	8388608	31808	0	0	72365	0	
12582912	12582912	4058076	4058148	8388608	11232	8104992	8388608	11232	0	0	45926	0	
12582912	12582912	4058064	4058160	8388608	14188	8102036	8388608	14188	0	0	53454	0	
12582912	12582912	4058092	4058132	8388608	8540	8107684	8388608	8540	0	0	49753	0	
12582912	12582912	4057580	4058644	8388608	31808	8084416	8388608	31808	0	0	74634	0	
12582912	12582912	4058076	4058148	8388608	11232	8104992	8388608	11232	0	0	48931	0	
12582912	12582912	4058076	4058148	8388608	14188	8102036	8388608	14188	0	0	53480	0	
12582912	12582912	4058104	4058120	8388608	8680	8107544	8388608	8680	0	0	46094	0	
12582912	12582912	4057580	4058644	8388608	31808	8084416	8388608	31808	0	0	75727	0	
12582912	12582912	4058076	4058148	8388608	11232	8104992	8388608	11232	0	0	48633	0	
12582912	12582912	4058064	4058160	8388608	14188	8102036	8388608	14188	0	0	54247	0	
12582912	12582912	4058092	4058132	8388608	8540	8107684	8388608	8540	0	0	45697	0	
12582912	12582912	4057592	4058632	8388608	37904	8078320	8388608	31808	0	0	89590	0	
12582912	12582912	4058092	4058132	8388608	6560	8109664	8388608	6560	0	0	41703	0	
12582912	12582912	4058104	4058120	8388608	14188	8102036	8388608	14188	0	0	54951	0	
12582912	12582912	4058024	4058200	8388608	7716	8108508	8388608	7716	0	0	42873	0	
12582912	12582912	4057940	4058284	8388608	31636	8084588	8388608	31636	0	0	74727	0	
12582912	12582912	4058092	4058132	8388608	10996	8105228	8388608	10996	0	0	47772	0	
12582912	12582912	4058076	4058148	8388608	14188	8102036	8388608	14188	0	0	52543	0	
12582912	12582912	4058092	4058132	8388608	8680	8107544	8388608	8680	0	0	46112	0	
12582912	12582912	4057592	4058632	8388608	31808	8084416	8388608	31808	0	0	75245	0	
12582912	12582912	4058076	4058148	8388608	11232	8104992	8388608	11232	0	0	48486	0	
12582912	12582912	4058076	4058148	8388608	14188	8102036	8388608	14188	0	0	53088	0	
12582912	12582912	4058092	4058132	8388608	8680	8107544	8388608	8680	0	0	46198	0	
12582912	12582912	4057580	4058644	8388608	31808	8084416	8388608	31808	0	0	75764	0	
12582912	12582912	4058088	4058136	8388608	11232	8104992	8388608	11232	0	0	48422	0	
12582912	12582912	4058076	4058148	8388608	14188	8102036	8388608	14188	0	0	53133	0	
12582912	12582912	4058092	4058132	8388608	8680	8107544	8388608	8680	0	0	43829	0	
12582912	12582912	4057680	4058544	8388608	31808	8084416	8388608	31808	0	0	75342	0	
12582912	12582912	4058076	4058148	8388608	11232	8104992	8388608	11232	0	0	46409	0	
12582912	12582912	4058088	4058136	8388608	14188	8102036	8388608	14188	0	0	53103	0	
12582912	12582912	4058092	4058132	8388608	8680	8107544	8388608	8680	0	0	45789	0	
12582912	12582912	4057580	4058644	8388608	31808	8084416	8388608	31808	0	0	74368	0	
12582912	12582912	4058076	4058148	8388608	11232	8104992	8388608	11232	0	0	47852	0	
12582912	12582912	4058076	4058148	8388608	14188	8102036	8388608	14188	0	0	53442	0	
12582912	12582912	4058092	4058132	8388608	8680	8107544	8388608	8680	0	0	46208	0	
12582912	12582912	4057580	4058644	8388608	31808	8084416	8388608	31808	0	0	75123	0	
12582912	12582912	4058076	4058148	8388608	11232	8104992	8388608	11232	0	0	48723	0	
12582912	12582912	4058088	4058136	8388608	14188	8102036	8388608	14188	0	0	53265	0	
12582912	12582912	4058092	4058132	8388608	8680	8107544	8388608	8680	0	0	46179	0	
12582912	12582912	4057580	4058644	8388608	31808	8084416	8388608	31808	0	0	77794	0	
12582912	12582912	4058076	4058148	8388608	11232	8104992	8388608	11232	0	0	46228	0	
12582912	12582912	4058076	4058148	8388608	14188	8102036	8388608	14188	0	0	53030	0	
12582912	12582912	4058104	4058120	8388608	8680	8107544	8388608	8680	0	0	43625	0	
12582912	12582912	4057580	4058644	8388608	31808	8084416	8388608	31808	0	0	77517	0	
12582912	12582912	4058076	4058148	8388608	11232	8104992	8388608	11232	0	0	47956	0	
12582912	12582912	4058064	4058160	8388608	14188	8102036	8388608	14188	0	0	53530	0	
12582912	12582912	4058092	4058132	8388608	8540	8107684	8388608	8540	0	0	45703	0	
12582912	12582912	4057580	4058644	8388608	31808	8084416	8388608	31808	0	0	74935	0	
12582912	12582912	4058076	4058148	8388608	11232	8104992	8388608	11232	0	0	48541	0	
12582912	12582912	4058076	4058148	8388608	14188	8102036	8388608	14188	0	0	57053	0	
12582912	12582912	4058092	4058132	8388608	8680	8107544	8388608	8680	0	0	46292	0	
12582912	12582912	4057580	4058644	8388608	31808	8084416	8388608	31808	0	0	75263	0	
12582912	12582912	4058076	4058148	8388608	11232	8104992	8388608	11232	0	0	48347	0	
12582912	12582912	4058076	4058148	8388608	14188	8102036	8388608	14188	0	0	53304	0	
12582912	12582912	4058092	4058132	8388608	8680	8107544	8388608	8680	0	0	43958	0	
12582912	12582912	4057592	4058632	8388608	37904	8078320	8388608	31808	0	0	91221	0	
12582912	12582912	4058092	4058132	8388608	6560	8109664	8388608	6560	0	0	43448	0	
12582912	12582912	4058104	4058120	8388608	14188	8102036	8388608	14188	0	0	52044	0	
12582912	12582912	4058024	4058200	8388608	7716	8108508	8388608	7716	0	0	44524	0	
12582912	12582912	4057940	4058284	8388608	31636	8084588	8388608	31636	0	0	74992	0	
12582912	12582912	4058104	4058120	8388608	10996	8105228	8388608	10996	0	0	47250	0	
12582912	12582912	4058076	4058148	8388608	14188	8102036	8388608	14188	0	0	53490	0	
12582912	12582912	4058092	4058132	8388608	8680	8107544	8388608	8680	0	0	46126	0	
12582912	12582912	4057680	4058544	8388608	31808	8084416	8388608	31808	0	0	75616	0	
12582912	12582912	4058076	4058148	8388608	11232	8104992	8388608	11232	0	0	48529	0	
12582912	12582912	4058076	4058148	8388608	14188	8102036	8388608	14188	0	0	53031	0	
12582912	12582912	4058092	4058132	8388608	8680	8107544	8388608	8680	0	0	45846	0	
12582912	12582912	4057580	4058644	8388608	31808	8084416	8388608	31808	0	0	74942	0	
12582912	12582912	4058088	4058136	8388608	11232	8104992	8388608	11232	0	0	48077	0	
12582912	12582912	4058076	4058148	8388608	14188	8102036	8388608	14188	0	0	51145	0	
12582912	12582912	4058092	4058132	8388608	8680	8107544	8388608	8680	0	0	46059	0	
12582912	12582912	4057680	4058544	8388608	31808	8084416	8388608	31808	0	0	74951	0	
12582912	12582912	4058076	4058148	8388608	11232	8104992	8388608	11232	0	0	48047	0	
12582912	12582912	4058088	4058136	8388608	14188	8102036	8388608	14188	0	0	53002	0	
12582912	12582912	4058092	4058132	8388608	8680	8107544	8388608	8680	0	0	46185	0	
12582912	12582912	4057580	4058644	8388608	31808	8084416	8388608	31808	0	0	75073	0	
12582912	12582912	4058076	4058148	8388608	11232	8104992	8388608	11232	0	0	48597	0	
12582912	12582912	4058076	4058148	8388608	14188	8102036	8388608	14188	0	0	53620	0	
12582912	12582912	4058104	4058120	8388608	8680	8107544	8388608	8680	0	0	45833	0	
12582912	12582912	4057580	4058644	8388608	31808	8084416	8388608	31808	0	0	75462	0	
12582912	12582912	4058076	4058148	8388608	11232	8104992	8388608	11232	0	0	48126	0	
12582912	12582912	4058064	4058160	8388608	14188	8102036	8388608	14188	0	0	51592	0	
12582912	12582912	4058092	4058132	8388608	8540	8107684	8388608	8540	0	0	45888	0	
12582912	12582912	4057580	4058644	8388608	31808	8084416	8388608	31808	0	0	72553	0	
12582912	12582912	4058076	4058148	8388608	11232	8104992	8388608	11232	0	0	47664	0	
12582912	12582912	4058076	4058148	8388608	14188	8102036	8388608	14188	0	0	53358	0	
12582912	12582912	4058104	4058120	8388608	8680	8107544	8388608	8680	0	0	54993	0	
12582912	12582912	4057580	4058644	8388608	31808	8084416	8388608	31808	0	0	75180	0	
12582912	12582912	4058076	4058148	8388608	11232	8104992	8388608	11232	0	0	51012	0	
12582912	12582912	4058064	4058160	8388608	14188	8102036	8388608	14188	0	0	54116	0	
12582912	12582912	4058092	4058132	8388608	8540	8107684	8388608	8540	0	0	51576	0	
12582912	12582912	4057592	4058632	8388608	31808	8084416	8388608	31808	0	0	74809	0	
12582912	12582912	4058076	4058148	8388608	11232	8104992	8388608	11232	0	0	48197	0	
12582912	12582912	4058076	4058148	8388608	14188	8102036	8388608	14188	0	0	53523	0	
12582912	12582912	4058092	4058132	8388608	8680	8107544	8388608	8680	0	0	46056	0	
12582912	12582912	4057580	4058644	8388608	31808	8084416	8388608	31808	0	0	72799	0	
12582912	12582912	4058076	4058148	8388608	11232	8104992	8388608	11232	0	0	45827	0	
12582912	12582912	4058076	4058148	8388608	14188	8102036	8388608	14188	0	0	50967	0	
12582912	12582912	4058092	4058132	8388608	8680	8107544	8388608	8680	0	0	43989	0	
12582912	12582912	4057592	4058632	8388608	37904	8078320	8388608	31808	0	0	83951	0	
12582912	12582912	4058092	4058132	8388608	6560	8109664	8388608	6560	0	0	70074	0	
12582912	12582912	4058104	4058120	8388608	14188	8102036	8388608	14188	0	0	55240	0	
12582912	12582912	4058092	4058132	8388608	7700	8108524	8388608	7700	0	0	45035	0	
12582912	12582912	4057940	4058284	8388608	31636	8084588	8388608	31636	0	0	75299	0	
12582912	12582912	4058104	4058120	8388608	10996	8105228	8388608	10996	0	0	47969	0	
12582912	12582912	4058076	4058148	8388608	14188	8102036	8388608	14188	0	0	53548	0	
12582912	12582912	4058092	4058132	8388608	8680	8107544	8388608	8680	0	0	46020	0	
12582912	12582912	4057680	4058544	8388608	31808	8084416	8388608	31808	0	0	75554	0	
12582912	12582912	4058076	4058148	8388608	11232	8104992	8388608	11232	0	0	48259	0	
12582912	12582912	4058088	4058136	8388608	14188	8102036	8388608	14188	0	0	50830	0	
12582912	12582912	4058092	4058132	8388608	8680	8107544	8388608	8680	0	0	43586	0	
12582912	12582912	4057580	4058644	8388608	31808	8084416	8388608	31808	0	0	72523	0	
12582912	12582912	4058076	4058148	8388608	11232	8104992	8388608	11232	0	0	45884	0	
12582912	12582912	4058076	4058148	8388608	14188	8102036	8388608	14188	0	0	52549	0	
12582912	12582912	4058092	4058132	8388608	8680	8107544	8388608	8680	0	0	45433	0	
12582912	12582912	4057580	4058644	8388608	31808	8084416	8388608	31808	0	0	74983	0	
12582912	12582912	4058076	4058148	8388608	11232	8104992	8388608	11232	0	0	48629	0	
12582912	12582912	4058088	4058136	8388608	14188	8102036	8388608	14188	0	0	53463	0	
12582912	12582912	4058092	4058132	8388608	8680	8107544	8388608	8680	0	0	46006	0	
12582912	12582912	4057580	4058644	8388608	31808	8084416	8388608	31808	0	0	75349	0	
12582912	12582912	4058076	4058148	8388608	11232	8104992	8388608	11232	0	0	47885	0	
12582912	12582912	4058076	4058148	8388608	14188	8102036	8388608	14188	0	0	50914	0	
12582912	12582912	4058104	4058120	8388608	8680	8107544	8388608	8680	0	0	46042	0	
12582912	12582912	4057580	4058644	8388608	31808	8084416	8388608	31808	0	0	74934	0	
12582912	12582912	4058076	4058148	8388608	11232	8104992	8388608	11232	0	0	45581	0	
12582912	12582912	4058064	4058160	8388608	14188	8102036	8388608	14188	0	0	53745	0	
12582912	12582912	4058092	4058132	8388608	8540	8107684	8388608	8540	0	0	43469	0	
12582912	12582912	4057580	4058644	8388608	31808	8084416	8388608	31808	0	0	74547	0	
12582912	12582912	4058076	4058148	8388608	11232	8104992	8388608	11232	0	0	48613	0	
12582912	12582912	4058076	4058148	8388608	14188	8102036	8388608	14188	0	0	53133	0	
12582912	12582912	4058092	4058132	8388608	8680	8107544	8388608	8680	0	0	46010	0	
12582912	12582912	4057580	4058644	8388608	31808	8084416	8388608	31808	0	0	75198	0	
12582912	12582912	4058076	4058148	8388608	11232	8104992	8388608	11232	0	0	48443	0	
12582912	12582912	4058076	4058148	8388608	14188	8102036	8388608	14188	0	0	53252	0	
12582912	12582912	4058092	4058132	8388608	8680	8107544	8388608	8680	0	0	45866	0	
12582912	12582912	4057592	4058632	8388608	31808	8084416	8388608	31808	0	0	72511	0	
12582912	12582912	4058076	4058148	8388608	11232	8104992	8388608	11232	0	0	48538	0	
12582912	12582912	4058076	4058148	8388608	14188	8102036	8388608	14188	0	0	53475	0	
12582912	12582912	4058092	4058132	8388608	8680	8107544	8388608	8680	0	0	44246	0	
12582912	12582912	4057580	4058644	8388608	31808	8084416	8388608	31808	0	0	75443	0	
12582912	12582912	4058088	4058136	8388608	11232	8104992	8388608	11232	0	0	49024	0	
12582912	12582912	4058076	4058148	8388608	14188	8102036	8388608	14188	0	0	53263	0	
12582912	12582912	4058092	4058132	8388608	8680	8107544	8388608	8680	0	0	46169	0	
12582912	12582912	4057680	4058544	8388608	37904	8078320	8388608	31808	0	0	84607	0	
12582912	12582912	4058092	4058132	8388608	6560	8109664	8388608	6560	0	0	43510	0	
12582912	12582912	4058104	4058120	8388608	14188	8102036	8388608	14188	0	0	55059	0	
12582912	12582912	4058092	4058132	8388608	7700	8108524	8388608	7700	0	0	44898	0	
12582912	12582912	4057940	4058284	8388608	31636	8084588	8388608	31636	0	0	75396	0	
12582912	12582912	4058104	4058120	8388608	10996	8105228	8388608	10996	0	0	47545	0	
12582912	12582912	4058076	4058148	8388608	14188	8102036	8388608	14188	0	0	53108	0	
12582912	12582912	4058092	4058132	8388608	8680	8107544	8388608	8680	0	0	43365	0	
12582912	12582912	4057680	4058544	8388608	31808	8084416	8388608	31808	0	0	74803	0	
12582912	12582912	4058076	4058148	8388608	11232	8104992	8388608	11232	0	0	46100	0	
12582912	12582912	4058088	4058136	8388608	14188	8102036	8388608	14188	0	0	53101	0	
12582912	12582912	4058092	4058132	8388608	8680	8107544	8388608	8680	0	0	45382	0	
12582912	12582912	4057580	4058644	8388608	31808	8084416	8388608	31808	0	0	75141	0	
12582912	12582912	4058076	4058148	8388608	11232	8104992	8388608	11232	0	0	48206	0	
12582912	12582912	4058076	4058148	8388608	14188	8102036	8388608	14188	0	0	53256	0	
12582912	12582912	4058104	4058120	8388608	8680	8107544	8388608	8680	0	0	46102	0	
12582912	12582912	4057580	4058644	8388608	31808	8084416	8388608	31808	0	0	74510	0	
12582912	12582912	4058076	4058148	8388608	11232	8104992	8388608	11232	0	0	48274	0	
12582912	12582912	4058064	4058160	8388608	14188	8102036	8388608	14188	0	0	53983	0	
12582912	12582912	4058092	4058132	8388608	8540	8107684	8388608	8540	0	0	46623	0	
12582912	12582912	4057580	4058644	8388608	31808	8084416	8388608	31808	0	0	75346	0	
12582912	12582912	4058076	4058148	8388608	11232	8104992	8388608	11232	0	0	45978	0	
12582912	12582912	4058076	4058148	8388608	14188	8102036	8388608	14188	0	0	53413	0	
12582912	12582912	4058104	4058120	8388608	8680	8107544	8388608	8680	0	0	43514	0	
12582912	12582912	4057580	4058644	8388608	31808	8084416	8388608	31808	0	0	74739	0	
12582912	12582912	4058076	4058148	8388608	11232	8104992	8388608	11232	0	0	48104	0	
12582912	12582912	4058064	4058160	8388608	14188	8102036	8388608	14188	0	0	53343	0	
12582912	12582912	4058092	4058132	8388608	8540	8107684	8388608	8540	0	0	45297	0	
12582912	12582912	4057592	4058632	8388608	31808	8084416	8388608	31808	0	0	74982	0	
12582912	12582912	4058076	4058148	8388608	11232	8104992	8388608	11232	0	0	48373	0	
12582912	12582912	4058076	4058148	8388608	14188	8102036	8388608	14188	0	0	53171	0	
12582912	12582912	4058092	4058132	8388608	8680	8107544	8388608	8680	0	0	46122	0	
12582912	12582912	4057580	4058644	8388608	31808	8084416	8388608	31808	0	0	81626	0	
12582912	12582912	4058076	4058148	8388608	11232	8104992	8388608	11232	0	0	48633	0	
12582912	12582912	4058076	4058148	8388608	14188	8102036	8388608	14188	0	0	59869	0	
12582912	12582912	4058092	4058132	8388608	8680	8107544	8388608	8680	0	0	43762	0	
12582912	12582912	4057592	4058632	8388608	31808	8084416	8388608	31808	0	0	82906	0	
12582912	12582912	4058076	4058148	8388608	11232	8104992	8388608	11232	0	0	48098	0	
12582912	12582912	4058076	4058148	8388608	14188	8102036	8388608	14188	0	0	75365	0	
12582912	12582912	4058092	4058132	8388608	8680	8107544	8388608	8680	0	0	45481	0	
12582912	12582912	4057580	4058644	8388608	31808	8084416	8388608	31808	0	0	80623	0	
12582912	12582912	4058088	4058136	8388608	11232	8104992	8388608	11232	0	0	48295	0	
12582912	12582912	4058076	4058148	8388608	14188	8102036	8388608	14188	0	0	53958	0	
12582912	12582912	4058092	4058132	8388608	8680	8107544	8388608	8680	0	0	46253	0	
12582912	12582912	4057680	4058544	8388608	37904	8078320	8388608	31808	0	0	85564	0	
12582912	12582912	4058092	4058132	8388608	6560	8109664	8388608	6560	0	0	43364	0	
12582912	12582912	4058060	4058164	8388608	14188	8102036	8388608	14188	0	0	55032	0	
12582912	12582912	4058024	4058200	8388608	7576	8108648	8388608	7576	0	0	42633	0	
12582912	12582912	4057940	4058284	8388608	31636	8084588	8388608	31636	0	0	75592	0	
12582912	12582912	4058092	4058132	8388608	10996	8105228	8388608	10996	0	0	45423	0	
12582912	12582912	4058076	4058148	8388608	14188	8102036	8388608	14188	0	0	51024	0	
12582912	12582912	4058092	4058132	8388608	8680	8107544	8388608	8680	0	0	45747	0	
12582912	12582912	4057580	4058644	8388608	31808	8084416	8388608	31808	0	0	72678	0	
12582912	12582912	4058076	4058148	8388608	11232	8104992	8388608	11232	0	0	48439	0	
12582912	12582912	4058088	4058136	8388608	14188	8102036	8388608	14188	0	0	53655	0	
12582912	12582912	4058092	4058132	8388608	8680	8107544	8388608	8680	0	0	46345	0	
12582912	12582912	4057580	4058644	8388608	31808	8084416	8388608	31808	0	0	75309	0	
12582912	12582912	4058076	4058148	8388608	11232	8104992	8388608	11232	0	0	49224	0	
12582912	12582912	4058076	4058148	8388608	14188	8102036	8388608	14188	0	0	53677	0	
12582912	12582912	4058104	4058120	8388608	8680	8107544	8388608	8680	0	0	46340	0	
12582912	12582912	4057580	4058644	8388608	31808	8084416	8388608	31808	0	0	75406	0	
12582912	12582912	4058076	4058148	8388608	11232	8104992	8388608	11232	0	0	48451	0	
12582912	12582912	4058064	4058160	8388608	14188	8102036	8388608	14188	0	0	51531	0	
12582912	12582912	4058092	4058132	8388608	8540	8107684	8388608	8540	0	0	46015	0	
12582912	12582912	4057580	4058644	8388608	31808	8084416	8388608	31808	0	0	72730	0	
12582912	12582912	4058076	4058148	8388608	11232	8104992	8388608	11232	0	0	48076	0	
12582912	12582912	4058076	4058148	8388608	14188	8102036	8388608	14188	0	0	53425	0	
12582912	12582912	4058092	4058132	8388608	8680	8107544	8388608	8680	0	0	45884	0	
12582912	12582912	4057580	4058644	8388608	31808	8084416	8388608	31808	0	0	75173	0	
12582912	12582912	4058076	4058148	8388608	11232	8104992	8388608	11232	0	0	48316	0	
12582912	12582912	4058076	4058148	8388608	14188	8102036	8388608	14188	0	0	53364	0	
12582912	12582912	4058092	4058132	8388608	8680	8107544	8388608	8680	0	0	46015	0	
12582912	12582912	4057592	4058632	8388608	31808	8084416	8388608	31808	0	0	74701	0	
12582912	12582912	4058076	4058148	8388608	11232	8104992	8388608	11232	0	0	48340	0	
12582912	12582912	4058076	4058148	8388608	14188	8102036	8388608	14188	0	0	52959	0	
12582912	12582912	4058092	4058132	8388608	8680	8107544	8388608	8680	0	0	46191	0	
12582912	12582912	4057580	4058644	8388608	31808	8084416	8388608	31808	0	0	72699	0	
12582912	12582912	4058088	4058136	8388608	11232	8104992	8388608	11232	0	0	48978	0	
12582912	12582912	4058076	4058148	8388608	14188	8102036	8388608	14188	0	0	51594	0	
12582912	12582912	4058092	4058132	8388608	8680	8107544	8388608	8680	0	0	45949	0	
12582912	12582912	4057680	4058544	8388608	31808	8084416	8388608	31808	0	0	74947	0	
12582912	12582912	4058076	4058148	8388608	11232	8104992	8388608	11232	0	0	48087	0	
12582912	12582912	4058076	4058148	8388608	14188	8102036	8388608	14188	0	0	53622	0	
12582912	12582912	4058092	4058132	8388608	8680	8107544	8388608	8680	0	0	46660	0	
12582912	12582912	4057580	4058644	8388608	31808	8084416	8388608	31808	0	0	74997	0	
12582912	12582912	4058088	4058136	8388608	11232	8104992	8388608	11232	0	0	48358	0	
12582912	12582912	4058076	4058148	8388608	14188	8102036	8388608	14188	0	0	53875	0	
12582912	12582912	4058092	4058132	8388608	8680	8107544	8388608	8680	0	0	46389	0	
12582912	12582912	4057680	4058544	8388608	37904	8078320	8388608	31808	0	0	84977	0	
12582912	12582912	4058092	4058132	8388608	6560	8109664	8388608	6560	0	0	48694	0	
12582912	12582912	4058060	4058164	8388608	14188	8102036	8388608	14188	0	0	52120	0	
12582912	12582912	4058092	4058132	8388608	7700	8108524	8388608	7700	0	0	46840	0	
12582912	12582912	4057940	4058284	8388608	31636	8084588	8388608	31636	0	0	73254	0	
12582912	12582912	4058092	4058132	8388608	10996	8105228	8388608	10996	0	0	53538	0	
12582912	12582912	4058076	4058148	8388608	14188	8102036	8388608	14188	0	0	59765	0	
12582912	12582912	4058104	4058120	8388608	8680	8107544	8388608	8680	0	0	48413	0	
12582912	12582912	4057580	4058644	8388608	31808	8084416	8388608	31808	0	0	75419	0	
12582912	12582912	4058076	4058148	8388608	11232	8104992	8388608	11232	0	0	48365	0	
12582912	12582912	4058064	4058160	8388608	14188	8102036	8388608	14188	0	0	53890	0	
12582912	12582912	4058092	4058132	8388608	8540	8107684	8388608	8540	0	0	45414	0	
12582912	12582912	4057580	4058644	8388608	31808	8084416	8388608	31808	0	0	75083	0	
12582912	12582912	4058076	4058148	8388608	11232	8104992	8388608	11232	0	0	48441	0	
12582912	12582912	4058076	4058148	8388608	14188	8102036	8388608	14188	0	0	53672	0	
12582912	12582912	4058104	4058120	8388608	8680	8107544	8388608	8680	0	0	46123	0	
12582912	12582912	4057580	4058644	8388608	31808	8084416	8388608	31808	0	0	73234	0	
12582912	12582912	4058076	4058148	8388608	11232	8104992	8388608	11232	0	0	45789	0	
12582912	12582912	4058064	4058160	8388608	14188	8102036	8388608	14188	0	0	53164	0	
12582912	12582912	4058092	4058132	8388608	8540	8107684	8388608	8540	0	0	43762	0	
12582912	12582912	4057592	4058632	8388608	31808	8084416	8388608	31808	0	0	74612	0	
12582912	12582912	4058076	4058148	8388608	11232	8104992	8388608	11232	0	0	48384	0	
12582912	12582912	4058076	4058148	8388608	14188	8102036	8388608	14188	0	0	53245	0	
12582912	12582912	4058092	4058132	8388608	8680	8107544	8388608	8680	0	0	46163	0	
12582912	12582912	4057580	4058644	8388608	31808	8084416	8388608	31808	0	0	75443	0	
12582912	12582912	4058076	4058148	8388608	11232	8104992	8388608	11232	0	0	48755	0	
12582912	12582912	4058076	4058148	8388608	14188	8102036	8388608	14188	0	0	53655	0	
12582912	12582912	4058092	4058132	8388608	8680	8107544	8388608	8680	0	0	45876	0	
12582912	12582912	4057592	4058632	8388608	31808	8084416	8388608	31808	0	0	74834	0	
12582912	12582912	4058076	4058148	8388608	11232	8104992	8388608	11232	0	0	48540	0	
12582912	12582912	4058076	4058148	8388608	14188	8102036	8388608	14188	0	0	53074	0	
12582912	12582912	4058092	4058132	8388608	8680	8107544	8388608	8680	0	0	44358	0	
12582912	12582912	4057580	4058644	8388608	31808	8084416	8388608	31808	0	0	76647	0	
12582912	12582912	4058088	4058136	8388608	11232	8104992	8388608	11232	0	0	48713	0	
12582912	12582912	4058076	4058148	8388608	14188	8102036	8388608	14188	0	0	52814	0	
12582912	12582912	4058092	4058132	8388608	8680	8107544	8388608	8680	0	0	46373	0	
12582912	12582912	4057680	4058544	8388608	31808	8084416	8388608	31808	0	0	75361	0	
