b_initial_y_size_0	b_max_y_size_1	b_used_2	b_available_3	b_committed_4	a_used_5	a_available_6	a_committed_7	a_survived_8	a_promoted_9	a_copied_10	a_time_in_ns_11	promotion_rate_12
34603008	34603008	11159796	11159820	23068672	1063256	21256360	23068672	924168	73256	0	829655	5	
34603008	34603008	11159796	11159820	23068672	637548	21682068	23068672	525636	1508	0	788575	0	
34603008	34603008	11159784	11159832	23068672	114784	22204832	23068672	84528	748	0	233647	0	
34603008	34603008	11159796	11159820	23068672	115484	22204132	23068672	97348	36	0	259999	0	
34603008	34603008	11159796	11159820	23068672	1578920	20740696	23068672	1334164	28	0	1186755	0	
34603008	34603008	11159796	11159820	23068672	1142532	21177084	23068672	977608	24	0	1169246	0	
34603008	34603008	11159796	11159820	23068672	767276	21552340	23068672	624612	492	0	972835	0	
34603008	34603008	11159796	11159820	23068672	166824	22152792	23068672	142680	828	0	399247	0	
34603008	34603008	11159752	11159864	23068672	156312	22163304	23068672	131240	0	0	323057	0	
34603008	34603008	11159788	11159828	23068672	77264	22242352	23068672	59832	0	0	181415	0	
34603008	34603008	11159776	11159840	23068672	1496308	20823308	23068672	1281664	312	0	1404135	0	
34603008	34603008	11159796	11159820	23068672	1126532	21193084	23068672	936772	0	0	1292345	0	
34603008	34603008	11159796	11159820	23068672	714752	21604864	23068672	558748	0	0	716130	0	
34603008	34603008	11159808	11159808	23068672	147124	22172492	23068672	125348	96	0	307931	0	
34603008	34603008	11159796	11159820	23068672	138664	22180952	23068672	123164	372	0	338803	0	
34603008	34603008	11159796	11159820	23068672	78252	22241364	23068672	63852	564	0	196345	0	
34603008	34603008	11159796	11159820	23068672	1525512	20794104	23068672	1257644	72	0	1205510	0	
34603008	34603008	11159796	11159820	23068672	1084184	21235432	23068672	886072	0	0	876532	0	
34603008	34603008	11159796	11159820	23068672	692064	21627552	23068672	574952	0	0	752940	0	
34603008	34603008	11159776	11159840	23068672	145444	22174172	23068672	113792	0	0	299204	0	
34603008	34603008	11159796	11159820	23068672	138384	22181232	23068672	122492	0	0	357458	0	
34603008	34603008	11159804	11159812	23068672	78372	22241244	23068672	55836	0	0	186593	0	
34603008	34603008	11159796	11159820	23068672	1445740	20873876	23068672	1254972	0	0	1092474	0	
34603008	34603008	11159796	11159820	23068672	1119172	21200444	23068672	938392	0	0	1124275	0	
34603008	34603008	11159796	11159820	23068672	681704	21637912	23068672	569312	0	0	782152	0	
34603008	34603008	11159796	11159820	23068672	170884	22148732	23068672	139212	0	0	339651	0	
34603008	34603008	11159804	11159812	23068672	154952	22164664	23068672	126664	0	0	308075	0	
34603008	34603008	11159776	11159840	23068672	78196	22241420	23068672	56952	0	0	188368	0	
34603008	34603008	11159776	11159840	23068672	1488048	20831568	23068672	1263512	0	0	1180149	0	
34603008	34603008	11159796	11159820	23068672	1198148	21121468	23068672	921392	0	0	1010922	0	
34603008	34603008	11159796	11159820	23068672	689484	21630132	23068672	563212	0	0	728708	0	
34603008	34603008	11159776	11159840	23068672	160184	22159432	23068672	131352	0	0	420152	0	
34603008	34603008	11159764	11159852	23068672	128724	22190892	23068672	111304	0	0	317342	0	
34603008	34603008	11159796	11159820	23068672	1622768	20696848	23068672	1360412	0	0	1266977	0	
34603008	34603008	11159796	11159820	23068672	1181812	21137804	23068672	989492	0	0	1107883	0	
34603008	34603008	11159776	11159840	23068672	830096	21489520	23068672	624312	0	0	945336	0	
34603008	34603008	11159796	11159820	23068672	150864	22168752	23068672	128272	0	0	340579	0	
34603008	34603008	11159768	11159848	23068672	155160	22164456	23068672	125232	0	0	344095	0	
34603008	34603008	11159780	11159836	23068672	78120	22241496	23068672	55472	0	0	191040	0	
34603008	34603008	11159796	11159820	23068672	1423872	20895744	23068672	1254652	0	0	1103315	0	
34603008	34603008	11159796	11159820	23068672	1151700	21167916	23068672	945952	0	0	1241483	0	
34603008	34603008	11159796	11159820	23068672	707744	21611872	23068672	560892	0	0	831630	0	
34603008	34603008	11159776	11159840	23068672	156244	22163372	23068672	124532	0	0	343305	0	
34603008	34603008	11159784	11159832	23068672	138488	22181128	23068672	122892	0	0	329863	0	
34603008	34603008	11159760	11159856	23068672	77840	22241776	23068672	55872	0	0	241373	0	
34603008	34603008	11159796	11159820	23068672	1527392	20792224	23068672	1259352	0	0	1143799	0	
34603008	34603008	11159796	11159820	23068672	1122024	21197592	23068672	886452	600	0	1185527	0	
34603008	34603008	11159796	11159820	23068672	718184	21601432	23068672	572832	0	0	834873	0	
34603008	34603008	11159796	11159820	23068672	154264	22165352	23068672	132904	0	0	348321	0	
34603008	34603008	11159756	11159860	23068672	129484	22190132	23068672	112436	552	0	350082	0	
34603008	34603008	11159796	11159820	23068672	1606908	20712708	23068672	1362932	0	0	1135500	0	
34603008	34603008	11159796	11159820	23068672	1220328	21099288	23068672	989092	0	0	1253141	0	
34603008	34603008	11159796	11159820	23068672	838936	21480680	23068672	622672	0	0	943199	0	
34603008	34603008	11159796	11159820	23068672	165364	22154252	23068672	143732	0	0	335309	0	
34603008	34603008	11159788	11159828	23068672	135504	22184112	23068672	118172	0	0	330983	0	
34603008	34603008	11159752	11159864	23068672	77344	22242272	23068672	52276	0	0	201987	0	
34603008	34603008	11159796	11159820	23068672	1522352	20797264	23068672	1238812	0	0	913603	0	
34603008	34603008	11159796	11159820	23068672	1138732	21180884	23068672	908292	0	0	1021462	0	
34603008	34603008	11159796	11159820	23068672	728772	21590844	23068672	560532	0	0	696993	0	
34603008	34603008	11159800	11159816	23068672	152864	22166752	23068672	131112	0	0	304132	0	
34603008	34603008	11159788	11159828	23068672	122544	22197072	23068672	105968	0	0	300521	0	
34603008	34603008	11159796	11159820	23068672	1616968	20702648	23068672	1353072	0	0	1359721	0	
34603008	34603008	11159796	11159820	23068672	1207912	21111704	23068672	984692	0	0	991453	0	
34603008	34603008	11159796	11159820	23068672	721792	21597824	23068672	609992	0	0	950580	0	
34603008	34603008	11159796	11159820	23068672	162924	22156692	23068672	140972	0	0	337062	0	
34603008	34603008	11159772	11159844	23068672	155652	22163964	23068672	131192	0	0	325729	0	
34603008	34603008	11159800	11159816	23068672	77048	22242568	23068672	59612	0	0	179632	0	
34603008	34603008	11159796	11159820	23068672	1536412	20783204	23068672	1281532	0	0	1214462	0	
34603008	34603008	11159796	11159820	23068672	1117572	21202044	23068672	909732	0	0	982603	0	
34603008	34603008	11159776	11159840	23068672	715544	21604072	23068672	582172	0	0	712956	0	
34603008	34603008	11159796	11159820	23068672	165524	22154092	23068672	143512	0	0	331281	0	
34603008	34603008	11159784	11159832	23068672	132864	22186752	23068672	115484	0	0	378876	0	
34603008	34603008	11159796	11159820	23068672	1599568	20720048	23068672	1347472	0	0	1280778	0	
34603008	34603008	11159796	11159820	23068672	1180408	21139208	23068672	992892	0	0	1087387	0	
34603008	34603008	11159796	11159820	23068672	762636	21556980	23068672	638592	0	0	1000219	0	
34603008	34603008	11159796	11159820	23068672	169084	22150532	23068672	147252	0	0	335671	0	
34603008	34603008	11159808	11159808	23068672	24240	22295376	23068672	24240	0	0	136725	0	
34603008	34603008	11159792	11159824	23068672	106024	22213592	23068672	87164	0	0	266176	0	
34603008	34603008	11159796	11159820	23068672	1590768	20728848	23068672	1329292	0	0	1381570	0	
34603008	34603008	11159796	11159820	23068672	1134072	21185544	23068672	954492	0	0	1103181	0	
34603008	34603008	11159796	11159820	23068672	724152	21595464	23068672	603152	0	0	970833	0	
34603008	34603008	11159796	11159820	23068672	163284	22156332	23068672	141292	0	0	336347	0	
34603008	34603008	11159792	11159824	23068672	164312	22155304	23068672	127648	0	0	315262	0	
34603008	34603008	11159804	11159812	23068672	78788	22240828	23068672	57740	0	0	184159	0	
34603008	34603008	11159796	11159820	23068672	1487568	20832048	23068672	1264352	0	0	1167677	0	
34603008	34603008	11159796	11159820	23068672	1132652	21186964	23068672	922312	0	0	1051641	0	
34603008	34603008	11159796	11159820	23068672	702104	21617512	23068672	574252	0	0	739859	0	
34603008	34603008	11159796	11159820	23068672	164784	22154832	23068672	142912	0	0	364967	0	
34603008	34603008	11159788	11159828	23068672	134704	22184912	23068672	118012	0	0	323635	0	
34603008	34603008	11159784	11159832	23068672	77304	22242312	23068672	50652	0	0	171588	0	
34603008	34603008	11159796	11159820	23068672	1523952	20795664	23068672	1235532	0	0	996883	0	
34603008	34603008	11159796	11159820	23068672	1082664	21236952	23068672	913192	0	0	1006200	0	
34603008	34603008	11159796	11159820	23068672	729372	21590244	23068672	573212	0	0	712701	0	
34603008	34603008	11159796	11159820	23068672	165384	22154232	23068672	133532	0	0	384496	0	
34603008	34603008	11159808	11159808	23068672	128444	22191172	23068672	111196	0	0	292525	0	
34603008	34603008	11159796	11159820	23068672	1564560	20755056	23068672	1359272	0	0	1170212	0	
34603008	34603008	11159796	11159820	23068672	1178620	21140996	23068672	995272	0	0	1074671	0	
34603008	34603008	11159796	11159820	23068672	807784	21511832	23068672	642316	0	0	902603	0	
34603008	34603008	11159796	11159820	23068672	137244	22182372	23068672	115896	744	0	281926	0	
34603008	34603008	11159804	11159812	23068672	34584	22285032	23068672	15468	0	0	116007	0	
34603008	34603008	11159808	11159808	23068672	103804	22215812	23068672	83900	0	0	266745	0	
34603008	34603008	11159796	11159820	23068672	1570320	20749296	23068672	1323492	0	0	1298636	0	
34603008	34603008	11159796	11159820	23068672	1154960	21164656	23068672	956732	0	0	1106020	0	
34603008	34603008	11159796	11159820	23068672	724812	21594804	23068672	591112	0	0	781126	0	
34603008	34603008	11159796	11159820	23068672	160604	22159012	23068672	138492	0	0	334868	0	
34603008	34603008	11159788	11159828	23068672	141424	22178192	23068672	125392	0	0	351658	0	
34603008	34603008	11159792	11159824	23068672	77840	22241776	23068672	57772	0	0	206338	0	
34603008	34603008	11159796	11159820	23068672	1471408	20848208	23068672	1270412	0	0	1089981	0	
34603008	34603008	11159796	11159820	23068672	1135832	21183784	23068672	937852	0	0	1027070	0	
34603008	34603008	11159796	11159820	23068672	686484	21633132	23068672	552840	0	0	775028	0	
34603008	34603008	11159776	11159840	23068672	163164	22156452	23068672	132460	888	0	347300	0	
34603008	34603008	11159796	11159820	23068672	154852	22164764	23068672	123976	0	0	363804	0	
34603008	34603008	11159796	11159820	23068672	78632	22240984	23068672	55132	0	0	193662	0	
34603008	34603008	11159796	11159820	23068672	1477188	20842428	23068672	1249372	680	0	982543	1	
34603008	34603008	11159796	11159820	23068672	1113252	21206364	23068672	914992	0	0	1031188	0	
34603008	34603008	11159796	11159820	23068672	819444	21500172	23068672	578572	0	0	867603	0	
34603008	34603008	11159808	11159808	23068672	155124	22164492	23068672	132112	0	0	389736	0	
34603008	34603008	11159780	11159836	23068672	121204	22198412	23068672	104124	0	0	310130	0	
34603008	34603008	11159796	11159820	23068672	1592080	20727536	23068672	1350972	0	0	1321029	0	
34603008	34603008	11159796	11159820	23068672	1175620	21143996	23068672	982712	0	0	1014417	0	
34603008	34603008	11159796	11159820	23068672	765376	21554240	23068672	622964	0	0	937452	0	
34603008	34603008	11159796	11159820	23068672	166384	22153232	23068672	142624	492	0	442372	0	
34603008	34603008	11159776	11159840	23068672	150992	22168624	23068672	131352	0	0	348355	0	
34603008	34603008	11159780	11159836	23068672	77660	22241956	23068672	61912	0	0	180276	0	
34603008	34603008	11159796	11159820	23068672	1565780	20753836	23068672	1284232	0	0	1185443	0	
34603008	34603008	11159796	11159820	23068672	1082424	21237192	23068672	890460	0	0	979838	0	
34603008	34603008	11159796	11159820	23068672	769176	21550440	23068672	578440	28	0	681986	0	
34603008	34603008	11159776	11159840	23068672	160604	22159012	23068672	128952	0	0	321325	0	
34603008	34603008	11159804	11159812	23068672	127904	22191712	23068672	109804	0	0	297487	0	
34603008	34603008	11159796	11159820	23068672	1594008	20725608	23068672	1360752	0	0	1283916	0	
34603008	34603008	11159796	11159820	23068672	1210528	21109088	23068672	991504	0	0	1171919	0	
34603008	34603008	11159796	11159820	23068672	764136	21555480	23068672	622324	492	0	1111313	0	
34603008	34603008	11159796	11159820	23068672	163344	22156272	23068672	141212	0	0	345896	0	
34603008	34603008	11159792	11159824	23068672	159992	22159624	23068672	131448	0	0	315761	0	
34603008	34603008	11159784	11159832	23068672	76868	22242748	23068672	59980	0	0	175322	0	
34603008	34603008	11159796	11159820	23068672	1522332	20797284	23068672	1282452	0	0	1261010	0	
34603008	34603008	11159796	11159820	23068672	1160772	21158844	23068672	921772	0	0	922486	0	
34603008	34603008	11159796	11159820	23068672	767596	21552020	23068672	569832	0	0	771188	0	
34603008	34603008	11159804	11159812	23068672	149304	22170312	23068672	127312	0	0	329495	0	
34603008	34603008	11159792	11159824	23068672	124704	22194912	23068672	105732	0	0	365588	0	
34603008	34603008	11159796	11159820	23068672	1597320	20722296	23068672	1355952	0	0	1207841	0	
34603008	34603008	11159796	11159820	23068672	1212108	21107508	23068672	989652	0	0	1040850	0	
34603008	34603008	11159796	11159820	23068672	818024	21501592	23068672	618132	0	0	921828	0	
34603008	34603008	11159796	11159820	23068672	144964	22174652	23068672	115852	0	0	360811	0	
34603008	34603008	11159796	11159820	23068672	138804	22180812	23068672	122832	0	0	331061	0	
34603008	34603008	11159748	11159868	23068672	77624	22241992	23068672	55520	0	0	190104	0	
34603008	34603008	11159776	11159840	23068672	1523352	20796264	23068672	1258592	0	0	1147022	0	
34603008	34603008	11159796	11159820	23068672	1073356	21246260	23068672	888852	0	0	975795	0	
34603008	34603008	11159796	11159820	23068672	698264	21621352	23068672	562672	0	0	836692	0	
34603008	34603008	11159796	11159820	23068672	143924	22175692	23068672	119952	0	0	370394	0	
34603008	34603008	11159772	11159844	23068672	135732	22183884	23068672	123416	0	0	329191	0	
34603008	34603008	11159808	11159808	23068672	78808	22240808	23068672	57796	0	0	207267	0	
34603008	34603008	11159796	11159820	23068672	1484308	20835308	23068672	1264392	0	0	1166686	0	
34603008	34603008	11159796	11159820	23068672	1142972	21176644	23068672	925352	0	0	978121	0	
34603008	34603008	11159796	11159820	23068672	730992	21588624	23068672	580172	0	0	768820	0	
34603008	34603008	11159796	11159820	23068672	161644	22157972	23068672	139752	0	0	362271	0	
34603008	34603008	11159800	11159816	23068672	130744	22188872	23068672	113316	0	0	341372	0	
34603008	34603008	11159796	11159820	23068672	1638236	20681380	23068672	1359672	0	0	1238579	0	
34603008	34603008	11159796	11159820	23068672	1189088	21130528	23068672	989492	0	0	1006374	0	
34603008	34603008	11159776	11159840	23068672	800156	21519460	23068672	620832	0	0	886475	0	
34603008	34603008	11159796	11159820	23068672	160884	22158732	23068672	138832	0	0	308990	0	
34603008	34603008	11159800	11159816	23068672	147392	22172224	23068672	126368	0	0	362935	0	
34603008	34603008	11159804	11159812	23068672	77484	22242132	23068672	57152	0	0	163315	0	
34603008	34603008	11159796	11159820	23068672	1530372	20789244	23068672	1270152	0	0	1166886	0	
34603008	34603008	11159796	11159820	23068672	1151360	21168256	23068672	895972	0	0	1010128	0	
34603008	34603008	11159796	11159820	23068672	708332	21611284	23068672	567792	0	0	910572	0	
34603008	34603008	11159796	11159820	23068672	151524	22168092	23068672	128592	0	0	279331	0	
34603008	34603008	11159792	11159824	23068672	129104	22190512	23068672	111680	0	0	271129	0	
34603008	34603008	11159796	11159820	23068672	1635636	20683980	23068672	1362592	0	0	1178839	0	
34603008	34603008	11159796	11159820	23068672	1175580	21144036	23068672	983692	0	0	1147595	0	
34603008	34603008	11159796	11159820	23068672	796664	21522952	23068672	622412	0	0	934714	0	
34603008	34603008	11159796	11159820	23068672	160984	22158632	23068672	138792	0	0	312351	0	
34603008	34603008	11159764	11159852	23068672	143004	22176612	23068672	127148	0	0	321957	0	
34603008	34603008	11159796	11159820	23068672	79268	22240348	23068672	60552	0	0	157957	0	
34603008	34603008	11159796	11159820	23068672	1531172	20788444	23068672	1276912	0	0	1091193	0	
34603008	34603008	11159796	11159820	23068672	1112972	21206644	23068672	903692	0	0	863313	0	
34603008	34603008	11159796	11159820	23068672	689324	21630292	23068672	580152	0	0	795846	0	
34603008	34603008	11159796	11159820	23068672	167244	22152372	23068672	144092	0	0	405388	0	
34603008	34603008	11159800	11159816	23068672	135364	22184252	23068672	118380	0	0	291809	0	
34603008	34603008	11159756	11159860	23068672	76928	22242688	23068672	51780	0	0	169407	0	
34603008	34603008	11159796	11159820	23068672	1453820	20865796	23068672	1238712	0	0	941221	0	
34603008	34603008	11159796	11159820	23068672	1148860	21170756	23068672	923212	0	0	876973	0	
34603008	34603008	11159796	11159820	23068672	803424	21516192	23068672	577832	0	0	701542	0	
34603008	34603008	11159804	11159812	23068672	159004	22160612	23068672	127512	0	0	279485	0	
34603008	34603008	11159800	11159816	23068672	119824	22199792	23068672	102960	0	0	272160	0	
34603008	34603008	11159776	11159840	23068672	1614748	20704868	23068672	1348932	0	0	1129413	0	
34603008	34603008	11159796	11159820	23068672	1192000	21127616	23068672	979412	0	0	962852	0	
34603008	34603008	11159776	11159840	23068672	789916	21529700	23068672	610132	0	0	770088	0	
34603008	34603008	11159796	11159820	23068672	141624	22177992	23068672	119252	0	0	246264	0	
34603008	34603008	11159752	11159864	23068672	139744	22179872	23068672	123816	0	0	286017	0	
34603008	34603008	11159800	11159816	23068672	78332	22241284	23068672	57064	0	0	145707	0	
34603008	34603008	11159796	11159820	23068672	1539632	20779984	23068672	1263192	0	0	1102390	0	
34603008	34603008	11159796	11159820	23068672	1081984	21237632	23068672	895492	0	0	982075	0	
34603008	34603008	11159796	11159820	23068672	712752	21606864	23068672	581232	0	0	685916	0	
34603008	34603008	11159796	11159820	23068672	166104	22153512	23068672	144312	0	0	292859	0	
34603008	34603008	11159752	11159864	23068672	132944	22186672	23068672	115512	0	0	280936	0	
34603008	34603008	11159796	11159820	23068672	1625256	20694360	23068672	1347972	0	0	1225658	0	
34603008	34603008	11159796	11159820	23068672	1219296	21100320	23068672	993352	0	0	1171990	0	
34603008	34603008	11159796	11159820	23068672	787216	21532400	23068672	619732	0	0	948851	0	
34603008	34603008	11159776	11159840	23068672	166084	22153532	23068672	140552	0	0	301412	0	
34603008	34603008	11159788	11159828	23068672	142828	22176788	23068672	126300	0	0	286410	0	
34603008	34603008	11159788	11159828	23068672	78712	22240904	23068672	59864	0	0	147290	0	
34603008	34603008	11159796	11159820	23068672	1554660	20764956	23068672	1276292	0	0	1049428	0	
34603008	34603008	11159796	11159820	23068672	1094504	21225112	23068672	884052	0	0	977234	0	
34603008	34603008	11159796	11159820	23068672	688464	21631152	23068672	577332	0	0	656103	0	
34603008	34603008	11159796	11159820	23068672	165444	22154172	23068672	143512	0	0	290496	0	
34603008	34603008	11159768	11159848	23068672	134944	22184672	23068672	118024	0	0	261490	0	
34603008	34603008	11159800	11159816	23068672	76828	22242788	23068672	50804	0	0	143338	0	
34603008	34603008	11159796	11159820	23068672	1528792	20790824	23068672	1237032	0	0	1165077	0	
34603008	34603008	11159796	11159820	23068672	1158720	21160896	23068672	911292	0	0	1096580	0	
34603008	34603008	11159796	11159820	23068672	669996	21649620	23068672	544912	0	0	661055	0	
34603008	34603008	11159796	11159820	23068672	142204	22177412	23068672	120152	0	0	284602	0	
34603008	34603008	11159792	11159824	23068672	128904	22190712	23068672	112028	0	0	251506	0	
34603008	34603008	11159796	11159820	23068672	1635656	20683960	23068672	1361212	0	0	1162669	0	
34603008	34603008	11159796	11159820	23068672	1188028	21131588	23068672	990112	0	0	1015687	0	
34603008	34603008	11159796	11159820	23068672	786356	21533260	23068672	622112	0	0	872785	0	
34603008	34603008	11159796	11159820	23068672	157584	22162032	23068672	135612	0	0	281394	0	
34603008	34603008	11159744	11159872	23068672	158472	22161144	23068672	126956	0	0	330503	0	
34603008	34603008	11159784	11159832	23068672	78372	22241244	23068672	57684	0	0	149769	0	
34603008	34603008	11159796	11159820	23068672	1543632	20775984	23068672	1266432	0	0	1178222	0	
34603008	34603008	11159796	11159820	23068672	1089364	21230252	23068672	895952	0	0	924279	0	
34603008	34603008	11159776	11159840	23068672	765756	21553860	23068672	578332	0	0	700178	0	
34603008	34603008	11159796	11159820	23068672	140604	22179012	23068672	118572	0	0	243271	0	
34603008	34603008	11159792	11159824	23068672	128824	22190792	23068672	112076	0	0	251899	0	
34603008	34603008	11159796	11159820	23068672	1630556	20689060	23068672	1360772	0	0	1155983	0	
34603008	34603008	11159776	11159840	23068672	1183708	21135908	23068672	985132	0	0	1143838	0	
34603008	34603008	11159796	11159820	23068672	778876	21540740	23068672	619852	0	0	900762	0	
34603008	34603008	11159796	11159820	23068672	164324	22155292	23068672	142332	0	0	292234	0	
34603008	34603008	11159796	11159820	23068672	144088	22175528	23068672	128004	0	0	372528	0	
34603008	34603008	11159808	11159808	23068672	79508	22240108	23068672	61808	0	0	152274	0	
34603008	34603008	11159796	11159820	23068672	1543092	20776524	23068672	1280332	0	0	1276088	0	
34603008	34603008	11159776	11159840	23068672	1119412	21200204	23068672	899792	0	0	1019838	0	
34603008	34603008	11159796	11159820	23068672	686404	21633212	23068672	577072	0	0	797643	0	
34603008	34603008	11159796	11159820	23068672	164764	22154852	23068672	142792	0	0	297943	0	
34603008	34603008	11159808	11159808	23068672	134664	22184952	23068672	117916	0	0	406030	0	
34603008	34603008	11159796	11159820	23068672	77008	22242608	23068672	50280	0	0	142973	0	
34603008	34603008	11159796	11159820	23068672	1524292	20795324	23068672	1235832	0	0	945507	0	
34603008	34603008	11159796	11159820	23068672	1064676	21254940	23068672	913192	0	0	777616	0	
34603008	34603008	11159796	11159820	23068672	694704	21624912	23068672	579452	0	0	833401	0	
34603008	34603008	11159796	11159820	23068672	166544	22153072	23068672	143472	0	0	282378	0	
34603008	34603008	11159776	11159840	23068672	134664	22184952	23068672	117644	0	0	299980	0	
34603008	34603008	11159788	11159828	23068672	77008	22242608	23068672	50156	0	0	160414	0	
34603008	34603008	11159796	11159820	23068672	1525972	20793644	23068672	1235652	0	0	950142	0	
34603008	34603008	11159796	11159820	23068672	1193488	21126128	23068672	912988	0	0	1052613	0	
34603008	34603008	11159796	11159820	23068672	697564	21622052	23068672	550632	0	0	697266	0	
34603008	34603008	11159800	11159816	23068672	148504	22171112	23068672	126552	360	0	264152	0	
34603008	34603008	11159796	11159820	23068672	119124	22200492	23068672	101184	0	0	255631	0	
34603008	34603008	11159796	11159820	23068672	1597608	20722008	23068672	1346752	0	0	1289658	0	
34603008	34603008	11159796	11159820	23068672	1214336	21105280	23068672	982252	0	0	1161900	0	
34603008	34603008	11159796	11159820	23068672	778956	21540660	23068672	606212	0	0	1003781	0	
34603008	34603008	11159796	11159820	23068672	142284	22177332	23068672	119712	0	0	288456	0	
34603008	34603008	11159808	11159808	23068672	154152	22165464	23068672	123580	0	0	288554	0	
34603008	34603008	11159796	11159820	23068672	78572	22241044	23068672	55792	324	0	154477	0	
34603008	34603008	11159796	11159820	23068672	1482228	20837388	23068672	1251092	0	0	1117628	0	
34603008	34603008	11159796	11159820	23068672	1146320	21173296	23068672	913732	0	0	1144623	0	
34603008	34603008	11159796	11159820	23068672	718972	21600644	23068672	572192	0	0	685709	0	
34603008	34603008	11159796	11159820	23068672	164484	22155132	23068672	139012	0	0	294353	0	
34603008	34603008	11159764	11159852	23068672	129564	22190052	23068672	112508	0	0	253724	0	
34603008	34603008	11159776	11159840	23068672	1657244	20662372	23068672	1363312	0	0	1329158	0	
34603008	34603008	11159776	11159840	23068672	1192400	21127216	23068672	983472	0	0	967824	0	
34603008	34603008	11159796	11159820	23068672	735732	21583884	23068672	614012	0	0	913788	0	
34603008	34603008	11159796	11159820	23068672	162664	22156952	23068672	140992	0	0	314826	0	
34603008	34603008	11159772	11159844	23068672	153212	22166404	23068672	131040	0	0	278356	0	
34603008	34603008	11159792	11159824	23068672	77028	22242588	23068672	60272	0	0	147278	0	
34603008	34603008	11159776	11159840	23068672	1543252	20776364	23068672	1282872	0	0	1324316	0	
34603008	34603008	11159796	11159820	23068672	1116432	21203184	23068672	907032	0	0	1008496	0	
34603008	34603008	11159796	11159820	23068672	725472	21594144	23068672	580112	0	0	711299	0	
34603008	34603008	11159796	11159820	23068672	161124	22158492	23068672	139012	0	0	287840	0	
34603008	34603008	11159792	11159824	23068672	131664	22187952	23068672	114580	0	0	391956	0	
34603008	34603008	11159776	11159840	23068672	1653984	20665632	23068672	1362812	0	0	1184561	0	
34603008	34603008	11159796	11159820	23068672	1184568	21135048	23068672	983712	0	0	1232143	0	
34603008	34603008	11159796	11159820	23068672	801324	21518292	23068672	618032	0	0	852604	0	
34603008	34603008	11159796	11159820	23068672	160404	22159212	23068672	138752	0	0	290181	0	
34603008	34603008	11159796	11159820	23068672	137752	22181864	23068672	125304	0	0	280833	0	
34603008	34603008	11159788	11159828	23068672	78652	22240964	23068672	58972	0	0	147867	0	
34603008	34603008	11159796	11159820	23068672	1481588	20838028	23068672	1272192	0	0	1206941	0	
34603008	34603008	11159796	11159820	23068672	1127472	21192144	23068672	934332	0	0	1162830	0	
34603008	34603008	11159796	11159820	23068672	692568	21627048	23068672	552772	0	0	816558	0	
34603008	34603008	11159796	11159820	23068672	150024	22169592	23068672	128012	0	0	267395	0	
34603008	34603008	11159788	11159828	23068672	151612	22168004	23068672	125332	0	0	248633	0	
34603008	34603008	11159780	11159836	23068672	77544	22242072	23068672	55380	0	0	167866	0	
34603008	34603008	11159776	11159840	23068672	1466228	20853388	23068672	1258492	0	0	1111920	0	
34603008	34603008	11159796	11159820	23068672	1127032	21192584	23068672	931632	0	0	1081886	0	
34603008	34603008	11159796	11159820	23068672	709652	21609964	23068672	564492	0	0	775512	0	
34603008	34603008	11159776	11159840	23068672	145444	22174172	23068672	113792	0	0	329633	0	
34603008	34603008	11159796	11159820	23068672	138384	22181232	23068672	122492	0	0	359800	0	
34603008	34603008	11159808	11159808	23068672	78392	22241224	23068672	55816	0	0	177602	0	
34603008	34603008	11159796	11159820	23068672	1468628	20850988	23068672	1254892	0	0	1061699	0	
34603008	34603008	11159796	11159820	23068672	1106084	21213532	23068672	927112	0	0	1021694	0	
34603008	34603008	11159796	11159820	23068672	764136	21555480	23068672	562092	0	0	823762	0	
34603008	34603008	11159796	11159820	23068672	160844	22158772	23068672	138732	0	0	365212	0	
34603008	34603008	11159808	11159808	23068672	131684	22187932	23068672	114464	0	0	329385	0	
34603008	34603008	11159796	11159820	23068672	1628416	20691200	23068672	1362852	0	0	1340848	0	
34603008	34603008	11159796	11159820	23068672	1214636	21104980	23068672	994772	0	0	1165051	0	
34603008	34603008	11159796	11159820	23068672	798016	21521600	23068672	622792	0	0	1179806	0	
34603008	34603008	11159796	11159820	23068672	160244	22159372	23068672	138212	0	0	401432	0	
34603008	34603008	11159804	11159812	23068672	139176	22180440	23068672	124256	0	0	345991	0	
34603008	34603008	11159768	11159848	23068672	78372	22241244	23068672	58392	0	0	185288	0	
34603008	34603008	11159796	11159820	23068672	1556880	20762736	23068672	1270592	0	0	1265322	0	
34603008	34603008	11159796	11159820	23068672	1131492	21188124	23068672	911392	0	0	1038827	0	
34603008	34603008	11159776	11159840	23068672	682944	21636672	23068672	563812	0	0	774329	0	
34603008	34603008	11159796	11159820	23068672	161984	22157632	23068672	140092	0	0	298157	0	
34603008	34603008	11159800	11159816	23068672	130204	22189412	23068672	112816	0	0	262413	0	
34603008	34603008	11159796	11159820	23068672	1659416	20660200	23068672	1365932	0	0	1178937	0	
34603008	34603008	11159776	11159840	23068672	1208588	21111028	23068672	984732	0	0	1117605	0	
34603008	34603008	11159796	11159820	23068672	766616	21553000	23068672	610852	0	0	909490	0	
34603008	34603008	11159776	11159840	23068672	165464	22154152	23068672	135492	0	0	305710	0	
34603008	34603008	11159788	11159828	23068672	139764	22179852	23068672	124216	0	0	306907	0	
34603008	34603008	11159800	11159816	23068672	78196	22241420	23068672	56952	0	0	157771	0	
34603008	34603008	11159776	11159840	23068672	1531452	20788164	23068672	1263512	0	0	1214221	0	
34603008	34603008	11159796	11159820	23068672	1115192	21204424	23068672	887552	0	0	916538	0	
34603008	34603008	11159796	11159820	23068672	695844	21623772	23068672	570952	0	0	726480	0	
34603008	34603008	11159776	11159840	23068672	164964	22154652	23068672	143132	0	0	302540	0	
34603008	34603008	11159764	11159852	23068672	132084	22187532	23068672	115688	0	0	266160	0	
34603008	34603008	11159796	11159820	23068672	1638736	20680880	23068672	1364492	0	0	1096629	0	
34603008	34603008	11159796	11159820	23068672	1223416	21096200	23068672	991212	0	0	1105272	0	
34603008	34603008	11159796	11159820	23068672	805016	21514600	23068672	616372	0	0	824224	0	
34603008	34603008	11159796	11159820	23068672	144924	22174692	23068672	122932	0	0	258751	0	
34603008	34603008	11159752	11159864	23068672	158852	22160764	23068672	124488	0	0	367104	0	
34603008	34603008	11159804	11159812	23068672	77404	22242212	23068672	54120	0	0	149881	0	
34603008	34603008	11159776	11159840	23068672	1523192	20796424	23068672	1250912	0	0	952406	0	
34603008	34603008	11159776	11159840	23068672	1054876	21264740	23068672	895772	0	0	1056987	0	
34603008	34603008	11159796	11159820	23068672	701864	21617752	23068672	554932	0	0	694067	0	
34603008	34603008	11159796	11159820	23068672	145184	22174432	23068672	123152	0	0	268505	0	
34603008	34603008	11159784	11159832	23068672	158840	22160776	23068672	124488	0	0	300030	0	
34603008	34603008	11159804	11159812	23068672	77404	22242212	23068672	54120	0	0	148207	0	
34603008	34603008	11159776	11159840	23068672	1480728	20838888	23068672	1250912	0	0	1175724	0	
34603008	34603008	11159796	11159820	23068672	1131952	21187664	23068672	914952	0	0	1030006	0	
34603008	34603008	11159796	11159820	23068672	779256	21540360	23068672	578152	0	0	656074	0	
34603008	34603008	11159796	11159820	23068672	157024	22162592	23068672	131712	0	0	378049	0	
34603008	34603008	11159808	11159808	23068672	124544	22195072	23068672	105412	0	0	248652	0	
34603008	34603008	11159796	11159820	23068672	1659184	20660432	23068672	1357092	0	0	1146686	0	
34603008	34603008	11159796	11159820	23068672	1206948	21112668	23068672	972752	0	0	1231382	0	
34603008	34603008	11159796	11159820	23068672	714772	21604844	23068672	591872	0	0	827371	0	
34603008	34603008	11159796	11159820	23068672	159744	22159872	23068672	137152	0	0	283252	0	
34603008	34603008	11159788	11159828	23068672	142828	22176788	23068672	126668	0	0	306473	0	
34603008	34603008	11159752	11159864	23068672	78988	22240628	23068672	60136	0	0	151996	0	
34603008	34603008	11159796	11159820	23068672	1546032	20773584	23068672	1276292	0	0	1120980	0	
34603008	34603008	11159796	11159820	23068672	1123352	21196264	23068672	891212	0	0	968317	0	
34603008	34603008	11159796	11159820	23068672	721132	21598484	23068672	568352	0	0	715859	0	
34603008	34603008	11159796	11159820	23068672	155944	22163672	23068672	133972	0	0	283075	0	
34603008	34603008	11159788	11159828	23068672	129664	22189952	23068672	112392	0	0	256947	0	
34603008	34603008	11159796	11159820	23068672	1590908	20728708	23068672	1363932	0	0	1241587	0	
34603008	34603008	11159796	11159820	23068672	1269300	21050316	23068672	983552	0	0	1029305	0	
34603008	34603008	11159796	11159820	23068672	771236	21548380	23068672	612512	0	0	1041121	0	
34603008	34603008	11159796	11159820	23068672	159344	22160272	23068672	135592	0	0	423667	0	
34603008	34603008	11159788	11159828	23068672	168552	22151064	23068672	124920	0	0	360595	0	
34603008	34603008	11159768	11159848	23068672	77344	22242272	23068672	53400	0	0	312718	0	
34603008	34603008	11159796	11159820	23068672	1462720	20856896	23068672	1246572	0	0	960487	0	
34603008	34603008	11159796	11159820	23068672	1119392	21200224	23068672	923692	0	0	1036135	0	
34603008	34603008	11159796	11159820	23068672	665496	21654120	23068672	562172	0	0	713381	0	
34603008	34603008	11159796	11159820	23068672	160964	22158652	23068672	139032	0	0	284258	0	
34603008	34603008	11159808	11159808	23068672	157556	22162060	23068672	126180	0	0	290008	0	
34603008	34603008	11159808	11159808	23068672	77980	22241636	23068672	56160	0	0	151845	0	
34603008	34603008	11159796	11159820	23068672	1558592	20761024	23068672	1259572	0	0	1023435	0	
34603008	34603008	11159796	11159820	23068672	1136032	21183584	23068672	911192	0	0	844421	0	
34603008	34603008	11159796	11159820	23068672	675264	21644352	23068672	558732	0	0	597592	0	
34603008	34603008	11159796	11159820	23068672	153784	22165832	23068672	131912	0	0	300986	0	
34603008	34603008	11159764	11159852	23068672	129524	22190092	23068672	111924	0	0	281276	0	
34603008	34603008	11159796	11159820	23068672	1668484	20651132	23068672	1362992	0	0	1146498	0	
34603008	34603008	11159796	11159820	23068672	1114252	21205364	23068672	977292	0	0	1080857	0	
34603008	34603008	11159796	11159820	23068672	841996	21477620	23068672	627832	0	0	839146	0	
34603008	34603008	11159796	11159820	23068672	160024	22159592	23068672	138112	0	0	278136	0	
34603008	34603008	11159788	11159828	23068672	141364	22178252	23068672	124864	0	0	319203	0	
34603008	34603008	11159784	11159832	23068672	77364	22242252	23068672	57100	0	0	147812	0	
34603008	34603008	11159796	11159820	23068672	1532072	20787544	23068672	1270152	0	0	1172357	0	
34603008	34603008	11159796	11159820	23068672	1112624	21206992	23068672	895272	0	0	928680	0	
34603008	34603008	11159796	11159820	23068672	691204	21628412	23068672	577112	0	0	622102	0	
34603008	34603008	11159796	11159820	23068672	162464	22157152	23068672	140212	0	0	284881	0	
34603008	34603008	11159788	11159828	23068672	134404	22185212	23068672	117492	0	0	256699	0	
34603008	34603008	11159792	11159824	23068672	76908	22242708	23068672	48668	0	0	142052	0	
34603008	34603008	11159796	11159820	23068672	1539332	20780284	23068672	1233452	0	0	1026255	0	
34603008	34603008	11159796	11159820	23068672	1148340	21171276	23068672	906012	0	0	875705	0	
34603008	34603008	11159796	11159820	23068672	716092	21603524	23068672	542172	0	0	608077	0	
34603008	34603008	11159804	11159812	23068672	151184	22168432	23068672	129312	0	0	263305	0	
34603008	34603008	11159800	11159816	23068672	120084	22199532	23068672	101824	0	0	227686	0	
34603008	34603008	11159796	11159820	23068672	1636856	20682760	23068672	1345772	0	0	1034830	0	
34603008	34603008	11159796	11159820	23068672	1196988	21122628	23068672	971652	0	0	992030	0	
34603008	34603008	11159796	11159820	23068672	708864	21610752	23068672	598052	0	0	805539	0	
34603008	34603008	11159776	11159840	23068672	164164	22155452	23068672	142232	0	0	314435	0	
34603008	34603008	11159800	11159816	23068672	159252	22160364	23068672	128472	0	0	279511	0	
34603008	34603008	11159808	11159808	23068672	78572	22241044	23068672	58848	0	0	150318	0	
34603008	34603008	11159796	11159820	23068672	1544692	20774924	23068672	1272192	0	0	1052535	0	
34603008	34603008	11159796	11159820	23068672	1061236	21258380	23068672	886992	0	0	892396	0	
34603008	34603008	11159776	11159840	23068672	681204	21638412	23068672	555332	0	0	623701	0	
34603008	34603008	11159796	11159820	23068672	159244	22160372	23068672	137292	0	0	277895	0	
34603008	34603008	11159796	11159820	23068672	141128	22178488	23068672	123824	0	0	273659	0	
34603008	34603008	11159796	11159820	23068672	78292	22241324	23068672	57984	0	0	146133	0	
34603008	34603008	11159796	11159820	23068672	1524332	20795284	23068672	1268972	0	0	1061119	0	
34603008	34603008	11159796	11159820	23068672	1125352	21194264	23068672	899632	0	0	811824	0	
34603008	34603008	11159796	11159820	23068672	768356	21551260	23068672	573832	0	0	633934	0	
34603008	34603008	11159796	11159820	23068672	152664	22166952	23068672	131072	0	0	264435	0	
34603008	34603008	11159776	11159840	23068672	125164	22194452	23068672	107844	0	0	237088	0	
34603008	34603008	11159796	11159820	23068672	1631408	20688208	23068672	1357212	0	0	1214967	0	
34603008	34603008	11159796	11159820	23068672	1211208	21108408	23068672	982032	0	0	921972	0	
34603008	34603008	11159796	11159820	23068672	733384	21586232	23068672	607772	0	0	807807	0	
34603008	34603008	11159796	11159820	23068672	163304	22156312	23068672	141332	0	0	289463	0	
34603008	34603008	11159756	11159860	23068672	159172	22160444	23068672	127376	0	0	278425	0	
34603008	34603008	11159804	11159812	23068672	78928	22240688	23068672	58588	0	0	146828	0	
34603008	34603008	11159776	11159840	23068672	1539052	20780564	23068672	1267892	0	0	1074520	0	
34603008	34603008	11159796	11159820	23068672	1118032	21201584	23068672	886572	0	0	841147	0	
34603008	34603008	11159796	11159820	23068672	703064	21616552	23068672	575912	0	0	688785	0	
34603008	34603008	11159796	11159820	23068672	163004	22156612	23068672	141052	0	0	285336	0	
34603008	34603008	11159792	11159824	23068672	130904	22188712	23068672	113776	0	0	247399	0	
34603008	34603008	11159796	11159820	23068672	1598188	20721428	23068672	1360392	0	0	1115771	0	
34603008	34603008	11159796	11159820	23068672	1192588	21127028	23068672	984472	0	0	991247	0	
34603008	34603008	11159776	11159840	23068672	782536	21537080	23068672	621492	0	0	788530	0	
34603008	34603008	11159796	11159820	23068672	134224	22185392	23068672	112012	0	0	241348	0	
34603008	34603008	11159792	11159824	23068672	14448	22305168	23068672	14448	0	0	87992	0	
34603008	34603008	11159792	11159824	23068672	106024	22213592	23068672	87164	0	0	197379	0	
34603008	34603008	11159796	11159820	23068672	1601540	20718076	23068672	1329252	0	0	1193377	0	
34603008	34603008	11159796	11159820	23068672	1176040	21143576	23068672	951412	0	0	968764	0	
34603008	34603008	11159796	11159820	23068672	671584	21648032	23068672	564312	0	0	696553	0	
34603008	34603008	11159796	11159820	23068672	163104	22156512	23068672	141052	0	0	282248	0	
34603008	34603008	11159788	11159828	23068672	143288	22176328	23068672	127312	0	0	272388	0	
34603008	34603008	11159784	11159832	23068672	78272	22241344	23068672	59804	0	0	171815	0	
34603008	34603008	11159796	11159820	23068672	1565400	20754216	23068672	1278432	0	0	1015074	0	
34603008	34603008	11159796	11159820	23068672	1119412	21200204	23068672	893612	0	0	871936	0	
34603008	34603008	11159796	11159820	23068672	703444	21616172	23068672	569912	0	0	637793	0	
34603008	34603008	11159796	11159820	23068672	164524	22155092	23068672	137632	0	0	286183	0	
34603008	34603008	11159756	11159860	23068672	129224	22190392	23068672	111996	0	0	248809	0	
34603008	34603008	11159796	11159820	23068672	1645436	20674180	23068672	1363252	0	0	1086074	0	
34603008	34603008	11159796	11159820	23068672	1209380	21110236	23068672	987052	0	0	967934	0	
34603008	34603008	11159796	11159820	23068672	709332	21610284	23068672	609512	0	0	891016	0	
34603008	34603008	11159796	11159820	23068672	135644	22183972	23068672	110072	0	0	240674	0	
34603008	34603008	11159804	11159812	23068672	10756	22308860	23068672	10756	0	0	80289	0	
34603008	34603008	11159792	11159824	23068672	106024	22213592	23068672	87164	0	0	198269	0	
34603008	34603008	11159796	11159820	23068672	1591280	20728336	23068672	1329252	0	0	1150442	0	
34603008	34603008	11159796	11159820	23068672	1116152	21203464	23068672	954052	0	0	1000440	0	
34603008	34603008	11159796	11159820	23068672	783436	21536180	23068672	610380	0	0	773969	0	
34603008	34603008	11159796	11159820	23068672	145704	22173912	23068672	123760	148	0	284965	0	
34603008	34603008	11159752	11159864	23068672	140024	22179592	23068672	124368	0	0	277917	0	
34603008	34603008	11159796	11159820	23068672	78572	22241044	23068672	57480	0	0	146496	0	
34603008	34603008	11159776	11159840	23068672	1557940	20761676	23068672	1264400	0	0	980671	0	
34603008	34603008	11159796	11159820	23068672	1083824	21235792	23068672	906440	28	0	929033	0	
34603008	34603008	11159796	11159820	23068672	787116	21532500	23068672	574732	0	0	651009	0	
34603008	34603008	11159808	11159808	23068672	154144	22165472	23068672	132332	0	0	268055	0	
34603008	34603008	11159760	11159856	23068672	121524	22198092	23068672	104908	0	0	236264	0	
34603008	34603008	11159796	11159820	23068672	1630096	20689520	23068672	1351192	0	0	1187816	0	
34603008	34603008	11159796	11159820	23068672	1165740	21153876	23068672	977472	0	0	1184512	0	
34603008	34603008	11159776	11159840	23068672	794696	21524920	23068672	617752	0	0	864992	0	
34603008	34603008	11159776	11159840	23068672	160424	22159192	23068672	131572	0	0	282100	0	
34603008	34603008	11159792	11159824	23068672	154152	22165464	23068672	123356	0	0	278138	0	
34603008	34603008	11159796	11159820	23068672	78352	22241264	23068672	55256	0	0	142802	0	
34603008	34603008	11159796	11159820	23068672	1443340	20876276	23068672	1251476	0	0	906943	0	
34603008	34603008	11159796	11159820	23068672	1120932	21198684	23068672	947084	384	0	1146796	0	
34603008	34603008	11159796	11159820	23068672	727112	21592504	23068672	565692	0	0	680809	0	
34603008	34603008	11159796	11159820	23068672	137424	22182192	23068672	115912	720	0	250716	0	
34603008	34603008	11159772	11159844	23068672	139604	22180012	23068672	123416	0	0	279186	0	
34603008	34603008	11159800	11159816	23068672	78828	22240788	23068672	57400	0	0	166648	0	
34603008	34603008	11159796	11159820	23068672	1561920	20757696	23068672	1261288	0	0	964016	0	
34603008	34603008	11159796	11159820	23068672	1132032	21187584	23068672	910768	196	0	839539	0	
34603008	34603008	11159796	11159820	23068672	707512	21612104	23068672	560632	0	0	580872	0	
34603008	34603008	11159796	11159820	23068672	153304	22166312	23068672	131332	0	0	271168	0	
34603008	34603008	11159784	11159832	23068672	125904	22193712	23068672	108580	0	0	257345	0	
34603008	34603008	11159796	11159820	23068672	1568700	20750916	23068672	1352312	0	0	952475	0	
34603008	34603008	11159796	11159820	23068672	1178508	21141108	23068672	980012	0	0	902872	0	
34603008	34603008	11159796	11159820	23068672	732232	21587384	23068672	627752	0	0	873257	0	
34603008	34603008	11159796	11159820	23068672	180844	22138772	23068672	159032	0	0	317819	0	
34603008	34603008	11159792	11159824	23068672	37136	22282480	23068672	26840	0	0	117804	0	
34603008	34603008	11159808	11159808	23068672	104804	22214812	23068672	85340	0	0	192051	0	
34603008	34603008	11159796	11159820	23068672	1602748	20716868	23068672	1327372	0	0	1051403	0	
34603008	34603008	11159796	11159820	23068672	1148920	21170696	23068672	952652	0	0	900106	0	
34603008	34603008	11159796	11159820	23068672	768016	21551600	23068672	577272	0	0	728960	0	
34603008	34603008	11159796	11159820	23068672	166404	22153212	23068672	144832	0	0	287830	0	
34603008	34603008	11159744	11159872	23068672	133104	22186512	23068672	115492	0	0	250504	0	
34603008	34603008	11159796	11159820	23068672	1594888	20724728	23068672	1348552	0	0	1024952	0	
34603008	34603008	11159796	11159820	23068672	1179028	21140588	23068672	996912	0	0	937553	0	
34603008	34603008	11159796	11159820	23068672	845692	21473924	23068672	642152	0	0	803286	0	
34603008	34603008	11159776	11159840	23068672	160804	22158812	23068672	134772	0	0	281573	0	
34603008	34603008	11159792	11159824	23068672	160392	22159224	23068672	129412	0	0	261176	0	
34603008	34603008	11159808	11159808	23068672	78928	22240688	23068672	60108	0	0	149800	0	
34603008	34603008	11159796	11159820	23068672	1588100	20731516	23068672	1276292	0	0	1230162	0	
34603008	34603008	11159776	11159840	23068672	1100536	21219080	23068672	908772	0	0	842892	0	
34603008	34603008	11159796	11159820	23068672	680536	21639080	23068672	568012	0	0	713579	0	
34603008	34603008	11159796	11159820	23068672	160564	22159052	23068672	138512	0	0	282427	0	
34603008	34603008	11159792	11159824	23068672	131704	22187912	23068672	114580	0	0	301693	0	
34603008	34603008	11159796	11159820	23068672	1633436	20686180	23068672	1362932	0	0	1226166	0	
34603008	34603008	11159796	11159820	23068672	1142332	21177284	23068672	992772	0	0	872586	0	
34603008	34603008	11159796	11159820	23068672	771976	21547640	23068672	636472	0	0	811282	0	
34603008	34603008	11159776	11159840	23068672	162344	22157272	23068672	137532	0	0	286256	0	
34603008	34603008	11159808	11159808	23068672	17892	22301724	23068672	17892	0	0	93817	0	
34603008	34603008	11159792	11159824	23068672	106064	22213552	23068672	87164	0	0	218846	0	
34603008	34603008	11159776	11159840	23068672	1596428	20723188	23068672	1329232	0	0	1219465	0	
34603008	34603008	11159776	11159840	23068672	1182828	21136788	23068672	953492	0	0	974677	0	
34603008	34603008	11159796	11159820	23068672	703584	21616032	23068672	563232	0	0	621557	0	
34603008	34603008	11159796	11159820	23068672	156264	22163352	23068672	129272	0	0	273489	0	
34603008	34603008	11159784	11159832	23068672	139784	22179832	23068672	123996	0	0	269165	0	
34603008	34603008	11159808	11159808	23068672	78312	22241304	23068672	57096	0	0	146200	0	
34603008	34603008	11159796	11159820	23068672	1436060	20883556	23068672	1263252	0	0	1072303	0	
34603008	34603008	11159796	11159820	23068672	1154380	21165236	23068672	945352	0	0	1119312	0	
34603008	34603008	11159796	11159820	23068672	680344	21639272	23068672	557652	0	0	678890	0	
34603008	34603008	11159796	11159820	23068672	162684	22156932	23068672	138352	0	0	385783	0	
34603008	34603008	11159808	11159808	23068672	141056	22178560	23068672	123940	0	0	303886	0	
34603008	34603008	11159764	11159852	23068672	77800	22241816	23068672	57708	168	0	153020	0	
34603008	34603008	11159796	11159820	23068672	1526632	20792984	23068672	1269112	0	0	1001067	0	
34603008	34603008	11159796	11159820	23068672	1115292	21204324	23068672	898052	0	0	778185	0	
34603008	34603008	11159796	11159820	23068672	804204	21515412	23068672	575352	0	0	622565	0	
34603008	34603008	11159808	11159808	23068672	159924	22159692	23068672	127552	0	0	276718	0	
34603008	34603008	11159772	11159844	23068672	119664	22199952	23068672	102928	0	0	228559	0	
34603008	34603008	11159796	11159820	23068672	1589780	20729836	23068672	1348012	0	0	1128908	0	
34603008	34603008	11159796	11159820	23068672	1188992	21130624	23068672	985752	0	0	997800	0	
34603008	34603008	11159796	11159820	23068672	771896	21547720	23068672	617452	0	0	852629	0	
34603008	34603008	11159796	11159820	23068672	161204	22158412	23068672	139112	0	0	283195	0	
34603008	34603008	11159796	11159820	23068672	162112	22157504	23068672	127432	0	0	280754	0	
34603008	34603008	11159748	11159868	23068672	78160	22241456	23068672	57240	0	0	167091	0	
34603008	34603008	11159796	11159820	23068672	1554960	20764656	23068672	1264652	0	0	1164365	0	
34603008	34603008	11159796	11159820	23068672	1119232	21200384	23068672	908812	0	0	977089	0	
34603008	34603008	11159796	11159820	23068672	697244	21622372	23068672	567752	0	0	610283	0	
34603008	34603008	11159796	11159820	23068672	138496	22181120	23068672	135632	0	0	407179	0	
34603008	34603008	11159788	11159828	23068672	132104	22187512	23068672	115492	0	0	253374	0	
34603008	34603008	11159776	11159840	23068672	1625056	20694560	23068672	1364392	0	0	1207946	0	
34603008	34603008	11159796	11159820	23068672	1221956	21097660	23068672	989692	0	0	967595	0	
34603008	34603008	11159796	11159820	23068672	764316	21555300	23068672	621992	0	0	959595	0	
34603008	34603008	11159796	11159820	23068672	158624	22160992	23068672	136252	0	0	275915	0	
34603008	34603008	11159772	11159844	23068672	158752	22160864	23068672	129904	0	0	274580	0	
34603008	34603008	11159784	11159832	23068672	79428	22240188	23068672	61236	0	0	149200	0	
34603008	34603008	11159796	11159820	23068672	1545432	20774184	23068672	1279332	0	0	1071062	0	
34603008	34603008	11159796	11159820	23068672	1084264	21235352	23068672	895712	0	0	1033291	0	
34603008	34603008	11159796	11159820	23068672	690624	21628992	23068672	581212	0	0	656566	0	
34603008	34603008	11159796	11159820	23068672	144944	22174672	23068672	122932	0	0	252123	0	
34603008	34603008	11159752	11159864	23068672	140064	22179552	23068672	124336	0	0	269374	0	
34603008	34603008	11159792	11159824	23068672	78432	22241184	23068672	57412	0	0	144647	0	
34603008	34603008	11159796	11159820	23068672	1531532	20788084	23068672	1264352	0	0	1096319	0	
34603008	34603008	11159796	11159820	23068672	1114512	21205104	23068672	888812	0	0	899113	0	
34603008	34603008	11159796	11159820	23068672	789816	21529800	23068672	572192	0	0	606499	0	
34603008	34603008	11159784	11159832	23068672	159924	22159692	23068672	129352	0	0	279620	0	
34603008	34603008	11159804	11159812	23068672	120104	22199512	23068672	102364	0	0	227003	0	
34603008	34603008	11159796	11159820	23068672	1634176	20685440	23068672	1345412	0	0	1190900	0	
34603008	34603008	11159796	11159820	23068672	1179948	21139668	23068672	972112	0	0	1005791	0	
34603008	34603008	11159796	11159820	23068672	720772	21598844	23068672	606492	0	0	754639	0	
34603008	34603008	11159796	11159820	23068672	159184	22160432	23068672	137132	0	0	279926	0	
34603008	34603008	11159800	11159816	23068672	155952	22163664	23068672	130408	0	0	254352	0	
34603008	34603008	11159784	11159832	23068672	79188	22240428	23068672	61584	0	0	149293	0	
34603008	34603008	11159776	11159840	23068672	1555240	20764376	23068672	1281132	0	0	1124606	0	
34603008	34603008	11159796	11159820	23068672	1094924	21224692	23068672	891432	0	0	872372	0	
34603008	34603008	11159796	11159820	23068672	764816	21554800	23068672	581452	0	0	625324	0	
34603008	34603008	11159796	11159820	23068672	148544	22171072	23068672	124072	0	0	336773	0	
34603008	34603008	11159792	11159824	23068672	128764	22190852	23068672	111884	0	0	244579	0	
34603008	34603008	11159776	11159840	23068672	1619960	20699656	23068672	1360692	0	0	1161208	0	
34603008	34603008	11159796	11159820	23068672	1199828	21119788	23068672	990372	0	0	1095498	0	
34603008	34603008	11159796	11159820	23068672	700544	21619072	23068672	616292	0	0	774725	0	
34603008	34603008	11159796	11159820	23068672	167324	22152292	23068672	142192	0	0	394395	0	
34603008	34603008	11159800	11159816	23068672	19144	22300472	23068672	19144	0	0	94642	0	
34603008	34603008	11159792	11159824	23068672	106064	22213552	23068672	87132	0	0	223211	0	
34603008	34603008	11159796	11159820	23068672	1630956	20688660	23068672	1329252	0	0	1290893	0	
34603008	34603008	11159796	11159820	23068672	1146220	21173396	23068672	945612	0	0	1019880	0	
34603008	34603008	11159796	11159820	23068672	680004	21639612	23068672	564512	0	0	609225	0	
34603008	34603008	11159796	11159820	23068672	158344	22161272	23068672	136292	0	0	277605	0	
34603008	34603008	11159744	11159872	23068672	142924	22176692	23068672	126924	0	0	271551	0	
34603008	34603008	11159756	11159860	23068672	79188	22240428	23068672	60416	0	0	144766	0	
34603008	34603008	11159796	11159820	23068672	1540612	20779004	23068672	1276372	0	0	998627	0	
34603008	34603008	11159796	11159820	23068672	1093184	21226432	23068672	895712	0	0	914372	0	
34603008	34603008	11159796	11159820	23068672	723492	21596124	23068672	576912	0	0	720798	0	
34603008	34603008	11159796	11159820	23068672	167364	22152252	23068672	144492	0	0	365148	0	
34603008	34603008	11159800	11159816	23068672	132384	22187232	23068672	115724	0	0	330334	0	
34603008	34603008	11159796	11159820	23068672	1578400	20741216	23068672	1345312	0	0	1195518	0	
34603008	34603008	11159796	11159820	23068672	1223296	21096320	23068672	1000372	0	0	1158673	0	
34603008	34603008	11159796	11159820	23068672	797204	21522412	23068672	628852	0	0	1268729	0	
34603008	34603008	11159796	11159820	23068672	163444	22156172	23068672	141372	0	0	339276	0	
34603008	34603008	11159764	11159852	23068672	158772	22160844	23068672	131636	0	0	270900	0	
34603008	34603008	11159800	11159816	23068672	77224	22242392	23068672	60556	0	0	141416	0	
34603008	34603008	11159776	11159840	23068672	1533232	20786384	23068672	1282872	0	0	1269325	0	
34603008	34603008	11159796	11159820	23068672	1171160	21148456	23068672	914432	0	0	909253	0	
34603008	34603008	11159796	11159820	23068672	657036	21662580	23068672	568832	0	0	641643	0	
34603008	34603008	11159796	11159820	23068672	170324	22149292	23068672	140392	0	0	295954	0	
34603008	34603008	11159744	11159872	23068672	133604	22186012	23068672	116692	0	0	311782	0	
34603008	34603008	11159800	11159816	23068672	76392	22243224	23068672	43904	0	0	140216	0	
34603008	34603008	11159796	11159820	23068672	1418292	20901324	23068672	1228892	0	0	904517	0	
34603008	34603008	11159796	11159820	23068672	1130472	21189144	23068672	937012	0	0	923016	0	
34603008	34603008	11159776	11159840	23068672	713332	21606284	23068672	555432	0	0	715218	0	
34603008	34603008	11159796	11159820	23068672	138124	22181492	23068672	116032	0	0	243744	0	
34603008	34603008	11159800	11159816	23068672	139684	22179932	23068672	123244	0	0	269281	0	
34603008	34603008	11159776	11159840	23068672	78592	22241024	23068672	57272	0	0	145111	0	
34603008	34603008	11159796	11159820	23068672	1522012	20797604	23068672	1262392	0	0	1021361	0	
34603008	34603008	11159796	11159820	23068672	1151420	21168196	23068672	894452	0	0	888921	0	
34603008	34603008	11159796	11159820	23068672	658368	21661248	23068672	565852	0	0	687867	0	
34603008	34603008	11159796	11159820	23068672	166264	22153352	23068672	144092	0	0	287025	0	
34603008	34603008	11159800	11159816	23068672	133144	22186472	23068672	115948	0	0	252960	0	
34603008	34603008	11159796	11159820	23068672	1543452	20776164	23068672	1297352	0	0	1070245	0	
34603008	34603008	11159796	11159820	23068672	1303128	21016488	23068672	1015172	0	0	1165564	0	
34603008	34603008	11159796	11159820	23068672	776736	21542880	23068672	619152	0	0	943309	0	
34603008	34603008	11159796	11159820	23068672	164504	22155112	23068672	142612	0	0	289209	0	
34603008	34603008	11159792	11159824	23068672	144140	22175476	23068672	128120	0	0	276447	0	
34603008	34603008	11159772	11159844	23068672	79088	22240528	23068672	61364	0	0	174347	0	
34603008	34603008	11159796	11159820	23068672	1530792	20788824	23068672	1280912	0	0	1050288	0	
34603008	34603008	11159796	11159820	23068672	1097424	21222192	23068672	910072	0	0	955175	0	
34603008	34603008	11159796	11159820	23068672	723392	21596224	23068672	564672	0	0	652395	0	
34603008	34603008	11159776	11159840	23068672	163864	22155752	23068672	141812	0	0	284201	0	
34603008	34603008	11159776	11159840	23068672	134564	22185052	23068672	117472	0	0	255276	0	
34603008	34603008	11159792	11159824	23068672	76908	22242708	23068672	49580	0	0	143929	0	
34603008	34603008	11159796	11159820	23068672	1523232	20796384	23068672	1234632	0	0	1010840	0	
34603008	34603008	11159796	11159820	23068672	1115072	21204544	23068672	913012	0	0	830310	0	
34603008	34603008	11159796	11159820	23068672	699244	21620372	23068672	565332	0	0	622443	0	
34603008	34603008	11159796	11159820	23068672	153784	22165832	23068672	131912	0	0	268066	0	
34603008	34603008	11159792	11159824	23068672	129544	22190072	23068672	112012	0	0	292288	0	
34603008	34603008	11159796	11159820	23068672	1591148	20728468	23068672	1362992	0	0	1125812	0	
34603008	34603008	11159796	11159820	23068672	1187588	21132028	23068672	982012	0	0	1041677	0	
34603008	34603008	11159796	11159820	23068672	718844	21600772	23068672	622692	0	0	682760	0	
34603008	34603008	11159796	11159820	23068672	187064	22132552	23068672	165032	0	0	337054	0	
34603008	34603008	11159808	11159808	23068672	35424	22284192	23068672	27500	0	0	112717	0	
34603008	34603008	11159780	11159836	23068672	105104	22214512	23068672	85796	0	0	198084	0	
34603008	34603008	11159796	11159820	23068672	1573120	20746496	23068672	1325992	0	0	1025832	0	
34603008	34603008	11159796	11159820	23068672	1187452	21132164	23068672	959792	0	0	979971	0	
34603008	34603008	11159796	11159820	23068672	705636	21613980	23068672	572132	0	0	692589	0	
34603008	34603008	11159796	11159820	23068672	167324	22152292	23068672	135612	0	0	289961	0	
34603008	34603008	11159796	11159820	23068672	139664	22179952	23068672	123664	0	0	275015	0	
34603008	34603008	11159808	11159808	23068672	78928	22240688	23068672	57596	0	0	145419	0	
34603008	34603008	11159796	11159820	23068672	1469708	20849908	23068672	1261472	0	0	1019119	0	
34603008	34603008	11159796	11159820	23068672	1157020	21162596	23068672	932572	0	0	1086958	0	
34603008	34603008	11159796	11159820	23068672	721632	21597984	23068672	578252	0	0	577480	0	
34603008	34603008	11159796	11159820	23068672	160044	22159572	23068672	138052	0	0	277132	0	
34603008	34603008	11159792	11159824	23068672	131704	22187912	23068672	114548	0	0	303589	0	
34603008	34603008	11159796	11159820	23068672	1676624	20642992	23068672	1362932	0	0	1163151	0	
34603008	34603008	11159796	11159820	23068672	1279760	21039856	23068672	982252	0	0	853253	0	
34603008	34603008	11159796	11159820	23068672	729112	21590504	23068672	559412	0	0	604348	0	
34603008	34603008	11159796	11159820	23068672	165604	22154012	23068672	144052	0	0	285252	0	
34603008	34603008	11159752	11159864	23068672	135044	22184572	23068672	118796	0	0	256505	0	
34603008	34603008	11159756	11159860	23068672	76648	22242968	23068672	50884	0	0	140019	0	
34603008	34603008	11159796	11159820	23068672	1466028	20853588	23068672	1237772	0	0	1028639	0	
34603008	34603008	11159776	11159840	23068672	1106544	21213072	23068672	912632	220	0	925229	0	
34603008	34603008	11159796	11159820	23068672	706372	21613244	23068672	580952	0	0	632489	0	
34603008	34603008	11159796	11159820	23068672	165704	22153912	23068672	143452	0	0	285016	0	
34603008	34603008	11159760	11159856	23068672	135584	22184032	23068672	119244	0	0	263710	0	
34603008	34603008	11159768	11159848	23068672	77404	22242212	23068672	52508	0	0	140852	0	
34603008	34603008	11159796	11159820	23068672	1468860	20850756	23068672	1239952	0	0	890824	0	
34603008	34603008	11159796	11159820	23068672	1124512	21195104	23068672	913092	0	0	961918	0	
34603008	34603008	11159796	11159820	23068672	714744	21604872	23068672	580612	0	0	625721	0	
34603008	34603008	11159796	11159820	23068672	166304	22153312	23068672	144772	0	0	288130	0	
34603008	34603008	11159800	11159816	23068672	132504	22187112	23068672	116136	0	0	367289	0	
34603008	34603008	11159796	11159820	23068672	1571780	20747836	23068672	1346232	0	0	1336784	0	
34603008	34603008	11159796	11159820	23068672	1179148	21140468	23068672	1004112	0	0	1273842	0	
34603008	34603008	11159796	11159820	23068672	841172	21478444	23068672	646052	0	0	985254	0	
34603008	34603008	11159796	11159820	23068672	107428	22212188	23068672	106272	0	0	303481	0	
34603008	34603008	11159804	11159812	23068672	38280	22281336	23068672	34076	0	0	118612	0	
34603008	34603008	11159744	11159872	23068672	105504	22214112	23068672	86260	0	0	195280	0	
34603008	34603008	11159796	11159820	23068672	1583420	20736196	23068672	1328112	0	0	1246541	0	
34603008	34603008	11159796	11159820	23068672	1159600	21160016	23068672	956652	0	0	965061	0	
34603008	34603008	11159796	11159820	23068672	712312	21607304	23068672	587992	0	0	604822	0	
34603008	34603008	11159796	11159820	23068672	165824	22153792	23068672	135112	0	0	290838	0	
34603008	34603008	11159800	11159816	23068672	141804	22177812	23068672	125432	0	0	279100	0	
34603008	34603008	11159792	11159824	23068672	78752	22240864	23068672	59004	0	0	169544	0	
34603008	34603008	11159776	11159840	23068672	1543412	20776204	23068672	1271372	0	0	1154313	0	
34603008	34603008	11159796	11159820	23068672	1016188	21303428	23068672	887032	0	0	931868	0	
34603008	34603008	11159796	11159820	23068672	766676	21552940	23068672	590612	0	0	950225	0	
34603008	34603008	11159776	11159840	23068672	165264	22154352	23068672	143392	0	0	287740	0	
34603008	34603008	11159800	11159816	23068672	135484	22184132	23068672	118628	0	0	265249	0	
34603008	34603008	11159808	11159808	23068672	77124	22242492	23068672	52056	0	0	140940	0	
34603008	34603008	11159796	11159820	23068672	1465688	20853928	23068672	1238812	0	0	918459	0	
34603008	34603008	11159796	11159820	23068672	1148900	21170716	23068672	915112	0	0	987798	0	
34603008	34603008	11159796	11159820	23068672	775876	21543740	23068672	571672	0	0	657496	0	
34603008	34603008	11159792	11159824	23068672	152904	22166712	23068672	130712	0	0	264670	0	
34603008	34603008	11159764	11159852	23068672	122484	22197132	23068672	106208	0	0	230162	0	
34603008	34603008	11159776	11159840	23068672	1633876	20685740	23068672	1352652	0	0	1038410	0	
34603008	34603008	11159796	11159820	23068672	1209680	21109936	23068672	979412	0	0	955445	0	
34603008	34603008	11159796	11159820	23068672	765876	21553740	23068672	602872	0	0	835564	0	
34603008	34603008	11159796	11159820	23068672	145704	22173912	23068672	123512	0	0	282831	0	
34603008	34603008	11159784	11159832	23068672	140064	22179552	23068672	124336	0	0	294912	0	
34603008	34603008	11159792	11159824	23068672	78432	22241184	23068672	57412	0	0	148209	0	
34603008	34603008	11159796	11159820	23068672	1569520	20750096	23068672	1264352	0	0	992604	0	
34603008	34603008	11159796	11159820	23068672	1158200	21161416	23068672	909512	0	0	850386	0	
34603008	34603008	11159796	11159820	23068672	712312	21607304	23068672	542172	0	0	636561	0	
34603008	34603008	11159792	11159824	23068672	148804	22170812	23068672	126752	0	0	268992	0	
34603008	34603008	11159796	11159820	23068672	120844	22198772	23068672	104032	0	0	236005	0	
34603008	34603008	11159796	11159820	23068672	1592912	20726704	23068672	1349648	656	0	1290387	0	
34603008	34603008	11159796	11159820	23068672	1201728	21117888	23068672	988092	0	0	990232	0	
34603008	34603008	11159796	11159820	23068672	765716	21553900	23068672	615312	0	0	1005080	0	
34603008	34603008	11159796	11159820	23068672	160024	22159592	23068672	138132	0	0	279693	0	
34603008	34603008	11159796	11159820	23068672	162112	22157504	23068672	127432	0	0	341089	0	
34603008	34603008	11159748	11159868	23068672	78160	22241456	23068672	57240	0	0	143665	0	
34603008	34603008	11159796	11159820	23068672	1563120	20756496	23068672	1264652	0	0	1051802	0	
34603008	34603008	11159796	11159820	23068672	1103164	21216452	23068672	912772	0	0	920690	0	
34603008	34603008	11159776	11159840	23068672	705924	21613692	23068672	568972	0	0	583000	0	
34603008	34603008	11159776	11159840	23068672	157684	22161932	23068672	135512	0	0	274346	0	
34603008	34603008	11159792	11159824	23068672	129664	22189952	23068672	112608	0	0	246929	0	
34603008	34603008	11159796	11159820	23068672	1613768	20705848	23068672	1363672	0	0	1160151	0	
34603008	34603008	11159776	11159840	23068672	1270540	21049076	23068672	994832	0	0	1163902	0	
34603008	34603008	11159796	11159820	23068672	722612	21597004	23068672	602352	0	0	728073	0	
34603008	34603008	11159776	11159840	23068672	163344	22156272	23068672	141372	0	0	284567	0	
34603008	34603008	11159792	11159824	23068672	171852	22147764	23068672	127436	0	0	280351	0	
34603008	34603008	11159796	11159820	23068672	78120	22241496	23068672	56208	0	0	167239	0	
34603008	34603008	11159796	11159820	23068672	1479988	20839628	23068672	1259432	0	0	987657	0	
34603008	34603008	11159796	11159820	23068672	1144772	21174844	23068672	922772	0	0	973405	0	
34603008	34603008	11159796	11159820	23068672	766956	21552660	23068672	577332	0	0	724644	0	
34603008	34603008	11159796	11159820	23068672	138484	22181132	23068672	116532	0	0	245119	0	
34603008	34603008	11159800	11159816	23068672	128764	22190852	23068672	111516	0	0	274439	0	
34603008	34603008	11159796	11159820	23068672	1584980	20734636	23068672	1360392	0	0	1098598	0	
34603008	34603008	11159796	11159820	23068672	1165480	21154136	23068672	982392	0	0	948275	0	
34603008	34603008	11159776	11159840	23068672	796584	21523032	23068672	638512	0	0	800216	0	
34603008	34603008	11159796	11159820	23068672	142544	22177072	23068672	120612	0	0	254598	0	
34603008	34603008	11159804	11159812	23068672	16776	22302840	23068672	16776	0	0	90140	0	
34603008	34603008	11159792	11159824	23068672	106064	22213552	23068672	87132	0	0	197638	0	
34603008	34603008	11159796	11159820	23068672	1592528	20727088	23068672	1329252	0	0	1214443	0	
34603008	34603008	11159796	11159820	23068672	1214376	21105240	23068672	955972	0	0	1356347	0	
34603008	34603008	11159796	11159820	23068672	765056	21554560	23068672	578952	0	0	758143	0	
34603008	34603008	11159796	11159820	23068672	159884	22159732	23068672	131072	0	0	300082	0	
34603008	34603008	11159792	11159824	23068672	128664	22190952	23068672	111184	0	0	284984	0	
34603008	34603008	11159796	11159820	23068672	1659564	20660052	23068672	1360092	0	0	994386	0	
34603008	34603008	11159796	11159820	23068672	1182628	21136988	23068672	978632	0	0	895497	0	
34603008	34603008	11159796	11159820	23068672	795596	21524020	23068672	614072	0	0	721870	0	
34603008	34603008	11159796	11159820	23068672	148284	22171332	23068672	125992	0	0	261243	0	
34603008	34603008	11159796	11159820	23068672	161732	22157884	23068672	124576	0	0	252734	0	
34603008	34603008	11159796	11159820	23068672	77860	22241756	23068672	54332	0	0	163651	0	
34603008	34603008	11159796	11159820	23068672	1537072	20782544	23068672	1249312	0	0	1275788	0	
34603008	34603008	11159796	11159820	23068672	1122484	21197132	23068672	906892	0	0	1415696	0	
34603008	34603008	11159796	11159820	23068672	699764	21619852	23068672	563552	0	0	784668	0	
34603008	34603008	11159796	11159820	23068672	157104	22162512	23068672	129412	0	0	390701	0	
34603008	34603008	11159764	11159852	23068672	128764	22190852	23068672	111544	0	0	287265	0	
34603008	34603008	11159796	11159820	23068672	1621016	20698600	23068672	1360392	0	0	1114052	0	
34603008	34603008	11159796	11159820	23068672	1225776	21093840	23068672	989472	0	0	1111686	0	
34603008	34603008	11159796	11159820	23068672	714752	21604864	23068672	611732	0	0	777505	0	
34603008	34603008	11159796	11159820	23068672	130664	22188952	23068672	108672	0	0	261585	0	
34603008	34603008	11159796	11159820	23068672	13996	22305620	23068672	13996	0	0	86554	0	
34603008	34603008	11159792	11159824	23068672	106064	22213552	23068672	87132	0	0	223807	0	
34603008	34603008	11159796	11159820	23068672	1577940	20741676	23068672	1329252	0	0	1105443	0	
34603008	34603008	11159796	11159820	23068672	1114364	21205252	23068672	961252	0	0	1058872	0	
34603008	34603008	11159796	11159820	23068672	792856	21526760	23068672	614052	0	0	844614	0	
34603008	34603008	11159796	11159820	23068672	152304	22167312	23068672	127452	0	0	268112	0	
34603008	34603008	11159780	11159836	23068672	155352	22164264	23068672	124564	0	0	246327	0	
34603008	34603008	11159792	11159824	23068672	77900	22241716	23068672	54992	0	0	137668	0	
34603008	34603008	11159796	11159820	23068672	1530312	20789304	23068672	1252452	0	0	879846	0	
34603008	34603008	11159796	11159820	23068672	1083256	21236360	23068672	892772	0	0	810251	0	
34603008	34603008	11159796	11159820	23068672	719892	21599724	23068672	578952	0	0	626960	0	
34603008	34603008	11159796	11159820	23068672	161864	22157752	23068672	140052	0	0	290616	0	
34603008	34603008	11159796	11159820	23068672	131924	22187692	23068672	114712	0	0	252357	0	
34603008	34603008	11159796	11159820	23068672	1586280	20733336	23068672	1363332	0	0	1037155	0	
34603008	34603008	11159796	11159820	23068672	1218596	21101020	23068672	997272	0	0	992962	0	
34603008	34603008	11159776	11159840	23068672	823216	21496400	23068672	625792	0	0	924322	0	
34603008	34603008	11159796	11159820	23068672	160064	22159552	23068672	138152	0	0	277822	0	
34603008	34603008	11159796	11159820	23068672	162112	22157504	23068672	127432	0	0	289165	0	
34603008	34603008	11159748	11159868	23068672	78160	22241456	23068672	57240	0	0	144795	0	
34603008	34603008	11159796	11159820	23068672	1534772	20784844	23068672	1264652	0	0	1120503	0	
34603008	34603008	11159796	11159820	23068672	1121492	21198124	23068672	886772	0	0	828895	0	
34603008	34603008	11159776	11159840	23068672	691036	21628580	23068672	574032	0	0	739215	0	
34603008	34603008	11159796	11159820	23068672	163404	22156212	23068672	141572	0	0	287978	0	
34603008	34603008	11159788	11159828	23068672	132064	22187552	23068672	114908	0	0	253723	0	
34603008	34603008	11159796	11159820	23068672	1631596	20688020	23068672	1364112	0	0	1142869	0	
34603008	34603008	11159796	11159820	23068672	1219336	21100280	23068672	994052	0	0	924848	0	
34603008	34603008	11159776	11159840	23068672	721504	21598112	23068672	620272	0	0	912064	0	
34603008	34603008	11159796	11159820	23068672	140944	22178672	23068672	119012	0	0	272912	0	
34603008	34603008	11159804	11159812	23068672	16776	22302840	23068672	16776	0	0	88476	0	
34603008	34603008	11159792	11159824	23068672	106064	22213552	23068672	87132	0	0	201293	0	
34603008	34603008	11159796	11159820	23068672	1587280	20732336	23068672	1329252	0	0	1110227	0	
34603008	34603008	11159796	11159820	23068672	1149600	21170016	23068672	956592	0	0	1117544	0	
34603008	34603008	11159776	11159840	23068672	730132	21589484	23068672	595152	0	0	777315	0	
34603008	34603008	11159796	11159820	23068672	160784	22158832	23068672	138772	0	0	279993	0	
34603008	34603008	11159792	11159824	23068672	159912	22159704	23068672	125232	0	0	281284	0	
34603008	34603008	11159788	11159828	23068672	77960	22241656	23068672	55592	0	0	142709	0	
34603008	34603008	11159796	11159820	23068672	1447480	20872136	23068672	1256772	0	0	1065180	0	
34603008	34603008	11159796	11159820	23068672	1154080	21165536	23068672	938572	0	0	1135158	0	
34603008	34603008	11159796	11159820	23068672	762756	21556860	23068672	578412	0	0	732923	0	
34603008	34603008	11159776	11159840	23068672	165024	22154592	23068672	133292	0	0	288211	0	
34603008	34603008	11159804	11159812	23068672	128444	22191172	23068672	110852	0	0	242568	0	
34603008	34603008	11159796	11159820	23068672	1653564	20666052	23068672	1358992	0	0	1125821	0	
34603008	34603008	11159796	11159820	23068672	1179860	21139756	23068672	981292	0	0	885398	0	
34603008	34603008	11159776	11159840	23068672	830452	21489164	23068672	617592	0	0	751154	0	
34603008	34603008	11159796	11159820	23068672	165024	22154592	23068672	143232	0	0	284132	0	
34603008	34603008	11159800	11159816	23068672	134844	22184772	23068672	118144	0	0	286084	0	
34603008	34603008	11159796	11159820	23068672	76868	22242748	23068672	50660	0	0	146639	0	
34603008	34603008	11159796	11159820	23068672	1475988	20843628	23068672	1236472	0	0	888611	0	
34603008	34603008	11159796	11159820	23068672	1061216	21258400	23068672	903452	0	0	944226	0	
34603008	34603008	11159796	11159820	23068672	688044	21631572	23068672	571952	0	0	684195	0	
34603008	34603008	11159796	11159820	23068672	159584	22160032	23068672	137292	0	0	336819	0	
34603008	34603008	11159744	11159872	23068672	158472	22161144	23068672	126924	0	0	393594	0	
34603008	34603008	11159792	11159824	23068672	78312	22241304	23068672	57652	0	0	148644	0	
34603008	34603008	11159796	11159820	23068672	1496248	20823368	23068672	1266352	0	0	1272587	0	
34603008	34603008	11159796	11159820	23068672	1155880	21163736	23068672	917972	0	0	900264	0	
34603008	34603008	11159796	11159820	23068672	778176	21541440	23068672	570192	0	0	687242	0	
34603008	34603008	11159788	11159828	23068672	154704	22164912	23068672	132992	0	0	277092	0	
34603008	34603008	11159796	11159820	23068672	121724	22197892	23068672	104696	0	0	236167	0	
34603008	34603008	11159796	11159820	23068672	1633576	20686040	23068672	1351872	0	0	1237378	0	
34603008	34603008	11159796	11159820	23068672	1183868	21135748	23068672	977232	0	0	1208744	0	
34603008	34603008	11159796	11159820	23068672	709724	21609892	23068672	610772	0	0	823368	0	
34603008	34603008	11159796	11159820	23068672	129004	22190612	23068672	105912	0	0	222832	0	
34603008	34603008	11159808	11159808	23068672	11836	22307780	23068672	11836	0	0	81419	0	
34603008	34603008	11159788	11159828	23068672	106084	22213532	23068672	87480	48	0	201470	0	
34603008	34603008	11159796	11159820	23068672	1543452	20776164	23068672	1329212	0	0	1155944	0	
34603008	34603008	11159796	11159820	23068672	1125952	21193664	23068672	966872	0	0	806198	0	
34603008	34603008	11159796	11159820	23068672	768656	21550960	23068672	615412	0	0	832925	0	
34603008	34603008	11159796	11159820	23068672	160304	22159312	23068672	134652	0	0	280178	0	
34603008	34603008	11159800	11159816	23068672	158212	22161404	23068672	129536	0	0	258738	0	
34603008	34603008	11159748	11159868	23068672	78672	22240944	23068672	60112	0	0	144295	0	
34603008	34603008	11159796	11159820	23068672	1558500	20761116	23068672	1277812	0	0	1056844	0	
34603008	34603008	11159796	11159820	23068672	1133752	21185864	23068672	883052	0	0	868951	0	
34603008	34603008	11159796	11159820	23068672	710024	21609592	23068672	568512	0	0	610268	0	
34603008	34603008	11159796	11159820	23068672	150684	22168932	23068672	128432	0	0	260810	0	
34603008	34603008	11159792	11159824	23068672	129264	22190352	23068672	111564	0	0	253074	0	
34603008	34603008	11159796	11159820	23068672	1634996	20684620	23068672	1362712	0	0	941208	0	
34603008	34603008	11159796	11159820	23068672	1199468	21120148	23068672	984272	0	0	1036129	0	
34603008	34603008	11159796	11159820	23068672	732008	21587608	23068672	617892	0	0	757175	0	
34603008	34603008	11159796	11159820	23068672	129944	22189672	23068672	107432	0	0	227896	0	
34603008	34603008	11159804	11159812	23068672	13576	22306040	23068672	13576	0	0	84665	0	
34603008	34603008	11159792	11159824	23068672	106064	22213552	23068672	87132	0	0	196200	0	
34603008	34603008	11159796	11159820	23068672	1542032	20777584	23068672	1329252	0	0	1225013	0	
34603008	34603008	11159796	11159820	23068672	1183608	21136008	23068672	967812	0	0	1227384	0	
34603008	34603008	11159776	11159840	23068672	802156	21517460	23068672	602772	0	0	801516	0	
34603008	34603008	11159796	11159820	23068672	164724	22154892	23068672	142732	0	0	287284	0	
34603008	34603008	11159772	11159844	23068672	133404	22186212	23068672	116592	0	0	252855	0	
34603008	34603008	11159804	11159812	23068672	43368	22276248	23068672	43368	0	0	138793	0	
34603008	34603008	11159796	11159820	23068672	1497128	20822488	23068672	1254192	0	0	986365	0	
34603008	34603008	11159796	11159820	23068672	1118312	21201304	23068672	905352	0	0	826787	0	
34603008	34603008	11159796	11159820	23068672	805484	21514132	23068672	578732	0	0	597201	0	
34603008	34603008	11159792	11159824	23068672	151764	22167852	23068672	129872	0	0	261775	0	
34603008	34603008	11159804	11159812	23068672	121144	22198472	23068672	104432	0	0	258623	0	
34603008	34603008	11159796	11159820	23068672	1608508	20711108	23068672	1350532	0	0	1134698	0	
34603008	34603008	11159776	11159840	23068672	1191688	21127928	23068672	983532	0	0	1003594	0	
34603008	34603008	11159796	11159820	23068672	770316	21549300	23068672	614532	0	0	817949	0	
34603008	34603008	11159796	11159820	23068672	160684	22158932	23068672	138772	0	0	277620	0	
34603008	34603008	11159804	11159812	23068672	159912	22159704	23068672	126156	0	0	311622	0	
34603008	34603008	11159800	11159816	23068672	78020	22241596	23068672	56360	0	0	142338	0	
34603008	34603008	11159796	11159820	23068672	1539572	20780044	23068672	1260152	0	0	1165494	0	
34603008	34603008	11159796	11159820	23068672	1050876	21268740	23068672	893512	0	0	984205	0	
34603008	34603008	11159776	11159840	23068672	714392	21605224	23068672	555172	0	0	614319	0	
34603008	34603008	11159796	11159820	23068672	137124	22182492	23068672	114832	0	0	239902	0	
34603008	34603008	11159772	11159844	23068672	139604	22180012	23068672	123384	0	0	273552	0	
34603008	34603008	11159792	11159824	23068672	78768	22240848	23068672	57312	0	0	144803	0	
34603008	34603008	11159796	11159820	23068672	1462220	20857396	23068672	1261312	0	0	1062274	0	
34603008	34603008	11159796	11159820	23068672	1128172	21191444	23068672	937052	0	0	1154454	0	
34603008	34603008	11159796	11159820	23068672	683036	21636580	23068672	555792	0	0	743981	0	
34603008	34603008	11159796	11159820	23068672	158924	22160692	23068672	136852	0	0	277761	0	
34603008	34603008	11159796	11159820	23068672	140784	22178832	23068672	123212	0	0	333776	0	
