b_initial_y_size_0	b_max_y_size_1	b_used_2	b_available_3	b_committed_4	a_used_5	a_available_6	a_committed_7	a_survived_8	a_promoted_9	a_copied_10	a_time_in_ns_11	promotion_rate_12
28311552	28311552	9130720	9130784	18874368	1582520	16678984	18874368	1346868	73256	0	1149919	8	
28311552	28311552	9130736	9130768	18874368	318592	17942912	18874368	259484	1508	0	554580	0	
28311552	28311552	9130740	9130764	18874368	1274300	16987204	18874368	1040660	636	0	1185712	0	
28311552	28311552	9130740	9130764	18874368	91208	18170296	18874368	91004	84	0	208542	0	
28311552	28311552	9130740	9130764	18874368	1282700	16978804	18874368	1052456	36	0	1130992	0	
28311552	28311552	9130736	9130768	18874368	128944	18132560	18874368	111596	28	0	266186	0	
28311552	28311552	9130740	9130764	18874368	1102964	17158540	18874368	972716	24	0	971906	0	
28311552	28311552	9130680	9130824	18874368	98784	18162720	18874368	79344	0	0	189752	0	
28311552	28311552	9130740	9130764	18874368	1083824	17177680	18874368	884300	520	0	909079	0	
28311552	28311552	9130736	9130768	18874368	77544	18183960	18874368	54720	828	0	145412	0	
28311552	28311552	9130740	9130764	18874368	1092824	17168680	18874368	881232	0	0	866527	0	
28311552	28311552	9130740	9130764	18874368	1613968	16647536	18874368	1354568	22256	0	1267752	2	
28311552	28311552	9130720	9130784	18874368	542432	17719072	18874368	415616	0	0	623711	0	
28311552	28311552	9130740	9130764	18874368	1242416	17019088	18874368	1015516	264	0	997129	0	
28311552	28311552	9130748	9130756	18874368	128404	18133100	18874368	96812	0	0	217577	0	
28311552	28311552	9130740	9130764	18874368	1269460	16992044	18874368	1042532	0	0	1277638	0	
28311552	28311552	9130724	9130780	18874368	127044	18134460	18874368	110464	0	0	253186	0	
28311552	28311552	9130740	9130764	18874368	1165712	17095792	18874368	969568	0	0	1124718	0	
28311552	28311552	9130748	9130756	18874368	78100	18183404	18874368	69984	936	0	194827	0	
28311552	28311552	9130740	9130764	18874368	1114124	17147380	18874368	914252	0	0	847962	0	
28311552	28311552	9130740	9130764	18874368	1660884	16600620	18874368	1357444	72	0	1169013	0	
28311552	28311552	9130740	9130764	18874368	538164	17723340	18874368	447932	0	0	770430	0	
28311552	28311552	9130720	9130784	18874368	1274920	16986584	18874368	1051232	0	0	987416	0	
28311552	28311552	9130744	9130760	18874368	133084	18128420	18874368	106052	0	0	224988	0	
28311552	28311552	9130740	9130764	18874368	1310180	16951324	18874368	1039152	0	0	1065188	0	
28311552	28311552	9130688	9130816	18874368	121784	18139720	18874368	104556	0	0	225909	0	
28311552	28311552	9130740	9130764	18874368	1185928	17075576	18874368	958152	0	0	955029	0	
28311552	28311552	9130748	9130756	18874368	78040	18183464	18874368	63028	0	0	140838	0	
28311552	28311552	9130740	9130764	18874368	1088784	17172720	18874368	891112	0	0	942971	0	
28311552	28311552	9130740	9130764	18874368	1593568	16667936	18874368	1349252	0	0	1200348	0	
28311552	28311552	9130740	9130764	18874368	612260	17649244	18874368	483732	0	0	591390	0	
28311552	28311552	9130740	9130764	18874368	1278880	16982624	18874368	1029972	0	0	1061034	0	
28311552	28311552	9130740	9130764	18874368	107284	18154220	18874368	84032	0	0	222326	0	
28311552	28311552	9130740	9130764	18874368	1238076	17023428	18874368	1042872	0	0	1206751	0	
28311552	28311552	9130748	9130756	18874368	131424	18130080	18874368	114004	0	0	283020	0	
28311552	28311552	9130740	9130764	18874368	1194248	17067256	18874368	978392	0	0	1219657	0	
28311552	28311552	9130740	9130764	18874368	78808	18182696	18874368	69932	0	0	175244	0	
28311552	28311552	9130740	9130764	18874368	1056296	17205208	18874368	899672	0	0	1044402	0	
28311552	28311552	9130736	9130768	18874368	76828	18184676	18874368	45140	0	0	149181	0	
28311552	28311552	9130740	9130764	18874368	1072316	17189188	18874368	876252	0	0	1000313	0	
28311552	28311552	9130740	9130764	18874368	1622696	16638808	18874368	1339372	0	0	1120861	0	
28311552	28311552	9130740	9130764	18874368	521964	17739540	18874368	405672	0	0	634833	0	
28311552	28311552	9130740	9130764	18874368	1202028	17059476	18874368	1022072	0	0	1327758	0	
28311552	28311552	9130752	9130752	18874368	153984	18107520	18874368	128752	0	0	374556	0	
28311552	28311552	9130740	9130764	18874368	1233556	17027948	18874368	1050172	0	0	1153050	0	
28311552	28311552	9130752	9130752	18874368	134544	18126960	18874368	117384	0	0	280964	0	
28311552	28311552	9130740	9130764	18874368	1193848	17067656	18874368	987352	0	0	916772	0	
28311552	28311552	9130752	9130752	18874368	78948	18182556	18874368	73068	0	0	167410	0	
28311552	28311552	9130740	9130764	18874368	1103164	17158340	18874368	910272	0	0	973026	0	
28311552	28311552	9130740	9130764	18874368	1615148	16646356	18874368	1357732	0	0	1171394	0	
28311552	28311552	9130720	9130784	18874368	597680	17663824	18874368	500552	0	0	603478	0	
28311552	28311552	9130740	9130764	18874368	1312908	16948596	18874368	1067732	0	0	1097837	0	
28311552	28311552	9130748	9130756	18874368	121364	18140140	18874368	94312	0	0	238540	0	
28311552	28311552	9130740	9130764	18874368	1325928	16935576	18874368	1043332	0	0	1062889	0	
28311552	28311552	9130740	9130764	18874368	119304	18142200	18874368	101968	0	0	226866	0	
28311552	28311552	9130740	9130764	18874368	1160500	17101004	18874368	958092	0	0	972641	0	
28311552	28311552	9130744	9130760	18874368	78312	18183192	18874368	64164	0	0	195344	0	
28311552	28311552	9130740	9130764	18874368	1096804	17164700	18874368	893172	0	0	917285	0	
28311552	28311552	9130740	9130764	18874368	1578200	16683304	18874368	1348932	600	0	1126744	0	
28311552	28311552	9130740	9130764	18874368	642396	17619108	18874368	492812	0	0	699072	0	
28311552	28311552	9130740	9130764	18874368	1270760	16990744	18874368	1016732	0	0	1004591	0	
28311552	28311552	9130744	9130760	18874368	99844	18161660	18874368	78144	0	0	178142	0	
28311552	28311552	9130740	9130764	18874368	1225316	17036188	18874368	1042424	552	0	1174657	0	
28311552	28311552	9130700	9130804	18874368	132684	18128820	18874368	115184	0	0	235075	0	
28311552	28311552	9130740	9130764	18874368	1222416	17039088	18874368	983292	0	0	856695	0	
28311552	28311552	9130740	9130764	18874368	77444	18184060	18874368	66428	0	0	158534	0	
28311552	28311552	9130740	9130764	18874368	1073708	17187796	18874368	900652	0	0	878312	0	
28311552	28311552	9130740	9130764	18874368	1658584	16602920	18874368	1361472	0	0	1061838	0	
28311552	28311552	9130740	9130764	18874368	558932	17702572	18874368	468572	0	0	585632	0	
28311552	28311552	9130740	9130764	18874368	1301128	16960376	18874368	1056212	0	0	784258	0	
28311552	28311552	9130732	9130772	18874368	124824	18136680	18874368	92052	0	0	210703	0	
28311552	28311552	9130740	9130764	18874368	1233316	17028188	18874368	1040412	0	0	1049021	0	
28311552	28311552	9130740	9130764	18874368	131244	18130260	18874368	114456	0	0	240269	0	
28311552	28311552	9130740	9130764	18874368	1211896	17049608	18874368	977752	0	0	986391	0	
28311552	28311552	9130716	9130788	18874368	77104	18184400	18874368	66060	0	0	150168	0	
28311552	28311552	9130720	9130784	18874368	1085336	17176168	18874368	900652	0	0	818440	0	
28311552	28311552	9130740	9130764	18874368	1631496	16630008	18874368	1357952	0	0	1023211	0	
28311552	28311552	9130740	9130764	18874368	623168	17638336	18874368	480812	0	0	649910	0	
28311552	28311552	9130740	9130764	18874368	1213288	17048216	18874368	1017492	0	0	1251581	0	
28311552	28311552	9130748	9130756	18874368	150984	18110520	18874368	119332	0	0	256617	0	
28311552	28311552	9130740	9130764	18874368	1235176	17026328	18874368	1040092	0	0	1049350	0	
28311552	28311552	9130736	9130768	18874368	132544	18128960	18874368	116120	0	0	262507	0	
28311552	28311552	9130740	9130764	18874368	1235876	17025628	18874368	982432	0	0	1116474	0	
28311552	28311552	9130736	9130768	18874368	77384	18184120	18874368	64168	0	0	139476	0	
28311552	28311552	9130740	9130764	18874368	1131592	17129912	18874368	897452	0	0	913101	0	
28311552	28311552	9130740	9130764	18874368	1591760	16669744	18874368	1341992	0	0	1073154	0	
28311552	28311552	9130740	9130764	18874368	631008	17630496	18874368	465052	0	0	624350	0	
28311552	28311552	9130740	9130764	18874368	1164400	17097104	18874368	994992	0	0	1020457	0	
28311552	28311552	9130716	9130788	18874368	150264	18111240	18874368	128312	0	0	253702	0	
28311552	28311552	9130740	9130764	18874368	1293380	16968124	18874368	1054532	0	0	1115313	0	
28311552	28311552	9130728	9130776	18874368	127844	18133660	18874368	110408	0	0	238478	0	
28311552	28311552	9130740	9130764	18874368	1130532	17130972	18874368	972752	0	0	1013624	0	
28311552	28311552	9130716	9130788	18874368	78492	18183012	18874368	74652	0	0	164680	0	
28311552	28311552	9130740	9130764	18874368	1121932	17139572	18874368	909812	0	0	879023	0	
28311552	28311552	9130740	9130764	18874368	1567080	16694424	18874368	1365712	0	0	1152470	0	
28311552	28311552	9130740	9130764	18874368	639276	17622228	18874368	512552	0	0	620318	0	
28311552	28311552	9130740	9130764	18874368	1307208	16954296	18874368	1070972	0	0	850109	0	
28311552	28311552	9130736	9130768	18874368	124024	18137480	18874368	101832	0	0	206968	0	
28311552	28311552	9130740	9130764	18874368	1327788	16933716	18874368	1041712	0	0	1122390	0	
28311552	28311552	9130744	9130760	18874368	120064	18141440	18874368	102424	0	0	223090	0	
28311552	28311552	9130740	9130764	18874368	1188968	17072536	18874368	960272	0	0	962675	0	
28311552	28311552	9130748	9130756	18874368	79688	18181816	18874368	61736	0	0	142353	0	
28311552	28311552	9130740	9130764	18874368	1112404	17149100	18874368	881272	0	0	810578	0	
28311552	28311552	9130740	9130764	18874368	1589180	16672324	18874368	1332652	0	0	1359490	0	
28311552	28311552	9130720	9130784	18874368	576004	17685500	18874368	454952	0	0	666426	0	
28311552	28311552	9130740	9130764	18874368	1202420	17059084	18874368	1029532	0	0	1119698	0	
28311552	28311552	9130752	9130752	18874368	147764	18113740	18874368	125812	0	0	249266	0	
28311552	28311552	9130740	9130764	18874368	1298780	16962724	18874368	1058112	0	0	1312364	0	
28311552	28311552	9130736	9130768	18874368	128344	18133160	18874368	111008	0	0	237662	0	
28311552	28311552	9130740	9130764	18874368	1187668	17073836	18874368	972852	0	0	1125150	0	
28311552	28311552	9130748	9130756	18874368	77720	18183784	18874368	66984	0	0	148980	0	
28311552	28311552	9130740	9130764	18874368	1076196	17185308	18874368	899752	0	0	892683	0	
28311552	28311552	9130720	9130784	18874368	1688104	16573400	18874368	1361692	0	0	1102793	0	
28311552	28311552	9130740	9130764	18874368	518644	17742860	18874368	445712	0	0	595553	0	
28311552	28311552	9130740	9130764	18874368	1335916	16925588	18874368	1064992	0	0	979866	0	
28311552	28311552	9130752	9130752	18874368	98484	18163020	18874368	75672	0	0	162956	0	
28311552	28311552	9130740	9130764	18874368	1235536	17025968	18874368	1041932	0	0	1082500	0	
28311552	28311552	9130748	9130756	18874368	131264	18130240	18874368	114184	0	0	245261	0	
28311552	28311552	9130740	9130764	18874368	1183988	17077516	18874368	978072	0	0	976571	0	
28311552	28311552	9130688	9130816	18874368	77980	18183524	18874368	70592	0	0	158392	0	
28311552	28311552	9130740	9130764	18874368	1121532	17139972	18874368	906492	0	0	792878	0	
28311552	28311552	9130740	9130764	18874368	1633856	16627648	18874368	1352312	0	0	957752	0	
28311552	28311552	9130740	9130764	18874368	586100	17675404	18874368	472132	0	0	639952	0	
28311552	28311552	9130720	9130784	18874368	1216796	17044708	18874368	1038736	0	0	1069793	0	
28311552	28311552	9130744	9130760	18874368	153144	18108360	18874368	129616	744	0	357941	0	
28311552	28311552	9130740	9130764	18874368	1340496	16921008	18874368	1053772	0	0	1123993	0	
28311552	28311552	9130732	9130772	18874368	120584	18140920	18874368	103588	0	0	228784	0	
28311552	28311552	9130740	9130764	18874368	1197808	17063696	18874368	954032	0	0	875363	0	
28311552	28311552	9130744	9130760	18874368	78392	18183112	18874368	59924	0	0	140971	0	
28311552	28311552	9130740	9130764	18874368	1100664	17160840	18874368	879072	0	0	1137632	0	
28311552	28311552	9130740	9130764	18874368	1602288	16659216	18874368	1338332	0	0	1248055	0	
28311552	28311552	9130740	9130764	18874368	590600	17670904	18874368	452132	0	0	650771	0	
28311552	28311552	9130740	9130764	18874368	1188288	17073216	18874368	1013512	0	0	1128032	0	
28311552	28311552	9130716	9130788	18874368	150444	18111060	18874368	128432	0	0	254946	0	
28311552	28311552	9130740	9130764	18874368	1287100	16974404	18874368	1054432	0	0	1062502	0	
28311552	28311552	9130736	9130768	18874368	128784	18132720	18874368	112016	0	0	241610	0	
28311552	28311552	9130740	9130764	18874368	1165520	17095984	18874368	974852	0	0	956834	0	
28311552	28311552	9130732	9130772	18874368	78252	18183252	18874368	70900	0	0	237509	0	
28311552	28311552	9130740	9130764	18874368	1103384	17158120	18874368	907480	0	0	820841	0	
28311552	28311552	9130740	9130764	18874368	1603328	16658176	18874368	1361120	888	0	1291049	0	
28311552	28311552	9130740	9130764	18874368	614540	17646964	18874368	500352	0	0	667276	0	
28311552	28311552	9130740	9130764	18874368	1268940	16992564	18874368	1055072	0	0	908950	0	
28311552	28311552	9130752	9130752	18874368	113344	18148160	18874368	113292	680	0	280438	0	
28311552	28311552	9130740	9130764	18874368	1289800	16971704	18874368	1057872	0	0	949527	0	
28311552	28311552	9130700	9130804	18874368	129224	18132280	18874368	111996	0	0	243920	0	
28311552	28311552	9130740	9130764	18874368	1234196	17027308	18874368	974752	0	0	1066571	0	
28311552	28311552	9130752	9130752	18874368	77384	18184120	18874368	61640	0	0	141941	0	
28311552	28311552	9130740	9130764	18874368	1060576	17200928	18874368	888752	0	0	888113	0	
28311552	28311552	9130720	9130784	18874368	1603988	16657516	18874368	1358552	0	0	1108340	0	
28311552	28311552	9130740	9130764	18874368	641336	17620168	18874368	491772	0	0	663290	0	
28311552	28311552	9130740	9130764	18874368	1295160	16966344	18874368	1016332	0	0	1155611	0	
28311552	28311552	9130736	9130768	18874368	77104	18184400	18874368	73532	0	0	221560	0	
28311552	28311552	9130740	9130764	18874368	1228988	17032516	18874368	1042364	0	0	1155172	0	
28311552	28311552	9130732	9130772	18874368	132024	18129480	18874368	115768	492	0	295670	0	
28311552	28311552	9130740	9130764	18874368	1190804	17070700	18874368	981292	0	0	969086	0	
28311552	28311552	9130740	9130764	18874368	78652	18182852	18874368	71056	0	0	201149	0	
28311552	28311552	9130740	9130764	18874368	1120744	17140760	18874368	905192	0	0	830028	0	
28311552	28311552	9130740	9130764	18874368	1625456	16636048	18874368	1358332	0	0	1178392	0	
28311552	28311552	9130740	9130764	18874368	620588	17640916	18874368	477700	0	0	634941	0	
28311552	28311552	9130740	9130764	18874368	1282920	16978584	18874368	1017220	28	0	990769	0	
28311552	28311552	9130748	9130756	18874368	71996	18189508	18874368	69612	0	0	191308	0	
28311552	28311552	9130740	9130764	18874368	1289980	16971524	18874368	1046412	0	0	1137352	0	
28311552	28311552	9130752	9130752	18874368	126704	18134800	18874368	109684	0	0	238686	0	
28311552	28311552	9130740	9130764	18874368	1159380	17102124	18874368	967812	0	0	1076717	0	
28311552	28311552	9130748	9130756	18874368	77624	18183880	18874368	69084	0	0	153583	0	
28311552	28311552	9130720	9130784	18874368	1081748	17179756	18874368	902844	492	0	900019	0	
28311552	28311552	9130740	9130764	18874368	1624776	16636728	18874368	1359192	0	0	1124064	0	
28311552	28311552	9130720	9130784	18874368	606400	17655104	18874368	497472	0	0	685520	0	
28311552	28311552	9130740	9130764	18874368	1274980	16986524	18874368	1055832	0	0	1068764	0	
28311552	28311552	9130740	9130764	18874368	132584	18128920	18874368	110132	0	0	256100	0	
28311552	28311552	9130740	9130764	18874368	1279060	16982444	18874368	1043152	0	0	1109291	0	
28311552	28311552	9130724	9130780	18874368	127584	18133920	18874368	110044	0	0	243243	0	
28311552	28311552	9130740	9130764	18874368	1162300	17099204	18874368	971792	0	0	917480	0	
28311552	28311552	9130752	9130752	18874368	77920	18183584	18874368	70100	0	0	158233	0	
28311552	28311552	9130740	9130764	18874368	1104064	17157440	18874368	904572	0	0	814774	0	
28311552	28311552	9130740	9130764	18874368	1588328	16673176	18874368	1360272	0	0	1109443	0	
28311552	28311552	9130740	9130764	18874368	601520	17659984	18874368	502812	0	0	601737	0	
28311552	28311552	9130740	9130764	18874368	1270080	16991424	18874368	1072492	0	0	883901	0	
28311552	28311552	9130740	9130764	18874368	149744	18111760	18874368	127692	0	0	255086	0	
28311552	28311552	9130740	9130764	18874368	1225996	17035508	18874368	1050492	0	0	1239195	0	
28311552	28311552	9130700	9130804	18874368	135504	18126000	18874368	118172	0	0	252488	0	
28311552	28311552	9130720	9130784	18874368	1155300	17106204	18874368	984392	0	0	1099020	0	
28311552	28311552	9130752	9130752	18874368	79148	18182356	18874368	78756	0	0	174268	0	
28311552	28311552	9130740	9130764	18874368	1089124	17172380	18874368	895912	0	0	946948	0	
28311552	28311552	9130720	9130784	18874368	77660	18183844	18874368	55260	0	0	138062	0	
28311552	28311552	9130720	9130784	18874368	1146120	17115384	18874368	884192	0	0	910644	0	
28311552	28311552	9130720	9130784	18874368	1624176	16637328	18874368	1328432	0	0	1194709	0	
28311552	28311552	9130740	9130764	18874368	482492	17779012	18874368	373132	0	0	557759	0	
28311552	28311552	9130740	9130764	18874368	1233616	17027888	18874368	1021152	0	0	1156793	0	
28311552	28311552	9130736	9130768	18874368	132964	18128540	18874368	108152	0	0	225916	0	
28311552	28311552	9130740	9130764	18874368	1311208	16950296	18874368	1041832	0	0	1156448	0	
28311552	28311552	9130744	9130760	18874368	122044	18139460	18874368	105816	0	0	236226	0	
28311552	28311552	9130740	9130764	18874368	1161360	17100144	18874368	959412	0	0	955151	0	
28311552	28311552	9130696	9130808	18874368	78120	18183384	18874368	66724	0	0	147123	0	
28311552	28311552	9130720	9130784	18874368	1088296	17173208	18874368	899432	0	0	884957	0	
28311552	28311552	9130720	9130784	18874368	1614208	16647296	18874368	1353672	0	0	1027458	0	
28311552	28311552	9130740	9130764	18874368	610620	17650884	18874368	487852	0	0	654990	0	
28311552	28311552	9130740	9130764	18874368	1272060	16989444	18874368	1035792	0	0	1019354	0	
28311552	28311552	9130744	9130760	18874368	119964	18141540	18874368	94272	0	0	205834	0	
28311552	28311552	9130740	9130764	18874368	1328888	16932616	18874368	1044292	0	0	1048649	0	
28311552	28311552	9130740	9130764	18874368	119124	18142380	18874368	101184	0	0	222903	0	
28311552	28311552	9130740	9130764	18874368	1191788	17069716	18874368	956972	0	0	886882	0	
28311552	28311552	9130732	9130772	18874368	78888	18182616	18874368	59756	0	0	145615	0	
28311552	28311552	9130740	9130764	18874368	1091524	17169980	18874368	874772	0	0	785948	0	
28311552	28311552	9130740	9130764	18874368	1602648	16658856	18874368	1340312	0	0	971224	0	
28311552	28311552	9130740	9130764	18874368	623208	17638296	18874368	454292	0	0	644414	0	
28311552	28311552	9130740	9130764	18874368	1234696	17026808	18874368	990572	0	0	1100881	0	
28311552	28311552	9130744	9130760	18874368	107344	18154160	18874368	80232	0	0	182944	0	
28311552	28311552	9130740	9130764	18874368	1306768	16954736	18874368	1040772	0	0	1044999	0	
28311552	28311552	9130744	9130760	18874368	120904	18140600	18874368	103608	0	0	223576	0	
28311552	28311552	9130740	9130764	18874368	1154160	17107344	18874368	955072	0	0	851127	0	
28311552	28311552	9130736	9130768	18874368	77900	18183604	18874368	66288	0	0	149864	0	
28311552	28311552	9130740	9130764	18874368	1107964	17153540	18874368	898712	0	0	906343	0	
28311552	28311552	9130740	9130764	18874368	1609148	16652356	18874368	1352132	0	0	1076139	0	
28311552	28311552	9130740	9130764	18874368	614968	17646536	18874368	476232	0	0	716271	0	
28311552	28311552	9130740	9130764	18874368	1189528	17071976	18874368	1019992	0	0	1063228	0	
28311552	28311552	9130736	9130768	18874368	149144	18112360	18874368	126992	0	0	251616	0	
28311552	28311552	9130740	9130764	18874368	1305708	16955796	18874368	1058012	0	0	1059450	0	
28311552	28311552	9130748	9130756	18874368	127244	18134260	18874368	111144	0	0	239593	0	
28311552	28311552	9130740	9130764	18874368	1114192	17147312	18874368	970072	0	0	1017191	0	
28311552	28311552	9130704	9130800	18874368	79088	18182416	18874368	76616	0	0	170588	0	
28311552	28311552	9130740	9130764	18874368	1085444	17176060	18874368	882752	0	0	1014698	0	
28311552	28311552	9130736	9130768	18874368	77464	18184040	18874368	53536	0	0	174821	0	
28311552	28311552	9130740	9130764	18874368	1110144	17151360	18874368	880112	0	0	1012248	0	
28311552	28311552	9130740	9130764	18874368	1606448	16655056	18874368	1332932	0	0	1208593	0	
28311552	28311552	9130740	9130764	18874368	540524	17720980	18874368	405992	0	0	660192	0	
28311552	28311552	9130740	9130764	18874368	1207968	17053536	18874368	1007232	0	0	1208122	0	
28311552	28311552	9130752	9130752	18874368	117692	18143812	18874368	114552	0	0	348979	0	
28311552	28311552	9130740	9130764	18874368	1308148	16953356	18874368	1056712	0	0	1251414	0	
28311552	28311552	9130744	9130760	18874368	126704	18134800	18874368	109324	0	0	267540	0	
28311552	28311552	9130740	9130764	18874368	1216428	17045076	18874368	967692	0	0	1269844	0	
28311552	28311552	9130724	9130780	18874368	77660	18183844	18874368	61912	0	0	162794	0	
28311552	28311552	9130740	9130764	18874368	1089124	17172380	18874368	888752	0	0	1027189	0	
28311552	28311552	9130740	9130764	18874368	1593288	16668216	18874368	1345532	0	0	1155747	0	
28311552	28311552	9130740	9130764	18874368	624928	17636576	18874368	479672	0	0	612197	0	
28311552	28311552	9130740	9130764	18874368	1232688	17028816	18874368	1015012	0	0	1179925	0	
28311552	28311552	9130728	9130776	18874368	135504	18126000	18874368	103772	0	0	246688	0	
28311552	28311552	9130740	9130764	18874368	1230136	17031368	18874368	1042952	0	0	1165127	0	
28311552	28311552	9130716	9130788	18874368	132344	18129160	18874368	115696	0	0	334009	0	
28311552	28311552	9130740	9130764	18874368	1192128	17069376	18874368	982732	0	0	1110501	0	
28311552	28311552	9130744	9130760	18874368	78272	18183232	18874368	70812	0	0	174530	0	
28311552	28311552	9130720	9130784	18874368	1150652	17110852	18874368	906052	0	0	916999	0	
28311552	28311552	9130740	9130764	18874368	1622356	16639148	18874368	1346312	0	0	1128923	0	
28311552	28311552	9130740	9130764	18874368	611180	17650324	18874368	458112	0	0	707671	0	
28311552	28311552	9130740	9130764	18874368	1234036	17027468	18874368	1004352	0	0	1068885	0	
28311552	28311552	9130748	9130756	18874368	121404	18140100	18874368	92372	0	0	246669	0	
28311552	28311552	9130740	9130764	18874368	1237388	17024116	18874368	1041872	0	0	1115363	0	
28311552	28311552	9130744	9130760	18874368	131244	18130260	18874368	114348	0	0	298247	0	
28311552	28311552	9130740	9130764	18874368	1181308	17080196	18874368	977892	0	0	1122380	0	
28311552	28311552	9130728	9130776	18874368	78040	18183464	18874368	70928	0	0	216779	0	
28311552	28311552	9130740	9130764	18874368	1113832	17147672	18874368	907032	0	0	922977	0	
28311552	28311552	9130740	9130764	18874368	1623348	16638156	18874368	1359072	0	0	1191882	0	
28311552	28311552	9130720	9130784	18874368	643796	17617708	18874368	487692	0	0	808845	0	
28311552	28311552	9130740	9130764	18874368	1222136	17039368	18874368	1009012	0	0	1231344	0	
28311552	28311552	9130740	9130764	18874368	136484	18125020	18874368	105852	0	0	258541	0	
28311552	28311552	9130720	9130784	18874368	1288500	16973004	18874368	1044092	0	0	1225931	0	
28311552	28311552	9130732	9130772	18874368	125304	18136200	18874368	108344	0	0	256414	0	
28311552	28311552	9130740	9130764	18874368	1222996	17038508	18874368	960852	0	0	1126699	0	
28311552	28311552	9130748	9130756	18874368	79528	18181976	18874368	60704	0	0	162123	0	
28311552	28311552	9130740	9130764	18874368	1035728	17225776	18874368	876052	0	0	936069	0	
28311552	28311552	9130740	9130764	18874368	1620648	16640856	18874368	1354572	0	0	1167831	0	
28311552	28311552	9130740	9130764	18874368	640656	17620848	18874368	484712	0	0	635219	0	
28311552	28311552	9130740	9130764	18874368	1268820	16992684	18874368	1007992	0	0	1267195	0	
28311552	28311552	9130752	9130752	18874368	72096	18189408	18874368	71852	0	0	194713	0	
28311552	28311552	9130740	9130764	18874368	1289100	16972404	18874368	1048472	0	0	1095419	0	
28311552	28311552	9130704	9130800	18874368	127204	18134300	18874368	110828	0	0	288918	0	
28311552	28311552	9130720	9130784	18874368	1185628	17075876	18874368	969912	0	0	1146222	0	
28311552	28311552	9130708	9130796	18874368	77700	18183804	18874368	66512	0	0	166184	0	
28311552	28311552	9130740	9130764	18874368	1063796	17197708	18874368	899672	0	0	884502	0	
28311552	28311552	9130740	9130764	18874368	1578260	16683244	18874368	1365432	0	0	1108975	0	
28311552	28311552	9130720	9130784	18874368	630728	17630776	18874368	512952	0	0	608730	0	
28311552	28311552	9130720	9130784	18874368	1323168	16938336	18874368	1069052	0	0	899441	0	
28311552	28311552	9130752	9130752	18874368	111884	18149620	18874368	88792	0	0	222778	0	
28311552	28311552	9130740	9130764	18874368	1305248	16956256	18874368	1044032	0	0	978461	0	
28311552	28311552	9130736	9130768	18874368	121824	18139680	18874368	105324	0	0	232963	0	
28311552	28311552	9130740	9130764	18874368	1170240	17091264	18874368	958412	0	0	1005855	0	
28311552	28311552	9130748	9130756	18874368	77524	18183980	18874368	64444	0	0	137413	0	
28311552	28311552	9130740	9130764	18874368	1102084	17159420	18874368	893392	0	0	867066	0	
28311552	28311552	9130740	9130764	18874368	1622088	16639416	18874368	1351512	0	0	1255390	0	
28311552	28311552	9130740	9130764	18874368	635400	17626104	18874368	465072	0	0	618751	0	
28311552	28311552	9130740	9130764	18874368	1204668	17056836	18874368	991752	0	0	1122089	0	
28311552	28311552	9130752	9130752	18874368	125204	18136300	18874368	102492	0	0	206718	0	
28311552	28311552	9130720	9130784	18874368	1226496	17035008	18874368	1041392	0	0	909493	0	
28311552	28311552	9130748	9130756	18874368	133804	18127700	18874368	116784	0	0	251213	0	
28311552	28311552	9130740	9130764	18874368	1271520	16989984	18874368	985592	0	0	882202	0	
28311552	28311552	9130752	9130752	18874368	77980	18183524	18874368	60644	0	0	144752	0	
28311552	28311552	9130740	9130764	18874368	1124652	17136852	18874368	885152	0	0	967114	0	
28311552	28311552	9130740	9130764	18874368	1562820	16698684	18874368	1328032	0	0	1176636	0	
28311552	28311552	9130740	9130764	18874368	610072	17651432	18874368	471152	0	0	635143	0	
28311552	28311552	9130740	9130764	18874368	1213648	17047856	18874368	1017772	0	0	1171186	0	
28311552	28311552	9130748	9130756	18874368	151264	18110240	18874368	119392	0	0	229793	0	
28311552	28311552	9130740	9130764	18874368	1279980	16981524	18874368	1040092	0	0	1069955	0	
28311552	28311552	9130696	9130808	18874368	126884	18134620	18874368	110228	0	0	236392	0	
28311552	28311552	9130740	9130764	18874368	1211316	17050188	18874368	968592	0	0	1010349	0	
28311552	28311552	9130732	9130772	18874368	77820	18183684	18874368	62868	0	0	141806	0	
28311552	28311552	9130740	9130764	18874368	1084804	17176700	18874368	891752	0	0	825359	0	
28311552	28311552	9130740	9130764	18874368	1618248	16643256	18874368	1351192	0	0	1122756	0	
28311552	28311552	9130740	9130764	18874368	604872	17656632	18874368	468052	0	0	638742	0	
28311552	28311552	9130740	9130764	18874368	1272560	16988944	18874368	1019432	0	0	1040980	0	
28311552	28311552	9130740	9130764	18874368	101804	18159700	18874368	79612	0	0	172859	0	
28311552	28311552	9130740	9130764	18874368	1188828	17072676	18874368	1042452	0	0	1103461	0	
28311552	28311552	9130740	9130764	18874368	137224	18124280	18874368	120820	0	0	325958	0	
28311552	28311552	9130720	9130784	18874368	1227080	17034424	18874368	991352	0	0	965154	0	
28311552	28311552	9130696	9130808	18874368	78160	18183344	18874368	70812	0	0	165190	0	
28311552	28311552	9130740	9130764	18874368	1103404	17158100	18874368	906732	0	0	864526	0	
28311552	28311552	9130740	9130764	18874368	1593408	16668096	18874368	1360252	0	0	1269196	0	
28311552	28311552	9130740	9130764	18874368	612048	17649456	18874368	502172	0	0	582303	0	
28311552	28311552	9130740	9130764	18874368	1291200	16970304	18874368	1065248	0	0	943269	0	
28311552	28311552	9130724	9130780	18874368	137504	18124000	18874368	106312	0	0	229185	0	
28311552	28311552	9130740	9130764	18874368	1219220	17042284	18874368	1043752	360	0	1022880	0	
28311552	28311552	9130748	9130756	18874368	133804	18127700	18874368	117176	0	0	312689	0	
28311552	28311552	9130740	9130764	18874368	1169120	17092384	18874368	985592	0	0	1057172	0	
28311552	28311552	9130744	9130760	18874368	79088	18182416	18874368	75576	0	0	195236	0	
28311552	28311552	9130740	9130764	18874368	1148440	17113064	18874368	911112	0	0	915342	0	
28311552	28311552	9130740	9130764	18874368	1624636	16636868	18874368	1355552	0	0	984096	0	
28311552	28311552	9130740	9130764	18874368	586240	17675264	18874368	482672	0	0	631879	0	
28311552	28311552	9130740	9130764	18874368	1351936	16909568	18874368	1049356	0	0	920153	0	
28311552	28311552	9130744	9130760	18874368	101444	18160060	18874368	69776	324	0	178418	0	
28311552	28311552	9130740	9130764	18874368	1303328	16958176	18874368	1039052	0	0	1119994	0	
28311552	28311552	9130740	9130764	18874368	116764	18144740	18874368	99004	0	0	217855	0	
28311552	28311552	9130740	9130764	18874368	1118572	17142932	18874368	950392	0	0	1028770	0	
28311552	28311552	9130744	9130760	18874368	78000	18183504	18874368	67012	0	0	152631	0	
28311552	28311552	9130740	9130764	18874368	1097496	17164008	18874368	900792	0	0	813404	0	
28311552	28311552	9130740	9130764	18874368	1639456	16622048	18874368	1357952	0	0	1072868	0	
28311552	28311552	9130740	9130764	18874368	616468	17645036	18874368	465912	0	0	609657	0	
28311552	28311552	9130740	9130764	18874368	1191948	17069556	18874368	1006572	0	0	1033784	0	
28311552	28311552	9130740	9130764	18874368	146144	18115360	18874368	124252	0	0	242586	0	
28311552	28311552	9130720	9130784	18874368	1241876	17019628	18874368	1049352	0	0	937187	0	
28311552	28311552	9130712	9130792	18874368	133264	18128240	18874368	116736	0	0	254751	0	
28311552	28311552	9130740	9130764	18874368	1160820	17100684	18874368	983252	0	0	976584	0	
28311552	28311552	9130724	9130780	18874368	78196	18183308	18874368	75252	0	0	163108	0	
28311552	28311552	9130740	9130764	18874368	1110984	17150520	18874368	894492	0	0	856384	0	
28311552	28311552	9130740	9130764	18874368	1620516	16640988	18874368	1346952	0	0	995916	0	
28311552	28311552	9130740	9130764	18874368	618940	17642564	18874368	503572	0	0	748331	0	
28311552	28311552	9130740	9130764	18874368	1302468	16959036	18874368	1060252	0	0	946187	0	
28311552	28311552	9130748	9130756	18874368	116884	18144620	18874368	94712	0	0	197471	0	
28311552	28311552	9130740	9130764	18874368	1221576	17039928	18874368	1039412	0	0	1045935	0	
28311552	28311552	9130748	9130756	18874368	134084	18127420	18874368	117056	0	0	253714	0	
28311552	28311552	9130740	9130764	18874368	1216696	17044808	18874368	987052	0	0	903146	0	
28311552	28311552	9130744	9130760	18874368	78412	18183092	18874368	69260	0	0	153568	0	
28311552	28311552	9130740	9130764	18874368	1080344	17181160	18874368	906392	0	0	862392	0	
28311552	28311552	9130740	9130764	18874368	1643736	16617768	18874368	1365512	0	0	1106285	0	
28311552	28311552	9130740	9130764	18874368	660856	17600648	18874368	485772	0	0	646479	0	
28311552	28311552	9130740	9130764	18874368	1187808	17073696	18874368	993932	0	0	1139057	0	
28311552	28311552	9130736	9130768	18874368	138584	18122920	18874368	116332	0	0	237053	0	
28311552	28311552	9130720	9130784	18874368	1312860	16948644	18874368	1045932	0	0	1109635	0	
28311552	28311552	9130740	9130764	18874368	122524	18138980	18874368	105668	0	0	228128	0	
28311552	28311552	9130740	9130764	18874368	1156880	17104624	18874368	953772	0	0	945986	0	
28311552	28311552	9130736	9130768	18874368	77244	18184260	18874368	66752	0	0	147533	0	
28311552	28311552	9130740	9130764	18874368	1081564	17179940	18874368	901052	0	0	836350	0	
28311552	28311552	9130740	9130764	18874368	1601288	16660216	18874368	1359352	0	0	1097240	0	
28311552	28311552	9130740	9130764	18874368	662936	17598568	18874368	500692	0	0	616379	0	
28311552	28311552	9130740	9130764	18874368	1222476	17039028	18874368	1016952	0	0	924418	0	
28311552	28311552	9130740	9130764	18874368	134044	18127460	18874368	111972	0	0	236806	0	
28311552	28311552	9130740	9130764	18874368	1307248	16954256	18874368	1044992	0	0	1033321	0	
28311552	28311552	9130736	9130768	18874368	123344	18138160	18874368	104400	0	0	223896	0	
28311552	28311552	9130740	9130764	18874368	1117772	17143732	18874368	956892	0	0	775329	0	
28311552	28311552	9130736	9130768	18874368	78040	18183464	18874368	72900	0	0	161806	0	
28311552	28311552	9130740	9130764	18874368	1132692	17128812	18874368	913412	0	0	867349	0	
28311552	28311552	9130740	9130764	18874368	1600208	16661296	18874368	1357172	0	0	1065098	0	
28311552	28311552	9130720	9130784	18874368	619488	17642016	18874368	496752	0	0	644583	0	
28311552	28311552	9130740	9130764	18874368	1301080	16960424	18874368	1044172	0	0	855543	0	
28311552	28311552	9130744	9130760	18874368	104564	18156940	18874368	81972	0	0	208898	0	
28311552	28311552	9130740	9130764	18874368	1294380	16967124	18874368	1042692	0	0	1096452	0	
28311552	28311552	9130744	9130760	18874368	122824	18138680	18874368	104204	0	0	223132	0	
28311552	28311552	9130740	9130764	18874368	1145900	17115604	18874368	956712	0	0	904517	0	
28311552	28311552	9130736	9130768	18874368	78532	18182972	18874368	69736	0	0	155577	0	
28311552	28311552	9130740	9130764	18874368	1128432	17133072	18874368	900172	0	0	964923	0	
28311552	28311552	9130740	9130764	18874368	1629496	16632008	18874368	1353392	0	0	1022596	0	
28311552	28311552	9130740	9130764	18874368	577940	17683564	18874368	462472	0	0	618692	0	
28311552	28311552	9130740	9130764	18874368	1282260	16979244	18874368	1034572	0	0	1032236	0	
28311552	28311552	9130740	9130764	18874368	109084	18152420	18874368	86372	0	0	178240	0	
28311552	28311552	9130740	9130764	18874368	1291720	16969784	18874368	1043672	0	0	1030198	0	
28311552	28311552	9130736	9130768	18874368	124264	18137240	18874368	104992	0	0	225575	0	
28311552	28311552	9130740	9130764	18874368	1166180	17095324	18874368	958192	0	0	1003498	0	
28311552	28311552	9130740	9130764	18874368	78020	18183484	18874368	67144	0	0	154931	0	
28311552	28311552	9130740	9130764	18874368	1098404	17163100	18874368	901052	0	0	929018	0	
28311552	28311552	9130720	9130784	18874368	1634020	16627484	18874368	1357652	0	0	1079383	0	
28311552	28311552	9130740	9130764	18874368	550244	17711260	18874368	468972	0	0	535957	0	
28311552	28311552	9130740	9130764	18874368	1324888	16936616	18874368	1063632	0	0	933200	0	
28311552	28311552	9130744	9130760	18874368	104564	18156940	18874368	81972	0	0	175117	0	
28311552	28311552	9130740	9130764	18874368	1231956	17029548	18874368	1042692	0	0	1223546	0	
28311552	28311552	9130732	9130772	18874368	132024	18129480	18874368	115368	0	0	248872	0	
28311552	28311552	9130740	9130764	18874368	1214492	17047012	18874368	981332	0	0	981670	0	
28311552	28311552	9130728	9130776	18874368	77920	18183584	18874368	67204	0	0	157060	0	
28311552	28311552	9130740	9130764	18874368	1113092	17148412	18874368	899752	0	0	875555	0	
28311552	28311552	9130740	9130764	18874368	1640188	16621316	18874368	1353772	0	0	1069750	0	
28311552	28311552	9130740	9130764	18874368	581452	17680052	18874368	454652	0	0	618420	0	
28311552	28311552	9130740	9130764	18874368	1307828	16953676	18874368	1024352	0	0	977039	0	
28311552	28311552	9130740	9130764	18874368	104444	18157060	18874368	78212	0	0	177130	0	
28311552	28311552	9130740	9130764	18874368	1220356	17041148	18874368	1037172	0	0	1065108	0	
28311552	28311552	9130732	9130772	18874368	129484	18132020	18874368	111760	0	0	289981	0	
28311552	28311552	9130720	9130784	18874368	1158460	17103044	18874368	975652	0	0	882613	0	
28311552	28311552	9130724	9130780	18874368	78492	18183012	18874368	72544	0	0	160373	0	
28311552	28311552	9130740	9130764	18874368	1106224	17155280	18874368	910132	0	0	911990	0	
28311552	28311552	9130740	9130764	18874368	1631796	16629708	18874368	1364552	0	0	1146665	0	
28311552	28311552	9130740	9130764	18874368	580980	17680524	18874368	493032	0	0	581099	0	
28311552	28311552	9130740	9130764	18874368	1302508	16958996	18874368	1065012	0	0	890251	0	
28311552	28311552	9130744	9130760	18874368	123764	18137740	18874368	98972	0	0	210265	0	
28311552	28311552	9130740	9130764	18874368	1280640	16980864	18874368	1038452	0	0	1145945	0	
28311552	28311552	9130752	9130752	18874368	126504	18135000	18874368	108844	0	0	261726	0	
28311552	28311552	9130740	9130764	18874368	1178680	17082824	18874368	967452	0	0	977056	0	
28311552	28311552	9130740	9130764	18874368	77720	18183784	18874368	66840	0	0	149519	0	
28311552	28311552	9130740	9130764	18874368	1102964	17158540	18874368	901492	0	0	988284	0	
28311552	28311552	9130740	9130764	18874368	1625376	16636128	18874368	1356332	0	0	1150393	0	
28311552	28311552	9130740	9130764	18874368	605900	17655604	18874368	472652	0	0	582713	0	
28311552	28311552	9130740	9130764	18874368	1207408	17054096	18874368	1023092	0	0	1110658	0	
28311552	28311552	9130724	9130780	18874368	156024	18105480	18874368	127112	0	0	350718	0	
28311552	28311552	9130740	9130764	18874368	1291620	16969884	18874368	1045812	0	0	970498	0	
28311552	28311552	9130732	9130772	18874368	126424	18135080	18874368	109848	0	0	282814	0	
28311552	28311552	9130740	9130764	18874368	1212636	17048868	18874368	966332	0	0	1223432	0	
28311552	28311552	9130724	9130780	18874368	77404	18184100	18874368	61880	0	0	150189	0	
28311552	28311552	9130740	9130764	18874368	1125104	17136400	18874368	888832	0	0	862597	0	
28311552	28311552	9130720	9130784	18874368	1596188	16665316	18874368	1333652	0	0	1140156	0	
28311552	28311552	9130740	9130764	18874368	560044	17701460	18874368	450872	0	0	611767	0	
28311552	28311552	9130740	9130764	18874368	1294280	16967224	18874368	1037272	0	0	1054237	0	
28311552	28311552	9130752	9130752	18874368	102204	18159300	18874368	79832	0	0	203947	0	
28311552	28311552	9130740	9130764	18874368	1228296	17033208	18874368	1042272	0	0	1071684	0	
28311552	28311552	9130744	9130760	18874368	132444	18129060	18874368	116440	0	0	250667	0	
28311552	28311552	9130740	9130764	18874368	1153420	17108084	18874368	982112	0	0	1033763	0	
28311552	28311552	9130704	9130800	18874368	78512	18182992	18874368	75752	0	0	188669	0	
28311552	28311552	9130740	9130764	18874368	1096064	17165440	18874368	895232	0	0	736563	0	
28311552	28311552	9130724	9130780	18874368	76928	18184576	18874368	51020	0	0	139624	0	
28311552	28311552	9130740	9130764	18874368	1054116	17207388	18874368	872852	0	0	857311	0	
28311552	28311552	9130740	9130764	18874368	1609688	16651816	18874368	1331372	0	0	1018752	0	
28311552	28311552	9130740	9130764	18874368	567804	17693700	18874368	437592	0	0	619130	0	
28311552	28311552	9130740	9130764	18874368	1224556	17036948	18874368	1017472	0	0	1040751	0	
28311552	28311552	9130752	9130752	18874368	133084	18128420	18874368	111092	0	0	227750	0	
28311552	28311552	9130740	9130764	18874368	1338636	16922868	18874368	1044992	0	0	1079393	0	
28311552	28311552	9130744	9130760	18874368	119264	18142240	18874368	102028	0	0	228778	0	
28311552	28311552	9130740	9130764	18874368	1185908	17075596	18874368	957752	0	0	1134757	0	
28311552	28311552	9130728	9130776	18874368	79208	18182296	18874368	60916	0	0	148550	0	
28311552	28311552	9130740	9130764	18874368	1130852	17130652	18874368	879352	0	0	842295	0	
28311552	28311552	9130740	9130764	18874368	1631048	16630456	18874368	1335692	0	0	1143025	0	
28311552	28311552	9130740	9130764	18874368	468752	17792752	18874368	405812	0	0	643111	0	
28311552	28311552	9130740	9130764	18874368	1271800	16989704	18874368	1064292	0	0	845927	0	
28311552	28311552	9130716	9130788	18874368	148324	18113180	18874368	119412	0	0	341652	0	
28311552	28311552	9130740	9130764	18874368	1282180	16979324	18874368	1042512	0	0	1071205	0	
28311552	28311552	9130692	9130812	18874368	126964	18134540	18874368	110236	0	0	243698	0	
28311552	28311552	9130740	9130764	18874368	1156620	17104884	18874368	969292	0	0	1057521	0	
28311552	28311552	9130720	9130784	18874368	78196	18183308	18874368	70512	0	0	196091	0	
28311552	28311552	9130740	9130764	18874368	1097864	17163640	18874368	905052	0	0	770564	0	
28311552	28311552	9130740	9130764	18874368	1657764	16603740	18874368	1362112	0	0	1035893	0	
28311552	28311552	9130740	9130764	18874368	558264	17703240	18874368	470712	0	0	665315	0	
28311552	28311552	9130740	9130764	18874368	1241536	17019968	18874368	1058152	0	0	1065510	0	
28311552	28311552	9130736	9130768	18874368	150764	18110740	18874368	127232	0	0	343321	0	
28311552	28311552	9130740	9130764	18874368	1211416	17050088	18874368	1056052	0	0	1039813	0	
28311552	28311552	9130732	9130772	18874368	138244	18123260	18874368	122348	0	0	264061	0	
28311552	28311552	9130740	9130764	18874368	1225628	17035876	18874368	993172	0	0	928556	0	
28311552	28311552	9130752	9130752	18874368	78252	18183252	18874368	71888	0	0	162988	0	
28311552	28311552	9130740	9130764	18874368	1154060	17107444	18874368	908452	0	0	879871	0	
28311552	28311552	9130740	9130764	18874368	1641536	16619968	18874368	1350232	0	0	1069549	0	
28311552	28311552	9130740	9130764	18874368	546404	17715100	18874368	447932	0	0	582036	0	
28311552	28311552	9130740	9130764	18874368	1295140	16966364	18874368	1044452	0	0	950903	0	
28311552	28311552	9130744	9130760	18874368	108604	18152900	18874368	86312	0	0	182767	0	
28311552	28311552	9130740	9130764	18874368	1272100	16989404	18874368	1044032	0	0	989995	0	
28311552	28311552	9130708	9130796	18874368	127224	18134280	18874368	111048	0	0	238716	0	
28311552	28311552	9130740	9130764	18874368	1178600	17082904	18874368	970072	0	0	905939	0	
28311552	28311552	9130748	9130756	18874368	77624	18183880	18874368	67280	0	0	150641	0	
28311552	28311552	9130720	9130784	18874368	1131992	17129512	18874368	901752	0	0	808880	0	
28311552	28311552	9130740	9130764	18874368	1603388	16658116	18874368	1349452	0	0	1046567	0	
28311552	28311552	9130740	9130764	18874368	607728	17653776	18874368	471072	0	0	647319	0	
28311552	28311552	9130740	9130764	18874368	1280900	16980604	18874368	1019692	0	0	1127527	0	
28311552	28311552	9130736	9130768	18874368	101424	18160080	18874368	73552	0	0	172877	0	
28311552	28311552	9130740	9130764	18874368	1286740	16974764	18874368	1038652	0	0	1079261	0	
28311552	28311552	9130748	9130756	18874368	122824	18138680	18874368	105056	0	0	271224	0	
28311552	28311552	9130740	9130764	18874368	1161972	17099532	18874368	956232	0	0	1042838	0	
28311552	28311552	9130744	9130760	18874368	77920	18183584	18874368	67152	0	0	150062	0	
28311552	28311552	9130740	9130764	18874368	1124684	17136820	18874368	901652	0	0	776864	0	
28311552	28311552	9130740	9130764	18874368	1575460	16686044	18874368	1346892	0	0	1052596	0	
28311552	28311552	9130720	9130784	18874368	600100	17661404	18874368	492832	0	0	612647	0	
28311552	28311552	9130740	9130764	18874368	1289960	16971544	18874368	1050312	0	0	947969	0	
28311552	28311552	9130744	9130760	18874368	120324	18141180	18874368	94272	0	0	203833	0	
28311552	28311552	9130740	9130764	18874368	1290500	16971004	18874368	1044032	0	0	1049379	0	
28311552	28311552	9130700	9130804	18874368	125044	18136460	18874368	106612	0	0	262210	0	
28311552	28311552	9130740	9130764	18874368	1183388	17078116	18874368	958992	0	0	814773	0	
28311552	28311552	9130692	9130812	18874368	76848	18184656	18874368	63640	0	0	137901	0	
28311552	28311552	9130740	9130764	18874368	1121804	17139700	18874368	897372	0	0	887588	0	
28311552	28311552	9130740	9130764	18874368	1587140	16674364	18874368	1344052	0	0	1217382	0	
28311552	28311552	9130740	9130764	18874368	577800	17683704	18874368	475872	0	0	656992	0	
28311552	28311552	9130740	9130764	18874368	1274380	16987124	18874368	1047792	0	0	872865	0	
28311552	28311552	9130744	9130760	18874368	135564	18125940	18874368	103772	0	0	252907	0	
28311552	28311552	9130740	9130764	18874368	1219396	17042108	18874368	1042692	0	0	992803	0	
28311552	28311552	9130740	9130764	18874368	133544	18127960	18874368	117324	0	0	288937	0	
28311552	28311552	9130740	9130764	18874368	1181368	17080136	18874368	984572	0	0	969883	0	
28311552	28311552	9130748	9130756	18874368	78232	18183272	18874368	73112	0	0	162453	0	
28311552	28311552	9130740	9130764	18874368	1131052	17130452	18874368	913412	0	0	799631	0	
28311552	28311552	9130740	9130764	18874368	1638156	16623348	18874368	1358332	0	0	1055682	0	
28311552	28311552	9130720	9130784	18874368	595700	17665804	18874368	475972	0	0	581594	0	
28311552	28311552	9130740	9130764	18874368	1306840	16954664	18874368	1034492	0	0	1052586	0	
28311552	28311552	9130748	9130756	18874368	75116	18186388	18874368	68672	0	0	151763	0	
28311552	28311552	9130720	9130784	18874368	1305108	16956396	18874368	1042552	0	0	1107640	0	
28311552	28311552	9130744	9130760	18874368	122824	18138680	18874368	104204	0	0	223211	0	
28311552	28311552	9130740	9130764	18874368	1167420	17094084	18874368	956712	0	0	978637	0	
28311552	28311552	9130740	9130764	18874368	78372	18183132	18874368	67044	0	0	151100	0	
28311552	28311552	9130740	9130764	18874368	1094324	17167180	18874368	899472	0	0	883213	0	
28311552	28311552	9130720	9130784	18874368	1623700	16637804	18874368	1357452	0	0	1103251	0	
28311552	28311552	9130720	9130784	18874368	585412	17676092	18874368	476332	0	0	683635	0	
28311552	28311552	9130720	9130784	18874368	1189200	17072304	18874368	1043492	0	0	920974	0	
28311552	28311552	9130740	9130764	18874368	153664	18107840	18874368	131712	0	0	262806	0	
28311552	28311552	9130740	9130764	18874368	1317308	16944196	18874368	1065732	0	0	1051996	0	
28311552	28311552	9130736	9130768	18874368	129084	18132420	18874368	111524	0	0	294689	0	
28311552	28311552	9130740	9130764	18874368	1166300	17095204	18874368	974032	0	0	1104687	0	
28311552	28311552	9130740	9130764	18874368	78572	18182932	18874368	71376	0	0	414033	0	
28311552	28311552	9130720	9130784	18874368	1125412	17136092	18874368	906212	0	0	973585	0	
28311552	28311552	9130740	9130764	18874368	1619388	16642116	18874368	1358752	0	0	1069403	0	
28311552	28311552	9130720	9130784	18874368	620188	17641316	18874368	481072	0	0	665466	0	
28311552	28311552	9130740	9130764	18874368	1220896	17040608	18874368	1021012	0	0	1122372	0	
28311552	28311552	9130736	9130768	18874368	139824	18121680	18874368	116852	0	0	237146	0	
28311552	28311552	9130740	9130764	18874368	1214976	17046528	18874368	1045832	0	0	1137245	0	
28311552	28311552	9130720	9130784	18874368	135844	18125660	18874368	119436	0	0	298684	0	
28311552	28311552	9130740	9130764	18874368	1167520	17093984	18874368	986392	0	0	939689	0	
28311552	28311552	9130748	9130756	18874368	79588	18181916	18874368	78112	0	0	178678	0	
28311552	28311552	9130740	9130764	18874368	1117352	17144152	18874368	888512	0	0	966479	0	
28311552	28311552	9130740	9130764	18874368	75524	18185980	18874368	45612	0	0	138597	0	
28311552	28311552	9130720	9130784	18874368	1129252	17132252	18874368	875852	0	0	949479	0	
28311552	28311552	9130740	9130764	18874368	1630556	16630948	18874368	1320692	0	0	1145794	0	
28311552	28311552	9130740	9130764	18874368	433872	17827632	18874368	352952	0	0	564118	0	
28311552	28311552	9130740	9130764	18874368	1223436	17038068	18874368	1039912	0	0	930712	0	
28311552	28311552	9130740	9130764	18874368	150964	18110540	18874368	129112	0	0	255830	0	
28311552	28311552	9130740	9130764	18874368	1312988	16948516	18874368	1052612	0	0	957729	0	
28311552	28311552	9130708	9130796	18874368	125084	18136420	18874368	106952	0	0	234024	0	
28311552	28311552	9130740	9130764	18874368	1166000	17095504	18874368	959492	0	0	1067443	0	
28311552	28311552	9130744	9130760	18874368	77584	18183920	18874368	66792	0	0	147728	0	
28311552	28311552	9130740	9130764	18874368	1049996	17211508	18874368	902492	0	0	935279	0	
28311552	28311552	9130740	9130764	18874368	1659056	16602448	18874368	1346332	0	0	921854	0	
28311552	28311552	9130740	9130764	18874368	592280	17669224	18874368	487852	0	0	663422	0	
28311552	28311552	9130740	9130764	18874368	1230536	17030968	18874368	1050512	0	0	915133	0	
28311552	28311552	9130736	9130768	18874368	149504	18112000	18874368	127232	0	0	258687	0	
28311552	28311552	9130740	9130764	18874368	1289140	16972364	18874368	1057352	0	0	1151838	0	
28311552	28311552	9130732	9130772	18874368	129064	18132440	18874368	111148	0	0	234319	0	
28311552	28311552	9130740	9130764	18874368	1172320	17089184	18874368	973512	0	0	913990	0	
28311552	28311552	9130732	9130772	18874368	77720	18183784	18874368	69852	0	0	181104	0	
28311552	28311552	9130740	9130764	18874368	1070268	17191236	18874368	903832	0	0	1012155	0	
28311552	28311552	9130720	9130784	18874368	1554720	16706784	18874368	1346532	0	0	929235	0	
28311552	28311552	9130740	9130764	18874368	643016	17618488	18874368	516492	0	0	638267	0	
28311552	28311552	9130740	9130764	18874368	1299520	16961984	18874368	1087532	0	0	951635	0	
28311552	28311552	9130740	9130764	18874368	147004	18114500	18874368	125012	0	0	284123	0	
28311552	28311552	9130720	9130784	18874368	1234916	17026588	18874368	1049352	0	0	990948	0	
28311552	28311552	9130744	9130760	18874368	134124	18127380	18874368	116572	0	0	252553	0	
28311552	28311552	9130740	9130764	18874368	1172100	17089404	18874368	987192	0	0	1147920	0	
28311552	28311552	9130728	9130776	18874368	79408	18182096	18874368	75852	0	0	220519	0	
28311552	28311552	9130740	9130764	18874368	1129752	17131752	18874368	910908	196	0	1092467	0	
28311552	28311552	9130740	9130764	18874368	1658504	16603000	18874368	1362992	0	0	1277158	0	
28311552	28311552	9130740	9130764	18874368	581920	17679584	18874368	471072	0	0	652096	0	
28311552	28311552	9130740	9130764	18874368	1324688	16936816	18874368	1040432	0	0	1145165	0	
28311552	28311552	9130752	9130752	18874368	105784	18155720	18874368	73760	0	0	198932	0	
28311552	28311552	9130740	9130764	18874368	1205948	17055556	18874368	1038580	28	0	1170773	0	
28311552	28311552	9130712	9130792	18874368	131464	18130040	18874368	114828	0	0	323864	0	
28311552	28311552	9130740	9130764	18874368	1163460	17098044	18874368	978972	0	0	1080799	0	
28311552	28311552	9130720	9130784	18874368	78372	18183132	18874368	73532	0	0	219247	0	
28311552	28311552	9130720	9130784	18874368	1109744	17151760	18874368	906012	0	0	1118851	0	
28311552	28311552	9130740	9130764	18874368	1658196	16603308	18874368	1359352	0	0	1295018	0	
28311552	28311552	9130740	9130764	18874368	602960	17658544	18874368	479232	0	0	714506	0	
28311552	28311552	9130740	9130764	18874368	1213800	17047704	18874368	1031772	0	0	1051582	0	
28311552	28311552	9130720	9130784	18874368	154164	18107340	18874368	129032	0	0	357584	0	
28311552	28311552	9130740	9130764	18874368	1272460	16989044	18874368	1050272	0	0	1315906	0	
28311552	28311552	9130748	9130756	18874368	129724	18131780	18874368	112236	0	0	274830	0	
28311552	28311552	9130740	9130764	18874368	1207468	17054036	18874368	976812	0	0	1094887	0	
28311552	28311552	9130732	9130772	18874368	77920	18183584	18874368	66120	0	0	209043	0	
28311552	28311552	9130740	9130764	18874368	1102496	17159008	18874368	897676	0	0	1099048	0	
28311552	28311552	9130740	9130764	18874368	1592588	16668916	18874368	1354736	384	0	1180347	0	
28311552	28311552	9130740	9130764	18874368	576292	17685212	18874368	490892	720	0	816473	0	
28311552	28311552	9130740	9130764	18874368	1316908	16944596	18874368	1065112	0	0	1125241	0	
28311552	28311552	9130736	9130768	18874368	114064	18147440	18874368	89192	0	0	223111	0	
28311552	28311552	9130740	9130764	18874368	1276740	16984764	18874368	1043232	0	0	1147219	0	
28311552	28311552	9130716	9130788	18874368	126584	18134920	18874368	109324	0	0	307519	0	
28311552	28311552	9130740	9130764	18874368	1135192	17126312	18874368	967904	0	0	1151564	0	
28311552	28311552	9130696	9130808	18874368	78252	18183252	18874368	72748	0	0	181207	0	
28311552	28311552	9130740	9130764	18874368	1114592	17146912	18874368	911448	196	0	925729	0	
28311552	28311552	9130740	9130764	18874368	1597628	16663876	18874368	1362752	0	0	1320991	0	
28311552	28311552	9130740	9130764	18874368	627328	17634176	18874368	501932	0	0	744893	0	
28311552	28311552	9130740	9130764	18874368	1228956	17032548	18874368	1052052	0	0	1104501	0	
28311552	28311552	9130748	9130756	18874368	156504	18105000	18874368	127632	0	0	372805	0	
28311552	28311552	9130740	9130764	18874368	1304668	16956836	18874368	1055552	0	0	1140260	0	
28311552	28311552	9130736	9130768	18874368	126604	18134900	18874368	108884	0	0	363211	0	
28311552	28311552	9130740	9130764	18874368	1146640	17114864	18874368	967452	0	0	1505083	0	
28311552	28311552	9130728	9130776	18874368	77940	18183564	18874368	71204	0	0	196270	0	
28311552	28311552	9130740	9130764	18874368	1124972	17136532	18874368	908752	0	0	1131744	0	
28311552	28311552	9130740	9130764	18874368	1644196	16617308	18874368	1353812	0	0	1153694	0	
28311552	28311552	9130740	9130764	18874368	607500	17654004	18874368	466192	0	0	618343	0	
28311552	28311552	9130740	9130764	18874368	1277280	16984224	18874368	1014552	0	0	1102634	0	
28311552	28311552	9130736	9130768	18874368	73056	18188448	18874368	71632	0	0	168606	0	
28311552	28311552	9130720	9130784	18874368	1314828	16946676	18874368	1047092	0	0	1145922	0	
28311552	28311552	9130744	9130760	18874368	122604	18138900	18874368	106020	0	0	237728	0	
28311552	28311552	9130740	9130764	18874368	1186028	17075476	18874368	954232	0	0	920277	0	
28311552	28311552	9130740	9130764	18874368	77920	18183584	18874368	63604	0	0	143180	0	
28311552	28311552	9130720	9130784	18874368	1118032	17143472	18874368	891932	0	0	1007875	0	
28311552	28311552	9130720	9130784	18874368	1609868	16651636	18874368	1342732	0	0	1061230	0	
28311552	28311552	9130740	9130764	18874368	562352	17699152	18874368	453272	0	0	683052	0	
28311552	28311552	9130740	9130764	18874368	1283840	16977664	18874368	1037792	0	0	1273140	0	
28311552	28311552	9130740	9130764	18874368	109484	18152020	18874368	87372	0	0	202466	0	
28311552	28311552	9130740	9130764	18874368	1232576	17028928	18874368	1044492	0	0	1115080	0	
28311552	28311552	9130736	9130768	18874368	132384	18129120	18874368	115904	0	0	332220	0	
28311552	28311552	9130740	9130764	18874368	1196748	17064756	18874368	982932	0	0	983823	0	
28311552	28311552	9130732	9130772	18874368	77920	18183584	18874368	70024	0	0	164305	0	
28311552	28311552	9130740	9130764	18874368	1091824	17169680	18874368	903372	0	0	841105	0	
28311552	28311552	9130740	9130764	18874368	1573520	16687984	18874368	1362932	0	0	1073855	0	
28311552	28311552	9130740	9130764	18874368	629868	17631636	18874368	513632	0	0	744772	0	
28311552	28311552	9130740	9130764	18874368	1320608	16940896	18874368	1069972	0	0	975314	0	
28311552	28311552	9130744	9130760	18874368	113144	18148360	18874368	91092	0	0	198138	0	
28311552	28311552	9130740	9130764	18874368	1240996	17020508	18874368	1038092	0	0	1323241	0	
28311552	28311552	9130744	9130760	18874368	131604	18129900	18874368	114816	0	0	261297	0	
28311552	28311552	9130740	9130764	18874368	1181060	17080444	18874368	979392	0	0	1003913	0	
28311552	28311552	9130720	9130784	18874368	77860	18183644	18874368	71052	0	0	161629	0	
28311552	28311552	9130720	9130784	18874368	1127432	17134072	18874368	908672	0	0	707225	0	
28311552	28311552	9130740	9130764	18874368	1587888	16673616	18874368	1351872	0	0	1027845	0	
28311552	28311552	9130720	9130784	18874368	554472	17707032	18874368	499192	0	0	616125	0	
28311552	28311552	9130740	9130764	18874368	1305508	16955996	18874368	1089672	0	0	925137	0	
28311552	28311552	9130748	9130756	18874368	153004	18108500	18874368	126012	0	0	263646	0	
28311552	28311552	9130740	9130764	18874368	1281380	16980124	18874368	1046692	0	0	1187258	0	
28311552	28311552	9130728	9130776	18874368	127884	18133620	18874368	110408	0	0	240154	0	
28311552	28311552	9130740	9130764	18874368	1169180	17092324	18874368	972752	0	0	899517	0	
28311552	28311552	9130748	9130756	18874368	78292	18183212	18874368	69600	0	0	184491	0	
28311552	28311552	9130720	9130784	18874368	1093544	17167960	18874368	900792	0	0	823820	0	
28311552	28311552	9130720	9130784	18874368	1628848	16632656	18874368	1360592	0	0	1178879	0	
28311552	28311552	9130740	9130764	18874368	607748	17653756	18874368	489692	0	0	693087	0	
28311552	28311552	9130740	9130764	18874368	1219556	17041948	18874368	1040552	0	0	1063081	0	
28311552	28311552	9130744	9130760	18874368	151084	18110420	18874368	129212	0	0	301189	0	
28311552	28311552	9130740	9130764	18874368	1279880	16981624	18874368	1055412	0	0	1182334	0	
28311552	28311552	9130736	9130768	18874368	129764	18131740	18874368	112104	0	0	261390	0	
28311552	28311552	9130740	9130764	18874368	1176672	17084832	18874368	976992	0	0	1058726	0	
28311552	28311552	9130748	9130756	18874368	77800	18183704	18874368	70024	0	0	156378	0	
28311552	28311552	9130740	9130764	18874368	1102444	17159060	18874368	904800	168	0	744169	0	
28311552	28311552	9130740	9130764	18874368	1636088	16625416	18874368	1361352	0	0	1123625	0	
28311552	28311552	9130740	9130764	18874368	598780	17662724	18874368	482232	0	0	627158	0	
28311552	28311552	9130740	9130764	18874368	1275880	16985624	18874368	1039172	0	0	899969	0	
28311552	28311552	9130744	9130760	18874368	120584	18140920	18874368	94352	0	0	210029	0	
28311552	28311552	9130740	9130764	18874368	1280520	16980984	18874368	1044032	0	0	1314983	0	
28311552	28311552	9130700	9130804	18874368	126264	18135240	18874368	108912	0	0	258916	0	
28311552	28311552	9130740	9130764	18874368	1189008	17072496	18874368	965392	0	0	980972	0	
28311552	28311552	9130736	9130768	18874368	77068	18184436	18874368	64260	0	0	140507	0	
28311552	28311552	9130740	9130764	18874368	1093344	17168160	18874368	894812	0	0	881639	0	
28311552	28311552	9130740	9130764	18874368	1584160	16677344	18874368	1354692	0	0	1134187	0	
28311552	28311552	9130740	9130764	18874368	651208	17610296	18874368	497992	0	0	605208	0	
28311552	28311552	9130740	9130764	18874368	1238916	17022588	18874368	1017452	0	0	1084086	0	
28311552	28311552	9130736	9130768	18874368	123424	18138080	18874368	101292	0	0	211307	0	
28311552	28311552	9130740	9130764	18874368	1284080	16977424	18874368	1041752	0	0	1094209	0	
28311552	28311552	9130740	9130764	18874368	126704	18134800	18874368	109128	0	0	238541	0	
28311552	28311552	9130720	9130784	18874368	1130632	17130872	18874368	967592	0	0	1012714	0	
28311552	28311552	9130724	9130780	18874368	77940	18183564	18874368	73124	0	0	165241	0	
28311552	28311552	9130720	9130784	18874368	1081184	17180320	18874368	906012	0	0	871126	0	
28311552	28311552	9130708	9130796	18874368	77028	18184476	18874368	49964	0	0	139359	0	
28311552	28311552	9130740	9130764	18874368	1134976	17126528	18874368	879552	0	0	921676	0	
28311552	28311552	9130740	9130764	18874368	1605188	16656316	18874368	1322072	0	0	1297592	0	
28311552	28311552	9130740	9130764	18874368	508844	17752660	18874368	375332	0	0	612235	0	
28311552	28311552	9130740	9130764	18874368	1186688	17074816	18874368	1002812	0	0	1059744	0	
28311552	28311552	9130740	9130764	18874368	155484	18106020	18874368	123892	0	0	265858	0	
28311552	28311552	9130740	9130764	18874368	1316608	16944896	18874368	1042232	0	0	1055580	0	
28311552	28311552	9130724	9130780	18874368	121464	18140040	18874368	104956	0	0	230334	0	
28311552	28311552	9130740	9130764	18874368	1126412	17135092	18874368	957652	0	0	877378	0	
28311552	28311552	9130740	9130764	18874368	78372	18183132	18874368	70844	0	0	161439	0	
28311552	28311552	9130740	9130764	18874368	1118852	17142652	18874368	905672	0	0	789505	0	
28311552	28311552	9130740	9130764	18874368	1613288	16648216	18874368	1353192	0	0	961991	0	
28311552	28311552	9130740	9130764	18874368	636468	17625036	18874368	488312	0	0	623847	0	
28311552	28311552	9130740	9130764	18874368	1210088	17051416	18874368	1015872	0	0	1172635	0	
28311552	28311552	9130740	9130764	18874368	145084	18116420	18874368	119572	0	0	248524	0	
28311552	28311552	9130740	9130764	18874368	1275860	16985644	18874368	1045352	0	0	996796	0	
28311552	28311552	9130744	9130760	18874368	128464	18133040	18874368	111344	0	0	241208	0	
28311552	28311552	9130740	9130764	18874368	1151280	17110224	18874368	973372	0	0	971721	0	
28311552	28311552	9130728	9130776	18874368	78020	18183484	18874368	72120	0	0	157436	0	
28311552	28311552	9130740	9130764	18874368	1129292	17132212	18874368	910172	0	0	876598	0	
28311552	28311552	9130740	9130764	18874368	1588208	16673296	18874368	1355292	0	0	948710	0	
28311552	28311552	9130720	9130784	18874368	635508	17625996	18874368	501192	0	0	583782	0	
28311552	28311552	9130740	9130764	18874368	1286500	16975004	18874368	1038852	0	0	915743	0	
28311552	28311552	9130736	9130768	18874368	112764	18148740	18874368	86852	0	0	199125	0	
28311552	28311552	9130740	9130764	18874368	1218036	17043468	18874368	1041972	0	0	975495	0	
28311552	28311552	9130736	9130768	18874368	133644	18127860	18874368	117572	0	0	272168	0	
28311552	28311552	9130740	9130764	18874368	1194088	17067416	18874368	984772	0	0	1158706	0	
28311552	28311552	9130748	9130756	18874368	78392	18183112	18874368	71812	0	0	163705	0	
28311552	28311552	9130740	9130764	18874368	1130592	17130912	18874368	906712	0	0	1057428	0	
28311552	28311552	9130720	9130784	18874368	1625656	16635848	18874368	1358552	0	0	1118914	0	
28311552	28311552	9130740	9130764	18874368	583920	17677584	18874368	476252	0	0	724756	0	
28311552	28311552	9130740	9130764	18874368	1296780	16964724	18874368	1043952	0	0	1135375	0	
28311552	28311552	9130716	9130788	18874368	116324	18145180	18874368	84712	0	0	224356	0	
28311552	28311552	9130740	9130764	18874368	1234676	17026828	18874368	1039212	0	0	1009140	0	
28311552	28311552	9130740	9130764	18874368	130884	18130620	18874368	113372	0	0	269096	0	
28311552	28311552	9130740	9130764	18874368	1230956	17030548	18874368	980392	0	0	998438	0	
28311552	28311552	9130752	9130752	18874368	78292	18183212	18874368	64252	0	0	143409	0	
28311552	28311552	9130740	9130764	18874368	1092124	17169380	18874368	892932	0	0	863812	0	
28311552	28311552	9130740	9130764	18874368	1600468	16661036	18874368	1351652	0	0	1109321	0	
28311552	28311552	9130740	9130764	18874368	591752	17669752	18874368	481132	0	0	615835	0	
28311552	28311552	9130720	9130784	18874368	1271160	16990344	18874368	1043492	0	0	974855	0	
28311552	28311552	9130740	9130764	18874368	123604	18137900	18874368	101512	0	0	208847	0	
28311552	28311552	9130740	9130764	18874368	1276180	16985324	18874368	1041752	0	0	1124959	0	
28311552	28311552	9130752	9130752	18874368	127544	18133960	18874368	109472	0	0	234310	0	
28311552	28311552	9130740	9130764	18874368	1179148	17082356	18874368	971972	0	0	935543	0	
28311552	28311552	9130724	9130780	18874368	77660	18183844	18874368	67620	0	0	156637	0	
28311552	28311552	9130740	9130764	18874368	1090304	17171200	18874368	903052	0	0	883246	0	
28311552	28311552	9130740	9130764	18874368	1635696	16625808	18874368	1358472	0	0	975036	0	
28311552	28311552	9130740	9130764	18874368	643568	17617936	18874368	479872	0	0	606665	0	
28311552	28311552	9130740	9130764	18874368	1188380	17073124	18874368	1000672	0	0	1028146	0	
28311552	28311552	9130740	9130764	18874368	153384	18108120	18874368	121552	0	0	261053	0	
28311552	28311552	9130740	9130764	18874368	1207328	17054176	18874368	1041012	0	0	1123652	0	
28311552	28311552	9130752	9130752	18874368	136104	18125400	18874368	119224	0	0	271327	0	
28311552	28311552	9130740	9130764	18874368	1212436	17049068	18874368	986812	0	0	1128358	0	
28311552	28311552	9130728	9130776	18874368	77524	18183980	18874368	70884	0	0	234506	0	
28311552	28311552	9130740	9130764	18874368	1099844	17161660	18874368	906572	0	0	1093132	0	
28311552	28311552	9130740	9130764	18874368	1574740	16686764	18874368	1365012	0	0	1290543	0	
28311552	28311552	9130740	9130764	18874368	645356	17616148	18874368	507072	0	0	708839	0	
28311552	28311552	9130740	9130764	18874368	1268720	16992784	18874368	1060152	0	0	1141754	0	
28311552	28311552	9130748	9130756	18874368	140204	18121300	18874368	118152	0	0	260997	0	
28311552	28311552	9130740	9130764	18874368	1239956	17021548	18874368	1046912	0	0	1247503	0	
28311552	28311552	9130700	9130804	18874368	133204	18128300	18874368	116392	0	0	320733	0	
28311552	28311552	9130740	9130764	18874368	1155460	17106044	18874368	985332	0	0	1226451	0	
28311552	28311552	9130752	9130752	18874368	78928	18182576	18874368	76500	0	0	243045	0	
28311552	28311552	9130740	9130764	18874368	1086644	17174860	18874368	882752	0	0	1009087	0	
28311552	28311552	9130740	9130764	18874368	77700	18183804	18874368	53612	0	0	232739	0	
28311552	28311552	9130740	9130764	18874368	1068916	17192588	18874368	879012	0	0	999569	0	
28311552	28311552	9130740	9130764	18874368	1598028	16663476	18874368	1328632	0	0	1219664	0	
28311552	28311552	9130740	9130764	18874368	556984	17704520	18874368	443772	0	0	723475	0	
28311552	28311552	9130740	9130764	18874368	1315628	16945876	18874368	1032452	0	0	1199320	0	
28311552	28311552	9130740	9130764	18874368	74860	18186644	18874368	73612	0	0	283924	0	
28311552	28311552	9130740	9130764	18874368	1278560	16982944	18874368	1042692	0	0	1200615	0	
28311552	28311552	9130736	9130768	18874368	126284	18135220	18874368	108764	0	0	276621	0	
28311552	28311552	9130740	9130764	18874368	1188008	17073496	18874368	965452	0	0	1192160	0	
28311552	28311552	9130704	9130800	18874368	77740	18183764	18874368	65012	0	0	172913	0	
28311552	28311552	9130740	9130764	18874368	1113224	17148280	18874368	895012	0	0	1046194	0	
28311552	28311552	9130740	9130764	18874368	1569400	16692104	18874368	1346032	0	0	1253290	0	
28311552	28311552	9130740	9130764	18874368	677544	17583960	18874368	496072	0	0	653629	0	
28311552	28311552	9130740	9130764	18874368	1184208	17077296	18874368	992492	0	0	1320252	0	
28311552	28311552	9130728	9130776	18874368	143044	18118460	18874368	117472	0	0	259360	0	
28311552	28311552	9130740	9130764	18874368	1268440	16993064	18874368	1044192	0	0	1151741	0	
28311552	28311552	9130732	9130772	18874368	129244	18132260	18874368	111256	0	0	264462	0	
28311552	28311552	9130740	9130764	18874368	1152260	17109244	18874368	974312	0	0	988261	0	
28311552	28311552	9130732	9130772	18874368	77880	18183624	18874368	72496	0	0	222421	0	
28311552	28311552	9130720	9130784	18874368	1151440	17110064	18874368	912032	0	0	1072293	0	
28311552	28311552	9130740	9130764	18874368	1628316	16633188	18874368	1353152	0	0	1200257	0	
28311552	28311552	9130720	9130784	18874368	627960	17633544	18874368	466772	0	0	570478	0	
28311552	28311552	9130740	9130764	18874368	1220076	17041428	18874368	999292	0	0	1180733	0	
28311552	28311552	9130740	9130764	18874368	120324	18141180	18874368	98192	0	0	220599	0	
28311552	28311552	9130740	9130764	18874368	1308408	16953096	18874368	1040632	0	0	1041654	0	
28311552	28311552	9130732	9130772	18874368	122264	18139240	18874368	105536	0	0	301717	0	
28311552	28311552	9130740	9130764	18874368	1181328	17080176	18874368	959812	0	0	1221570	0	
28311552	28311552	9130752	9130752	18874368	78352	18183152	18874368	64212	0	0	151349	0	
28311552	28311552	9130740	9130764	18874368	1097404	17164100	18874368	892932	0	0	1014116	0	
28311552	28311552	9130740	9130764	18874368	1624976	16636528	18874368	1348312	0	0	1069886	0	
28311552	28311552	9130740	9130764	18874368	596320	17665184	18874368	458352	0	0	788033	0	
28311552	28311552	9130740	9130764	18874368	1289760	16971744	18874368	1016012	0	0	1187923	0	
28311552	28311552	9130744	9130760	18874368	101664	18159840	18874368	76872	0	0	208575	0	
28311552	28311552	9130740	9130764	18874368	1202708	17058796	18874368	1040252	0	0	1134259	0	
28311552	28311552	9130752	9130752	18874368	133024	18128480	18874368	115580	0	0	284922	0	
28311552	28311552	9130740	9130764	18874368	1182708	17078796	18874368	984312	0	0	980784	0	
28311552	28311552	9130740	9130764	18874368	78848	18182656	18874368	73000	0	0	244858	0	
28311552	28311552	9130740	9130764	18874368	1119972	17141532	18874368	910272	0	0	1035365	0	
28311552	28311552	9130740	9130764	18874368	1573800	16687704	18874368	1359872	0	0	1216807	0	
28311552	28311552	9130740	9130764	18874368	621700	17639804	18874368	507732	0	0	657953	0	
28311552	28311552	9130740	9130764	18874368	1336596	16924908	18874368	1068172	0	0	1124549	0	
28311552	28311552	9130732	9130772	18874368	109944	18151560	18874368	78012	0	0	236174	0	
28311552	28311552	9130740	9130764	18874368	1237976	17023528	18874368	1046272	0	0	1149271	0	
28311552	28311552	9130728	9130776	18874368	130124	18131380	18874368	112872	0	0	318393	0	
28311552	28311552	9130740	9130764	18874368	1194428	17067076	18874368	976852	0	0	1168579	0	
28311552	28311552	9130748	9130756	18874368	77920	18183584	18874368	67992	0	0	215509	0	
28311552	28311552	9130720	9130784	18874368	1065268	17196236	18874368	903112	0	0	1110584	0	
28311552	28311552	9130740	9130764	18874368	1670424	16591080	18874368	1361512	0	0	1298360	0	
28311552	28311552	9130740	9130764	18874368	601820	17659684	18874368	472452	0	0	648231	0	
28311552	28311552	9130740	9130764	18874368	1192620	17068884	18874368	1026212	0	0	1078105	0	
28311552	28311552	9130736	9130768	18874368	155204	18106300	18874368	129632	0	0	300416	0	
28311552	28311552	9130740	9130764	18874368	1281820	16979684	18874368	1057152	0	0	1137300	0	
28311552	28311552	9130728	9130776	18874368	130324	18131180	18874368	112712	0	0	312447	0	
28311552	28311552	9130740	9130764	18874368	1189208	17072296	18874368	977232	0	0	978399	0	
28311552	28311552	9130740	9130764	18874368	78120	18183384	18874368	68828	0	0	221936	0	
28311552	28311552	9130720	9130784	18874368	1125132	17136372	18874368	905532	0	0	877878	0	
28311552	28311552	9130740	9130764	18874368	1594848	16666656	18874368	1352952	0	0	1178732	0	
28311552	28311552	9130740	9130764	18874368	627388	17634116	18874368	488032	0	0	680026	0	
28311552	28311552	9130740	9130764	18874368	1233856	17027648	18874368	1022712	0	0	1333531	0	
28311552	28311552	9130744	9130760	18874368	132184	18129320	18874368	109712	0	0	243524	0	
28311552	28311552	9130740	9130764	18874368	1274260	16987244	18874368	1043152	0	0	1150762	0	
28311552	28311552	9130752	9130752	18874368	128444	18133060	18874368	110824	0	0	272266	0	
28311552	28311552	9130740	9130764	18874368	1181548	17079956	18874368	973112	0	0	894844	0	
28311552	28311552	9130736	9130768	18874368	77840	18183664	18874368	67988	0	0	157094	0	
28311552	28311552	9130740	9130764	18874368	1102764	17158740	18874368	903852	0	0	997046	0	
28311552	28311552	9130740	9130764	18874368	1638556	16622948	18874368	1352752	0	0	1271139	0	
28311552	28311552	9130740	9130764	18874368	592480	17669024	18874368	468752	0	0	725201	0	
28311552	28311552	9130740	9130764	18874368	1233296	17028208	18874368	1030112	0	0	1109643	0	
28311552	28311552	9130736	9130768	18874368	140804	18120700	18874368	116272	0	0	309115	0	
28311552	28311552	9130740	9130764	18874368	1272520	16988984	18874368	1044072	0	0	1194249	0	
28311552	28311552	9130708	9130796	18874368	128764	18132740	18874368	111544	0	0	272797	0	
28311552	28311552	9130720	9130784	18874368	1130472	17131032	18874368	974552	0	0	998089	0	
28311552	28311552	9130752	9130752	18874368	79668	18181836	18874368	76412	0	0	195214	0	
28311552	28311552	9130740	9130764	18874368	1136252	17125252	18874368	912152	0	0	915357	0	
28311552	28311552	9130740	9130764	18874368	1587768	16673736	18874368	1360452	0	0	1175052	0	
28311552	28311552	9130740	9130764	18874368	624768	17636736	18874368	505752	220	0	741285	0	
28311552	28311552	9130740	9130764	18874368	1211896	17049608	18874368	1058272	0	0	1054025	0	
28311552	28311552	9130740	9130764	18874368	154364	18107140	18874368	130012	0	0	407200	0	
28311552	28311552	9130720	9130784	18874368	1271760	16989744	18874368	1063192	0	0	1239777	0	
28311552	28311552	9130744	9130760	18874368	134164	18127340	18874368	116540	0	0	293865	0	
28311552	28311552	9130740	9130764	18874368	1223516	17037988	18874368	987192	0	0	1210555	0	
28311552	28311552	9130692	9130812	18874368	77760	18183744	18874368	67860	0	0	165106	0	
28311552	28311552	9130740	9130764	18874368	1080224	17181280	18874368	903672	0	0	932492	0	
28311552	28311552	9130740	9130764	18874368	1613148	16648356	18874368	1362952	0	0	1119681	0	
28311552	28311552	9130720	9130784	18874368	643916	17617588	18874368	498092	0	0	724095	0	
28311552	28311552	9130740	9130764	18874368	1237396	17024108	18874368	1027432	0	0	959007	0	
28311552	28311552	9130752	9130752	18874368	142404	18119100	18874368	110752	0	0	244747	0	
28311552	28311552	9130740	9130764	18874368	1301848	16959656	18874368	1045052	0	0	1087700	0	
28311552	28311552	9130744	9130760	18874368	122544	18138960	18874368	106088	0	0	268992	0	
28311552	28311552	9130740	9130764	18874368	1185208	17076296	18874368	953432	0	0	864871	0	
28311552	28311552	9130740	9130764	18874368	77920	18183584	18874368	63660	0	0	144924	0	
28311552	28311552	9130740	9130764	18874368	1051916	17209588	18874368	892032	0	0	858638	0	
28311552	28311552	9130740	9130764	18874368	1613748	16647756	18874368	1359512	0	0	1147436	0	
28311552	28311552	9130740	9130764	18874368	641696	17619808	18874368	496832	0	0	654741	0	
28311552	28311552	9130740	9130764	18874368	1285700	16975804	18874368	1024352	0	0	1106880	0	
28311552	28311552	9130744	9130760	18874368	76140	18185364	18874368	73972	0	0	199599	0	
28311552	28311552	9130740	9130764	18874368	1269180	16992324	18874368	1047292	0	0	1037382	0	
28311552	28311552	9130736	9130768	18874368	129664	18131840	18874368	112424	0	0	247809	0	
28311552	28311552	9130740	9130764	18874368	1171412	17090092	18874368	976272	0	0	1203979	0	
28311552	28311552	9130704	9130800	18874368	78788	18182716	18874368	71484	0	0	197525	0	
28311552	28311552	9130740	9130764	18874368	1153612	17107892	18874368	906592	0	0	942537	0	
28311552	28311552	9130740	9130764	18874368	1579060	16682444	18874368	1346832	0	0	1138024	0	
28311552	28311552	9130740	9130764	18874368	585340	17676164	18874368	488772	0	0	772994	0	
28311552	28311552	9130740	9130764	18874368	1218276	17043228	18874368	1056512	0	0	1051610	0	
28311552	28311552	9130720	9130784	18874368	157384	18104120	18874368	124612	0	0	271979	0	
28311552	28311552	9130740	9130764	18874368	1306548	16954956	18874368	1061632	0	0	1166377	0	
28311552	28311552	9130744	9130760	18874368	128564	18132940	18874368	111172	0	0	276430	0	
28311552	28311552	9130740	9130764	18874368	1180268	17081236	18874368	973752	0	0	1009610	0	
28311552	28311552	9130736	9130768	18874368	77800	18183704	18874368	68240	0	0	154334	0	
28311552	28311552	9130740	9130764	18874368	1067276	17194228	18874368	904232	0	0	1013373	0	
28311552	28311552	9130740	9130764	18874368	1562180	16699324	18874368	1362572	0	0	1124704	0	
28311552	28311552	9130740	9130764	18874368	618700	17642804	18874368	517672	0	0	652140	0	
28311552	28311552	9130740	9130764	18874368	1318468	16943036	18874368	1089992	0	0	1031068	0	
28311552	28311552	9130752	9130752	18874368	139864	18121640	18874368	117852	0	0	238773	0	
28311552	28311552	9130720	9130784	18874368	1269460	16992044	18874368	1046872	0	0	1113603	0	
28311552	28311552	9130732	9130772	18874368	129564	18131940	18874368	112220	0	0	248426	0	
28311552	28311552	9130720	9130784	18874368	1160080	17101424	18874368	975692	0	0	1073150	0	
28311552	28311552	9130748	9130756	18874368	78232	18183272	18874368	72192	0	0	204911	0	
28311552	28311552	9130740	9130764	18874368	1093984	17167520	18874368	909612	0	0	902620	0	
28311552	28311552	9130740	9130764	18874368	1618748	16642756	18874368	1361512	0	0	1184893	0	
28311552	28311552	9130740	9130764	18874368	620788	17640716	18874368	503412	0	0	765146	0	
28311552	28311552	9130740	9130764	18874368	1271080	16990424	18874368	1053712	0	0	907038	0	
28311552	28311552	9130740	9130764	18874368	110684	18150820	18874368	110672	0	0	249017	0	
28311552	28311552	9130740	9130764	18874368	1275640	16985864	18874368	1057732	0	0	1184493	0	
28311552	28311552	9130740	9130764	18874368	131044	18130460	18874368	113600	0	0	248497	0	
28311552	28311552	9130740	9130764	18874368	1145980	17115524	18874368	976692	0	0	1175308	0	
28311552	28311552	9130736	9130768	18874368	79008	18182496	18874368	75936	0	0	174547	0	
28311552	28311552	9130740	9130764	18874368	1094524	17166980	18874368	893052	0	0	922506	0	
28311552	28311552	9130708	9130796	18874368	77028	18184476	18874368	49964	0	0	137884	0	
28311552	28311552	9130740	9130764	18874368	1082696	17178808	18874368	878976	0	0	863423	0	
28311552	28311552	9130740	9130764	18874368	1567860	16693644	18874368	1337336	584	0	1163508	0	
28311552	28311552	9130720	9130784	18874368	573112	17688392	18874368	445652	0	0	581891	0	
28311552	28311552	9130740	9130764	18874368	1281080	16980424	18874368	1021732	0	0	1189052	0	
28311552	28311552	9130716	9130788	18874368	76624	18184880	18874368	75812	0	0	190450	0	
28311552	28311552	9130740	9130764	18874368	1349936	16911568	18874368	1048772	0	0	1144371	0	
28311552	28311552	9130700	9130804	18874368	118604	18142900	18874368	100812	0	0	234130	0	
28311552	28311552	9130720	9130784	18874368	1098564	17162940	18874368	954632	0	0	1089545	0	
28311552	28311552	9130752	9130752	18874368	77384	18184120	18874368	70628	0	0	187019	0	
28311552	28311552	9130740	9130764	18874368	1119224	17142280	18874368	906532	0	0	1120192	0	
28311552	28311552	9130740	9130764	18874368	1606968	16654536	18874368	1357952	0	0	1161523	0	
28311552	28311552	9130740	9130764	18874368	610688	17650816	18874368	495752	0	0	686738	0	
28311552	28311552	9130740	9130764	18874368	1315888	16945616	18874368	1047132	0	0	975760	0	
28311552	28311552	9130728	9130776	18874368	76588	18184916	18874368	73452	0	0	222552	0	
28311552	28311552	9130740	9130764	18874368	1287240	16974264	18874368	1046692	0	0	1258277	0	
28311552	28311552	9130700	9130804	18874368	127164	18134340	18874368	110084	0	0	255760	0	
28311552	28311552	9130740	9130764	18874368	1154000	17107504	18874368	969532	0	0	1074563	0	
28311552	28311552	9130728	9130776	18874368	78908	18182596	18874368	71736	0	0	185408	0	
28311552	28311552	9130740	9130764	18874368	1110984	17150520	18874368	905632	0	0	971348	0	
28311552	28311552	9130740	9130764	18874368	1635896	16625608	18874368	1358272	0	0	1066954	0	
28311552	28311552	9130740	9130764	18874368	647036	17614468	18874368	479232	0	0	694805	0	
28311552	28311552	9130740	9130764	18874368	1191868	17069636	18874368	997172	0	0	1147192	0	
28311552	28311552	9130748	9130756	18874368	138804	18122700	18874368	116432	0	0	239475	0	
28311552	28311552	9130740	9130764	18874368	1208948	17052556	18874368	1045952	0	0	1312454	0	
28311552	28311552	9130752	9130752	18874368	136704	18124800	18874368	120312	0	0	291979	0	
28311552	28311552	9130740	9130764	18874368	1182708	17078796	18874368	988692	0	0	1206334	0	
28311552	28311552	9130740	9130764	18874368	79168	18182336	18874368	76624	0	0	177821	0	
28311552	28311552	9130740	9130764	18874368	1095624	17165880	18874368	895732	0	0	1041172	0	
28311552	28311552	9130720	9130784	18874368	77088	18184416	18874368	51228	0	0	210200	0	
28311552	28311552	9130740	9130764	18874368	1049056	17212448	18874368	873772	0	0	1218383	0	
28311552	28311552	9130740	9130764	18874368	1591600	16669904	18874368	1335412	0	0	1279506	0	
28311552	28311552	9130740	9130764	18874368	606600	17654904	18874368	456472	0	0	776849	0	
28311552	28311552	9130740	9130764	18874368	1230856	17030648	18874368	1005712	0	0	1339961	0	
28311552	28311552	9130732	9130772	18874368	122464	18139040	18874368	96872	0	0	250474	0	
28311552	28311552	9130740	9130764	18874368	1227736	17033768	18874368	1037492	0	0	1314481	0	
28311552	28311552	9130688	9130816	18874368	133144	18128360	18874368	115680	0	0	267840	0	
28311552	28311552	9130740	9130764	18874368	1230376	17031128	18874368	984692	0	0	1055261	0	
28311552	28311552	9130736	9130768	18874368	77820	18183684	18874368	66152	0	0	149890	0	
28311552	28311552	9130740	9130764	18874368	1113012	17148492	18874368	898072	0	0	1012497	0	
28311552	28311552	9130740	9130764	18874368	1601508	16659996	18874368	1349372	0	0	1091213	0	
28311552	28311552	9130740	9130764	18874368	590480	17671024	18874368	477532	0	0	637375	0	
28311552	28311552	9130740	9130764	18874368	1211936	17049568	18874368	1041052	0	0	1048673	0	
28311552	28311552	9130748	9130756	18874368	159184	18102320	18874368	129292	0	0	281135	0	
28311552	28311552	9130720	9130784	18874368	1315668	16945836	18874368	1055452	0	0	1096641	0	
28311552	28311552	9130752	9130752	18874368	125344	18136160	18874368	108132	0	0	288800	0	
28311552	28311552	9130740	9130764	18874368	1198148	17063356	18874368	960972	0	0	1125701	0	
28311552	28311552	9130740	9130764	18874368	77980	18183524	18874368	63236	0	0	148217	0	
28311552	28311552	9130740	9130764	18874368	1102224	17159280	18874368	891252	0	0	1047872	0	
28311552	28311552	9130740	9130764	18874368	1632456	16629048	18874368	1346592	0	0	1267549	0	
28311552	28311552	9130740	9130764	18874368	586632	17674872	18874368	444752	0	0	700170	0	
28311552	28311552	9130740	9130764	18874368	1182548	17078956	18874368	1009492	0	0	1192840	0	
28311552	28311552	9130744	9130760	18874368	152204	18109300	18874368	128812	0	0	407428	0	
28311552	28311552	9130740	9130764	18874368	1216596	17044908	18874368	1054032	0	0	1149263	0	
28311552	28311552	9130752	9130752	18874368	137204	18124300	18874368	121220	0	0	275388	0	
28311552	28311552	9130740	9130764	18874368	1230016	17031488	18874368	991092	0	0	959848	0	
28311552	28311552	9130748	9130756	18874368	78080	18183424	18874368	70296	0	0	160393	0	
28311552	28311552	9130740	9130764	18874368	1121652	17139852	18874368	904572	0	0	916307	0	
28311552	28311552	9130740	9130764	18874368	1562140	16699364	18874368	1358032	0	0	1244627	0	
28311552	28311552	9130740	9130764	18874368	643076	17618428	18874368	506852	0	0	561433	0	
28311552	28311552	9130740	9130764	18874368	1274000	16987504	18874368	1047412	0	0	1047547	0	
28311552	28311552	9130736	9130768	18874368	126444	18135060	18874368	103432	0	0	246162	0	
28311552	28311552	9130740	9130764	18874368	1226308	17035196	18874368	1041452	0	0	1177619	0	
28311552	28311552	9130752	9130752	18874368	133824	18127680	18874368	117008	0	0	344317	0	
28311552	28311552	9130740	9130764	18874368	1173720	17087784	18874368	985672	0	0	996231	0	
28311552	28311552	9130732	9130772	18874368	78592	18182912	18874368	74644	0	0	202855	0	
28311552	28311552	9130740	9130764	18874368	1168780	17092724	18874368	910012	0	0	925796	0	
28311552	28311552	9130740	9130764	18874368	1613288	16648216	18874368	1351812	0	0	1030985	0	
28311552	28311552	9130740	9130764	18874368	593540	17667964	18874368	473472	0	0	658981	0	
28311552	28311552	9130740	9130764	18874368	1286360	16975144	18874368	1033472	0	0	1004898	0	
28311552	28311552	9130740	9130764	18874368	83384	18178120	18874368	82412	0	0	200110	0	
28311552	28311552	9130740	9130764	18874368	1270920	16990584	18874368	1050232	0	0	1189984	0	
28311552	28311552	9130700	9130804	18874368	130104	18131400	18874368	112256	0	0	353614	0	
28311552	28311552	9130740	9130764	18874368	1162420	17099084	18874368	977532	0	0	1187375	0	
28311552	28311552	9130744	9130760	18874368	77800	18183704	18874368	71872	0	0	163388	0	
28311552	28311552	9130740	9130764	18874368	1133812	17127692	18874368	910132	0	0	829442	0	
28311552	28311552	9130740	9130764	18874368	1611648	16649856	18874368	1352292	0	0	989046	0	
28311552	28311552	9130720	9130784	18874368	607488	17654016	18874368	488572	0	0	712307	0	
28311552	28311552	9130740	9130764	18874368	1228036	17033468	18874368	1038852	0	0	981321	0	
28311552	28311552	9130748	9130756	18874368	149144	18112360	18874368	126952	0	0	258243	0	
28311552	28311552	9130720	9130784	18874368	1271040	16990464	18874368	1050192	0	0	1178274	0	
28311552	28311552	9130736	9130768	18874368	129824	18131680	18874368	111672	0	0	247953	0	
28311552	28311552	9130740	9130764	18874368	1225516	17035988	18874368	977332	0	0	983219	0	
28311552	28311552	9130752	9130752	18874368	77660	18183844	18874368	63480	0	0	144326	0	
28311552	28311552	9130740	9130764	18874368	1074896	17186608	18874368	892932	0	0	922205	0	
28311552	28311552	9130740	9130764	18874368	1644848	16616656	18874368	1357332	0	0	1325520	0	
28311552	28311552	9130740	9130764	18874368	606748	17654756	18874368	460292	0	0	638353	0	
28311552	28311552	9130740	9130764	18874368	1197228	17064276	18874368	1009392	0	0	1443651	0	
28311552	28311552	9130748	9130756	18874368	147804	18113700	18874368	123292	0	0	345860	0	
28311552	28311552	9130740	9130764	18874368	1273340	16988164	18874368	1046872	0	0	1169077	0	
28311552	28311552	9130740	9130764	18874368	129104	18132400	18874368	110880	0	0	255724	0	
28311552	28311552	9130740	9130764	18874368	1181868	17079636	18874368	973472	0	0	1070520	0	
28311552	28311552	9130740	9130764	18874368	78080	18183424	18874368	68772	0	0	174435	0	
28311552	28311552	9130740	9130764	18874368	1096744	17164760	18874368	905232	0	0	883161	0	
28311552	28311552	9130740	9130764	18874368	1657524	16603980	18874368	1357952	0	0	1064487	0	
28311552	28311552	9130720	9130784	18874368	597600	17663904	18874368	462212	0	0	794034	0	
28311552	28311552	9130740	9130764	18874368	1222196	17039308	18874368	1018572	0	0	1221993	0	
28311552	28311552	9130748	9130756	18874368	136404	18125100	18874368	114212	0	0	237425	0	
28311552	28311552	9130720	9130784	18874368	1292640	16968864	18874368	1045612	0	0	1234138	0	
28311552	28311552	9130744	9130760	18874368	126284	18135220	18874368	109048	0	0	244109	0	
28311552	28311552	9130740	9130764	18874368	1135472	17126032	18874368	965472	0	0	1078874	0	
28311552	28311552	9130704	9130800	18874368	78492	18183012	18874368	72712	0	0	166471	0	
28311552	28311552	9130740	9130764	18874368	1113912	17147592	18874368	911032	0	0	857278	0	
28311552	28311552	9130740	9130764	18874368	1636716	16624788	18874368	1361852	0	0	1109176	0	
28311552	28311552	9130740	9130764	18874368	587000	17674504	18874368	485412	0	0	732062	0	
28311552	28311552	9130740	9130764	18874368	1269920	16991584	18874368	1051692	0	0	1006751	0	
28311552	28311552	9130736	9130768	18874368	134164	18127340	18874368	110272	0	0	368048	0	
28311552	28311552	9130740	9130764	18874368	1225736	17035768	18874368	1042532	0	0	1253947	0	
28311552	28311552	9130752	9130752	18874368	134084	18127420	18874368	117008	0	0	267266	0	
28311552	28311552	9130740	9130764	18874368	1216208	17045296	18874368	986952	0	0	952588	0	
28311552	28311552	9130744	9130760	18874368	78140	18183364	18874368	69124	0	0	236736	0	
28311552	28311552	9130720	9130784	18874368	1111344	17150160	18874368	906692	0	0	1090505	0	
28311552	28311552	9130720	9130784	18874368	1574380	16687124	18874368	1358872	0	0	1223473	0	
28311552	28311552	9130740	9130764	18874368	614808	17646696	18874368	501272	0	0	755933	0	
28311552	28311552	9130740	9130764	18874368	1344536	16916968	18874368	1060652	0	0	936155	0	
28311552	28311552	9130740	9130764	18874368	100924	18160580	18874368	78412	0	0	206465	0	
28311552	28311552	9130740	9130764	18874368	1230976	17030528	18874368	1042012	0	0	1283253	0	
28311552	28311552	9130732	9130772	18874368	129924	18131580	18874368	112192	0	0	333697	0	
28311552	28311552	9130740	9130764	18874368	1153740	17107764	18874368	977272	0	0	1124656	0	
28311552	28311552	9130752	9130752	18874368	78532	18182972	18874368	73492	0	0	170048	0	
28311552	28311552	9130740	9130764	18874368	1126272	17135232	18874368	913752	0	0	827596	0	
28311552	28311552	9130720	9130784	18874368	1595508	16665996	18874368	1360692	0	0	1141824	0	
28311552	28311552	9130720	9130784	18874368	625648	17635856	18874368	502972	0	0	806714	0	
28311552	28311552	9130740	9130764	18874368	1277240	16984264	18874368	1049092	0	0	1014770	0	
28311552	28311552	9130748	9130756	18874368	125644	18135860	18874368	102712	0	0	211091	0	
28311552	28311552	9130740	9130764	18874368	1273760	16987744	18874368	1041232	0	0	1124644	0	
28311552	28311552	9130748	9130756	18874368	127784	18133720	18874368	110336	0	0	238971	0	
28311552	28311552	9130740	9130764	18874368	1196548	17064956	18874368	972752	0	0	1187361	0	
28311552	28311552	9130736	9130768	18874368	76928	18184576	18874368	64780	0	0	153097	0	
28311552	28311552	9130740	9130764	18874368	1113732	17147772	18874368	897132	0	0	1065633	0	
28311552	28311552	9130740	9130764	18874368	1610048	16651456	18874368	1348072	0	0	1252049	0	
28311552	28311552	9130740	9130764	18874368	587460	17674044	18874368	469632	0	0	792461	0	
28311552	28311552	9130740	9130764	18874368	1273880	16987624	18874368	1034452	0	0	1268394	0	
28311552	28311552	9130748	9130756	18874368	116304	18145200	18874368	91712	0	0	270773	0	
28311552	28311552	9130720	9130784	18874368	1229908	17031596	18874368	1044292	0	0	1218599	0	
28311552	28311552	9130744	9130760	18874368	132624	18128880	18874368	115900	0	0	385737	0	
28311552	28311552	9130720	9130784	18874368	1214092	17047412	18874368	983112	0	0	1244738	0	
28311552	28311552	9130752	9130752	18874368	78196	18183308	18874368	68104	0	0	219103	0	
28311552	28311552	9130720	9130784	18874368	1113852	17147652	18874368	902672	0	0	1067849	0	
28311552	28311552	9130740	9130764	18874368	1620556	16640948	18874368	1353372	0	0	1206789	0	
28311552	28311552	9130740	9130764	18874368	614888	17646616	18874368	472772	0	0	694054	0	
28311552	28311552	9130740	9130764	18874368	1280420	16981084	18874368	1016060	0	0	1202251	0	
28311552	28311552	9130752	9130752	18874368	74936	18186568	18874368	70600	48	0	264524	0	
28311552	28311552	9130740	9130764	18874368	1271000	16990504	18874368	1045352	0	0	1045554	0	
28311552	28311552	9130736	9130768	18874368	129104	18132400	18874368	111264	0	0	357269	0	
28311552	28311552	9130740	9130764	18874368	1184048	17077456	18874368	973472	0	0	994419	0	
28311552	28311552	9130704	9130800	18874368	77780	18183724	18874368	68140	0	0	208141	0	
28311552	28311552	9130740	9130764	18874368	1132044	17129460	18874368	904092	0	0	1023531	0	
28311552	28311552	9130740	9130764	18874368	1589188	16672316	18874368	1348512	0	0	1143105	0	
28311552	28311552	9130740	9130764	18874368	596800	17664704	18874368	485412	0	0	822624	0	
28311552	28311552	9130740	9130764	18874368	1305528	16955976	18874368	1043832	0	0	1179872	0	
28311552	28311552	9130728	9130776	18874368	109984	18151520	18874368	78052	0	0	282735	0	
28311552	28311552	9130740	9130764	18874368	1301888	16959616	18874368	1046352	0	0	1121203	0	
28311552	28311552	9130724	9130780	18874368	120784	18140720	18874368	102992	0	0	319002	0	
28311552	28311552	9130740	9130764	18874368	1171680	17089824	18874368	954472	0	0	1081665	0	
28311552	28311552	9130712	9130792	18874368	77840	18183664	18874368	63660	0	0	160921	0	
28311552	28311552	9130740	9130764	18874368	1089096	17172408	18874368	892932	0	0	1108561	0	
28311552	28311552	9130740	9130764	18874368	1588488	16673016	18874368	1352432	0	0	1431072	0	
28311552	28311552	9130740	9130764	18874368	651136	17610368	18874368	491492	0	0	660139	0	
28311552	28311552	9130740	9130764	18874368	1214116	17047388	18874368	1007572	0	0	1368373	0	
28311552	28311552	9130740	9130764	18874368	141264	18120240	18874368	110492	0	0	266226	0	
28311552	28311552	9130740	9130764	18874368	1234636	17026868	18874368	1037552	0	0	1153198	0	
28311552	28311552	9130744	9130760	18874368	132264	18129240	18874368	115396	0	0	295685	0	
28311552	28311552	9130740	9130764	18874368	1190668	17070836	18874368	982252	0	0	1033586	0	
28311552	28311552	9130736	9130768	18874368	78000	18183504	18874368	70648	0	0	186503	0	
28311552	28311552	9130740	9130764	18874368	1106764	17154740	18874368	906592	0	0	985630	0	
28311552	28311552	9130720	9130784	18874368	1607008	16654496	18874368	1360692	0	0	1242204	0	
28311552	28311552	9130740	9130764	18874368	660236	17601268	18874368	497052	0	0	819200	0	
28311552	28311552	9130740	9130764	18874368	1221556	17039948	18874368	1012812	0	0	1211186	0	
28311552	28311552	9130744	9130760	18874368	134044	18127460	18874368	109492	0	0	308124	0	
28311552	28311552	9130740	9130764	18874368	1351396	16910108	18874368	1042112	0	0	1099848	0	
28311552	28311552	9130744	9130760	18874368	117264	18144240	18874368	99284	0	0	230863	0	
28311552	28311552	9130740	9130764	18874368	1159340	17102164	18874368	952372	0	0	1054140	0	
28311552	28311552	9130704	9130800	18874368	77104	18184400	18874368	61328	0	0	141163	0	
28311552	28311552	9130740	9130764	18874368	1102284	17159220	18874368	888652	0	0	904781	0	
28311552	28311552	9130740	9130764	18874368	1559820	16701684	18874368	1342892	0	0	1222163	0	
28311552	28311552	9130720	9130784	18874368	615180	17646324	18874368	493152	0	0	735635	0	
28311552	28311552	9130740	9130764	18874368	1278260	16983244	18874368	1038692	0	0	1224869	0	
28311552	28311552	9130736	9130768	18874368	120064	18141440	18874368	92292	0	0	205833	0	
28311552	28311552	9130720	9130784	18874368	1204048	17057456	18874368	1042612	0	0	1151148	0	
28311552	28311552	9130744	9130760	18874368	135484	18126020	18874368	118628	0	0	272444	0	
28311552	28311552	9130740	9130764	18874368	1226336	17035168	18874368	984092	0	0	1096148	0	
28311552	28311552	9130744	9130760	18874368	78352	18183152	18874368	69168	0	0	158509	0	
28311552	28311552	9130740	9130764	18874368	1123952	17137552	18874368	906272	0	0	1058735	0	
28311552	28311552	9130740	9130764	18874368	1589988	16671516	18874368	1354672	0	0	1187776	0	
28311552	28311552	9130720	9130784	18874368	684404	17577100	18874368	492772	0	0	738241	0	
28311552	28311552	9130740	9130764	18874368	1198668	17062836	18874368	983132	0	0	1294026	0	
28311552	28311552	9130720	9130784	18874368	124884	18136620	18874368	99012	0	0	258808	0	
28311552	28311552	9130740	9130764	18874368	1275900	16985604	18874368	1037832	0	0	1317606	0	
28311552	28311552	9130732	9130772	18874368	127164	18134340	18874368	109992	0	0	321873	0	
28311552	28311552	9130740	9130764	18874368	1103204	17158300	18874368	969492	0	0	1134501	0	
28311552	28311552	9130752	9130752	18874368	79008	18182496	18874368	77872	0	0	203449	0	
28311552	28311552	9130740	9130764	18874368	1099224	17162280	18874368	890612	0	0	1053426	0	
28311552	28311552	9130744	9130760	18874368	77980	18183524	18874368	53652	0	0	160582	0	
28311552	28311552	9130740	9130764	18874368	1055028	17206476	18874368	878432	0	0	1054817	0	
28311552	28311552	9130740	9130764	18874368	1593408	16668096	18874368	1336372	0	0	1126821	0	
28311552	28311552	9130740	9130764	18874368	567724	17693780	18874368	456072	0	0	703422	0	
28311552	28311552	9130740	9130764	18874368	1268180	16993324	18874368	1036872	0	0	1059031	0	
28311552	28311552	9130736	9130768	18874368	121904	18139600	18874368	97552	0	0	274704	0	
28311552	28311552	9130740	9130764	18874368	1307528	16953976	18874368	1038412	0	0	1129464	0	
28311552	28311552	9130728	9130776	18874368	122044	18139460	18874368	105468	0	0	325405	0	
