b_initial_y_size_0	b_max_y_size_1	b_used_2	b_available_3	b_committed_4	a_used_5	a_available_6	a_committed_7	a_survived_8	a_promoted_9	a_copied_10	a_time_in_ns_11	promotion_rate_12
36175872	36175872	11667040	32	24117248	1310788	10356284	24117248	1143088	73328	0	1326464	5	
36175872	36175872	11667060	12	24117248	836992	10830080	24117248	730676	1436	0	1061860	0	
36175872	36175872	11667060	12	24117248	814256	10852816	24117248	654800	720	0	872732	0	
36175872	36175872	11667060	12	24117248	569644	11097428	24117248	457060	36	0	759663	0	
36175872	36175872	11667060	12	24117248	209444	11457628	24117248	182544	52	0	411890	0	
36175872	36175872	11667060	12	24117248	218040	11449032	24117248	186032	0	0	410365	0	
36175872	36175872	11667060	12	24117248	162024	11505048	24117248	131120	520	0	335680	0	
36175872	36175872	11667060	12	24117248	155504	11511568	24117248	127100	828	0	386049	0	
36175872	36175872	11667060	12	24117248	197516	11469556	24117248	194684	22256	0	535480	17	
36175872	36175872	11667040	32	24117248	163384	11503688	24117248	141696	0	0	342195	0	
36175872	36175872	11667060	12	24117248	161864	11505208	24117248	139896	264	0	327899	0	
36175872	36175872	11667060	12	24117248	159364	11507708	24117248	137352	0	0	291378	0	
36175872	36175872	11667072	0	24117248	175684	11491388	24117248	144588	0	0	362995	0	
36175872	36175872	11667060	12	24117248	168584	11498488	24117248	147516	372	0	340853	0	
36175872	36175872	11667060	12	24117248	167604	11499468	24117248	146176	564	0	306143	0	
36175872	36175872	11667060	12	24117248	162504	11504568	24117248	135884	72	0	302609	0	
36175872	36175872	11667060	12	24117248	157464	11509608	24117248	133652	0	0	379452	0	
36175872	36175872	11667040	32	24117248	162844	11504228	24117248	133872	0	0	380634	0	
36175872	36175872	11667060	12	24117248	160384	11506688	24117248	131372	0	0	323023	0	
36175872	36175872	11667060	12	24117248	151984	11515088	24117248	130012	0	0	293213	0	
36175872	36175872	11667040	32	24117248	158684	11508388	24117248	133932	0	0	304331	0	
36175872	36175872	11667040	32	24117248	159664	11507408	24117248	133872	0	0	276566	0	
36175872	36175872	11667060	12	24117248	155784	11511288	24117248	133512	0	0	306080	0	
36175872	36175872	11667060	12	24117248	157484	11509588	24117248	135212	0	0	302140	0	
36175872	36175872	11667060	12	24117248	164404	11502668	24117248	135612	0	0	329000	0	
36175872	36175872	11667060	12	24117248	157904	11509168	24117248	131732	0	0	272062	0	
36175872	36175872	11667060	12	24117248	156304	11510768	24117248	132012	0	0	338913	0	
36175872	36175872	11667060	12	24117248	136988	11530084	24117248	133712	0	0	295269	0	
36175872	36175872	11667060	12	24117248	159904	11507168	24117248	137852	0	0	304002	0	
36175872	36175872	11667060	12	24117248	167904	11499168	24117248	137212	0	0	294267	0	
36175872	36175872	11667060	12	24117248	160944	11506128	24117248	139012	0	0	312265	0	
36175872	36175872	11667060	12	24117248	160144	11506928	24117248	138372	0	0	311445	0	
36175872	36175872	11667060	12	24117248	159324	11507748	24117248	137712	0	0	306502	0	
36175872	36175872	11667060	12	24117248	163784	11503288	24117248	137072	0	0	280902	0	
36175872	36175872	11667060	12	24117248	159404	11507668	24117248	133792	0	0	312299	0	
36175872	36175872	11667040	32	24117248	153844	11513228	24117248	133552	0	0	284664	0	
36175872	36175872	11667060	12	24117248	158044	11509028	24117248	136052	0	0	275645	0	
36175872	36175872	11667060	12	24117248	161764	11505308	24117248	136452	0	0	365977	0	
36175872	36175872	11667060	12	24117248	156224	11510848	24117248	134192	0	0	273756	0	
36175872	36175872	11667060	12	24117248	161304	11505768	24117248	135732	0	0	302506	0	
36175872	36175872	11667060	12	24117248	159744	11507328	24117248	133852	0	0	304733	0	
36175872	36175872	11667060	12	24117248	156104	11510968	24117248	133492	0	0	338125	0	
36175872	36175872	11667060	12	24117248	158364	11508708	24117248	134712	600	0	324945	0	
36175872	36175872	11667060	12	24117248	156084	11510988	24117248	134112	0	0	303337	0	
36175872	36175872	11667040	32	24117248	168264	11498808	24117248	136044	0	0	362168	0	
36175872	36175872	11667040	32	24117248	160744	11506328	24117248	129724	552	0	351565	0	
36175872	36175872	11667040	32	24117248	153224	11513848	24117248	127392	0	0	270645	0	
36175872	36175872	11667060	12	24117248	161384	11505688	24117248	131252	0	0	311594	0	
36175872	36175872	11667040	32	24117248	160744	11506328	24117248	129172	0	0	283912	0	
36175872	36175872	11667040	32	24117248	153224	11513848	24117248	127392	0	0	266206	0	
36175872	36175872	11667060	12	24117248	131404	11535668	24117248	131252	0	0	307853	0	
36175872	36175872	11667060	12	24117248	161204	11505868	24117248	139112	0	0	300789	0	
36175872	36175872	11667060	12	24117248	169324	11497748	24117248	137312	0	0	408504	0	
36175872	36175872	11667060	12	24117248	162444	11504628	24117248	138212	0	0	329444	0	
36175872	36175872	11667060	12	24117248	162844	11504228	24117248	136972	0	0	285895	0	
36175872	36175872	11667060	12	24117248	156084	11510988	24117248	134112	0	0	290652	0	
36175872	36175872	11667060	12	24117248	161664	11505408	24117248	135732	0	0	342850	0	
36175872	36175872	11667060	12	24117248	165284	11501788	24117248	133752	0	0	323272	0	
36175872	36175872	11667060	12	24117248	156264	11510808	24117248	129292	0	0	295633	0	
36175872	36175872	11667040	32	24117248	153204	11513868	24117248	131152	0	0	265558	0	
36175872	36175872	11667040	32	24117248	159044	11508028	24117248	133932	0	0	308111	0	
36175872	36175872	11667060	12	24117248	162764	11504308	24117248	133792	0	0	356988	0	
36175872	36175872	11667060	12	24117248	131404	11535668	24117248	131252	0	0	305619	0	
36175872	36175872	11667060	12	24117248	161204	11505868	24117248	139112	0	0	277923	0	
36175872	36175872	11667060	12	24117248	168964	11498108	24117248	137312	0	0	302212	0	
36175872	36175872	11667060	12	24117248	160444	11506628	24117248	138492	0	0	333677	0	
36175872	36175872	11667060	12	24117248	160184	11506888	24117248	138272	0	0	279617	0	
36175872	36175872	11667060	12	24117248	159244	11507828	24117248	137252	0	0	334391	0	
36175872	36175872	11667060	12	24117248	159244	11507828	24117248	137052	0	0	303964	0	
36175872	36175872	11667060	12	24117248	158404	11508668	24117248	136452	0	0	302921	0	
36175872	36175872	11667060	12	24117248	160904	11506168	24117248	136552	0	0	353973	0	
36175872	36175872	11667060	12	24117248	157484	11509588	24117248	135212	0	0	270016	0	
36175872	36175872	11667060	12	24117248	167204	11499868	24117248	135612	0	0	288175	0	
36175872	36175872	11667060	12	24117248	152244	11514828	24117248	130132	0	0	263347	0	
36175872	36175872	11667040	32	24117248	159664	11507408	24117248	133872	0	0	298863	0	
36175872	36175872	11667060	12	24117248	155784	11511288	24117248	133512	0	0	295799	0	
36175872	36175872	11667060	12	24117248	157484	11509588	24117248	135212	0	0	275760	0	
36175872	36175872	11667060	12	24117248	167204	11499868	24117248	135612	0	0	350332	0	
36175872	36175872	11667060	12	24117248	152584	11514488	24117248	130132	0	0	319550	0	
36175872	36175872	11667060	12	24117248	162764	11504308	24117248	133792	0	0	379686	0	
36175872	36175872	11667060	12	24117248	131404	11535668	24117248	131252	0	0	309356	0	
36175872	36175872	11667060	12	24117248	161204	11505868	24117248	139112	0	0	305065	0	
36175872	36175872	11667060	12	24117248	168964	11498108	24117248	137312	0	0	346423	0	
36175872	36175872	11667060	12	24117248	160444	11506628	24117248	138492	0	0	298383	0	
36175872	36175872	11667060	12	24117248	160184	11506888	24117248	138272	0	0	305904	0	
36175872	36175872	11667060	12	24117248	159244	11507828	24117248	137252	0	0	306838	0	
36175872	36175872	11667060	12	24117248	159244	11507828	24117248	137052	0	0	282793	0	
36175872	36175872	11667060	12	24117248	158404	11508668	24117248	136452	0	0	306571	0	
36175872	36175872	11667060	12	24117248	160904	11506168	24117248	136552	0	0	372914	0	
36175872	36175872	11667060	12	24117248	156464	11510608	24117248	135236	0	0	307163	0	
36175872	36175872	11667040	32	24117248	161544	11505528	24117248	136516	744	0	313151	0	
36175872	36175872	11667060	12	24117248	160804	11506268	24117248	133812	0	0	308918	0	
36175872	36175872	11667060	12	24117248	156544	11510528	24117248	132252	0	0	324864	0	
36175872	36175872	11667060	12	24117248	165344	11501728	24117248	133712	0	0	288015	0	
36175872	36175872	11667060	12	24117248	156264	11510808	24117248	129272	0	0	274817	0	
36175872	36175872	11667040	32	24117248	153384	11513688	24117248	131112	0	0	293921	0	
36175872	36175872	11667060	12	24117248	161704	11505368	24117248	133852	0	0	383981	0	
36175872	36175872	11667060	12	24117248	157544	11509528	24117248	131732	0	0	271821	0	
36175872	36175872	11667060	12	24117248	154404	11512668	24117248	132412	0	0	287650	0	
36175872	36175872	11667040	32	24117248	157464	11509608	24117248	135352	0	0	306345	0	
36175872	36175872	11667060	12	24117248	164304	11502768	24117248	136620	0	0	412674	0	
36175872	36175872	11667060	12	24117248	160744	11506328	24117248	132720	888	0	328198	0	
36175872	36175872	11667060	12	24117248	152704	11514368	24117248	130932	0	0	278845	0	
36175872	36175872	11667060	12	24117248	160784	11506288	24117248	134472	680	0	345899	0	
36175872	36175872	11667060	12	24117248	154204	11512868	24117248	132092	0	0	301343	0	
36175872	36175872	11667060	12	24117248	157484	11509588	24117248	135252	0	0	307671	0	
36175872	36175872	11667040	32	24117248	167204	11499868	24117248	135652	0	0	358757	0	
36175872	36175872	11667060	12	24117248	152244	11514828	24117248	130132	0	0	295181	0	
36175872	36175872	11667040	32	24117248	159664	11507408	24117248	133872	0	0	312629	0	
36175872	36175872	11667060	12	24117248	155784	11511288	24117248	133512	0	0	271790	0	
36175872	36175872	11667060	12	24117248	157204	11509868	24117248	135204	0	0	333476	0	
36175872	36175872	11667060	12	24117248	167324	11499748	24117248	136104	492	0	299388	0	
36175872	36175872	11667060	12	24117248	151824	11515248	24117248	129812	0	0	294459	0	
36175872	36175872	11667040	32	24117248	159044	11508028	24117248	133932	0	0	304955	0	
36175872	36175872	11667048	24	24117248	165644	11501428	24117248	133780	0	0	319399	0	
36175872	36175872	11667060	12	24117248	160744	11506328	24117248	129240	28	0	304087	0	
36175872	36175872	11667060	12	24117248	152244	11514828	24117248	127452	0	0	267713	0	
36175872	36175872	11667060	12	24117248	158684	11508388	24117248	131672	0	0	277178	0	
36175872	36175872	11667040	32	24117248	167684	11499388	24117248	139000	0	0	373812	0	
36175872	36175872	11667060	12	24117248	147304	11519768	24117248	125624	0	0	294006	0	
36175872	36175872	11667060	12	24117248	154764	11512308	24117248	133144	492	0	278132	0	
36175872	36175872	11667060	12	24117248	157484	11509588	24117248	135252	0	0	299974	0	
36175872	36175872	11667040	32	24117248	167204	11499868	24117248	135652	0	0	355834	0	
36175872	36175872	11667060	12	24117248	152244	11514828	24117248	130132	0	0	289191	0	
36175872	36175872	11667040	32	24117248	159664	11507408	24117248	133872	0	0	281650	0	
36175872	36175872	11667060	12	24117248	155784	11511288	24117248	133512	0	0	327134	0	
36175872	36175872	11667060	12	24117248	157484	11509588	24117248	135252	0	0	289610	0	
36175872	36175872	11667040	32	24117248	167204	11499868	24117248	135652	0	0	293669	0	
36175872	36175872	11667060	12	24117248	154524	11512548	24117248	130132	0	0	339281	0	
36175872	36175872	11667060	12	24117248	154764	11512308	24117248	132652	0	0	298957	0	
36175872	36175872	11667060	12	24117248	157484	11509588	24117248	135252	0	0	334771	0	
36175872	36175872	11667040	32	24117248	167204	11499868	24117248	135652	0	0	321112	0	
36175872	36175872	11667060	12	24117248	152244	11514828	24117248	130132	0	0	265158	0	
36175872	36175872	11667040	32	24117248	159664	11507408	24117248	133872	0	0	310168	0	
36175872	36175872	11667060	12	24117248	155784	11511288	24117248	133512	0	0	298359	0	
36175872	36175872	11667060	12	24117248	157484	11509588	24117248	135252	0	0	301972	0	
36175872	36175872	11667040	32	24117248	167564	11499508	24117248	135652	0	0	372087	0	
36175872	36175872	11667060	12	24117248	151824	11515248	24117248	129812	0	0	263621	0	
36175872	36175872	11667040	32	24117248	159844	11507228	24117248	133932	0	0	277228	0	
36175872	36175872	11667060	12	24117248	155784	11511288	24117248	133512	0	0	298278	0	
36175872	36175872	11667060	12	24117248	157484	11509588	24117248	135252	0	0	303989	0	
36175872	36175872	11667040	32	24117248	167204	11499868	24117248	135652	0	0	296494	0	
36175872	36175872	11667060	12	24117248	152244	11514828	24117248	130132	0	0	290300	0	
36175872	36175872	11667040	32	24117248	160464	11506608	24117248	133872	0	0	308958	0	
36175872	36175872	11667060	12	24117248	154964	11512108	24117248	132892	0	0	274504	0	
36175872	36175872	11667060	12	24117248	157484	11509588	24117248	135252	0	0	274436	0	
36175872	36175872	11667040	32	24117248	164404	11502668	24117248	135652	0	0	321166	0	
36175872	36175872	11667060	12	24117248	157904	11509168	24117248	131732	0	0	296492	0	
36175872	36175872	11667060	12	24117248	154024	11513048	24117248	132012	0	0	267772	0	
36175872	36175872	11667060	12	24117248	156224	11510848	24117248	135432	0	0	271952	0	
36175872	36175872	11667060	12	24117248	158724	11508348	24117248	136592	0	0	328539	0	
36175872	36175872	11667060	12	24117248	158284	11508788	24117248	136312	0	0	298293	0	
36175872	36175872	11667060	12	24117248	161004	11506068	24117248	136592	0	0	355850	0	
36175872	36175872	11667060	12	24117248	159544	11507528	24117248	135112	0	0	293463	0	
36175872	36175872	11667060	12	24117248	156084	11510988	24117248	134112	0	0	300759	0	
36175872	36175872	11667060	12	24117248	161304	11505768	24117248	135732	0	0	303705	0	
36175872	36175872	11667060	12	24117248	160884	11506188	24117248	133852	0	0	310920	0	
36175872	36175872	11667060	12	24117248	154264	11512808	24117248	132252	0	0	291782	0	
36175872	36175872	11667060	12	24117248	156224	11510848	24117248	135432	0	0	296505	0	
36175872	36175872	11667060	12	24117248	158724	11508348	24117248	136592	0	0	297279	0	
36175872	36175872	11667060	12	24117248	158284	11508788	24117248	136312	0	0	301303	0	
36175872	36175872	11667060	12	24117248	161004	11506068	24117248	136592	0	0	347748	0	
36175872	36175872	11667060	12	24117248	157264	11509808	24117248	135112	0	0	273920	0	
36175872	36175872	11667060	12	24117248	161304	11505768	24117248	135732	0	0	280054	0	
36175872	36175872	11667060	12	24117248	159744	11507328	24117248	133852	0	0	278481	0	
36175872	36175872	11667060	12	24117248	155624	11511448	24117248	133432	0	0	292300	0	
36175872	36175872	11667060	12	24117248	157264	11509808	24117248	135112	0	0	302882	0	
36175872	36175872	11667060	12	24117248	161304	11505768	24117248	135732	0	0	315641	0	
36175872	36175872	11667060	12	24117248	159744	11507328	24117248	133852	0	0	278007	0	
36175872	36175872	11667060	12	24117248	155624	11511448	24117248	133432	0	0	268352	0	
36175872	36175872	11667060	12	24117248	157264	11509808	24117248	135112	0	0	277617	0	
36175872	36175872	11667060	12	24117248	161664	11505408	24117248	135732	0	0	299333	0	
36175872	36175872	11667060	12	24117248	165644	11501428	24117248	133752	0	0	393359	0	
36175872	36175872	11667060	12	24117248	160804	11506268	24117248	129172	0	0	278811	0	
36175872	36175872	11667060	12	24117248	153304	11513768	24117248	127372	0	0	275111	0	
36175872	36175872	11667060	12	24117248	153544	11513528	24117248	131192	0	0	290305	0	
36175872	36175872	11667040	32	24117248	160464	11506608	24117248	133872	0	0	332423	0	
36175872	36175872	11667060	12	24117248	154964	11512108	24117248	132892	0	0	273690	0	
36175872	36175872	11667060	12	24117248	157484	11509588	24117248	135252	0	0	302938	0	
36175872	36175872	11667040	32	24117248	167204	11499868	24117248	135652	0	0	320337	0	
36175872	36175872	11667060	12	24117248	152244	11514828	24117248	130132	0	0	283963	0	
36175872	36175872	11667040	32	24117248	162484	11504588	24117248	134784	0	0	315757	0	
36175872	36175872	11667040	32	24117248	162164	11504908	24117248	131512	0	0	310472	0	
36175872	36175872	11667060	12	24117248	160804	11506268	24117248	129172	0	0	281903	0	
36175872	36175872	11667060	12	24117248	153304	11513768	24117248	127372	0	0	289188	0	
36175872	36175872	11667060	12	24117248	153544	11513528	24117248	131192	0	0	266948	0	
36175872	36175872	11667040	32	24117248	159664	11507408	24117248	133872	0	0	306700	0	
36175872	36175872	11667060	12	24117248	155784	11511288	24117248	133512	0	0	300158	0	
36175872	36175872	11667060	12	24117248	157484	11509588	24117248	135252	0	0	272300	0	
36175872	36175872	11667040	32	24117248	167564	11499508	24117248	135652	0	0	365023	0	
36175872	36175872	11667060	12	24117248	151824	11515248	24117248	129812	0	0	259790	0	
36175872	36175872	11667040	32	24117248	158684	11508388	24117248	133932	0	0	275383	0	
36175872	36175872	11667040	32	24117248	159664	11507408	24117248	133872	0	0	306773	0	
36175872	36175872	11667060	12	24117248	155784	11511288	24117248	133512	0	0	271673	0	
36175872	36175872	11667060	12	24117248	157484	11509588	24117248	135252	0	0	297845	0	
36175872	36175872	11667040	32	24117248	164404	11502668	24117248	135652	0	0	322594	0	
36175872	36175872	11667060	12	24117248	157904	11509168	24117248	131732	0	0	298105	0	
36175872	36175872	11667060	12	24117248	154024	11513048	24117248	132012	0	0	269616	0	
36175872	36175872	11667060	12	24117248	156224	11510848	24117248	135432	0	0	293721	0	
36175872	36175872	11667060	12	24117248	158724	11508348	24117248	136592	0	0	276303	0	
36175872	36175872	11667060	12	24117248	160564	11506508	24117248	136312	0	0	276081	0	
36175872	36175872	11667060	12	24117248	156224	11510848	24117248	135432	0	0	269477	0	
36175872	36175872	11667060	12	24117248	158724	11508348	24117248	136592	0	0	283417	0	
36175872	36175872	11667060	12	24117248	158284	11508788	24117248	136312	0	0	331068	0	
36175872	36175872	11667060	12	24117248	158724	11508348	24117248	136592	0	0	299901	0	
36175872	36175872	11667060	12	24117248	158284	11508788	24117248	136312	0	0	271033	0	
36175872	36175872	11667060	12	24117248	158724	11508348	24117248	136592	0	0	276333	0	
36175872	36175872	11667060	12	24117248	158284	11508788	24117248	136312	0	0	271274	0	
36175872	36175872	11667060	12	24117248	161004	11506068	24117248	136592	0	0	374316	0	
36175872	36175872	11667060	12	24117248	157264	11509808	24117248	135112	0	0	322540	0	
36175872	36175872	11667060	12	24117248	161304	11505768	24117248	135732	0	0	281118	0	
36175872	36175872	11667060	12	24117248	159744	11507328	24117248	133852	0	0	277908	0	
36175872	36175872	11667060	12	24117248	155624	11511448	24117248	133432	0	0	294732	0	
36175872	36175872	11667060	12	24117248	157264	11509808	24117248	135112	0	0	324645	0	
36175872	36175872	11667060	12	24117248	161304	11505768	24117248	135732	0	0	279345	0	
36175872	36175872	11667060	12	24117248	159744	11507328	24117248	133852	0	0	277111	0	
36175872	36175872	11667060	12	24117248	155624	11511448	24117248	133432	0	0	292644	0	
36175872	36175872	11667060	12	24117248	159544	11507528	24117248	135112	0	0	373633	0	
36175872	36175872	11667060	12	24117248	156084	11510988	24117248	134112	0	0	267898	0	
36175872	36175872	11667060	12	24117248	161304	11505768	24117248	135732	0	0	301257	0	
36175872	36175872	11667060	12	24117248	161704	11505368	24117248	133852	0	0	285994	0	
36175872	36175872	11667060	12	24117248	157904	11509168	24117248	131732	0	0	278689	0	
36175872	36175872	11667060	12	24117248	156024	11511048	24117248	132928	0	0	299239	0	
36175872	36175872	11667060	12	24117248	134304	11532768	24117248	134012	0	0	294718	0	
36175872	36175872	11667040	32	24117248	165364	11501708	24117248	139812	360	0	315944	0	
36175872	36175872	11667060	12	24117248	166804	11500268	24117248	135192	0	0	312332	0	
36175872	36175872	11667060	12	24117248	162684	11504388	24117248	138752	0	0	357395	0	
36175872	36175872	11667060	12	24117248	158544	11508528	24117248	136512	0	0	303098	0	
36175872	36175872	11667060	12	24117248	160624	11506448	24117248	136412	0	0	326016	0	
36175872	36175872	11667060	12	24117248	156964	11510108	24117248	135296	0	0	297736	0	
36175872	36175872	11667040	32	24117248	164404	11502668	24117248	135976	324	0	296762	0	
36175872	36175872	11667060	12	24117248	157544	11509528	24117248	131732	0	0	294927	0	
36175872	36175872	11667060	12	24117248	154384	11512688	24117248	132312	0	0	293202	0	
36175872	36175872	11667060	12	24117248	157484	11509588	24117248	135212	0	0	305734	0	
36175872	36175872	11667060	12	24117248	167204	11499868	24117248	135612	0	0	292812	0	
36175872	36175872	11667060	12	24117248	154484	11512588	24117248	130112	0	0	407559	0	
36175872	36175872	11667060	12	24117248	154844	11512228	24117248	132612	0	0	305737	0	
36175872	36175872	11667060	12	24117248	156964	11510108	24117248	134972	0	0	268061	0	
36175872	36175872	11667040	32	24117248	167204	11499868	24117248	135652	0	0	297380	0	
36175872	36175872	11667060	12	24117248	152204	11514868	24117248	130112	0	0	340278	0	
36175872	36175872	11667060	12	24117248	158744	11508328	24117248	133932	0	0	306635	0	
36175872	36175872	11667060	12	24117248	159404	11507668	24117248	133792	0	0	303382	0	
36175872	36175872	11667060	12	24117248	155624	11511448	24117248	133432	0	0	297660	0	
36175872	36175872	11667060	12	24117248	157264	11509808	24117248	135112	0	0	341909	0	
36175872	36175872	11667040	32	24117248	164404	11502668	24117248	135652	0	0	316405	0	
36175872	36175872	11667060	12	24117248	157544	11509528	24117248	131732	0	0	275534	0	
36175872	36175872	11667060	12	24117248	156664	11510408	24117248	132312	0	0	368763	0	
36175872	36175872	11667060	12	24117248	134304	11532768	24117248	133652	0	0	290919	0	
36175872	36175872	11667040	32	24117248	164204	11502868	24117248	139452	0	0	288397	0	
36175872	36175872	11667060	12	24117248	157584	11509488	24117248	135612	0	0	307640	0	
36175872	36175872	11667060	12	24117248	158344	11508728	24117248	136292	0	0	305176	0	
36175872	36175872	11667060	12	24117248	158344	11508728	24117248	136292	0	0	330345	0	
36175872	36175872	11667060	12	24117248	158344	11508728	24117248	136292	0	0	300233	0	
36175872	36175872	11667060	12	24117248	158344	11508728	24117248	136292	0	0	269481	0	
36175872	36175872	11667060	12	24117248	160644	11506428	24117248	136292	0	0	382519	0	
36175872	36175872	11667060	12	24117248	159544	11507528	24117248	137332	0	0	300509	0	
36175872	36175872	11667060	12	24117248	161224	11505848	24117248	139052	0	0	279010	0	
36175872	36175872	11667060	12	24117248	160184	11506888	24117248	138052	0	0	278604	0	
36175872	36175872	11667060	12	24117248	161084	11505988	24117248	139172	0	0	291546	0	
36175872	36175872	11667060	12	24117248	160364	11506708	24117248	138432	0	0	309017	0	
36175872	36175872	11667060	12	24117248	159384	11507688	24117248	137672	0	0	314393	0	
36175872	36175872	11667040	32	24117248	163624	11503448	24117248	137032	0	0	281179	0	
36175872	36175872	11667060	12	24117248	159404	11507668	24117248	133792	0	0	306546	0	
36175872	36175872	11667060	12	24117248	157124	11509948	24117248	133432	0	0	362928	0	
36175872	36175872	11667040	32	24117248	160804	11506268	24117248	133872	0	0	303435	0	
36175872	36175872	11667060	12	24117248	154384	11512688	24117248	132312	0	0	264624	0	
36175872	36175872	11667060	12	24117248	157484	11509588	24117248	135212	0	0	300367	0	
36175872	36175872	11667060	12	24117248	167204	11499868	24117248	135612	0	0	312436	0	
36175872	36175872	11667060	12	24117248	152204	11514868	24117248	130112	0	0	291782	0	
36175872	36175872	11667060	12	24117248	158744	11508328	24117248	133932	0	0	273879	0	
36175872	36175872	11667060	12	24117248	161604	11505468	24117248	133792	0	0	290279	0	
36175872	36175872	11667040	32	24117248	157224	11509848	24117248	131632	0	0	276281	0	
36175872	36175872	11667060	12	24117248	154624	11512448	24117248	132512	0	0	320405	0	
36175872	36175872	11667060	12	24117248	158984	11508088	24117248	135212	0	0	345964	0	
36175872	36175872	11667060	12	24117248	156664	11510408	24117248	134612	0	0	301625	0	
36175872	36175872	11667040	32	24117248	167204	11499868	24117248	135652	0	0	316637	0	
36175872	36175872	11667060	12	24117248	152204	11514868	24117248	130112	0	0	293966	0	
36175872	36175872	11667060	12	24117248	158744	11508328	24117248	133932	0	0	276111	0	
36175872	36175872	11667060	12	24117248	159764	11507308	24117248	133792	0	0	340092	0	
36175872	36175872	11667060	12	24117248	155304	11511768	24117248	133132	0	0	299534	0	
36175872	36175872	11667060	12	24117248	157264	11509808	24117248	135112	0	0	273896	0	
36175872	36175872	11667040	32	24117248	164404	11502668	24117248	135652	0	0	292183	0	
36175872	36175872	11667060	12	24117248	159544	11507528	24117248	131732	0	0	345863	0	
36175872	36175872	11667060	12	24117248	163284	11503788	24117248	131392	0	0	334790	0	
36175872	36175872	11667060	12	24117248	149824	11517248	24117248	127732	0	0	289167	0	
36175872	36175872	11667060	12	24117248	162644	11504428	24117248	133732	0	0	287594	0	
36175872	36175872	11667060	12	24117248	153544	11513528	24117248	131192	0	0	267631	0	
36175872	36175872	11667040	32	24117248	160024	11507048	24117248	133872	0	0	347540	0	
36175872	36175872	11667060	12	24117248	155304	11511768	24117248	133132	0	0	295354	0	
36175872	36175872	11667060	12	24117248	157264	11509808	24117248	135112	0	0	269422	0	
36175872	36175872	11667040	32	24117248	164404	11502668	24117248	135652	0	0	287155	0	
36175872	36175872	11667060	12	24117248	157544	11509528	24117248	131732	0	0	341641	0	
36175872	36175872	11667060	12	24117248	156664	11510408	24117248	132312	0	0	363466	0	
36175872	36175872	11667060	12	24117248	164284	11502788	24117248	133652	0	0	309778	0	
36175872	36175872	11667060	12	24117248	151724	11515348	24117248	129672	0	0	321391	0	
36175872	36175872	11667060	12	24117248	158744	11508328	24117248	133932	0	0	338532	0	
36175872	36175872	11667060	12	24117248	159404	11507668	24117248	133792	0	0	303377	0	
36175872	36175872	11667060	12	24117248	155624	11511448	24117248	133432	0	0	274659	0	
36175872	36175872	11667060	12	24117248	157264	11509808	24117248	135112	0	0	299141	0	
36175872	36175872	11667040	32	24117248	167204	11499868	24117248	135652	0	0	290216	0	
36175872	36175872	11667060	12	24117248	152204	11514868	24117248	130112	0	0	269629	0	
36175872	36175872	11667060	12	24117248	158744	11508328	24117248	133932	0	0	273001	0	
36175872	36175872	11667060	12	24117248	162764	11504308	24117248	133792	0	0	356358	0	
36175872	36175872	11667060	12	24117248	131404	11535668	24117248	131252	0	0	312293	0	
36175872	36175872	11667060	12	24117248	161204	11505868	24117248	139112	0	0	311774	0	
36175872	36175872	11667060	12	24117248	167904	11499168	24117248	137212	0	0	296408	0	
36175872	36175872	11667060	12	24117248	160844	11506228	24117248	138972	0	0	312877	0	
36175872	36175872	11667060	12	24117248	160144	11506928	24117248	138372	0	0	344287	0	
36175872	36175872	11667060	12	24117248	160524	11506548	24117248	137672	0	0	338537	0	
36175872	36175872	11667060	12	24117248	160544	11506528	24117248	136232	0	0	325188	0	
36175872	36175872	11667060	12	24117248	159764	11507308	24117248	135212	0	0	351348	0	
36175872	36175872	11667040	32	24117248	161684	11505388	24117248	133972	0	0	329133	0	
36175872	36175872	11667040	32	24117248	160704	11506368	24117248	131832	0	0	458604	0	
36175872	36175872	11667060	12	24117248	153284	11513788	24117248	130912	0	0	303209	0	
36175872	36175872	11667040	32	24117248	159344	11507728	24117248	133772	0	0	286558	0	
36175872	36175872	11667060	12	24117248	155724	11511348	24117248	133492	0	0	297888	0	
36175872	36175872	11667060	12	24117248	157484	11509588	24117248	135212	0	0	294306	0	
36175872	36175872	11667060	12	24117248	167204	11499868	24117248	135612	0	0	315293	0	
36175872	36175872	11667060	12	24117248	152204	11514868	24117248	130112	0	0	267876	0	
36175872	36175872	11667060	12	24117248	158744	11508328	24117248	133932	0	0	310811	0	
36175872	36175872	11667060	12	24117248	159404	11507668	24117248	133792	0	0	284888	0	
36175872	36175872	11667060	12	24117248	155624	11511448	24117248	133432	0	0	273931	0	
36175872	36175872	11667060	12	24117248	157264	11509808	24117248	135112	0	0	275919	0	
36175872	36175872	11667040	32	24117248	167564	11499508	24117248	135652	0	0	376385	0	
36175872	36175872	11667060	12	24117248	151904	11515168	24117248	129752	0	0	291025	0	
36175872	36175872	11667040	32	24117248	160804	11506268	24117248	133872	0	0	305057	0	
36175872	36175872	11667060	12	24117248	154384	11512688	24117248	132312	0	0	301892	0	
36175872	36175872	11667060	12	24117248	158984	11508088	24117248	135212	0	0	262184	0	
36175872	36175872	11667060	12	24117248	156664	11510408	24117248	134612	0	0	285646	0	
36175872	36175872	11667040	32	24117248	167204	11499868	24117248	135652	0	0	296111	0	
36175872	36175872	11667060	12	24117248	152204	11514868	24117248	130112	0	0	276209	0	
36175872	36175872	11667060	12	24117248	158744	11508328	24117248	133932	0	0	274717	0	
36175872	36175872	11667060	12	24117248	162764	11504308	24117248	133792	0	0	355771	0	
36175872	36175872	11667060	12	24117248	161384	11505688	24117248	131252	0	0	277309	0	
36175872	36175872	11667060	12	24117248	160804	11506268	24117248	129172	0	0	302861	0	
36175872	36175872	11667060	12	24117248	152904	11514168	24117248	127292	0	0	320726	0	
36175872	36175872	11667040	32	24117248	162124	11504948	24117248	131312	0	0	306990	0	
36175872	36175872	11667060	12	24117248	151004	11516068	24117248	128712	0	0	264475	0	
36175872	36175872	11667060	12	24117248	153984	11513088	24117248	133712	0	0	299520	0	
36175872	36175872	11667060	12	24117248	158044	11509028	24117248	136052	0	0	308890	0	
36175872	36175872	11667060	12	24117248	158324	11508748	24117248	136412	0	0	278850	0	
36175872	36175872	11667060	12	24117248	160824	11506248	24117248	136512	0	0	348373	0	
36175872	36175872	11667060	12	24117248	157484	11509588	24117248	135212	0	0	323725	0	
36175872	36175872	11667060	12	24117248	167204	11499868	24117248	135612	0	0	289533	0	
36175872	36175872	11667060	12	24117248	152204	11514868	24117248	130112	0	0	294536	0	
36175872	36175872	11667060	12	24117248	158744	11508328	24117248	133932	0	0	275251	0	
36175872	36175872	11667060	12	24117248	159404	11507668	24117248	133792	0	0	301080	0	
36175872	36175872	11667060	12	24117248	155624	11511448	24117248	133432	0	0	328156	0	
36175872	36175872	11667060	12	24117248	157264	11509808	24117248	135112	0	0	299567	0	
36175872	36175872	11667040	32	24117248	164404	11502668	24117248	135652	0	0	287684	0	
36175872	36175872	11667060	12	24117248	157544	11509528	24117248	131732	0	0	272379	0	
36175872	36175872	11667060	12	24117248	156664	11510408	24117248	132312	0	0	403014	0	
36175872	36175872	11667060	12	24117248	164284	11502788	24117248	133652	0	0	347189	0	
36175872	36175872	11667060	12	24117248	151724	11515348	24117248	129672	0	0	263483	0	
36175872	36175872	11667060	12	24117248	158744	11508328	24117248	133932	0	0	303778	0	
36175872	36175872	11667060	12	24117248	159404	11507668	24117248	133792	0	0	309658	0	
36175872	36175872	11667060	12	24117248	155624	11511448	24117248	133432	0	0	296336	0	
36175872	36175872	11667060	12	24117248	157264	11509808	24117248	135112	0	0	273278	0	
36175872	36175872	11667040	32	24117248	164404	11502668	24117248	135652	0	0	315283	0	
36175872	36175872	11667060	12	24117248	157544	11509528	24117248	131732	0	0	269948	0	
36175872	36175872	11667060	12	24117248	154384	11512688	24117248	132312	0	0	293364	0	
36175872	36175872	11667060	12	24117248	158984	11508088	24117248	135212	0	0	342642	0	
36175872	36175872	11667060	12	24117248	156664	11510408	24117248	134612	0	0	274781	0	
36175872	36175872	11667040	32	24117248	167204	11499868	24117248	135652	0	0	293675	0	
36175872	36175872	11667060	12	24117248	153344	11513728	24117248	130112	0	0	312598	0	
36175872	36175872	11667060	12	24117248	155864	11511208	24117248	133612	0	0	275951	0	
36175872	36175872	11667060	12	24117248	157484	11509588	24117248	135212	0	0	297183	0	
36175872	36175872	11667060	12	24117248	167204	11499868	24117248	135612	0	0	318134	0	
36175872	36175872	11667060	12	24117248	152204	11514868	24117248	130112	0	0	289454	0	
36175872	36175872	11667060	12	24117248	158744	11508328	24117248	133932	0	0	275878	0	
36175872	36175872	11667060	12	24117248	159404	11507668	24117248	133792	0	0	278777	0	
36175872	36175872	11667060	12	24117248	155624	11511448	24117248	133432	0	0	291736	0	
36175872	36175872	11667060	12	24117248	157264	11509808	24117248	135112	0	0	303138	0	
36175872	36175872	11667040	32	24117248	164404	11502668	24117248	135652	0	0	288485	0	
36175872	36175872	11667060	12	24117248	157544	11509528	24117248	131732	0	0	276151	0	
36175872	36175872	11667060	12	24117248	154384	11512688	24117248	132312	0	0	393378	0	
36175872	36175872	11667060	12	24117248	157484	11509588	24117248	135212	0	0	299263	0	
36175872	36175872	11667060	12	24117248	167204	11499868	24117248	135612	0	0	291409	0	
36175872	36175872	11667060	12	24117248	152204	11514868	24117248	130112	0	0	267937	0	
36175872	36175872	11667060	12	24117248	158744	11508328	24117248	133932	0	0	298512	0	
36175872	36175872	11667060	12	24117248	162764	11504308	24117248	133792	0	0	389783	0	
36175872	36175872	11667060	12	24117248	161384	11505688	24117248	131252	0	0	281671	0	
36175872	36175872	11667060	12	24117248	160804	11506268	24117248	129172	0	0	279518	0	
36175872	36175872	11667060	12	24117248	152904	11514168	24117248	127292	0	0	295138	0	
36175872	36175872	11667040	32	24117248	132144	11534928	24117248	131312	0	0	313404	0	
36175872	36175872	11667060	12	24117248	160584	11506488	24117248	138612	0	0	279122	0	
36175872	36175872	11667060	12	24117248	137924	11529148	24117248	137212	0	0	303482	0	
36175872	36175872	11667060	12	24117248	137384	11529688	24117248	136592	0	0	319630	0	
36175872	36175872	11667060	12	24117248	138044	11529028	24117248	106192	0	0	267441	0	
36175872	36175872	11667060	12	24117248	143984	11523088	24117248	122092	0	0	250220	0	
36175872	36175872	11667060	12	24117248	155844	11511228	24117248	133952	0	0	306460	0	
36175872	36175872	11667060	12	24117248	158224	11508848	24117248	136448	0	0	283324	0	
36175872	36175872	11667060	12	24117248	158704	11508368	24117248	136668	196	0	304013	0	
36175872	36175872	11667060	12	24117248	158104	11508968	24117248	136192	0	0	277077	0	
36175872	36175872	11667060	12	24117248	160284	11506788	24117248	136532	0	0	296013	0	
36175872	36175872	11667060	12	24117248	156664	11510408	24117248	134760	0	0	309578	0	
36175872	36175872	11667060	12	24117248	158764	11508308	24117248	136560	28	0	280404	0	
36175872	36175872	11667060	12	24117248	158104	11508968	24117248	136192	0	0	277457	0	
36175872	36175872	11667060	12	24117248	158764	11508308	24117248	136532	0	0	272631	0	
36175872	36175872	11667060	12	24117248	160404	11506668	24117248	136192	0	0	377523	0	
36175872	36175872	11667060	12	24117248	156204	11510868	24117248	134232	0	0	296331	0	
36175872	36175872	11667060	12	24117248	158704	11508368	24117248	136472	0	0	271879	0	
36175872	36175872	11667060	12	24117248	158104	11508968	24117248	136192	0	0	273425	0	
36175872	36175872	11667060	12	24117248	158764	11508308	24117248	136532	0	0	326140	0	
36175872	36175872	11667060	12	24117248	158864	11508208	24117248	137048	0	0	303752	0	
36175872	36175872	11667060	12	24117248	164564	11502508	24117248	143144	0	0	296074	0	
36175872	36175872	11667060	12	24117248	162064	11505008	24117248	131056	384	0	278422	0	
36175872	36175872	11667060	12	24117248	150944	11516128	24117248	127472	720	0	334434	0	
36175872	36175872	11667060	12	24117248	155384	11511688	24117248	133192	0	0	276067	0	
36175872	36175872	11667060	12	24117248	157804	11509268	24117248	135572	0	0	275315	0	
36175872	36175872	11667060	12	24117248	160324	11506748	24117248	137204	0	0	293261	0	
36175872	36175872	11667060	12	24117248	156204	11510868	24117248	134428	0	0	301850	0	
36175872	36175872	11667060	12	24117248	158704	11508368	24117248	136668	196	0	305390	0	
36175872	36175872	11667060	12	24117248	158324	11508748	24117248	136292	0	0	276033	0	
36175872	36175872	11667060	12	24117248	160864	11506208	24117248	136412	0	0	278707	0	
36175872	36175872	11667060	12	24117248	155944	11511128	24117248	134012	0	0	292521	0	
36175872	36175872	11667060	12	24117248	158764	11508308	24117248	136532	0	0	278399	0	
36175872	36175872	11667060	12	24117248	158324	11508748	24117248	136292	0	0	278332	0	
36175872	36175872	11667060	12	24117248	158584	11508488	24117248	136412	0	0	274159	0	
36175872	36175872	11667060	12	24117248	158344	11508728	24117248	136312	0	0	272603	0	
36175872	36175872	11667060	12	24117248	158584	11508488	24117248	136412	0	0	328658	0	
36175872	36175872	11667060	12	24117248	158344	11508728	24117248	136312	0	0	271696	0	
36175872	36175872	11667060	12	24117248	158584	11508488	24117248	136412	0	0	292381	0	
36175872	36175872	11667060	12	24117248	158344	11508728	24117248	136312	0	0	407762	0	
36175872	36175872	11667060	12	24117248	160864	11506208	24117248	136412	0	0	425698	0	
36175872	36175872	11667060	12	24117248	155944	11511128	24117248	134012	0	0	314307	0	
36175872	36175872	11667060	12	24117248	158764	11508308	24117248	136532	0	0	293860	0	
36175872	36175872	11667060	12	24117248	158324	11508748	24117248	136292	0	0	305868	0	
36175872	36175872	11667060	12	24117248	158584	11508488	24117248	136412	0	0	279169	0	
36175872	36175872	11667060	12	24117248	158344	11508728	24117248	136312	0	0	331077	0	
36175872	36175872	11667060	12	24117248	158584	11508488	24117248	136412	0	0	279485	0	
36175872	36175872	11667060	12	24117248	158344	11508728	24117248	136312	0	0	349475	0	
36175872	36175872	11667060	12	24117248	158584	11508488	24117248	136412	0	0	282772	0	
36175872	36175872	11667060	12	24117248	160624	11506448	24117248	136312	0	0	361029	0	
36175872	36175872	11667060	12	24117248	156244	11510828	24117248	134152	0	0	306160	0	
36175872	36175872	11667060	12	24117248	158584	11508488	24117248	136412	0	0	311721	0	
36175872	36175872	11667060	12	24117248	158344	11508728	24117248	136312	0	0	279078	0	
36175872	36175872	11667060	12	24117248	158584	11508488	24117248	136412	0	0	280076	0	
36175872	36175872	11667060	12	24117248	158344	11508728	24117248	136312	0	0	303646	0	
36175872	36175872	11667060	12	24117248	158584	11508488	24117248	136412	0	0	305426	0	
36175872	36175872	11667060	12	24117248	158344	11508728	24117248	136312	0	0	280763	0	
36175872	36175872	11667060	12	24117248	158584	11508488	24117248	136412	0	0	273678	0	
36175872	36175872	11667060	12	24117248	158344	11508728	24117248	136312	0	0	272201	0	
36175872	36175872	11667060	12	24117248	158584	11508488	24117248	136412	0	0	298425	0	
36175872	36175872	11667060	12	24117248	158344	11508728	24117248	136312	0	0	297421	0	
36175872	36175872	11667060	12	24117248	158584	11508488	24117248	136412	0	0	272861	0	
36175872	36175872	11667060	12	24117248	158344	11508728	24117248	136312	0	0	272910	0	
36175872	36175872	11667060	12	24117248	160864	11506208	24117248	136412	0	0	307568	0	
36175872	36175872	11667060	12	24117248	155944	11511128	24117248	134012	0	0	279191	0	
36175872	36175872	11667060	12	24117248	158924	11508148	24117248	136580	0	0	280931	0	
36175872	36175872	11667060	12	24117248	158424	11508648	24117248	136160	168	0	300700	0	
36175872	36175872	11667060	12	24117248	160364	11506708	24117248	135992	0	0	373022	0	
36175872	36175872	11667060	12	24117248	156104	11510968	24117248	134092	0	0	297394	0	
36175872	36175872	11667060	12	24117248	158584	11508488	24117248	136412	0	0	277613	0	
36175872	36175872	11667060	12	24117248	158404	11508668	24117248	136332	0	0	342991	0	
36175872	36175872	11667060	12	24117248	158584	11508488	24117248	136412	0	0	301898	0	
36175872	36175872	11667060	12	24117248	158404	11508668	24117248	136332	0	0	325341	0	
36175872	36175872	11667060	12	24117248	158584	11508488	24117248	136412	0	0	277520	0	
36175872	36175872	11667060	12	24117248	158404	11508668	24117248	136332	0	0	524845	0	
36175872	36175872	11667060	12	24117248	160864	11506208	24117248	136412	0	0	373776	0	
36175872	36175872	11667060	12	24117248	155944	11511128	24117248	134012	0	0	294645	0	
36175872	36175872	11667060	12	24117248	158764	11508308	24117248	136532	0	0	303032	0	
36175872	36175872	11667060	12	24117248	158744	11508328	24117248	136332	0	0	340057	0	
36175872	36175872	11667060	12	24117248	158064	11509008	24117248	135992	0	0	294957	0	
36175872	36175872	11667060	12	24117248	158584	11508488	24117248	136412	0	0	306035	0	
36175872	36175872	11667060	12	24117248	158404	11508668	24117248	136332	0	0	309042	0	
36175872	36175872	11667060	12	24117248	158584	11508488	24117248	136412	0	0	302374	0	
36175872	36175872	11667060	12	24117248	158404	11508668	24117248	136332	0	0	271134	0	
36175872	36175872	11667060	12	24117248	158584	11508488	24117248	136412	0	0	275396	0	
36175872	36175872	11667060	12	24117248	158404	11508668	24117248	136332	0	0	276196	0	
36175872	36175872	11667060	12	24117248	158584	11508488	24117248	136412	0	0	310861	0	
36175872	36175872	11667060	12	24117248	158404	11508668	24117248	136332	0	0	293519	0	
36175872	36175872	11667060	12	24117248	158584	11508488	24117248	136412	0	0	270330	0	
36175872	36175872	11667060	12	24117248	158404	11508668	24117248	136332	0	0	274107	0	
36175872	36175872	11667060	12	24117248	158584	11508488	24117248	136412	0	0	273847	0	
36175872	36175872	11667060	12	24117248	158404	11508668	24117248	136332	0	0	297013	0	
36175872	36175872	11667060	12	24117248	160864	11506208	24117248	136412	0	0	375979	0	
36175872	36175872	11667060	12	24117248	155944	11511128	24117248	134012	0	0	271179	0	
36175872	36175872	11667060	12	24117248	158764	11508308	24117248	136532	0	0	277659	0	
36175872	36175872	11667060	12	24117248	158404	11508668	24117248	136332	0	0	301636	0	
36175872	36175872	11667060	12	24117248	158584	11508488	24117248	136412	0	0	294760	0	
36175872	36175872	11667060	12	24117248	158404	11508668	24117248	136332	0	0	271569	0	
36175872	36175872	11667060	12	24117248	158584	11508488	24117248	136412	0	0	272189	0	
36175872	36175872	11667060	12	24117248	158404	11508668	24117248	136332	0	0	281001	0	
36175872	36175872	11667060	12	24117248	158584	11508488	24117248	136412	0	0	301166	0	
36175872	36175872	11667060	12	24117248	158404	11508668	24117248	136332	0	0	303501	0	
36175872	36175872	11667060	12	24117248	160864	11506208	24117248	136412	0	0	373637	0	
36175872	36175872	11667060	12	24117248	155944	11511128	24117248	134012	0	0	299383	0	
36175872	36175872	11667060	12	24117248	158764	11508308	24117248	136532	0	0	297125	0	
36175872	36175872	11667060	12	24117248	158404	11508668	24117248	136332	0	0	273605	0	
36175872	36175872	11667060	12	24117248	158584	11508488	24117248	136412	0	0	298966	0	
36175872	36175872	11667060	12	24117248	158404	11508668	24117248	136332	0	0	270448	0	
36175872	36175872	11667060	12	24117248	158584	11508488	24117248	136412	0	0	275970	0	
36175872	36175872	11667060	12	24117248	158404	11508668	24117248	136332	0	0	304096	0	
36175872	36175872	11667060	12	24117248	158584	11508488	24117248	136412	0	0	303796	0	
36175872	36175872	11667060	12	24117248	160684	11506388	24117248	136332	0	0	369994	0	
36175872	36175872	11667060	12	24117248	156244	11510828	24117248	134152	0	0	273144	0	
36175872	36175872	11667060	12	24117248	158924	11508148	24117248	136412	0	0	448119	0	
36175872	36175872	11667060	12	24117248	158064	11509008	24117248	135992	0	0	307497	0	
36175872	36175872	11667060	12	24117248	158584	11508488	24117248	136412	0	0	293538	0	
36175872	36175872	11667060	12	24117248	158404	11508668	24117248	136332	0	0	293834	0	
36175872	36175872	11667060	12	24117248	158584	11508488	24117248	136412	0	0	270015	0	
36175872	36175872	11667060	12	24117248	158404	11508668	24117248	136332	0	0	303078	0	
36175872	36175872	11667060	12	24117248	158584	11508488	24117248	136412	0	0	307125	0	
36175872	36175872	11667060	12	24117248	158404	11508668	24117248	136332	0	0	276621	0	
36175872	36175872	11667060	12	24117248	158584	11508488	24117248	136412	0	0	270194	0	
36175872	36175872	11667060	12	24117248	158404	11508668	24117248	136332	0	0	273325	0	
36175872	36175872	11667060	12	24117248	158584	11508488	24117248	136412	0	0	272349	0	
36175872	36175872	11667060	12	24117248	158404	11508668	24117248	136332	0	0	302303	0	
36175872	36175872	11667060	12	24117248	158584	11508488	24117248	136412	0	0	273254	0	
36175872	36175872	11667060	12	24117248	158404	11508668	24117248	136332	0	0	327663	0	
36175872	36175872	11667060	12	24117248	158584	11508488	24117248	136412	0	0	328122	0	
36175872	36175872	11667060	12	24117248	160684	11506388	24117248	136332	0	0	372105	0	
36175872	36175872	11667060	12	24117248	156244	11510828	24117248	134152	0	0	266134	0	
36175872	36175872	11667060	12	24117248	158584	11508488	24117248	136412	0	0	292544	0	
36175872	36175872	11667060	12	24117248	158404	11508668	24117248	136332	0	0	273756	0	
36175872	36175872	11667060	12	24117248	158584	11508488	24117248	136412	0	0	273558	0	
36175872	36175872	11667060	12	24117248	158404	11508668	24117248	136332	0	0	271842	0	
36175872	36175872	11667060	12	24117248	158584	11508488	24117248	136412	0	0	271151	0	
36175872	36175872	11667060	12	24117248	158404	11508668	24117248	136332	0	0	322686	0	
36175872	36175872	11667060	12	24117248	158584	11508488	24117248	136412	0	0	298553	0	
36175872	36175872	11667060	12	24117248	158404	11508668	24117248	136332	0	0	274876	0	
36175872	36175872	11667060	12	24117248	160864	11506208	24117248	136412	0	0	378789	0	
36175872	36175872	11667060	12	24117248	155944	11511128	24117248	134012	0	0	290807	0	
36175872	36175872	11667060	12	24117248	158764	11508308	24117248	136532	0	0	303806	0	
36175872	36175872	11667060	12	24117248	158404	11508668	24117248	136332	0	0	272548	0	
36175872	36175872	11667060	12	24117248	158584	11508488	24117248	136412	0	0	301549	0	
36175872	36175872	11667060	12	24117248	158404	11508668	24117248	136332	0	0	273525	0	
36175872	36175872	11667060	12	24117248	158584	11508488	24117248	136412	0	0	273311	0	
36175872	36175872	11667060	12	24117248	158404	11508668	24117248	136332	0	0	271083	0	
36175872	36175872	11667060	12	24117248	158584	11508488	24117248	136412	0	0	329638	0	
36175872	36175872	11667060	12	24117248	160684	11506388	24117248	136332	0	0	348732	0	
36175872	36175872	11667060	12	24117248	156244	11510828	24117248	134152	0	0	294321	0	
36175872	36175872	11667060	12	24117248	158584	11508488	24117248	136412	0	0	302754	0	
36175872	36175872	11667060	12	24117248	158404	11508668	24117248	136332	0	0	298333	0	
36175872	36175872	11667060	12	24117248	158584	11508488	24117248	136412	0	0	272346	0	
36175872	36175872	11667060	12	24117248	158744	11508328	24117248	136332	0	0	292342	0	
36175872	36175872	11667060	12	24117248	158064	11509008	24117248	135992	0	0	271951	0	
36175872	36175872	11667060	12	24117248	158584	11508488	24117248	136412	0	0	278736	0	
36175872	36175872	11667060	12	24117248	158404	11508668	24117248	136332	0	0	302580	0	
36175872	36175872	11667060	12	24117248	160864	11506208	24117248	136412	0	0	375632	0	
36175872	36175872	11667060	12	24117248	155944	11511128	24117248	134012	0	0	274528	0	
36175872	36175872	11667060	12	24117248	158764	11508308	24117248	136532	0	0	325491	0	
36175872	36175872	11667060	12	24117248	158404	11508668	24117248	136332	0	0	297252	0	
36175872	36175872	11667060	12	24117248	158584	11508488	24117248	136412	0	0	297497	0	
36175872	36175872	11667060	12	24117248	158404	11508668	24117248	136332	0	0	272077	0	
36175872	36175872	11667060	12	24117248	158584	11508488	24117248	136412	0	0	273383	0	
36175872	36175872	11667060	12	24117248	158404	11508668	24117248	136332	0	0	272501	0	
36175872	36175872	11667060	12	24117248	158584	11508488	24117248	136412	0	0	271915	0	
36175872	36175872	11667060	12	24117248	158404	11508668	24117248	136332	0	0	274419	0	
36175872	36175872	11667060	12	24117248	158584	11508488	24117248	136412	0	0	297218	0	
36175872	36175872	11667060	12	24117248	158404	11508668	24117248	136332	0	0	367953	0	
36175872	36175872	11667060	12	24117248	158584	11508488	24117248	136412	0	0	293634	0	
36175872	36175872	11667060	12	24117248	158404	11508668	24117248	136332	0	0	273195	0	
36175872	36175872	11667060	12	24117248	158584	11508488	24117248	136412	0	0	296226	0	
36175872	36175872	11667060	12	24117248	158744	11508328	24117248	136332	0	0	302351	0	
36175872	36175872	11667060	12	24117248	158064	11509008	24117248	135992	0	0	268803	0	
36175872	36175872	11667060	12	24117248	158584	11508488	24117248	136412	0	0	273491	0	
36175872	36175872	11667060	12	24117248	158404	11508668	24117248	136332	0	0	278619	0	
36175872	36175872	11667060	12	24117248	160864	11506208	24117248	136412	0	0	383700	0	
36175872	36175872	11667060	12	24117248	155944	11511128	24117248	134012	0	0	297300	0	
36175872	36175872	11667060	12	24117248	158764	11508308	24117248	136532	0	0	301491	0	
36175872	36175872	11667060	12	24117248	158404	11508668	24117248	136332	0	0	300871	0	
36175872	36175872	11667060	12	24117248	158584	11508488	24117248	136412	0	0	297964	0	
36175872	36175872	11667060	12	24117248	160684	11506388	24117248	136332	0	0	292393	0	
36175872	36175872	11667060	12	24117248	155884	11511188	24117248	134192	0	0	275198	0	
36175872	36175872	11667060	12	24117248	158764	11508308	24117248	136712	220	0	283446	0	
36175872	36175872	11667060	12	24117248	158324	11508748	24117248	136292	0	0	318876	0	
36175872	36175872	11667060	12	24117248	160864	11506208	24117248	136412	0	0	372818	0	
36175872	36175872	11667060	12	24117248	155944	11511128	24117248	134012	0	0	270235	0	
36175872	36175872	11667060	12	24117248	158764	11508308	24117248	136532	0	0	294342	0	
36175872	36175872	11667060	12	24117248	158404	11508668	24117248	136332	0	0	330304	0	
36175872	36175872	11667060	12	24117248	158584	11508488	24117248	136412	0	0	295892	0	
36175872	36175872	11667060	12	24117248	158404	11508668	24117248	136332	0	0	277254	0	
36175872	36175872	11667060	12	24117248	158584	11508488	24117248	136412	0	0	271415	0	
36175872	36175872	11667060	12	24117248	158404	11508668	24117248	136332	0	0	343969	0	
36175872	36175872	11667060	12	24117248	158584	11508488	24117248	136412	0	0	275434	0	
36175872	36175872	11667060	12	24117248	158404	11508668	24117248	136332	0	0	269123	0	
36175872	36175872	11667060	12	24117248	158584	11508488	24117248	136412	0	0	275718	0	
36175872	36175872	11667060	12	24117248	160684	11506388	24117248	136332	0	0	373587	0	
36175872	36175872	11667060	12	24117248	156244	11510828	24117248	134152	0	0	297214	0	
36175872	36175872	11667060	12	24117248	158584	11508488	24117248	136412	0	0	301127	0	
36175872	36175872	11667060	12	24117248	158404	11508668	24117248	136332	0	0	295779	0	
36175872	36175872	11667060	12	24117248	158584	11508488	24117248	136412	0	0	337685	0	
36175872	36175872	11667060	12	24117248	158404	11508668	24117248	136332	0	0	299647	0	
36175872	36175872	11667060	12	24117248	158584	11508488	24117248	136412	0	0	270626	0	
36175872	36175872	11667060	12	24117248	158744	11508328	24117248	136332	0	0	295227	0	
36175872	36175872	11667060	12	24117248	158064	11509008	24117248	135992	0	0	349423	0	
36175872	36175872	11667060	12	24117248	160864	11506208	24117248	136412	0	0	380762	0	
36175872	36175872	11667060	12	24117248	155944	11511128	24117248	134012	0	0	301935	0	
36175872	36175872	11667060	12	24117248	158764	11508308	24117248	136532	0	0	300651	0	
36175872	36175872	11667060	12	24117248	158404	11508668	24117248	136332	0	0	328640	0	
36175872	36175872	11667060	12	24117248	158584	11508488	24117248	136412	0	0	292840	0	
36175872	36175872	11667060	12	24117248	158404	11508668	24117248	136332	0	0	271795	0	
36175872	36175872	11667060	12	24117248	158584	11508488	24117248	136412	0	0	295885	0	
36175872	36175872	11667060	12	24117248	160304	11506768	24117248	137188	0	0	323756	0	
36175872	36175872	11667060	12	24117248	156724	11510348	24117248	134592	0	0	276756	0	
36175872	36175872	11667060	12	24117248	160684	11506388	24117248	136332	0	0	354692	0	
36175872	36175872	11667060	12	24117248	156244	11510828	24117248	134152	0	0	270581	0	
36175872	36175872	11667060	12	24117248	158924	11508148	24117248	136412	0	0	302843	0	
36175872	36175872	11667060	12	24117248	158064	11509008	24117248	135992	0	0	291676	0	
36175872	36175872	11667060	12	24117248	158584	11508488	24117248	136412	0	0	273319	0	
36175872	36175872	11667060	12	24117248	158404	11508668	24117248	136332	0	0	275080	0	
36175872	36175872	11667060	12	24117248	158584	11508488	24117248	136412	0	0	327375	0	
36175872	36175872	11667060	12	24117248	157124	11509948	24117248	135596	0	0	301403	0	
36175872	36175872	11667060	12	24117248	159384	11507688	24117248	137576	584	0	289809	0	
36175872	36175872	11667060	12	24117248	158004	11509068	24117248	136052	0	0	297826	0	
36175872	36175872	11667060	12	24117248	160284	11506788	24117248	136532	0	0	410926	0	
36175872	36175872	11667060	12	24117248	156664	11510408	24117248	134732	0	0	293681	0	
36175872	36175872	11667060	12	24117248	158764	11508308	24117248	136532	0	0	303831	0	
36175872	36175872	11667060	12	24117248	158404	11508668	24117248	136332	0	0	333811	0	
36175872	36175872	11667060	12	24117248	160864	11506208	24117248	136412	0	0	296897	0	
36175872	36175872	11667060	12	24117248	155944	11511128	24117248	134012	0	0	269932	0	
36175872	36175872	11667060	12	24117248	158764	11508308	24117248	136532	0	0	280906	0	
36175872	36175872	11667060	12	24117248	158404	11508668	24117248	136332	0	0	275841	0	
36175872	36175872	11667060	12	24117248	160864	11506208	24117248	136412	0	0	379817	0	
36175872	36175872	11667060	12	24117248	155944	11511128	24117248	134012	0	0	289878	0	
36175872	36175872	11667060	12	24117248	158764	11508308	24117248	136532	0	0	270946	0	
36175872	36175872	11667060	12	24117248	158404	11508668	24117248	136332	0	0	275259	0	
36175872	36175872	11667060	12	24117248	158584	11508488	24117248	136412	0	0	331005	0	
36175872	36175872	11667060	12	24117248	158404	11508668	24117248	136332	0	0	272245	0	
36175872	36175872	11667060	12	24117248	158584	11508488	24117248	136412	0	0	270358	0	
36175872	36175872	11667060	12	24117248	158404	11508668	24117248	136332	0	0	281730	0	
36175872	36175872	11667060	12	24117248	158584	11508488	24117248	136412	0	0	273402	0	
36175872	36175872	11667060	12	24117248	160684	11506388	24117248	136332	0	0	373326	0	
36175872	36175872	11667060	12	24117248	158524	11508548	24117248	134152	0	0	313750	0	
36175872	36175872	11667060	12	24117248	156104	11510968	24117248	134092	0	0	267216	0	
36175872	36175872	11667060	12	24117248	158584	11508488	24117248	136412	0	0	275199	0	
36175872	36175872	11667060	12	24117248	158404	11508668	24117248	136332	0	0	294490	0	
36175872	36175872	11667060	12	24117248	158584	11508488	24117248	136412	0	0	297879	0	
36175872	36175872	11667060	12	24117248	158404	11508668	24117248	136332	0	0	270982	0	
36175872	36175872	11667060	12	24117248	158584	11508488	24117248	136412	0	0	298402	0	
36175872	36175872	11667060	12	24117248	158404	11508668	24117248	136332	0	0	270158	0	
36175872	36175872	11667060	12	24117248	158584	11508488	24117248	136412	0	0	271769	0	
36175872	36175872	11667060	12	24117248	158404	11508668	24117248	136332	0	0	301219	0	
36175872	36175872	11667060	12	24117248	158584	11508488	24117248	136412	0	0	293992	0	
36175872	36175872	11667060	12	24117248	158404	11508668	24117248	136332	0	0	292491	0	
36175872	36175872	11667060	12	24117248	158584	11508488	24117248	136412	0	0	294324	0	
36175872	36175872	11667060	12	24117248	158404	11508668	24117248	136332	0	0	304219	0	
36175872	36175872	11667060	12	24117248	158584	11508488	24117248	136412	0	0	324358	0	
36175872	36175872	11667060	12	24117248	160684	11506388	24117248	136332	0	0	389616	0	
36175872	36175872	11667060	12	24117248	156244	11510828	24117248	134152	0	0	271133	0	
36175872	36175872	11667060	12	24117248	158584	11508488	24117248	136412	0	0	274423	0	
36175872	36175872	11667060	12	24117248	158404	11508668	24117248	136332	0	0	282628	0	
36175872	36175872	11667060	12	24117248	158584	11508488	24117248	136412	0	0	276419	0	
36175872	36175872	11667060	12	24117248	158404	11508668	24117248	136332	0	0	300495	0	
36175872	36175872	11667060	12	24117248	158584	11508488	24117248	136412	0	0	270400	0	
36175872	36175872	11667060	12	24117248	158404	11508668	24117248	136332	0	0	304234	0	
36175872	36175872	11667060	12	24117248	158584	11508488	24117248	136412	0	0	293891	0	
36175872	36175872	11667060	12	24117248	158404	11508668	24117248	136332	0	0	294360	0	
36175872	36175872	11667060	12	24117248	158584	11508488	24117248	136412	0	0	272753	0	
36175872	36175872	11667060	12	24117248	160684	11506388	24117248	136332	0	0	349793	0	
36175872	36175872	11667060	12	24117248	156244	11510828	24117248	134152	0	0	267328	0	
36175872	36175872	11667060	12	24117248	158584	11508488	24117248	136412	0	0	273608	0	
36175872	36175872	11667060	12	24117248	158404	11508668	24117248	136332	0	0	270570	0	
36175872	36175872	11667060	12	24117248	158584	11508488	24117248	136412	0	0	275475	0	
36175872	36175872	11667060	12	24117248	158404	11508668	24117248	136332	0	0	293170	0	
36175872	36175872	11667060	12	24117248	158584	11508488	24117248	136412	0	0	294354	0	
36175872	36175872	11667060	12	24117248	158404	11508668	24117248	136332	0	0	274491	0	
36175872	36175872	11667060	12	24117248	158584	11508488	24117248	136412	0	0	271819	0	
36175872	36175872	11667060	12	24117248	158404	11508668	24117248	136332	0	0	292913	0	
36175872	36175872	11667060	12	24117248	158584	11508488	24117248	136412	0	0	298461	0	
36175872	36175872	11667060	12	24117248	160684	11506388	24117248	136332	0	0	376437	0	
36175872	36175872	11667060	12	24117248	156244	11510828	24117248	134152	0	0	268219	0	
36175872	36175872	11667060	12	24117248	158584	11508488	24117248	136412	0	0	275367	0	
36175872	36175872	11667060	12	24117248	158404	11508668	24117248	136332	0	0	292023	0	
36175872	36175872	11667060	12	24117248	158584	11508488	24117248	136412	0	0	300873	0	
36175872	36175872	11667060	12	24117248	158404	11508668	24117248	136332	0	0	299908	0	
36175872	36175872	11667060	12	24117248	158584	11508488	24117248	136412	0	0	280100	0	
36175872	36175872	11667060	12	24117248	158404	11508668	24117248	136332	0	0	271505	0	
36175872	36175872	11667060	12	24117248	158584	11508488	24117248	136412	0	0	292902	0	
36175872	36175872	11667060	12	24117248	158404	11508668	24117248	136332	0	0	273112	0	
36175872	36175872	11667060	12	24117248	160864	11506208	24117248	136412	0	0	372482	0	
36175872	36175872	11667060	12	24117248	155944	11511128	24117248	134012	0	0	297717	0	
36175872	36175872	11667060	12	24117248	158764	11508308	24117248	136532	0	0	301348	0	
36175872	36175872	11667060	12	24117248	158404	11508668	24117248	136332	0	0	276209	0	
36175872	36175872	11667060	12	24117248	158584	11508488	24117248	136412	0	0	323664	0	
36175872	36175872	11667060	12	24117248	158404	11508668	24117248	136332	0	0	303975	0	
36175872	36175872	11667060	12	24117248	158584	11508488	24117248	136412	0	0	272706	0	
36175872	36175872	11667060	12	24117248	158404	11508668	24117248	136332	0	0	272788	0	
36175872	36175872	11667060	12	24117248	160864	11506208	24117248	136412	0	0	369502	0	
36175872	36175872	11667060	12	24117248	155944	11511128	24117248	134012	0	0	319111	0	
36175872	36175872	11667060	12	24117248	158764	11508308	24117248	136532	0	0	323173	0	
36175872	36175872	11667060	12	24117248	158404	11508668	24117248	136332	0	0	276160	0	
36175872	36175872	11667060	12	24117248	158584	11508488	24117248	136412	0	0	300145	0	
36175872	36175872	11667060	12	24117248	158404	11508668	24117248	136332	0	0	330073	0	
36175872	36175872	11667060	12	24117248	158584	11508488	24117248	136412	0	0	304910	0	
36175872	36175872	11667060	12	24117248	158404	11508668	24117248	136332	0	0	276118	0	
36175872	36175872	11667060	12	24117248	160864	11506208	24117248	136412	0	0	357228	0	
36175872	36175872	11667060	12	24117248	155944	11511128	24117248	134012	0	0	301930	0	
36175872	36175872	11667060	12	24117248	158764	11508308	24117248	136532	0	0	275378	0	
36175872	36175872	11667060	12	24117248	158404	11508668	24117248	136332	0	0	274153	0	
36175872	36175872	11667060	12	24117248	158584	11508488	24117248	136412	0	0	303347	0	
36175872	36175872	11667060	12	24117248	158744	11508328	24117248	136332	0	0	337358	0	
36175872	36175872	11667060	12	24117248	158064	11509008	24117248	135992	0	0	291364	0	
36175872	36175872	11667060	12	24117248	158584	11508488	24117248	136412	0	0	272642	0	
36175872	36175872	11667060	12	24117248	158404	11508668	24117248	136332	0	0	299868	0	
36175872	36175872	11667060	12	24117248	160864	11506208	24117248	136412	0	0	398371	0	
36175872	36175872	11667060	12	24117248	158244	11508828	24117248	134012	0	0	307019	0	
36175872	36175872	11667060	12	24117248	156244	11510828	24117248	134292	0	0	301718	0	
36175872	36175872	11667060	12	24117248	158764	11508308	24117248	136532	0	0	271299	0	
36175872	36175872	11667060	12	24117248	158404	11508668	24117248	136332	0	0	306756	0	
36175872	36175872	11667060	12	24117248	158584	11508488	24117248	136412	0	0	301640	0	
36175872	36175872	11667060	12	24117248	158404	11508668	24117248	136332	0	0	276596	0	
36175872	36175872	11667060	12	24117248	158584	11508488	24117248	136412	0	0	272022	0	
36175872	36175872	11667068	4	24117248	158324	11508748	24117248	136340	0	0	299845	0	
36175872	36175872	11667060	12	24117248	158584	11508488	24117248	136460	48	0	301491	0	
36175872	36175872	11667060	12	24117248	158404	11508668	24117248	136332	0	0	294189	0	
36175872	36175872	11667060	12	24117248	158584	11508488	24117248	136412	0	0	272327	0	
36175872	36175872	11667060	12	24117248	158404	11508668	24117248	136332	0	0	323184	0	
36175872	36175872	11667060	12	24117248	158584	11508488	24117248	136412	0	0	272249	0	
36175872	36175872	11667060	12	24117248	158404	11508668	24117248	136332	0	0	271430	0	
36175872	36175872	11667060	12	24117248	158584	11508488	24117248	136412	0	0	302122	0	
36175872	36175872	11667060	12	24117248	160684	11506388	24117248	136332	0	0	350911	0	
36175872	36175872	11667060	12	24117248	156244	11510828	24117248	134152	0	0	267508	0	
36175872	36175872	11667060	12	24117248	158584	11508488	24117248	136412	0	0	294944	0	
36175872	36175872	11667060	12	24117248	158404	11508668	24117248	136332	0	0	270256	0	
36175872	36175872	11667060	12	24117248	158584	11508488	24117248	136412	0	0	300850	0	
36175872	36175872	11667060	12	24117248	158404	11508668	24117248	136332	0	0	331608	0	
36175872	36175872	11667060	12	24117248	158584	11508488	24117248	136412	0	0	293519	0	
36175872	36175872	11667060	12	24117248	158404	11508668	24117248	136332	0	0	271773	0	
36175872	36175872	11667060	12	24117248	158584	11508488	24117248	136412	0	0	273122	0	
36175872	36175872	11667060	12	24117248	158404	11508668	24117248	136332	0	0	299903	0	
36175872	36175872	11667060	12	24117248	160864	11506208	24117248	136412	0	0	347919	0	
36175872	36175872	11667060	12	24117248	155944	11511128	24117248	134012	0	0	289584	0	
36175872	36175872	11667060	12	24117248	158764	11508308	24117248	136532	0	0	273094	0	
36175872	36175872	11667060	12	24117248	158404	11508668	24117248	136332	0	0	300010	0	
36175872	36175872	11667060	12	24117248	158584	11508488	24117248	136412	0	0	295146	0	
36175872	36175872	11667060	12	24117248	158404	11508668	24117248	136332	0	0	296556	0	
36175872	36175872	11667060	12	24117248	158584	11508488	24117248	136412	0	0	270317	0	
36175872	36175872	11667060	12	24117248	158404	11508668	24117248	136332	0	0	274852	0	
36175872	36175872	11667060	12	24117248	158584	11508488	24117248	136412	0	0	275108	0	
36175872	36175872	11667060	12	24117248	158404	11508668	24117248	136332	0	0	272246	0	
36175872	36175872	11667060	12	24117248	160864	11506208	24117248	136412	0	0	346844	0	
36175872	36175872	11667060	12	24117248	155944	11511128	24117248	134012	0	0	292941	0	
36175872	36175872	11667060	12	24117248	158764	11508308	24117248	136532	0	0	274420	0	
36175872	36175872	11667060	12	24117248	158404	11508668	24117248	136332	0	0	325025	0	
36175872	36175872	11667060	12	24117248	158584	11508488	24117248	136412	0	0	275756	0	
36175872	36175872	11667060	12	24117248	158404	11508668	24117248	136332	0	0	274002	0	
36175872	36175872	11667060	12	24117248	158584	11508488	24117248	136412	0	0	271139	0	
36175872	36175872	11667060	12	24117248	158404	11508668	24117248	136332	0	0	296423	0	
36175872	36175872	11667060	12	24117248	158584	11508488	24117248	136412	0	0	296840	0	
36175872	36175872	11667060	12	24117248	158404	11508668	24117248	136332	0	0	270910	0	
36175872	36175872	11667060	12	24117248	158584	11508488	24117248	136412	0	0	322036	0	
36175872	36175872	11667060	12	24117248	158404	11508668	24117248	136332	0	0	269214	0	
36175872	36175872	11667060	12	24117248	158584	11508488	24117248	136412	0	0	297360	0	
36175872	36175872	11667060	12	24117248	158404	11508668	24117248	136332	0	0	272106	0	
36175872	36175872	11667060	12	24117248	158584	11508488	24117248	136412	0	0	272302	0	
36175872	36175872	11667060	12	24117248	158404	11508668	24117248	136332	0	0	273418	0	
