b_initial_y_size_0	b_max_y_size_1	b_used_2	b_available_3	b_committed_4	a_used_5	a_available_6	a_committed_7	a_survived_8	a_promoted_9	a_copied_10	a_time_in_ns_11	promotion_rate_12
33030144	33030144	10652532	12	22020096	824896	9827648	22020096	738576	74360	0	898223	6	
33030144	33030144	10652540	4	22020096	81756	10570788	22020096	60340	292	0	171376	0	
33030144	33030144	10652512	32	22020096	1588088	9064456	22020096	1305432	1028	0	1184895	1	
33030144	33030144	10652532	12	22020096	951536	9701008	22020096	773796	0	0	1028133	0	
33030144	33030144	10652532	12	22020096	208624	10443920	22020096	186400	64	0	404170	0	
33030144	33030144	10652520	24	22020096	78472	10574072	22020096	75992	24	0	179475	0	
33030144	33030144	10652532	12	22020096	1454380	9198164	22020096	1213480	0	0	1218199	0	
33030144	33030144	10652512	32	22020096	970344	9682200	22020096	723280	900	0	927581	0	
33030144	33030144	10652532	12	22020096	146224	10506320	22020096	124760	468	0	264131	0	
33030144	33030144	10652532	12	22020096	1626596	9025948	22020096	1346088	22256	0	1044502	17	
33030144	33030144	10652532	12	22020096	1017268	9635276	22020096	827896	0	0	825648	0	
33030144	33030144	10652532	12	22020096	218684	10433860	22020096	197016	264	0	405451	0	
33030144	33030144	10652520	24	22020096	78752	10573792	22020096	76536	0	0	208413	0	
33030144	33030144	10652532	12	22020096	1459900	9192644	22020096	1206908	0	0	1050913	0	
33030144	33030144	10652532	12	22020096	870020	9782524	22020096	721008	0	0	1048767	0	
33030144	33030144	10652532	12	22020096	169784	10482760	22020096	148876	936	0	375190	0	
33030144	33030144	10652532	12	22020096	1595428	9057116	22020096	1364752	0	0	1396871	0	
33030144	33030144	10652532	12	22020096	1075688	9576856	22020096	854124	72	0	981907	0	
33030144	33030144	10652532	12	22020096	215160	10437384	22020096	173472	0	0	352795	0	
33030144	33030144	10652520	24	22020096	102744	10549800	22020096	83884	0	0	193739	0	
33030144	33030144	10652532	12	22020096	1461380	9191164	22020096	1213432	0	0	1097345	0	
33030144	33030144	10652532	12	22020096	890540	9762004	22020096	731452	0	0	1010057	0	
33030144	33030144	10652532	12	22020096	162784	10489760	22020096	141192	0	0	296738	0	
33030144	33030144	10652532	12	22020096	1553252	9099292	22020096	1357172	0	0	1204790	0	
33030144	33030144	10652532	12	22020096	1102476	9550068	22020096	875152	0	0	1129882	0	
33030144	33030144	10652532	12	22020096	269472	10383072	22020096	196192	0	0	411246	0	
33030144	33030144	10652532	12	22020096	99284	10553260	22020096	80144	0	0	220272	0	
33030144	33030144	10652532	12	22020096	1452000	9200544	22020096	1209032	0	0	928810	0	
33030144	33030144	10652532	12	22020096	904488	9748056	22020096	726552	0	0	1109382	0	
33030144	33030144	10652532	12	22020096	149664	10502880	22020096	127512	0	0	265023	0	
33030144	33030144	10652532	12	22020096	1596208	9056336	22020096	1355952	0	0	1328541	0	
33030144	33030144	10652532	12	22020096	1045668	9606876	22020096	852272	0	0	1001126	0	
33030144	33030144	10652532	12	22020096	225300	10427244	22020096	195532	0	0	382274	0	
33030144	33030144	10652544	0	22020096	104784	10547760	22020096	85612	0	0	198384	0	
33030144	33030144	10652532	12	22020096	1478040	9174504	22020096	1218992	0	0	1059470	0	
33030144	33030144	10652532	12	22020096	871320	9781224	22020096	730232	0	0	1133640	0	
33030144	33030144	10652532	12	22020096	167484	10485060	22020096	143192	0	0	389204	0	
33030144	33030144	10652512	32	22020096	1636696	9015848	22020096	1361692	0	0	1152296	0	
33030144	33030144	10652532	12	22020096	1024808	9627736	22020096	850052	0	0	1012224	0	
33030144	33030144	10652532	12	22020096	280012	10372532	22020096	201772	0	0	465658	0	
33030144	33030144	10652536	8	22020096	98904	10553640	22020096	79088	0	0	181995	0	
33030144	33030144	10652532	12	22020096	1421232	9231312	22020096	1206992	0	0	1223148	0	
33030144	33030144	10652532	12	22020096	862552	9789992	22020096	735632	0	0	973371	0	
33030144	33030144	10652532	12	22020096	164004	10488540	22020096	142212	0	0	293160	0	
33030144	33030144	10652532	12	22020096	1596328	9056216	22020096	1347532	0	0	1117854	0	
33030144	33030144	10652532	12	22020096	1033708	9618836	22020096	873812	0	0	1046876	0	
33030144	33030144	10652532	12	22020096	309732	10342812	22020096	250172	0	0	461509	0	
33030144	33030144	10652520	24	22020096	102704	10549840	22020096	83796	0	0	212586	0	
33030144	33030144	10652532	12	22020096	1412132	9240412	22020096	1213532	0	0	1160286	0	
33030144	33030144	10652532	12	22020096	935440	9717104	22020096	743972	600	0	1081315	0	
33030144	33030144	10652532	12	22020096	162604	10489940	22020096	138372	0	0	375793	0	
33030144	33030144	10652532	12	22020096	1607008	9045536	22020096	1358824	0	0	1244099	0	
33030144	33030144	10652532	12	22020096	1089504	9563040	22020096	857564	552	0	1031057	0	
33030144	33030144	10652532	12	22020096	187744	10464800	22020096	165792	0	0	332781	0	
33030144	33030144	10652516	28	22020096	104804	10547740	22020096	85712	0	0	195875	0	
33030144	33030144	10652532	12	22020096	1450732	9201812	22020096	1210452	0	0	1060907	0	
33030144	33030144	10652532	12	22020096	906648	9745896	22020096	739432	0	0	979513	0	
33030144	33030144	10652532	12	22020096	167184	10485360	22020096	142632	0	0	296296	0	
33030144	33030144	10652532	12	22020096	1654576	8997968	22020096	1359812	0	0	1098211	0	
33030144	33030144	10652532	12	22020096	1098844	9553700	22020096	845912	0	0	950971	0	
33030144	33030144	10652532	12	22020096	208424	10444120	22020096	182492	0	0	368423	0	
33030144	33030144	10652524	20	22020096	78492	10574052	22020096	75472	0	0	171014	0	
33030144	33030144	10652532	12	22020096	1442500	9210044	22020096	1205292	0	0	1269516	0	
33030144	33030144	10652512	32	22020096	912088	9740456	22020096	726352	0	0	1036448	0	
33030144	33030144	10652532	12	22020096	144904	10507640	22020096	121952	0	0	257294	0	
33030144	33030144	10652532	12	22020096	1597588	9054956	22020096	1354912	0	0	1111597	0	
33030144	33030144	10652532	12	22020096	1057328	9595216	22020096	848312	0	0	937145	0	
33030144	33030144	10652532	12	22020096	210400	10442144	22020096	182352	0	0	371633	0	
33030144	33030144	10652540	4	22020096	104564	10547980	22020096	85212	0	0	227590	0	
33030144	33030144	10652532	12	22020096	1445760	9206784	22020096	1218312	0	0	1271925	0	
33030144	33030144	10652532	12	22020096	915608	9736936	22020096	740352	0	0	1023543	0	
33030144	33030144	10652512	32	22020096	159324	10493220	22020096	139052	0	0	279249	0	
33030144	33030144	10652532	12	22020096	1603488	9049056	22020096	1361172	0	0	1092883	0	
33030144	33030144	10652532	12	22020096	1049576	9602968	22020096	862052	0	0	863648	0	
33030144	33030144	10652532	12	22020096	218020	10434524	22020096	205292	0	0	554427	0	
33030144	33030144	10652520	24	22020096	107044	10545500	22020096	88164	0	0	200805	0	
33030144	33030144	10652532	12	22020096	1381784	9270760	22020096	1211212	0	0	1067911	0	
33030144	33030144	10652532	12	22020096	886700	9765844	22020096	752652	0	0	939302	0	
33030144	33030144	10652532	12	22020096	163824	10488720	22020096	136792	0	0	295313	0	
33030144	33030144	10652536	8	22020096	78848	10573696	22020096	60156	0	0	148350	0	
33030144	33030144	10652532	12	22020096	1369924	9282620	22020096	1168512	0	0	1229490	0	
33030144	33030144	10652532	12	22020096	910748	9741796	22020096	706572	0	0	970046	0	
33030144	33030144	10652528	16	22020096	152264	10500280	22020096	130312	0	0	273010	0	
33030144	33030144	10652512	32	22020096	1630196	9022348	22020096	1336792	0	0	1055186	0	
33030144	33030144	10652532	12	22020096	1037428	9615116	22020096	831192	0	0	909402	0	
33030144	33030144	10652532	12	22020096	213944	10438600	22020096	192112	0	0	387017	0	
33030144	33030144	10652532	12	22020096	78948	10573596	22020096	76724	0	0	209017	0	
33030144	33030144	10652532	12	22020096	1414412	9238132	22020096	1206452	0	0	1206637	0	
33030144	33030144	10652512	32	22020096	963664	9688880	22020096	738072	0	0	945601	0	
33030144	33030144	10652532	12	22020096	153624	10498920	22020096	131552	0	0	312487	0	
33030144	33030144	10652532	12	22020096	1592708	9059836	22020096	1346812	0	0	1122003	0	
33030144	33030144	10652532	12	22020096	1075736	9576808	22020096	843152	0	0	888640	0	
33030144	33030144	10652532	12	22020096	227808	10424736	22020096	211212	0	0	428702	0	
33030144	33030144	10652532	12	22020096	79428	10573116	22020096	78252	0	0	215668	0	
33030144	33030144	10652512	32	22020096	1410012	9242532	22020096	1210532	0	0	1050390	0	
33030144	33030144	10652532	12	22020096	877340	9775204	22020096	742512	0	0	962847	0	
33030144	33030144	10652532	12	22020096	138684	10513860	22020096	115252	0	0	270270	0	
33030144	33030144	10652504	40	22020096	78040	10574504	22020096	54172	0	0	213748	0	
33030144	33030144	10652532	12	22020096	1383916	9268628	22020096	1164912	0	0	1100886	0	
33030144	33030144	10652512	32	22020096	861680	9790864	22020096	697692	0	0	974594	0	
33030144	33030144	10652536	8	22020096	153244	10499300	22020096	125472	0	0	301612	0	
33030144	33030144	10652532	12	22020096	1535072	9117472	22020096	1331252	0	0	1063253	0	
33030144	33030144	10652532	12	22020096	1113104	9539440	22020096	851672	0	0	1143766	0	
33030144	33030144	10652532	12	22020096	202064	10450480	22020096	201884	0	0	440006	0	
33030144	33030144	10652528	16	22020096	99024	10553520	22020096	80900	0	0	197431	0	
33030144	33030144	10652532	12	22020096	1403524	9249020	22020096	1208456	744	0	1064821	0	
33030144	33030144	10652532	12	22020096	866424	9786120	22020096	742472	0	0	1158174	0	
33030144	33030144	10652512	32	22020096	148484	10504060	22020096	122672	0	0	266454	0	
33030144	33030144	10652524	20	22020096	77780	10574764	22020096	54152	0	0	149791	0	
33030144	33030144	10652512	32	22020096	1395204	9257340	22020096	1158032	0	0	990696	0	
33030144	33030144	10652512	32	22020096	892168	9760376	22020096	696072	0	0	1086071	0	
33030144	33030144	10652528	16	22020096	130424	10522120	22020096	108372	0	0	232384	0	
33030144	33030144	10652532	12	22020096	1616648	9035896	22020096	1335032	0	0	1220864	0	
33030144	33030144	10652532	12	22020096	1027248	9625296	22020096	829192	0	0	1003667	0	
33030144	33030144	10652532	12	22020096	218224	10434320	22020096	190492	0	0	382925	0	
33030144	33030144	10652524	20	22020096	78492	10574052	22020096	75472	0	0	170585	0	
33030144	33030144	10652532	12	22020096	1372316	9280228	22020096	1206180	0	0	1145999	0	
33030144	33030144	10652532	12	22020096	910580	9741964	22020096	746400	888	0	1060304	0	
33030144	33030144	10652532	12	22020096	165644	10486900	22020096	144072	0	0	305766	0	
33030144	33030144	10652512	32	22020096	1636536	9016008	22020096	1363372	680	0	1235913	0	
33030144	33030144	10652512	32	22020096	1019648	9632896	22020096	856772	0	0	931187	0	
33030144	33030144	10652532	12	22020096	291472	10361072	22020096	222332	0	0	424297	0	
33030144	33030144	10652540	4	22020096	100484	10552060	22020096	81620	0	0	217594	0	
33030144	33030144	10652532	12	22020096	1452120	9200424	22020096	1205692	0	0	1018131	0	
33030144	33030144	10652532	12	22020096	899968	9752576	22020096	729352	0	0	1068254	0	
33030144	33030144	10652532	12	22020096	157944	10494600	22020096	136052	0	0	279330	0	
33030144	33030144	10652532	12	22020096	1580380	9072164	22020096	1359232	0	0	1263842	0	
33030144	33030144	10652532	12	22020096	1060876	9591668	22020096	864652	0	0	1069077	0	
33030144	33030144	10652532	12	22020096	225300	10427244	22020096	200764	0	0	422141	0	
33030144	33030144	10652528	16	22020096	105404	10547140	22020096	87176	492	0	239896	0	
33030144	33030144	10652512	32	22020096	1412612	9239932	22020096	1213092	0	0	1141735	0	
33030144	33030144	10652532	12	22020096	924908	9727636	22020096	743352	0	0	1050644	0	
33030144	33030144	10652532	12	22020096	167424	10485120	22020096	143572	0	0	379809	0	
33030144	33030144	10652512	32	22020096	1649736	9002808	22020096	1361900	0	0	1320862	0	
33030144	33030144	10652532	12	22020096	1034648	9617896	22020096	845240	28	0	906953	0	
33030144	33030144	10652532	12	22020096	225300	10427244	22020096	197152	0	0	386321	0	
33030144	33030144	10652504	40	22020096	104924	10547620	22020096	85632	0	0	195732	0	
33030144	33030144	10652532	12	22020096	1467688	9184856	22020096	1210832	0	0	1084169	0	
33030144	33030144	10652532	12	22020096	903308	9749236	22020096	733304	0	0	1104784	0	
33030144	33030144	10652532	12	22020096	164544	10488000	22020096	142024	492	0	330691	0	
33030144	33030144	10652512	32	22020096	1595068	9057476	22020096	1354372	0	0	1059984	0	
33030144	33030144	10652532	12	22020096	1058776	9593768	22020096	859472	0	0	925902	0	
33030144	33030144	10652532	12	22020096	215432	10437112	22020096	193932	0	0	398771	0	
33030144	33030144	10652528	16	22020096	105664	10546880	22020096	86632	0	0	235304	0	
33030144	33030144	10652532	12	22020096	1468408	9184136	22020096	1214332	0	0	1250606	0	
33030144	33030144	10652532	12	22020096	899768	9752776	22020096	736192	0	0	1167537	0	
33030144	33030144	10652532	12	22020096	166224	10486320	22020096	139412	0	0	324767	0	
33030144	33030144	10652532	12	22020096	1627136	9025408	22020096	1358712	0	0	1206891	0	
33030144	33030144	10652532	12	22020096	1016648	9635896	22020096	849412	0	0	960031	0	
33030144	33030144	10652532	12	22020096	254052	10398492	22020096	207692	0	0	403472	0	
33030144	33030144	10652496	48	22020096	102984	10549560	22020096	83392	0	0	201776	0	
33030144	33030144	10652532	12	22020096	1399772	9252772	22020096	1212472	0	0	1162215	0	
33030144	33030144	10652532	12	22020096	893904	9758640	22020096	749632	0	0	994351	0	
33030144	33030144	10652532	12	22020096	147924	10504620	22020096	125832	0	0	267098	0	
33030144	33030144	10652532	12	22020096	78352	10574192	22020096	55212	0	0	169682	0	
33030144	33030144	10652532	12	22020096	1407692	9244852	22020096	1160812	0	0	992102	0	
33030144	33030144	10652532	12	22020096	859312	9793232	22020096	692232	0	0	1075377	0	
33030144	33030144	10652532	12	22020096	147124	10505420	22020096	125072	0	0	256072	0	
33030144	33030144	10652532	12	22020096	1589348	9063196	22020096	1323832	0	0	1138391	0	
33030144	33030144	10652532	12	22020096	1035868	9616676	22020096	841732	0	0	906451	0	
33030144	33030144	10652532	12	22020096	271672	10380872	22020096	212432	0	0	448720	0	
33030144	33030144	10652536	8	22020096	77960	10574584	22020096	71704	0	0	159932	0	
33030144	33030144	10652512	32	22020096	1433152	9219392	22020096	1195452	0	0	1328087	0	
33030144	33030144	10652532	12	22020096	873180	9779364	22020096	715952	0	0	953866	0	
33030144	33030144	10652532	12	22020096	158244	10494300	22020096	136192	0	0	275237	0	
33030144	33030144	10652532	12	22020096	1632116	9020428	22020096	1359052	0	0	1302528	0	
33030144	33030144	10652532	12	22020096	1054716	9597828	22020096	849052	0	0	1039324	0	
33030144	33030144	10652532	12	22020096	187444	10465100	22020096	163212	0	0	422182	0	
33030144	33030144	10652492	52	22020096	104424	10548120	22020096	85324	0	0	195696	0	
33030144	33030144	10652532	12	22020096	1434280	9218264	22020096	1217732	0	0	1151284	0	
33030144	33030144	10652532	12	22020096	902448	9750096	22020096	739472	0	0	889794	0	
33030144	33030144	10652532	12	22020096	143340	10509204	22020096	140392	0	0	421163	0	
33030144	33030144	10652528	16	22020096	76788	10575756	22020096	45480	0	0	142166	0	
33030144	33030144	10652532	12	22020096	1370964	9281580	22020096	1156592	0	0	1053276	0	
33030144	33030144	10652532	12	22020096	851164	9801380	22020096	697172	0	0	867901	0	
33030144	33030144	10652544	0	22020096	151764	10500780	22020096	127292	0	0	342882	0	
33030144	33030144	10652532	12	22020096	1569540	9083004	22020096	1333732	0	0	1084212	0	
33030144	33030144	10652512	32	22020096	1036948	9615596	22020096	848652	0	0	949815	0	
33030144	33030144	10652532	12	22020096	215160	10437384	22020096	177072	0	0	433745	0	
33030144	33030144	10652532	12	22020096	103164	10549380	22020096	83728	0	0	189810	0	
33030144	33030144	10652532	12	22020096	1416152	9236392	22020096	1213252	0	0	1213901	0	
33030144	33030144	10652512	32	22020096	897428	9755116	22020096	743732	0	0	1028287	0	
33030144	33030144	10652532	12	22020096	164184	10488360	22020096	142132	0	0	292122	0	
33030144	33030144	10652532	12	22020096	1599488	9053056	22020096	1347532	0	0	1154092	0	
33030144	33030144	10652532	12	22020096	1073288	9579256	22020096	874632	0	0	1029518	0	
33030144	33030144	10652532	12	22020096	287352	10365192	22020096	215932	0	0	434574	0	
33030144	33030144	10652496	48	22020096	100024	10552520	22020096	80772	0	0	202465	0	
33030144	33030144	10652532	12	22020096	1467868	9184676	22020096	1211132	0	0	1057641	0	
33030144	33030144	10652532	12	22020096	852892	9799652	22020096	721152	0	0	910965	0	
33030144	33030144	10652512	32	22020096	165544	10487000	22020096	143952	0	0	293732	0	
33030144	33030144	10652532	12	22020096	1595088	9057456	22020096	1360332	0	0	964459	0	
33030144	33030144	10652532	12	22020096	1041328	9611216	22020096	865232	0	0	894236	0	
33030144	33030144	10652532	12	22020096	281792	10370752	22020096	221112	0	0	422135	0	
33030144	33030144	10652540	4	22020096	101364	10551180	22020096	81552	0	0	188691	0	
33030144	33030144	10652532	12	22020096	1452400	9200144	22020096	1209952	0	0	1011182	0	
33030144	33030144	10652532	12	22020096	892448	9760096	22020096	732292	0	0	1011938	0	
33030144	33030144	10652532	12	22020096	162744	10489800	22020096	140932	0	0	289220	0	
33030144	33030144	10652532	12	22020096	1589428	9063116	22020096	1357112	0	0	1340838	0	
33030144	33030144	10652532	12	22020096	1019708	9632836	22020096	864652	0	0	1038778	0	
33030144	33030144	10652532	12	22020096	285832	10366712	22020096	233832	0	0	541346	0	
33030144	33030144	10652520	24	22020096	103044	10549500	22020096	83804	0	0	226962	0	
33030144	33030144	10652532	12	22020096	1412032	9240512	22020096	1212872	0	0	1111357	0	
33030144	33030144	10652532	12	22020096	907788	9744756	22020096	743372	0	0	906177	0	
33030144	33030144	10652532	12	22020096	165324	10487220	22020096	143412	0	0	321129	0	
33030144	33030144	10652532	12	22020096	1627676	9024868	22020096	1362892	0	0	1152746	0	
33030144	33030144	10652532	12	22020096	1098824	9553720	22020096	862512	0	0	988583	0	
33030144	33030144	10652532	12	22020096	189724	10462820	22020096	165452	0	0	432617	0	
33030144	33030144	10652480	64	22020096	104484	10548060	22020096	85112	0	0	189901	0	
33030144	33030144	10652532	12	22020096	1448120	9204424	22020096	1218172	0	0	1038303	0	
33030144	33030144	10652532	12	22020096	880372	9772172	22020096	739732	0	0	1134708	0	
33030144	33030144	10652532	12	22020096	165824	10486720	22020096	144132	0	0	321411	0	
33030144	33030144	10652532	12	22020096	1594028	9058516	22020096	1363372	0	0	1095913	0	
33030144	33030144	10652532	12	22020096	1078656	9573888	22020096	873672	0	0	1058386	0	
33030144	33030144	10652532	12	22020096	264652	10387892	22020096	209992	0	0	397648	0	
33030144	33030144	10652532	12	22020096	102184	10550360	22020096	82772	0	0	191798	0	
33030144	33030144	10652532	12	22020096	1456780	9195764	22020096	1210912	0	0	1004944	0	
33030144	33030144	10652512	32	22020096	880292	9772252	22020096	731612	0	0	937231	0	
33030144	33030144	10652512	32	22020096	168124	10484420	22020096	142632	0	0	296862	0	
33030144	33030144	10652532	12	22020096	1570860	9081684	22020096	1359612	0	0	1153531	0	
33030144	33030144	10652532	12	22020096	1116132	9536412	22020096	871372	0	0	1076520	0	
33030144	33030144	10652532	12	22020096	199904	10452640	22020096	175692	0	0	463336	0	
33030144	33030144	10652524	20	22020096	104784	10547760	22020096	85464	0	0	191993	0	
33030144	33030144	10652532	12	22020096	1440872	9211672	22020096	1210172	0	0	1134366	0	
33030144	33030144	10652532	12	22020096	903832	9748712	22020096	736652	0	0	1008269	0	
33030144	33030144	10652532	12	22020096	162444	10490100	22020096	136532	0	0	311811	0	
33030144	33030144	10652532	12	22020096	1627456	9025088	22020096	1357872	0	0	1082321	0	
33030144	33030144	10652532	12	22020096	1044228	9608316	22020096	856412	0	0	1002128	0	
33030144	33030144	10652532	12	22020096	277612	10374932	22020096	201872	0	0	399745	0	
33030144	33030144	10652532	12	22020096	99184	10553360	22020096	79280	0	0	197451	0	
33030144	33030144	10652532	12	22020096	1435212	9217332	22020096	1208272	0	0	1250256	0	
33030144	33030144	10652532	12	22020096	892168	9760376	22020096	732752	0	0	931535	0	
33030144	33030144	10652532	12	22020096	160824	10491720	22020096	138892	0	0	282278	0	
33030144	33030144	10652532	12	22020096	1589508	9063036	22020096	1357872	0	0	1189104	0	
33030144	33030144	10652532	12	22020096	1055088	9597456	22020096	863692	0	0	1082261	0	
33030144	33030144	10652532	12	22020096	274072	10378472	22020096	207412	0	0	468378	0	
33030144	33030144	10652524	20	22020096	100444	10552100	22020096	80780	0	0	188239	0	
33030144	33030144	10652532	12	22020096	1440920	9211624	22020096	1205212	0	0	1083558	0	
33030144	33030144	10652532	12	22020096	868192	9784352	22020096	730272	0	0	967221	0	
33030144	33030144	10652512	32	22020096	160784	10491760	22020096	140372	0	0	311751	0	
33030144	33030144	10652532	12	22020096	1588568	9063976	22020096	1362072	0	0	1230763	0	
33030144	33030144	10652532	12	22020096	1053108	9599436	22020096	874672	0	0	987961	0	
33030144	33030144	10652532	12	22020096	304280	10348264	22020096	231912	0	0	445167	0	
33030144	33030144	10652544	0	22020096	100444	10552100	22020096	80960	0	0	185848	0	
33030144	33030144	10652532	12	22020096	1442300	9210244	22020096	1205352	0	0	1050690	0	
33030144	33030144	10652532	12	22020096	845852	9806692	22020096	729372	0	0	928430	0	
33030144	33030144	10652532	12	22020096	142144	10510400	22020096	117452	0	0	314198	0	
33030144	33030144	10652532	12	22020096	77624	10574920	22020096	53744	0	0	144627	0	
33030144	33030144	10652532	12	22020096	1409164	9243380	22020096	1164792	0	0	1180612	0	
33030144	33030144	10652532	12	22020096	882060	9770484	22020096	690172	0	0	1007990	0	
33030144	33030144	10652508	36	22020096	129344	10523200	22020096	104232	0	0	229602	0	
33030144	33030144	10652512	32	22020096	1608588	9043956	22020096	1333292	0	0	1116139	0	
33030144	33030144	10652532	12	22020096	1054648	9597896	22020096	831052	0	0	954756	0	
33030144	33030144	10652532	12	22020096	258792	10393752	22020096	207572	0	0	427453	0	
33030144	33030144	10652524	20	22020096	77444	10575100	22020096	66428	0	0	181518	0	
33030144	33030144	10652512	32	22020096	1435820	9216724	22020096	1174492	0	0	917668	0	
33030144	33030144	10652532	12	22020096	833512	9819032	22020096	708832	0	0	987611	0	
33030144	33030144	10652532	12	22020096	157884	10494660	22020096	136012	0	0	283152	0	
33030144	33030144	10652532	12	22020096	1591828	9060716	22020096	1359012	0	0	1157006	0	
33030144	33030144	10652532	12	22020096	1034048	9618496	22020096	859388	0	0	987778	0	
33030144	33030144	10652532	12	22020096	287572	10364972	22020096	213132	0	0	403089	0	
33030144	33030144	10652540	4	22020096	99524	10553020	22020096	80552	360	0	184046	0	
33030144	33030144	10652512	32	22020096	1467648	9184896	22020096	1208852	0	0	1131948	0	
33030144	33030144	10652532	12	22020096	859300	9793244	22020096	718932	0	0	980652	0	
33030144	33030144	10652532	12	22020096	160044	10492500	22020096	138052	0	0	297210	0	
33030144	33030144	10652532	12	22020096	1601628	9050916	22020096	1359992	0	0	1195146	0	
33030144	33030144	10652532	12	22020096	1116812	9535732	22020096	862152	0	0	955198	0	
33030144	33030144	10652532	12	22020096	273932	10378612	22020096	211536	0	0	421267	0	
33030144	33030144	10652516	28	22020096	77980	10574564	22020096	71676	324	0	177253	0	
33030144	33030144	10652532	12	22020096	1418652	9233892	22020096	1195892	0	0	1147480	0	
33030144	33030144	10652532	12	22020096	863020	9789524	22020096	723392	0	0	1020564	0	
33030144	33030144	10652532	12	22020096	162464	10490080	22020096	140552	0	0	310525	0	
33030144	33030144	10652512	32	22020096	1568740	9083804	22020096	1360792	0	0	1181751	0	
33030144	33030144	10652532	12	22020096	1092044	9560500	22020096	872832	0	0	881827	0	
33030144	33030144	10652512	32	22020096	270012	10382532	22020096	197812	0	0	503497	0	
33030144	33030144	10652504	40	22020096	99484	10553060	22020096	80092	0	0	182642	0	
33030144	33030144	10652532	12	22020096	1452160	9200384	22020096	1208752	0	0	1215807	0	
33030144	33030144	10652532	12	22020096	891760	9760784	22020096	727332	0	0	1007543	0	
33030144	33030144	10652532	12	22020096	161024	10491520	22020096	136732	0	0	363092	0	
33030144	33030144	10652532	12	22020096	1624256	9028288	22020096	1357612	0	0	1039995	0	
33030144	33030144	10652512	32	22020096	1029448	9623096	22020096	843572	0	0	1117546	0	
33030144	33030144	10652532	12	22020096	260872	10391672	22020096	188712	0	0	382183	0	
33030144	33030144	10652520	24	22020096	99204	10553340	22020096	79580	0	0	178560	0	
33030144	33030144	10652512	32	22020096	1441280	9211264	22020096	1208112	0	0	1045233	0	
33030144	33030144	10652532	12	22020096	834864	9817680	22020096	729812	0	0	1018766	0	
33030144	33030144	10652532	12	22020096	143944	10508600	22020096	119252	0	0	319987	0	
33030144	33030144	10652532	12	22020096	78120	10574424	22020096	54304	0	0	147833	0	
33030144	33030144	10652532	12	22020096	1400372	9252172	22020096	1163732	0	0	1195597	0	
33030144	33030144	10652532	12	22020096	859932	9792612	22020096	693372	0	0	999250	0	
33030144	33030144	10652540	4	22020096	157824	10494720	22020096	125792	0	0	297881	0	
33030144	33030144	10652532	12	22020096	1630576	9021968	22020096	1335052	0	0	1223665	0	
33030144	33030144	10652512	32	22020096	1016508	9636036	22020096	823112	0	0	914994	0	
33030144	33030144	10652532	12	22020096	212124	10440420	22020096	186232	0	0	374901	0	
33030144	33030144	10652528	16	22020096	78292	10574252	22020096	75344	0	0	172810	0	
33030144	33030144	10652532	12	22020096	1433160	9219384	22020096	1205852	0	0	1062240	0	
33030144	33030144	10652532	12	22020096	865720	9786824	22020096	729832	0	0	1009218	0	
33030144	33030144	10652532	12	22020096	166604	10485940	22020096	144572	0	0	289619	0	
33030144	33030144	10652532	12	22020096	1576360	9076184	22020096	1362932	0	0	1091805	0	
33030144	33030144	10652512	32	22020096	1107984	9544560	22020096	873752	0	0	944607	0	
33030144	33030144	10652532	12	22020096	221908	10430636	22020096	186792	0	0	423175	0	
33030144	33030144	10652536	8	22020096	103844	10548700	22020096	84452	0	0	193021	0	
33030144	33030144	10652512	32	22020096	1390456	9262088	22020096	1215892	0	0	1027551	0	
33030144	33030144	10652532	12	22020096	915188	9737356	22020096	748492	0	0	1108926	0	
33030144	33030144	10652532	12	22020096	146924	10505620	22020096	120812	0	0	256290	0	
33030144	33030144	10652524	20	22020096	78040	10574504	22020096	54212	0	0	144253	0	
33030144	33030144	10652532	12	22020096	1428512	9224032	22020096	1164952	0	0	860116	0	
33030144	33030144	10652532	12	22020096	853912	9798632	22020096	678932	0	0	1007423	0	
33030144	33030144	10652512	32	22020096	113716	10538828	22020096	110752	0	0	325999	0	
33030144	33030144	10652532	12	22020096	1612448	9040096	22020096	1332732	0	0	1153419	0	
33030144	33030144	10652532	12	22020096	1073936	9578608	22020096	837612	0	0	990978	0	
33030144	33030144	10652532	12	22020096	254812	10397732	22020096	209212	0	0	513209	0	
33030144	33030144	10652500	44	22020096	77384	10575160	22020096	67040	0	0	144850	0	
33030144	33030144	10652532	12	22020096	1402572	9249972	22020096	1178612	0	0	1084017	0	
33030144	33030144	10652512	32	22020096	892328	9760216	22020096	715472	0	0	1100100	0	
33030144	33030144	10652532	12	22020096	151504	10501040	22020096	122592	0	0	331256	0	
33030144	33030144	10652532	12	22020096	1587528	9065016	22020096	1354392	0	0	991726	0	
33030144	33030144	10652532	12	22020096	1050976	9601568	22020096	852272	0	0	1010884	0	
33030144	33030144	10652532	12	22020096	217420	10435124	22020096	191812	0	0	373215	0	
33030144	33030144	10652520	24	22020096	105064	10547480	22020096	86316	0	0	192582	0	
33030144	33030144	10652532	12	22020096	1437900	9214644	22020096	1211332	0	0	1066358	0	
33030144	33030144	10652532	12	22020096	918528	9734016	22020096	739692	0	0	1051714	0	
33030144	33030144	10652532	12	22020096	165324	10487220	22020096	143532	0	0	290160	0	
33030144	33030144	10652532	12	22020096	1595928	9056616	22020096	1359732	0	0	1137680	0	
33030144	33030144	10652512	32	22020096	1077748	9574796	22020096	864372	0	0	906452	0	
33030144	33030144	10652532	12	22020096	217420	10435124	22020096	189832	0	0	431422	0	
33030144	33030144	10652544	0	22020096	104784	10547760	22020096	85340	0	0	193357	0	
33030144	33030144	10652532	12	22020096	1467560	9184984	22020096	1214372	0	0	1287991	0	
33030144	33030144	10652532	12	22020096	919660	9732884	22020096	732652	0	0	924869	0	
33030144	33030144	10652532	12	22020096	155144	10497400	22020096	132692	0	0	299714	0	
33030144	33030144	10652532	12	22020096	1561580	9090964	22020096	1357172	0	0	1321461	0	
33030144	33030144	10652532	12	22020096	1028988	9623556	22020096	870592	0	0	1105354	0	
33030144	33030144	10652532	12	22020096	294240	10358304	22020096	238712	0	0	479477	0	
33030144	33030144	10652540	4	22020096	102764	10549780	22020096	82892	0	0	219199	0	
33030144	33030144	10652532	12	22020096	1443012	9209532	22020096	1212932	0	0	1083422	0	
33030144	33030144	10652532	12	22020096	923968	9728576	22020096	737912	0	0	1054553	0	
33030144	33030144	10652532	12	22020096	158244	10494300	22020096	136192	0	0	320611	0	
33030144	33030144	10652532	12	22020096	1588728	9063816	22020096	1359052	0	0	1130569	0	
33030144	33030144	10652532	12	22020096	1062996	9589548	22020096	860212	0	0	1122402	0	
33030144	33030144	10652532	12	22020096	270672	10381872	22020096	192292	0	0	379674	0	
33030144	33030144	10652532	12	22020096	78332	10574212	22020096	78204	0	0	198087	0	
33030144	33030144	10652532	12	22020096	1466580	9185964	22020096	1208872	0	0	1199162	0	
33030144	33030144	10652512	32	22020096	893668	9758876	22020096	726352	0	0	1016796	0	
33030144	33030144	10652532	12	22020096	155944	10496600	22020096	133972	0	0	271347	0	
33030144	33030144	10652532	12	22020096	1620508	9032036	22020096	1358492	0	0	1114170	0	
33030144	33030144	10652532	12	22020096	1049256	9603288	22020096	846632	0	0	982330	0	
33030144	33030144	10652532	12	22020096	199324	10453220	22020096	176652	0	0	364826	0	
33030144	33030144	10652480	64	22020096	104924	10547620	22020096	85904	0	0	223389	0	
33030144	33030144	10652532	12	22020096	1421252	9231292	22020096	1210912	0	0	1118371	0	
33030144	33030144	10652532	12	22020096	916340	9736204	22020096	746012	0	0	1034962	0	
33030144	33030144	10652532	12	22020096	166984	10485560	22020096	141972	0	0	327890	0	
33030144	33030144	10652532	12	22020096	1616608	9035936	22020096	1360072	0	0	1106225	0	
33030144	33030144	10652532	12	22020096	1046588	9605956	22020096	864352	0	0	979173	0	
33030144	33030144	10652532	12	22020096	260292	10392252	22020096	211932	0	0	499567	0	
33030144	33030144	10652536	8	22020096	102844	10549700	22020096	83104	0	0	222291	0	
33030144	33030144	10652532	12	22020096	1461780	9190764	22020096	1211852	0	0	1267589	0	
33030144	33030144	10652512	32	22020096	935016	9717528	22020096	731872	0	0	884767	0	
33030144	33030144	10652532	12	22020096	138364	10514180	22020096	116252	0	0	240036	0	
33030144	33030144	10652532	12	22020096	1619708	9032836	22020096	1354192	0	0	1095107	0	
33030144	33030144	10652532	12	22020096	1034288	9618256	22020096	851012	0	0	1025722	0	
33030144	33030144	10652532	12	22020096	204364	10448180	22020096	182052	0	0	354346	0	
33030144	33030144	10652520	24	22020096	105244	10547300	22020096	86324	0	0	194812	0	
33030144	33030144	10652532	12	22020096	1455420	9197124	22020096	1212232	0	0	1163029	0	
33030144	33030144	10652532	12	22020096	879160	9773384	22020096	738352	0	0	1066416	0	
33030144	33030144	10652532	12	22020096	167844	10484700	22020096	143632	0	0	381003	0	
33030144	33030144	10652532	12	22020096	1625776	9026768	22020096	1361432	0	0	1243768	0	
33030144	33030144	10652532	12	22020096	1062836	9589708	22020096	862432	0	0	936776	0	
33030144	33030144	10652512	32	22020096	263612	10388932	22020096	194152	0	0	465579	0	
33030144	33030144	10652504	40	22020096	99744	10552800	22020096	80240	0	0	186962	0	
33030144	33030144	10652532	12	22020096	1458540	9194004	22020096	1209792	0	0	1039235	0	
33030144	33030144	10652532	12	22020096	900940	9751604	22020096	725572	0	0	973255	0	
33030144	33030144	10652532	12	22020096	149664	10502880	22020096	127512	0	0	267381	0	
33030144	33030144	10652532	12	22020096	1623656	9028888	22020096	1355952	0	0	1184365	0	
33030144	33030144	10652532	12	22020096	1109244	9543300	22020096	851292	0	0	895632	0	
33030144	33030144	10652512	32	22020096	209384	10443160	22020096	182532	0	0	666394	0	
33030144	33030144	10652492	52	22020096	78732	10573812	22020096	75604	0	0	180784	0	
33030144	33030144	10652532	12	22020096	1440780	9211764	22020096	1204552	0	0	1122748	0	
33030144	33030144	10652532	12	22020096	901608	9750936	22020096	726592	0	0	1148347	0	
33030144	33030144	10652532	12	22020096	154744	10497800	22020096	129212	0	0	295317	0	
33030144	33030144	10652532	12	22020096	1582720	9069824	22020096	1355532	0	0	1305457	0	
33030144	33030144	10652532	12	22020096	1080864	9571680	22020096	859712	0	0	931178	0	
33030144	33030144	10652532	12	22020096	199224	10453320	22020096	176572	0	0	372937	0	
33030144	33030144	10652520	24	22020096	104964	10547580	22020096	86000	0	0	238019	0	
33030144	33030144	10652532	12	22020096	1410032	9242512	22020096	1211072	0	0	1199570	0	
33030144	33030144	10652532	12	22020096	915788	9736756	22020096	742872	0	0	1162669	0	
33030144	33030144	10652532	12	22020096	154312	10498232	22020096	126812	0	0	303871	0	
33030144	33030144	10652528	16	22020096	76808	10575736	22020096	47896	0	0	146925	0	
33030144	33030144	10652512	32	22020096	1372944	9279600	22020096	1157712	0	0	974238	0	
33030144	33030144	10652532	12	22020096	827812	9824732	22020096	698232	0	0	1008019	0	
33030144	33030144	10652540	4	22020096	153884	10498660	22020096	129012	0	0	272392	0	
33030144	33030144	10652532	12	22020096	1588300	9064244	22020096	1344052	0	0	1179052	0	
33030144	33030144	10652532	12	22020096	1066936	9585608	22020096	851052	0	0	1034640	0	
33030144	33030144	10652532	12	22020096	209820	10442724	22020096	156472	0	0	320715	0	
33030144	33030144	10652544	0	22020096	100484	10552060	22020096	81092	0	0	204188	0	
33030144	33030144	10652532	12	22020096	1438300	9214244	22020096	1205392	0	0	1002466	0	
33030144	33030144	10652532	12	22020096	850312	9802232	22020096	732052	0	0	997170	0	
33030144	33030144	10652532	12	22020096	139244	10513300	22020096	117092	0	0	244025	0	
33030144	33030144	10652492	52	22020096	77660	10574884	22020096	54052	0	0	164961	0	
33030144	33030144	10652532	12	22020096	1379884	9272660	22020096	1158532	0	0	1033140	0	
33030144	33030144	10652532	12	22020096	843592	9808952	22020096	700692	0	0	948241	0	
33030144	33030144	10652540	4	22020096	149324	10503220	22020096	127312	0	0	259759	0	
33030144	33030144	10652532	12	22020096	1587948	9064596	22020096	1345212	0	0	1377844	0	
33030144	33030144	10652512	32	22020096	1083364	9569180	22020096	843412	0	0	1052854	0	
33030144	33030144	10652532	12	22020096	262692	10389852	22020096	205552	0	0	500623	0	
33030144	33030144	10652504	40	22020096	78412	10574132	22020096	72164	0	0	166464	0	
33030144	33030144	10652512	32	22020096	1388964	9263580	22020096	1195452	0	0	1091867	0	
33030144	33030144	10652532	12	22020096	898668	9753876	22020096	734692	0	0	1073125	0	
33030144	33030144	10652532	12	22020096	163452	10489092	22020096	139012	0	0	355048	0	
33030144	33030144	10652532	12	22020096	1600008	9052536	22020096	1358472	0	0	1236165	0	
33030144	33030144	10652532	12	22020096	1044568	9607976	22020096	861432	0	0	924911	0	
33030144	33030144	10652532	12	22020096	259072	10393472	22020096	208472	0	0	404096	0	
33030144	33030144	10652536	8	22020096	102544	10550000	22020096	83656	0	0	189425	0	
33030144	33030144	10652532	12	22020096	1469228	9183316	22020096	1212612	0	0	1162113	0	
33030144	33030144	10652532	12	22020096	871880	9780664	22020096	726812	0	0	1220563	0	
33030144	33030144	10652532	12	22020096	166144	10486400	22020096	142012	0	0	412994	0	
33030144	33030144	10652532	12	22020096	1606748	9045796	22020096	1360032	0	0	1078804	0	
33030144	33030144	10652532	12	22020096	986456	9666088	22020096	858912	0	0	1116196	0	
33030144	33030144	10652532	12	22020096	314072	10338472	22020096	252172	0	0	664339	0	
33030144	33030144	10652524	20	22020096	102424	10550120	22020096	83192	0	0	216176	0	
33030144	33030144	10652532	12	22020096	1446120	9206424	22020096	1211992	0	0	1054417	0	
33030144	33030144	10652532	12	22020096	917928	9734616	22020096	734672	0	0	1106099	0	
33030144	33030144	10652532	12	22020096	164864	10487680	22020096	135872	0	0	384305	0	
33030144	33030144	10652532	12	22020096	1627696	9024848	22020096	1355612	0	0	1128676	0	
33030144	33030144	10652532	12	22020096	1051016	9601528	22020096	848552	0	0	958357	0	
33030144	33030144	10652532	12	22020096	188444	10464100	22020096	164132	0	0	347638	0	
33030144	33030144	10652528	16	22020096	104384	10548160	22020096	85360	0	0	223107	0	
33030144	33030144	10652532	12	22020096	1449940	9202604	22020096	1217652	0	0	1182885	0	
33030144	33030144	10652512	32	22020096	897708	9754836	22020096	738172	0	0	1088789	0	
33030144	33030144	10652532	12	22020096	166524	10486020	22020096	145092	0	0	292720	0	
33030144	33030144	10652532	12	22020096	1652356	9000188	22020096	1361752	0	0	1104311	0	
33030144	33030144	10652532	12	22020096	1026628	9625916	22020096	850712	0	0	964622	0	
33030144	33030144	10652532	12	22020096	189512	10463032	22020096	188552	0	0	577640	0	
33030144	33030144	10652540	4	22020096	107864	10544680	22020096	88864	0	0	204562	0	
33030144	33030144	10652532	12	22020096	1465408	9187136	22020096	1216552	0	0	1081392	0	
33030144	33030144	10652532	12	22020096	934960	9717584	22020096	743152	0	0	1060358	0	
33030144	33030144	10652532	12	22020096	160804	10491740	22020096	138672	0	0	282250	0	
33030144	33030144	10652532	12	22020096	1637056	9015488	22020096	1351832	0	0	1141247	0	
33030144	33030144	10652532	12	22020096	1044628	9607916	22020096	847752	0	0	1082467	0	
33030144	33030144	10652532	12	22020096	191504	10461040	22020096	168732	0	0	326840	0	
33030144	33030144	10652536	8	22020096	104784	10547760	22020096	85612	0	0	198784	0	
33030144	33030144	10652532	12	22020096	1426372	9226172	22020096	1218992	0	0	1284505	0	
33030144	33030144	10652532	12	22020096	890804	9761740	22020096	744232	0	0	1167047	0	
33030144	33030144	10652512	32	22020096	149424	10503120	22020096	117752	0	0	293924	0	
33030144	33030144	10652528	16	22020096	78060	10574484	22020096	53304	0	0	149820	0	
33030144	33030144	10652532	12	22020096	1411812	9240732	22020096	1161432	0	0	1062185	0	
33030144	33030144	10652532	12	22020096	887460	9765084	22020096	685252	0	0	980710	0	
33030144	33030144	10652528	16	22020096	116764	10535780	22020096	93972	0	0	226707	0	
33030144	33030144	10652532	12	22020096	1600148	9052396	22020096	1331652	0	0	1315657	0	
33030144	33030144	10652532	12	22020096	1067116	9585428	22020096	833712	0	0	939569	0	
33030144	33030144	10652532	12	22020096	266132	10386412	22020096	202572	0	0	679352	0	
33030144	33030144	10652528	16	22020096	77144	10575400	22020096	64080	0	0	146088	0	
33030144	33030144	10652532	12	22020096	1401732	9250812	22020096	1164152	0	0	1133014	0	
33030144	33030144	10652532	12	22020096	897968	9754576	22020096	710112	0	0	1006314	0	
33030144	33030144	10652528	16	22020096	151504	10501040	22020096	129492	0	0	271714	0	
33030144	33030144	10652532	12	22020096	1589260	9063284	22020096	1346152	0	0	1118580	0	
33030144	33030144	10652512	32	22020096	1083404	9569140	22020096	843412	0	0	1050567	0	
33030144	33030144	10652532	12	22020096	254352	10398192	22020096	205472	0	0	475298	0	
33030144	33030144	10652528	16	22020096	78788	10573756	22020096	73528	0	0	183606	0	
33030144	33030144	10652532	12	22020096	1468848	9183696	22020096	1199472	220	0	1082294	0	
33030144	33030144	10652532	12	22020096	872000	9780544	22020096	706052	0	0	1080157	0	
33030144	33030144	10652532	12	22020096	143384	10509160	22020096	118052	0	0	256791	0	
33030144	33030144	10652512	32	22020096	1587528	9065016	22020096	1352680	0	0	1268851	0	
33030144	33030144	10652532	12	22020096	1037588	9614956	22020096	853100	28	0	1045415	0	
33030144	33030144	10652532	12	22020096	280012	10372532	22020096	203892	0	0	494644	0	
33030144	33030144	10652540	4	22020096	99104	10553440	22020096	79784	0	0	218637	0	
33030144	33030144	10652532	12	22020096	1453780	9198764	22020096	1208112	0	0	1171800	0	
33030144	33030144	10652532	12	22020096	906408	9746136	22020096	725872	0	0	1023589	0	
33030144	33030144	10652532	12	22020096	148532	10504012	22020096	124032	0	0	312179	0	
33030144	33030144	10652512	32	22020096	1638856	9013688	22020096	1354872	0	0	1281716	0	
33030144	33030144	10652532	12	22020096	978784	9673760	22020096	843192	0	0	1083269	0	
33030144	33030144	10652532	12	22020096	260292	10392252	22020096	212452	0	0	482791	0	
33030144	33030144	10652532	12	22020096	102924	10549620	22020096	83488	0	0	221305	0	
33030144	33030144	10652532	12	22020096	1471608	9180936	22020096	1212132	0	0	1186179	0	
33030144	33030144	10652532	12	22020096	879512	9773032	22020096	728468	0	0	1103643	0	
33030144	33030144	10652532	12	22020096	169304	10483240	22020096	145144	0	0	348945	0	
33030144	33030144	10652532	12	22020096	1654224	8998320	22020096	1355576	384	0	1203318	0	
33030144	33030144	10652532	12	22020096	985824	9666720	22020096	843972	720	0	1003629	0	
33030144	33030144	10652512	32	22020096	287612	10364932	22020096	205472	0	0	407967	0	
33030144	33030144	10652492	52	22020096	77980	10574564	22020096	77852	0	0	179699	0	
33030144	33030144	10652532	12	22020096	1435160	9217384	22020096	1209784	0	0	1417045	0	
33030144	33030144	10652512	32	22020096	863640	9788904	22020096	736648	0	0	1088878	0	
33030144	33030144	10652532	12	22020096	145924	10506620	22020096	113988	196	0	322093	0	
33030144	33030144	10652528	16	22020096	77900	10574644	22020096	52896	0	0	146270	0	
33030144	33030144	10652512	32	22020096	1401972	9250572	22020096	1160272	0	0	873274	0	
33030144	33030144	10652512	32	22020096	857932	9794612	22020096	690072	0	0	988925	0	
33030144	33030144	10652532	12	22020096	144024	10508520	22020096	119732	0	0	311639	0	
33030144	33030144	10652532	12	22020096	1559872	9092672	22020096	1336872	0	0	1386684	0	
33030144	33030144	10652532	12	22020096	1035208	9617336	22020096	844532	0	0	1048292	0	
33030144	33030144	10652532	12	22020096	193624	10458920	22020096	171672	0	0	333895	0	
33030144	33030144	10652480	64	22020096	104964	10547580	22020096	85904	0	0	195158	0	
33030144	33030144	10652532	12	22020096	1452240	9200304	22020096	1210912	0	0	1078827	0	
33030144	33030144	10652512	32	22020096	875380	9777164	22020096	739112	0	0	1082833	0	
33030144	33030144	10652532	12	22020096	165924	10486620	22020096	144072	0	0	294192	0	
33030144	33030144	10652532	12	22020096	1620336	9032208	22020096	1345592	0	0	1163717	0	
33030144	33030144	10652512	32	22020096	1065228	9587316	22020096	866292	0	0	1001818	0	
33030144	33030144	10652532	12	22020096	224704	10427840	22020096	202832	0	0	393588	0	
33030144	33030144	10652532	12	22020096	105884	10546660	22020096	87236	0	0	225231	0	
33030144	33030144	10652532	12	22020096	1432280	9220264	22020096	1215212	0	0	1158984	0	
33030144	33030144	10652532	12	22020096	849456	9803088	22020096	743212	0	0	1011480	0	
33030144	33030144	10652532	12	22020096	137924	10514620	22020096	137212	0	0	310019	0	
33030144	33030144	10652536	8	22020096	78788	10573756	22020096	60816	0	0	175989	0	
33030144	33030144	10652532	12	22020096	1374364	9278180	22020096	1151552	0	0	1146626	0	
33030144	33030144	10652532	12	22020096	878640	9773904	22020096	706772	0	0	1064094	0	
33030144	33030144	10652532	12	22020096	152664	10499880	22020096	130472	0	0	269632	0	
33030144	33030144	10652532	12	22020096	1598268	9054276	22020096	1347512	0	0	1098025	0	
33030144	33030144	10652532	12	22020096	1047356	9605188	22020096	844692	0	0	887010	0	
33030144	33030144	10652532	12	22020096	199624	10452920	22020096	175372	0	0	481640	0	
33030144	33030144	10652524	20	22020096	104824	10547720	22020096	85464	0	0	192937	0	
33030144	33030144	10652532	12	22020096	1433500	9219044	22020096	1210172	0	0	1177229	0	
33030144	33030144	10652532	12	22020096	893460	9759084	22020096	741212	0	0	991800	0	
33030144	33030144	10652532	12	22020096	165604	10486940	22020096	143772	0	0	292622	0	
33030144	33030144	10652532	12	22020096	1621756	9030788	22020096	1345452	0	0	1061936	0	
33030144	33030144	10652532	12	22020096	1065536	9587008	22020096	865232	0	0	1023894	0	
33030144	33030144	10652512	32	22020096	257152	10395392	22020096	201252	0	0	412890	0	
33030144	33030144	10652508	36	22020096	101504	10551040	22020096	81340	0	0	194445	0	
33030144	33030144	10652512	32	22020096	1445220	9207324	22020096	1209952	0	0	1083398	0	
33030144	33030144	10652532	12	22020096	861040	9791504	22020096	732692	0	0	988165	0	
33030144	33030144	10652532	12	22020096	164824	10487720	22020096	143112	0	0	319540	0	
33030144	33030144	10652532	12	22020096	1615608	9036936	22020096	1362292	0	0	1203305	0	
33030144	33030144	10652532	12	22020096	1052568	9599976	22020096	867372	0	0	932346	0	
33030144	33030144	10652532	12	22020096	287412	10365132	22020096	216192	0	0	427824	0	
33030144	33030144	10652488	56	22020096	100084	10552460	22020096	80932	0	0	225899	0	
33030144	33030144	10652532	12	22020096	1431724	9220820	22020096	1211332	0	0	1204426	0	
33030144	33030144	10652532	12	22020096	894508	9758036	22020096	734412	0	0	972858	0	
33030144	33030144	10652532	12	22020096	173044	10479500	22020096	141152	0	0	398876	0	
33030144	33030144	10652532	12	22020096	1584800	9067744	22020096	1356080	0	0	1227423	0	
33030144	33030144	10652532	12	22020096	1065876	9586668	22020096	863840	168	0	946218	0	
33030144	33030144	10652532	12	22020096	263692	10388852	22020096	198432	0	0	453411	0	
33030144	33030144	10652528	16	22020096	100344	10552200	22020096	81116	0	0	187626	0	
33030144	33030144	10652532	12	22020096	1445160	9207384	22020096	1204732	0	0	969877	0	
33030144	33030144	10652532	12	22020096	944976	9707568	22020096	731772	0	0	1028638	0	
33030144	33030144	10652532	12	22020096	153144	10499400	22020096	131192	0	0	270945	0	
33030144	33030144	10652532	12	22020096	1629556	9022988	22020096	1346972	0	0	1095983	0	
33030144	33030144	10652532	12	22020096	1048496	9604048	22020096	841832	0	0	843421	0	
33030144	33030144	10652532	12	22020096	262372	10390172	22020096	203312	0	0	472403	0	
33030144	33030144	10652524	20	22020096	77544	10575000	22020096	71196	0	0	159922	0	
33030144	33030144	10652532	12	22020096	1387548	9264996	22020096	1194892	0	0	1102179	0	
33030144	33030144	10652532	12	22020096	894480	9758064	22020096	735112	0	0	1029084	0	
33030144	33030144	10652532	12	22020096	163644	10488900	22020096	141692	0	0	287282	0	
33030144	33030144	10652532	12	22020096	1594968	9057576	22020096	1358772	0	0	1138637	0	
33030144	33030144	10652532	12	22020096	1062096	9590448	22020096	863912	0	0	1007226	0	
33030144	33030144	10652532	12	22020096	229328	10423216	22020096	201952	0	0	412692	0	
33030144	33030144	10652540	4	22020096	105244	10547300	22020096	86056	0	0	194662	0	
33030144	33030144	10652532	12	22020096	1444680	9207864	22020096	1212132	0	0	1073294	0	
33030144	33030144	10652532	12	22020096	925136	9727408	22020096	735892	0	0	1130817	0	
33030144	33030144	10652532	12	22020096	160744	10491800	22020096	138652	0	0	283034	0	
33030144	33030144	10652532	12	22020096	1569212	9083332	22020096	1359072	0	0	1051750	0	
33030144	33030144	10652532	12	22020096	1083264	9569280	22020096	870732	0	0	1166468	0	
33030144	33030144	10652512	32	22020096	255712	10396832	22020096	201192	0	0	502665	0	
33030144	33030144	10652516	28	22020096	101624	10550920	22020096	81720	0	0	215495	0	
33030144	33030144	10652532	12	22020096	1444920	9207624	22020096	1210912	0	0	952631	0	
33030144	33030144	10652532	12	22020096	884820	9767724	22020096	733332	0	0	861693	0	
33030144	33030144	10652532	12	22020096	166644	10485900	22020096	144772	0	0	293258	0	
33030144	33030144	10652532	12	22020096	1587448	9065096	22020096	1361332	0	0	1238491	0	
33030144	33030144	10652512	32	22020096	1072556	9579988	22020096	869872	0	0	965388	0	
33030144	33030144	10652532	12	22020096	280012	10372532	22020096	202952	0	0	401147	0	
33030144	33030144	10652516	28	22020096	99084	10553460	22020096	80052	0	0	187973	0	
33030144	33030144	10652532	12	22020096	1435760	9216784	22020096	1207732	0	0	1064305	0	
33030144	33030144	10652532	12	22020096	904860	9747684	22020096	731492	0	0	1097556	0	
33030144	33030144	10652532	12	22020096	161704	10490840	22020096	136372	0	0	377722	0	
33030144	33030144	10652532	12	22020096	1654064	8998480	22020096	1357212	0	0	1162429	0	
33030144	33030144	10652532	12	22020096	1046248	9606296	22020096	838292	0	0	990059	0	
33030144	33030144	10652532	12	22020096	273932	10378612	22020096	210732	0	0	530859	0	
33030144	33030144	10652520	24	22020096	77524	10575020	22020096	70884	0	0	188259	0	
33030144	33030144	10652532	12	22020096	1446340	9206204	22020096	1195812	0	0	1047053	0	
33030144	33030144	10652532	12	22020096	873840	9778704	22020096	711792	0	0	1087261	0	
33030144	33030144	10652512	32	22020096	150204	10502340	22020096	124652	0	0	266414	0	
33030144	33030144	10652532	12	22020096	1608208	9044336	22020096	1354412	0	0	1113138	0	
33030144	33030144	10652532	12	22020096	1021488	9631056	22020096	848212	0	0	1126317	0	
33030144	33030144	10652532	12	22020096	255112	10397432	22020096	202052	0	0	419822	0	
33030144	33030144	10652528	16	22020096	102124	10550420	22020096	82816	0	0	187468	0	
33030144	33030144	10652512	32	22020096	1479188	9173356	22020096	1210792	0	0	1182690	0	
33030144	33030144	10652532	12	22020096	891960	9760584	22020096	722592	0	0	876255	0	
33030144	33030144	10652532	12	22020096	155324	10497220	22020096	130012	0	0	351743	0	
33030144	33030144	10652512	32	22020096	1638148	9014396	22020096	1356132	0	0	1273383	0	
33030144	33030144	10652532	12	22020096	1048876	9603668	22020096	844972	0	0	901502	0	
33030144	33030144	10652532	12	22020096	189384	10463160	22020096	157832	0	0	398916	0	
33030144	33030144	10652536	8	22020096	103424	10549120	22020096	84596	0	0	192329	0	
33030144	33030144	10652532	12	22020096	1448940	9203604	22020096	1214392	0	0	1186077	0	
33030144	33030144	10652512	32	22020096	941916	9710628	22020096	736852	0	0	1002856	0	
33030144	33030144	10652532	12	22020096	147424	10505120	22020096	123172	0	0	353847	0	
33030144	33030144	10652532	12	22020096	1659984	8992560	22020096	1354952	0	0	1051728	0	
33030144	33030144	10652512	32	22020096	1055536	9597008	22020096	840272	0	0	1020175	0	
33030144	33030144	10652512	32	22020096	225504	10427040	22020096	194052	0	0	403722	0	
33030144	33030144	10652528	16	22020096	78908	10573636	22020096	75568	0	0	169990	0	
33030144	33030144	10652532	12	22020096	1382036	9270508	22020096	1204292	0	0	1016261	0	
33030144	33030144	10652532	12	22020096	908288	9744256	22020096	741012	0	0	1132712	0	
33030144	33030144	10652512	32	22020096	158764	10493780	22020096	138412	0	0	313768	0	
33030144	33030144	10652532	12	22020096	1623296	9029248	22020096	1361452	0	0	1216084	0	
33030144	33030144	10652532	12	22020096	1101044	9551500	22020096	862752	0	0	1073736	0	
33030144	33030144	10652532	12	22020096	188584	10463960	22020096	164212	0	0	441499	0	
33030144	33030144	10652508	36	22020096	104424	10548120	22020096	85252	0	0	192754	0	
33030144	33030144	10652532	12	22020096	1465448	9187096	22020096	1217652	0	0	1343512	0	
33030144	33030144	10652512	32	22020096	906828	9745716	22020096	732572	0	0	1004696	0	
33030144	33030144	10652532	12	22020096	165264	10487280	22020096	140052	0	0	384517	0	
33030144	33030144	10652512	32	22020096	1607408	9045136	22020096	1358872	0	0	1309309	0	
33030144	33030144	10652532	12	22020096	978696	9673848	22020096	847752	0	0	1009742	0	
33030144	33030144	10652532	12	22020096	304200	10348344	22020096	245132	0	0	506922	0	
33030144	33030144	10652512	32	22020096	102584	10549960	22020096	83624	0	0	189609	0	
33030144	33030144	10652532	12	22020096	1435940	9216604	22020096	1212572	0	0	1157639	0	
33030144	33030144	10652532	12	22020096	903188	9749356	22020096	738172	0	0	1128875	0	
33030144	33030144	10652512	32	22020096	164964	10487580	22020096	143132	0	0	292424	0	
33030144	33030144	10652532	12	22020096	1604588	9047956	22020096	1359492	0	0	1028202	0	
33030144	33030144	10652532	12	22020096	1083936	9568608	22020096	862392	0	0	1041549	0	
33030144	33030144	10652532	12	22020096	215160	10437384	22020096	177272	0	0	383687	0	
33030144	33030144	10652544	0	22020096	103244	10549300	22020096	83572	0	0	201928	0	
33030144	33030144	10652532	12	22020096	1443600	9208944	22020096	1213252	0	0	1113188	0	
33030144	33030144	10652532	12	22020096	834512	9818032	22020096	736692	0	0	1082360	0	
33030144	33030144	10652532	12	22020096	158544	10494000	22020096	136512	0	0	311388	0	
33030144	33030144	10652524	20	22020096	78040	10574504	22020096	55700	0	0	148647	0	
33030144	33030144	10652512	32	22020096	1393116	9259428	22020096	1163452	0	0	1213829	0	
33030144	33030144	10652532	12	22020096	861052	9791492	22020096	699492	0	0	1027508	0	
33030144	33030144	10652520	24	22020096	154524	10498020	22020096	127672	0	0	271257	0	
33030144	33030144	10652532	12	22020096	1555300	9097244	22020096	1332292	0	0	1154661	0	
33030144	33030144	10652512	32	22020096	1050736	9601808	22020096	847412	0	0	840254	0	
33030144	33030144	10652532	12	22020096	199924	10452620	22020096	176372	0	0	458536	0	
33030144	33030144	10652544	0	22020096	104944	10547600	22020096	85600	0	0	190491	0	
33030144	33030144	10652532	12	22020096	1402872	9249672	22020096	1210592	0	0	1105847	0	
33030144	33030144	10652512	32	22020096	941896	9710648	22020096	745692	0	0	1007518	0	
33030144	33030144	10652532	12	22020096	162584	10489960	22020096	136692	0	0	286807	0	
33030144	33030144	10652532	12	22020096	1594220	9058324	22020096	1358012	0	0	1125280	0	
33030144	33030144	10652532	12	22020096	1088824	9563720	22020096	868192	0	0	1036255	0	
33030144	33030144	10652532	12	22020096	229280	10423264	22020096	193392	0	0	385575	0	
33030144	33030144	10652532	12	22020096	103924	10548620	22020096	84848	0	0	207070	0	
33030144	33030144	10652512	32	22020096	1469828	9182716	22020096	1216092	0	0	1115497	0	
33030144	33030144	10652532	12	22020096	914908	9737636	22020096	731432	0	0	1021214	0	
33030144	33030144	10652512	32	22020096	154884	10497660	22020096	129412	0	0	271412	0	
33030144	33030144	10652532	12	22020096	1636408	9016136	22020096	1355932	0	0	1204010	0	
33030144	33030144	10652532	12	22020096	1038188	9614356	22020096	846092	0	0	1016762	0	
33030144	33030144	10652532	12	22020096	190344	10462200	22020096	168052	0	0	324933	0	
33030144	33030144	10652524	20	22020096	104824	10547720	22020096	85432	0	0	191483	0	
33030144	33030144	10652532	12	22020096	1441500	9211044	22020096	1210172	0	0	1111199	0	
33030144	33030144	10652532	12	22020096	940256	9712288	22020096	736172	0	0	1061860	0	
33030144	33030144	10652532	12	22020096	157944	10494600	22020096	136052	0	0	310346	0	
33030144	33030144	10652532	12	22020096	1622556	9029988	22020096	1359232	0	0	1208192	0	
33030144	33030144	10652512	32	22020096	1051556	9600988	22020096	846152	0	0	998014	0	
33030144	33030144	10652532	12	22020096	195464	10457080	22020096	173572	0	0	339443	0	
33030144	33030144	10652516	28	22020096	105104	10547440	22020096	85796	0	0	204691	0	
33030144	33030144	10652532	12	22020096	1447640	9204904	22020096	1211592	0	0	1145411	0	
33030144	33030144	10652532	12	22020096	890752	9761792	22020096	741492	0	0	1104149	0	
33030144	33030144	10652532	12	22020096	167364	10485180	22020096	141832	0	0	329230	0	
33030144	33030144	10652532	12	22020096	1654464	8998080	22020096	1359832	0	0	1027103	0	
33030144	33030144	10652532	12	22020096	1026368	9626176	22020096	847412	0	0	808693	0	
33030144	33030144	10652532	12	22020096	215432	10437112	22020096	197492	0	0	424784	0	
33030144	33030144	10652540	4	22020096	106164	10546380	22020096	87828	0	0	229727	0	
33030144	33030144	10652532	12	22020096	1433240	9219304	22020096	1215472	0	0	1068848	0	
33030144	33030144	10652532	12	22020096	899288	9753256	22020096	743772	0	0	951049	0	
33030144	33030144	10652512	32	22020096	138844	10513700	22020096	114052	0	0	248327	0	
33030144	33030144	10652528	16	22020096	77584	10574960	22020096	53592	0	0	146426	0	
33030144	33030144	10652532	12	22020096	1389684	9262860	22020096	1164192	0	0	1015816	0	
33030144	33030144	10652532	12	22020096	887860	9764684	22020096	698132	0	0	1024055	0	
33030144	33030144	10652540	4	22020096	138684	10513860	22020096	113332	0	0	303098	0	
33030144	33030144	10652532	12	22020096	1589788	9062756	22020096	1335452	0	0	1048550	0	
33030144	33030144	10652512	32	22020096	1032668	9619876	22020096	838252	0	0	863404	0	
33030144	33030144	10652532	12	22020096	228984	10423560	22020096	206872	0	0	401395	0	
33030144	33030144	10652496	48	22020096	79008	10573536	22020096	77112	0	0	172272	0	
33030144	33030144	10652532	12	22020096	1411432	9241112	22020096	1208112	0	0	1143258	0	
33030144	33030144	10652532	12	22020096	843712	9808832	22020096	739092	0	0	1136024	0	
33030144	33030144	10652512	32	22020096	153844	10498700	22020096	133552	0	0	261688	0	
33030144	33030144	10652540	4	22020096	78512	10574032	22020096	56024	0	0	150515	0	
33030144	33030144	10652532	12	22020096	1403052	9249492	22020096	1164032	220	0	1118642	0	
33030144	33030144	10652512	32	22020096	878680	9773864	22020096	697112	0	0	995481	0	
33030144	33030144	10652544	0	22020096	141004	10511540	22020096	118832	0	0	245859	0	
33030144	33030144	10652532	12	22020096	1574880	9077664	22020096	1337612	0	0	1150061	0	
33030144	33030144	10652532	12	22020096	1058436	9594108	22020096	839812	0	0	1034212	0	
33030144	33030144	10652532	12	22020096	227564	10424980	22020096	202472	0	0	411094	0	
33030144	33030144	10652528	16	22020096	79168	10573376	22020096	76816	0	0	180183	0	
33030144	33030144	10652532	12	22020096	1402104	9250440	22020096	1205792	0	0	1218338	0	
33030144	33030144	10652532	12	22020096	884172	9768372	22020096	741432	0	0	1192003	0	
33030144	33030144	10652532	12	22020096	165944	10486600	22020096	144432	0	0	291715	0	
33030144	33030144	10652532	12	22020096	1659716	8992828	22020096	1363552	0	0	1244461	0	
33030144	33030144	10652532	12	22020096	1087144	9565400	22020096	849012	0	0	944659	0	
33030144	33030144	10652532	12	22020096	261792	10390752	22020096	211212	0	0	424823	0	
33030144	33030144	10652508	36	22020096	78392	10574152	22020096	73160	0	0	167084	0	
33030144	33030144	10652532	12	22020096	1409632	9242912	22020096	1199412	0	0	1175319	0	
33030144	33030144	10652532	12	22020096	916740	9735804	22020096	731612	0	0	915768	0	
33030144	33030144	10652512	32	22020096	128884	10523660	22020096	128832	0	0	285588	0	
33030144	33030144	10652532	12	22020096	1636296	9016248	22020096	1361352	0	0	1078889	0	
33030144	33030144	10652532	12	22020096	1050656	9601888	22020096	847312	0	0	941656	0	
33030144	33030144	10652532	12	22020096	215160	10437384	22020096	177392	0	0	347633	0	
33030144	33030144	10652536	8	22020096	103164	10549380	22020096	83280	0	0	202585	0	
33030144	33030144	10652512	32	22020096	1405512	9247032	22020096	1213472	0	0	1259366	0	
33030144	33030144	10652532	12	22020096	885720	9766824	22020096	746872	0	0	1040308	0	
33030144	33030144	10652532	12	22020096	150264	10502280	22020096	128152	0	0	299801	0	
33030144	33030144	10652544	0	22020096	78080	10574464	22020096	55192	0	0	148629	0	
33030144	33030144	10652532	12	22020096	1416304	9236240	22020096	1161512	0	0	1157538	0	
33030144	33030144	10652532	12	22020096	822864	9829680	22020096	690252	0	0	1027861	0	
33030144	33030144	10652540	4	22020096	154484	10498060	22020096	132932	0	0	296161	0	
33030144	33030144	10652532	12	22020096	1586200	9066344	22020096	1339152	0	0	1114264	0	
33030144	33030144	10652532	12	22020096	1058948	9593596	22020096	844812	0	0	1041274	0	
33030144	33030144	10652512	32	22020096	207600	10444944	22020096	155292	0	0	308288	0	
33030144	33030144	10652532	12	22020096	100264	10552280	22020096	81344	0	0	184814	0	
33030144	33030144	10652532	12	22020096	1460680	9191864	22020096	1212352	0	0	1133129	0	
33030144	33030144	10652532	12	22020096	903680	9748864	22020096	725512	0	0	980070	0	
33030144	33030144	10652512	32	22020096	152584	10499960	22020096	126712	0	0	269636	0	
33030144	33030144	10652512	32	22020096	1595728	9056816	22020096	1354872	0	0	1144293	0	
33030144	33030144	10652532	12	22020096	1021288	9631256	22020096	849692	0	0	1030179	0	
33030144	33030144	10652532	12	22020096	296952	10355592	22020096	212992	0	0	423961	0	
33030144	33030144	10652540	4	22020096	78160	10574384	22020096	78040	0	0	178127	0	
33030144	33030144	10652532	12	22020096	1446000	9206544	22020096	1208872	0	0	1286932	0	
33030144	33030144	10652532	12	22020096	908628	9743916	22020096	730872	0	0	1084906	0	
33030144	33030144	10652532	12	22020096	163324	10489220	22020096	137752	0	0	289225	0	
33030144	33030144	10652532	12	22020096	1659144	8993400	22020096	1357372	0	0	1226382	0	
33030144	33030144	10652532	12	22020096	990064	9662480	22020096	843132	0	0	1008505	0	
33030144	33030144	10652532	12	22020096	257652	10394892	22020096	192292	0	0	413249	0	
33030144	33030144	10652524	20	22020096	100044	10552500	22020096	81084	0	0	228888	0	
33030144	33030144	10652532	12	22020096	1428192	9224352	22020096	1211356	584	0	1204491	0	
33030144	33030144	10652532	12	22020096	906608	9745936	22020096	736332	0	0	1123680	0	
33030144	33030144	10652532	12	22020096	162524	10490020	22020096	140692	0	0	294487	0	
33030144	33030144	10652532	12	22020096	1663544	8989000	22020096	1356812	0	0	1191855	0	
33030144	33030144	10652532	12	22020096	1022948	9629596	22020096	839912	0	0	1009548	0	
33030144	33030144	10652532	12	22020096	195704	10456840	22020096	170432	0	0	474463	0	
33030144	33030144	10652516	28	22020096	104624	10547920	22020096	85000	0	0	205020	0	
33030144	33030144	10652532	12	22020096	1423932	9228612	22020096	1218352	0	0	1100085	0	
33030144	33030144	10652532	12	22020096	885172	9767372	22020096	745112	0	0	1101571	0	
33030144	33030144	10652532	12	22020096	148584	10503960	22020096	122592	0	0	265784	0	
33030144	33030144	10652520	24	22020096	77800	10574744	22020096	54060	0	0	144713	0	
33030144	33030144	10652532	12	22020096	1393944	9258600	22020096	1157512	0	0	1099122	0	
33030144	33030144	10652532	12	22020096	871360	9781184	22020096	696432	0	0	892991	0	
33030144	33030144	10652540	4	22020096	145144	10507400	22020096	123092	0	0	255350	0	
33030144	33030144	10652532	12	22020096	1610228	9042316	22020096	1322712	0	0	1390668	0	
33030144	33030144	10652532	12	22020096	1065016	9587528	22020096	831632	0	0	953265	0	
33030144	33030144	10652532	12	22020096	265212	10387332	22020096	207072	0	0	416637	0	
33030144	33030144	10652488	56	22020096	77624	10574920	22020096	65808	0	0	145370	0	
33030144	33030144	10652532	12	22020096	1412352	9240192	22020096	1168792	0	0	980567	0	
33030144	33030144	10652512	32	22020096	885040	9767504	22020096	708952	0	0	989089	0	
33030144	33030144	10652532	12	22020096	153224	10499320	22020096	131632	0	0	279652	0	
33030144	33030144	10652532	12	22020096	1635156	9017388	22020096	1349612	0	0	1074886	0	
33030144	33030144	10652532	12	22020096	1060156	9592388	22020096	841892	0	0	934677	0	
33030144	33030144	10652532	12	22020096	214824	10437720	22020096	192772	0	0	398335	0	
33030144	33030144	10652536	8	22020096	78788	10573756	22020096	76512	0	0	176514	0	
33030144	33030144	10652532	12	22020096	1427512	9225032	22020096	1206492	0	0	1143823	0	
33030144	33030144	10652532	12	22020096	870840	9781704	22020096	730992	0	0	1016393	0	
33030144	33030144	10652532	12	22020096	167684	10484860	22020096	138832	0	0	408301	0	
33030144	33030144	10652512	32	22020096	1655964	8996580	22020096	1365692	0	0	1217173	0	
33030144	33030144	10652532	12	22020096	1014828	9637716	22020096	844612	0	0	1030023	0	
33030144	33030144	10652532	12	22020096	279912	10372632	22020096	201312	0	0	500962	0	
33030144	33030144	10652512	32	22020096	98904	10553640	22020096	78388	0	0	211871	0	
33030144	33030144	10652532	12	22020096	1470948	9181596	22020096	1206592	0	0	1195510	0	
33030144	33030144	10652532	12	22020096	902980	9749564	22020096	712552	0	0	1007976	0	
33030144	33030144	10652532	12	22020096	153764	10498780	22020096	131752	0	0	274127	0	
33030144	33030144	10652532	12	22020096	1594848	9057696	22020096	1349612	0	0	1282091	0	
33030144	33030144	10652532	12	22020096	1016768	9635776	22020096	844592	0	0	955135	0	
33030144	33030144	10652532	12	22020096	225300	10427244	22020096	199832	0	0	410475	0	
33030144	33030144	10652532	12	22020096	105324	10547220	22020096	86936	0	0	196593	0	
33030144	33030144	10652532	12	22020096	1428312	9224232	22020096	1212712	0	0	999689	0	
33030144	33030144	10652512	32	22020096	899868	9752676	22020096	743292	0	0	1013226	0	
33030144	33030144	10652532	12	22020096	114424	10538120	22020096	113472	0	0	257262	0	
33030144	33030144	10652536	8	22020096	78272	10574272	22020096	57064	0	0	145605	0	
33030144	33030144	10652532	12	22020096	1401372	9251172	22020096	1166612	0	0	994332	0	
33030144	33030144	10652512	32	22020096	867260	9785284	22020096	700112	0	0	1020619	0	
33030144	33030144	10652540	4	22020096	150524	10502020	22020096	126892	0	0	322036	0	
33030144	33030144	10652532	12	22020096	1562360	9090184	22020096	1331452	0	0	1114816	0	
33030144	33030144	10652532	12	22020096	1043428	9609116	22020096	851352	0	0	997943	0	
33030144	33030144	10652532	12	22020096	199884	10452660	22020096	175552	0	0	461126	0	
33030144	33030144	10652544	0	22020096	104804	10547740	22020096	85308	0	0	191235	0	
33030144	33030144	10652532	12	22020096	1450040	9202504	22020096	1210092	0	0	1161820	0	
33030144	33030144	10652532	12	22020096	934656	9717888	22020096	739592	0	0	1241789	0	
33030144	33030144	10652532	12	22020096	156084	10496460	22020096	134032	0	0	284998	0	
33030144	33030144	10652532	12	22020096	1598588	9053956	22020096	1358352	0	0	1253314	0	
33030144	33030144	10652532	12	22020096	1053556	9598988	22020096	852892	0	0	976949	0	
33030144	33030144	10652532	12	22020096	265292	10387252	22020096	190932	0	0	477041	0	
33030144	33030144	10652544	0	22020096	99024	10553520	22020096	79772	0	0	193575	0	
33030144	33030144	10652512	32	22020096	1410952	9241592	22020096	1207572	0	0	1122776	0	
33030144	33030144	10652532	12	22020096	909168	9743376	22020096	738632	0	0	1202243	0	
33030144	33030144	10652532	12	22020096	161864	10490680	22020096	139832	0	0	322175	0	
33030144	33030144	10652532	12	22020096	1643336	9009208	22020096	1360752	0	0	1240735	0	
33030144	33030144	10652532	12	22020096	1051636	9600908	22020096	843572	0	0	1013523	0	
33030144	33030144	10652532	12	22020096	215160	10437384	22020096	170072	0	0	346735	0	
33030144	33030144	10652504	40	22020096	102204	10550340	22020096	82740	0	0	185294	0	
33030144	33030144	10652532	12	22020096	1432840	9219704	22020096	1211112	0	0	1230794	0	
33030144	33030144	10652532	12	22020096	878760	9773784	22020096	738732	0	0	1077870	0	
33030144	33030144	10652532	12	22020096	165784	10486760	22020096	143912	0	0	302502	0	
33030144	33030144	10652532	12	22020096	1603948	9048596	22020096	1363232	0	0	1204205	0	
33030144	33030144	10652532	12	22020096	1085536	9567008	22020096	868592	0	0	1124087	0	
33030144	33030144	10652532	12	22020096	218344	10434200	22020096	196392	0	0	421466	0	
33030144	33030144	10652532	12	22020096	105704	10546840	22020096	86568	0	0	218710	0	
33030144	33030144	10652532	12	22020096	1462024	9190520	22020096	1214232	0	0	1193279	0	
33030144	33030144	10652532	12	22020096	870720	9781824	22020096	736252	0	0	1115790	0	
33030144	33030144	10652532	12	22020096	165924	10486620	22020096	144072	0	0	297569	0	
33030144	33030144	10652532	12	22020096	1635076	9017468	22020096	1345592	0	0	1033788	0	
33030144	33030144	10652532	12	22020096	1064476	9588068	22020096	861132	0	0	993639	0	
33030144	33030144	10652532	12	22020096	229300	10423244	22020096	191872	0	0	440417	0	
33030144	33030144	10652508	36	22020096	103564	10548980	22020096	83900	0	0	191128	0	
33030144	33030144	10652532	12	22020096	1399672	9252872	22020096	1214892	0	0	1137256	0	
33030144	33030144	10652532	12	22020096	969844	9682700	22020096	743232	0	0	1025409	0	
33030144	33030144	10652532	12	22020096	160464	10492080	22020096	138472	0	0	288780	0	
33030144	33030144	10652532	12	22020096	1597608	9054936	22020096	1351952	0	0	1006373	0	
33030144	33030144	10652512	32	22020096	1039588	9612956	22020096	855632	0	0	1030768	0	
33030144	33030144	10652532	12	22020096	274812	10377732	22020096	205012	0	0	416826	0	
33030144	33030144	10652496	48	22020096	99904	10552640	22020096	80680	0	0	190714	0	
33030144	33030144	10652532	12	22020096	1403352	9249192	22020096	1210472	0	0	1040187	0	
33030144	33030144	10652532	12	22020096	917040	9735504	22020096	738772	0	0	1076335	0	
33030144	33030144	10652532	12	22020096	167844	10484700	22020096	143792	0	0	373529	0	
33030144	33030144	10652532	12	22020096	1654584	8997960	22020096	1361052	0	0	1284689	0	
33030144	33030144	10652532	12	22020096	980684	9671860	22020096	847132	0	0	998254	0	
33030144	33030144	10652532	12	22020096	294312	10358232	22020096	219252	0	0	430571	0	
33030144	33030144	10652500	44	22020096	99784	10552760	22020096	80088	0	0	187243	0	
33030144	33030144	10652532	12	22020096	1471980	9180564	22020096	1209692	0	0	1150067	0	
33030144	33030144	10652532	12	22020096	837964	9814580	22020096	716672	0	0	962207	0	
33030144	33030144	10652532	12	22020096	164864	10487680	22020096	142632	0	0	298014	0	
33030144	33030144	10652532	12	22020096	1657324	8995220	22020096	1364652	0	0	1131265	0	
33030144	33030144	10652532	12	22020096	1062456	9590088	22020096	850552	0	0	1024812	0	
33030144	33030144	10652532	12	22020096	182604	10469940	22020096	160552	0	0	315456	0	
33030144	33030144	10652532	12	22020096	104684	10547860	22020096	85048	0	0	194776	0	
33030144	33030144	10652532	12	22020096	1426452	9226092	22020096	1218512	0	0	954545	0	
33030144	33030144	10652512	32	22020096	883640	9768904	22020096	743772	0	0	1055392	0	
33030144	33030144	10652532	12	22020096	146084	10506460	22020096	122252	0	0	313722	0	
33030144	33030144	10652524	20	22020096	77660	10574884	22020096	54212	0	0	143619	0	
33030144	33030144	10652512	32	22020096	1398044	9254500	22020096	1159032	0	0	1140621	0	
33030144	33030144	10652532	12	22020096	827572	9824972	22020096	695172	0	0	1046262	0	
33030144	33030144	10652540	4	22020096	146984	10505560	22020096	126752	0	0	256833	0	
33030144	33030144	10652532	12	22020096	1605148	9047396	22020096	1345712	0	0	1131344	0	
33030144	33030144	10652532	12	22020096	1040588	9611956	22020096	846092	0	0	962232	0	
33030144	33030144	10652532	12	22020096	187724	10464820	22020096	165672	0	0	324897	0	
33030144	33030144	10652488	56	22020096	104864	10547680	22020096	85500	0	0	211177	0	
33030144	33030144	10652532	12	22020096	1411532	9241012	22020096	1210212	0	0	1100800	0	
33030144	33030144	10652532	12	22020096	896908	9755636	22020096	750032	0	0	987258	0	
33030144	33030144	10652532	12	22020096	146664	10505880	22020096	124272	0	0	252188	0	
33030144	33030144	10652516	28	22020096	77424	10575120	22020096	54228	0	0	143289	0	
33030144	33030144	10652512	32	22020096	1400732	9251812	22020096	1160692	0	0	990118	0	
33030144	33030144	10652512	32	22020096	839252	9813292	22020096	695112	0	0	915078	0	
33030144	33030144	10652544	0	22020096	153904	10498640	22020096	132032	0	0	303752	0	
33030144	33030144	10652532	12	22020096	1656424	8996120	22020096	1337860	0	0	1090079	0	
33030144	33030144	10652532	12	22020096	979844	9672700	22020096	825500	48	0	1004761	0	
33030144	33030144	10652532	12	22020096	187024	10465520	22020096	157992	0	0	430920	0	
33030144	33030144	10652524	20	22020096	103884	10548660	22020096	84212	0	0	193702	0	
33030144	33030144	10652532	12	22020096	1446860	9205684	22020096	1215732	0	0	1170280	0	
33030144	33030144	10652532	12	22020096	916928	9735616	22020096	736952	0	0	984386	0	
33030144	33030144	10652532	12	22020096	162684	10489860	22020096	140892	0	0	290058	0	
33030144	33030144	10652532	12	22020096	1596328	9056216	22020096	1354952	0	0	1027979	0	
33030144	33030144	10652532	12	22020096	1057556	9594988	22020096	859292	0	0	1170797	0	
33030144	33030144	10652532	12	22020096	222188	10430356	22020096	194332	0	0	427062	0	
33030144	33030144	10652536	8	22020096	104964	10547580	22020096	85872	0	0	196613	0	
33030144	33030144	10652532	12	22020096	1440020	9212524	22020096	1210992	0	0	1025422	0	
33030144	33030144	10652532	12	22020096	929268	9723276	22020096	738112	0	0	980069	0	
33030144	33030144	10652532	12	22020096	164884	10487660	22020096	140632	0	0	384052	0	
33030144	33030144	10652532	12	22020096	1600548	9051996	22020096	1355592	0	0	1100335	0	
33030144	33030144	10652512	32	22020096	1057096	9595448	22020096	857132	0	0	975548	0	
33030144	33030144	10652512	32	22020096	221860	10430684	22020096	192832	0	0	411298	0	
33030144	33030144	10652528	16	22020096	104684	10547860	22020096	85216	0	0	192777	0	
33030144	33030144	10652532	12	22020096	1474128	9178416	22020096	1218672	0	0	1024980	0	
33030144	33030144	10652532	12	22020096	878600	9773944	22020096	732292	0	0	990120	0	
33030144	33030144	10652532	12	22020096	166884	10485660	22020096	144012	0	0	332709	0	
33030144	33030144	10652512	32	22020096	1595868	9056676	22020096	1359472	0	0	1010521	0	
33030144	33030144	10652532	12	22020096	1067776	9584768	22020096	864072	0	0	911570	0	
33030144	33030144	10652532	12	22020096	274492	10378052	22020096	197612	0	0	419278	0	
33030144	33030144	10652544	0	22020096	98984	10553560	22020096	79188	0	0	176989	0	
33030144	33030144	10652532	12	22020096	1451480	9201064	22020096	1207012	0	0	1021676	0	
33030144	33030144	10652532	12	22020096	880440	9772104	22020096	726172	0	0	1073892	0	
33030144	33030144	10652532	12	22020096	161784	10490760	22020096	139932	0	0	320969	0	
33030144	33030144	10652532	12	22020096	1591988	9060556	22020096	1354272	0	0	990937	0	
33030144	33030144	10652532	12	22020096	1099604	9552940	22020096	861092	0	0	1024479	0	
33030144	33030144	10652532	12	22020096	184924	10467620	22020096	163112	0	0	320428	0	
33030144	33030144	10652540	4	22020096	104824	10547720	22020096	85188	0	0	189650	0	
33030144	33030144	10652532	12	22020096	1526352	9126192	22020096	1217872	0	0	1130714	0	
33030144	33030144	10652532	12	22020096	912688	9739856	22020096	710772	0	0	1013395	0	
33030144	33030144	10652536	8	22020096	154804	10497740	22020096	132932	0	0	274624	0	
33030144	33030144	10652532	12	22020096	1599368	9053176	22020096	1339272	0	0	1131457	0	
33030144	33030144	10652532	12	22020096	1036008	9616536	22020096	840552	0	0	917103	0	
33030144	33030144	10652532	12	22020096	183124	10469420	22020096	161012	0	0	317236	0	
33030144	33030144	10652512	32	22020096	104684	10547860	22020096	84924	0	0	194511	0	
33030144	33030144	10652512	32	22020096	1469968	9182576	22020096	1218472	0	0	981741	0	
33030144	33030144	10652512	32	22020096	893868	9758676	22020096	730272	0	0	1141006	0	
33030144	33030144	10652532	12	22020096	163844	10488700	22020096	137252	0	0	292089	0	
33030144	33030144	10652512	32	22020096	1602828	9049716	22020096	1358272	0	0	1242343	0	
33030144	33030144	10652532	12	22020096	1018288	9634256	22020096	858432	0	0	930205	0	
33030144	33030144	10652532	12	22020096	283452	10369092	22020096	225452	0	0	504178	0	
33030144	33030144	10652512	32	22020096	102224	10550320	22020096	82348	0	0	184192	0	
33030144	33030144	10652532	12	22020096	1425072	9227472	22020096	1210912	0	0	1142418	0	
33030144	33030144	10652512	32	22020096	935576	9716968	22020096	741892	0	0	963460	0	
33030144	33030144	10652532	12	22020096	159404	10493140	22020096	137332	0	0	286161	0	
33030144	33030144	10652532	12	22020096	1625036	9027508	22020096	1359232	0	0	1359267	0	
33030144	33030144	10652532	12	22020096	1047956	9604588	22020096	844692	0	0	971577	0	
