b_initial_y_size_0	b_max_y_size_1	b_used_2	b_available_3	b_committed_4	a_used_5	a_available_6	a_committed_7	a_survived_8	a_promoted_9	a_copied_10	a_time_in_ns_11	promotion_rate_12
28311552	28311552	9130740	12	18874368	1561740	7569012	18874368	1370508	73256	0	1214912	8	
28311552	28311552	9130740	12	18874368	365968	8764784	18874368	314704	1508	0	639938	0	
28311552	28311552	9130740	12	18874368	1269600	7861152	18874368	1060400	636	0	1032200	0	
28311552	28311552	9130736	16	18874368	117812	9012940	18874368	111644	84	0	341816	0	
28311552	28311552	9130740	12	18874368	1292660	7838092	18874368	1054336	36	0	1058619	0	
28311552	28311552	9130724	28	18874368	127824	9002928	18874368	110004	28	0	283579	0	
28311552	28311552	9130740	12	18874368	1193528	7937224	18874368	971816	24	0	840270	0	
28311552	28311552	9130736	16	18874368	78788	9051964	18874368	67220	0	0	175871	0	
28311552	28311552	9130740	12	18874368	1116332	8014420	18874368	898720	520	0	941480	0	
28311552	28311552	9130740	12	18874368	1642376	7488376	18874368	1347460	828	0	1185989	0	
28311552	28311552	9130720	32	18874368	585332	8545420	18874368	442032	0	0	576061	0	
28311552	28311552	9130740	12	18874368	1187320	7943432	18874368	1030828	22256	0	1260753	5	
28311552	28311552	9130748	4	18874368	150504	8980248	18874368	128496	0	0	271794	0	
28311552	28311552	9130740	12	18874368	1302268	7828484	18874368	1050996	264	0	1124513	0	
28311552	28311552	9130732	20	18874368	126024	9004728	18874368	109156	0	0	246225	0	
28311552	28311552	9130740	12	18874368	1196148	7934604	18874368	964612	0	0	1084429	0	
28311552	28311552	9130744	8	18874368	78312	9052440	18874368	64472	0	0	167719	0	
28311552	28311552	9130740	12	18874368	1115772	8014980	18874368	894628	0	0	969596	0	
28311552	28311552	9130740	12	18874368	1604628	7526124	18874368	1344328	936	0	1000296	0	
28311552	28311552	9130740	12	18874368	583812	8546940	18874368	468672	0	0	654744	0	
28311552	28311552	9130720	32	18874368	1295200	7835552	18874368	1036472	7500	0	1430373	1	
28311552	28311552	9130736	16	18874368	103044	9027708	18874368	71432	0	0	203474	0	
28311552	28311552	9130740	12	18874368	1274320	7856432	18874368	1044572	0	0	1218446	0	
28311552	28311552	9130740	12	18874368	125164	9005588	18874368	107540	0	0	207058	0	
28311552	28311552	9130740	12	18874368	1123572	8007180	18874368	960072	0	0	1170474	0	
28311552	28311552	9130728	24	18874368	78672	9052080	18874368	73332	0	0	165564	0	
28311552	28311552	9130740	12	18874368	1083404	8047348	18874368	912112	0	0	950585	0	
28311552	28311552	9130736	16	18874368	76848	9053904	18874368	45420	0	0	143545	0	
28311552	28311552	9130740	12	18874368	1104924	8025828	18874368	876312	0	0	941505	0	
28311552	28311552	9130740	12	18874368	1495568	7635184	18874368	1331772	0	0	1115406	0	
28311552	28311552	9130720	32	18874368	605020	8525732	18874368	480092	0	0	624311	0	
28311552	28311552	9130720	32	18874368	1296140	7834612	18874368	1030952	0	0	1138259	0	
28311552	28311552	9130728	24	18874368	105184	9025568	18874368	73452	0	0	212802	0	
28311552	28311552	9130740	12	18874368	1211716	7919036	18874368	1044872	0	0	1235060	0	
28311552	28311552	9130752	0	18874368	133064	8997688	18874368	115432	0	0	304737	0	
28311552	28311552	9130740	12	18874368	1153072	7977680	18874368	984632	0	0	1050983	0	
28311552	28311552	9130752	0	18874368	78672	9052080	18874368	76424	0	0	169956	0	
28311552	28311552	9130740	12	18874368	1085224	8045528	18874368	883412	0	0	1024875	0	
28311552	28311552	9130740	12	18874368	77940	9052812	18874368	54228	0	0	164421	0	
28311552	28311552	9130740	12	18874368	1114612	8016140	18874368	880592	0	0	1026230	0	
28311552	28311552	9130740	12	18874368	1591348	7539404	18874368	1331012	0	0	1133550	0	
28311552	28311552	9130740	12	18874368	562492	8568260	18874368	415512	0	0	660692	0	
28311552	28311552	9130740	12	18874368	1205148	7925604	18874368	999512	0	0	1128563	0	
28311552	28311552	9130748	4	18874368	131264	8999488	18874368	109172	0	0	253213	0	
28311552	28311552	9130740	12	18874368	1279700	7851052	18874368	1043552	0	0	1142821	0	
28311552	28311552	9130704	48	18874368	127524	9003228	18874368	110164	0	0	284277	0	
28311552	28311552	9130740	12	18874368	1156260	7974492	18874368	971612	0	0	1108637	0	
28311552	28311552	9130736	16	18874368	78040	9052712	18874368	70928	0	0	159963	0	
28311552	28311552	9130740	12	18874368	1113132	8017620	18874368	907032	0	0	904209	0	
28311552	28311552	9130740	12	18874368	1612048	7518704	18874368	1358272	0	0	1193430	0	
28311552	28311552	9130740	12	18874368	652676	8478076	18874368	495312	0	0	660730	0	
28311552	28311552	9130740	12	18874368	1193948	7936804	18874368	1011412	0	0	1137849	0	
28311552	28311552	9130740	12	18874368	148684	8982068	18874368	126692	0	0	286362	0	
28311552	28311552	9130740	12	18874368	1205268	7925484	18874368	1050172	0	0	1248906	0	
28311552	28311552	9130744	8	18874368	137864	8992888	18874368	121616	0	0	302851	0	
28311552	28311552	9130720	32	18874368	1205508	7925244	18874368	991552	0	0	1082419	0	
28311552	28311552	9130732	20	18874368	78592	9052160	18874368	74340	0	0	160896	0	
28311552	28311552	9130740	12	18874368	1134612	7996140	18874368	908952	0	0	971886	0	
28311552	28311552	9130740	12	18874368	1624196	7506556	18874368	1359512	600	0	1201123	0	
28311552	28311552	9130740	12	18874368	596680	8534072	18874368	488152	0	0	639450	0	
28311552	28311552	9130740	12	18874368	1336196	7794556	18874368	1047212	0	0	950154	0	
28311552	28311552	9130744	8	18874368	100844	9029908	18874368	78904	0	0	213331	0	
28311552	28311552	9130740	12	18874368	1316300	7814452	18874368	1039144	552	0	1171556	0	
28311552	28311552	9130728	24	18874368	116884	9013868	18874368	99316	0	0	262911	0	
28311552	28311552	9130740	12	18874368	1149460	7981292	18874368	950632	0	0	1023910	0	
28311552	28311552	9130752	0	18874368	77840	9052912	18874368	62844	0	0	143851	0	
28311552	28311552	9130720	32	18874368	1069136	8061616	18874368	891452	0	0	1011841	0	
28311552	28311552	9130740	12	18874368	1642436	7488316	18874368	1356992	0	0	1368926	0	
28311552	28311552	9130740	12	18874368	594032	8536720	18874368	461972	0	0	622847	0	
28311552	28311552	9130740	12	18874368	1224428	7906324	18874368	1021152	0	0	1315250	0	
28311552	28311552	9130720	32	18874368	146324	8984428	18874368	114712	0	0	251002	0	
28311552	28311552	9130740	12	18874368	1274920	7855832	18874368	1038092	0	0	1088713	0	
28311552	28311552	9130736	16	18874368	127264	9003488	18874368	110960	0	0	246382	0	
28311552	28311552	9130740	12	18874368	1162600	7968152	18874368	970312	0	0	1042434	0	
28311552	28311552	9130744	8	18874368	77680	9053072	18874368	69584	0	0	154736	0	
28311552	28311552	9130720	32	18874368	1083704	8047048	18874368	903172	0	0	965021	0	
28311552	28311552	9130740	12	18874368	1630636	7500116	18874368	1358732	0	0	982043	0	
28311552	28311552	9130740	12	18874368	642336	8488416	18874368	495672	0	0	690614	0	
28311552	28311552	9130740	12	18874368	1194368	7936384	18874368	1021732	0	0	1172585	0	
28311552	28311552	9130724	28	18874368	155884	8974868	18874368	125312	0	0	275618	0	
28311552	28311552	9130740	12	18874368	1274920	7855832	18874368	1053472	0	0	1099562	0	
28311552	28311552	9130732	20	18874368	130204	9000548	18874368	113096	0	0	249567	0	
28311552	28311552	9130720	32	18874368	1190168	7940584	18874368	976972	0	0	1056145	0	
28311552	28311552	9130708	44	18874368	77820	9052932	18874368	68332	0	0	154771	0	
28311552	28311552	9130740	12	18874368	1073256	8057496	18874368	904992	0	0	966209	0	
28311552	28311552	9130740	12	18874368	1640356	7490396	18874368	1359392	0	0	1173855	0	
28311552	28311552	9130740	12	18874368	620988	8509764	18874368	491592	0	0	705073	0	
28311552	28311552	9130740	12	18874368	1224936	7905816	18874368	1031692	0	0	1117142	0	
28311552	28311552	9130748	4	18874368	148104	8982648	18874368	123652	0	0	330042	0	
28311552	28311552	9130740	12	18874368	1282940	7847812	18874368	1046872	0	0	1133047	0	
28311552	28311552	9130688	64	18874368	127704	9003048	18874368	109452	0	0	252030	0	
28311552	28311552	9130740	12	18874368	1197988	7932764	18874368	972172	0	0	1125827	0	
28311552	28311552	9130724	28	18874368	78160	9052592	18874368	65516	0	0	142578	0	
28311552	28311552	9130740	12	18874368	1125292	8005460	18874368	895012	0	0	986723	0	
28311552	28311552	9130740	12	18874368	1573640	7557112	18874368	1344152	0	0	1184989	0	
28311552	28311552	9130720	32	18874368	639708	8491044	18874368	485372	0	0	661337	0	
28311552	28311552	9130740	12	18874368	1216276	7914476	18874368	1009492	0	0	1171963	0	
28311552	28311552	9130740	12	18874368	110684	9020068	18874368	110672	0	0	268630	0	
28311552	28311552	9130740	12	18874368	1307808	7822944	18874368	1057732	0	0	1163845	0	
28311552	28311552	9130688	64	18874368	126844	9003908	18874368	110188	0	0	243848	0	
28311552	28311552	9130720	32	18874368	1194568	7936184	18874368	968492	0	0	934524	0	
28311552	28311552	9130708	44	18874368	77304	9053448	18874368	64372	0	0	141475	0	
28311552	28311552	9130720	32	18874368	1089916	8040836	18874368	894012	0	0	972355	0	
28311552	28311552	9130740	12	18874368	1623796	7506956	18874368	1356072	0	0	1162801	0	
28311552	28311552	9130740	12	18874368	609768	8520984	18874368	473832	0	0	591760	0	
28311552	28311552	9130740	12	18874368	1226008	7904744	18874368	1020952	0	0	932415	0	
28311552	28311552	9130752	0	18874368	138804	8991948	18874368	112912	0	0	236069	0	
28311552	28311552	9130740	12	18874368	1340416	7790336	18874368	1042532	0	0	934219	0	
28311552	28311552	9130688	64	18874368	118704	9012048	18874368	100904	0	0	224077	0	
28311552	28311552	9130740	12	18874368	1165600	7965152	18874368	955032	0	0	1016620	0	
28311552	28311552	9130748	4	18874368	77584	9053168	18874368	62200	0	0	169167	0	
28311552	28311552	9130740	12	18874368	1117632	8013120	18874368	889692	0	0	857709	0	
28311552	28311552	9130740	12	18874368	1610068	7520684	18874368	1339152	0	0	1134673	0	
28311552	28311552	9130740	12	18874368	560824	8569928	18874368	446692	0	0	675678	0	
28311552	28311552	9130740	12	18874368	1303408	7827344	18874368	1032252	0	0	1025800	0	
28311552	28311552	9130728	24	18874368	101444	9029308	18874368	69332	0	0	187778	0	
28311552	28311552	9130740	12	18874368	1191560	7939192	18874368	1043872	0	0	1289299	0	
28311552	28311552	9130732	20	18874368	135244	8995508	18874368	118424	0	0	310177	0	
28311552	28311552	9130740	12	18874368	1188528	7942224	18874368	983052	0	0	1109057	0	
28311552	28311552	9130716	36	18874368	78252	9052500	18874368	73680	0	0	164563	0	
28311552	28311552	9130740	12	18874368	1131912	7998840	18874368	907272	0	0	929426	0	
28311552	28311552	9130740	12	18874368	1655464	7475288	18874368	1359532	0	0	1051680	0	
28311552	28311552	9130740	12	18874368	606608	8524144	18874368	466152	0	0	626695	0	
28311552	28311552	9130740	12	18874368	1203648	7927104	18874368	1015496	0	0	1059777	0	
28311552	28311552	9130748	4	18874368	145464	8985288	18874368	124036	744	0	259153	0	
28311552	28311552	9130740	12	18874368	1278100	7852652	18874368	1048472	0	0	1151833	0	
28311552	28311552	9130736	16	18874368	128744	9002008	18874368	111916	0	0	243374	0	
28311552	28311552	9130740	12	18874368	1221296	7909456	18874368	974712	0	0	1006250	0	
28311552	28311552	9130724	28	18874368	77504	9053248	18874368	62780	0	0	142150	0	
28311552	28311552	9130720	32	18874368	1101904	8028848	18874368	890392	0	0	996926	0	
28311552	28311552	9130740	12	18874368	1618348	7512404	18874368	1347352	0	0	1403553	0	
28311552	28311552	9130740	12	18874368	628988	8501764	18874368	456652	0	0	654417	0	
28311552	28311552	9130740	12	18874368	1236736	7894016	18874368	988292	0	0	1147657	0	
28311552	28311552	9130740	12	18874368	99284	9031468	18874368	77152	0	0	192773	0	
28311552	28311552	9130740	12	18874368	1226916	7903836	18874368	1041932	0	0	1150816	0	
28311552	28311552	9130732	20	18874368	132584	8998168	18874368	116388	0	0	334402	0	
28311552	28311552	9130740	12	18874368	1226576	7904176	18874368	982472	0	0	1122415	0	
28311552	28311552	9130732	20	18874368	78100	9052652	18874368	66404	0	0	153879	0	
28311552	28311552	9130740	12	18874368	1118632	8012120	18874368	898960	0	0	921547	0	
28311552	28311552	9130740	12	18874368	1626816	7503936	18874368	1346760	888	0	1314717	0	
28311552	28311552	9130740	12	18874368	589192	8541560	18874368	454152	0	0	703573	0	
28311552	28311552	9130740	12	18874368	1285520	7845232	18874368	1017312	0	0	1181741	0	
28311552	28311552	9130744	8	18874368	71880	9058872	18874368	68572	0	0	227058	0	
28311552	28311552	9130740	12	18874368	1310968	7819784	18874368	1044692	680	0	1180421	0	
28311552	28311552	9130736	16	18874368	122444	9008308	18874368	106172	0	0	210727	0	
28311552	28311552	9130740	12	18874368	1154360	7976392	18874368	953572	0	0	1055494	0	
28311552	28311552	9130748	4	18874368	77544	9053208	18874368	67328	0	0	150319	0	
28311552	28311552	9130740	12	18874368	1102364	8028388	18874368	902392	0	0	1051079	0	
28311552	28311552	9130740	12	18874368	1629296	7501456	18874368	1359192	0	0	1203126	0	
28311552	28311552	9130720	32	18874368	572840	8557912	18874368	474972	0	0	689281	0	
28311552	28311552	9130720	32	18874368	1270960	7859792	18874368	1051172	0	0	927008	0	
28311552	28311552	9130736	16	18874368	130684	9000068	18874368	108492	0	0	223347	0	
28311552	28311552	9130740	12	18874368	1304288	7826464	18874368	1043524	0	0	1172366	0	
28311552	28311552	9130752	0	18874368	123884	9006868	18874368	105516	492	0	241184	0	
28311552	28311552	9130740	12	18874368	1173700	7957052	18874368	957412	0	0	977562	0	
28311552	28311552	9130748	4	18874368	77008	9053744	18874368	64632	0	0	142599	0	
28311552	28311552	9130720	32	18874368	1095164	8035588	18874368	897012	0	0	845850	0	
28311552	28311552	9130740	12	18874368	1596520	7534232	18874368	1355652	0	0	1186922	0	
28311552	28311552	9130740	12	18874368	576020	8554732	18874368	492640	0	0	667670	0	
28311552	28311552	9130740	12	18874368	1270680	7860072	18874368	1068460	28	0	899447	0	
28311552	28311552	9130720	32	18874368	155784	8974968	18874368	123892	0	0	343676	0	
28311552	28311552	9130740	12	18874368	1282860	7847892	18874368	1042112	0	0	1077695	0	
28311552	28311552	9130728	24	18874368	126844	9003908	18874368	110036	0	0	249727	0	
28311552	28311552	9130740	12	18874368	1192548	7938204	18874368	968492	0	0	1114227	0	
28311552	28311552	9130716	36	18874368	78160	9052592	18874368	65416	0	0	153420	0	
28311552	28311552	9130740	12	18874368	1091524	8039228	18874368	895124	492	0	825375	0	
28311552	28311552	9130740	12	18874368	1597208	7533544	18874368	1355292	0	0	1349133	0	
28311552	28311552	9130720	32	18874368	665856	8464896	18874368	491772	0	0	698751	0	
28311552	28311552	9130740	12	18874368	1211656	7919096	18874368	996712	0	0	1157823	0	
28311552	28311552	9130744	8	18874368	126864	9003888	18874368	102272	0	0	252049	0	
28311552	28311552	9130740	12	18874368	1295140	7835612	18874368	1039752	0	0	1004066	0	
28311552	28311552	9130748	4	18874368	125084	9005668	18874368	106772	0	0	236519	0	
28311552	28311552	9130740	12	18874368	1122752	8008000	18874368	959272	0	0	1014735	0	
28311552	28311552	9130752	0	18874368	78732	9052020	18874368	73364	0	0	168283	0	
28311552	28311552	9130740	12	18874368	1151020	7979732	18874368	912112	0	0	870133	0	
28311552	28311552	9130740	12	18874368	1623416	7507336	18874368	1353672	0	0	1135320	0	
28311552	28311552	9130740	12	18874368	583860	8546892	18874368	470992	0	0	763608	0	
28311552	28311552	9130740	12	18874368	1212036	7918716	18874368	1038472	0	0	1045266	0	
28311552	28311552	9130720	32	18874368	128584	9002168	18874368	127512	0	0	369351	0	
28311552	28311552	9130720	32	18874368	1308528	7822224	18874368	1063292	0	0	1221233	0	
28311552	28311552	9130736	16	18874368	129764	9000988	18874368	112708	0	0	323482	0	
28311552	28311552	9130740	12	18874368	1212876	7917876	18874368	976552	0	0	923137	0	
28311552	28311552	9130736	16	18874368	77404	9053348	18874368	64564	0	0	142558	0	
28311552	28311552	9130740	12	18874368	1102504	8028248	18874368	894512	0	0	1063088	0	
28311552	28311552	9130740	12	18874368	1650376	7480376	18874368	1351192	0	0	1193256	0	
28311552	28311552	9130740	12	18874368	525224	8605528	18874368	442992	0	0	649852	0	
28311552	28311552	9130740	12	18874368	1232036	7898716	18874368	1056632	0	0	1026321	0	
28311552	28311552	9130736	16	18874368	158544	8972208	18874368	129632	0	0	371366	0	
28311552	28311552	9130740	12	18874368	1332988	7797764	18874368	1056092	0	0	1177175	0	
28311552	28311552	9130728	24	18874368	122004	9008748	18874368	105500	0	0	232588	0	
28311552	28311552	9130740	12	18874368	1117652	8013100	18874368	959192	0	0	1222161	0	
28311552	28311552	9130744	8	18874368	78040	9052712	18874368	72052	0	0	188919	0	
28311552	28311552	9130740	12	18874368	1128752	8002000	18874368	910132	0	0	954724	0	
28311552	28311552	9130740	12	18874368	1602168	7528584	18874368	1355512	0	0	1090926	0	
28311552	28311552	9130740	12	18874368	661996	8468756	18874368	496532	0	0	662135	0	
28311552	28311552	9130740	12	18874368	1220496	7910256	18874368	1006472	0	0	1100127	0	
28311552	28311552	9130740	12	18874368	127004	9003748	18874368	104892	0	0	216758	0	
28311552	28311552	9130720	32	18874368	1271420	7859332	18874368	1042552	0	0	1199435	0	
28311552	28311552	9130748	4	18874368	128604	9002148	18874368	111156	0	0	246531	0	
28311552	28311552	9130740	12	18874368	1149972	7980780	18874368	974032	0	0	995388	0	
28311552	28311552	9130716	36	18874368	77900	9052852	18874368	72212	0	0	191711	0	
28311552	28311552	9130740	12	18874368	1108344	8022408	18874368	910692	0	0	949847	0	
28311552	28311552	9130740	12	18874368	1571072	7559680	18874368	1364752	0	0	1179143	0	
28311552	28311552	9130740	12	18874368	648896	8481856	18874368	509432	0	0	611758	0	
28311552	28311552	9130740	12	18874368	1273780	7856972	18874368	1060092	0	0	1135891	0	
28311552	28311552	9130748	4	18874368	140804	8989948	18874368	114812	0	0	270482	0	
28311552	28311552	9130720	32	18874368	1234376	7896376	18874368	1042572	0	0	1008965	0	
28311552	28311552	9130716	36	18874368	133104	8997648	18874368	116164	0	0	257618	0	
28311552	28311552	9130740	12	18874368	1155932	7974820	18874368	984992	0	0	818274	0	
28311552	28311552	9130752	0	18874368	78692	9052060	18874368	76144	0	0	209350	0	
28311552	28311552	9130740	12	18874368	1124952	8005800	18874368	882412	0	0	1129725	0	
28311552	28311552	9130720	32	18874368	1627436	7503316	18874368	1361672	0	0	1033613	0	
28311552	28311552	9130740	12	18874368	632688	8498064	18874368	498032	0	0	734096	0	
28311552	28311552	9130740	12	18874368	1204948	7925804	18874368	1035792	0	0	1078583	0	
28311552	28311552	9130736	16	18874368	155204	8975548	18874368	129632	0	0	265603	0	
28311552	28311552	9130740	12	18874368	1215776	7914976	18874368	1057232	0	0	1289250	0	
28311552	28311552	9130696	56	18874368	151992	8978760	18874368	121724	0	0	261764	0	
28311552	28311552	9130740	12	18874368	1223476	7907276	18874368	987952	0	0	1101668	0	
28311552	28311552	9130732	20	18874368	77960	9052792	18874368	70160	0	0	184794	0	
28311552	28311552	9130740	12	18874368	1081076	8049676	18874368	904572	0	0	953468	0	
28311552	28311552	9130720	32	18874368	1601240	7529512	18874368	1361872	0	0	1120690	0	
28311552	28311552	9130740	12	18874368	650868	8479884	18874368	507892	0	0	708536	0	
28311552	28311552	9130740	12	18874368	1281880	7848872	18874368	1042832	0	0	999030	0	
28311552	28311552	9130740	12	18874368	115044	9015708	18874368	93032	0	0	221757	0	
28311552	28311552	9130740	12	18874368	1229016	7901736	18874368	1038852	0	0	1051651	0	
28311552	28311552	9130748	4	18874368	133184	8997568	18874368	116516	0	0	260318	0	
28311552	28311552	9130740	12	18874368	1215896	7914856	18874368	984152	0	0	1097809	0	
28311552	28311552	9130744	8	18874368	78372	9052380	18874368	68476	0	0	191639	0	
28311552	28311552	9130740	12	18874368	1060948	8069804	18874368	903672	0	0	890140	0	
28311552	28311552	9130740	12	18874368	1627516	7503236	18874368	1363472	0	0	1057168	0	
28311552	28311552	9130740	12	18874368	583872	8546880	18874368	501172	0	0	639403	0	
28311552	28311552	9130740	12	18874368	1305048	7825704	18874368	1076792	0	0	1021444	0	
28311552	28311552	9130740	12	18874368	134084	8996668	18874368	108732	0	0	290176	0	
28311552	28311552	9130740	12	18874368	1284680	7846072	18874368	1041552	0	0	1107792	0	
28311552	28311552	9130696	56	18874368	126544	9004208	18874368	109324	0	0	244822	0	
28311552	28311552	9130740	12	18874368	1158120	7972632	18874368	966992	0	0	1167841	0	
28311552	28311552	9130748	4	18874368	77224	9053528	18874368	69092	0	0	153650	0	
28311552	28311552	9130740	12	18874368	1120412	8010340	18874368	903052	0	0	994878	0	
28311552	28311552	9130740	12	18874368	1612168	7518584	18874368	1357332	0	0	1226201	0	
28311552	28311552	9130720	32	18874368	646776	8483976	18874368	485112	0	0	634511	0	
28311552	28311552	9130740	12	18874368	1191268	7939484	18874368	1004272	0	0	1200245	0	
28311552	28311552	9130748	4	18874368	148024	8982728	18874368	121992	0	0	253679	0	
28311552	28311552	9130720	32	18874368	1281520	7849232	18874368	1045872	0	0	1384826	0	
28311552	28311552	9130736	16	18874368	127544	9003208	18874368	109764	0	0	286368	0	
28311552	28311552	9130740	12	18874368	1150920	7979832	18874368	972172	0	0	1003602	0	
28311552	28311552	9130748	4	18874368	77940	9052812	18874368	71532	0	0	155718	0	
28311552	28311552	9130740	12	18874368	1089304	8041448	18874368	908332	0	0	958161	0	
28311552	28311552	9130740	12	18874368	1661036	7469716	18874368	1362932	0	0	1300380	0	
28311552	28311552	9130740	12	18874368	622428	8508324	18874368	482472	0	0	713476	0	
28311552	28311552	9130740	12	18874368	1237796	7892956	18874368	1020792	0	0	1159415	0	
28311552	28311552	9130740	12	18874368	126744	9004008	18874368	104552	0	0	215179	0	
28311552	28311552	9130720	32	18874368	1230556	7900196	18874368	1042512	0	0	1188183	0	
28311552	28311552	9130716	36	18874368	133564	8997188	18874368	116844	0	0	292964	0	
28311552	28311552	9130740	12	18874368	1242548	7888204	18874368	984432	0	0	981106	0	
28311552	28311552	9130740	12	18874368	77524	9053228	18874368	64412	0	0	141898	0	
28311552	28311552	9130740	12	18874368	1101264	8029488	18874368	894712	0	0	1044832	0	
28311552	28311552	9130740	12	18874368	1629596	7501156	18874368	1351512	0	0	1122629	0	
28311552	28311552	9130720	32	18874368	585360	8545392	18874368	458572	0	0	650680	0	
28311552	28311552	9130740	12	18874368	1218436	7912316	18874368	1025172	0	0	1116129	0	
28311552	28311552	9130728	24	18874368	148484	8982268	18874368	121912	0	0	255433	0	
28311552	28311552	9130740	12	18874368	1287580	7843172	18874368	1045532	0	0	977754	0	
28311552	28311552	9130732	20	18874368	126844	9003908	18874368	109888	0	0	250786	0	
28311552	28311552	9130720	32	18874368	1132312	7998440	18874368	968432	0	0	974152	0	
28311552	28311552	9130728	24	18874368	78232	9052520	18874368	73372	0	0	165580	0	
28311552	28311552	9130720	32	18874368	1122012	8008740	18874368	905752	0	0	830551	0	
28311552	28311552	9130720	32	18874368	1602608	7528144	18874368	1361692	0	0	1060654	0	
28311552	28311552	9130740	12	18874368	686784	8443968	18874368	502092	0	0	718442	0	
28311552	28311552	9130740	12	18874368	1240076	7890676	18874368	999592	0	0	1221453	0	
28311552	28311552	9130740	12	18874368	110724	9020028	18874368	84732	0	0	191162	0	
28311552	28311552	9130740	12	18874368	1321360	7809392	18874368	1041392	0	0	1178909	0	
28311552	28311552	9130708	44	18874368	119424	9011328	18874368	102256	0	0	267034	0	
28311552	28311552	9130740	12	18874368	1161100	7969652	18874368	958732	0	0	1195321	0	
28311552	28311552	9130716	36	18874368	78040	9052712	18874368	63952	0	0	199925	0	
28311552	28311552	9130720	32	18874368	1153180	7977572	18874368	893192	0	0	956782	0	
28311552	28311552	9130740	12	18874368	1591640	7539112	18874368	1337732	0	0	1176777	0	
28311552	28311552	9130740	12	18874368	596292	8534460	18874368	441512	0	0	640465	0	
28311552	28311552	9130740	12	18874368	1221188	7909564	18874368	999272	0	0	1332621	0	
28311552	28311552	9130716	36	18874368	125964	9004788	18874368	96972	0	0	281877	0	
28311552	28311552	9130740	12	18874368	1179168	7951584	18874368	1043012	0	0	1346298	0	
28311552	28311552	9130740	12	18874368	138444	8992308	18874368	122276	0	0	305022	0	
28311552	28311552	9130740	12	18874368	1201108	7929644	18874368	994632	0	0	1128514	0	
28311552	28311552	9130732	20	18874368	79308	9051444	18874368	76196	0	0	192103	0	
28311552	28311552	9130740	12	18874368	1116952	8013800	18874368	910132	0	0	953835	0	
28311552	28311552	9130740	12	18874368	1603268	7527484	18874368	1361712	0	0	1155813	0	
28311552	28311552	9130740	12	18874368	664556	8466196	18874368	507692	0	0	604733	0	
28311552	28311552	9130720	32	18874368	1237708	7893044	18874368	1030992	0	0	1094689	0	
28311552	28311552	9130752	0	18874368	114664	9016088	18874368	114552	0	0	253235	0	
28311552	28311552	9130740	12	18874368	1278100	7852652	18874368	1058512	0	0	1121278	0	
28311552	28311552	9130704	48	18874368	130884	8999868	18874368	113624	0	0	276693	0	
28311552	28311552	9130740	12	18874368	1142472	7988280	18874368	976132	0	0	1196141	0	
28311552	28311552	9130712	40	18874368	78332	9052420	18874368	75572	0	0	147227	0	
28311552	28311552	9130740	12	18874368	1088964	8041788	18874368	895232	0	0	918800	0	
28311552	28311552	9130748	4	18874368	77604	9053148	18874368	52832	0	0	141052	0	
28311552	28311552	9130740	12	18874368	1092944	8037808	18874368	877072	0	0	992248	0	
28311552	28311552	9130720	32	18874368	1605008	7525744	18874368	1335992	0	0	1259611	0	
28311552	28311552	9130740	12	18874368	462300	8668452	18874368	415512	0	0	678661	0	
28311552	28311552	9130740	12	18874368	1349396	7781356	18874368	1077552	0	0	896736	0	
28311552	28311552	9130740	12	18874368	104144	9026608	18874368	78232	0	0	210589	0	
28311552	28311552	9130740	12	18874368	1302548	7828204	18874368	1040972	0	0	1041140	0	
28311552	28311552	9130692	60	18874368	121444	9009308	18874368	104900	0	0	239013	0	
28311552	28311552	9130740	12	18874368	1183648	7947104	18874368	957612	0	0	955899	0	
28311552	28311552	9130748	4	18874368	77840	9052912	18874368	62748	0	0	145163	0	
28311552	28311552	9130740	12	18874368	1131052	7999700	18874368	890852	0	0	962367	0	
28311552	28311552	9130720	32	18874368	1548772	7581980	18874368	1331552	0	0	1046431	0	
28311552	28311552	9130740	12	18874368	653936	8476816	18874368	485372	0	0	676185	0	
28311552	28311552	9130740	12	18874368	1212796	7917956	18874368	998752	0	0	1140769	0	
28311552	28311552	9130736	16	18874368	125864	9004888	18874368	102972	0	0	214155	0	
28311552	28311552	9130720	32	18874368	1270420	7860332	18874368	1042308	0	0	1268345	0	
28311552	28311552	9130744	8	18874368	128424	9002328	18874368	112292	916	0	293335	0	
28311552	28311552	9130740	12	18874368	1225436	7905316	18874368	973532	0	0	996957	0	
28311552	28311552	9130724	28	18874368	77404	9053348	18874368	62240	360	0	151323	0	
28311552	28311552	9130740	12	18874368	1090096	8040656	18874368	888832	0	0	785724	0	
28311552	28311552	9130720	32	18874368	1566292	7564460	18874368	1346092	0	0	1125863	0	
28311552	28311552	9130720	32	18874368	641568	8489184	18874368	496772	0	0	604656	0	
28311552	28311552	9130740	12	18874368	1290780	7839972	18874368	1024292	0	0	1079628	0	
28311552	28311552	9130736	16	18874368	76300	9054452	18874368	70292	0	0	188985	0	
28311552	28311552	9130740	12	18874368	1269020	7861732	18874368	1043616	0	0	1105976	0	
28311552	28311552	9130736	16	18874368	128984	9001768	18874368	111408	324	0	259031	0	
28311552	28311552	9130740	12	18874368	1178920	7951832	18874368	973372	0	0	1012716	0	
28311552	28311552	9130716	36	18874368	78232	9052520	18874368	69224	0	0	184413	0	
28311552	28311552	9130740	12	18874368	1102944	8027808	18874368	906852	0	0	1007550	0	
28311552	28311552	9130740	12	18874368	1634816	7495936	18874368	1356872	0	0	1069490	0	
28311552	28311552	9130720	32	18874368	582960	8547792	18874368	476332	0	0	716579	0	
28311552	28311552	9130740	12	18874368	1304820	7825932	18874368	1045092	0	0	985197	0	
28311552	28311552	9130740	12	18874368	80764	9049988	18874368	79952	0	0	225397	0	
28311552	28311552	9130720	32	18874368	1304180	7826572	18874368	1050152	0	0	1235984	0	
28311552	28311552	9130732	20	18874368	125684	9005068	18874368	108136	0	0	270910	0	
28311552	28311552	9130740	12	18874368	1158460	7972292	18874368	962212	0	0	1240747	0	
28311552	28311552	9130744	8	18874368	77940	9052812	18874368	68620	0	0	157914	0	
28311552	28311552	9130740	12	18874368	1126952	8003800	18874368	905492	0	0	946534	0	
28311552	28311552	9130740	12	18874368	1611848	7518904	18874368	1351912	0	0	1351831	0	
28311552	28311552	9130740	12	18874368	594980	8535772	18874368	474872	0	0	599231	0	
28311552	28311552	9130740	12	18874368	1189960	7940792	18874368	1033532	0	0	1001879	0	
28311552	28311552	9130736	16	18874368	152604	8978148	18874368	130472	0	0	295413	0	
28311552	28311552	9130740	12	18874368	1299320	7831432	18874368	1062652	0	0	1141590	0	
28311552	28311552	9130736	16	18874368	129744	9001008	18874368	112104	0	0	292738	0	
28311552	28311552	9130740	12	18874368	1209748	7921004	18874368	976992	0	0	947830	0	
28311552	28311552	9130728	24	18874368	76868	9053884	18874368	64400	0	0	145862	0	
28311552	28311552	9130740	12	18874368	1103076	8027676	18874368	896972	0	0	941951	0	
28311552	28311552	9130740	12	18874368	1586240	7544512	18874368	1353392	0	0	1254400	0	
28311552	28311552	9130740	12	18874368	609628	8521124	18874368	493952	0	0	660529	0	
28311552	28311552	9130740	12	18874368	1314308	7816444	18874368	1043792	0	0	1135434	0	
28311552	28311552	9130740	12	18874368	100564	9030188	18874368	71532	0	0	187536	0	
28311552	28311552	9130740	12	18874368	1297820	7832932	18874368	1037372	0	0	1121793	0	
28311552	28311552	9130736	16	18874368	121304	9009448	18874368	103956	0	0	232445	0	
28311552	28311552	9130740	12	18874368	1129672	8001080	18874368	957092	0	0	1028470	0	
28311552	28311552	9130736	16	18874368	78160	9052592	18874368	70144	0	0	156276	0	
28311552	28311552	9130740	12	18874368	1099236	8031516	18874368	903292	0	0	1007758	0	
28311552	28311552	9130740	12	18874368	1603700	7527052	18874368	1359352	0	0	1084090	0	
28311552	28311552	9130740	12	18874368	645988	8484764	18874368	500392	0	0	684829	0	
28311552	28311552	9130740	12	18874368	1268280	7862472	18874368	1028752	0	0	1219220	0	
28311552	28311552	9130716	36	18874368	121804	9008948	18874368	90072	0	0	210002	0	
28311552	28311552	9130720	32	18874368	1337676	7793076	18874368	1040392	0	0	1043958	0	
28311552	28311552	9130736	16	18874368	117084	9013668	18874368	99696	0	0	191600	0	
28311552	28311552	9130740	12	18874368	1090104	8040648	18874368	951852	0	0	1128468	0	
28311552	28311552	9130732	20	18874368	77800	9052952	18874368	70772	0	0	160633	0	
28311552	28311552	9130740	12	18874368	1093624	8037128	18874368	907512	0	0	1030458	0	
28311552	28311552	9130740	12	18874368	1654064	7476688	18874368	1358212	0	0	1018093	0	
28311552	28311552	9130740	12	18874368	588120	8542632	18874368	480812	0	0	708465	0	
28311552	28311552	9130740	12	18874368	1270640	7860112	18874368	1045352	0	0	1046926	0	
28311552	28311552	9130728	24	18874368	135644	8995108	18874368	103972	0	0	233927	0	
28311552	28311552	9130740	12	18874368	1214916	7915836	18874368	1042892	0	0	1029280	0	
28311552	28311552	9130744	8	18874368	134244	8996508	18874368	116892	0	0	256624	0	
28311552	28311552	9130720	32	18874368	1243496	7887256	18874368	987252	0	0	1078649	0	
28311552	28311552	9130736	16	18874368	78100	9052652	18874368	65356	0	0	144723	0	
28311552	28311552	9130740	12	18874368	1122552	8008200	18874368	895012	0	0	997982	0	
28311552	28311552	9130740	12	18874368	1671564	7459188	18874368	1345752	0	0	965218	0	
28311552	28311552	9130740	12	18874368	555564	8575188	18874368	411152	0	0	649100	0	
28311552	28311552	9130740	12	18874368	1217816	7912936	18874368	1001392	0	0	1081423	0	
28311552	28311552	9130740	12	18874368	123464	9007288	18874368	101392	0	0	239735	0	
28311552	28311552	9130740	12	18874368	1292960	7837792	18874368	1041752	0	0	1284037	0	
28311552	28311552	9130740	12	18874368	125524	9005228	18874368	108012	0	0	268578	0	
28311552	28311552	9130720	32	18874368	1190888	7939864	18874368	962132	0	0	1172856	0	
28311552	28311552	9130752	0	18874368	78788	9051964	18874368	65208	0	0	157009	0	
28311552	28311552	9130720	32	18874368	1139352	7991400	18874368	893972	0	0	975109	0	
28311552	28311552	9130720	32	18874368	1557760	7572992	18874368	1333652	0	0	1034872	0	
28311552	28311552	9130740	12	18874368	626548	8504204	18874368	480492	0	0	681777	0	
28311552	28311552	9130740	12	18874368	1212520	7918232	18874368	1014592	0	0	1169181	0	
28311552	28311552	9130736	16	18874368	150104	8980648	18874368	117332	0	0	259265	0	
28311552	28311552	9130740	12	18874368	1282660	7848092	18874368	1038092	0	0	1164583	0	
28311552	28311552	9130732	20	18874368	126304	9004448	18874368	109716	0	0	276343	0	
28311552	28311552	9130740	12	18874368	1188548	7942204	18874368	965872	0	0	1033104	0	
28311552	28311552	9130736	16	18874368	78100	9052652	18874368	65356	0	0	177364	0	
28311552	28311552	9130740	12	18874368	1077476	8053276	18874368	895012	0	0	830597	0	
28311552	28311552	9130720	32	18874368	1595488	7535264	18874368	1355752	0	0	952122	0	
28311552	28311552	9130720	32	18874368	660236	8470516	18874368	498092	0	0	639515	0	
28311552	28311552	9130740	12	18874368	1282280	7848472	18874368	1013712	0	0	1146699	0	
28311552	28311552	9130744	8	18874368	74660	9056092	18874368	67892	0	0	191475	0	
28311552	28311552	9130740	12	18874368	1317828	7812924	18874368	1042232	0	0	1061133	0	
28311552	28311552	9130736	16	18874368	121304	9009448	18874368	103956	0	0	275026	0	
28311552	28311552	9130740	12	18874368	1152520	7978232	18874368	957092	0	0	1005994	0	
28311552	28311552	9130736	16	18874368	77424	9053328	18874368	66376	0	0	152098	0	
28311552	28311552	9130720	32	18874368	1111464	8019288	18874368	900652	0	0	1013919	0	
28311552	28311552	9130740	12	18874368	1602748	7528004	18874368	1352772	0	0	1189694	0	
28311552	28311552	9130740	12	18874368	587540	8543212	18874368	482052	0	0	674303	0	
28311552	28311552	9130720	32	18874368	1221616	7909136	18874368	1047532	0	0	1033409	0	
28311552	28311552	9130744	8	18874368	151124	8979628	18874368	128972	0	0	277897	0	
28311552	28311552	9130740	12	18874368	1311008	7819744	18874368	1058632	0	0	1174226	0	
28311552	28311552	9130736	16	18874368	126704	9004048	18874368	109592	0	0	244653	0	
28311552	28311552	9130740	12	18874368	1152380	7978372	18874368	967872	0	0	1040337	0	
28311552	28311552	9130728	24	18874368	78160	9052592	18874368	70812	0	0	161148	0	
28311552	28311552	9130740	12	18874368	1146080	7984672	18874368	906592	0	0	790819	0	
28311552	28311552	9130740	12	18874368	1594028	7536724	18874368	1349832	0	0	1195982	0	
28311552	28311552	9130740	12	18874368	621008	8509744	18874368	483912	0	0	668445	0	
28311552	28311552	9130740	12	18874368	1217588	7913164	18874368	1022812	0	0	1266723	0	
28311552	28311552	9130748	4	18874368	142684	8988068	18874368	120672	0	0	250219	0	
28311552	28311552	9130740	12	18874368	1271220	7859532	18874368	1047292	0	0	1155054	0	
28311552	28311552	9130744	8	18874368	129424	9001328	18874368	111744	0	0	249043	0	
28311552	28311552	9130740	12	18874368	1194208	7936544	18874368	975192	0	0	1021529	0	
28311552	28311552	9130736	16	18874368	77244	9053508	18874368	66752	0	0	209465	0	
28311552	28311552	9130740	12	18874368	1150960	7979792	18874368	901052	0	0	860894	0	
28311552	28311552	9130740	12	18874368	1631216	7499536	18874368	1341732	0	0	1022543	0	
28311552	28311552	9130740	12	18874368	560192	8570560	18874368	433012	0	0	694481	0	
28311552	28311552	9130740	12	18874368	1230756	7899996	18874368	1019252	0	0	1235741	0	
28311552	28311552	9130748	4	18874368	131764	8998988	18874368	108472	0	0	247435	0	
28311552	28311552	9130720	32	18874368	1241376	7889376	18874368	1042572	0	0	1032942	0	
28311552	28311552	9130752	0	18874368	132244	8998508	18874368	115124	0	0	253189	0	
28311552	28311552	9130740	12	18874368	1195768	7934984	18874368	982272	0	0	1003002	0	
28311552	28311552	9130748	4	18874368	77860	9052892	18874368	69872	0	0	163167	0	
28311552	28311552	9130740	12	18874368	1141384	7989368	18874368	903592	0	0	921996	0	
28311552	28311552	9130720	32	18874368	1593788	7536964	18874368	1349892	0	0	1199390	0	
28311552	28311552	9130740	12	18874368	632568	8498184	18874368	484052	0	0	607041	0	
28311552	28311552	9130740	12	18874368	1214008	7916744	18874368	1013292	0	0	1158822	0	
28311552	28311552	9130736	16	18874368	137164	8993588	18874368	115112	0	0	232781	0	
28311552	28311552	9130740	12	18874368	1276060	7854692	18874368	1046132	0	0	1015286	0	
28311552	28311552	9130752	0	18874368	128544	9002208	18874368	111356	0	0	291050	0	
28311552	28311552	9130740	12	18874368	1157100	7973652	18874368	973912	0	0	915418	0	
28311552	28311552	9130748	4	18874368	78392	9052360	18874368	71816	0	0	163925	0	
28311552	28311552	9130740	12	18874368	1086904	8043848	18874368	907112	0	0	782334	0	
28311552	28311552	9130720	32	18874368	1598028	7532724	18874368	1363192	0	0	1079677	0	
28311552	28311552	9130740	12	18874368	641436	8489316	18874368	509852	0	0	680572	0	
28311552	28311552	9130740	12	18874368	1302448	7828304	18874368	1055832	0	0	830382	0	
28311552	28311552	9130752	0	18874368	116344	9014408	18874368	90332	0	0	197619	0	
28311552	28311552	9130740	12	18874368	1223436	7907316	18874368	1043072	0	0	1170055	0	
28311552	28311552	9130748	4	18874368	133244	8997508	18874368	116032	0	0	282336	0	
28311552	28311552	9130740	12	18874368	1238796	7891956	18874368	982652	0	0	956366	0	
28311552	28311552	9130732	20	18874368	77780	9052972	18874368	64764	0	0	145202	0	
28311552	28311552	9130740	12	18874368	1097464	8033288	18874368	893512	0	0	932452	0	
28311552	28311552	9130740	12	18874368	1597488	7533264	18874368	1353392	0	0	1240865	0	
28311552	28311552	9130740	12	18874368	606288	8524464	18874368	486412	0	0	673711	0	
28311552	28311552	9130740	12	18874368	1280540	7850212	18874368	1038052	0	0	964551	0	
28311552	28311552	9130728	24	18874368	121804	9008948	18874368	90072	0	0	208907	0	
28311552	28311552	9130740	12	18874368	1284400	7846352	18874368	1040492	0	0	1129827	0	
28311552	28311552	9130748	4	18874368	124364	9006388	18874368	105032	0	0	271286	0	
28311552	28311552	9130740	12	18874368	1212816	7917936	18874368	958192	0	0	953425	0	
28311552	28311552	9130700	52	18874368	79768	9050984	18874368	61868	0	0	149010	0	
28311552	28311552	9130740	12	18874368	1152180	7978572	18874368	881352	0	0	779958	0	
28311552	28311552	9130720	32	18874368	1626036	7504716	18874368	1333892	0	0	1148566	0	
28311552	28311552	9130740	12	18874368	471572	8659180	18874368	394492	0	0	637597	0	
28311552	28311552	9130740	12	18874368	1301748	7829004	18874368	1051112	0	0	919774	0	
28311552	28311552	9130724	28	18874368	113004	9017748	18874368	86912	0	0	196026	0	
28311552	28311552	9130740	12	18874368	1303500	7827252	18874368	1041932	0	0	1188984	0	
28311552	28311552	9130724	28	18874368	121744	9009008	18874368	104776	0	0	277955	0	
28311552	28311552	9130740	12	18874368	1154980	7975772	18874368	957612	0	0	941740	0	
28311552	28311552	9130740	12	18874368	77584	9053168	18874368	66584	0	0	148846	0	
28311552	28311552	9130720	32	18874368	1111824	8018928	18874368	900692	0	0	923127	0	
28311552	28311552	9130720	32	18874368	1626756	7503996	18874368	1352712	0	0	1142221	0	
28311552	28311552	9130740	12	18874368	650296	8480456	18874368	464272	0	0	618391	0	
28311552	28311552	9130740	12	18874368	1166060	7964692	18874368	978732	0	0	1133491	0	
28311552	28311552	9130752	0	18874368	139864	8990888	18874368	117852	0	0	239458	0	
28311552	28311552	9130720	32	18874368	1335876	7794876	18874368	1046912	0	0	1151114	0	
28311552	28311552	9130748	4	18874368	119904	9010848	18874368	102256	0	0	231481	0	
28311552	28311552	9130740	12	18874368	1156000	7974752	18874368	959792	0	0	1065940	0	
28311552	28311552	9130732	20	18874368	77624	9053128	18874368	64600	0	0	145708	0	
28311552	28311552	9130740	12	18874368	1077576	8053176	18874368	893512	0	0	1156356	0	
28311552	28311552	9130720	32	18874368	1631816	7498936	18874368	1354372	0	0	1113551	0	
28311552	28311552	9130720	32	18874368	617548	8513204	18874368	475972	0	0	635852	0	
28311552	28311552	9130740	12	18874368	1200488	7930264	18874368	1017312	0	0	1028176	0	
28311552	28311552	9130716	36	18874368	149144	8981608	18874368	127092	0	0	253170	0	
28311552	28311552	9130740	12	18874368	1277340	7853412	18874368	1050132	0	0	1018250	0	
28311552	28311552	9130708	44	18874368	129104	9001648	18874368	111404	0	0	280719	0	
28311552	28311552	9130740	12	18874368	1154560	7976192	18874368	973792	0	0	1021039	0	
28311552	28311552	9130728	24	18874368	78552	9052200	18874368	72744	0	0	147557	0	
28311552	28311552	9130740	12	18874368	1098864	8031888	18874368	910972	0	0	938229	0	
28311552	28311552	9130740	12	18874368	1631676	7499076	18874368	1360772	0	0	1212771	0	
28311552	28311552	9130740	12	18874368	606460	8524292	18874368	497212	0	0	762772	0	
28311552	28311552	9130740	12	18874368	1292360	7838392	18874368	1052232	0	0	1015566	0	
28311552	28311552	9130744	8	18874368	123344	9007408	18874368	94352	0	0	250368	0	
28311552	28311552	9130740	12	18874368	1271340	7859412	18874368	1042272	0	0	1013479	0	
28311552	28311552	9130692	60	18874368	126964	9003788	18874368	110236	0	0	247018	0	
28311552	28311552	9130740	12	18874368	1194308	7936444	18874368	969292	0	0	1016452	0	
28311552	28311552	9130740	12	18874368	77364	9053388	18874368	64552	0	0	150293	0	
28311552	28311552	9130740	12	18874368	1157500	7973252	18874368	894692	0	0	958517	0	
28311552	28311552	9130740	12	18874368	1557252	7573500	18874368	1326692	0	0	1078367	0	
28311552	28311552	9130740	12	18874368	622648	8508104	18874368	473732	0	0	690191	0	
28311552	28311552	9130740	12	18874368	1184672	7946080	18874368	1009872	0	0	1315250	0	
28311552	28311552	9130748	4	18874368	152664	8978088	18874368	129512	0	0	294296	0	
28311552	28311552	9130740	12	18874368	1278440	7852312	18874368	1052652	0	0	1110346	0	
28311552	28311552	9130724	28	18874368	129424	9001328	18874368	111472	0	0	252015	0	
28311552	28311552	9130740	12	18874368	1145840	7984912	18874368	975412	0	0	988083	0	
28311552	28311552	9130744	8	18874368	78948	9051804	18874368	74456	0	0	175860	0	
28311552	28311552	9130740	12	18874368	1122212	8008540	18874368	907392	0	0	949524	0	
28311552	28311552	9130740	12	18874368	1623536	7507216	18874368	1363152	0	0	1216694	0	
28311552	28311552	9130740	12	18874368	628848	8501904	18874368	495612	0	0	749275	0	
28311552	28311552	9130740	12	18874368	1211028	7919724	18874368	1030792	0	0	1129380	0	
28311552	28311552	9130748	4	18874368	154604	8976148	18874368	129672	0	0	238633	0	
28311552	28311552	9130740	12	18874368	1294540	7836212	18874368	1051072	0	0	1160106	0	
28311552	28311552	9130728	24	18874368	127004	9003748	18874368	110276	0	0	245760	0	
28311552	28311552	9130740	12	18874368	1188708	7942044	18874368	969292	0	0	854414	0	
28311552	28311552	9130724	28	18874368	77680	9053072	18874368	65968	0	0	159372	0	
28311552	28311552	9130740	12	18874368	1154060	7976692	18874368	897972	0	0	987338	0	
28311552	28311552	9130740	12	18874368	1558640	7572112	18874368	1332772	0	0	1084058	0	
28311552	28311552	9130740	12	18874368	589400	8541352	18874368	479132	0	0	663121	0	
28311552	28311552	9130740	12	18874368	1238636	7892116	18874368	1043032	0	0	1027435	0	
28311552	28311552	9130748	4	18874368	146124	8984628	18874368	123472	0	0	244840	0	
28311552	28311552	9130740	12	18874368	1218976	7911776	18874368	1048012	0	0	1160069	0	
28311552	28311552	9130740	12	18874368	135784	8994968	18874368	119176	0	0	308411	0	
28311552	28311552	9130740	12	18874368	1222636	7908116	18874368	986352	0	0	997430	0	
28311552	28311552	9130748	4	18874368	78160	9052592	18874368	70088	0	0	163339	0	
28311552	28311552	9130740	12	18874368	1159520	7971232	18874368	903212	0	0	869664	0	
28311552	28311552	9130740	12	18874368	1621916	7508836	18874368	1343672	0	0	1209060	0	
28311552	28311552	9130740	12	18874368	554512	8576240	18874368	447712	0	0	585950	0	
28311552	28311552	9130720	32	18874368	1278340	7852412	18874368	1038272	0	0	958976	0	
28311552	28311552	9130748	4	18874368	114664	9016088	18874368	91972	0	0	191658	0	
28311552	28311552	9130740	12	18874368	1279520	7851232	18874368	1037792	0	0	1033078	0	
28311552	28311552	9130752	0	18874368	126504	9004248	18874368	108844	0	0	243565	0	
28311552	28311552	9130740	12	18874368	1180168	7950584	18874368	967452	0	0	1036217	0	
28311552	28311552	9130700	52	18874368	77304	9053448	18874368	66240	0	0	145059	0	
28311552	28311552	9130740	12	18874368	1140572	7990180	18874368	900652	0	0	940272	0	
28311552	28311552	9130740	12	18874368	1610208	7520544	18874368	1344172	0	0	1262977	0	
28311552	28311552	9130720	32	18874368	553932	8576820	18874368	454532	0	0	633864	0	
28311552	28311552	9130740	12	18874368	1239888	7890864	18874368	1045352	0	0	1085684	0	
28311552	28311552	9130740	12	18874368	146624	8984128	18874368	124712	0	0	281725	0	
28311552	28311552	9130720	32	18874368	1200488	7930264	18874368	1049352	0	0	1152081	0	
28311552	28311552	9130724	28	18874368	138264	8992488	18874368	122568	0	0	357961	0	
28311552	28311552	9130740	12	18874368	1178588	7952164	18874368	993512	0	0	1133418	0	
28311552	28311552	9130736	16	18874368	80048	9050704	18874368	79376	0	0	200096	0	
28311552	28311552	9130740	12	18874368	1126792	8003960	18874368	893792	0	0	825374	0	
28311552	28311552	9130720	32	18874368	1573660	7557092	18874368	1347892	0	0	1007198	0	
28311552	28311552	9130740	12	18874368	609468	8521284	18874368	517252	0	0	630036	0	
28311552	28311552	9130740	12	18874368	1343176	7787576	18874368	1089632	0	0	1078429	0	
28311552	28311552	9130736	16	18874368	128664	9002088	18874368	106632	0	0	221654	0	
28311552	28311552	9130740	12	18874368	1280200	7850552	18874368	1042772	0	0	1158106	0	
28311552	28311552	9130728	24	18874368	127424	9003328	18874368	110760	0	0	278276	0	
28311552	28311552	9130740	12	18874368	1186408	7944344	18874368	970752	0	0	1025237	0	
28311552	28311552	9130724	28	18874368	77564	9053188	18874368	66492	0	0	201948	0	
28311552	28311552	9130740	12	18874368	1095804	8034948	18874368	900112	0	0	892779	0	
28311552	28311552	9130740	12	18874368	1627028	7503724	18874368	1358352	0	0	1229415	0	
28311552	28311552	9130740	12	18874368	593260	8537492	18874368	475612	0	0	600349	0	
28311552	28311552	9130740	12	18874368	1241536	7889216	18874368	1035612	0	0	1067836	0	
28311552	28311552	9130744	8	18874368	137424	8993328	18874368	115392	0	0	246863	0	
28311552	28311552	9130740	12	18874368	1320428	7810324	18874368	1089388	43276	0	1129200	37	
28311552	28311552	9130728	24	18874368	121664	9009088	18874368	104936	0	0	240077	0	
28311552	28311552	9130740	12	18874368	1171360	7959392	18874368	957388	196	0	1068650	0	
28311552	28311552	9130740	12	18874368	77900	9052852	18874368	64384	0	0	145556	0	
28311552	28311552	9130740	12	18874368	1087984	8042768	18874368	895612	0	0	930403	0	
28311552	28311552	9130740	12	18874368	1610968	7519784	18874368	1354300	0	0	1161068	0	
28311552	28311552	9130740	12	18874368	624568	8506184	18874368	481020	28	0	629758	0	
28311552	28311552	9130740	12	18874368	1321228	7809524	18874368	1017272	0	0	1160146	0	
28311552	28311552	9130744	8	18874368	70064	9060688	18874368	62612	0	0	158449	0	
28311552	28311552	9130740	12	18874368	1208508	7922244	18874368	1041272	0	0	1186241	0	
28311552	28311552	9130744	8	18874368	132444	8998308	18874368	116440	0	0	265508	0	
28311552	28311552	9130740	12	18874368	1192988	7937764	18874368	982112	0	0	1096437	0	
28311552	28311552	9130720	32	18874368	78252	9052500	18874368	70752	0	0	160188	0	
28311552	28311552	9130740	12	18874368	1103144	8027608	18874368	905932	0	0	842527	0	
28311552	28311552	9130720	32	18874368	1602548	7528204	18874368	1359472	0	0	1157059	0	
28311552	28311552	9130740	12	18874368	676364	8454388	18874368	500092	0	0	675377	0	
28311552	28311552	9130740	12	18874368	1219316	7911436	18874368	1005212	0	0	1248796	0	
28311552	28311552	9130716	36	18874368	131024	8999728	18874368	104032	0	0	262122	0	
28311552	28311552	9130740	12	18874368	1277560	7853192	18874368	1038292	0	0	1067813	0	
28311552	28311552	9130744	8	18874368	127704	9003048	18874368	111256	0	0	256814	0	
28311552	28311552	9130740	12	18874368	1234016	7896736	18874368	976184	0	0	1191117	0	
28311552	28311552	9130700	52	18874368	79808	9050944	18874368	61360	384	0	157004	0	
28311552	28311552	9130740	12	18874368	1094784	8035968	18874368	876032	720	0	1041720	1	
28311552	28311552	9130740	12	18874368	1569680	7561072	18874368	1339152	0	0	1309013	0	
28311552	28311552	9130740	12	18874368	605000	8525752	18874368	477972	0	0	743189	0	
28311552	28311552	9130740	12	18874368	1273660	7857092	18874368	1029892	0	0	1127777	0	
28311552	28311552	9130736	16	18874368	110684	9020068	18874368	88544	0	0	230516	0	
28311552	28311552	9130740	12	18874368	1269740	7861012	18874368	1044944	912	0	1174632	1	
28311552	28311552	9130744	8	18874368	127484	9003268	18874368	110412	0	0	285220	0	
28311552	28311552	9130740	12	18874368	1142152	7988600	18874368	971328	196	0	1065173	0	
28311552	28311552	9130748	4	18874368	78176	9052576	18874368	72748	0	0	167344	0	
28311552	28311552	9130740	12	18874368	1122872	8007880	18874368	911552	0	0	898039	0	
28311552	28311552	9130740	12	18874368	1655704	7475048	18874368	1360572	0	0	1151818	0	
28311552	28311552	9130740	12	18874368	617428	8513324	18874368	466972	0	0	753183	0	
28311552	28311552	9130740	12	18874368	1182508	7948244	18874368	1007352	0	0	1217191	0	
28311552	28311552	9130740	12	18874368	153424	8977328	18874368	129212	0	0	236409	0	
28311552	28311552	9130720	32	18874368	1286460	7844292	18874368	1051492	0	0	1142882	0	
28311552	28311552	9130720	32	18874368	128304	9002448	18874368	110812	0	0	244447	0	
28311552	28311552	9130740	12	18874368	1162540	7968212	18874368	972692	0	0	1146379	0	
28311552	28311552	9130736	16	18874368	77860	9052892	18874368	70452	0	0	198891	0	
28311552	28311552	9130740	12	18874368	1121492	8009260	18874368	906492	0	0	919556	0	
28311552	28311552	9130740	12	18874368	1631256	7499496	18874368	1352512	0	0	1186962	0	
28311552	28311552	9130740	12	18874368	585540	8545212	18874368	474792	0	0	689455	0	
28311552	28311552	9130740	12	18874368	1273500	7857252	18874368	1041432	0	0	1029438	0	
28311552	28311552	9130736	16	18874368	119624	9011128	18874368	97552	0	0	204729	0	
28311552	28311552	9130740	12	18874368	1317268	7813484	18874368	1040752	0	0	1139841	0	
28311552	28311552	9130736	16	18874368	121144	9009608	18874368	104296	0	0	274486	0	
28311552	28311552	9130740	12	18874368	1139952	7990800	18874368	956072	0	0	1062924	0	
28311552	28311552	9130736	16	18874368	78332	9052420	18874368	68716	0	0	154141	0	
28311552	28311552	9130740	12	18874368	1081496	8049256	18874368	904472	0	0	946177	0	
28311552	28311552	9130740	12	18874368	1575460	7555292	18874368	1362992	0	0	1406552	0	
28311552	28311552	9130720	32	18874368	617808	8512944	18874368	511212	0	0	653475	0	
28311552	28311552	9130740	12	18874368	1306948	7823804	18874368	1076112	0	0	1003713	0	
28311552	28311552	9130736	16	18874368	130844	8999908	18874368	106572	0	0	266710	0	
28311552	28311552	9130740	12	18874368	1269160	7861592	18874368	1041752	0	0	1098444	0	
28311552	28311552	9130736	16	18874368	128764	9001988	18874368	111484	0	0	243117	0	
28311552	28311552	9130740	12	18874368	1213436	7917316	18874368	974472	0	0	870347	0	
28311552	28311552	9130744	8	18874368	78312	9052440	18874368	64416	0	0	151271	0	
28311552	28311552	9130740	12	18874368	1102744	8028008	18874368	894352	0	0	947951	0	
28311552	28311552	9130740	12	18874368	1658444	7472308	18874368	1346352	0	0	995637	0	
28311552	28311552	9130740	12	18874368	540284	8590468	18874368	429092	0	0	674505	0	
28311552	28311552	9130740	12	18874368	1280760	7849992	18874368	1031072	0	0	1128182	0	
28311552	28311552	9130752	0	18874368	107184	9023568	18874368	84432	0	0	214956	0	
28311552	28311552	9130740	12	18874368	1224436	7906316	18874368	1043132	0	0	1245817	0	
28311552	28311552	9130716	36	18874368	133124	8997628	18874368	116012	0	0	258253	0	
28311552	28311552	9130740	12	18874368	1180208	7950544	18874368	984832	0	0	997318	0	
28311552	28311552	9130732	20	18874368	77820	9052932	18874368	72440	0	0	162280	0	
28311552	28311552	9130720	32	18874368	1147760	7982992	18874368	912032	0	0	899148	0	
28311552	28311552	9130740	12	18874368	1628376	7502376	18874368	1355312	0	0	1233392	0	
28311552	28311552	9130740	12	18874368	582492	8548260	18874368	468972	0	0	696427	0	
28311552	28311552	9130740	12	18874368	1211348	7919404	18874368	1038132	0	0	841271	0	
28311552	28311552	9130740	12	18874368	159064	8971688	18874368	127512	0	0	271879	0	
28311552	28311552	9130740	12	18874368	1307868	7822884	18874368	1053672	0	0	1353109	0	
28311552	28311552	9130740	12	18874368	125904	9004848	18874368	108800	0	0	239061	0	
28311552	28311552	9130740	12	18874368	1127032	8003720	18874368	963832	0	0	1087638	0	
28311552	28311552	9130696	56	18874368	78080	9052672	18874368	72992	0	0	163479	0	
28311552	28311552	9130740	12	18874368	1130172	8000580	18874368	913652	0	0	972753	0	
28311552	28311552	9130740	12	18874368	1595108	7535644	18874368	1358092	0	0	996231	0	
28311552	28311552	9130740	12	18874368	631368	8499384	18874368	500692	0	0	787574	0	
28311552	28311552	9130740	12	18874368	1310528	7820224	18874368	1042172	0	0	1033088	0	
28311552	28311552	9130748	4	18874368	76300	9054452	18874368	72292	0	0	166783	0	
28311552	28311552	9130720	32	18874368	1289900	7840852	18874368	1046100	0	0	1163371	0	
28311552	28311552	9130740	12	18874368	126704	9004048	18874368	109240	168	0	272641	0	
28311552	28311552	9130740	12	18874368	1157360	7973392	18874368	967512	0	0	1097059	0	
28311552	28311552	9130740	12	18874368	78100	9052652	18874368	70076	0	0	191790	0	
28311552	28311552	9130740	12	18874368	1100024	8030728	18874368	903172	0	0	1015914	0	
28311552	28311552	9130740	12	18874368	1631708	7499044	18874368	1361492	0	0	1220912	0	
28311552	28311552	9130740	12	18874368	639000	8491752	18874368	485472	0	0	738728	0	
28311552	28311552	9130740	12	18874368	1199328	7931424	18874368	1010292	0	0	1298593	0	
28311552	28311552	9130748	4	18874368	144424	8986328	18874368	122452	0	0	247972	0	
28311552	28311552	9130740	12	18874368	1222356	7908396	18874368	1048772	0	0	1218748	0	
28311552	28311552	9130736	16	18874368	135584	8995168	18874368	118784	0	0	260547	0	
28311552	28311552	9130740	12	18874368	1195848	7934904	18874368	984632	0	0	1212158	0	
28311552	28311552	9130752	0	18874368	78060	9052692	18874368	72988	0	0	197936	0	
28311552	28311552	9130720	32	18874368	1123912	8006840	18874368	913512	0	0	973997	0	
28311552	28311552	9130740	12	18874368	1611028	7519724	18874368	1359212	0	0	1005959	0	
28311552	28311552	9130740	12	18874368	621668	8509084	18874368	498272	0	0	661872	0	
28311552	28311552	9130720	32	18874368	1284040	7846712	18874368	1042072	0	0	1092500	0	
28311552	28311552	9130748	4	18874368	112584	9018168	18874368	90592	0	0	196631	0	
28311552	28311552	9130740	12	18874368	1277340	7853412	18874368	1038092	0	0	1137601	0	
28311552	28311552	9130728	24	18874368	127024	9003728	18874368	110080	0	0	284851	0	
28311552	28311552	9130720	32	18874368	1214036	7916716	18874368	969172	0	0	912606	0	
28311552	28311552	9130712	40	18874368	77624	9053128	18874368	62448	0	0	141600	0	
28311552	28311552	9130740	12	18874368	1085624	8045128	18874368	890452	0	0	918679	0	
28311552	28311552	9130740	12	18874368	1633976	7496776	18874368	1350532	0	0	1276169	0	
28311552	28311552	9130740	12	18874368	578732	8552020	18874368	454452	0	0	606551	0	
28311552	28311552	9130740	12	18874368	1216628	7914124	18874368	1025952	0	0	870746	0	
28311552	28311552	9130740	12	18874368	124876	9005876	18874368	123812	0	0	365798	0	
28311552	28311552	9130740	12	18874368	1310928	7819824	18874368	1058332	0	0	1300968	0	
28311552	28311552	9130728	24	18874368	127204	9003548	18874368	110664	0	0	285494	0	
28311552	28311552	9130740	12	18874368	1205508	7925244	18874368	969872	0	0	932520	0	
28311552	28311552	9130724	28	18874368	78532	9052220	18874368	64504	0	0	175546	0	
28311552	28311552	9130740	12	18874368	1087024	8043728	18874368	893232	0	0	863105	0	
28311552	28311552	9130740	12	18874368	1600480	7530272	18874368	1354072	0	0	1081470	0	
28311552	28311552	9130740	12	18874368	654196	8476556	18874368	485372	0	0	687801	0	
28311552	28311552	9130740	12	18874368	1182540	7948212	18874368	998832	0	0	1130417	0	
28311552	28311552	9130716	36	18874368	145784	8984968	18874368	123652	0	0	249020	0	
28311552	28311552	9130740	12	18874368	1279240	7851512	18874368	1048572	0	0	1112950	0	
28311552	28311552	9130724	28	18874368	128724	9002028	18874368	111052	0	0	239941	0	
28311552	28311552	9130740	12	18874368	1195208	7935544	18874368	974152	0	0	957651	0	
28311552	28311552	9130732	20	18874368	77980	9052772	18874368	66768	0	0	149300	0	
28311552	28311552	9130740	12	18874368	1098244	8032508	18874368	898892	0	0	974602	0	
28311552	28311552	9130740	12	18874368	1626856	7503896	18874368	1356732	0	0	1034641	0	
28311552	28311552	9130740	12	18874368	592960	8537792	18874368	471912	0	0	698665	0	
28311552	28311552	9130740	12	18874368	1221576	7909176	18874368	1032412	0	0	999392	0	
28311552	28311552	9130732	20	18874368	151724	8979028	18874368	125852	0	0	261992	0	
28311552	28311552	9130740	12	18874368	1219096	7911656	18874368	1047032	0	0	1171417	0	
28311552	28311552	9130692	60	18874368	135724	8995028	18874368	118952	0	0	309508	0	
28311552	28311552	9130740	12	18874368	1200768	7929984	18874368	985292	0	0	1016855	0	
28311552	28311552	9130728	24	18874368	78100	9052652	18874368	72552	0	0	160757	0	
28311552	28311552	9130740	12	18874368	1137052	7993700	18874368	910852	0	0	1005844	0	
28311552	28311552	9130740	12	18874368	1605008	7525744	18874368	1351832	0	0	1019442	0	
28311552	28311552	9130740	12	18874368	663176	8467576	18874368	492532	0	0	597415	0	
28311552	28311552	9130740	12	18874368	1174092	7956660	18874368	999592	0	0	1159176	0	
28311552	28311552	9130740	12	18874368	150204	8980548	18874368	128292	0	0	289365	0	
28311552	28311552	9130740	12	18874368	1275020	7855732	18874368	1052372	0	0	1047844	0	
28311552	28311552	9130736	16	18874368	129764	9000988	18874368	112072	0	0	247211	0	
28311552	28311552	9130740	12	18874368	1158500	7972252	18874368	976992	0	0	1038977	0	
28311552	28311552	9130748	4	18874368	78100	9052652	18874368	72492	0	0	169141	0	
28311552	28311552	9130740	12	18874368	1099204	8031548	18874368	910852	0	0	1044931	0	
28311552	28311552	9130740	12	18874368	1596928	7533824	18874368	1361772	0	0	1151820	0	
28311552	28311552	9130740	12	18874368	615700	8515052	18874368	507872	0	0	682171	0	
28311552	28311552	9130740	12	18874368	1313388	7817364	18874368	1072792	0	0	930624	0	
28311552	28311552	9130716	36	18874368	130304	9000448	18874368	98752	0	0	224356	0	
28311552	28311552	9130740	12	18874368	1232856	7897896	18874368	1041772	0	0	1170960	0	
28311552	28311552	9130744	8	18874368	131704	8999048	18874368	114072	0	0	252235	0	
28311552	28311552	9130740	12	18874368	1186348	7944404	18874368	980372	0	0	922166	0	
28311552	28311552	9130728	24	18874368	78908	9051844	18874368	71736	0	0	161155	0	
28311552	28311552	9130740	12	18874368	1113012	8017740	18874368	905632	0	0	908160	0	
28311552	28311552	9130740	12	18874368	1602008	7528744	18874368	1358212	0	0	991275	0	
28311552	28311552	9130740	12	18874368	640376	8490376	18874368	496512	0	0	623950	0	
28311552	28311552	9130740	12	18874368	1235220	7895532	18874368	1028312	0	0	1067600	0	
28311552	28311552	9130736	16	18874368	141764	8988988	18874368	112792	0	0	331914	0	
28311552	28311552	9130740	12	18874368	1212336	7918416	18874368	1040092	0	0	1254415	0	
28311552	28311552	9130744	8	18874368	135244	8995508	18874368	117832	0	0	291042	0	
28311552	28311552	9130740	12	18874368	1198068	7932684	18874368	983652	0	0	1013327	0	
28311552	28311552	9130752	0	18874368	77640	9053112	18874368	71940	0	0	221969	0	
28311552	28311552	9130740	12	18874368	1093844	8036908	18874368	911252	0	0	952861	0	
28311552	28311552	9130720	32	18874368	1606648	7524104	18874368	1364352	0	0	1255689	0	
28311552	28311552	9130740	12	18874368	608560	8522192	18874368	508112	0	0	614556	0	
28311552	28311552	9130740	12	18874368	1273380	7857372	18874368	1074632	0	0	1090758	0	
28311552	28311552	9130744	8	18874368	150064	8980688	18874368	128012	0	0	262740	0	
28311552	28311552	9130740	12	18874368	1294560	7836192	18874368	1050512	0	0	1015994	0	
28311552	28311552	9130744	8	18874368	126924	9003828	18874368	110492	0	0	254110	0	
28311552	28311552	9130740	12	18874368	1148112	7982640	18874368	968732	0	0	999818	0	
28311552	28311552	9130748	4	18874368	77720	9053032	18874368	71084	0	0	163554	0	
28311552	28311552	9130740	12	18874368	1071196	8059556	18874368	906572	0	0	829540	0	
28311552	28311552	9130736	16	18874368	76728	9054024	18874368	46036	0	0	139243	0	
28311552	28311552	9130740	12	18874368	1090864	8039888	18874368	877472	0	0	868502	0	
28311552	28311552	9130740	12	18874368	1570300	7560452	18874368	1332572	0	0	1220446	0	
28311552	28311552	9130740	12	18874368	548932	8581820	18874368	434012	0	0	620628	0	
28311552	28311552	9130740	12	18874368	1293800	7836952	18874368	1029572	0	0	1213112	0	
28311552	28311552	9130744	8	18874368	75920	9054832	18874368	73192	0	0	197107	0	
28311552	28311552	9130740	12	18874368	1240416	7890336	18874368	1046792	0	0	1146879	0	
28311552	28311552	9130688	64	18874368	133144	8997608	18874368	115680	0	0	285894	0	
28311552	28311552	9130740	12	18874368	1168540	7962212	18874368	984692	0	0	1075528	0	
28311552	28311552	9130744	8	18874368	79008	9051744	18874368	75032	0	0	170678	0	
28311552	28311552	9130740	12	18874368	1118172	8012580	18874368	909572	0	0	963976	0	
28311552	28311552	9130740	12	18874368	1630716	7500036	18874368	1357632	0	0	1046857	0	
28311552	28311552	9130740	12	18874368	643636	8487116	18874368	495712	0	0	722342	0	
28311552	28311552	9130740	12	18874368	1270240	7860512	18874368	1019352	0	0	1098388	0	
28311552	28311552	9130740	12	18874368	103304	9027448	18874368	81052	0	0	177093	0	
28311552	28311552	9130740	12	18874368	1307148	7823604	18874368	1042952	0	0	1219308	0	
28311552	28311552	9130692	60	18874368	121484	9009268	18874368	104868	0	0	234432	0	
28311552	28311552	9130740	12	18874368	1135912	7994840	18874368	957612	0	0	1130531	0	
28311552	28311552	9130732	20	18874368	78712	9052040	18874368	69776	0	0	153765	0	
28311552	28311552	9130740	12	18874368	1130032	8000720	18874368	907072	0	0	850018	0	
28311552	28311552	9130740	12	18874368	1667284	7463468	18874368	1351512	0	0	1059130	0	
28311552	28311552	9130740	12	18874368	517204	8613548	18874368	430312	0	0	710374	0	
28311552	28311552	9130720	32	18874368	1307308	7823444	18874368	1050952	0	0	1022808	0	
28311552	28311552	9130728	24	18874368	114424	9016328	18874368	82772	0	0	199516	0	
28311552	28311552	9130740	12	18874368	1223516	7907236	18874368	1038552	0	0	1157847	0	
28311552	28311552	9130732	20	18874368	132044	8998708	18874368	115336	0	0	257025	0	
28311552	28311552	9130740	12	18874368	1147620	7983132	18874368	981412	0	0	994200	0	
28311552	28311552	9130728	24	18874368	78908	9051844	18874368	76520	0	0	172428	0	
28311552	28311552	9130720	32	18874368	1117692	8013060	18874368	882752	0	0	960656	0	
28311552	28311552	9130740	12	18874368	1583080	7547672	18874368	1345212	0	0	1171599	0	
28311552	28311552	9130740	12	18874368	659196	8471556	18874368	512412	0	0	768877	0	
28311552	28311552	9130720	32	18874368	1324188	7806564	18874368	1056212	0	0	1080925	0	
28311552	28311552	9130752	0	18874368	107624	9023128	18874368	75912	0	0	218110	0	
28311552	28311552	9130720	32	18874368	1303988	7826764	18874368	1045692	0	0	1071221	0	
28311552	28311552	9130696	56	18874368	120424	9010328	18874368	103224	0	0	231234	0	
28311552	28311552	9130740	12	18874368	1153220	7977532	18874368	952872	0	0	985211	0	
28311552	28311552	9130740	12	18874368	77104	9053648	18874368	65288	0	0	142408	0	
28311552	28311552	9130740	12	18874368	1114252	8016500	18874368	897532	0	0	877093	0	
28311552	28311552	9130740	12	18874368	1615928	7514824	18874368	1347912	0	0	1243072	0	
28311552	28311552	9130740	12	18874368	614580	8516172	18874368	465392	0	0	633412	0	
28311552	28311552	9130740	12	18874368	1225396	7905356	18874368	1007792	0	0	1080904	0	
28311552	28311552	9130736	16	18874368	127684	9003068	18874368	102892	0	0	261103	0	
28311552	28311552	9130740	12	18874368	1230468	7900284	18874368	1039472	0	0	1099839	0	
28311552	28311552	9130688	64	18874368	133144	8997608	18874368	115680	0	0	312044	0	
28311552	28311552	9130740	12	18874368	1228376	7902376	18874368	984692	0	0	1131456	0	
28311552	28311552	9130712	40	18874368	77660	9053092	18874368	66300	0	0	153056	0	
28311552	28311552	9130740	12	18874368	1084144	8046608	18874368	899472	0	0	880145	0	
28311552	28311552	9130740	12	18874368	1609408	7521344	18874368	1356192	0	0	1036371	0	
28311552	28311552	9130740	12	18874368	646236	8484516	18874368	493952	0	0	619717	0	
28311552	28311552	9130740	12	18874368	1189548	7941204	18874368	1014792	0	0	1148243	0	
28311552	28311552	9130716	36	18874368	150444	8980308	18874368	128432	0	0	295378	0	
28311552	28311552	9130740	12	18874368	1225076	7905676	18874368	1054432	0	0	1127078	0	
28311552	28311552	9130752	0	18874368	136264	8994488	18874368	119792	0	0	269233	0	
28311552	28311552	9130740	12	18874368	1170120	7960632	18874368	987872	0	0	860856	0	
28311552	28311552	9130744	8	18874368	79448	9051304	18874368	78044	0	0	212394	0	
28311552	28311552	9130740	12	18874368	1122292	8008460	18874368	888592	0	0	851486	0	
28311552	28311552	9130740	12	18874368	1593548	7537204	18874368	1346852	0	0	1114643	0	
28311552	28311552	9130740	12	18874368	653288	8477464	18874368	507772	0	0	577382	0	
28311552	28311552	9130740	12	18874368	1303488	7827264	18874368	1055132	0	0	1037418	0	
28311552	28311552	9130740	12	18874368	115504	9015248	18874368	89132	0	0	217430	0	
28311552	28311552	9130740	12	18874368	1279380	7851372	18874368	1042452	0	0	1107106	0	
28311552	28311552	9130736	16	18874368	126084	9004668	18874368	109220	0	0	273328	0	
28311552	28311552	9130740	12	18874368	1150320	7980432	18874368	964612	0	0	1039826	0	
28311552	28311552	9130732	20	18874368	78272	9052480	18874368	70632	0	0	200996	0	
28311552	28311552	9130720	32	18874368	1096624	8034128	18874368	904732	0	0	988827	0	
28311552	28311552	9130740	12	18874368	1656104	7474648	18874368	1362392	0	0	1138704	0	
28311552	28311552	9130740	12	18874368	602180	8528572	18874368	472132	0	0	724186	0	
28311552	28311552	9130740	12	18874368	1195148	7935604	18874368	1025492	0	0	835902	0	
28311552	28311552	9130728	24	18874368	154524	8976228	18874368	127672	0	0	286317	0	
28311552	28311552	9130720	32	18874368	1292500	7838252	18874368	1056912	0	0	1183474	0	
28311552	28311552	9130736	16	18874368	128584	9002168	18874368	111164	0	0	252556	0	
28311552	28311552	9130740	12	18874368	1186568	7944184	18874368	974112	0	0	1119801	0	
28311552	28311552	9130692	60	18874368	77660	9053092	18874368	67380	0	0	156580	0	
28311552	28311552	9130740	12	18874368	1119044	8011708	18874368	901852	0	0	1053679	0	
28311552	28311552	9130740	12	18874368	1597228	7533524	18874368	1351912	220	0	1235952	0	
28311552	28311552	9130720	32	18874368	635288	8495464	18874368	485232	0	0	689387	0	
28311552	28311552	9130740	12	18874368	1209848	7920904	18874368	1012972	0	0	1174451	0	
28311552	28311552	9130740	12	18874368	149364	8981388	18874368	117452	0	0	322702	0	
28311552	28311552	9130740	12	18874368	1269660	7861092	18874368	1039292	0	0	1100159	0	
28311552	28311552	9130692	60	18874368	128344	9002408	18874368	110660	0	0	293942	0	
28311552	28311552	9130740	12	18874368	1150620	7980132	18874368	972492	0	0	844114	0	
28311552	28311552	9130748	4	18874368	78232	9052520	18874368	72192	0	0	161593	0	
28311552	28311552	9130740	12	18874368	1158060	7972692	18874368	909612	0	0	858440	0	
28311552	28311552	9130720	32	18874368	1628416	7502336	18874368	1349132	0	0	1165256	0	
28311552	28311552	9130740	12	18874368	540424	8590328	18874368	456652	0	0	647637	0	
28311552	28311552	9130740	12	18874368	1270500	7860252	18874368	1058412	0	0	875573	0	
28311552	28311552	9130744	8	18874368	137484	8993268	18874368	115512	0	0	235359	0	
28311552	28311552	9130740	12	18874368	1215956	7914796	18874368	1046172	0	0	1138615	0	
28311552	28311552	9130736	16	18874368	135864	8994888	18874368	119240	0	0	267095	0	
28311552	28311552	9130740	12	18874368	1188808	7941944	18874368	986272	0	0	1111739	0	
28311552	28311552	9130692	60	18874368	78252	9052500	18874368	74280	0	0	185645	0	
28311552	28311552	9130740	12	18874368	1150420	7980332	18874368	910372	0	0	937620	0	
28311552	28311552	9130740	12	18874368	1614888	7515864	18874368	1351992	0	0	1082029	0	
28311552	28311552	9130740	12	18874368	645436	8485316	18874368	485592	0	0	633735	0	
28311552	28311552	9130740	12	18874368	1230996	7899756	18874368	1005652	0	0	1292292	0	
28311552	28311552	9130740	12	18874368	129464	9001288	18874368	96692	0	0	225194	0	
28311552	28311552	9130740	12	18874368	1219236	7911516	18874368	1041552	0	0	1297794	0	
28311552	28311552	9130736	16	18874368	133224	8997528	18874368	116524	0	0	304126	0	
28311552	28311552	9130740	12	18874368	1192788	7937964	18874368	984152	0	0	968305	0	
28311552	28311552	9130744	8	18874368	78020	9052732	18874368	71192	0	0	156079	0	
28311552	28311552	9130720	32	18874368	1103344	8027408	18874368	908472	0	0	1027781	0	
28311552	28311552	9130740	12	18874368	1622396	7508356	18874368	1363092	0	0	1199620	0	
28311552	28311552	9130740	12	18874368	612588	8518164	18874368	495052	0	0	621685	0	
28311552	28311552	9130740	12	18874368	1335396	7795356	18874368	1044132	0	0	1028731	0	
28311552	28311552	9130748	4	18874368	99584	9031168	18874368	77172	0	0	172410	0	
28311552	28311552	9130740	12	18874368	1281500	7849252	18874368	1038272	0	0	1109538	0	
28311552	28311552	9130736	16	18874368	120984	9009768	18874368	103800	0	0	259970	0	
28311552	28311552	9130740	12	18874368	1184168	7946584	18874368	955472	0	0	1035846	0	
28311552	28311552	9130740	12	18874368	77344	9053408	18874368	61848	0	0	142799	0	
28311552	28311552	9130740	12	18874368	1070328	8060424	18874368	888912	0	0	959015	0	
28311552	28311552	9130740	12	18874368	1632996	7497756	18874368	1354852	0	0	1185351	0	
28311552	28311552	9130740	12	18874368	599440	8531312	18874368	465392	0	0	713785	0	
28311552	28311552	9130740	12	18874368	1236696	7894056	18874368	1020212	0	0	1206556	0	
28311552	28311552	9130752	0	18874368	127204	9003548	18874368	105112	0	0	218805	0	
28311552	28311552	9130720	32	18874368	1272560	7858192	18874368	1042552	0	0	1120662	0	
28311552	28311552	9130748	4	18874368	128464	9002288	18874368	111252	0	0	249102	0	
28311552	28311552	9130740	12	18874368	1214896	7915856	18874368	974168	0	0	1003121	0	
28311552	28311552	9130752	0	18874368	77660	9053092	18874368	63480	0	0	150383	0	
28311552	28311552	9130740	12	18874368	1096684	8034068	18874368	892932	0	0	907236	0	
28311552	28311552	9130740	12	18874368	1603468	7527284	18874368	1348632	0	0	1170707	0	
28311552	28311552	9130740	12	18874368	612008	8518744	18874368	475652	0	0	601471	0	
28311552	28311552	9130720	32	18874368	1212116	7918636	18874368	1021012	0	0	1230563	0	
28311552	28311552	9130748	4	18874368	144124	8986628	18874368	122172	0	0	254159	0	
28311552	28311552	9130740	12	18874368	1333836	7796916	18874368	1048772	0	0	1233625	0	
28311552	28311552	9130744	8	18874368	120564	9010188	18874368	103144	0	0	328358	0	
28311552	28311552	9130740	12	18874368	1171760	7958992	18874368	953332	0	0	1020909	0	
28311552	28311552	9130752	0	18874368	78332	9052420	18874368	63984	0	0	165099	0	
28311552	28311552	9130740	12	18874368	1085884	8044868	18874368	891352	0	0	892788	0	
28311552	28311552	9130740	12	18874368	1571152	7559600	18874368	1352712	0	0	1225375	0	
28311552	28311552	9130740	12	18874368	631068	8499684	18874368	499156	0	0	928653	0	
28311552	28311552	9130740	12	18874368	1227116	7903636	18874368	1038636	584	0	1043212	0	
28311552	28311552	9130752	0	18874368	148364	8982388	18874368	126452	0	0	288269	0	
28311552	28311552	9130740	12	18874368	1239156	7891596	18874368	1050172	0	0	1234034	0	
28311552	28311552	9130732	20	18874368	133804	8996948	18874368	116872	0	0	277733	0	
28311552	28311552	9130740	12	18874368	1180608	7950144	18874368	985592	0	0	995842	0	
28311552	28311552	9130724	28	18874368	77940	9052812	18874368	73124	0	0	163861	0	
28311552	28311552	9130720	32	18874368	1148772	7981980	18874368	906012	0	0	839655	0	
28311552	28311552	9130740	12	18874368	1589368	7541384	18874368	1356612	0	0	1141242	0	
28311552	28311552	9130740	12	18874368	620488	8510264	18874368	497892	0	0	622116	0	
28311552	28311552	9130740	12	18874368	1279340	7851412	18874368	1042232	0	0	1011073	0	
28311552	28311552	9130744	8	18874368	123584	9007168	18874368	94432	0	0	261689	0	
28311552	28311552	9130740	12	18874368	1322908	7807844	18874368	1042132	0	0	1144139	0	
28311552	28311552	9130752	0	18874368	119444	9011308	18874368	102448	0	0	254472	0	
28311552	28311552	9130740	12	18874368	1178260	7952492	18874368	958612	0	0	1045378	0	
28311552	28311552	9130740	12	18874368	77184	9053568	18874368	60312	0	0	140626	0	
28311552	28311552	9130740	12	18874368	1094324	8036428	18874368	886872	0	0	1132021	0	
28311552	28311552	9130740	12	18874368	1558200	7572552	18874368	1346052	0	0	1218149	0	
28311552	28311552	9130740	12	18874368	677444	8453308	18874368	496252	0	0	728408	0	
28311552	28311552	9130740	12	18874368	1173200	7957552	18874368	994592	0	0	1186386	0	
28311552	28311552	9130748	4	18874368	151624	8979128	18874368	126012	0	0	261724	0	
28311552	28311552	9130720	32	18874368	1286400	7844352	18874368	1047092	0	0	1045882	0	
28311552	28311552	9130744	8	18874368	127364	9003388	18874368	110596	0	0	244146	0	
28311552	28311552	9130740	12	18874368	1158660	7972092	18874368	970752	0	0	997909	0	
28311552	28311552	9130728	24	18874368	78532	9052220	18874368	71044	0	0	143427	0	
28311552	28311552	9130740	12	18874368	1153820	7976932	18874368	905332	0	0	831394	0	
28311552	28311552	9130740	12	18874368	1621676	7509076	18874368	1348292	0	0	1259174	0	
28311552	28311552	9130720	32	18874368	575624	8555128	18874368	454952	0	0	665850	0	
28311552	28311552	9130740	12	18874368	1280100	7850652	18874368	1029712	0	0	1180437	0	
28311552	28311552	9130732	20	18874368	109924	9020828	18874368	82892	0	0	190251	0	
28311552	28311552	9130740	12	18874368	1297620	7833132	18874368	1041552	0	0	1229406	0	
28311552	28311552	9130748	4	18874368	122144	9008608	18874368	105688	0	0	233883	0	
28311552	28311552	9130740	12	18874368	1160920	7969832	18874368	959512	0	0	949345	0	
28311552	28311552	9130736	16	18874368	78176	9052576	18874368	66924	0	0	174720	0	
28311552	28311552	9130740	12	18874368	1162940	7967812	18874368	899952	0	0	964901	0	
28311552	28311552	9130740	12	18874368	1583940	7546812	18874368	1328452	0	0	1098233	0	
28311552	28311552	9130720	32	18874368	566732	8564020	18874368	454732	0	0	794477	0	
28311552	28311552	9130740	12	18874368	1295140	7835612	18874368	1035832	0	0	1091491	0	
28311552	28311552	9130728	24	18874368	81008	9049744	18874368	78052	0	0	228460	0	
28311552	28311552	9130740	12	18874368	1202188	7928564	18874368	1048012	0	0	1228466	0	
28311552	28311552	9130744	8	18874368	137904	8992848	18874368	121584	0	0	319738	0	
28311552	28311552	9130720	32	18874368	1161220	7969532	18874368	991552	0	0	955747	0	
28311552	28311552	9130748	4	18874368	99664	9031088	18874368	80516	0	0	179807	0	
28311552	28311552	9130740	12	18874368	1104824	8025928	18874368	889232	0	0	901257	0	
28311552	28311552	9130728	24	18874368	76848	9053904	18874368	51424	0	0	143494	0	
28311552	28311552	9130740	12	18874368	1048056	8082696	18874368	874372	0	0	1034677	0	
28311552	28311552	9130720	32	18874368	1592048	7538704	18874368	1336792	0	0	1077498	0	
28311552	28311552	9130740	12	18874368	608392	8522360	18874368	457872	0	0	627213	0	
28311552	28311552	9130740	12	18874368	1224096	7906656	18874368	1005592	0	0	1177571	0	
28311552	28311552	9130752	0	18874368	123164	9007588	18874368	101172	0	0	217780	0	
28311552	28311552	9130740	12	18874368	1271940	7858812	18874368	1041752	0	0	1039939	0	
28311552	28311552	9130740	12	18874368	128364	9002388	18874368	110812	0	0	243863	0	
28311552	28311552	9130720	32	18874368	1182748	7948004	18874368	973052	0	0	1029213	0	
28311552	28311552	9130752	0	18874368	77940	9052812	18874368	67892	0	0	143469	0	
28311552	28311552	9130740	12	18874368	1125992	8004760	18874368	902912	0	0	836775	0	
28311552	28311552	9130740	12	18874368	1636476	7494276	18874368	1349832	0	0	1242642	0	
28311552	28311552	9130740	12	18874368	582772	8547980	18874368	451472	0	0	700497	0	
28311552	28311552	9130740	12	18874368	1272180	7858572	18874368	1019432	0	0	1179291	0	
28311552	28311552	9130740	12	18874368	81116	9049636	18874368	79952	0	0	224530	0	
28311552	28311552	9130740	12	18874368	1212796	7917956	18874368	1049772	0	0	1111753	0	
28311552	28311552	9130732	20	18874368	136924	8993828	18874368	120644	0	0	264215	0	
28311552	28311552	9130740	12	18874368	1272560	7858192	18874368	989652	0	0	1137514	0	
28311552	28311552	9130748	4	18874368	78216	9052536	18874368	64452	0	0	145896	0	
28311552	28311552	9130740	12	18874368	1140052	7990700	18874368	894552	0	0	866840	0	
28311552	28311552	9130740	12	18874368	1605328	7525424	18874368	1332292	0	0	1118055	0	
28311552	28311552	9130740	12	18874368	551164	8579588	18874368	441992	0	0	762462	0	
28311552	28311552	9130740	12	18874368	1281180	7849572	18874368	1035612	0	0	1091677	0	
28311552	28311552	9130736	16	18874368	110424	9020328	18874368	87872	0	0	213842	0	
28311552	28311552	9130720	32	18874368	1289560	7841192	18874368	1044292	0	0	1185861	0	
28311552	28311552	9130720	32	18874368	125184	9005568	18874368	107812	0	0	241816	0	
28311552	28311552	9130740	12	18874368	1121504	8009248	18874368	960372	0	0	1031680	0	
28311552	28311552	9130736	16	18874368	78532	9052220	18874368	73452	0	0	165478	0	
28311552	28311552	9130740	12	18874368	1117472	8013280	18874368	913712	0	0	922293	0	
28311552	28311552	9130740	12	18874368	1648716	7482036	18874368	1363452	0	0	1224541	0	
28311552	28311552	9130740	12	18874368	611400	8519352	18874368	478932	0	0	609895	0	
28311552	28311552	9130740	12	18874368	1228956	7901796	18874368	1025172	0	0	838464	0	
28311552	28311552	9130724	28	18874368	139784	8990968	18874368	114932	0	0	269280	0	
28311552	28311552	9130740	12	18874368	1323688	7807064	18874368	1043652	0	0	1146952	0	
28311552	28311552	9130740	12	18874368	120984	9009768	18874368	103328	0	0	227415	0	
28311552	28311552	9130740	12	18874368	1184428	7946324	18874368	955152	0	0	886888	0	
28311552	28311552	9130732	20	18874368	77900	9052852	18874368	62320	0	0	142010	0	
28311552	28311552	9130740	12	18874368	1097124	8033628	18874368	889292	0	0	997251	0	
28311552	28311552	9130740	12	18874368	1630716	7500036	18874368	1346592	0	0	1096485	0	
28311552	28311552	9130740	12	18874368	566404	8564348	18874368	444672	0	0	682085	0	
28311552	28311552	9130740	12	18874368	1225588	7905164	18874368	1025992	0	0	1031680	0	
28311552	28311552	9130716	36	18874368	143604	8987148	18874368	117632	0	0	250419	0	
28311552	28311552	9130740	12	18874368	1283000	7847752	18874368	1043912	0	0	1156049	0	
28311552	28311552	9130744	8	18874368	127204	9003548	18874368	110832	0	0	290744	0	
28311552	28311552	9130740	12	18874368	1187920	7942832	18874368	969912	0	0	857880	0	
28311552	28311552	9130712	40	18874368	77660	9053092	18874368	66300	0	0	147761	0	
28311552	28311552	9130740	12	18874368	1112984	8017768	18874368	899472	0	0	867504	0	
28311552	28311552	9130740	12	18874368	1623616	7507136	18874368	1350712	0	0	1176584	0	
28311552	28311552	9130740	12	18874368	582020	8548732	18874368	462452	0	0	635023	0	
28311552	28311552	9130740	12	18874368	1218496	7912256	18874368	1031212	0	0	1107683	0	
28311552	28311552	9130744	8	18874368	149344	8981408	18874368	127212	0	0	252649	0	
28311552	28311552	9130740	12	18874368	1293360	7837392	18874368	1050172	0	0	1081678	0	
28311552	28311552	9130736	16	18874368	127004	9003748	18874368	110280	0	0	243146	0	
28311552	28311552	9130740	12	18874368	1188088	7942664	18874368	969292	0	0	974522	0	
28311552	28311552	9130708	44	18874368	78020	9052732	18874368	66412	0	0	188454	0	
28311552	28311552	9130720	32	18874368	1065988	8064764	18874368	898172	0	0	868300	0	
28311552	28311552	9130740	12	18874368	1599928	7530824	18874368	1362292	0	0	1036488	0	
28311552	28311552	9130720	32	18874368	673884	8456868	18874368	500172	0	0	738072	0	
28311552	28311552	9130740	12	18874368	1284640	7846112	18874368	1013052	0	0	1161481	0	
28311552	28311552	9130736	16	18874368	107284	9023468	18874368	77872	0	0	165539	0	
28311552	28311552	9130740	12	18874368	1184940	7945812	18874368	1040372	0	0	1204420	0	
28311552	28311552	9130740	12	18874368	134604	8996148	18874368	117788	0	0	284406	0	
28311552	28311552	9130740	12	18874368	1213876	7916876	18874368	988092	0	0	941288	0	
28311552	28311552	9130744	8	18874368	77604	9053148	18874368	69552	0	0	196039	0	
28311552	28311552	9130740	12	18874368	1121552	8009200	18874368	903212	0	0	769728	0	
28311552	28311552	9130740	12	18874368	1605688	7525064	18874368	1356612	0	0	1282132	0	
28311552	28311552	9130740	12	18874368	650736	8480016	18874368	488812	0	0	777778	0	
28311552	28311552	9130740	12	18874368	1197108	7933644	18874368	1004792	0	0	1079515	0	
28311552	28311552	9130748	4	18874368	150984	8979768	18874368	119332	0	0	259672	0	
28311552	28311552	9130740	12	18874368	1269820	7860932	18874368	1040092	0	0	1148343	0	
28311552	28311552	9130740	12	18874368	128364	9002388	18874368	110812	0	0	242924	0	
28311552	28311552	9130720	32	18874368	1178568	7952184	18874368	973052	0	0	923996	0	
28311552	28311552	9130736	16	18874368	77880	9052872	18874368	68360	0	0	152182	0	
28311552	28311552	9130740	12	18874368	1064616	8066136	18874368	904272	0	0	1060744	0	
28311552	28311552	9130740	12	18874368	1611808	7518944	18874368	1362972	0	0	1177136	0	
28311552	28311552	9130740	12	18874368	619028	8511724	18874368	504672	0	0	772474	0	
28311552	28311552	9130740	12	18874368	1319308	7811444	18874368	1062192	0	0	1032965	0	
28311552	28311552	9130716	36	18874368	116324	9014428	18874368	84712	0	0	202588	0	
28311552	28311552	9130740	12	18874368	1239356	7891396	18874368	1039212	0	0	962817	0	
28311552	28311552	9130748	4	18874368	130324	9000428	18874368	112560	0	0	301377	0	
28311552	28311552	9130740	12	18874368	1176340	7954412	18874368	977912	0	0	1139308	0	
28311552	28311552	9130704	48	18874368	78100	9052652	18874368	70780	0	0	158160	0	
28311552	28311552	9130740	12	18874368	1124444	8006308	18874368	906592	0	0	977509	0	
28311552	28311552	9130740	12	18874368	1624596	7506156	18874368	1358352	0	0	1315927	0	
28311552	28311552	9130740	12	18874368	609140	8521612	18874368	476632	0	0	774951	0	
28311552	28311552	9130740	12	18874368	1218840	7911912	18874368	1025092	0	0	955712	0	
28311552	28311552	9130728	24	18874368	122324	9008428	18874368	121692	0	0	299155	0	
28311552	28311552	9130740	12	18874368	1274720	7856032	18874368	1058012	0	0	1141039	0	
28311552	28311552	9130740	12	18874368	131744	8999008	18874368	114368	0	0	251066	0	
28311552	28311552	9130740	12	18874368	1191940	7938812	18874368	979792	0	0	1033825	0	
28311552	28311552	9130752	0	18874368	77940	9052812	18874368	70020	0	0	155722	0	
28311552	28311552	9130740	12	18874368	1119672	8011080	18874368	903372	0	0	904894	0	
28311552	28311552	9130740	12	18874368	1591108	7539644	18874368	1358112	0	0	1199441	0	
28311552	28311552	9130740	12	18874368	647636	8483116	18874368	498272	0	0	673697	0	
28311552	28311552	9130720	32	18874368	1280860	7849892	18874368	1021012	0	0	1054812	0	
28311552	28311552	9130752	0	18874368	75116	9055636	18874368	74760	0	0	214666	0	
28311552	28311552	9130740	12	18874368	1280380	7850372	18874368	1049100	48	0	1414861	0	
28311552	28311552	9130720	32	18874368	128604	9002148	18874368	111212	0	0	295752	0	
28311552	28311552	9130740	12	18874368	1180548	7950204	18874368	973752	0	0	974230	0	
28311552	28311552	9130724	28	18874368	77584	9053168	18874368	67960	0	0	147764	0	
28311552	28311552	9130740	12	18874368	1106364	8024388	18874368	904092	0	0	1066176	0	
28311552	28311552	9130740	12	18874368	1599688	7531064	18874368	1358332	0	0	1163377	0	
28311552	28311552	9130740	12	18874368	599640	8531112	18874368	495472	0	0	833146	0	
28311552	28311552	9130740	12	18874368	1237216	7893536	18874368	1054232	0	0	969199	0	
28311552	28311552	9130744	8	18874368	150944	8979808	18874368	128972	0	0	259811	0	
28311552	28311552	9130740	12	18874368	1322908	7807844	18874368	1055052	0	0	1180378	0	
28311552	28311552	9130740	12	18874368	123064	9007688	18874368	104632	0	0	266730	0	
28311552	28311552	9130740	12	18874368	1131644	7999108	18874368	956812	0	0	1034380	0	
28311552	28311552	9130716	36	18874368	77840	9052912	18874368	70980	0	0	158737	0	
28311552	28311552	9130740	12	18874368	1089404	8041348	18874368	908672	0	0	904868	0	
28311552	28311552	9130740	12	18874368	1592160	7538592	18874368	1361932	0	0	1258319	0	
28311552	28311552	9130740	12	18874368	615560	8515192	18874368	511092	0	0	594260	0	
28311552	28311552	9130740	12	18874368	1277280	7853472	18874368	1076332	0	0	1067444	0	
28311552	28311552	9130740	12	18874368	150964	8979788	18874368	126692	0	0	329510	0	
28311552	28311552	9130740	12	18874368	1236316	7894436	18874368	1048612	0	0	1319515	0	
28311552	28311552	9130728	24	18874368	133924	8996828	18874368	116852	0	0	312085	0	
28311552	28311552	9130720	32	18874368	1198708	7932044	18874368	985672	0	0	1046155	0	
28311552	28311552	9130748	4	18874368	77444	9053308	18874368	70476	0	0	157265	0	
28311552	28311552	9130740	12	18874368	1138112	7992640	18874368	907992	0	0	969771	0	
28311552	28311552	9130740	12	18874368	1656524	7474228	18874368	1353612	0	0	1321327	0	
28311552	28311552	9130740	12	18874368	599232	8531520	18874368	445032	0	0	752140	0	
28311552	28311552	9130740	12	18874368	1202320	7928432	18874368	1000172	0	0	1202887	0	
28311552	28311552	9130748	4	18874368	133424	8997328	18874368	111372	0	0	228479	0	
28311552	28311552	9130740	12	18874368	1315788	7814964	18874368	1044992	0	0	1029571	0	
28311552	28311552	9130728	24	18874368	122044	9008708	18874368	105468	0	0	237383	0	
28311552	28311552	9130740	12	18874368	1128092	8002660	18874368	959192	0	0	1159270	0	
28311552	28311552	9130740	12	18874368	78372	9052380	18874368	71192	0	0	159209	0	
28311552	28311552	9130740	12	18874368	1108664	8022088	18874368	906152	0	0	1059824	0	
28311552	28311552	9130740	12	18874368	1575520	7555232	18874368	1360032	0	0	1245777	0	
28311552	28311552	9130720	32	18874368	620628	8510124	18874368	506692	0	0	690467	0	
28311552	28311552	9130740	12	18874368	1271120	7859632	18874368	1067652	0	0	989053	0	
28311552	28311552	9130748	4	18874368	145504	8985248	18874368	123252	0	0	251005	0	
28311552	28311552	9130740	12	18874368	1274060	7856692	18874368	1048472	0	0	1068499	0	
28311552	28311552	9130708	44	18874368	129244	9001508	18874368	111472	0	0	243543	0	
28311552	28311552	9130740	12	18874368	1143344	7987408	18874368	974512	0	0	1041132	0	
28311552	28311552	9130728	24	18874368	78412	9052340	18874368	74152	0	0	165275	0	
28311552	28311552	9130740	12	18874368	1120692	8010060	18874368	908292	0	0	1009082	0	
28311552	28311552	9130720	32	18874368	1638696	7492056	18874368	1363952	0	0	1253679	0	
28311552	28311552	9130740	12	18874368	648948	8481804	18874368	487852	0	0	688250	0	
28311552	28311552	9130740	12	18874368	1214496	7916256	18874368	1005332	0	0	1195142	0	
28311552	28311552	9130740	12	18874368	108584	9022168	18874368	107872	0	0	245026	0	
28311552	28311552	9130740	12	18874368	1288780	7841972	18874368	1057592	0	0	1174241	0	
28311552	28311552	9130736	16	18874368	129144	9001608	18874368	111648	0	0	246770	0	
28311552	28311552	9130740	12	18874368	1173480	7957272	18874368	974152	0	0	942467	0	
28311552	28311552	9130724	28	18874368	77800	9052952	18874368	69840	0	0	163110	0	
28311552	28311552	9130720	32	18874368	1136664	7994088	18874368	903632	0	0	864555	0	
28311552	28311552	9130740	12	18874368	1617108	7513644	18874368	1351552	0	0	1139016	0	
28311552	28311552	9130740	12	18874368	573900	8556852	18874368	469992	0	0	673233	0	
28311552	28311552	9130740	12	18874368	1303588	7827164	18874368	1045372	0	0	1043799	0	
28311552	28311552	9130752	0	18874368	103924	9026828	18874368	80732	0	0	200745	0	
28311552	28311552	9130740	12	18874368	1269660	7861092	18874368	1042212	0	0	1057619	0	
28311552	28311552	9130736	16	18874368	127244	9003508	18874368	110796	0	0	285264	0	
28311552	28311552	9130740	12	18874368	1169680	7961072	18874368	969912	0	0	1045119	0	
28311552	28311552	9130740	12	18874368	78120	9052632	18874368	68828	0	0	163191	0	
28311552	28311552	9130720	32	18874368	1078376	8052376	18874368	905532	0	0	1029852	0	
28311552	28311552	9130740	12	18874368	1622756	7507996	18874368	1365792	0	0	1183330	0	
