b_initial_y_size_0	b_max_y_size_1	b_used_2	b_available_3	b_committed_4	a_used_5	a_available_6	a_committed_7	a_survived_8	a_promoted_9	a_copied_10	a_time_in_ns_11	promotion_rate_12
9437184	9437184	3043584	4999820	6291456	100020	7943384	6291456	65088	56212	0	228515	95	
9437184	9437184	3043584	4999820	6291456	9184	8034220	6291456	11888	2704	0	325416	30	
9437184	9437184	3043584	4999820	6291456	1080	8042324	6291456	1080	0	0	93890	0	
9437184	9437184	3043576	4999828	6291456	664	8042740	6291456	1456	792	0	81924	73	
9437184	9437184	3043580	4999824	6291456	2756	8040648	6291456	3216	460	0	84749	69	
9437184	9437184	3043584	4999820	6291456	3852	8039552	6291456	5564	1712	0	96463	62	
9437184	9437184	3043584	4999820	6291456	72848	7970556	6291456	50376	3468	0	138907	90	
9437184	9437184	3043584	4999820	6291456	123108	7920296	6291456	97540	6744	0	140370	14	
9437184	9437184	3179160	4864244	6438912	652	8042752	6291456	136612	135960	0	140179	149	
9437184	9437184	3043584	4999820	6291456	2548	8040856	6291456	3128	580	0	130979	88	
9437184	9437184	3247012	4796392	6504448	748	8042656	6291456	206652	205904	0	175462	8081	
9437184	9437184	3043580	4999824	6291456	304	8043100	6291456	1028	724	0	98161	96	
9437184	9437184	3348788	4694616	6606848	124	8043280	6291456	305612	305488	0	177968	100489	
9437184	9437184	3043580	4999824	6291456	24	8043380	6291456	124	100	0	105639	80	
9437184	9437184	3501456	4541948	6758400	1312	8042092	6291456	459188	457876	0	267765	1907816	
9437184	9437184	3043580	4999824	6291456	24	8043380	6291456	1312	1288	0	116313	98	
9437184	9437184	3043580	4999824	6291456	24	8043380	6291456	24	0	0	63213	0	
9437184	9437184	3043580	4999824	6291456	24	8043380	6291456	24	0	0	64670	0	
9437184	9437184	3043576	4999828	6291456	24	8043380	6291456	24	0	0	64777	0	
9437184	9437184	3730460	4312944	6987776	24	8043380	6291456	686904	686880	0	222343	2862000	
9437184	9437184	3043584	4999820	6291456	24	8043380	6291456	24	0	0	83822	0	
9437184	9437184	3043576	4999828	6291456	360	8043044	6291456	360	0	0	68054	0	
9437184	9437184	3043576	4999828	6291456	1440	8041964	6291456	1440	0	0	88652	0	
9437184	9437184	3043584	4999820	6291456	96	8043308	6291456	1440	1344	0	78614	93	
9437184	9437184	3043580	4999824	6291456	96	8043308	6291456	96	0	0	68095	0	
9437184	9437184	4073960	3969444	7331840	96	8043308	6291456	1030480	1030384	0	282443	1073316	
9437184	9437184	3043580	4999824	6291456	24	8043380	6291456	24	0	0	81989	0	
9437184	9437184	3043580	4999824	6291456	24	8043380	6291456	24	0	0	65926	0	
9437184	9437184	3043580	4999824	6291456	24	8043380	6291456	24	0	0	63302	0	
9437184	9437184	3043580	4999824	6291456	24	8043380	6291456	24	0	0	65121	0	
9437184	9437184	3043580	4999824	6291456	24	8043380	6291456	24	0	0	67145	0	
9437184	9437184	3043580	4999824	6291456	24	8043380	6291456	24	0	0	64011	0	
9437184	9437184	3043580	4999824	6291456	24	8043380	6291456	24	0	0	64771	0	
9437184	9437184	3043584	4999820	6291456	24	8043380	6291456	24	0	0	63123	0	
9437184	9437184	3043576	4999828	6291456	1392	8042012	6291456	1392	0	0	102411	0	
9437184	9437184	4589220	3454184	7847936	32780	8010624	6291456	1547032	1547008	0	404712	111135	
9437184	9437184	3043584	4999820	6291456	24	8043380	6291456	24	0	0	84594	0	
9437184	9437184	3043576	4999828	6291456	1604	8041800	6291456	1604	0	0	107349	0	
9437184	9437184	3043576	4999828	6291456	96	8043308	6291456	1640	1544	0	99414	96	
9437184	9437184	3043584	4999820	6291456	96	8043308	6291456	96	0	0	69817	0	
9437184	9437184	3043580	4999824	6291456	96	8043308	6291456	96	0	0	68283	0	
9437184	9437184	3043576	4999828	6291456	96	8043308	6291456	96	0	0	68342	0	
9437184	9437184	3043580	4999824	6291456	24	8043380	6291456	24	0	0	68837	0	
9437184	9437184	3043580	4999824	6291456	24	8043380	6291456	24	0	0	66692	0	
9437184	9437184	3043580	4999824	6291456	24	8043380	6291456	24	0	0	68176	0	
9437184	9437184	3043580	4999824	6291456	24	8043380	6291456	24	0	0	65809	0	
9437184	9437184	3043580	4999824	6291456	1620	8041784	6291456	1620	0	0	117198	0	
9437184	9437184	3043584	4999820	6291456	24	8043380	6291456	1620	1596	0	121129	98	
9437184	9437184	3043576	4999828	6291456	24	8043380	6291456	24	0	0	69013	0	
9437184	9437184	5362104	2681300	8622080	24	8043380	6291456	2318548	2318524	0	542715	9660516	
9437184	9437184	3043580	4999824	6291456	24	8043380	6291456	24	0	0	87189	0	
9437184	9437184	3043580	4999824	6291456	96	8043308	6291456	96	0	0	68390	0	
9437184	9437184	3043576	4999828	6291456	84	8043320	6291456	84	0	0	68215	0	
9437184	9437184	3043584	4999820	6291456	96	8043308	6291456	96	0	0	71047	0	
9437184	9437184	3043580	4999824	6291456	96	8043308	6291456	96	0	0	68224	0	
9437184	9437184	3043584	4999820	6291456	24	8043380	6291456	24	0	0	73122	0	
9437184	9437184	3043584	4999820	6291456	24	8043380	6291456	24	0	0	76429	0	
9437184	9437184	3043584	4999820	6291456	52	8043352	6291456	52	0	0	73598	0	
9437184	9437184	3043584	4999820	6291456	24	8043380	6291456	52	28	0	75869	53	
9437184	9437184	3043584	4999820	6291456	24	8043380	6291456	24	0	0	79156	0	
9437184	9437184	3043580	4999824	6291456	288	8043116	6291456	288	0	0	93045	0	
9437184	9437184	3043584	4999820	6291456	24	8043380	6291456	288	264	0	78919	91	
9437184	9437184	3043584	4999820	6291456	24	8043380	6291456	24	0	0	73359	0	
9437184	9437184	3043580	4999824	6291456	36	8043368	6291456	36	0	0	73132	0	
9437184	9437184	3043584	4999820	6291456	96	8043308	6291456	96	0	0	70004	0	
9437184	9437184	3043580	4999824	6291456	140	8043264	6291456	140	0	0	94399	0	
9437184	9437184	3043576	4999828	6291456	96	8043308	6291456	152	56	0	99984	40	
9437184	9437184	3043584	4999820	6291456	24	8043380	6291456	24	0	0	73199	0	
9437184	9437184	3043584	4999820	6291456	24	8043380	6291456	24	0	0	72072	0	
9437184	9437184	3043584	4999820	6291456	24	8043380	6291456	24	0	0	71676	0	
9437184	9437184	3043584	4999820	6291456	24	8043380	6291456	24	0	0	88818	0	
9437184	9437184	6521436	1521968	9781248	24	8043380	6291456	3477876	3477852	0	983262	14491050	
9437184	9437184	3043580	4999824	6291456	24	8043380	6291456	24	0	0	84640	0	
9437184	9437184	3043584	4999820	6291456	96	8043308	6291456	96	0	0	74472	0	
9437184	9437184	3043584	4999820	6291456	96	8043308	6291456	96	0	0	69552	0	
9437184	9437184	3043584	4999820	6291456	24	8043380	6291456	24	0	0	70229	0	
9437184	9437184	3043580	4999824	6291456	24	8043380	6291456	24	0	0	68426	0	
9437184	9437184	3043584	4999820	6291456	24	8043380	6291456	24	0	0	68434	0	
9437184	9437184	3043584	4999820	6291456	24	8043380	6291456	24	0	0	69393	0	
9437184	9437184	3043580	4999824	6291456	24	8043380	6291456	24	0	0	67844	0	
9437184	9437184	3043576	4999828	6291456	24	8043380	6291456	24	0	0	64919	0	
9437184	9437184	3043580	4999824	6291456	60	8043344	6291456	60	0	0	70614	0	
9437184	9437184	3043584	4999820	6291456	96	8043308	6291456	96	0	0	66791	0	
9437184	9437184	3043576	4999828	6291456	124	8043280	6291456	124	0	0	67525	0	
9437184	9437184	3043584	4999820	6291456	24	8043380	6291456	52	28	0	72919	22	
9437184	9437184	3043584	4999820	6291456	24	8043380	6291456	24	0	0	67332	0	
9437184	9437184	3043580	4999824	6291456	24	8043380	6291456	24	0	0	69394	0	
9437184	9437184	3043584	4999820	6291456	24	8043380	6291456	24	0	0	69015	0	
9437184	9437184	3043576	4999828	6291456	24	8043380	6291456	24	0	0	67626	0	
9437184	9437184	3043576	4999828	6291456	24	8043380	6291456	24	0	0	68748	0	
9437184	9437184	3043580	4999824	6291456	96	8043308	6291456	96	0	0	67803	0	
9437184	9437184	3043576	4999828	6291456	96	8043308	6291456	96	0	0	83291	0	
9437184	9437184	3043576	4999828	6291456	96	8043308	6291456	96	0	0	67719	0	
9437184	9437184	3043584	4999820	6291456	24	8043380	6291456	24	0	0	66912	0	
9437184	9437184	3043584	4999820	6291456	24	8043380	6291456	24	0	0	66387	0	
9437184	9437184	3043584	4999820	6291456	24	8043380	6291456	24	0	0	67794	0	
9437184	9437184	3043584	4999820	6291456	24	8043380	6291456	24	0	0	67846	0	
9437184	9437184	3043584	4999820	6291456	148	8043256	6291456	148	0	0	84639	0	
9437184	9437184	3043584	4999820	6291456	24	8043380	6291456	148	124	0	91805	83	
9437184	9437184	3043576	4999828	6291456	656	8042748	6291456	656	0	0	101211	0	
9437184	9437184	3043576	4999828	6291456	320	8043084	6291456	880	560	0	109101	85	
9437184	9437184	3043580	4999824	6291456	24	8043380	6291456	248	224	0	93690	70	
9437184	9437184	3043576	4999828	6291456	24	8043380	6291456	24	0	0	68274	0	
9437184	9437184	8260424	4	11517952	24	8260404	6291456	5216868	5216844	0	1070847	21736850	
9437184	9437184	3043580	5216848	6291456	24	8260404	6291456	24	0	0	88179	0	
9437184	9437184	3043584	5216844	6291456	24	8260404	6291456	24	0	0	70810	0	
9437184	9437184	3043584	5216844	6291456	24	8260404	6291456	24	0	0	68262	0	
9437184	9437184	3043576	5216852	6291456	96	8260332	6291456	96	0	0	68928	0	
9437184	9437184	3043580	5216848	6291456	96	8260332	6291456	96	0	0	68188	0	
9437184	9437184	3043576	5216852	6291456	24	8260404	6291456	24	0	0	69051	0	
9437184	9437184	3043580	5216848	6291456	80	8260348	6291456	80	0	0	84210	0	
9437184	9437184	3043580	5216848	6291456	24	8260404	6291456	80	56	0	95312	70	
9437184	9437184	3043576	5216852	6291456	24	8260404	6291456	24	0	0	68291	0	
9437184	9437184	3043584	5216844	6291456	24	8260404	6291456	24	0	0	70122	0	
9437184	9437184	3043580	5216848	6291456	24	8260404	6291456	24	0	0	69662	0	
9437184	9437184	3043580	5216848	6291456	84	8260344	6291456	84	0	0	69782	0	
9437184	9437184	3043580	5216848	6291456	588	8259840	6291456	588	0	0	70979	0	
9437184	9437184	3043580	5216848	6291456	24	8260404	6291456	516	492	0	74287	83	
9437184	9437184	3043580	5216848	6291456	24	8260404	6291456	24	0	0	69340	0	
9437184	9437184	3043576	5216852	6291456	400	8260028	6291456	400	0	0	119161	0	
9437184	9437184	3043580	5216848	6291456	24	8260404	6291456	400	376	0	94651	94	
9437184	9437184	3043580	5216848	6291456	24	8260404	6291456	24	0	0	67418	0	
9437184	9437184	3043564	5216864	6291456	36	8260392	6291456	36	0	0	73213	0	
9437184	9437184	3043580	5216848	6291456	96	8260332	6291456	96	0	0	67735	0	
9437184	9437184	3043584	5216844	6291456	96	8260332	6291456	96	0	0	66422	0	
9437184	9437184	3043580	5216848	6291456	24	8260404	6291456	24	0	0	68417	0	
9437184	9437184	3043576	5216852	6291456	24	8260404	6291456	24	0	0	68095	0	
9437184	9437184	3043580	5216848	6291456	108	8260320	6291456	108	0	0	89186	0	
9437184	9437184	3043580	5216848	6291456	24	8260404	6291456	108	84	0	94012	77	
9437184	9437184	3043576	5216852	6291456	24	8260404	6291456	24	0	0	69230	0	
9437184	9437184	3043576	5216852	6291456	4540	8255888	6291456	4540	0	0	111509	0	
9437184	9437184	3043580	5216848	6291456	84	8260344	6291456	4564	4480	0	104291	98	
9437184	9437184	3043584	5216844	6291456	376	8260052	6291456	376	0	0	86862	0	
9437184	9437184	3043580	5216848	6291456	24	8260404	6291456	304	280	0	92698	74	
9437184	9437184	3043576	5216852	6291456	24	8260404	6291456	24	0	0	68190	0	
9437184	9437184	3043580	5216848	6291456	24	8260404	6291456	24	0	0	68220	0	
9437184	9437184	3043580	5216848	6291456	24	8260404	6291456	24	0	0	68674	0	
9437184	9437184	3043576	5216852	6291456	24	8260404	6291456	24	0	0	69542	0	
9437184	9437184	3043576	5216852	6291456	60	8260368	6291456	60	0	0	67740	0	
9437184	9437184	3043584	5216844	6291456	96	8260332	6291456	96	0	0	67193	0	
9437184	9437184	3043576	5216852	6291456	96	8260332	6291456	96	0	0	69197	0	
9437184	9437184	3043576	5216852	6291456	24	8260404	6291456	24	0	0	67439	0	
9437184	9437184	3043580	5216848	6291456	24	8260404	6291456	24	0	0	68198	0	
9437184	9437184	3043580	5216848	6291456	24	8260404	6291456	24	0	0	69381	0	
9437184	9437184	3043576	5216852	6291456	24	8260404	6291456	24	0	0	68276	0	
9437184	9437184	3043576	5216852	6291456	24	8260404	6291456	24	0	0	68993	0	
9437184	9437184	3043576	5216852	6291456	96	8260332	6291456	96	0	0	86282	0	
9437184	9437184	3043576	5216852	6291456	96	8260332	6291456	96	0	0	67749	0	
9437184	9437184	3043580	5216848	6291456	24	8260404	6291456	24	0	0	70770	0	
9437184	9437184	3043580	5216848	6291456	24	8260404	6291456	24	0	0	68586	0	
9437184	9437184	3043580	5216848	6291456	24	8260404	6291456	24	0	0	67741	0	
9437184	9437184	3043580	5216848	6291456	24	8260404	6291456	24	0	0	67908	0	
9437184	9437184	10868908	8	14127104	24	10868892	6291456	7825356	7825332	0	1741200	32605550	
9437184	9437184	3043584	7825332	6291456	96	10868820	6291456	96	0	0	80637	0	
9437184	9437184	3043576	7825340	6291456	96	10868820	6291456	96	0	0	69720	0	
9437184	9437184	3043580	7825336	6291456	24	10868892	6291456	24	0	0	64348	0	
9437184	9437184	3043580	7825336	6291456	24	10868892	6291456	24	0	0	69133	0	
9437184	9437184	3043580	7825336	6291456	24	10868892	6291456	24	0	0	69604	0	
9437184	9437184	3043580	7825336	6291456	24	10868892	6291456	24	0	0	71939	0	
9437184	9437184	3043576	7825340	6291456	124	10868792	6291456	124	0	0	82221	0	
9437184	9437184	3043576	7825340	6291456	96	10868820	6291456	196	100	0	96975	80	
9437184	9437184	3043576	7825340	6291456	96	10868820	6291456	96	0	0	68074	0	
9437184	9437184	3043576	7825340	6291456	24	10868892	6291456	24	0	0	68306	0	
9437184	9437184	3043580	7825336	6291456	24	10868892	6291456	24	0	0	70147	0	
9437184	9437184	3043580	7825336	6291456	24	10868892	6291456	24	0	0	70923	0	
9437184	9437184	3043576	7825340	6291456	24	10868892	6291456	24	0	0	67396	0	
9437184	9437184	3043576	7825340	6291456	24	10868892	6291456	24	0	0	68616	0	
9437184	9437184	3043584	7825332	6291456	24	10868892	6291456	24	0	0	66903	0	
9437184	9437184	3043576	7825340	6291456	96	10868820	6291456	96	0	0	69420	0	
9437184	9437184	3043580	7825336	6291456	96	10868820	6291456	96	0	0	68218	0	
9437184	9437184	3043544	7825372	6291456	12	10868904	6291456	12	0	0	69238	0	
