b_initial_y_size_0	b_max_y_size_1	b_used_2	b_available_3	b_committed_4	a_used_5	a_available_6	a_committed_7	a_survived_8	a_promoted_9	a_copied_10	a_time_in_ns_11	promotion_rate_12
3145728	3145728	1014528	4999820	2097152	1564	6012784	2097152	57892	56328	0	137899	98	
3145728	3145728	1014528	4999820	2097152	2012	6012336	2097152	2552	540	0	65058	34	
3145728	3145728	1014528	4999820	2097152	1260	6013088	2097152	2812	1552	0	259667	77	
3145728	3145728	1014520	4999828	2097152	4232	6010116	2097152	4232	0	0	103030	0	
3145728	3145728	1014528	4999820	2097152	11620	6002728	2097152	11832	212	0	63265	5	
3145728	3145728	1014528	4999820	2097152	600	6013748	2097152	11764	11164	0	84086	96	
3145728	3145728	1014528	4999820	2097152	8232	6006116	2097152	8568	336	0	41784	56	
3145728	3145728	1014528	4999820	2097152	1060	6013288	2097152	9100	8040	0	94203	97	
3145728	3145728	1014528	4999820	2097152	120	6014228	2097152	1012	892	0	56443	84	
3145728	3145728	1014528	4999820	2097152	1056	6013292	2097152	1056	0	0	46747	0	
3145728	3145728	1014528	4999820	2097152	1224	6013124	2097152	2040	816	0	50042	77	
3145728	3145728	1014528	4999820	2097152	420	6013928	2097152	1188	768	0	47555	62	
3145728	3145728	1014528	4999820	2097152	468	6013880	2097152	468	0	0	71565	0	
3145728	3145728	1014528	4999820	2097152	1360	6012988	2097152	1360	0	0	53627	0	
3145728	3145728	1014524	4999824	2097152	608	6013740	2097152	1884	1276	0	47474	93	
3145728	3145728	1014528	4999820	2097152	320	6014028	2097152	856	536	0	63386	88	
3145728	3145728	1014528	4999820	2097152	376	6013972	2097152	432	56	0	58733	17	
3145728	3145728	1014528	4999820	2097152	940	6013408	2097152	1184	244	0	93577	64	
3145728	3145728	1014528	4999820	2097152	2656	6011692	2097152	3368	712	0	141217	75	
3145728	3145728	1014520	4999828	2097152	2284	6012064	2097152	4628	2344	0	72548	88	
3145728	3145728	1014520	4999828	2097152	50508	5963840	2097152	21784	2080	0	72357	91	
3145728	3145728	1014524	4999824	2097152	59444	5954904	2097152	30408	1852	0	73295	9	
3145728	3145728	1014528	4999820	2097152	72848	5941500	2097152	42064	1768	0	86462	6	
3145728	3145728	1014528	4999820	2097152	92952	5921396	2097152	60400	144	0	65433	0	
3145728	3145728	1014520	4999828	2097152	1788	6012560	2097152	61972	60184	0	93519	99	
3145728	3145728	1014520	4999828	2097152	123108	5891240	2097152	92140	1728	0	101820	96	
3145728	3145728	1014520	4999828	2097152	352	6013996	2097152	90692	90340	0	141489	99	
3145728	3145728	1014528	4999820	2097152	892	6013456	2097152	1172	280	0	64675	79	
3145728	3145728	1150096	4864252	2244608	248	6014100	2097152	136632	136384	0	120244	15289	
3145728	3145728	1014528	4999820	2097152	924	6013424	2097152	980	56	0	75095	22	
3145728	3145728	1014520	4999828	2097152	292	6014056	2097152	1144	852	0	79109	92	
3145728	3145728	1014528	4999820	2097152	72	6014276	2097152	292	220	0	108792	75	
3145728	3145728	1217956	4796392	2310144	844	6013504	2097152	204272	203428	0	128496	282538	
3145728	3145728	1014524	4999824	2097152	1260	6013088	2097152	2044	784	0	82161	92	
3145728	3145728	1014524	4999824	2097152	24	6014324	2097152	1260	1236	0	75329	98	
3145728	3145728	1014528	4999820	2097152	24	6014324	2097152	24	0	0	73618	0	
3145728	3145728	1014520	4999828	2097152	556	6013792	2097152	556	0	0	69499	0	
3145728	3145728	1014524	4999824	2097152	24	6014324	2097152	556	532	0	139564	95	
3145728	3145728	1319732	4694616	2412544	24	6014324	2097152	305232	305208	0	117346	1271700	
3145728	3145728	1014528	4999820	2097152	220	6014128	2097152	220	0	0	72743	0	
3145728	3145728	1014524	4999824	2097152	480	6013868	2097152	676	196	0	74436	89	
3145728	3145728	1014524	4999824	2097152	24	6014324	2097152	480	456	0	76801	95	
3145728	3145728	1014528	4999820	2097152	24	6014324	2097152	24	0	0	54345	0	
3145728	3145728	1014524	4999824	2097152	24	6014324	2097152	24	0	0	54741	0	
3145728	3145728	1014524	4999824	2097152	600	6013748	2097152	600	0	0	54450	0	
3145728	3145728	1014524	4999824	2097152	688	6013660	2097152	1264	576	0	78482	96	
3145728	3145728	1472400	4541948	2564096	24	6014324	2097152	458564	458540	0	173977	66648	
3145728	3145728	1014524	4999824	2097152	24	6014324	2097152	24	0	0	72732	0	
3145728	3145728	1014524	4999824	2097152	24	6014324	2097152	24	0	0	53358	0	
3145728	3145728	1014524	4999824	2097152	24	6014324	2097152	24	0	0	56197	0	
3145728	3145728	1014524	4999824	2097152	24	6014324	2097152	24	0	0	53020	0	
3145728	3145728	1014524	4999824	2097152	24	6014324	2097152	24	0	0	53801	0	
3145728	3145728	1014524	4999824	2097152	24	6014324	2097152	24	0	0	53239	0	
3145728	3145728	1014524	4999824	2097152	24	6014324	2097152	24	0	0	54095	0	
3145728	3145728	1014520	4999828	2097152	24	6014324	2097152	24	0	0	52178	0	
3145728	3145728	1014520	4999828	2097152	24	6014324	2097152	24	0	0	53304	0	
3145728	3145728	1014528	4999820	2097152	24	6014324	2097152	24	0	0	54534	0	
3145728	3145728	1014524	4999824	2097152	24	6014324	2097152	24	0	0	51356	0	
3145728	3145728	1014524	4999824	2097152	24	6014324	2097152	24	0	0	53583	0	
3145728	3145728	1701400	4312948	2793472	24	6014324	2097152	686904	686880	0	210349	2862000	
3145728	3145728	1014520	4999828	2097152	24	6014324	2097152	24	0	0	72660	0	
3145728	3145728	1014528	4999820	2097152	24	6014324	2097152	24	0	0	53588	0	
3145728	3145728	1014524	4999824	2097152	24	6014324	2097152	24	0	0	54487	0	
3145728	3145728	1014524	4999824	2097152	24	6014324	2097152	24	0	0	54325	0	
3145728	3145728	1014520	4999828	2097152	72	6014276	2097152	72	0	0	58767	0	
3145728	3145728	1014520	4999828	2097152	60	6014288	2097152	60	0	0	56503	0	
3145728	3145728	1014520	4999828	2097152	96	6014252	2097152	96	0	0	57303	0	
3145728	3145728	1014520	4999828	2097152	96	6014252	2097152	96	0	0	56355	0	
3145728	3145728	1014524	4999824	2097152	96	6014252	2097152	96	0	0	53256	0	
3145728	3145728	1014524	4999824	2097152	96	6014252	2097152	96	0	0	55255	0	
3145728	3145728	1014528	4999820	2097152	96	6014252	2097152	96	0	0	54828	0	
3145728	3145728	1014520	4999828	2097152	84	6014264	2097152	84	0	0	55381	0	
3145728	3145728	1014520	4999828	2097152	72	6014276	2097152	72	0	0	54080	0	
3145728	3145728	1014524	4999824	2097152	96	6014252	2097152	96	0	0	55821	0	
3145728	3145728	1014528	4999820	2097152	96	6014252	2097152	96	0	0	55432	0	
3145728	3145728	1014528	4999820	2097152	96	6014252	2097152	96	0	0	54858	0	
3145728	3145728	1014520	4999828	2097152	96	6014252	2097152	96	0	0	57338	0	
3145728	3145728	1014524	4999824	2097152	24	6014324	2097152	24	0	0	54794	0	
3145728	3145728	1014524	4999824	2097152	24	6014324	2097152	24	0	0	54805	0	
3145728	3145728	2044908	3969440	3137536	24	6014324	2097152	1030408	1030384	0	261914	4293266	
3145728	3145728	1014524	4999824	2097152	24	6014324	2097152	24	0	0	56460	0	
3145728	3145728	1014524	4999824	2097152	24	6014324	2097152	24	0	0	55402	0	
3145728	3145728	1014524	4999824	2097152	24	6014324	2097152	24	0	0	53771	0	
3145728	3145728	1014524	4999824	2097152	24	6014324	2097152	24	0	0	55340	0	
3145728	3145728	1014524	4999824	2097152	24	6014324	2097152	24	0	0	55992	0	
3145728	3145728	1014524	4999824	2097152	24	6014324	2097152	24	0	0	54947	0	
3145728	3145728	1014524	4999824	2097152	24	6014324	2097152	24	0	0	54253	0	
3145728	3145728	1014524	4999824	2097152	24	6014324	2097152	24	0	0	54924	0	
3145728	3145728	1014524	4999824	2097152	24	6014324	2097152	24	0	0	51949	0	
3145728	3145728	1014524	4999824	2097152	24	6014324	2097152	24	0	0	53665	0	
3145728	3145728	1014524	4999824	2097152	24	6014324	2097152	24	0	0	54100	0	
3145728	3145728	1014524	4999824	2097152	24	6014324	2097152	24	0	0	54052	0	
3145728	3145728	1014524	4999824	2097152	24	6014324	2097152	24	0	0	52505	0	
3145728	3145728	1014524	4999824	2097152	24	6014324	2097152	24	0	0	53334	0	
3145728	3145728	1014524	4999824	2097152	24	6014324	2097152	24	0	0	53363	0	
3145728	3145728	1014524	4999824	2097152	24	6014324	2097152	24	0	0	54051	0	
3145728	3145728	1014524	4999824	2097152	24	6014324	2097152	24	0	0	53678	0	
3145728	3145728	1014524	4999824	2097152	24	6014324	2097152	24	0	0	54676	0	
3145728	3145728	1014520	4999828	2097152	24	6014324	2097152	24	0	0	53634	0	
3145728	3145728	1014520	4999828	2097152	24	6014324	2097152	24	0	0	53705	0	
3145728	3145728	1014528	4999820	2097152	24	6014324	2097152	24	0	0	52407	0	
3145728	3145728	1014524	4999824	2097152	24	6014324	2097152	24	0	0	55346	0	
3145728	3145728	1014524	4999824	2097152	24	6014324	2097152	24	0	0	54052	0	
3145728	3145728	1014520	4999828	2097152	24	6014324	2097152	24	0	0	54343	0	
3145728	3145728	1014528	4999820	2097152	672	6013676	2097152	672	0	0	70456	0	
3145728	3145728	1014528	4999820	2097152	24	6014324	2097152	672	648	0	66123	96	
3145728	3145728	1014524	4999824	2097152	24	6014324	2097152	24	0	0	54075	0	
3145728	3145728	1014528	4999820	2097152	836	6013512	2097152	836	0	0	60825	0	
3145728	3145728	2560160	3454188	3653632	60	6014288	2097152	1545700	1545640	0	382165	184885	
3145728	3145728	1014520	4999828	2097152	96	6014252	2097152	96	0	0	77584	0	
3145728	3145728	1014520	4999828	2097152	96	6014252	2097152	96	0	0	55892	0	
3145728	3145728	1014524	4999824	2097152	96	6014252	2097152	96	0	0	57180	0	
3145728	3145728	1014524	4999824	2097152	96	6014252	2097152	96	0	0	55748	0	
3145728	3145728	1014528	4999820	2097152	96	6014252	2097152	96	0	0	56395	0	
3145728	3145728	1014520	4999828	2097152	96	6014252	2097152	96	0	0	58580	0	
3145728	3145728	1014520	4999828	2097152	96	6014252	2097152	96	0	0	56364	0	
3145728	3145728	1014524	4999824	2097152	96	6014252	2097152	96	0	0	56704	0	
3145728	3145728	1014528	4999820	2097152	96	6014252	2097152	96	0	0	57214	0	
3145728	3145728	1014528	4999820	2097152	96	6014252	2097152	96	0	0	56452	0	
3145728	3145728	1014520	4999828	2097152	96	6014252	2097152	96	0	0	55117	0	
3145728	3145728	1014528	4999820	2097152	100	6014248	2097152	100	0	0	72784	0	
3145728	3145728	1014524	4999824	2097152	24	6014324	2097152	100	76	0	76453	76	
3145728	3145728	1014524	4999824	2097152	24	6014324	2097152	24	0	0	57028	0	
3145728	3145728	1014524	4999824	2097152	24	6014324	2097152	24	0	0	54585	0	
3145728	3145728	1014524	4999824	2097152	24	6014324	2097152	24	0	0	56058	0	
3145728	3145728	1014524	4999824	2097152	24	6014324	2097152	24	0	0	80138	0	
3145728	3145728	1014524	4999824	2097152	24	6014324	2097152	24	0	0	52752	0	
3145728	3145728	1014524	4999824	2097152	24	6014324	2097152	24	0	0	53831	0	
3145728	3145728	1014524	4999824	2097152	24	6014324	2097152	24	0	0	55093	0	
3145728	3145728	1014524	4999824	2097152	24	6014324	2097152	24	0	0	54953	0	
3145728	3145728	1014524	4999824	2097152	24	6014324	2097152	24	0	0	54611	0	
3145728	3145728	1014524	4999824	2097152	24	6014324	2097152	24	0	0	53814	0	
3145728	3145728	1014524	4999824	2097152	24	6014324	2097152	24	0	0	53738	0	
3145728	3145728	1014524	4999824	2097152	24	6014324	2097152	24	0	0	54660	0	
3145728	3145728	1014524	4999824	2097152	24	6014324	2097152	24	0	0	54487	0	
3145728	3145728	1014524	4999824	2097152	24	6014324	2097152	24	0	0	51278	0	
3145728	3145728	1014524	4999824	2097152	24	6014324	2097152	24	0	0	53842	0	
3145728	3145728	1014524	4999824	2097152	24	6014324	2097152	24	0	0	54608	0	
3145728	3145728	1014524	4999824	2097152	24	6014324	2097152	24	0	0	53951	0	
3145728	3145728	1014524	4999824	2097152	24	6014324	2097152	24	0	0	52529	0	
3145728	3145728	1014524	4999824	2097152	324	6014024	2097152	324	0	0	74027	0	
3145728	3145728	1014520	4999828	2097152	24	6014324	2097152	324	300	0	80587	92	
3145728	3145728	1014528	4999820	2097152	24	6014324	2097152	24	0	0	52854	0	
3145728	3145728	1014528	4999820	2097152	24	6014324	2097152	24	0	0	54114	0	
3145728	3145728	1014524	4999824	2097152	24	6014324	2097152	24	0	0	53458	0	
3145728	3145728	1014520	4999828	2097152	24	6014324	2097152	24	0	0	54746	0	
3145728	3145728	1014528	4999820	2097152	24	6014324	2097152	24	0	0	53127	0	
3145728	3145728	1014528	4999820	2097152	24	6014324	2097152	24	0	0	54892	0	
3145728	3145728	1014524	4999824	2097152	24	6014324	2097152	24	0	0	54593	0	
3145728	3145728	1014524	4999824	2097152	60	6014288	2097152	60	0	0	56304	0	
3145728	3145728	1014524	4999824	2097152	96	6014252	2097152	96	0	0	55944	0	
3145728	3145728	3333048	2681300	4427776	84	6014264	2097152	2318608	2318524	0	631380	2415129	
3145728	3145728	1014524	4999824	2097152	1372	6012976	2097152	1372	0	0	78983	0	
3145728	3145728	1014528	4999820	2097152	24	6014324	2097152	1300	1276	0	89730	93	
3145728	3145728	1014524	4999824	2097152	24	6014324	2097152	24	0	0	59616	0	
3145728	3145728	1014528	4999820	2097152	24	6014324	2097152	24	0	0	58701	0	
3145728	3145728	1014528	4999820	2097152	24	6014324	2097152	24	0	0	55117	0	
3145728	3145728	1014528	4999820	2097152	24	6014324	2097152	24	0	0	56918	0	
3145728	3145728	1014528	4999820	2097152	24	6014324	2097152	24	0	0	57485	0	
3145728	3145728	1014528	4999820	2097152	24	6014324	2097152	24	0	0	57073	0	
3145728	3145728	1014528	4999820	2097152	24	6014324	2097152	24	0	0	58837	0	
3145728	3145728	1014528	4999820	2097152	24	6014324	2097152	24	0	0	56775	0	
3145728	3145728	1014528	4999820	2097152	24	6014324	2097152	24	0	0	57832	0	
3145728	3145728	1014528	4999820	2097152	24	6014324	2097152	24	0	0	58561	0	
3145728	3145728	1014528	4999820	2097152	24	6014324	2097152	24	0	0	58044	0	
3145728	3145728	1014528	4999820	2097152	24	6014324	2097152	24	0	0	58280	0	
3145728	3145728	1014528	4999820	2097152	24	6014324	2097152	24	0	0	57428	0	
3145728	3145728	1014528	4999820	2097152	24	6014324	2097152	24	0	0	58608	0	
3145728	3145728	1014528	4999820	2097152	24	6014324	2097152	24	0	0	57930	0	
3145728	3145728	1014528	4999820	2097152	24	6014324	2097152	24	0	0	57059	0	
3145728	3145728	1014524	4999824	2097152	24	6014324	2097152	24	0	0	57654	0	
3145728	3145728	1014520	4999828	2097152	24	6014324	2097152	24	0	0	57313	0	
3145728	3145728	1014520	4999828	2097152	24	6014324	2097152	24	0	0	58451	0	
3145728	3145728	1014528	4999820	2097152	24	6014324	2097152	24	0	0	56405	0	
3145728	3145728	1014524	4999824	2097152	52	6014296	2097152	52	0	0	54733	0	
3145728	3145728	1014520	4999828	2097152	24	6014324	2097152	52	28	0	61290	53	
3145728	3145728	1014520	4999828	2097152	24	6014324	2097152	24	0	0	57316	0	
3145728	3145728	1014528	4999820	2097152	24	6014324	2097152	24	0	0	56393	0	
3145728	3145728	1014524	4999824	2097152	24	6014324	2097152	24	0	0	58421	0	
3145728	3145728	1014524	4999824	2097152	12	6014336	2097152	12	0	0	59434	0	
3145728	3145728	1014524	4999824	2097152	96	6014252	2097152	96	0	0	61078	0	
3145728	3145728	1014524	4999824	2097152	1656	6012692	2097152	1656	0	0	78415	0	
3145728	3145728	1014524	4999824	2097152	96	6014252	2097152	1656	1560	0	82081	94	
3145728	3145728	1014528	4999820	2097152	96	6014252	2097152	96	0	0	59428	0	
3145728	3145728	1014520	4999828	2097152	84	6014264	2097152	84	0	0	60807	0	
3145728	3145728	1014520	4999828	2097152	96	6014252	2097152	96	0	0	59514	0	
3145728	3145728	1014524	4999824	2097152	96	6014252	2097152	96	0	0	59635	0	
3145728	3145728	1014528	4999820	2097152	96	6014252	2097152	96	0	0	58923	0	
3145728	3145728	1014520	4999828	2097152	96	6014252	2097152	96	0	0	56721	0	
3145728	3145728	1014520	4999828	2097152	96	6014252	2097152	96	0	0	59673	0	
3145728	3145728	1014524	4999824	2097152	96	6014252	2097152	96	0	0	56531	0	
3145728	3145728	1014528	4999820	2097152	24	6014324	2097152	24	0	0	58169	0	
3145728	3145728	1014528	4999820	2097152	24	6014324	2097152	24	0	0	59249	0	
3145728	3145728	1014528	4999820	2097152	12	6014336	2097152	12	0	0	62104	0	
3145728	3145728	1014528	4999820	2097152	24	6014324	2097152	24	0	0	59560	0	
3145728	3145728	1014528	4999820	2097152	24	6014324	2097152	24	0	0	57957	0	
3145728	3145728	1014528	4999820	2097152	24	6014324	2097152	24	0	0	55589	0	
3145728	3145728	1014528	4999820	2097152	24	6014324	2097152	24	0	0	56922	0	
3145728	3145728	1014524	4999824	2097152	80	6014268	2097152	80	0	0	70116	0	
3145728	3145728	1014528	4999820	2097152	24	6014324	2097152	80	56	0	79869	70	
3145728	3145728	1014528	4999820	2097152	24	6014324	2097152	24	0	0	58922	0	
3145728	3145728	1014528	4999820	2097152	24	6014324	2097152	24	0	0	57815	0	
3145728	3145728	1014528	4999820	2097152	24	6014324	2097152	24	0	0	57506	0	
3145728	3145728	1014528	4999820	2097152	24	6014324	2097152	24	0	0	57830	0	
3145728	3145728	1014528	4999820	2097152	24	6014324	2097152	24	0	0	58249	0	
3145728	3145728	1014528	4999820	2097152	24	6014324	2097152	24	0	0	58779	0	
3145728	3145728	1014524	4999824	2097152	12	6014336	2097152	12	0	0	58749	0	
3145728	3145728	1014528	4999820	2097152	24	6014324	2097152	24	0	0	58207	0	
3145728	3145728	1014524	4999824	2097152	24	6014324	2097152	24	0	0	56830	0	
3145728	3145728	1014520	4999828	2097152	24	6014324	2097152	24	0	0	57522	0	
3145728	3145728	1014528	4999820	2097152	24	6014324	2097152	24	0	0	57603	0	
3145728	3145728	1014528	4999820	2097152	24	6014324	2097152	24	0	0	57642	0	
3145728	3145728	1014524	4999824	2097152	24	6014324	2097152	24	0	0	57241	0	
3145728	3145728	1014520	4999828	2097152	24	6014324	2097152	24	0	0	58649	0	
3145728	3145728	1014528	4999820	2097152	24	6014324	2097152	24	0	0	56909	0	
3145728	3145728	1014528	4999820	2097152	24	6014324	2097152	24	0	0	56564	0	
3145728	3145728	4492376	1521972	5586944	24	6014324	2097152	3477876	3477852	0	749268	14491050	
3145728	3145728	1014524	4999824	2097152	96	6014252	2097152	96	0	0	79611	0	
3145728	3145728	1014524	4999824	2097152	96	6014252	2097152	96	0	0	60165	0	
3145728	3145728	1014528	4999820	2097152	96	6014252	2097152	96	0	0	58239	0	
3145728	3145728	1014520	4999828	2097152	96	6014252	2097152	96	0	0	52909	0	
3145728	3145728	1014524	4999824	2097152	96	6014252	2097152	96	0	0	58951	0	
3145728	3145728	1014528	4999820	2097152	96	6014252	2097152	96	0	0	58365	0	
3145728	3145728	1014520	4999828	2097152	96	6014252	2097152	96	0	0	59790	0	
3145728	3145728	1014524	4999824	2097152	96	6014252	2097152	96	0	0	59664	0	
3145728	3145728	1014524	4999824	2097152	24	6014324	2097152	24	0	0	57076	0	
3145728	3145728	1014528	4999820	2097152	24	6014324	2097152	24	0	0	57521	0	
3145728	3145728	1014528	4999820	2097152	24	6014324	2097152	24	0	0	57873	0	
3145728	3145728	1014528	4999820	2097152	24	6014324	2097152	24	0	0	58330	0	
3145728	3145728	1014528	4999820	2097152	24	6014324	2097152	24	0	0	58819	0	
3145728	3145728	1014528	4999820	2097152	24	6014324	2097152	24	0	0	58989	0	
3145728	3145728	1014528	4999820	2097152	24	6014324	2097152	24	0	0	58595	0	
3145728	3145728	1014528	4999820	2097152	24	6014324	2097152	24	0	0	56154	0	
3145728	3145728	1014528	4999820	2097152	24	6014324	2097152	24	0	0	59126	0	
3145728	3145728	1014528	4999820	2097152	24	6014324	2097152	24	0	0	58914	0	
3145728	3145728	1014528	4999820	2097152	24	6014324	2097152	24	0	0	56884	0	
3145728	3145728	1014524	4999824	2097152	24	6014324	2097152	24	0	0	56846	0	
3145728	3145728	1014520	4999828	2097152	24	6014324	2097152	24	0	0	56733	0	
3145728	3145728	1014528	4999820	2097152	24	6014324	2097152	24	0	0	58456	0	
3145728	3145728	1014524	4999824	2097152	24	6014324	2097152	24	0	0	58750	0	
3145728	3145728	1014520	4999828	2097152	24	6014324	2097152	24	0	0	58554	0	
3145728	3145728	1014528	4999820	2097152	24	6014324	2097152	24	0	0	56676	0	
3145728	3145728	1014524	4999824	2097152	24	6014324	2097152	24	0	0	57288	0	
3145728	3145728	1014524	4999824	2097152	60	6014288	2097152	60	0	0	59698	0	
3145728	3145728	1014524	4999824	2097152	96	6014252	2097152	96	0	0	58164	0	
3145728	3145728	1014528	4999820	2097152	96	6014252	2097152	96	0	0	58448	0	
3145728	3145728	1014520	4999828	2097152	96	6014252	2097152	96	0	0	58128	0	
3145728	3145728	1014524	4999824	2097152	96	6014252	2097152	96	0	0	58442	0	
3145728	3145728	1014528	4999820	2097152	96	6014252	2097152	96	0	0	57797	0	
3145728	3145728	1014520	4999828	2097152	96	6014252	2097152	96	0	0	57975	0	
3145728	3145728	1014524	4999824	2097152	84	6014264	2097152	84	0	0	57876	0	
3145728	3145728	1014528	4999820	2097152	24	6014324	2097152	24	0	0	58966	0	
3145728	3145728	1014528	4999820	2097152	24	6014324	2097152	24	0	0	57702	0	
3145728	3145728	1014528	4999820	2097152	148	6014200	2097152	148	0	0	58232	0	
3145728	3145728	1014528	4999820	2097152	24	6014324	2097152	148	124	0	64013	83	
3145728	3145728	1014524	4999824	2097152	24	6014324	2097152	24	0	0	57991	0	
3145728	3145728	1014524	4999824	2097152	24	6014324	2097152	24	0	0	57444	0	
3145728	3145728	1014528	4999820	2097152	24	6014324	2097152	24	0	0	57931	0	
3145728	3145728	1014528	4999820	2097152	24	6014324	2097152	24	0	0	58756	0	
3145728	3145728	1014528	4999820	2097152	24	6014324	2097152	24	0	0	57795	0	
3145728	3145728	1014528	4999820	2097152	24	6014324	2097152	24	0	0	58515	0	
3145728	3145728	1014528	4999820	2097152	24	6014324	2097152	24	0	0	59110	0	
3145728	3145728	1014528	4999820	2097152	24	6014324	2097152	24	0	0	57677	0	
3145728	3145728	1014524	4999824	2097152	24	6014324	2097152	24	0	0	58270	0	
3145728	3145728	1014520	4999828	2097152	24	6014324	2097152	24	0	0	57683	0	
3145728	3145728	1014528	4999820	2097152	24	6014324	2097152	24	0	0	58250	0	
3145728	3145728	1014524	4999824	2097152	24	6014324	2097152	24	0	0	56795	0	
3145728	3145728	1014528	4999820	2097152	24	6014324	2097152	24	0	0	58672	0	
3145728	3145728	1014524	4999824	2097152	24	6014324	2097152	24	0	0	57971	0	
3145728	3145728	1014524	4999824	2097152	12	6014336	2097152	12	0	0	61785	0	
3145728	3145728	1014524	4999824	2097152	96	6014252	2097152	96	0	0	57424	0	
3145728	3145728	1014524	4999824	2097152	84	6014264	2097152	84	0	0	59438	0	
3145728	3145728	1014528	4999820	2097152	96	6014252	2097152	96	0	0	79336	0	
3145728	3145728	1014520	4999828	2097152	84	6014264	2097152	84	0	0	57373	0	
3145728	3145728	1014524	4999824	2097152	96	6014252	2097152	96	0	0	58760	0	
3145728	3145728	1014520	4999828	2097152	96	6014252	2097152	96	0	0	58825	0	
3145728	3145728	1014524	4999824	2097152	96	6014252	2097152	96	0	0	58866	0	
3145728	3145728	1014528	4999820	2097152	24	6014324	2097152	24	0	0	56919	0	
3145728	3145728	1014528	4999820	2097152	24	6014324	2097152	24	0	0	58467	0	
3145728	3145728	1014528	4999820	2097152	24	6014324	2097152	24	0	0	59599	0	
3145728	3145728	1014528	4999820	2097152	24	6014324	2097152	24	0	0	58394	0	
3145728	3145728	1014528	4999820	2097152	24	6014324	2097152	24	0	0	56709	0	
3145728	3145728	1014528	4999820	2097152	24	6014324	2097152	24	0	0	57701	0	
3145728	3145728	1014528	4999820	2097152	24	6014324	2097152	24	0	0	59208	0	
3145728	3145728	1014528	4999820	2097152	24	6014324	2097152	24	0	0	58520	0	
3145728	3145728	1014492	4999856	2097152	12	6014336	2097152	12	0	0	58680	0	
3145728	3145728	1014524	4999824	2097152	24	6014324	2097152	24	0	0	58471	0	
3145728	3145728	1014528	4999820	2097152	24	6014324	2097152	24	0	0	59024	0	
3145728	3145728	1014528	4999820	2097152	24	6014324	2097152	24	0	0	58027	0	
3145728	3145728	1014520	4999828	2097152	24	6014324	2097152	24	0	0	60297	0	
3145728	3145728	1014520	4999828	2097152	24	6014324	2097152	24	0	0	57597	0	
3145728	3145728	1014528	4999820	2097152	24	6014324	2097152	24	0	0	58521	0	
3145728	3145728	1014524	4999824	2097152	24	6014324	2097152	24	0	0	58933	0	
3145728	3145728	1014520	4999828	2097152	24	6014324	2097152	24	0	0	56741	0	
3145728	3145728	1014528	4999820	2097152	24	6014324	2097152	24	0	0	56056	0	
3145728	3145728	1014524	4999824	2097152	148	6014200	2097152	148	0	0	75266	0	
3145728	3145728	1014520	4999828	2097152	96	6014252	2097152	220	124	0	82583	83	
3145728	3145728	1014520	4999828	2097152	96	6014252	2097152	96	0	0	58872	0	
3145728	3145728	1014524	4999824	2097152	96	6014252	2097152	96	0	0	59171	0	
3145728	3145728	1014528	4999820	2097152	96	6014252	2097152	96	0	0	58772	0	
3145728	3145728	1014520	4999828	2097152	96	6014252	2097152	96	0	0	58003	0	
3145728	3145728	1014524	4999824	2097152	2744	6011604	2097152	2744	0	0	75677	0	
3145728	3145728	1014528	4999820	2097152	96	6014252	2097152	2744	2648	0	84645	96	
3145728	3145728	1014528	4999820	2097152	152	6014196	2097152	152	0	0	60405	0	
3145728	3145728	1014524	4999824	2097152	24	6014324	2097152	80	56	0	80471	36	
3145728	3145728	1014524	4999824	2097152	24	6014324	2097152	24	0	0	57343	0	
3145728	3145728	1014524	4999824	2097152	24	6014324	2097152	24	0	0	58303	0	
3145728	3145728	1014524	4999824	2097152	24	6014324	2097152	24	0	0	57190	0	
3145728	3145728	1014524	4999824	2097152	24	6014324	2097152	24	0	0	58441	0	
3145728	3145728	1014524	4999824	2097152	24	6014324	2097152	24	0	0	56752	0	
3145728	3145728	1014520	4999828	2097152	24	6014324	2097152	24	0	0	58177	0	
3145728	3145728	1014524	4999824	2097152	24	6014324	2097152	24	0	0	57321	0	
3145728	3145728	1014524	4999824	2097152	24	6014324	2097152	24	0	0	58952	0	
3145728	3145728	6231368	4	7323648	24	6231348	2097152	5216868	5216844	0	1066654	21736850	
3145728	3145728	1014524	5216848	2097152	24	6231348	2097152	24	0	0	77156	0	
3145728	3145728	1014520	5216852	2097152	24	6231348	2097152	24	0	0	56667	0	
3145728	3145728	1014528	5216844	2097152	24	6231348	2097152	24	0	0	58186	0	
3145728	3145728	1014524	5216848	2097152	24	6231348	2097152	24	0	0	59029	0	
3145728	3145728	1014520	5216852	2097152	24	6231348	2097152	24	0	0	58589	0	
3145728	3145728	1014524	5216848	2097152	24	6231348	2097152	24	0	0	59700	0	
3145728	3145728	1014520	5216852	2097152	36	6231336	2097152	36	0	0	62070	0	
3145728	3145728	1014520	5216852	2097152	96	6231276	2097152	96	0	0	60019	0	
3145728	3145728	1014520	5216852	2097152	84	6231288	2097152	84	0	0	57812	0	
3145728	3145728	1014528	5216844	2097152	96	6231276	2097152	96	0	0	59527	0	
3145728	3145728	1014520	5216852	2097152	96	6231276	2097152	96	0	0	58248	0	
3145728	3145728	1014524	5216848	2097152	96	6231276	2097152	96	0	0	60761	0	
3145728	3145728	1014528	5216844	2097152	96	6231276	2097152	96	0	0	59493	0	
3145728	3145728	1014524	5216848	2097152	24	6231348	2097152	24	0	0	58285	0	
3145728	3145728	1014524	5216848	2097152	24	6231348	2097152	24	0	0	58618	0	
3145728	3145728	1014524	5216848	2097152	24	6231348	2097152	24	0	0	58618	0	
3145728	3145728	1014524	5216848	2097152	24	6231348	2097152	24	0	0	58787	0	
3145728	3145728	1014520	5216852	2097152	24	6231348	2097152	24	0	0	57699	0	
3145728	3145728	1014524	5216848	2097152	24	6231348	2097152	24	0	0	58116	0	
3145728	3145728	1014524	5216848	2097152	24	6231348	2097152	24	0	0	56983	0	
3145728	3145728	1014524	5216848	2097152	80	6231292	2097152	80	0	0	60182	0	
3145728	3145728	1014520	5216852	2097152	24	6231348	2097152	80	56	0	80499	70	
3145728	3145728	1014524	5216848	2097152	24	6231348	2097152	24	0	0	57332	0	
3145728	3145728	1014524	5216848	2097152	24	6231348	2097152	24	0	0	58392	0	
3145728	3145728	1014524	5216848	2097152	24	6231348	2097152	24	0	0	58037	0	
3145728	3145728	1014520	5216852	2097152	24	6231348	2097152	24	0	0	57285	0	
3145728	3145728	1014524	5216848	2097152	24	6231348	2097152	24	0	0	59037	0	
3145728	3145728	1014520	5216852	2097152	24	6231348	2097152	24	0	0	57841	0	
3145728	3145728	1014528	5216844	2097152	24	6231348	2097152	24	0	0	58699	0	
3145728	3145728	1014524	5216848	2097152	24	6231348	2097152	24	0	0	58414	0	
3145728	3145728	1014520	5216852	2097152	96	6231276	2097152	96	0	0	58553	0	
3145728	3145728	1014520	5216852	2097152	96	6231276	2097152	96	0	0	59203	0	
3145728	3145728	1014524	5216848	2097152	96	6231276	2097152	96	0	0	87124	0	
3145728	3145728	1014528	5216844	2097152	96	6231276	2097152	96	0	0	59989	0	
3145728	3145728	1014524	5216848	2097152	84	6231288	2097152	84	0	0	60224	0	
3145728	3145728	1014528	5216844	2097152	96	6231276	2097152	96	0	0	59244	0	
3145728	3145728	1014520	5216852	2097152	1092	6230280	2097152	1092	0	0	75709	0	
3145728	3145728	1014524	5216848	2097152	24	6231348	2097152	1020	996	0	83163	91	
3145728	3145728	1014524	5216848	2097152	24	6231348	2097152	24	0	0	57938	0	
3145728	3145728	1014524	5216848	2097152	24	6231348	2097152	24	0	0	58225	0	
3145728	3145728	1014524	5216848	2097152	24	6231348	2097152	24	0	0	59215	0	
3145728	3145728	1014524	5216848	2097152	24	6231348	2097152	24	0	0	60113	0	
3145728	3145728	1014524	5216848	2097152	24	6231348	2097152	24	0	0	58130	0	
3145728	3145728	1014520	5216852	2097152	24	6231348	2097152	24	0	0	58509	0	
3145728	3145728	1014524	5216848	2097152	24	6231348	2097152	24	0	0	60259	0	
3145728	3145728	1014524	5216848	2097152	292	6231080	2097152	292	0	0	75211	0	
3145728	3145728	1014524	5216848	2097152	24	6231348	2097152	292	268	0	79482	91	
3145728	3145728	1014524	5216848	2097152	24	6231348	2097152	24	0	0	58966	0	
3145728	3145728	1014520	5216852	2097152	24	6231348	2097152	24	0	0	57597	0	
3145728	3145728	1014528	5216844	2097152	24	6231348	2097152	24	0	0	58163	0	
3145728	3145728	1014524	5216848	2097152	24	6231348	2097152	24	0	0	57450	0	
3145728	3145728	1014520	5216852	2097152	24	6231348	2097152	24	0	0	56671	0	
3145728	3145728	1014524	5216848	2097152	24	6231348	2097152	24	0	0	58880	0	
3145728	3145728	1014520	5216852	2097152	24	6231348	2097152	24	0	0	61687	0	
3145728	3145728	1014520	5216852	2097152	84	6231288	2097152	84	0	0	59607	0	
3145728	3145728	1014520	5216852	2097152	96	6231276	2097152	96	0	0	60787	0	
3145728	3145728	1014528	5216844	2097152	84	6231288	2097152	84	0	0	59387	0	
3145728	3145728	1014520	5216852	2097152	96	6231276	2097152	96	0	0	57740	0	
3145728	3145728	1014524	5216848	2097152	84	6231288	2097152	84	0	0	59262	0	
3145728	3145728	1014528	5216844	2097152	84	6231288	2097152	84	0	0	57840	0	
3145728	3145728	1014524	5216848	2097152	24	6231348	2097152	24	0	0	59320	0	
3145728	3145728	1014524	5216848	2097152	24	6231348	2097152	24	0	0	58517	0	
3145728	3145728	1014524	5216848	2097152	24	6231348	2097152	24	0	0	59431	0	
3145728	3145728	1014524	5216848	2097152	24	6231348	2097152	24	0	0	58338	0	
3145728	3145728	1014520	5216852	2097152	24	6231348	2097152	24	0	0	58771	0	
3145728	3145728	1014524	5216848	2097152	24	6231348	2097152	24	0	0	58893	0	
3145728	3145728	1014524	5216848	2097152	24	6231348	2097152	24	0	0	60934	0	
3145728	3145728	1014524	5216848	2097152	24	6231348	2097152	24	0	0	58826	0	
3145728	3145728	1014524	5216848	2097152	24	6231348	2097152	24	0	0	57840	0	
3145728	3145728	1014524	5216848	2097152	24	6231348	2097152	24	0	0	55911	0	
3145728	3145728	1014524	5216848	2097152	108	6231264	2097152	108	0	0	76285	0	
3145728	3145728	1014524	5216848	2097152	24	6231348	2097152	108	84	0	81047	77	
3145728	3145728	1014520	5216852	2097152	24	6231348	2097152	24	0	0	59199	0	
3145728	3145728	1014524	5216848	2097152	24	6231348	2097152	24	0	0	58675	0	
3145728	3145728	1014520	5216852	2097152	24	6231348	2097152	24	0	0	59396	0	
3145728	3145728	1014528	5216844	2097152	24	6231348	2097152	24	0	0	58421	0	
3145728	3145728	1014524	5216848	2097152	24	6231348	2097152	24	0	0	59851	0	
3145728	3145728	1014520	5216852	2097152	96	6231276	2097152	96	0	0	59747	0	
3145728	3145728	1014520	5216852	2097152	96	6231276	2097152	96	0	0	58789	0	
3145728	3145728	1014524	5216848	2097152	96	6231276	2097152	96	0	0	96695	0	
3145728	3145728	1014528	5216844	2097152	1480	6229892	2097152	1480	0	0	80520	0	
3145728	3145728	1014520	5216852	2097152	96	6231276	2097152	1480	1384	0	85757	93	
3145728	3145728	1014528	5216844	2097152	96	6231276	2097152	96	0	0	58338	0	
3145728	3145728	1014520	5216852	2097152	96	6231276	2097152	96	0	0	59095	0	
3145728	3145728	1014528	5216844	2097152	304	6231068	2097152	304	0	0	71096	0	
3145728	3145728	1014524	5216848	2097152	24	6231348	2097152	304	280	0	80861	92	
3145728	3145728	1014520	5216852	2097152	24	6231348	2097152	24	0	0	57641	0	
3145728	3145728	1014524	5216848	2097152	24	6231348	2097152	24	0	0	59086	0	
3145728	3145728	1014524	5216848	2097152	24	6231348	2097152	24	0	0	58549	0	
3145728	3145728	1014524	5216848	2097152	24	6231348	2097152	24	0	0	58953	0	
3145728	3145728	1014524	5216848	2097152	24	6231348	2097152	24	0	0	59271	0	
3145728	3145728	1014520	5216852	2097152	24	6231348	2097152	24	0	0	59142	0	
3145728	3145728	1014524	5216848	2097152	24	6231348	2097152	24	0	0	58448	0	
3145728	3145728	1014524	5216848	2097152	24	6231348	2097152	24	0	0	58242	0	
3145728	3145728	1014524	5216848	2097152	24	6231348	2097152	24	0	0	58975	0	
3145728	3145728	1014520	5216852	2097152	24	6231348	2097152	24	0	0	59200	0	
3145728	3145728	1014528	5216844	2097152	24	6231348	2097152	24	0	0	58943	0	
3145728	3145728	1014524	5216848	2097152	24	6231348	2097152	24	0	0	57618	0	
3145728	3145728	1014520	5216852	2097152	24	6231348	2097152	24	0	0	56668	0	
3145728	3145728	1014528	5216844	2097152	24	6231348	2097152	24	0	0	101312	0	
3145728	3145728	1014512	5216860	2097152	676	6230696	2097152	676	0	0	65359	0	
3145728	3145728	1014520	5216852	2097152	96	6231276	2097152	96	0	0	59183	0	
3145728	3145728	1014520	5216852	2097152	96	6231276	2097152	96	0	0	60014	0	
3145728	3145728	1014524	5216848	2097152	96	6231276	2097152	96	0	0	58537	0	
3145728	3145728	1014520	5216852	2097152	96	6231276	2097152	96	0	0	58619	0	
3145728	3145728	1014524	5216848	2097152	96	6231276	2097152	96	0	0	58523	0	
3145728	3145728	1014528	5216844	2097152	96	6231276	2097152	96	0	0	57791	0	
3145728	3145728	1014520	5216852	2097152	84	6231288	2097152	84	0	0	59615	0	
3145728	3145728	1014524	5216848	2097152	24	6231348	2097152	24	0	0	57179	0	
3145728	3145728	1014524	5216848	2097152	24	6231348	2097152	24	0	0	58619	0	
3145728	3145728	1014524	5216848	2097152	24	6231348	2097152	24	0	0	57308	0	
3145728	3145728	1014524	5216848	2097152	24	6231348	2097152	24	0	0	58760	0	
3145728	3145728	1014520	5216852	2097152	24	6231348	2097152	24	0	0	59315	0	
3145728	3145728	1014524	5216848	2097152	24	6231348	2097152	24	0	0	58131	0	
3145728	3145728	1014524	5216848	2097152	24	6231348	2097152	24	0	0	57614	0	
3145728	3145728	1014524	5216848	2097152	24	6231348	2097152	24	0	0	56772	0	
3145728	3145728	1014524	5216848	2097152	24	6231348	2097152	24	0	0	59442	0	
3145728	3145728	1014524	5216848	2097152	24	6231348	2097152	24	0	0	58096	0	
3145728	3145728	1014524	5216848	2097152	24	6231348	2097152	24	0	0	61879	0	
3145728	3145728	1014520	5216852	2097152	24	6231348	2097152	24	0	0	58090	0	
3145728	3145728	1014528	5216844	2097152	24	6231348	2097152	24	0	0	58428	0	
3145728	3145728	1014520	5216852	2097152	24	6231348	2097152	24	0	0	58582	0	
3145728	3145728	1014528	5216844	2097152	24	6231348	2097152	24	0	0	59483	0	
3145728	3145728	1014524	5216848	2097152	24	6231348	2097152	24	0	0	58001	0	
3145728	3145728	1014520	5216852	2097152	60	6231312	2097152	60	0	0	60363	0	
3145728	3145728	1014520	5216852	2097152	84	6231288	2097152	84	0	0	60471	0	
3145728	3145728	1014524	5216848	2097152	96	6231276	2097152	96	0	0	57426	0	
3145728	3145728	1014528	5216844	2097152	96	6231276	2097152	96	0	0	59812	0	
3145728	3145728	1014520	5216852	2097152	96	6231276	2097152	96	0	0	58029	0	
3145728	3145728	1014528	5216844	2097152	96	6231276	2097152	96	0	0	60621	0	
3145728	3145728	1014520	5216852	2097152	96	6231276	2097152	96	0	0	58953	0	
3145728	3145728	1014524	5216848	2097152	24	6231348	2097152	24	0	0	59120	0	
3145728	3145728	1014524	5216848	2097152	24	6231348	2097152	24	0	0	59141	0	
3145728	3145728	1014520	5216852	2097152	24	6231348	2097152	24	0	0	59502	0	
3145728	3145728	1014524	5216848	2097152	24	6231348	2097152	24	0	0	59763	0	
3145728	3145728	1014524	5216848	2097152	24	6231348	2097152	24	0	0	59329	0	
3145728	3145728	1014524	5216848	2097152	24	6231348	2097152	24	0	0	59148	0	
3145728	3145728	1014520	5216852	2097152	24	6231348	2097152	24	0	0	58621	0	
3145728	3145728	1014524	5216848	2097152	24	6231348	2097152	24	0	0	59595	0	
3145728	3145728	1014524	5216848	2097152	24	6231348	2097152	24	0	0	59344	0	
3145728	3145728	1014524	5216848	2097152	24	6231348	2097152	24	0	0	59656	0	
3145728	3145728	1014524	5216848	2097152	24	6231348	2097152	24	0	0	59398	0	
3145728	3145728	1014520	5216852	2097152	24	6231348	2097152	24	0	0	59720	0	
3145728	3145728	1014528	5216844	2097152	24	6231348	2097152	24	0	0	58658	0	
3145728	3145728	1014524	5216848	2097152	24	6231348	2097152	24	0	0	58927	0	
3145728	3145728	8839852	8	9932800	24	8839836	2097152	7825356	7825332	0	1652275	32605550	
3145728	3145728	1014528	7825332	2097152	96	8839764	2097152	96	0	0	70061	0	
3145728	3145728	1014524	7825336	2097152	96	8839764	2097152	96	0	0	61713	0	
3145728	3145728	1014528	7825332	2097152	96	8839764	2097152	96	0	0	58839	0	
3145728	3145728	1014520	7825340	2097152	96	8839764	2097152	96	0	0	58955	0	
3145728	3145728	1014524	7825336	2097152	24	8839836	2097152	24	0	0	60863	0	
3145728	3145728	1014520	7825340	2097152	24	8839836	2097152	24	0	0	59066	0	
3145728	3145728	1014524	7825336	2097152	24	8839836	2097152	24	0	0	59267	0	
3145728	3145728	1014524	7825336	2097152	24	8839836	2097152	24	0	0	58476	0	
3145728	3145728	1014524	7825336	2097152	24	8839836	2097152	24	0	0	55960	0	
3145728	3145728	1014520	7825340	2097152	24	8839836	2097152	24	0	0	52758	0	
3145728	3145728	1014524	7825336	2097152	24	8839836	2097152	24	0	0	57712	0	
3145728	3145728	1014524	7825336	2097152	24	8839836	2097152	24	0	0	57561	0	
3145728	3145728	1014524	7825336	2097152	24	8839836	2097152	24	0	0	58701	0	
3145728	3145728	1014524	7825336	2097152	24	8839836	2097152	24	0	0	57155	0	
3145728	3145728	1014520	7825340	2097152	24	8839836	2097152	24	0	0	58689	0	
3145728	3145728	1014520	7825340	2097152	24	8839836	2097152	24	0	0	58376	0	
3145728	3145728	1014528	7825332	2097152	24	8839836	2097152	24	0	0	56931	0	
3145728	3145728	1014524	7825336	2097152	24	8839836	2097152	24	0	0	59104	0	
3145728	3145728	1014528	7825332	2097152	24	8839836	2097152	24	0	0	57052	0	
3145728	3145728	1014524	7825336	2097152	24	8839836	2097152	24	0	0	58387	0	
3145728	3145728	1014520	7825340	2097152	60	8839800	2097152	60	0	0	61032	0	
3145728	3145728	1014520	7825340	2097152	196	8839664	2097152	196	0	0	61696	0	
3145728	3145728	1014524	7825336	2097152	96	8839764	2097152	196	100	0	71564	51	
3145728	3145728	1014528	7825332	2097152	84	8839776	2097152	84	0	0	60001	0	
3145728	3145728	1014520	7825340	2097152	96	8839764	2097152	96	0	0	60523	0	
3145728	3145728	1014524	7825336	2097152	96	8839764	2097152	96	0	0	60582	0	
3145728	3145728	1014528	7825332	2097152	96	8839764	2097152	96	0	0	59071	0	
3145728	3145728	1014524	7825336	2097152	24	8839836	2097152	24	0	0	58547	0	
3145728	3145728	1014524	7825336	2097152	24	8839836	2097152	24	0	0	59898	0	
3145728	3145728	1014524	7825336	2097152	24	8839836	2097152	24	0	0	57175	0	
3145728	3145728	1014520	7825340	2097152	24	8839836	2097152	24	0	0	59963	0	
3145728	3145728	1014524	7825336	2097152	24	8839836	2097152	24	0	0	58743	0	
3145728	3145728	1014524	7825336	2097152	24	8839836	2097152	24	0	0	58977	0	
3145728	3145728	1014524	7825336	2097152	24	8839836	2097152	24	0	0	58911	0	
3145728	3145728	1014524	7825336	2097152	24	8839836	2097152	24	0	0	59501	0	
3145728	3145728	1014520	7825340	2097152	24	8839836	2097152	24	0	0	58135	0	
3145728	3145728	1014524	7825336	2097152	24	8839836	2097152	24	0	0	55327	0	
3145728	3145728	1014524	7825336	2097152	24	8839836	2097152	24	0	0	58638	0	
3145728	3145728	1014524	7825336	2097152	24	8839836	2097152	24	0	0	56842	0	
3145728	3145728	1014528	7825332	2097152	24	8839836	2097152	24	0	0	59667	0	
3145728	3145728	1014524	7825336	2097152	24	8839836	2097152	24	0	0	57703	0	
3145728	3145728	1014520	7825340	2097152	24	8839836	2097152	24	0	0	58604	0	
3145728	3145728	1014528	7825332	2097152	24	8839836	2097152	24	0	0	58392	0	
3145728	3145728	1014524	7825336	2097152	24	8839836	2097152	24	0	0	59527	0	
3145728	3145728	1014520	7825340	2097152	960	8838900	2097152	960	0	0	55007	0	
3145728	3145728	1014520	7825340	2097152	96	8839764	2097152	960	864	0	61688	90	
3145728	3145728	1014524	7825336	2097152	96	8839764	2097152	96	0	0	58664	0	
3145728	3145728	1014528	7825332	2097152	96	8839764	2097152	96	0	0	57866	0	
3145728	3145728	1014524	7825336	2097152	96	8839764	2097152	96	0	0	59205	0	
3145728	3145728	1014528	7825332	2097152	96	8839764	2097152	96	0	0	57510	0	
3145728	3145728	1014520	7825340	2097152	96	8839764	2097152	96	0	0	58034	0	
3145728	3145728	1014520	7825340	2097152	24	8839836	2097152	24	0	0	57877	0	
3145728	3145728	1014524	7825336	2097152	24	8839836	2097152	24	0	0	57715	0	
3145728	3145728	1014524	7825336	2097152	24	8839836	2097152	24	0	0	56672	0	
3145728	3145728	1014524	7825336	2097152	24	8839836	2097152	24	0	0	57897	0	
