b_initial_y_size_0	b_max_y_size_1	b_used_2	b_available_3	b_committed_4	a_used_5	a_available_6	a_committed_7	a_survived_8	a_promoted_9	a_copied_10	a_time_in_ns_11	promotion_rate_12
1572864	1572864	507260	4999824	1048576	296	5506788	1048576	56884	56588	0	144141	99	
1572864	1572864	507264	4999820	1048576	696	5506388	1048576	764	68	0	84560	22	
1572864	1572864	507264	4999820	1048576	1228	5505856	1048576	1228	0	0	172911	0	
1572864	1572864	507264	4999820	1048576	1348	5505736	1048576	1348	0	0	71112	0	
1572864	1572864	507264	4999820	1048576	1832	5505252	1048576	1856	24	0	65212	1	
1572864	1572864	507264	4999820	1048576	1224	5505860	1048576	2776	1552	0	112476	84	
1572864	1572864	507264	4999820	1048576	264	5506820	1048576	1092	828	0	69189	67	
1572864	1572864	507260	4999824	1048576	3096	5503988	1048576	3096	0	0	65472	0	
1572864	1572864	507264	4999820	1048576	4440	5502644	1048576	4736	296	0	122492	9	
1572864	1572864	507260	4999824	1048576	11584	5495500	1048576	11796	212	0	73147	4	
1572864	1572864	507264	4999820	1048576	84	5507000	1048576	11440	11356	0	83259	98	
1572864	1572864	507264	4999820	1048576	276	5506808	1048576	276	0	0	75027	0	
1572864	1572864	507264	4999820	1048576	672	5506412	1048576	672	0	0	125118	0	
1572864	1572864	507264	4999820	1048576	8064	5499020	1048576	8400	336	0	54346	50	
1572864	1572864	507264	4999820	1048576	264	5506820	1048576	8076	7812	0	50307	96	
1572864	1572864	507264	4999820	1048576	336	5506748	1048576	336	0	0	37787	0	
1572864	1572864	507264	4999820	1048576	264	5506820	1048576	264	0	0	40873	0	
1572864	1572864	507264	4999820	1048576	1600	5505484	1048576	1600	0	0	59141	0	
1572864	1572864	507264	4999820	1048576	132	5506952	1048576	1540	1408	0	48923	88	
1572864	1572864	507264	4999820	1048576	120	5506964	1048576	120	0	0	29207	0	
1572864	1572864	507264	4999820	1048576	72	5507012	1048576	72	0	0	33573	0	
1572864	1572864	507264	4999820	1048576	204	5506880	1048576	204	0	0	82519	0	
1572864	1572864	507256	4999828	1048576	2236	5504848	1048576	2236	0	0	77040	0	
1572864	1572864	507264	4999820	1048576	740	5506344	1048576	2376	1636	0	57065	73	
1572864	1572864	507264	4999820	1048576	444	5506640	1048576	728	284	0	73972	38	
1572864	1572864	507264	4999820	1048576	468	5506616	1048576	468	0	0	45622	0	
1572864	1572864	507264	4999820	1048576	396	5506688	1048576	396	0	0	44879	0	
1572864	1572864	507264	4999820	1048576	444	5506640	1048576	444	0	0	36001	0	
1572864	1572864	507264	4999820	1048576	456	5506628	1048576	456	0	0	50713	0	
1572864	1572864	507264	4999820	1048576	396	5506688	1048576	396	0	0	61308	0	
1572864	1572864	507264	4999820	1048576	1056	5506028	1048576	1056	0	0	55217	0	
1572864	1572864	507264	4999820	1048576	448	5506636	1048576	1048	600	0	47745	56	
1572864	1572864	507264	4999820	1048576	588	5506496	1048576	616	28	0	83696	6	
1572864	1572864	507264	4999820	1048576	432	5506652	1048576	600	168	0	44045	28	
1572864	1572864	507264	4999820	1048576	420	5506664	1048576	420	0	0	36003	0	
1572864	1572864	507264	4999820	1048576	500	5506584	1048576	500	0	0	63233	0	
1572864	1572864	507264	4999820	1048576	204	5506880	1048576	620	416	0	58242	83	
1572864	1572864	507264	4999820	1048576	140	5506944	1048576	296	156	0	46093	76	
1572864	1572864	507256	4999828	1048576	904	5506180	1048576	960	56	0	50023	40	
1572864	1572864	507264	4999820	1048576	132	5506952	1048576	952	820	0	87261	90	
1572864	1572864	507256	4999828	1048576	172	5506912	1048576	220	48	0	43110	36	
1572864	1572864	507260	4999824	1048576	168	5506916	1048576	196	28	0	57079	16	
1572864	1572864	507264	4999820	1048576	2052	5505032	1048576	2100	48	0	57352	28	
1572864	1572864	507256	4999828	1048576	976	5506108	1048576	2944	1968	0	90910	95	
1572864	1572864	507260	4999824	1048576	912	5506172	1048576	1624	712	0	100872	72	
1572864	1572864	507264	4999820	1048576	1084	5506000	1048576	1612	528	0	95826	57	
1572864	1572864	507264	4999820	1048576	44552	5462532	1048576	14768	880	0	76705	81	
1572864	1572864	499436	5007648	1048576	1276	5505808	1048576	14852	13576	0	79711	97	
1572864	1572864	507260	4999824	1048576	59444	5447640	1048576	28044	1176	0	70816	92	
1572864	1572864	507260	4999824	1048576	588	5506496	1048576	27320	26732	0	110059	99	
1572864	1572864	507260	4999824	1048576	72848	5434236	1048576	40776	476	0	72954	80	
1572864	1572864	507264	4999820	1048576	2052	5505032	1048576	42240	40188	0	96313	99	
1572864	1572864	507264	4999820	1048576	72	5507012	1048576	2052	1980	0	67732	96	
1572864	1572864	507264	4999820	1048576	92952	5414132	1048576	60256	0	0	73573	0	
1572864	1572864	507256	4999828	1048576	72	5507012	1048576	60256	60184	0	105590	99	
1572864	1572864	507256	4999828	1048576	96	5506988	1048576	96	0	0	61969	0	
1572864	1572864	507264	4999820	1048576	72	5507012	1048576	72	0	0	64443	0	
1572864	1572864	507260	4999824	1048576	123108	5383976	1048576	90412	0	0	87186	0	
1572864	1572864	507264	4999820	1048576	72	5507012	1048576	90412	90340	0	133586	99	
1572864	1572864	507256	4999828	1048576	472	5506612	1048576	472	0	0	59783	0	
1572864	1572864	507256	4999828	1048576	72	5507012	1048576	460	388	0	70588	82	
1572864	1572864	507264	4999820	1048576	424	5506660	1048576	424	0	0	82474	0	
1572864	1572864	507260	4999824	1048576	128	5506956	1048576	480	352	0	70139	83	
1572864	1572864	642840	4864244	1196032	24	5507060	1048576	135656	135632	0	98408	105962	
1572864	1572864	507260	4999824	1048576	1284	5505800	1048576	1284	0	0	59291	0	
1572864	1572864	507264	4999820	1048576	72	5507012	1048576	1260	1188	0	80696	92	
1572864	1572864	507256	4999828	1048576	36	5507048	1048576	36	0	0	69290	0	
1572864	1572864	507264	4999820	1048576	72	5507012	1048576	72	0	0	67554	0	
1572864	1572864	507256	4999828	1048576	568	5506516	1048576	568	0	0	65401	0	
1572864	1572864	507264	4999820	1048576	72	5507012	1048576	400	328	0	68410	57	
1572864	1572864	507260	4999824	1048576	72	5507012	1048576	72	0	0	84591	0	
1572864	1572864	710692	4796392	1261568	400	5506684	1048576	203828	203428	0	108761	282538	
1572864	1572864	507264	4999820	1048576	60	5507024	1048576	364	304	0	69669	76	
1572864	1572864	507256	4999828	1048576	768	5506316	1048576	768	0	0	60624	0	
1572864	1572864	507260	4999824	1048576	24	5507060	1048576	696	672	0	91679	87	
1572864	1572864	507256	4999828	1048576	96	5506988	1048576	96	0	0	58753	0	
1572864	1572864	507260	4999824	1048576	24	5507060	1048576	24	0	0	62400	0	
1572864	1572864	507256	4999828	1048576	84	5507000	1048576	84	0	0	58737	0	
1572864	1572864	507260	4999824	1048576	24	5507060	1048576	24	0	0	63572	0	
1572864	1572864	507256	4999828	1048576	84	5507000	1048576	84	0	0	59645	0	
1572864	1572864	507260	4999824	1048576	1312	5505772	1048576	1312	0	0	64124	0	
1572864	1572864	507256	4999828	1048576	84	5507000	1048576	1372	1288	0	91732	98	
1572864	1572864	812472	4694612	1363968	24	5507060	1048576	305232	305208	0	172162	363342	
1572864	1572864	507256	4999828	1048576	96	5506988	1048576	96	0	0	63732	0	
1572864	1572864	507260	4999824	1048576	24	5507060	1048576	24	0	0	65319	0	
1572864	1572864	507264	4999820	1048576	1012	5506072	1048576	1012	0	0	62457	0	
1572864	1572864	507260	4999824	1048576	24	5507060	1048576	940	916	0	70929	90	
1572864	1572864	507260	4999824	1048576	168	5506916	1048576	168	0	0	58734	0	
1572864	1572864	507260	4999824	1048576	24	5507060	1048576	96	72	0	67037	42	
1572864	1572864	507264	4999820	1048576	96	5506988	1048576	96	0	0	61666	0	
1572864	1572864	507256	4999828	1048576	24	5507060	1048576	24	0	0	62809	0	
1572864	1572864	507264	4999820	1048576	96	5506988	1048576	96	0	0	61550	0	
1572864	1572864	507260	4999824	1048576	24	5507060	1048576	24	0	0	60963	0	
1572864	1572864	507256	4999828	1048576	96	5506988	1048576	96	0	0	63620	0	
1572864	1572864	507256	4999828	1048576	24	5507060	1048576	24	0	0	60484	0	
1572864	1572864	507260	4999824	1048576	24	5507060	1048576	24	0	0	61210	0	
1572864	1572864	507256	4999828	1048576	928	5506156	1048576	928	0	0	66613	0	
1572864	1572864	507260	4999824	1048576	24	5507060	1048576	928	904	0	66238	97	
1572864	1572864	507264	4999820	1048576	24	5507060	1048576	24	0	0	59896	0	
1572864	1572864	965136	4541948	1515520	24	5507060	1048576	457900	457876	0	154770	1907816	
1572864	1572864	507264	4999820	1048576	24	5507060	1048576	24	0	0	68098	0	
1572864	1572864	507260	4999824	1048576	24	5507060	1048576	24	0	0	65820	0	
1572864	1572864	507260	4999824	1048576	24	5507060	1048576	24	0	0	65953	0	
1572864	1572864	507260	4999824	1048576	24	5507060	1048576	24	0	0	64567	0	
1572864	1572864	507256	4999828	1048576	24	5507060	1048576	24	0	0	67485	0	
1572864	1572864	507260	4999824	1048576	24	5507060	1048576	24	0	0	62600	0	
1572864	1572864	507256	4999828	1048576	24	5507060	1048576	24	0	0	63439	0	
1572864	1572864	507260	4999824	1048576	24	5507060	1048576	24	0	0	100316	0	
1572864	1572864	507264	4999820	1048576	24	5507060	1048576	24	0	0	78672	0	
1572864	1572864	507260	4999824	1048576	24	5507060	1048576	24	0	0	83057	0	
1572864	1572864	507264	4999820	1048576	24	5507060	1048576	24	0	0	62374	0	
1572864	1572864	507260	4999824	1048576	24	5507060	1048576	24	0	0	64887	0	
1572864	1572864	507260	4999824	1048576	24	5507060	1048576	24	0	0	64212	0	
1572864	1572864	507260	4999824	1048576	24	5507060	1048576	24	0	0	62553	0	
1572864	1572864	507252	4999832	1048576	836	5506248	1048576	836	0	0	63658	0	
1572864	1572864	507260	4999824	1048576	24	5507060	1048576	24	0	0	61361	0	
1572864	1572864	507256	4999828	1048576	60	5507024	1048576	60	0	0	57978	0	
1572864	1572864	507260	4999824	1048576	24	5507060	1048576	24	0	0	59932	0	
1572864	1572864	507256	4999828	1048576	96	5506988	1048576	96	0	0	59565	0	
1572864	1572864	507260	4999824	1048576	24	5507060	1048576	24	0	0	62118	0	
1572864	1572864	507256	4999828	1048576	96	5506988	1048576	96	0	0	59202	0	
1572864	1572864	507260	4999824	1048576	24	5507060	1048576	24	0	0	60949	0	
1572864	1572864	507256	4999828	1048576	96	5506988	1048576	96	0	0	62067	0	
1572864	1572864	507260	4999824	1048576	24	5507060	1048576	24	0	0	61435	0	
1572864	1572864	507260	4999824	1048576	96	5506988	1048576	96	0	0	60088	0	
1572864	1572864	1194140	4312944	1744896	24	5507060	1048576	686904	686880	0	206068	715500	
1572864	1572864	507264	4999820	1048576	96	5506988	1048576	96	0	0	62393	0	
1572864	1572864	507260	4999824	1048576	24	5507060	1048576	24	0	0	64941	0	
1572864	1572864	507264	4999820	1048576	96	5506988	1048576	96	0	0	62103	0	
1572864	1572864	507260	4999824	1048576	24	5507060	1048576	24	0	0	64166	0	
1572864	1572864	507256	4999828	1048576	96	5506988	1048576	96	0	0	62873	0	
1572864	1572864	507260	4999824	1048576	24	5507060	1048576	24	0	0	63901	0	
1572864	1572864	507256	4999828	1048576	96	5506988	1048576	96	0	0	63538	0	
1572864	1572864	507260	4999824	1048576	24	5507060	1048576	24	0	0	64620	0	
1572864	1572864	507260	4999824	1048576	84	5507000	1048576	84	0	0	61964	0	
1572864	1572864	507260	4999824	1048576	24	5507060	1048576	24	0	0	62086	0	
1572864	1572864	507264	4999820	1048576	84	5507000	1048576	84	0	0	63097	0	
1572864	1572864	507260	4999824	1048576	24	5507060	1048576	24	0	0	64741	0	
1572864	1572864	507264	4999820	1048576	84	5507000	1048576	84	0	0	65032	0	
1572864	1572864	507260	4999824	1048576	24	5507060	1048576	24	0	0	64202	0	
1572864	1572864	507256	4999828	1048576	96	5506988	1048576	96	0	0	66041	0	
1572864	1572864	507260	4999824	1048576	24	5507060	1048576	24	0	0	63795	0	
1572864	1572864	507256	4999828	1048576	96	5506988	1048576	96	0	0	64294	0	
1572864	1572864	507256	4999828	1048576	24	5507060	1048576	24	0	0	63038	0	
1572864	1572864	507260	4999824	1048576	24	5507060	1048576	24	0	0	64451	0	
1572864	1572864	507264	4999820	1048576	24	5507060	1048576	24	0	0	65330	0	
1572864	1572864	507260	4999824	1048576	24	5507060	1048576	24	0	0	62312	0	
1572864	1572864	507264	4999820	1048576	24	5507060	1048576	24	0	0	61975	0	
1572864	1572864	507260	4999824	1048576	24	5507060	1048576	24	0	0	61561	0	
1572864	1572864	507260	4999824	1048576	24	5507060	1048576	24	0	0	64091	0	
1572864	1572864	507260	4999824	1048576	24	5507060	1048576	24	0	0	75336	0	
1572864	1572864	507256	4999828	1048576	24	5507060	1048576	24	0	0	63103	0	
1572864	1572864	507260	4999824	1048576	24	5507060	1048576	24	0	0	62366	0	
1572864	1572864	507256	4999828	1048576	24	5507060	1048576	24	0	0	62453	0	
1572864	1572864	507260	4999824	1048576	24	5507060	1048576	24	0	0	65091	0	
1572864	1572864	507264	4999820	1048576	24	5507060	1048576	24	0	0	63713	0	
1572864	1572864	507260	4999824	1048576	24	5507060	1048576	24	0	0	65168	0	
1572864	1572864	507260	4999824	1048576	24	5507060	1048576	24	0	0	62469	0	
1572864	1572864	507260	4999824	1048576	24	5507060	1048576	24	0	0	60662	0	
1572864	1572864	507260	4999824	1048576	24	5507060	1048576	24	0	0	65481	0	
1572864	1572864	507260	4999824	1048576	24	5507060	1048576	24	0	0	61258	0	
1572864	1572864	507256	4999828	1048576	60	5507024	1048576	60	0	0	63828	0	
1572864	1572864	507260	4999824	1048576	24	5507060	1048576	24	0	0	60916	0	
1572864	1572864	507256	4999828	1048576	96	5506988	1048576	96	0	0	62893	0	
1572864	1572864	1537644	3969440	2088960	24	5507060	1048576	1030408	1030384	0	275804	1073316	
1572864	1572864	507256	4999828	1048576	84	5507000	1048576	84	0	0	63346	0	
1572864	1572864	507260	4999824	1048576	24	5507060	1048576	24	0	0	64205	0	
1572864	1572864	507256	4999828	1048576	84	5507000	1048576	84	0	0	59943	0	
1572864	1572864	507260	4999824	1048576	24	5507060	1048576	24	0	0	65299	0	
1572864	1572864	507260	4999824	1048576	84	5507000	1048576	84	0	0	69686	0	
1572864	1572864	507260	4999824	1048576	24	5507060	1048576	24	0	0	64634	0	
1572864	1572864	507264	4999820	1048576	96	5506988	1048576	96	0	0	61026	0	
1572864	1572864	507260	4999824	1048576	24	5507060	1048576	24	0	0	90547	0	
1572864	1572864	507264	4999820	1048576	96	5506988	1048576	96	0	0	71750	0	
1572864	1572864	507260	4999824	1048576	24	5507060	1048576	24	0	0	68471	0	
1572864	1572864	507256	4999828	1048576	96	5506988	1048576	96	0	0	67063	0	
1572864	1572864	507260	4999824	1048576	24	5507060	1048576	24	0	0	72162	0	
1572864	1572864	507260	4999824	1048576	96	5506988	1048576	96	0	0	64896	0	
1572864	1572864	507260	4999824	1048576	24	5507060	1048576	24	0	0	65884	0	
1572864	1572864	507260	4999824	1048576	96	5506988	1048576	96	0	0	62690	0	
1572864	1572864	507260	4999824	1048576	24	5507060	1048576	24	0	0	67879	0	
1572864	1572864	507264	4999820	1048576	96	5506988	1048576	96	0	0	65482	0	
1572864	1572864	507256	4999828	1048576	24	5507060	1048576	24	0	0	66863	0	
1572864	1572864	507256	4999828	1048576	96	5506988	1048576	96	0	0	66893	0	
1572864	1572864	507260	4999824	1048576	24	5507060	1048576	24	0	0	66371	0	
1572864	1572864	507256	4999828	1048576	96	5506988	1048576	96	0	0	62852	0	
1572864	1572864	507256	4999828	1048576	24	5507060	1048576	24	0	0	64888	0	
1572864	1572864	507260	4999824	1048576	24	5507060	1048576	24	0	0	64755	0	
1572864	1572864	507264	4999820	1048576	24	5507060	1048576	24	0	0	63565	0	
1572864	1572864	507260	4999824	1048576	24	5507060	1048576	24	0	0	62257	0	
1572864	1572864	507264	4999820	1048576	24	5507060	1048576	24	0	0	62114	0	
1572864	1572864	507260	4999824	1048576	24	5507060	1048576	24	0	0	62381	0	
1572864	1572864	507260	4999824	1048576	24	5507060	1048576	24	0	0	61326	0	
1572864	1572864	507260	4999824	1048576	24	5507060	1048576	24	0	0	62425	0	
1572864	1572864	507256	4999828	1048576	24	5507060	1048576	24	0	0	66809	0	
1572864	1572864	507260	4999824	1048576	24	5507060	1048576	24	0	0	62271	0	
1572864	1572864	507256	4999828	1048576	24	5507060	1048576	24	0	0	59530	0	
1572864	1572864	507260	4999824	1048576	24	5507060	1048576	24	0	0	65955	0	
1572864	1572864	507264	4999820	1048576	24	5507060	1048576	24	0	0	63354	0	
1572864	1572864	507260	4999824	1048576	24	5507060	1048576	24	0	0	60186	0	
1572864	1572864	507260	4999824	1048576	24	5507060	1048576	24	0	0	60843	0	
1572864	1572864	507260	4999824	1048576	24	5507060	1048576	24	0	0	60113	0	
1572864	1572864	507260	4999824	1048576	24	5507060	1048576	24	0	0	60395	0	
1572864	1572864	507260	4999824	1048576	24	5507060	1048576	24	0	0	59822	0	
1572864	1572864	507256	4999828	1048576	48	5507036	1048576	48	0	0	60732	0	
1572864	1572864	507260	4999824	1048576	24	5507060	1048576	24	0	0	62167	0	
1572864	1572864	507256	4999828	1048576	84	5507000	1048576	84	0	0	59714	0	
1572864	1572864	507260	4999824	1048576	24	5507060	1048576	24	0	0	60098	0	
1572864	1572864	507256	4999828	1048576	96	5506988	1048576	96	0	0	60526	0	
1572864	1572864	507260	4999824	1048576	24	5507060	1048576	24	0	0	91765	0	
1572864	1572864	507256	4999828	1048576	96	5506988	1048576	96	0	0	57943	0	
1572864	1572864	507260	4999824	1048576	24	5507060	1048576	24	0	0	79502	0	
1572864	1572864	507260	4999824	1048576	96	5506988	1048576	96	0	0	58063	0	
1572864	1572864	507260	4999824	1048576	24	5507060	1048576	24	0	0	77243	0	
1572864	1572864	507264	4999820	1048576	924	5506160	1048576	924	0	0	58314	0	
1572864	1572864	507260	4999824	1048576	24	5507060	1048576	852	828	0	68057	89	
1572864	1572864	507264	4999820	1048576	96	5506988	1048576	96	0	0	58754	0	
1572864	1572864	507260	4999824	1048576	24	5507060	1048576	24	0	0	60590	0	
1572864	1572864	507256	4999828	1048576	96	5506988	1048576	96	0	0	79815	0	
1572864	1572864	507260	4999824	1048576	24	5507060	1048576	24	0	0	59495	0	
1572864	1572864	507260	4999824	1048576	96	5506988	1048576	96	0	0	60978	0	
1572864	1572864	507260	4999824	1048576	24	5507060	1048576	24	0	0	64178	0	
1572864	1572864	2052900	3454184	2605056	96	5506988	1048576	1545736	1545640	0	377742	6440166	
1572864	1572864	507260	4999824	1048576	24	5507060	1048576	24	0	0	62288	0	
1572864	1572864	507264	4999820	1048576	96	5506988	1048576	96	0	0	64062	0	
1572864	1572864	507256	4999828	1048576	24	5507060	1048576	24	0	0	59376	0	
1572864	1572864	507256	4999828	1048576	96	5506988	1048576	96	0	0	57977	0	
1572864	1572864	507260	4999824	1048576	24	5507060	1048576	24	0	0	59587	0	
1572864	1572864	507256	4999828	1048576	96	5506988	1048576	96	0	0	54419	0	
1572864	1572864	507256	4999828	1048576	24	5507060	1048576	24	0	0	44645	0	
1572864	1572864	507260	4999824	1048576	24	5507060	1048576	24	0	0	49226	0	
1572864	1572864	507264	4999820	1048576	24	5507060	1048576	24	0	0	43201	0	
1572864	1572864	507260	4999824	1048576	24	5507060	1048576	24	0	0	49194	0	
1572864	1572864	507264	4999820	1048576	24	5507060	1048576	24	0	0	41445	0	
1572864	1572864	507260	4999824	1048576	24	5507060	1048576	24	0	0	54550	0	
1572864	1572864	507260	4999824	1048576	24	5507060	1048576	24	0	0	44627	0	
1572864	1572864	507260	4999824	1048576	24	5507060	1048576	24	0	0	49434	0	
1572864	1572864	507256	4999828	1048576	24	5507060	1048576	24	0	0	45169	0	
1572864	1572864	507260	4999824	1048576	24	5507060	1048576	24	0	0	51860	0	
1572864	1572864	507256	4999828	1048576	24	5507060	1048576	24	0	0	46460	0	
1572864	1572864	507260	4999824	1048576	24	5507060	1048576	24	0	0	50188	0	
1572864	1572864	507264	4999820	1048576	24	5507060	1048576	24	0	0	45154	0	
1572864	1572864	507260	4999824	1048576	24	5507060	1048576	24	0	0	52173	0	
1572864	1572864	507260	4999824	1048576	24	5507060	1048576	24	0	0	45511	0	
1572864	1572864	507260	4999824	1048576	24	5507060	1048576	24	0	0	51596	0	
1572864	1572864	507260	4999824	1048576	24	5507060	1048576	24	0	0	47191	0	
1572864	1572864	507260	4999824	1048576	24	5507060	1048576	24	0	0	51682	0	
1572864	1572864	507260	4999824	1048576	136	5506948	1048576	136	0	0	54635	0	
1572864	1572864	507260	4999824	1048576	24	5507060	1048576	100	76	0	50801	55	
1572864	1572864	507256	4999828	1048576	96	5506988	1048576	96	0	0	58498	0	
1572864	1572864	507260	4999824	1048576	24	5507060	1048576	24	0	0	47963	0	
1572864	1572864	507256	4999828	1048576	96	5506988	1048576	96	0	0	52906	0	
1572864	1572864	507260	4999824	1048576	24	5507060	1048576	24	0	0	45197	0	
1572864	1572864	507256	4999828	1048576	96	5506988	1048576	96	0	0	61684	0	
1572864	1572864	507260	4999824	1048576	24	5507060	1048576	24	0	0	49661	0	
1572864	1572864	507260	4999824	1048576	96	5506988	1048576	96	0	0	50717	0	
1572864	1572864	507260	4999824	1048576	24	5507060	1048576	24	0	0	83787	0	
1572864	1572864	507264	4999820	1048576	84	5507000	1048576	84	0	0	49710	0	
1572864	1572864	507260	4999824	1048576	24	5507060	1048576	24	0	0	37594	0	
1572864	1572864	507264	4999820	1048576	96	5506988	1048576	96	0	0	47205	0	
1572864	1572864	507260	4999824	1048576	24	5507060	1048576	24	0	0	36412	0	
1572864	1572864	507256	4999828	1048576	96	5506988	1048576	96	0	0	58506	0	
1572864	1572864	507260	4999824	1048576	24	5507060	1048576	24	0	0	61745	0	
1572864	1572864	507260	4999824	1048576	96	5506988	1048576	96	0	0	60394	0	
1572864	1572864	507260	4999824	1048576	24	5507060	1048576	24	0	0	39540	0	
1572864	1572864	507260	4999824	1048576	96	5506988	1048576	96	0	0	44247	0	
1572864	1572864	507260	4999824	1048576	24	5507060	1048576	24	0	0	37714	0	
1572864	1572864	507264	4999820	1048576	96	5506988	1048576	96	0	0	45857	0	
1572864	1572864	507256	4999828	1048576	24	5507060	1048576	24	0	0	44620	0	
1572864	1572864	507256	4999828	1048576	96	5506988	1048576	96	0	0	64250	0	
1572864	1572864	507260	4999824	1048576	24	5507060	1048576	24	0	0	40473	0	
1572864	1572864	507256	4999828	1048576	96	5506988	1048576	96	0	0	47073	0	
1572864	1572864	507256	4999828	1048576	24	5507060	1048576	24	0	0	39312	0	
1572864	1572864	507260	4999824	1048576	24	5507060	1048576	24	0	0	46309	0	
1572864	1572864	507264	4999820	1048576	24	5507060	1048576	24	0	0	38669	0	
1572864	1572864	507260	4999824	1048576	24	5507060	1048576	24	0	0	47769	0	
1572864	1572864	507264	4999820	1048576	24	5507060	1048576	24	0	0	39905	0	
1572864	1572864	507260	4999824	1048576	24	5507060	1048576	24	0	0	46825	0	
1572864	1572864	507260	4999824	1048576	24	5507060	1048576	24	0	0	40174	0	
1572864	1572864	507260	4999824	1048576	24	5507060	1048576	24	0	0	47860	0	
1572864	1572864	507256	4999828	1048576	24	5507060	1048576	24	0	0	38565	0	
1572864	1572864	507260	4999824	1048576	24	5507060	1048576	24	0	0	46253	0	
1572864	1572864	507256	4999828	1048576	24	5507060	1048576	24	0	0	38409	0	
1572864	1572864	507260	4999824	1048576	24	5507060	1048576	24	0	0	46442	0	
1572864	1572864	507264	4999820	1048576	24	5507060	1048576	24	0	0	39801	0	
1572864	1572864	507260	4999824	1048576	24	5507060	1048576	24	0	0	50787	0	
1572864	1572864	507260	4999824	1048576	324	5506760	1048576	324	0	0	46203	0	
1572864	1572864	507264	4999820	1048576	24	5507060	1048576	324	300	0	54540	92	
1572864	1572864	507260	4999824	1048576	24	5507060	1048576	24	0	0	40535	0	
1572864	1572864	507264	4999820	1048576	24	5507060	1048576	24	0	0	48305	0	
1572864	1572864	507260	4999824	1048576	60	5507024	1048576	60	0	0	50325	0	
1572864	1572864	507264	4999820	1048576	24	5507060	1048576	24	0	0	37520	0	
1572864	1572864	507260	4999824	1048576	96	5506988	1048576	96	0	0	43430	0	
1572864	1572864	507264	4999820	1048576	24	5507060	1048576	24	0	0	37495	0	
1572864	1572864	507260	4999824	1048576	96	5506988	1048576	96	0	0	46937	0	
1572864	1572864	507264	4999820	1048576	24	5507060	1048576	24	0	0	36180	0	
1572864	1572864	507264	4999820	1048576	96	5506988	1048576	96	0	0	43424	0	
1572864	1572864	507264	4999820	1048576	24	5507060	1048576	24	0	0	36938	0	
1572864	1572864	507264	4999820	1048576	96	5506988	1048576	96	0	0	42940	0	
1572864	1572864	507264	4999820	1048576	24	5507060	1048576	24	0	0	36834	0	
1572864	1572864	507256	4999828	1048576	96	5506988	1048576	96	0	0	45566	0	
1572864	1572864	507264	4999820	1048576	24	5507060	1048576	24	0	0	37334	0	
1572864	1572864	507260	4999824	1048576	96	5506988	1048576	96	0	0	44450	0	
1572864	1572864	507264	4999820	1048576	24	5507060	1048576	24	0	0	37760	0	
1572864	1572864	507264	4999820	1048576	96	5506988	1048576	96	0	0	47640	0	
1572864	1572864	507264	4999820	1048576	12	5507072	1048576	12	0	0	48231	0	
1572864	1572864	507256	4999828	1048576	96	5506988	1048576	96	0	0	56065	0	
1572864	1572864	507264	4999820	1048576	24	5507060	1048576	24	0	0	36920	0	
1572864	1572864	507256	4999828	1048576	96	5506988	1048576	96	0	0	49578	0	
1572864	1572864	2825784	2681300	3379200	24	5507060	1048576	2318548	2318524	0	567034	2415129	
1572864	1572864	507264	4999820	1048576	1036	5506048	1048576	1036	0	0	62257	0	
1572864	1572864	507260	4999824	1048576	24	5507060	1048576	1036	1012	0	50756	97	
1572864	1572864	507264	4999820	1048576	24	5507060	1048576	24	0	0	45770	0	
1572864	1572864	507260	4999824	1048576	60	5507024	1048576	60	0	0	47546	0	
1572864	1572864	507264	4999820	1048576	24	5507060	1048576	24	0	0	36586	0	
1572864	1572864	507260	4999824	1048576	96	5506988	1048576	96	0	0	47057	0	
1572864	1572864	507264	4999820	1048576	24	5507060	1048576	24	0	0	50103	0	
1572864	1572864	507260	4999824	1048576	96	5506988	1048576	96	0	0	48005	0	
1572864	1572864	507264	4999820	1048576	24	5507060	1048576	24	0	0	37312	0	
1572864	1572864	507264	4999820	1048576	96	5506988	1048576	96	0	0	46414	0	
1572864	1572864	507264	4999820	1048576	24	5507060	1048576	24	0	0	36628	0	
1572864	1572864	507264	4999820	1048576	96	5506988	1048576	96	0	0	45435	0	
1572864	1572864	507264	4999820	1048576	24	5507060	1048576	24	0	0	37958	0	
1572864	1572864	507256	4999828	1048576	96	5506988	1048576	96	0	0	47322	0	
1572864	1572864	507264	4999820	1048576	24	5507060	1048576	24	0	0	37458	0	
1572864	1572864	507260	4999824	1048576	96	5506988	1048576	96	0	0	47162	0	
1572864	1572864	507264	4999820	1048576	24	5507060	1048576	24	0	0	37387	0	
1572864	1572864	507264	4999820	1048576	96	5506988	1048576	96	0	0	58264	0	
1572864	1572864	507264	4999820	1048576	24	5507060	1048576	24	0	0	50515	0	
1572864	1572864	507264	4999820	1048576	96	5506988	1048576	96	0	0	48403	0	
1572864	1572864	507264	4999820	1048576	24	5507060	1048576	24	0	0	37388	0	
1572864	1572864	507256	4999828	1048576	96	5506988	1048576	96	0	0	44983	0	
1572864	1572864	507260	4999824	1048576	24	5507060	1048576	24	0	0	35406	0	
1572864	1572864	507260	4999824	1048576	96	5506988	1048576	96	0	0	89049	0	
1572864	1572864	507256	4999828	1048576	24	5507060	1048576	24	0	0	55310	0	
1572864	1572864	507264	4999820	1048576	24	5507060	1048576	24	0	0	48643	0	
1572864	1572864	507256	4999828	1048576	24	5507060	1048576	24	0	0	44772	0	
1572864	1572864	507264	4999820	1048576	24	5507060	1048576	24	0	0	56868	0	
1572864	1572864	507264	4999820	1048576	24	5507060	1048576	24	0	0	53614	0	
1572864	1572864	507264	4999820	1048576	24	5507060	1048576	24	0	0	58112	0	
1572864	1572864	507260	4999824	1048576	24	5507060	1048576	24	0	0	43691	0	
1572864	1572864	507264	4999820	1048576	24	5507060	1048576	24	0	0	80361	0	
1572864	1572864	507256	4999828	1048576	24	5507060	1048576	24	0	0	42646	0	
1572864	1572864	507264	4999820	1048576	24	5507060	1048576	24	0	0	48024	0	
1572864	1572864	507256	4999828	1048576	24	5507060	1048576	24	0	0	42689	0	
1572864	1572864	507260	4999824	1048576	24	5507060	1048576	24	0	0	49280	0	
1572864	1572864	507264	4999820	1048576	24	5507060	1048576	24	0	0	44337	0	
1572864	1572864	507264	4999820	1048576	24	5507060	1048576	24	0	0	47255	0	
1572864	1572864	507260	4999824	1048576	24	5507060	1048576	24	0	0	43277	0	
1572864	1572864	507264	4999820	1048576	24	5507060	1048576	24	0	0	48395	0	
1572864	1572864	507260	4999824	1048576	240	5506844	1048576	240	0	0	55400	0	
1572864	1572864	507264	4999820	1048576	24	5507060	1048576	24	0	0	39849	0	
1572864	1572864	507260	4999824	1048576	96	5506988	1048576	96	0	0	53289	0	
1572864	1572864	507264	4999820	1048576	24	5507060	1048576	24	0	0	41043	0	
1572864	1572864	507260	4999824	1048576	96	5506988	1048576	96	0	0	48952	0	
1572864	1572864	507256	4999828	1048576	1852	5505232	1048576	1852	0	0	39976	0	
1572864	1572864	507260	4999824	1048576	96	5506988	1048576	1924	1828	0	56508	98	
1572864	1572864	507264	4999820	1048576	24	5507060	1048576	24	0	0	36407	0	
1572864	1572864	507264	4999820	1048576	96	5506988	1048576	96	0	0	44517	0	
1572864	1572864	507264	4999820	1048576	24	5507060	1048576	24	0	0	36508	0	
1572864	1572864	507256	4999828	1048576	96	5506988	1048576	96	0	0	45894	0	
1572864	1572864	507264	4999820	1048576	24	5507060	1048576	24	0	0	37807	0	
1572864	1572864	507256	4999828	1048576	96	5506988	1048576	96	0	0	46665	0	
1572864	1572864	507264	4999820	1048576	24	5507060	1048576	24	0	0	36214	0	
1572864	1572864	507260	4999824	1048576	96	5506988	1048576	96	0	0	46471	0	
1572864	1572864	507264	4999820	1048576	24	5507060	1048576	24	0	0	37200	0	
1572864	1572864	507264	4999820	1048576	96	5506988	1048576	96	0	0	48784	0	
1572864	1572864	507264	4999820	1048576	24	5507060	1048576	24	0	0	37972	0	
1572864	1572864	507256	4999828	1048576	96	5506988	1048576	96	0	0	50007	0	
1572864	1572864	507264	4999820	1048576	24	5507060	1048576	24	0	0	36576	0	
1572864	1572864	507256	4999828	1048576	360	5506724	1048576	360	0	0	53699	0	
1572864	1572864	507260	4999824	1048576	24	5507060	1048576	288	264	0	44236	73	
1572864	1572864	507260	4999824	1048576	96	5506988	1048576	96	0	0	48202	0	
1572864	1572864	507256	4999828	1048576	24	5507060	1048576	24	0	0	36449	0	
1572864	1572864	507264	4999820	1048576	24	5507060	1048576	24	0	0	47823	0	
1572864	1572864	507264	4999820	1048576	24	5507060	1048576	24	0	0	37465	0	
1572864	1572864	507264	4999820	1048576	24	5507060	1048576	24	0	0	46665	0	
1572864	1572864	507264	4999820	1048576	24	5507060	1048576	24	0	0	40430	0	
1572864	1572864	507264	4999820	1048576	24	5507060	1048576	24	0	0	47723	0	
1572864	1572864	507260	4999824	1048576	24	5507060	1048576	24	0	0	41155	0	
1572864	1572864	507264	4999820	1048576	24	5507060	1048576	24	0	0	48465	0	
1572864	1572864	507256	4999828	1048576	24	5507060	1048576	24	0	0	37392	0	
1572864	1572864	507264	4999820	1048576	24	5507060	1048576	24	0	0	48610	0	
1572864	1572864	507264	4999820	1048576	24	5507060	1048576	24	0	0	47688	0	
1572864	1572864	507264	4999820	1048576	24	5507060	1048576	24	0	0	47919	0	
1572864	1572864	507264	4999820	1048576	24	5507060	1048576	24	0	0	37211	0	
1572864	1572864	507264	4999820	1048576	24	5507060	1048576	24	0	0	45264	0	
1572864	1572864	507260	4999824	1048576	24	5507060	1048576	24	0	0	37042	0	
1572864	1572864	507264	4999820	1048576	24	5507060	1048576	24	0	0	45920	0	
1572864	1572864	507260	4999824	1048576	60	5507024	1048576	60	0	0	46802	0	
1572864	1572864	507264	4999820	1048576	24	5507060	1048576	24	0	0	37257	0	
1572864	1572864	507260	4999824	1048576	96	5506988	1048576	96	0	0	48520	0	
1572864	1572864	507264	4999820	1048576	24	5507060	1048576	24	0	0	37598	0	
1572864	1572864	507260	4999824	1048576	96	5506988	1048576	96	0	0	47274	0	
1572864	1572864	507260	4999824	1048576	24	5507060	1048576	24	0	0	42787	0	
1572864	1572864	507264	4999820	1048576	96	5506988	1048576	96	0	0	54407	0	
1572864	1572864	507264	4999820	1048576	24	5507060	1048576	24	0	0	41486	0	
1572864	1572864	507264	4999820	1048576	84	5507000	1048576	84	0	0	63476	0	
1572864	1572864	507264	4999820	1048576	24	5507060	1048576	24	0	0	37108	0	
1572864	1572864	507256	4999828	1048576	96	5506988	1048576	96	0	0	47890	0	
1572864	1572864	507264	4999820	1048576	24	5507060	1048576	24	0	0	36635	0	
1572864	1572864	507260	4999824	1048576	96	5506988	1048576	96	0	0	48414	0	
1572864	1572864	507264	4999820	1048576	24	5507060	1048576	24	0	0	38787	0	
1572864	1572864	507260	4999824	1048576	152	5506932	1048576	152	0	0	47337	0	
1572864	1572864	507264	4999820	1048576	24	5507060	1048576	80	56	0	43676	36	
1572864	1572864	507264	4999820	1048576	96	5506988	1048576	96	0	0	61627	0	
1572864	1572864	507264	4999820	1048576	24	5507060	1048576	24	0	0	36725	0	
1572864	1572864	507256	4999828	1048576	96	5506988	1048576	96	0	0	45634	0	
1572864	1572864	507260	4999824	1048576	24	5507060	1048576	24	0	0	37367	0	
1572864	1572864	507260	4999824	1048576	96	5506988	1048576	96	0	0	45295	0	
1572864	1572864	507256	4999828	1048576	24	5507060	1048576	24	0	0	36993	0	
1572864	1572864	507264	4999820	1048576	24	5507060	1048576	24	0	0	46266	0	
1572864	1572864	507256	4999828	1048576	24	5507060	1048576	24	0	0	37932	0	
1572864	1572864	507264	4999820	1048576	24	5507060	1048576	24	0	0	48226	0	
1572864	1572864	507264	4999820	1048576	24	5507060	1048576	24	0	0	36529	0	
1572864	1572864	507264	4999820	1048576	24	5507060	1048576	24	0	0	46541	0	
1572864	1572864	507260	4999824	1048576	24	5507060	1048576	24	0	0	38286	0	
1572864	1572864	507264	4999820	1048576	24	5507060	1048576	24	0	0	46687	0	
1572864	1572864	507256	4999828	1048576	24	5507060	1048576	24	0	0	37228	0	
1572864	1572864	507264	4999820	1048576	24	5507060	1048576	24	0	0	47662	0	
1572864	1572864	507256	4999828	1048576	24	5507060	1048576	24	0	0	37763	0	
1572864	1572864	507264	4999820	1048576	24	5507060	1048576	24	0	0	46737	0	
1572864	1572864	507264	4999820	1048576	24	5507060	1048576	24	0	0	37005	0	
1572864	1572864	507264	4999820	1048576	24	5507060	1048576	24	0	0	45534	0	
1572864	1572864	507260	4999824	1048576	24	5507060	1048576	24	0	0	38397	0	
1572864	1572864	507264	4999820	1048576	24	5507060	1048576	24	0	0	46667	0	
1572864	1572864	507260	4999824	1048576	12	5507072	1048576	12	0	0	48749	0	
1572864	1572864	507264	4999820	1048576	24	5507060	1048576	24	0	0	37319	0	
1572864	1572864	507260	4999824	1048576	96	5506988	1048576	96	0	0	48035	0	
1572864	1572864	507264	4999820	1048576	24	5507060	1048576	24	0	0	37711	0	
1572864	1572864	507260	4999824	1048576	96	5506988	1048576	96	0	0	47353	0	
1572864	1572864	507264	4999820	1048576	24	5507060	1048576	24	0	0	39208	0	
1572864	1572864	507260	4999824	1048576	96	5506988	1048576	96	0	0	47227	0	
1572864	1572864	507264	4999820	1048576	24	5507060	1048576	24	0	0	38853	0	
1572864	1572864	507264	4999820	1048576	96	5506988	1048576	96	0	0	50599	0	
1572864	1572864	507264	4999820	1048576	24	5507060	1048576	24	0	0	39001	0	
1572864	1572864	507256	4999828	1048576	96	5506988	1048576	96	0	0	49520	0	
1572864	1572864	507264	4999820	1048576	24	5507060	1048576	24	0	0	38041	0	
1572864	1572864	507260	4999824	1048576	96	5506988	1048576	96	0	0	49716	0	
1572864	1572864	3985112	1521972	4538368	24	5507060	1048576	3477876	3477852	0	695980	3622762	
1572864	1572864	507264	4999820	1048576	96	5506988	1048576	96	0	0	72798	0	
1572864	1572864	507264	4999820	1048576	24	5507060	1048576	24	0	0	42631	0	
1572864	1572864	507256	4999828	1048576	96	5506988	1048576	96	0	0	47386	0	
1572864	1572864	507260	4999824	1048576	24	5507060	1048576	24	0	0	37246	0	
1572864	1572864	507260	4999824	1048576	96	5506988	1048576	96	0	0	47822	0	
1572864	1572864	507256	4999828	1048576	24	5507060	1048576	24	0	0	38083	0	
1572864	1572864	507264	4999820	1048576	24	5507060	1048576	24	0	0	47702	0	
1572864	1572864	507264	4999820	1048576	24	5507060	1048576	24	0	0	37598	0	
1572864	1572864	507264	4999820	1048576	24	5507060	1048576	24	0	0	55178	0	
1572864	1572864	507260	4999824	1048576	24	5507060	1048576	24	0	0	46762	0	
1572864	1572864	507264	4999820	1048576	24	5507060	1048576	24	0	0	46296	0	
1572864	1572864	507256	4999828	1048576	24	5507060	1048576	24	0	0	44655	0	
1572864	1572864	507264	4999820	1048576	24	5507060	1048576	24	0	0	57870	0	
1572864	1572864	507264	4999820	1048576	24	5507060	1048576	24	0	0	56519	0	
1572864	1572864	507264	4999820	1048576	24	5507060	1048576	24	0	0	57191	0	
1572864	1572864	507260	4999824	1048576	24	5507060	1048576	24	0	0	44711	0	
1572864	1572864	507264	4999820	1048576	24	5507060	1048576	24	0	0	47017	0	
1572864	1572864	507260	4999824	1048576	60	5507024	1048576	60	0	0	54069	0	
1572864	1572864	507260	4999824	1048576	24	5507060	1048576	24	0	0	39305	0	
1572864	1572864	507260	4999824	1048576	96	5506988	1048576	96	0	0	63458	0	
1572864	1572864	507264	4999820	1048576	24	5507060	1048576	24	0	0	39299	0	
1572864	1572864	507264	4999820	1048576	96	5506988	1048576	96	0	0	46030	0	
1572864	1572864	507264	4999820	1048576	24	5507060	1048576	24	0	0	38275	0	
1572864	1572864	507256	4999828	1048576	84	5507000	1048576	84	0	0	46500	0	
1572864	1572864	507264	4999820	1048576	24	5507060	1048576	24	0	0	36280	0	
1572864	1572864	507260	4999824	1048576	96	5506988	1048576	96	0	0	46582	0	
1572864	1572864	507264	4999820	1048576	24	5507060	1048576	24	0	0	36494	0	
1572864	1572864	507264	4999820	1048576	96	5506988	1048576	96	0	0	47729	0	
1572864	1572864	507264	4999820	1048576	24	5507060	1048576	24	0	0	37666	0	
1572864	1572864	507256	4999828	1048576	96	5506988	1048576	96	0	0	46565	0	
1572864	1572864	507260	4999824	1048576	24	5507060	1048576	24	0	0	36219	0	
1572864	1572864	507260	4999824	1048576	96	5506988	1048576	96	0	0	45692	0	
1572864	1572864	507256	4999828	1048576	24	5507060	1048576	24	0	0	36738	0	
1572864	1572864	507264	4999820	1048576	24	5507060	1048576	24	0	0	45720	0	
1572864	1572864	507264	4999820	1048576	24	5507060	1048576	24	0	0	38587	0	
1572864	1572864	507264	4999820	1048576	24	5507060	1048576	24	0	0	45456	0	
1572864	1572864	507260	4999824	1048576	24	5507060	1048576	24	0	0	36407	0	
1572864	1572864	507260	4999824	1048576	24	5507060	1048576	24	0	0	46575	0	
1572864	1572864	507256	4999828	1048576	24	5507060	1048576	24	0	0	38262	0	
1572864	1572864	507260	4999824	1048576	24	5507060	1048576	24	0	0	48156	0	
1572864	1572864	507264	4999820	1048576	24	5507060	1048576	24	0	0	40136	0	
1572864	1572864	507264	4999820	1048576	24	5507060	1048576	24	0	0	47131	0	
1572864	1572864	507252	4999832	1048576	156	5506928	1048576	156	0	0	55350	0	
1572864	1572864	507264	4999820	1048576	24	5507060	1048576	24	0	0	39876	0	
1572864	1572864	507260	4999824	1048576	96	5506988	1048576	96	0	0	48398	0	
1572864	1572864	507264	4999820	1048576	24	5507060	1048576	24	0	0	36833	0	
1572864	1572864	507260	4999824	1048576	96	5506988	1048576	96	0	0	48094	0	
1572864	1572864	507264	4999820	1048576	24	5507060	1048576	24	0	0	37578	0	
1572864	1572864	507264	4999820	1048576	96	5506988	1048576	96	0	0	47736	0	
1572864	1572864	507264	4999820	1048576	24	5507060	1048576	24	0	0	37834	0	
1572864	1572864	507256	4999828	1048576	96	5506988	1048576	96	0	0	47875	0	
1572864	1572864	507264	4999820	1048576	24	5507060	1048576	24	0	0	37213	0	
1572864	1572864	507260	4999824	1048576	96	5506988	1048576	96	0	0	47002	0	
1572864	1572864	507264	4999820	1048576	24	5507060	1048576	24	0	0	37530	0	
1572864	1572864	507264	4999820	1048576	84	5507000	1048576	84	0	0	46445	0	
1572864	1572864	507264	4999820	1048576	24	5507060	1048576	24	0	0	38154	0	
1572864	1572864	507256	4999828	1048576	96	5506988	1048576	96	0	0	45699	0	
1572864	1572864	507260	4999824	1048576	24	5507060	1048576	24	0	0	36549	0	
1572864	1572864	507260	4999824	1048576	24	5507060	1048576	24	0	0	46300	0	
1572864	1572864	507256	4999828	1048576	24	5507060	1048576	24	0	0	38985	0	
1572864	1572864	507264	4999820	1048576	24	5507060	1048576	24	0	0	46264	0	
1572864	1572864	507264	4999820	1048576	24	5507060	1048576	24	0	0	40457	0	
1572864	1572864	507264	4999820	1048576	24	5507060	1048576	24	0	0	48659	0	
1572864	1572864	507256	4999828	1048576	24	5507060	1048576	24	0	0	47719	0	
1572864	1572864	507264	4999820	1048576	24	5507060	1048576	24	0	0	48927	0	
1572864	1572864	507264	4999820	1048576	24	5507060	1048576	24	0	0	41782	0	
1572864	1572864	507264	4999820	1048576	24	5507060	1048576	24	0	0	47850	0	
1572864	1572864	507260	4999824	1048576	24	5507060	1048576	24	0	0	45182	0	
1572864	1572864	507264	4999820	1048576	24	5507060	1048576	24	0	0	48805	0	
1572864	1572864	507260	4999824	1048576	24	5507060	1048576	24	0	0	46776	0	
1572864	1572864	507264	4999820	1048576	24	5507060	1048576	24	0	0	36438	0	
1572864	1572864	507260	4999824	1048576	96	5506988	1048576	96	0	0	45976	0	
1572864	1572864	507256	4999828	1048576	100	5506984	1048576	100	0	0	39364	0	
1572864	1572864	507260	4999824	1048576	96	5506988	1048576	172	76	0	53078	76	
1572864	1572864	507264	4999820	1048576	24	5507060	1048576	24	0	0	37785	0	
1572864	1572864	507264	4999820	1048576	96	5506988	1048576	96	0	0	44782	0	
1572864	1572864	507264	4999820	1048576	24	5507060	1048576	24	0	0	37056	0	
1572864	1572864	507256	4999828	1048576	96	5506988	1048576	96	0	0	49744	0	
1572864	1572864	507264	4999820	1048576	24	5507060	1048576	24	0	0	37852	0	
1572864	1572864	507260	4999824	1048576	96	5506988	1048576	96	0	0	47743	0	
1572864	1572864	507264	4999820	1048576	24	5507060	1048576	24	0	0	36924	0	
1572864	1572864	507256	4999828	1048576	96	5506988	1048576	96	0	0	47469	0	
1572864	1572864	507260	4999824	1048576	24	5507060	1048576	24	0	0	36095	0	
1572864	1572864	507260	4999824	1048576	96	5506988	1048576	96	0	0	46937	0	
1572864	1572864	507256	4999828	1048576	24	5507060	1048576	24	0	0	37057	0	
1572864	1572864	507264	4999820	1048576	24	5507060	1048576	24	0	0	46445	0	
1572864	1572864	507264	4999820	1048576	24	5507060	1048576	24	0	0	35891	0	
1572864	1572864	507264	4999820	1048576	24	5507060	1048576	24	0	0	48030	0	
1572864	1572864	507260	4999824	1048576	24	5507060	1048576	24	0	0	41791	0	
1572864	1572864	507264	4999820	1048576	24	5507060	1048576	24	0	0	52362	0	
1572864	1572864	507256	4999828	1048576	24	5507060	1048576	24	0	0	47111	0	
1572864	1572864	507264	4999820	1048576	24	5507060	1048576	24	0	0	48858	0	
1572864	1572864	507264	4999820	1048576	24	5507060	1048576	24	0	0	37159	0	
1572864	1572864	507264	4999820	1048576	24	5507060	1048576	24	0	0	43839	0	
1572864	1572864	507260	4999824	1048576	24	5507060	1048576	24	0	0	35996	0	
1572864	1572864	507264	4999820	1048576	24	5507060	1048576	24	0	0	44713	0	
1572864	1572864	507260	4999824	1048576	60	5507024	1048576	60	0	0	48766	0	
1572864	1572864	507264	4999820	1048576	24	5507060	1048576	24	0	0	38583	0	
1572864	1572864	507260	4999824	1048576	96	5506988	1048576	96	0	0	46932	0	
1572864	1572864	507264	4999820	1048576	24	5507060	1048576	24	0	0	36807	0	
1572864	1572864	507264	4999820	1048576	96	5506988	1048576	96	0	0	47494	0	
1572864	1572864	507260	4999824	1048576	24	5507060	1048576	24	0	0	37898	0	
1572864	1572864	507256	4999828	1048576	96	5506988	1048576	96	0	0	47763	0	
1572864	1572864	507260	4999824	1048576	24	5507060	1048576	24	0	0	37826	0	
1572864	1572864	507260	4999824	1048576	96	5506988	1048576	96	0	0	47106	0	
1572864	1572864	507264	4999820	1048576	24	5507060	1048576	24	0	0	38217	0	
1572864	1572864	507264	4999820	1048576	84	5507000	1048576	84	0	0	48530	0	
1572864	1572864	507264	4999820	1048576	24	5507060	1048576	24	0	0	38001	0	
1572864	1572864	507256	4999828	1048576	96	5506988	1048576	96	0	0	47650	0	
1572864	1572864	507260	4999824	1048576	24	5507060	1048576	24	0	0	40359	0	
1572864	1572864	507260	4999824	1048576	96	5506988	1048576	96	0	0	47000	0	
1572864	1572864	507256	4999828	1048576	24	5507060	1048576	24	0	0	36979	0	
1572864	1572864	507264	4999820	1048576	24	5507060	1048576	24	0	0	47880	0	
1572864	1572864	507264	4999820	1048576	24	5507060	1048576	24	0	0	37253	0	
1572864	1572864	507264	4999820	1048576	24	5507060	1048576	24	0	0	47930	0	
1572864	1572864	507260	4999824	1048576	24	5507060	1048576	24	0	0	35592	0	
1572864	1572864	507264	4999820	1048576	24	5507060	1048576	24	0	0	48008	0	
1572864	1572864	507256	4999828	1048576	24	5507060	1048576	24	0	0	37921	0	
1572864	1572864	507264	4999820	1048576	24	5507060	1048576	24	0	0	47048	0	
1572864	1572864	507264	4999820	1048576	24	5507060	1048576	24	0	0	37041	0	
1572864	1572864	507260	4999824	1048576	24	5507060	1048576	24	0	0	47499	0	
1572864	1572864	507260	4999824	1048576	24	5507060	1048576	24	0	0	36600	0	
1572864	1572864	507260	4999824	1048576	24	5507060	1048576	24	0	0	47732	0	
1572864	1572864	507260	4999824	1048576	96	5506988	1048576	96	0	0	61073	0	
1572864	1572864	507264	4999820	1048576	24	5507060	1048576	24	0	0	55793	0	
1572864	1572864	507260	4999824	1048576	96	5506988	1048576	96	0	0	48813	0	
1572864	1572864	507264	4999820	1048576	24	5507060	1048576	24	0	0	45996	0	
1572864	1572864	507264	4999820	1048576	96	5506988	1048576	96	0	0	56088	0	
1572864	1572864	507264	4999820	1048576	24	5507060	1048576	24	0	0	75272	0	
1572864	1572864	507256	4999828	1048576	96	5506988	1048576	96	0	0	58872	0	
1572864	1572864	507264	4999820	1048576	24	5507060	1048576	24	0	0	47434	0	
1572864	1572864	507260	4999824	1048576	96	5506988	1048576	96	0	0	48171	0	
1572864	1572864	507264	4999820	1048576	24	5507060	1048576	24	0	0	37059	0	
1572864	1572864	507264	4999820	1048576	84	5507000	1048576	84	0	0	46701	0	
1572864	1572864	507264	4999820	1048576	24	5507060	1048576	24	0	0	37223	0	
1572864	1572864	507256	4999828	1048576	96	5506988	1048576	96	0	0	54937	0	
1572864	1572864	507260	4999824	1048576	24	5507060	1048576	24	0	0	35789	0	
1572864	1572864	507260	4999824	1048576	96	5506988	1048576	96	0	0	44679	0	
1572864	1572864	507256	4999828	1048576	24	5507060	1048576	24	0	0	36040	0	
1572864	1572864	507264	4999820	1048576	24	5507060	1048576	24	0	0	44219	0	
1572864	1572864	507264	4999820	1048576	24	5507060	1048576	24	0	0	37408	0	
1572864	1572864	507260	4999824	1048576	24	5507060	1048576	24	0	0	46380	0	
1572864	1572864	507260	4999824	1048576	24	5507060	1048576	24	0	0	38030	0	
1572864	1572864	507264	4999820	1048576	24	5507060	1048576	24	0	0	45308	0	
1572864	1572864	507256	4999828	1048576	24	5507060	1048576	24	0	0	38139	0	
1572864	1572864	507264	4999820	1048576	24	5507060	1048576	24	0	0	48185	0	
1572864	1572864	507260	4999824	1048576	24	5507060	1048576	24	0	0	36952	0	
1572864	1572864	507264	4999820	1048576	24	5507060	1048576	24	0	0	46994	0	
1572864	1572864	507264	4999820	1048576	936	5506148	1048576	936	0	0	53052	0	
1572864	1572864	507264	4999820	1048576	24	5507060	1048576	24	0	0	38853	0	
1572864	1572864	507260	4999824	1048576	84	5507000	1048576	84	0	0	50559	0	
1572864	1572864	507264	4999820	1048576	24	5507060	1048576	24	0	0	38536	0	
1572864	1572864	507260	4999824	1048576	96	5506988	1048576	96	0	0	47509	0	
1572864	1572864	507264	4999820	1048576	24	5507060	1048576	24	0	0	39641	0	
1572864	1572864	507264	4999820	1048576	96	5506988	1048576	96	0	0	47023	0	
1572864	1572864	507264	4999820	1048576	24	5507060	1048576	24	0	0	37702	0	
1572864	1572864	507264	4999820	1048576	220	5506864	1048576	220	0	0	50137	0	
1572864	1572864	507260	4999824	1048576	24	5507060	1048576	148	124	0	42857	56	
1572864	1572864	507256	4999828	1048576	96	5506988	1048576	96	0	0	45779	0	
1572864	1572864	507260	4999824	1048576	24	5507060	1048576	24	0	0	36896	0	
1572864	1572864	507260	4999824	1048576	96	5506988	1048576	96	0	0	46661	0	
1572864	1572864	507260	4999824	1048576	24	5507060	1048576	24	0	0	37089	0	
1572864	1572864	507264	4999820	1048576	84	5507000	1048576	84	0	0	46447	0	
1572864	1572864	507260	4999824	1048576	24	5507060	1048576	24	0	0	38921	0	
1572864	1572864	507260	4999824	1048576	24	5507060	1048576	24	0	0	65426	0	
1572864	1572864	507256	4999828	1048576	24	5507060	1048576	24	0	0	41845	0	
1572864	1572864	507260	4999824	1048576	2616	5504468	1048576	2616	0	0	64652	0	
1572864	1572864	507264	4999820	1048576	24	5507060	1048576	2616	2592	0	50743	99	
1572864	1572864	507260	4999824	1048576	24	5507060	1048576	24	0	0	49378	0	
1572864	1572864	507260	4999824	1048576	80	5507004	1048576	80	0	0	46103	0	
1572864	1572864	507260	4999824	1048576	24	5507060	1048576	80	56	0	55985	70	
1572864	1572864	507256	4999828	1048576	24	5507060	1048576	24	0	0	42262	0	
1572864	1572864	507256	4999828	1048576	24	5507060	1048576	24	0	0	63638	0	
1572864	1572864	507260	4999824	1048576	248	5506836	1048576	248	0	0	61909	0	
1572864	1572864	507260	4999824	1048576	24	5507060	1048576	248	224	0	75296	90	
1572864	1572864	507252	4999832	1048576	296	5506788	1048576	296	0	0	70038	0	
1572864	1572864	507260	4999824	1048576	24	5507060	1048576	24	0	0	39624	0	
1572864	1572864	507256	4999828	1048576	96	5506988	1048576	96	0	0	48708	0	
1572864	1572864	507260	4999824	1048576	24	5507060	1048576	24	0	0	40159	0	
1572864	1572864	507256	4999828	1048576	84	5507000	1048576	84	0	0	47394	0	
1572864	1572864	507260	4999824	1048576	24	5507060	1048576	24	0	0	36922	0	
1572864	1572864	507260	4999824	1048576	96	5506988	1048576	96	0	0	47742	0	
1572864	1572864	507256	4999828	1048576	24	5507060	1048576	24	0	0	36700	0	
1572864	1572864	507256	4999828	1048576	96	5506988	1048576	96	0	0	50912	0	
1572864	1572864	507260	4999824	1048576	24	5507060	1048576	24	0	0	37818	0	
1572864	1572864	507260	4999824	1048576	96	5506988	1048576	96	0	0	45827	0	
1572864	1572864	507260	4999824	1048576	24	5507060	1048576	24	0	0	37425	0	
1572864	1572864	507264	4999820	1048576	96	5506988	1048576	96	0	0	48061	0	
1572864	1572864	507260	4999824	1048576	24	5507060	1048576	24	0	0	36780	0	
1572864	1572864	507256	4999828	1048576	96	5506988	1048576	96	0	0	47592	0	
1572864	1572864	507256	4999828	1048576	24	5507060	1048576	24	0	0	37560	0	
1572864	1572864	507260	4999824	1048576	24	5507060	1048576	24	0	0	67959	0	
1572864	1572864	507260	4999824	1048576	24	5507060	1048576	24	0	0	40586	0	
1572864	1572864	5724104	4	6275072	24	5724084	1048576	5216868	5216844	0	1029747	21736850	
1572864	1572864	507256	5216852	1048576	24	5724084	1048576	24	0	0	48889	0	
1572864	1572864	507260	5216848	1048576	24	5724084	1048576	24	0	0	51043	0	
1572864	1572864	507264	5216844	1048576	24	5724084	1048576	24	0	0	42107	0	
1572864	1572864	507260	5216848	1048576	24	5724084	1048576	24	0	0	97811	0	
1572864	1572864	507260	5216848	1048576	24	5724084	1048576	24	0	0	39029	0	
1572864	1572864	507256	5216852	1048576	24	5724084	1048576	24	0	0	80635	0	
1572864	1572864	507256	5216852	1048576	96	5724012	1048576	96	0	0	51772	0	
1572864	1572864	507260	5216848	1048576	24	5724084	1048576	24	0	0	53165	0	
1572864	1572864	507256	5216852	1048576	96	5724012	1048576	96	0	0	59121	0	
1572864	1572864	507260	5216848	1048576	24	5724084	1048576	24	0	0	60795	0	
1572864	1572864	507260	5216848	1048576	96	5724012	1048576	96	0	0	62922	0	
1572864	1572864	507260	5216848	1048576	24	5724084	1048576	24	0	0	62480	0	
1572864	1572864	507264	5216844	1048576	96	5724012	1048576	96	0	0	61388	0	
1572864	1572864	507260	5216848	1048576	24	5724084	1048576	24	0	0	59329	0	
1572864	1572864	507260	5216848	1048576	84	5724024	1048576	84	0	0	59933	0	
1572864	1572864	507256	5216852	1048576	24	5724084	1048576	24	0	0	58982	0	
1572864	1572864	507264	5216844	1048576	84	5724024	1048576	84	0	0	59552	0	
1572864	1572864	507264	5216844	1048576	24	5724084	1048576	24	0	0	59651	0	
1572864	1572864	507256	5216852	1048576	96	5724012	1048576	96	0	0	59508	0	
1572864	1572864	507256	5216852	1048576	24	5724084	1048576	24	0	0	60667	0	
1572864	1572864	507260	5216848	1048576	24	5724084	1048576	24	0	0	90297	0	
1572864	1572864	507264	5216844	1048576	24	5724084	1048576	24	0	0	61108	0	
1572864	1572864	507256	5216852	1048576	24	5724084	1048576	24	0	0	59358	0	
1572864	1572864	507256	5216852	1048576	24	5724084	1048576	24	0	0	64112	0	
1572864	1572864	507260	5216848	1048576	24	5724084	1048576	24	0	0	59780	0	
1572864	1572864	507264	5216844	1048576	24	5724084	1048576	24	0	0	61537	0	
1572864	1572864	507260	5216848	1048576	24	5724084	1048576	24	0	0	60673	0	
1572864	1572864	507260	5216848	1048576	24	5724084	1048576	24	0	0	60959	0	
1572864	1572864	507260	5216848	1048576	24	5724084	1048576	24	0	0	60498	0	
1572864	1572864	507256	5216852	1048576	60	5724048	1048576	60	0	0	60997	0	
1572864	1572864	507260	5216848	1048576	24	5724084	1048576	24	0	0	61468	0	
1572864	1572864	507256	5216852	1048576	96	5724012	1048576	96	0	0	61797	0	
1572864	1572864	507260	5216848	1048576	24	5724084	1048576	24	0	0	61931	0	
1572864	1572864	507260	5216848	1048576	84	5724024	1048576	84	0	0	62388	0	
1572864	1572864	507260	5216848	1048576	24	5724084	1048576	24	0	0	88358	0	
1572864	1572864	507264	5216844	1048576	96	5724012	1048576	96	0	0	62029	0	
1572864	1572864	507260	5216848	1048576	24	5724084	1048576	24	0	0	64415	0	
1572864	1572864	507256	5216852	1048576	96	5724012	1048576	96	0	0	60962	0	
1572864	1572864	507260	5216848	1048576	24	5724084	1048576	24	0	0	61632	0	
1572864	1572864	507260	5216848	1048576	84	5724024	1048576	84	0	0	62417	0	
1572864	1572864	507256	5216852	1048576	24	5724084	1048576	24	0	0	60395	0	
1572864	1572864	507256	5216852	1048576	152	5723956	1048576	152	0	0	65669	0	
1572864	1572864	507256	5216852	1048576	24	5724084	1048576	80	56	0	70550	36	
1572864	1572864	507260	5216848	1048576	24	5724084	1048576	24	0	0	61061	0	
1572864	1572864	507264	5216844	1048576	24	5724084	1048576	24	0	0	63766	0	
1572864	1572864	507260	5216848	1048576	24	5724084	1048576	24	0	0	60841	0	
1572864	1572864	507260	5216848	1048576	24	5724084	1048576	24	0	0	64220	0	
1572864	1572864	507256	5216852	1048576	24	5724084	1048576	24	0	0	61856	0	
1572864	1572864	507256	5216852	1048576	24	5724084	1048576	24	0	0	62669	0	
1572864	1572864	507260	5216848	1048576	24	5724084	1048576	24	0	0	62387	0	
1572864	1572864	507260	5216848	1048576	24	5724084	1048576	24	0	0	62155	0	
1572864	1572864	507260	5216848	1048576	24	5724084	1048576	24	0	0	59143	0	
1572864	1572864	507256	5216852	1048576	60	5724048	1048576	60	0	0	62087	0	
1572864	1572864	507260	5216848	1048576	24	5724084	1048576	24	0	0	79968	0	
1572864	1572864	507256	5216852	1048576	96	5724012	1048576	96	0	0	62569	0	
1572864	1572864	507260	5216848	1048576	24	5724084	1048576	24	0	0	79235	0	
1572864	1572864	507260	5216848	1048576	96	5724012	1048576	96	0	0	61565	0	
1572864	1572864	507256	5216852	1048576	24	5724084	1048576	24	0	0	63168	0	
1572864	1572864	507264	5216844	1048576	84	5724024	1048576	84	0	0	61079	0	
1572864	1572864	507260	5216848	1048576	24	5724084	1048576	24	0	0	62636	0	
1572864	1572864	507256	5216852	1048576	96	5724012	1048576	96	0	0	63455	0	
1572864	1572864	507260	5216848	1048576	24	5724084	1048576	24	0	0	62710	0	
1572864	1572864	507260	5216848	1048576	96	5724012	1048576	96	0	0	65092	0	
1572864	1572864	507260	5216848	1048576	24	5724084	1048576	24	0	0	61743	0	
1572864	1572864	507264	5216844	1048576	96	5724012	1048576	96	0	0	64744	0	
1572864	1572864	507260	5216848	1048576	24	5724084	1048576	24	0	0	61763	0	
1572864	1572864	507260	5216848	1048576	24	5724084	1048576	24	0	0	58857	0	
1572864	1572864	507264	5216844	1048576	24	5724084	1048576	24	0	0	64056	0	
1572864	1572864	507260	5216848	1048576	24	5724084	1048576	24	0	0	60981	0	
1572864	1572864	507260	5216848	1048576	24	5724084	1048576	24	0	0	64127	0	
1572864	1572864	507260	5216848	1048576	24	5724084	1048576	24	0	0	61143	0	
1572864	1572864	507256	5216852	1048576	24	5724084	1048576	24	0	0	60707	0	
1572864	1572864	507260	5216848	1048576	24	5724084	1048576	24	0	0	58714	0	
1572864	1572864	507264	5216844	1048576	516	5723592	1048576	516	0	0	58887	0	
1572864	1572864	507256	5216852	1048576	24	5724084	1048576	516	492	0	66602	95	
1572864	1572864	507260	5216848	1048576	24	5724084	1048576	24	0	0	60319	0	
1572864	1572864	507260	5216848	1048576	24	5724084	1048576	24	0	0	56858	0	
1572864	1572864	507256	5216852	1048576	96	5724012	1048576	96	0	0	60878	0	
1572864	1572864	507260	5216848	1048576	24	5724084	1048576	24	0	0	60096	0	
1572864	1572864	507256	5216852	1048576	96	5724012	1048576	96	0	0	75504	0	
1572864	1572864	507260	5216848	1048576	24	5724084	1048576	24	0	0	62361	0	
1572864	1572864	507260	5216848	1048576	96	5724012	1048576	96	0	0	58679	0	
1572864	1572864	507260	5216848	1048576	24	5724084	1048576	24	0	0	57583	0	
1572864	1572864	507256	5216852	1048576	96	5724012	1048576	96	0	0	59056	0	
1572864	1572864	507256	5216852	1048576	24	5724084	1048576	24	0	0	64812	0	
1572864	1572864	507260	5216848	1048576	84	5724024	1048576	84	0	0	61027	0	
1572864	1572864	507260	5216848	1048576	24	5724084	1048576	24	0	0	61566	0	
1572864	1572864	507264	5216844	1048576	96	5724012	1048576	96	0	0	58946	0	
1572864	1572864	507260	5216848	1048576	24	5724084	1048576	24	0	0	60263	0	
1572864	1572864	507256	5216852	1048576	96	5724012	1048576	96	0	0	59547	0	
1572864	1572864	507256	5216852	1048576	24	5724084	1048576	24	0	0	59542	0	
1572864	1572864	507256	5216852	1048576	736	5723372	1048576	736	0	0	64391	0	
1572864	1572864	507264	5216844	1048576	24	5724084	1048576	736	712	0	70833	96	
1572864	1572864	507260	5216848	1048576	24	5724084	1048576	24	0	0	58232	0	
1572864	1572864	507256	5216852	1048576	24	5724084	1048576	24	0	0	63641	0	
1572864	1572864	507260	5216848	1048576	24	5724084	1048576	24	0	0	61021	0	
1572864	1572864	507264	5216844	1048576	24	5724084	1048576	24	0	0	66078	0	
1572864	1572864	507260	5216848	1048576	24	5724084	1048576	24	0	0	60547	0	
1572864	1572864	507260	5216848	1048576	24	5724084	1048576	24	0	0	64549	0	
1572864	1572864	507260	5216848	1048576	24	5724084	1048576	24	0	0	62542	0	
1572864	1572864	507256	5216852	1048576	60	5724048	1048576	60	0	0	60338	0	
1572864	1572864	507256	5216852	1048576	24	5724084	1048576	24	0	0	60301	0	
1572864	1572864	507256	5216852	1048576	96	5724012	1048576	96	0	0	60466	0	
1572864	1572864	507260	5216848	1048576	24	5724084	1048576	24	0	0	60394	0	
1572864	1572864	507260	5216848	1048576	96	5724012	1048576	96	0	0	76747	0	
1572864	1572864	507260	5216848	1048576	24	5724084	1048576	24	0	0	62881	0	
1572864	1572864	507264	5216844	1048576	96	5724012	1048576	96	0	0	59253	0	
1572864	1572864	507260	5216848	1048576	24	5724084	1048576	24	0	0	61076	0	
1572864	1572864	507256	5216852	1048576	96	5724012	1048576	96	0	0	60600	0	
1572864	1572864	507260	5216848	1048576	24	5724084	1048576	24	0	0	61562	0	
1572864	1572864	507264	5216844	1048576	96	5724012	1048576	96	0	0	59178	0	
1572864	1572864	507256	5216852	1048576	24	5724084	1048576	24	0	0	61200	0	
1572864	1572864	507256	5216852	1048576	84	5724024	1048576	84	0	0	58636	0	
1572864	1572864	507256	5216852	1048576	24	5724084	1048576	24	0	0	62776	0	
1572864	1572864	507260	5216848	1048576	24	5724084	1048576	24	0	0	59416	0	
1572864	1572864	507264	5216844	1048576	24	5724084	1048576	24	0	0	62330	0	
1572864	1572864	507260	5216848	1048576	24	5724084	1048576	24	0	0	58009	0	
1572864	1572864	507260	5216848	1048576	24	5724084	1048576	24	0	0	61804	0	
1572864	1572864	507256	5216852	1048576	24	5724084	1048576	24	0	0	56927	0	
1572864	1572864	507264	5216844	1048576	24	5724084	1048576	24	0	0	61114	0	
1572864	1572864	507260	5216848	1048576	24	5724084	1048576	24	0	0	59555	0	
1572864	1572864	507260	5216848	1048576	24	5724084	1048576	24	0	0	62519	0	
1572864	1572864	507260	5216848	1048576	24	5724084	1048576	24	0	0	58610	0	
1572864	1572864	507256	5216852	1048576	60	5724048	1048576	60	0	0	60750	0	
1572864	1572864	507260	5216848	1048576	24	5724084	1048576	24	0	0	65069	0	
1572864	1572864	507256	5216852	1048576	96	5724012	1048576	96	0	0	60606	0	
1572864	1572864	507260	5216848	1048576	24	5724084	1048576	24	0	0	61769	0	
1572864	1572864	507260	5216848	1048576	96	5724012	1048576	96	0	0	57897	0	
1572864	1572864	507260	5216848	1048576	24	5724084	1048576	24	0	0	58737	0	
1572864	1572864	507264	5216844	1048576	84	5724024	1048576	84	0	0	60717	0	
1572864	1572864	507260	5216848	1048576	24	5724084	1048576	24	0	0	59465	0	
1572864	1572864	507256	5216852	1048576	96	5724012	1048576	96	0	0	63827	0	
1572864	1572864	507260	5216848	1048576	24	5724084	1048576	24	0	0	61497	0	
1572864	1572864	507260	5216848	1048576	96	5724012	1048576	96	0	0	62219	0	
1572864	1572864	507260	5216848	1048576	24	5724084	1048576	24	0	0	64327	0	
1572864	1572864	507264	5216844	1048576	96	5724012	1048576	96	0	0	59930	0	
1572864	1572864	507256	5216852	1048576	24	5724084	1048576	24	0	0	59512	0	
1572864	1572864	507260	5216848	1048576	24	5724084	1048576	24	0	0	78530	0	
1572864	1572864	507264	5216844	1048576	24	5724084	1048576	24	0	0	60541	0	
1572864	1572864	507260	5216848	1048576	24	5724084	1048576	24	0	0	60594	0	
1572864	1572864	507260	5216848	1048576	108	5724000	1048576	108	0	0	61968	0	
1572864	1572864	507260	5216848	1048576	24	5724084	1048576	108	84	0	66249	77	
1572864	1572864	507256	5216852	1048576	24	5724084	1048576	24	0	0	60399	0	
1572864	1572864	507260	5216848	1048576	12	5724096	1048576	12	0	0	59719	0	
1572864	1572864	507264	5216844	1048576	24	5724084	1048576	24	0	0	59467	0	
1572864	1572864	507260	5216848	1048576	24	5724084	1048576	24	0	0	73039	0	
1572864	1572864	507248	5216860	1048576	736	5723372	1048576	736	0	0	67612	0	
1572864	1572864	507260	5216848	1048576	24	5724084	1048576	24	0	0	60456	0	
1572864	1572864	507256	5216852	1048576	96	5724012	1048576	96	0	0	62848	0	
1572864	1572864	507260	5216848	1048576	24	5724084	1048576	24	0	0	65999	0	
1572864	1572864	507256	5216852	1048576	84	5724024	1048576	84	0	0	56407	0	
1572864	1572864	507260	5216848	1048576	24	5724084	1048576	24	0	0	45319	0	
1572864	1572864	507260	5216848	1048576	96	5724012	1048576	96	0	0	49739	0	
1572864	1572864	507256	5216852	1048576	24	5724084	1048576	24	0	0	38802	0	
1572864	1572864	507256	5216852	1048576	96	5724012	1048576	96	0	0	50123	0	
1572864	1572864	507260	5216848	1048576	24	5724084	1048576	24	0	0	41353	0	
1572864	1572864	507260	5216848	1048576	96	5724012	1048576	96	0	0	49966	0	
1572864	1572864	507260	5216848	1048576	24	5724084	1048576	24	0	0	40895	0	
1572864	1572864	507264	5216844	1048576	96	5724012	1048576	96	0	0	49772	0	
1572864	1572864	507260	5216848	1048576	24	5724084	1048576	24	0	0	41106	0	
1572864	1572864	507256	5216852	1048576	1228	5722880	1048576	1228	0	0	90976	0	
1572864	1572864	507256	5216852	1048576	24	5724084	1048576	1156	1132	0	56964	92	
1572864	1572864	507260	5216848	1048576	24	5724084	1048576	24	0	0	55745	0	
1572864	1572864	507264	5216844	1048576	24	5724084	1048576	24	0	0	47703	0	
1572864	1572864	507260	5216848	1048576	24	5724084	1048576	24	0	0	55214	0	
1572864	1572864	507256	5216852	1048576	24	5724084	1048576	24	0	0	53156	0	
1572864	1572864	507260	5216848	1048576	24	5724084	1048576	24	0	0	54806	0	
1572864	1572864	507264	5216844	1048576	24	5724084	1048576	24	0	0	46089	0	
1572864	1572864	507260	5216848	1048576	24	5724084	1048576	24	0	0	52509	0	
1572864	1572864	507260	5216848	1048576	24	5724084	1048576	24	0	0	47861	0	
1572864	1572864	507260	5216848	1048576	304	5723804	1048576	304	0	0	78692	0	
1572864	1572864	507256	5216852	1048576	60	5724048	1048576	340	280	0	62894	92	
1572864	1572864	507256	5216852	1048576	24	5724084	1048576	24	0	0	47808	0	
1572864	1572864	507256	5216852	1048576	96	5724012	1048576	96	0	0	51094	0	
1572864	1572864	507260	5216848	1048576	24	5724084	1048576	24	0	0	43195	0	
1572864	1572864	507260	5216848	1048576	96	5724012	1048576	96	0	0	54272	0	
1572864	1572864	507260	5216848	1048576	24	5724084	1048576	24	0	0	44164	0	
1572864	1572864	507264	5216844	1048576	96	5724012	1048576	96	0	0	52830	0	
1572864	1572864	507260	5216848	1048576	24	5724084	1048576	24	0	0	42407	0	
1572864	1572864	507256	5216852	1048576	96	5724012	1048576	96	0	0	57101	0	
1572864	1572864	507260	5216848	1048576	24	5724084	1048576	24	0	0	40680	0	
1572864	1572864	507264	5216844	1048576	96	5724012	1048576	96	0	0	55298	0	
1572864	1572864	507256	5216852	1048576	24	5724084	1048576	24	0	0	44398	0	
1572864	1572864	507256	5216852	1048576	84	5724024	1048576	84	0	0	84830	0	
1572864	1572864	507256	5216852	1048576	24	5724084	1048576	24	0	0	57965	0	
1572864	1572864	507260	5216848	1048576	24	5724084	1048576	24	0	0	57177	0	
1572864	1572864	507264	5216844	1048576	24	5724084	1048576	24	0	0	58272	0	
1572864	1572864	507260	5216848	1048576	24	5724084	1048576	24	0	0	54244	0	
1572864	1572864	507260	5216848	1048576	24	5724084	1048576	24	0	0	42234	0	
1572864	1572864	507256	5216852	1048576	24	5724084	1048576	24	0	0	49305	0	
1572864	1572864	507220	5216888	1048576	12	5724096	1048576	12	0	0	41948	0	
1572864	1572864	507260	5216848	1048576	24	5724084	1048576	24	0	0	50455	0	
1572864	1572864	507260	5216848	1048576	24	5724084	1048576	24	0	0	44213	0	
1572864	1572864	507260	5216848	1048576	24	5724084	1048576	24	0	0	48712	0	
1572864	1572864	507256	5216852	1048576	60	5724048	1048576	60	0	0	52754	0	
1572864	1572864	507260	5216848	1048576	24	5724084	1048576	24	0	0	39624	0	
1572864	1572864	507256	5216852	1048576	96	5724012	1048576	96	0	0	50240	0	
1572864	1572864	507260	5216848	1048576	24	5724084	1048576	24	0	0	37482	0	
1572864	1572864	507260	5216848	1048576	96	5724012	1048576	96	0	0	55895	0	
1572864	1572864	507260	5216848	1048576	24	5724084	1048576	24	0	0	37616	0	
1572864	1572864	507264	5216844	1048576	96	5724012	1048576	96	0	0	50236	0	
1572864	1572864	507260	5216848	1048576	24	5724084	1048576	24	0	0	41578	0	
1572864	1572864	507256	5216852	1048576	84	5724024	1048576	84	0	0	45313	0	
1572864	1572864	507260	5216848	1048576	24	5724084	1048576	24	0	0	35959	0	
1572864	1572864	507260	5216848	1048576	96	5724012	1048576	96	0	0	44966	0	
1572864	1572864	507260	5216848	1048576	24	5724084	1048576	24	0	0	55574	0	
1572864	1572864	507264	5216844	1048576	96	5724012	1048576	96	0	0	119743	0	
1572864	1572864	507256	5216852	1048576	24	5724084	1048576	24	0	0	58639	0	
1572864	1572864	507260	5216848	1048576	24	5724084	1048576	24	0	0	58132	0	
1572864	1572864	507264	5216844	1048576	24	5724084	1048576	24	0	0	54508	0	
1572864	1572864	507260	5216848	1048576	24	5724084	1048576	24	0	0	49448	0	
1572864	1572864	507260	5216848	1048576	24	5724084	1048576	24	0	0	41365	0	
1572864	1572864	507260	5216848	1048576	24	5724084	1048576	24	0	0	50127	0	
1572864	1572864	507256	5216852	1048576	24	5724084	1048576	24	0	0	41131	0	
1572864	1572864	507260	5216848	1048576	24	5724084	1048576	24	0	0	48637	0	
1572864	1572864	507264	5216844	1048576	24	5724084	1048576	24	0	0	42190	0	
1572864	1572864	507260	5216848	1048576	24	5724084	1048576	24	0	0	48602	0	
1572864	1572864	507252	5216856	1048576	656	5723452	1048576	656	0	0	53974	0	
1572864	1572864	507260	5216848	1048576	24	5724084	1048576	24	0	0	39950	0	
1572864	1572864	507256	5216852	1048576	96	5724012	1048576	96	0	0	49108	0	
1572864	1572864	507260	5216848	1048576	24	5724084	1048576	24	0	0	37550	0	
1572864	1572864	507256	5216852	1048576	84	5724024	1048576	84	0	0	47367	0	
1572864	1572864	507260	5216848	1048576	24	5724084	1048576	24	0	0	37184	0	
1572864	1572864	507260	5216848	1048576	96	5724012	1048576	96	0	0	46831	0	
1572864	1572864	507256	5216852	1048576	24	5724084	1048576	24	0	0	36139	0	
1572864	1572864	507256	5216852	1048576	96	5724012	1048576	96	0	0	50120	0	
1572864	1572864	507260	5216848	1048576	24	5724084	1048576	24	0	0	38639	0	
1572864	1572864	507260	5216848	1048576	96	5724012	1048576	96	0	0	49932	0	
1572864	1572864	507260	5216848	1048576	24	5724084	1048576	24	0	0	38775	0	
1572864	1572864	507264	5216844	1048576	96	5724012	1048576	96	0	0	46655	0	
1572864	1572864	507260	5216848	1048576	24	5724084	1048576	24	0	0	36872	0	
1572864	1572864	507256	5216852	1048576	96	5724012	1048576	96	0	0	48274	0	
1572864	1572864	507256	5216852	1048576	24	5724084	1048576	24	0	0	42164	0	
1572864	1572864	507260	5216848	1048576	24	5724084	1048576	24	0	0	49279	0	
1572864	1572864	507260	5216848	1048576	24	5724084	1048576	24	0	0	40231	0	
1572864	1572864	507260	5216848	1048576	24	5724084	1048576	24	0	0	46595	0	
1572864	1572864	507256	5216852	1048576	24	5724084	1048576	24	0	0	38091	0	
1572864	1572864	507260	5216848	1048576	24	5724084	1048576	24	0	0	48698	0	
1572864	1572864	507264	5216844	1048576	24	5724084	1048576	24	0	0	43958	0	
1572864	1572864	507260	5216848	1048576	24	5724084	1048576	24	0	0	48254	0	
1572864	1572864	507260	5216848	1048576	24	5724084	1048576	24	0	0	63761	0	
1572864	1572864	507256	5216852	1048576	24	5724084	1048576	24	0	0	54270	0	
1572864	1572864	507256	5216852	1048576	96	5724012	1048576	96	0	0	51290	0	
1572864	1572864	507260	5216848	1048576	24	5724084	1048576	24	0	0	47433	0	
1572864	1572864	507256	5216852	1048576	96	5724012	1048576	96	0	0	50958	0	
1572864	1572864	507260	5216848	1048576	24	5724084	1048576	24	0	0	44750	0	
1572864	1572864	507260	5216848	1048576	96	5724012	1048576	96	0	0	52491	0	
1572864	1572864	507260	5216848	1048576	24	5724084	1048576	24	0	0	40567	0	
1572864	1572864	507264	5216844	1048576	96	5724012	1048576	96	0	0	49215	0	
1572864	1572864	507260	5216848	1048576	24	5724084	1048576	24	0	0	39891	0	
1572864	1572864	507260	5216848	1048576	84	5724024	1048576	84	0	0	61507	0	
1572864	1572864	507256	5216852	1048576	24	5724084	1048576	24	0	0	40629	0	
1572864	1572864	507264	5216844	1048576	84	5724024	1048576	84	0	0	46562	0	
1572864	1572864	507264	5216844	1048576	24	5724084	1048576	24	0	0	37936	0	
1572864	1572864	507256	5216852	1048576	96	5724012	1048576	96	0	0	46284	0	
1572864	1572864	507256	5216852	1048576	24	5724084	1048576	24	0	0	39849	0	
1572864	1572864	507260	5216848	1048576	24	5724084	1048576	24	0	0	86895	0	
1572864	1572864	507264	5216844	1048576	24	5724084	1048576	24	0	0	43517	0	
1572864	1572864	507256	5216852	1048576	24	5724084	1048576	24	0	0	50976	0	
1572864	1572864	507256	5216852	1048576	24	5724084	1048576	24	0	0	43929	0	
1572864	1572864	507260	5216848	1048576	24	5724084	1048576	24	0	0	49036	0	
1572864	1572864	507264	5216844	1048576	24	5724084	1048576	24	0	0	43630	0	
1572864	1572864	507260	5216848	1048576	24	5724084	1048576	24	0	0	49417	0	
1572864	1572864	507260	5216848	1048576	24	5724084	1048576	24	0	0	45154	0	
1572864	1572864	507260	5216848	1048576	24	5724084	1048576	24	0	0	49343	0	
1572864	1572864	507256	5216852	1048576	60	5724048	1048576	60	0	0	55209	0	
1572864	1572864	507260	5216848	1048576	24	5724084	1048576	24	0	0	38844	0	
1572864	1572864	507256	5216852	1048576	96	5724012	1048576	96	0	0	47883	0	
1572864	1572864	507260	5216848	1048576	24	5724084	1048576	24	0	0	37459	0	
1572864	1572864	507260	5216848	1048576	84	5724024	1048576	84	0	0	45675	0	
1572864	1572864	507260	5216848	1048576	24	5724084	1048576	24	0	0	39309	0	
1572864	1572864	507264	5216844	1048576	96	5724012	1048576	96	0	0	50173	0	
1572864	1572864	507260	5216848	1048576	24	5724084	1048576	24	0	0	58691	0	
1572864	1572864	507256	5216852	1048576	96	5724012	1048576	96	0	0	57168	0	
1572864	1572864	507260	5216848	1048576	24	5724084	1048576	24	0	0	41270	0	
1572864	1572864	507260	5216848	1048576	84	5724024	1048576	84	0	0	50268	0	
1572864	1572864	507256	5216852	1048576	24	5724084	1048576	24	0	0	57727	0	
1572864	1572864	507256	5216852	1048576	96	5724012	1048576	96	0	0	57632	0	
1572864	1572864	507256	5216852	1048576	24	5724084	1048576	24	0	0	56131	0	
1572864	1572864	507260	5216848	1048576	24	5724084	1048576	24	0	0	48744	0	
1572864	1572864	507264	5216844	1048576	24	5724084	1048576	24	0	0	45538	0	
1572864	1572864	507260	5216848	1048576	24	5724084	1048576	24	0	0	51617	0	
1572864	1572864	507260	5216848	1048576	24	5724084	1048576	24	0	0	41078	0	
1572864	1572864	507256	5216852	1048576	24	5724084	1048576	24	0	0	56228	0	
1572864	1572864	507256	5216852	1048576	24	5724084	1048576	24	0	0	42788	0	
1572864	1572864	507260	5216848	1048576	24	5724084	1048576	24	0	0	73968	0	
1572864	1572864	507260	5216848	1048576	24	5724084	1048576	24	0	0	41169	0	
1572864	1572864	507260	5216848	1048576	24	5724084	1048576	24	0	0	49851	0	
1572864	1572864	507256	5216852	1048576	60	5724048	1048576	60	0	0	51098	0	
1572864	1572864	507260	5216848	1048576	24	5724084	1048576	24	0	0	37975	0	
1572864	1572864	507256	5216852	1048576	96	5724012	1048576	96	0	0	49288	0	
1572864	1572864	8332592	4	8884224	24	8332572	1048576	7825356	7825332	0	1735855	8151387	
1572864	1572864	507260	7825336	1048576	24	8332572	1048576	24	0	0	66613	0	
1572864	1572864	507256	7825340	1048576	60	8332536	1048576	60	0	0	53381	0	
1572864	1572864	507260	7825336	1048576	24	8332572	1048576	24	0	0	43176	0	
1572864	1572864	507256	7825340	1048576	84	8332512	1048576	84	0	0	51410	0	
1572864	1572864	507260	7825336	1048576	24	8332572	1048576	24	0	0	69266	0	
1572864	1572864	507260	7825336	1048576	96	8332500	1048576	96	0	0	55952	0	
1572864	1572864	507256	7825340	1048576	24	8332572	1048576	24	0	0	38055	0	
1572864	1572864	507264	7825332	1048576	96	8332500	1048576	96	0	0	53639	0	
1572864	1572864	507260	7825336	1048576	24	8332572	1048576	24	0	0	40771	0	
1572864	1572864	507256	7825340	1048576	96	8332500	1048576	96	0	0	52290	0	
1572864	1572864	507260	7825336	1048576	24	8332572	1048576	24	0	0	39353	0	
1572864	1572864	507260	7825336	1048576	96	8332500	1048576	96	0	0	46040	0	
1572864	1572864	507260	7825336	1048576	24	8332572	1048576	24	0	0	37381	0	
1572864	1572864	507264	7825332	1048576	96	8332500	1048576	96	0	0	50968	0	
1572864	1572864	507260	7825336	1048576	24	8332572	1048576	24	0	0	38778	0	
1572864	1572864	507260	7825336	1048576	24	8332572	1048576	24	0	0	88325	0	
1572864	1572864	507264	7825332	1048576	24	8332572	1048576	24	0	0	41166	0	
1572864	1572864	507260	7825336	1048576	24	8332572	1048576	24	0	0	49770	0	
1572864	1572864	507260	7825336	1048576	24	8332572	1048576	24	0	0	43454	0	
1572864	1572864	507260	7825336	1048576	24	8332572	1048576	24	0	0	46365	0	
1572864	1572864	507256	7825340	1048576	24	8332572	1048576	24	0	0	47287	0	
1572864	1572864	507260	7825336	1048576	24	8332572	1048576	24	0	0	48123	0	
1572864	1572864	507264	7825332	1048576	24	8332572	1048576	24	0	0	46473	0	
1572864	1572864	507256	7825340	1048576	24	8332572	1048576	24	0	0	54524	0	
1572864	1572864	507260	7825336	1048576	64	8332532	1048576	64	0	0	61941	0	
1572864	1572864	507260	7825336	1048576	24	8332572	1048576	24	0	0	56601	0	
1572864	1572864	507256	7825340	1048576	84	8332512	1048576	84	0	0	56706	0	
1572864	1572864	507260	7825336	1048576	24	8332572	1048576	24	0	0	42497	0	
1572864	1572864	507256	7825340	1048576	96	8332500	1048576	96	0	0	48322	0	
1572864	1572864	507260	7825336	1048576	24	8332572	1048576	24	0	0	39367	0	
1572864	1572864	507260	7825336	1048576	96	8332500	1048576	96	0	0	49768	0	
1572864	1572864	507212	7825384	1048576	12	8332584	1048576	12	0	0	40267	0	
1572864	1572864	507256	7825340	1048576	96	8332500	1048576	96	0	0	50500	0	
1572864	1572864	507260	7825336	1048576	24	8332572	1048576	24	0	0	39744	0	
1572864	1572864	507260	7825336	1048576	96	8332500	1048576	96	0	0	47120	0	
1572864	1572864	507260	7825336	1048576	24	8332572	1048576	24	0	0	54408	0	
1572864	1572864	507264	7825332	1048576	96	8332500	1048576	96	0	0	54541	0	
1572864	1572864	507260	7825336	1048576	24	8332572	1048576	24	0	0	37157	0	
1572864	1572864	507256	7825340	1048576	96	8332500	1048576	96	0	0	51524	0	
1572864	1572864	507256	7825340	1048576	24	8332572	1048576	24	0	0	42054	0	
1572864	1572864	507260	7825336	1048576	24	8332572	1048576	24	0	0	49591	0	
1572864	1572864	507260	7825336	1048576	24	8332572	1048576	24	0	0	44378	0	
1572864	1572864	507260	7825336	1048576	24	8332572	1048576	24	0	0	47594	0	
1572864	1572864	507256	7825340	1048576	1120	8331476	1048576	1120	0	0	45883	0	
1572864	1572864	507260	7825336	1048576	24	8332572	1048576	1120	1096	0	90141	97	
1572864	1572864	507264	7825332	1048576	24	8332572	1048576	24	0	0	42729	0	
1572864	1572864	507260	7825336	1048576	24	8332572	1048576	24	0	0	48488	0	
1572864	1572864	507260	7825336	1048576	24	8332572	1048576	24	0	0	50655	0	
1572864	1572864	507260	7825336	1048576	24	8332572	1048576	24	0	0	86513	0	
1572864	1572864	507256	7825340	1048576	60	8332536	1048576	60	0	0	57694	0	
1572864	1572864	507256	7825340	1048576	24	8332572	1048576	24	0	0	71879	0	
1572864	1572864	507256	7825340	1048576	84	8332512	1048576	84	0	0	53246	0	
1572864	1572864	507260	7825336	1048576	24	8332572	1048576	24	0	0	38328	0	
1572864	1572864	507260	7825336	1048576	96	8332500	1048576	96	0	0	52012	0	
1572864	1572864	507260	7825336	1048576	24	8332572	1048576	24	0	0	37239	0	
1572864	1572864	507264	7825332	1048576	96	8332500	1048576	96	0	0	46772	0	
1572864	1572864	507260	7825336	1048576	24	8332572	1048576	24	0	0	39166	0	
1572864	1572864	507256	7825340	1048576	96	8332500	1048576	96	0	0	47461	0	
1572864	1572864	507260	7825336	1048576	24	8332572	1048576	24	0	0	37592	0	
1572864	1572864	507264	7825332	1048576	84	8332512	1048576	84	0	0	48665	0	
1572864	1572864	507256	7825340	1048576	24	8332572	1048576	24	0	0	40083	0	
1572864	1572864	507256	7825340	1048576	84	8332512	1048576	84	0	0	52177	0	
1572864	1572864	507256	7825340	1048576	24	8332572	1048576	24	0	0	39248	0	
1572864	1572864	507260	7825336	1048576	24	8332572	1048576	24	0	0	46675	0	
1572864	1572864	507264	7825332	1048576	24	8332572	1048576	24	0	0	38064	0	
1572864	1572864	507260	7825336	1048576	24	8332572	1048576	24	0	0	49359	0	
1572864	1572864	507260	7825336	1048576	24	8332572	1048576	24	0	0	42054	0	
1572864	1572864	507256	7825340	1048576	24	8332572	1048576	24	0	0	52428	0	
1572864	1572864	507264	7825332	1048576	24	8332572	1048576	24	0	0	41454	0	
1572864	1572864	507260	7825336	1048576	24	8332572	1048576	24	0	0	48480	0	
1572864	1572864	507260	7825336	1048576	24	8332572	1048576	24	0	0	47226	0	
1572864	1572864	507260	7825336	1048576	24	8332572	1048576	24	0	0	48113	0	
1572864	1572864	507256	7825340	1048576	60	8332536	1048576	60	0	0	53438	0	
1572864	1572864	507260	7825336	1048576	24	8332572	1048576	24	0	0	43651	0	
1572864	1572864	507256	7825340	1048576	96	8332500	1048576	96	0	0	48360	0	
1572864	1572864	507260	7825336	1048576	24	8332572	1048576	24	0	0	38813	0	
1572864	1572864	507260	7825336	1048576	96	8332500	1048576	96	0	0	48414	0	
1572864	1572864	507260	7825336	1048576	24	8332572	1048576	24	0	0	37711	0	
1572864	1572864	507264	7825332	1048576	84	8332512	1048576	84	0	0	48538	0	
1572864	1572864	507260	7825336	1048576	24	8332572	1048576	24	0	0	39232	0	
1572864	1572864	507256	7825340	1048576	96	8332500	1048576	96	0	0	44948	0	
1572864	1572864	507260	7825336	1048576	24	8332572	1048576	24	0	0	38329	0	
1572864	1572864	507260	7825336	1048576	96	8332500	1048576	96	0	0	50872	0	
1572864	1572864	507260	7825336	1048576	24	8332572	1048576	24	0	0	43300	0	
1572864	1572864	507264	7825332	1048576	96	8332500	1048576	96	0	0	49052	0	
1572864	1572864	507256	7825340	1048576	24	8332572	1048576	24	0	0	38473	0	
1572864	1572864	507260	7825336	1048576	24	8332572	1048576	24	0	0	46424	0	
1572864	1572864	507264	7825332	1048576	24	8332572	1048576	24	0	0	43560	0	
1572864	1572864	507260	7825336	1048576	24	8332572	1048576	24	0	0	104062	0	
1572864	1572864	507260	7825336	1048576	24	8332572	1048576	24	0	0	50291	0	
1572864	1572864	507260	7825336	1048576	24	8332572	1048576	24	0	0	47811	0	
1572864	1572864	507256	7825340	1048576	24	8332572	1048576	24	0	0	40726	0	
1572864	1572864	507256	7825340	1048576	24	8332572	1048576	24	0	0	47556	0	
1572864	1572864	507264	7825332	1048576	24	8332572	1048576	24	0	0	40901	0	
1572864	1572864	507260	7825336	1048576	24	8332572	1048576	24	0	0	48146	0	
1572864	1572864	507256	7825340	1048576	64	8332532	1048576	64	0	0	55991	0	
1572864	1572864	507260	7825336	1048576	24	8332572	1048576	24	0	0	39391	0	
1572864	1572864	507256	7825340	1048576	84	8332512	1048576	84	0	0	47439	0	
1572864	1572864	507260	7825336	1048576	24	8332572	1048576	24	0	0	36849	0	
1572864	1572864	507256	7825340	1048576	96	8332500	1048576	96	0	0	45907	0	
1572864	1572864	507256	7825340	1048576	24	8332572	1048576	24	0	0	36016	0	
1572864	1572864	507264	7825332	1048576	96	8332500	1048576	96	0	0	46697	0	
1572864	1572864	507260	7825336	1048576	24	8332572	1048576	24	0	0	36299	0	
1572864	1572864	507256	7825340	1048576	96	8332500	1048576	96	0	0	46900	0	
1572864	1572864	507260	7825336	1048576	24	8332572	1048576	24	0	0	37246	0	
1572864	1572864	507260	7825336	1048576	84	8332512	1048576	84	0	0	48410	0	
1572864	1572864	507260	7825336	1048576	24	8332572	1048576	24	0	0	37638	0	
1572864	1572864	507264	7825332	1048576	96	8332500	1048576	96	0	0	46628	0	
1572864	1572864	507260	7825336	1048576	24	8332572	1048576	24	0	0	61324	0	
1572864	1572864	507260	7825336	1048576	24	8332572	1048576	24	0	0	48858	0	
1572864	1572864	507264	7825332	1048576	24	8332572	1048576	24	0	0	44247	0	
