b_initial_y_size_0	b_max_y_size_1	b_used_2	b_available_3	b_committed_4	a_used_5	a_available_6	a_committed_7	a_survived_8	a_promoted_9	a_copied_10	a_time_in_ns_11	promotion_rate_12
3145728	3145728	990900	1038156	2097152	370468	1658588	2097152	714880	433716	0	375554	98	
3145728	3145728	990924	1038132	2097152	355496	1673560	2097152	553576	272392	0	342497	96	
3145728	3145728	975824	1053232	2097152	388772	1640284	2097152	553648	272548	0	251581	96	
3145728	3145728	1009088	1019968	2097152	379132	1649924	2097152	553564	272464	0	243595	96	
3145728	3145728	999448	1029608	2097152	385352	1643704	2097152	553552	272452	0	310529	96	
3145728	3145728	1005612	1023444	2097152	348844	1680212	2097152	553684	272464	0	277350	96	
3145728	3145728	969160	1059896	2097152	388484	1640572	2097152	553696	272596	0	245266	96	
3145728	3145728	1008756	1020300	2097152	317072	1711984	2097152	553540	272452	0	241713	96	
3145728	3145728	937388	1091668	2097152	353120	1675936	2097152	553564	272464	0	254598	96	
3145728	3145728	973380	1055676	2097152	290236	1738820	2097152	553552	272464	0	313917	96	
3145728	3145728	927924	1101132	2097152	483652	1545404	2097152	641012	272464	0	271550	96	
3145728	3145728	1008080	1020976	2097152	305256	1723800	2097152	553768	272680	0	286383	73	
3145728	3145728	935916	1093140	2097152	388388	1640668	2097152	553564	272464	0	268159	96	
3145728	3145728	1008648	1020408	2097152	376572	1652484	2097152	553552	272464	0	259682	96	
3145728	3145728	996864	1032192	2097152	364456	1664600	2097152	555628	272464	0	250560	96	
3145728	3145728	984784	1044272	2097152	317104	1711952	2097152	555640	274540	0	222265	96	
3145728	3145728	937420	1091636	2097152	348844	1680212	2097152	553568	272464	0	253510	96	
3145728	3145728	969104	1059952	2097152	286496	1742560	2097152	553560	272468	0	286031	96	
3145728	3145728	1009632	1019424	2097152	606684	1422372	2097152	473664	0	0	231809	0	
3145728	3145728	938936	1090120	2097152	154248	1874808	2097152	612988	465040	0	297529	98	
3145728	3145728	970340	1058716	2097152	434304	1594752	2097152	556644	139324	0	212106	94	
3145728	3145728	976028	1053028	2097152	387568	1641488	2097152	689800	408696	0	393321	97	
3145728	3145728	1008000	1021056	2097152	368316	1660740	2097152	553564	272464	0	258468	96	
3145728	3145728	988772	1040284	2097152	317552	1711504	2097152	553404	272472	0	360139	96	
3145728	3145728	937828	1091228	2097152	355400	1673656	2097152	553384	272288	0	240868	96	
3145728	3145728	975696	1053360	2097152	369384	1659672	2097152	553576	272456	0	249322	96	
3145728	3145728	989976	1039080	2097152	364740	1664316	2097152	553740	272480	0	228061	96	
3145728	3145728	985216	1043840	2097152	359824	1669232	2097152	553740	272632	0	243785	96	
3145728	3145728	980428	1048628	2097152	305288	1723768	2097152	553892	272464	0	388674	96	
3145728	3145728	936088	1092968	2097152	284436	1744620	2097152	553908	272788	0	249475	96	
3145728	3145728	924488	1104568	2097152	430624	1598432	2097152	640820	272476	0	335577	96	
3145728	3145728	921112	1107944	2097152	550072	1478984	2097152	508692	0	0	171104	0	
3145728	3145728	996364	1032692	2097152	303688	1725368	2097152	694088	412828	0	348291	81	
3145728	3145728	936064	1092992	2097152	374072	1654984	2097152	553728	272620	0	306985	96	
3145728	3145728	994480	1034576	2097152	361332	1667724	2097152	553724	272464	0	301071	96	
3145728	3145728	981904	1047152	2097152	316928	1712128	2097152	553844	272632	0	253816	96	
3145728	3145728	937424	1091632	2097152	354788	1674268	2097152	553860	272584	0	246593	96	
3145728	3145728	975392	1053664	2097152	372068	1656988	2097152	553904	272632	0	310728	96	
3145728	3145728	992532	1036524	2097152	379384	1649672	2097152	553912	272644	0	342216	96	
3145728	3145728	1000000	1029056	2097152	323208	1705848	2097152	560216	272624	0	260242	96	
3145728	3145728	955636	1073420	2097152	285432	1743624	2097152	561052	278952	0	249969	96	
3145728	3145728	939900	1089156	2097152	432076	1596980	2097152	642952	273472	0	287423	96	
3145728	3145728	968688	1060368	2097152	348844	1680212	2097152	555872	273616	0	294576	74	
3145728	3145728	981284	1047772	2097152	366608	1662448	2097152	556040	273616	0	244211	96	
3145728	3145728	999084	1029972	2097152	286500	1742556	2097152	556044	273784	0	237775	96	
3145728	3145728	941944	1087112	2097152	395484	1633572	2097152	643276	273616	0	411628	96	
3145728	3145728	944416	1084640	2097152	303600	1725456	2097152	556212	273796	0	248367	74	
3145728	3145728	944608	1084448	2097152	389772	1639284	2097152	556368	273772	0	259684	96	
3145728	3145728	956288	1072768	2097152	390444	1638612	2097152	556684	273952	0	399346	96	
3145728	3145728	961104	1067952	2097152	394852	1634204	2097152	559896	274088	0	470619	96	
3145728	3145728	1009216	1019840	2097152	484116	1544940	2097152	464096	0	0	209119	0	
3145728	3145728	1014488	1014568	2097152	362740	1666316	2097152	717548	455456	0	375008	98	
3145728	3145728	959684	1069372	2097152	329812	1699244	2097152	556364	261852	0	278563	99	
3145728	3145728	962288	1066768	2097152	318288	1710768	2097152	568292	285872	0	224684	97	
3145728	3145728	950728	1078328	2097152	380624	1648432	2097152	556032	273776	0	240540	96	
3145728	3145728	1013076	1015980	2097152	373896	1655160	2097152	556040	273628	0	250320	96	
3145728	3145728	1006504	1022552	2097152	348844	1680212	2097152	556184	273772	0	281690	96	
3145728	3145728	981284	1047772	2097152	348844	1680212	2097152	556040	273772	0	212070	96	
3145728	3145728	981296	1047760	2097152	374412	1654644	2097152	555884	273628	0	291152	96	
3145728	3145728	1007044	1022012	2097152	306424	1722632	2097152	556032	273628	0	325655	96	
3145728	3145728	944392	1084664	2097152	297248	1731808	2097152	556184	273760	0	289074	96	
3145728	3145728	944392	1084664	2097152	320588	1708468	2097152	556028	273784	0	239130	96	
3145728	3145728	953028	1076028	2097152	377372	1651684	2097152	555860	273616	0	259290	96	
3145728	3145728	1010004	1019052	2097152	363392	1665664	2097152	556032	273616	0	240800	96	
3145728	3145728	996012	1033044	2097152	380300	1648756	2097152	556200	273772	0	243599	96	
3145728	3145728	1012932	1016124	2097152	299892	1729164	2097152	556368	273784	0	243743	96	
3145728	3145728	944392	1084664	2097152	285588	1743468	2097152	556376	273940	0	219995	96	
3145728	3145728	940476	1088580	2097152	405860	1623196	2097152	643604	273796	0	243491	96	
3145728	3145728	944276	1084780	2097152	389388	1639668	2097152	556204	273928	0	268539	74	
3145728	3145728	956264	1072792	2097152	285588	1743468	2097152	556068	273632	0	290518	96	
3145728	3145728	939868	1089188	2097152	381300	1647756	2097152	643268	273796	0	258693	96	
3145728	3145728	939892	1089164	2097152	485632	1543424	2097152	643252	273604	0	246042	74	
3145728	3145728	956060	1072996	2097152	286500	1742556	2097152	556196	273784	0	303643	74	
3145728	3145728	941668	1087388	2097152	447472	1581584	2097152	643252	273772	0	309192	96	
3145728	3145728	984060	1044996	2097152	286500	1742556	2097152	555876	273616	0	249078	74	
3145728	3145728	941632	1087424	2097152	431680	1597376	2097152	643108	273616	0	333594	96	
3145728	3145728	968268	1060788	2097152	380360	1648696	2097152	555892	273628	0	322736	74	
3145728	3145728	973608	1055448	2097152	607516	1421540	2097152	476168	0	0	200327	0	
3145728	3145728	944452	1084604	2097152	178696	1850360	2097152	613128	467524	0	365964	98	
3145728	3145728	1010832	1018224	2097152	445932	1583124	2097152	555648	136976	0	262262	94	
3145728	3145728	1010452	1018604	2097152	382512	1646544	2097152	692300	400924	0	313888	95	
3145728	3145728	956448	1072608	2097152	312132	1716924	2097152	565700	273628	0	255032	93	
3145728	3145728	944428	1084628	2097152	380408	1648648	2097152	565996	283428	0	231278	97	
3145728	3145728	1012764	1016292	2097152	398216	1630840	2097152	556184	273940	0	309532	96	
3145728	3145728	960564	1068492	2097152	295908	1733148	2097152	556032	273616	0	277903	96	
3145728	3145728	944236	1084820	2097152	354564	1674492	2097152	556028	273772	0	281701	96	
3145728	3145728	986956	1042100	2097152	301712	1727344	2097152	555872	273628	0	299577	96	
3145728	3145728	944060	1084996	2097152	321092	1707964	2097152	555708	273616	0	300178	96	
3145728	3145728	953460	1075596	2097152	295752	1733304	2097152	555708	273464	0	324936	96	
3145728	3145728	944212	1084844	2097152	378044	1651012	2097152	555860	273616	0	252654	96	
3145728	3145728	1010436	1018620	2097152	285592	1743464	2097152	555872	273616	0	262027	96	
3145728	3145728	939828	1089228	2097152	480524	1548532	2097152	643096	273616	0	284284	96	
3145728	3145728	955868	1073188	2097152	373248	1655808	2097152	555876	273616	0	307064	74	
3145728	3145728	1005628	1023428	2097152	380224	1648832	2097152	556016	273604	0	276091	96	
3145728	3145728	1012616	1016440	2097152	286460	1742596	2097152	556196	273784	0	256262	96	
3145728	3145728	940792	1088264	2097152	381296	1647760	2097152	643264	273772	0	251246	96	
3145728	3145728	939740	1089316	2097152	432368	1596688	2097152	643108	273628	0	241982	74	
3145728	3145728	968896	1060160	2097152	290972	1738084	2097152	555860	273616	0	266668	74	
3145728	3145728	944260	1084796	2097152	475476	1553580	2097152	555860	273616	0	244715	96	
3145728	3145728	1010636	1018420	2097152	318048	1711008	2097152	537776	273616	0	243727	96	
3145728	3145728	979716	1049340	2097152	295260	1733796	2097152	555872	263948	0	246596	99	
3145728	3145728	944296	1084760	2097152	380252	1648804	2097152	565540	283284	0	308632	97	
3145728	3145728	1012656	1016400	2097152	285564	1743492	2097152	555872	273616	0	240466	96	
3145728	3145728	939832	1089224	2097152	432392	1596664	2097152	643112	273616	0	246664	96	
3145728	3145728	968956	1060100	2097152	285596	1743460	2097152	555892	273632	0	270042	74	
3145728	3145728	939868	1089188	2097152	392476	1636580	2097152	643100	273620	0	243333	96	
3145728	3145728	944696	1084360	2097152	324728	1704328	2097152	562472	273616	0	267772	74	
3145728	3145728	957120	1071936	2097152	318244	1710812	2097152	562472	280216	0	229678	97	
3145728	3145728	950600	1078456	2097152	358196	1670860	2097152	555860	273616	0	250337	96	
3145728	3145728	990588	1038468	2097152	389732	1639324	2097152	555872	273616	0	274491	96	
3145728	3145728	955916	1073140	2097152	285588	1743468	2097152	555872	273616	0	294253	96	
3145728	3145728	939816	1089240	2097152	381296	1647760	2097152	643096	273616	0	383723	96	
3145728	3145728	939672	1089384	2097152	405524	1623532	2097152	643084	273616	0	258385	74	
3145728	3145728	944284	1084772	2097152	389220	1639836	2097152	555860	273604	0	233282	74	
3145728	3145728	955844	1073212	2097152	312132	1716924	2097152	555860	273616	0	279278	96	
3145728	3145728	944212	1084844	2097152	285560	1743496	2097152	555860	273616	0	250158	96	
3145728	3145728	939792	1089264	2097152	413376	1615680	2097152	643096	273616	0	348382	96	
3145728	3145728	973524	1055532	2097152	485864	1543192	2097152	475984	0	0	230627	0	
3145728	3145728	1014500	1014556	2097152	362932	1666124	2097152	728680	467356	0	358938	98	
3145728	3145728	961172	1067884	2097152	311660	1717396	2097152	556028	261216	0	298340	99	
3145728	3145728	944596	1084460	2097152	316576	1712480	2097152	568588	286172	0	322622	97	
3145728	3145728	949016	1080040	2097152	380504	1648552	2097152	556208	273772	0	273747	96	
3145728	3145728	1012944	1016112	2097152	371448	1657608	2097152	556040	273796	0	244396	96	
3145728	3145728	1004056	1025000	2097152	374072	1654984	2097152	556184	273616	0	329138	96	
3145728	3145728	1006512	1022544	2097152	371676	1657380	2097152	556172	273928	0	258210	96	
3145728	3145728	1004116	1024940	2097152	370872	1658184	2097152	555872	273616	0	391973	96	
3145728	3145728	1003312	1025744	2097152	352068	1676988	2097152	555860	273616	0	295600	96	
3145728	3145728	984520	1044536	2097152	355248	1673808	2097152	555848	273616	0	229829	96	
3145728	3145728	987676	1041380	2097152	381676	1647380	2097152	555848	273604	0	336063	96	
3145728	3145728	1014116	1014940	2097152	368800	1660256	2097152	555860	273616	0	300722	96	
3145728	3145728	1001228	1027828	2097152	462356	1566700	2097152	555860	273616	0	350101	96	
3145728	3145728	1014524	1014532	2097152	364176	1664880	2097152	554636	273616	0	264860	96	
3145728	3145728	1009232	1019824	2097152	368300	1660756	2097152	556048	263952	0	311328	93	
3145728	3145728	1000788	1028268	2097152	373204	1655852	2097152	565736	283452	0	276942	97	
3145728	3145728	1005656	1023400	2097152	291412	1737644	2097152	556064	273640	0	282848	96	
3145728	3145728	944380	1084676	2097152	398196	1630860	2097152	556028	273784	0	410983	96	
3145728	3145728	960548	1068508	2097152	318260	1710796	2097152	555880	273616	0	252332	96	
3145728	3145728	950688	1078368	2097152	363304	1665752	2097152	555876	273620	0	258790	96	
3145728	3145728	995912	1033144	2097152	390092	1638964	2097152	556040	273628	0	313749	96	
3145728	3145728	956240	1072816	2097152	285592	1743464	2097152	556196	273784	0	262191	96	
3145728	3145728	940288	1088768	2097152	397112	1631944	2097152	643412	273772	0	297578	96	
3145728	3145728	944368	1084688	2097152	389540	1639516	2097152	556040	273772	0	250895	74	
3145728	3145728	956036	1073020	2097152	356752	1672304	2097152	555860	273628	0	277866	96	
3145728	3145728	989396	1039660	2097152	348844	1680212	2097152	556008	273604	0	268071	96	
3145728	3145728	981296	1047760	2097152	356944	1672112	2097152	556016	273760	0	268988	96	
3145728	3145728	989384	1039672	2097152	353916	1675140	2097152	555884	273628	0	264413	96	
3145728	3145728	986548	1042508	2097152	323924	1705132	2097152	562368	273616	0	406704	96	
3145728	3145728	956556	1072500	2097152	285572	1743484	2097152	562704	280108	0	322326	97	
3145728	3145728	940408	1088648	2097152	409068	1619988	2097152	643768	273952	0	327585	96	
3145728	3145728	944596	1084460	2097152	358352	1670704	2097152	556524	273952	0	326474	74	
3145728	3145728	990816	1038240	2097152	370412	1658644	2097152	556368	273928	0	262618	96	
3145728	3145728	1003044	1026012	2097152	286500	1742556	2097152	556392	273796	0	247783	96	
3145728	3145728	941776	1087280	2097152	416308	1612748	2097152	643444	273952	0	335560	96	
3145728	3145728	952932	1076124	2097152	353920	1675136	2097152	555848	273628	0	262966	74	
3145728	3145728	986564	1042492	2097152	348844	1680212	2097152	556176	273592	0	273731	96	
3145728	3145728	981284	1047772	2097152	368864	1660192	2097152	556352	273940	0	357573	96	
3145728	3145728	1001508	1027548	2097152	285588	1743468	2097152	556344	273784	0	263585	96	
3145728	3145728	940520	1088536	2097152	425816	1603240	2097152	643736	273916	0	329368	96	
3145728	3145728	962620	1066436	2097152	363384	1665672	2097152	556548	273952	0	275315	74	
3145728	3145728	996028	1033028	2097152	390144	1638912	2097152	556536	273952	0	243151	96	
3145728	3145728	956112	1072944	2097152	390128	1638928	2097152	556216	273940	0	315365	96	
3145728	3145728	956444	1072612	2097152	380200	1648856	2097152	556228	273632	0	276050	96	
3145728	3145728	1012832	1016224	2097152	389760	1639296	2097152	556536	273952	0	241576	96	
3145728	3145728	956432	1072624	2097152	286500	1742556	2097152	556524	273940	0	334865	96	
3145728	3145728	942428	1086628	2097152	476836	1552220	2097152	644084	273940	0	268601	96	
3145728	3145728	1013640	1015416	2097152	318256	1710800	2097152	556696	274280	0	269162	74	
3145728	3145728	950888	1078168	2097152	368624	1660432	2097152	556356	273772	0	257702	96	
3145728	3145728	1001064	1027992	2097152	377788	1651268	2097152	556196	273940	0	257762	96	
3145728	3145728	1010144	1018912	2097152	363460	1665596	2097152	556028	273628	0	257343	96	
3145728	3145728	995852	1033204	2097152	363404	1665652	2097152	556004	273772	0	256223	96	
3145728	3145728	995772	1033284	2097152	285556	1743500	2097152	555848	273604	0	269346	96	
3145728	3145728	939788	1089268	2097152	476824	1552232	2097152	643096	273616	0	254108	96	
3145728	3145728	1013364	1015692	2097152	290944	1738112	2097152	555860	273616	0	235339	74	
3145728	3145728	944320	1084736	2097152	286500	1742556	2097152	555872	273616	0	249911	96	
3145728	3145728	941944	1087112	2097152	458744	1570312	2097152	643256	273616	0	259918	96	
3145728	3145728	995332	1033724	2097152	286500	1742556	2097152	556040	273772	0	359271	74	
3145728	3145728	944512	1084544	2097152	394456	1634600	2097152	559080	273640	0	797385	96	
3145728	3145728	1009060	1019996	2097152	585248	1443808	2097152	464240	0	0	191159	0	
3145728	3145728	944356	1084700	2097152	145860	1883196	2097152	601064	455612	0	259219	98	
3145728	3145728	990104	1038952	2097152	519256	1509800	2097152	556044	136808	0	205722	94	
3145728	3145728	1014400	1014656	2097152	350624	1678432	2097152	660636	410592	0	291583	97	
3145728	3145728	978580	1050476	2097152	380928	1648128	2097152	555872	246480	0	246083	98	
3145728	3145728	1013536	1015520	2097152	301388	1727668	2097152	583180	300764	0	278022	97	
3145728	3145728	944356	1084700	2097152	334472	1694584	2097152	556200	273772	0	219664	96	
3145728	3145728	966900	1062156	2097152	303736	1725320	2097152	556208	273784	0	249428	96	
3145728	3145728	944332	1084724	2097152	363004	1666052	2097152	556028	273796	0	307520	96	
3145728	3145728	995576	1033480	2097152	305664	1723392	2097152	556184	273604	0	242201	96	
3145728	3145728	944344	1084712	2097152	301036	1728020	2097152	556196	273940	0	236811	96	
3145728	3145728	944536	1084520	2097152	359528	1669528	2097152	556032	273616	0	296344	96	
3145728	3145728	991944	1037112	2097152	353304	1675752	2097152	556028	273772	0	252508	96	
3145728	3145728	985732	1043324	2097152	293864	1735192	2097152	555872	273628	0	346003	96	
3145728	3145728	944560	1084496	2097152	355716	1673340	2097152	556200	273616	0	310732	96	
3145728	3145728	988084	1040972	2097152	318236	1710820	2097152	556196	273940	0	230661	96	
3145728	3145728	950640	1078416	2097152	372456	1656600	2097152	555876	273628	0	314075	96	
3145728	3145728	1004824	1024232	2097152	353724	1675332	2097152	555852	273608	0	239627	96	
3145728	3145728	986116	1042940	2097152	318244	1710812	2097152	555884	273616	0	310415	96	
3145728	3145728	950600	1078456	2097152	389776	1639280	2097152	555872	273628	0	241987	96	
3145728	3145728	955880	1073176	2097152	318092	1710964	2097152	555860	273616	0	258323	96	
3145728	3145728	950460	1078596	2097152	388404	1640652	2097152	555848	273604	0	303119	96	
3145728	3145728	955836	1073220	2097152	365616	1663440	2097152	555876	273616	0	316847	96	
3145728	3145728	997972	1031084	2097152	318232	1710824	2097152	555864	273620	0	294943	96	
3145728	3145728	950600	1078456	2097152	367900	1661156	2097152	555860	273616	0	247906	96	
3145728	3145728	1000256	1028800	2097152	353728	1675328	2097152	555860	273616	0	249594	96	
3145728	3145728	986096	1042960	2097152	356832	1672224	2097152	555860	273616	0	305008	96	
3145728	3145728	989188	1039868	2097152	306560	1722496	2097152	555860	273616	0	338206	96	
3145728	3145728	944224	1084832	2097152	374324	1654732	2097152	555848	273604	0	260470	96	
3145728	3145728	1006716	1022340	2097152	361432	1667624	2097152	562036	273616	0	233236	96	
3145728	3145728	993836	1035220	2097152	327404	1701652	2097152	562036	279780	0	327151	97	
3145728	3145728	959808	1069248	2097152	348956	1680100	2097152	555872	273616	0	257351	96	
3145728	3145728	981348	1047708	2097152	316224	1712832	2097152	555856	273616	0	285103	96	
3145728	3145728	944312	1084744	2097152	407684	1621372	2097152	555872	273600	0	279890	96	
3145728	3145728	973536	1055520	2097152	295752	1733304	2097152	555876	273632	0	377198	96	
3145728	3145728	944224	1084832	2097152	356904	1672152	2097152	555860	273616	0	223434	96	
3145728	3145728	989308	1039748	2097152	303012	1726044	2097152	555860	273616	0	331131	96	
3145728	3145728	944284	1084772	2097152	330464	1698592	2097152	555860	273604	0	235682	96	
3145728	3145728	962832	1066224	2097152	370144	1658912	2097152	555860	273616	0	198211	96	
3145728	3145728	1002500	1026556	2097152	318228	1710828	2097152	556004	273616	0	271752	96	
3145728	3145728	950872	1078184	2097152	295068	1733988	2097152	556176	273760	0	303764	96	
3145728	3145728	944392	1084664	2097152	398420	1630636	2097152	556196	273772	0	270030	96	
3145728	3145728	961028	1068028	2097152	475820	1553236	2097152	556340	273784	0	318243	96	
3145728	3145728	1011064	1017992	2097152	348844	1680212	2097152	538100	273928	0	296901	96	
3145728	3145728	1010872	1018184	2097152	296008	1733048	2097152	556208	263948	0	246268	99	
3145728	3145728	944416	1084640	2097152	380416	1648640	2097152	565892	283616	0	409893	97	
3145728	3145728	1012880	1016176	2097152	389604	1639452	2097152	556060	273632	0	282466	96	
3145728	3145728	956408	1072648	2097152	363572	1665484	2097152	556368	273784	0	266688	96	
3145728	3145728	996012	1033044	2097152	389956	1639100	2097152	556196	273940	0	316733	96	
3145728	3145728	956228	1072828	2097152	285588	1743468	2097152	556040	273628	0	269325	96	
3145728	3145728	940196	1088860	2097152	405464	1623592	2097152	643404	273772	0	271522	96	
3145728	3145728	944392	1084664	2097152	291072	1737984	2097152	556012	273768	0	305350	74	
3145728	3145728	944380	1084676	2097152	363316	1665740	2097152	555872	273616	0	279738	96	
3145728	3145728	995756	1033300	2097152	389540	1639516	2097152	555872	273628	0	285391	96	
3145728	3145728	956252	1072804	2097152	380344	1648712	2097152	556036	273616	0	329431	96	
3145728	3145728	1012952	1016104	2097152	285592	1743464	2097152	556356	273776	0	264570	96	
3145728	3145728	940252	1088804	2097152	468452	1560604	2097152	643576	273940	0	296584	96	
3145728	3145728	1004900	1024156	2097152	290972	1738084	2097152	555864	273772	0	309285	74	
3145728	3145728	944416	1084640	2097152	380188	1648868	2097152	555724	273464	0	286738	96	
3145728	3145728	1012820	1016236	2097152	285588	1743468	2097152	556212	273616	0	305801	96	
3145728	3145728	940360	1088696	2097152	494364	1534692	2097152	643616	273952	0	348476	96	
3145728	3145728	960860	1068196	2097152	318240	1710816	2097152	556052	273796	0	287900	74	
3145728	3145728	950848	1078208	2097152	380304	1648752	2097152	556052	273628	0	260641	96	
3145728	3145728	1012756	1016300	2097152	468504	1560552	2097152	556184	273784	0	320817	96	
3145728	3145728	1014516	1014540	2097152	382500	1646556	2097152	548632	273772	0	275291	96	
3145728	3145728	963952	1065104	2097152	354604	1674452	2097152	556180	263948	0	268022	96	
3145728	3145728	987300	1041756	2097152	348844	1680212	2097152	566164	283596	0	267582	97	
3145728	3145728	981184	1047872	2097152	348856	1680200	2097152	556044	273916	0	287177	96	
3145728	3145728	981376	1047680	2097152	363288	1665768	2097152	555908	273480	0	325807	96	
3145728	3145728	995984	1033072	2097152	348856	1680200	2097152	556380	273776	0	289315	96	
3145728	3145728	981528	1047528	2097152	285584	1743472	2097152	556392	273952	0	295089	96	
3145728	3145728	940288	1088768	2097152	414056	1615000	2097152	643292	273788	0	291788	96	
3145728	3145728	950732	1078324	2097152	389660	1639396	2097152	555896	273636	0	264415	74	
3145728	3145728	956544	1072512	2097152	389696	1639360	2097152	556168	273624	0	282914	96	
3145728	3145728	957168	1071888	2097152	286564	1742492	2097152	557152	273892	0	275642	96	
3145728	3145728	941912	1087144	2097152	480556	1548500	2097152	644272	274612	0	348887	96	
3145728	3145728	956404	1072652	2097152	289424	1739632	2097152	556240	273788	0	282767	74	
3145728	3145728	944808	1084248	2097152	405584	1623472	2097152	643460	273800	0	253842	96	
3145728	3145728	944488	1084568	2097152	353916	1675140	2097152	556060	273788	0	269412	74	
3145728	3145728	986424	1042632	2097152	286504	1742552	2097152	555908	273636	0	251354	96	
3145728	3145728	942044	1087012	2097152	476120	1552936	2097152	643284	273624	0	257755	96	
3145728	3145728	1012832	1016224	2097152	290944	1738112	2097152	556232	273792	0	408549	74	
3145728	3145728	974040	1055016	2097152	556924	1472132	2097152	476160	0	0	394839	0	
3145728	3145728	932176	1096880	2097152	348780	1680276	2097152	700192	467512	0	305104	98	
3145728	3145728	1014512	1014544	2097152	614984	1414072	2097152	608080	136812	0	279859	58	
3145728	3145728	976992	1052064	2097152	213436	1815620	2097152	556064	373648	0	241961	79	
3145728	3145728	1014504	1014552	2097152	432468	1596588	2097152	567652	173764	0	322070	95	
3145728	3145728	1010952	1018104	2097152	390408	1638648	2097152	674768	392112	0	297048	99	
3145728	3145728	984708	1044348	2097152	377036	1652020	2097152	574540	282440	0	304937	99	
3145728	3145728	1009556	1019500	2097152	359836	1669220	2097152	565736	283448	0	338561	97	
3145728	3145728	992320	1036736	2097152	373364	1655692	2097152	556044	273640	0	321461	96	
3145728	3145728	1005872	1023184	2097152	309468	1719588	2097152	556040	273768	0	310304	96	
3145728	3145728	944440	1084616	2097152	389640	1639416	2097152	555884	273624	0	322956	96	
3145728	3145728	956140	1072916	2097152	374072	1654984	2097152	555884	273624	0	278397	96	
3145728	3145728	1006604	1022452	2097152	371640	1657416	2097152	555856	273624	0	236337	96	
3145728	3145728	1003968	1025088	2097152	375644	1653412	2097152	555696	273580	0	256456	96	
3145728	3145728	1008140	1020916	2097152	370104	1658952	2097152	555740	273480	0	269669	96	
3145728	3145728	1002588	1026468	2097152	308400	1720656	2097152	555896	273624	0	268577	96	
3145728	3145728	944512	1084544	2097152	372620	1656436	2097152	555744	273624	0	273269	96	
3145728	3145728	1005128	1023928	2097152	373440	1655616	2097152	555764	273468	0	279719	96	
3145728	3145728	1005912	1023144	2097152	338556	1690500	2097152	555908	273648	0	249767	96	
3145728	3145728	971040	1058016	2097152	380124	1648932	2097152	555884	273624	0	393865	96	
3145728	3145728	1012596	1016460	2097152	377604	1651452	2097152	555884	273624	0	242057	96	
3145728	3145728	1010100	1018956	2097152	370920	1658136	2097152	555908	273624	0	333167	96	
3145728	3145728	1003452	1025604	2097152	356880	1672176	2097152	555900	273624	0	348244	96	
3145728	3145728	989364	1039692	2097152	373080	1655976	2097152	556060	273624	0	323245	96	
3145728	3145728	1005552	1023504	2097152	369392	1659664	2097152	556048	273788	0	297718	96	
3145728	3145728	1001888	1027168	2097152	389904	1639152	2097152	555884	273624	0	254225	96	
3145728	3145728	956204	1072852	2097152	372228	1656828	2097152	555880	273608	0	337552	96	
3145728	3145728	1004700	1024356	2097152	289640	1739416	2097152	555884	273624	0	357811	96	
3145728	3145728	944560	1084496	2097152	413196	1615860	2097152	643116	273624	0	245709	96	
3145728	3145728	949860	1079196	2097152	370356	1658700	2097152	562048	273624	0	270709	74	
3145728	3145728	1002840	1026216	2097152	318224	1710832	2097152	562048	279788	0	286438	97	
3145728	3145728	950860	1078196	2097152	355796	1673260	2097152	556024	273624	0	312212	96	
3145728	3145728	988304	1040752	2097152	348844	1680212	2097152	556036	273764	0	271584	96	
3145728	3145728	981184	1047872	2097152	379332	1649724	2097152	555728	273624	0	314759	96	
3145728	3145728	1012004	1017052	2097152	371832	1657224	2097152	555892	273468	0	330376	96	
3145728	3145728	1004340	1024716	2097152	367532	1661524	2097152	556048	273776	0	260270	96	
3145728	3145728	1000228	1028828	2097152	349860	1679196	2097152	556052	273624	0	258493	96	
3145728	3145728	982344	1046712	2097152	318228	1710828	2097152	556048	273776	0	324399	96	
3145728	3145728	950736	1078320	2097152	326376	1702680	2097152	555912	273636	0	318038	96	
3145728	3145728	958896	1070160	2097152	349608	1679448	2097152	555912	273628	0	329314	96	
3145728	3145728	982152	1046904	2097152	373816	1655240	2097152	555916	273636	0	303226	96	
3145728	3145728	1006524	1022532	2097152	306444	1722612	2097152	556080	273628	0	350660	96	
3145728	3145728	944464	1084592	2097152	384616	1644440	2097152	556072	273800	0	267413	96	
3145728	3145728	956216	1072840	2097152	359732	1669324	2097152	555896	273636	0	267079	96	
3145728	3145728	992252	1036804	2097152	310200	1718856	2097152	555896	273624	0	267407	96	
3145728	3145728	944524	1084532	2097152	366652	1662404	2097152	555884	273624	0	276720	96	
3145728	3145728	999148	1029908	2097152	380496	1648560	2097152	555884	273624	0	253029	96	
3145728	3145728	1013016	1016040	2097152	348856	1680200	2097152	555908	273624	0	215217	96	
3145728	3145728	981376	1047680	2097152	295756	1733300	2097152	555896	273636	0	264368	96	
3145728	3145728	944512	1084544	2097152	309040	1720016	2097152	555884	273624	0	223016	96	
3145728	3145728	944296	1084760	2097152	367484	1661572	2097152	555728	273624	0	302157	96	
3145728	3145728	999992	1029064	2097152	362904	1666152	2097152	555740	273468	0	249105	96	
3145728	3145728	995436	1033620	2097152	285596	1743460	2097152	555896	273624	0	273607	96	
3145728	3145728	940316	1088740	2097152	381312	1647744	2097152	643116	273624	0	361904	96	
3145728	3145728	940416	1088640	2097152	453764	1575292	2097152	643272	273624	0	309910	74	
3145728	3145728	990604	1038452	2097152	389472	1639584	2097152	556364	273776	0	297261	74	
3145728	3145728	956204	1072852	2097152	380644	1648412	2097152	556200	273940	0	328632	96	
3145728	3145728	1013032	1016024	2097152	348844	1680212	2097152	555908	273624	0	297015	96	
3145728	3145728	981516	1047540	2097152	289380	1739676	2097152	556220	273632	0	244213	96	
3145728	3145728	944160	1084896	2097152	390968	1638088	2097152	643448	273952	0	327010	96	
3145728	3145728	944536	1084520	2097152	366056	1663000	2097152	556076	273624	0	257352	74	
3145728	3145728	998716	1030340	2097152	371704	1657352	2097152	556388	273800	0	258623	96	
3145728	3145728	1004248	1024808	2097152	286504	1742552	2097152	556216	273940	0	336791	96	
3145728	3145728	941936	1087120	2097152	432144	1596912	2097152	643284	273624	0	288930	96	
3145728	3145728	968856	1060200	2097152	389660	1639396	2097152	556240	273788	0	252510	74	
3145728	3145728	956440	1072616	2097152	361436	1667620	2097152	556240	273800	0	318858	96	
3145728	3145728	993956	1035100	2097152	285564	1743492	2097152	556224	273788	0	266469	96	
3145728	3145728	940712	1088344	2097152	386196	1642860	2097152	643612	273800	0	279950	96	
3145728	3145728	944676	1084380	2097152	290944	1738112	2097152	556540	273940	0	368915	74	
3145728	3145728	944512	1084544	2097152	286504	1742552	2097152	556224	273952	0	261736	96	
3145728	3145728	941948	1087108	2097152	407828	1621228	2097152	643108	273612	0	289680	96	
3145728	3145728	944512	1084544	2097152	285592	1743464	2097152	555908	273624	0	336174	74	
3145728	3145728	940356	1088700	2097152	431668	1597388	2097152	643132	273636	0	313265	96	
3145728	3145728	968496	1060560	2097152	363384	1665672	2097152	556224	273624	0	275420	74	
3145728	3145728	995916	1033140	2097152	358200	1670856	2097152	556228	273952	0	333705	96	
3145728	3145728	990708	1038348	2097152	363896	1665160	2097152	556060	273624	0	322200	96	
3145728	3145728	996416	1032640	2097152	306408	1722648	2097152	556036	273788	0	274658	96	
3145728	3145728	944712	1084344	2097152	319648	1709408	2097152	556052	273612	0	349888	96	
3145728	3145728	952332	1076724	2097152	318256	1710800	2097152	556392	273788	0	257708	96	
3145728	3145728	950940	1078116	2097152	389804	1639252	2097152	556544	273952	0	261965	96	
3145728	3145728	956640	1072416	2097152	286504	1742552	2097152	556544	273940	0	324758	96	
3145728	3145728	941912	1087144	2097152	476836	1552220	2097152	643608	273952	0	295542	96	
3145728	3145728	1013664	1015392	2097152	318256	1710800	2097152	556212	273788	0	266069	74	
3145728	3145728	950764	1078292	2097152	380700	1648356	2097152	556048	273776	0	331375	96	
3145728	3145728	1013184	1015872	2097152	290944	1738112	2097152	555884	273624	0	279585	96	
3145728	3145728	944464	1084592	2097152	380188	1648868	2097152	555896	273624	0	296638	96	
3145728	3145728	1012684	1016372	2097152	286504	1742552	2097152	556072	273636	0	242715	96	
3145728	3145728	942040	1087016	2097152	405696	1623360	2097152	643432	273788	0	279207	96	
3145728	3145728	944700	1084356	2097152	306440	1722616	2097152	556368	273776	0	262008	74	
3145728	3145728	944664	1084392	2097152	363440	1665616	2097152	556380	273940	0	291658	96	
3145728	3145728	996124	1032932	2097152	363440	1665616	2097152	556228	273788	0	280959	96	
3145728	3145728	996136	1032920	2097152	285592	1743464	2097152	556392	273788	0	305537	96	
3145728	3145728	940416	1088640	2097152	381308	1647748	2097152	643608	273952	0	284579	96	
3145728	3145728	940344	1088712	2097152	468620	1560436	2097152	643444	273788	0	302116	74	
3145728	3145728	1005260	1023796	2097152	363432	1665624	2097152	556224	273788	0	274958	74	
3145728	3145728	995880	1033176	2097152	353904	1675152	2097152	556048	273788	0	274446	96	
3145728	3145728	986528	1042528	2097152	285560	1743496	2097152	556048	273624	0	269064	96	
3145728	3145728	940108	1088948	2097152	405316	1623740	2097152	643280	273788	0	284908	96	
3145728	3145728	944416	1084640	2097152	293980	1735076	2097152	556048	273624	0	286369	74	
3145728	3145728	944404	1084652	2097152	380308	1648748	2097152	556060	273776	0	266117	96	
3145728	3145728	1012744	1016312	2097152	290976	1738080	2097152	555900	273636	0	286099	96	
3145728	3145728	944568	1084488	2097152	373380	1655676	2097152	556040	273628	0	392244	96	
3145728	3145728	1005828	1023228	2097152	353904	1675152	2097152	556036	273776	0	274562	96	
3145728	3145728	986388	1042668	2097152	290944	1738112	2097152	555896	273624	0	286322	96	
3145728	3145728	944428	1084628	2097152	389536	1639520	2097152	555884	273624	0	294950	96	
3145728	3145728	956096	1072960	2097152	389544	1639512	2097152	555884	273612	0	297796	96	
3145728	3145728	956072	1072984	2097152	285560	1743496	2097152	555884	273624	0	284765	96	
3145728	3145728	940668	1088388	2097152	381300	1647756	2097152	643436	273624	0	282736	96	
3145728	3145728	940440	1088616	2097152	422804	1606252	2097152	643668	273940	0	300304	74	
3145728	3145728	959632	1069424	2097152	389816	1639240	2097152	556456	273856	0	262156	74	
3145728	3145728	956404	1072652	2097152	389708	1639348	2097152	556392	273952	0	345570	96	
3145728	3145728	956396	1072660	2097152	285596	1743460	2097152	556232	273788	0	293317	96	
3145728	3145728	940280	1088776	2097152	476836	1552220	2097152	643292	273792	0	319834	96	
3145728	3145728	1013500	1015556	2097152	318248	1710808	2097152	555904	273632	0	333540	74	
3145728	3145728	950744	1078312	2097152	318256	1710800	2097152	555908	273624	0	346498	96	
3145728	3145728	950764	1078292	2097152	365228	1663828	2097152	559016	273636	0	610616	96	
3145728	3145728	997876	1031180	2097152	359996	1669060	2097152	560796	275168	0	1170586	96	
3145728	3145728	943848	1085208	2097152	654432	1374624	2097152	510428	0	0	314623	0	
3145728	3145728	933740	1095316	2097152	254324	1774732	2097152	647076	414560	0	242085	81	
3145728	3145728	1002676	1026380	2097152	534772	1494284	2097152	555896	136644	0	254797	58	
3145728	3145728	1014304	1014752	2097152	444936	1584120	2097152	744984	410600	0	340030	97	
3145728	3145728	1013968	1015088	2097152	305688	1723368	2097152	519516	236748	0	255818	70	
3145728	3145728	1007852	1021204	2097152	385140	1643916	2097152	593280	279384	0	287121	98	
3145728	3145728	955908	1073148	2097152	313364	1715692	2097152	587220	305244	0	266104	97	
3145728	3145728	944480	1084576	2097152	326772	1702284	2097152	555592	273328	0	297565	96	
3145728	3145728	959280	1069776	2097152	304860	1724196	2097152	555888	273628	0	258232	96	
3145728	3145728	944476	1084580	2097152	294580	1734476	2097152	555896	273624	0	267629	96	
3145728	3145728	944476	1084580	2097152	313816	1715240	2097152	555896	273624	0	267177	96	
3145728	3145728	944676	1084380	2097152	363608	1665448	2097152	556216	273624	0	259852	96	
3145728	3145728	996140	1032916	2097152	300172	1728884	2097152	556392	273940	0	303708	96	
3145728	3145728	944724	1084332	2097152	305320	1723736	2097152	556404	273800	0	265209	96	
3145728	3145728	944476	1084580	2097152	366476	1662580	2097152	556068	273952	0	306163	96	
3145728	3145728	998804	1030252	2097152	383072	1645984	2097152	555584	273480	0	264834	96	
3145728	3145728	946056	1083000	2097152	383848	1645208	2097152	556044	273468	0	237580	96	
3145728	3145728	946456	1082600	2097152	305260	1723796	2097152	556216	273940	0	297728	96	
3145728	3145728	944644	1084412	2097152	379864	1649192	2097152	555992	273624	0	334564	96	
3145728	3145728	1012408	1016648	2097152	381808	1647248	2097152	556008	273732	0	279403	96	
3145728	3145728	1014304	1014752	2097152	378564	1650492	2097152	555896	273624	0	278461	96	
3145728	3145728	1011072	1017984	2097152	290908	1738148	2097152	556072	273636	0	260485	96	
3145728	3145728	944712	1084344	2097152	361756	1667300	2097152	556216	273788	0	304766	96	
3145728	3145728	994120	1034936	2097152	361252	1667804	2097152	555892	273776	0	329656	96	
3145728	3145728	993936	1035120	2097152	376008	1653048	2097152	556056	273480	0	290493	96	
3145728	3145728	1008564	1020492	2097152	379908	1649148	2097152	556216	273940	0	416685	96	
3145728	3145728	1012440	1016616	2097152	318260	1710796	2097152	555896	273624	0	332845	96	
3145728	3145728	950768	1078288	2097152	380396	1648660	2097152	555896	273636	0	289957	96	
3145728	3145728	1012916	1016140	2097152	393404	1635652	2097152	556048	273624	0	275052	96	
3145728	3145728	958304	1070752	2097152	368400	1660656	2097152	562212	273788	0	362233	96	
3145728	3145728	1000800	1028256	2097152	312000	1717056	2097152	562212	279788	0	439896	97	
3145728	3145728	944284	1084772	2097152	365072	1663984	2097152	556048	273776	0	293860	96	
3145728	3145728	997448	1031608	2097152	335300	1693756	2097152	555728	273624	0	273183	96	
3145728	3145728	967888	1061168	2097152	373020	1656036	2097152	555900	273468	0	338060	96	
3145728	3145728	1005432	1023624	2097152	364464	1664592	2097152	556064	273780	0	289485	96	
3145728	3145728	996840	1032216	2097152	352132	1676924	2097152	556048	273636	0	440802	96	
3145728	3145728	984520	1044536	2097152	294300	1734756	2097152	556036	273776	0	336788	96	
3145728	3145728	944272	1084784	2097152	398076	1630980	2097152	555884	273624	0	301554	96	
3145728	3145728	960396	1068660	2097152	305104	1723952	2097152	556052	273624	0	317014	96	
3145728	3145728	944676	1084380	2097152	290908	1738148	2097152	556916	273776	0	302381	96	
3145728	3145728	944512	1084544	2097152	356696	1672360	2097152	556776	274504	0	289662	96	
3145728	3145728	989216	1039840	2097152	357136	1671920	2097152	555868	273624	0	351682	96	
3145728	3145728	989680	1039376	2097152	314708	1714348	2097152	555876	273608	0	311017	96	
3145728	3145728	944524	1084532	2097152	379512	1649544	2097152	556064	273616	0	430405	96	
3145728	3145728	1012032	1017024	2097152	379328	1649728	2097152	556060	273800	0	336428	96	
3145728	3145728	1011716	1017340	2097152	366636	1662420	2097152	555744	273624	0	291815	96	
3145728	3145728	999144	1029912	2097152	371032	1658024	2097152	555892	273468	0	282192	96	
3145728	3145728	1003552	1025504	2097152	368584	1660472	2097152	556048	273788	0	270900	96	
3145728	3145728	1000984	1028072	2097152	289728	1739328	2097152	555884	273612	0	417749	96	
3145728	3145728	945152	1083904	2097152	410716	1618340	2097152	643444	273620	0	304101	96	
3145728	3145728	944676	1084380	2097152	291296	1737760	2097152	556552	273952	0	355725	74	
3145728	3145728	944548	1084508	2097152	317952	1711104	2097152	556392	273952	0	297107	96	
3145728	3145728	950648	1078408	2097152	289380	1739676	2097152	556392	273788	0	297129	96	
3145728	3145728	944632	1084424	2097152	470140	1558916	2097152	643620	273952	0	281491	96	
3145728	3145728	1006992	1022064	2097152	319064	1709992	2097152	556228	273800	0	265741	74	
3145728	3145728	951748	1077308	2097152	386292	1642764	2097152	556380	273776	0	429392	96	
3145728	3145728	956440	1072616	2097152	318232	1710824	2097152	556388	273952	0	357142	96	
3145728	3145728	950940	1078116	2097152	336444	1692612	2097152	556392	273800	0	267002	96	
3145728	3145728	968952	1060104	2097152	362680	1666376	2097152	556380	273940	0	361377	96	
3145728	3145728	995352	1033704	2097152	375160	1653896	2097152	556192	273792	0	269337	96	
3145728	3145728	1007868	1021188	2097152	318256	1710800	2097152	556212	273764	0	332615	96	
3145728	3145728	950776	1078280	2097152	289560	1739496	2097152	556232	273796	0	316420	96	
3145728	3145728	944632	1084424	2097152	413392	1615664	2097152	643280	273788	0	341901	96	
3145728	3145728	950020	1079036	2097152	389736	1639320	2097152	555884	273624	0	320026	74	
3145728	3145728	956260	1072796	2097152	359224	1669832	2097152	556036	273624	0	258526	96	
3145728	3145728	991684	1037372	2097152	370544	1658512	2097152	556048	273776	0	281896	96	
3145728	3145728	1002980	1026076	2097152	364640	1664416	2097152	555884	273624	0	303436	96	
3145728	3145728	997264	1031792	2097152	358352	1670704	2097152	556048	273624	0	257720	96	
3145728	3145728	990812	1038244	2097152	306408	1722648	2097152	556036	273776	0	224668	96	
3145728	3145728	944404	1084652	2097152	381928	1647128	2097152	555884	273624	0	351612	96	
3145728	3145728	1014388	1014668	2097152	371248	1657808	2097152	555884	273624	0	308133	96	
3145728	3145728	1003696	1025360	2097152	286504	1742552	2097152	555872	273612	0	324534	96	
3145728	3145728	941780	1087276	2097152	486180	1542876	2097152	643116	273624	0	305904	96	
3145728	3145728	956212	1072844	2097152	286504	1742552	2097152	556036	273624	0	283607	74	
3145728	3145728	941780	1087276	2097152	484820	1544236	2097152	643268	273776	0	333764	96	
3145728	3145728	956132	1072924	2097152	389548	1639508	2097152	555900	273624	0	365884	74	
3145728	3145728	956096	1072960	2097152	363260	1665796	2097152	555896	273624	0	290887	96	
3145728	3145728	995696	1033360	2097152	380356	1648700	2097152	555896	273636	0	348561	96	
3145728	3145728	1012804	1016252	2097152	285560	1743496	2097152	555884	273624	0	295104	96	
3145728	3145728	940108	1088948	2097152	406040	1623016	2097152	643116	273624	0	299856	96	
3145728	3145728	944428	1084628	2097152	389992	1639064	2097152	556048	273624	0	350456	74	
3145728	3145728	956124	1072932	2097152	352328	1676728	2097152	556052	273776	0	285617	96	
3145728	3145728	984952	1044104	2097152	286504	1742552	2097152	556052	273628	0	264684	96	
3145728	3145728	941828	1087228	2097152	467380	1561676	2097152	643268	273776	0	392885	96	
3145728	3145728	1003996	1025060	2097152	286504	1742552	2097152	555888	273624	0	305633	74	
3145728	3145728	941816	1087240	2097152	405288	1623768	2097152	643120	273628	0	336312	96	
3145728	3145728	944452	1084604	2097152	389992	1639064	2097152	555900	273624	0	330846	74	
3145728	3145728	956060	1072996	2097152	348856	1680200	2097152	555896	273624	0	305592	96	
3145728	3145728	981364	1047692	2097152	318256	1710800	2097152	555908	273636	0	289561	96	
3145728	3145728	950764	1078292	2097152	380700	1648356	2097152	555896	273624	0	345345	96	
3145728	3145728	1013184	1015872	2097152	363408	1665648	2097152	555868	273624	0	303085	96	
3145728	3145728	995904	1033152	2097152	389568	1639488	2097152	555712	273596	0	293353	96	
3145728	3145728	956144	1072912	2097152	285560	1743496	2097152	555728	273468	0	293374	96	
3145728	3145728	940192	1088864	2097152	405432	1623624	2097152	643120	273624	0	333321	96	
3145728	3145728	944428	1084628	2097152	363260	1665796	2097152	556048	273624	0	290609	74	
3145728	3145728	995756	1033300	2097152	358200	1670856	2097152	556048	273788	0	320561	96	
3145728	3145728	990672	1038384	2097152	353904	1675152	2097152	556024	273612	0	280984	96	
3145728	3145728	986364	1042692	2097152	370044	1659012	2097152	556036	273776	0	296842	96	
3145728	3145728	1002540	1026516	2097152	356700	1672356	2097152	555896	273624	0	340036	96	
3145728	3145728	989172	1039884	2097152	353784	1675272	2097152	556040	273624	0	290150	96	
3145728	3145728	986100	1042956	2097152	389540	1639516	2097152	555884	273780	0	363877	96	
3145728	3145728	956192	1072864	2097152	290972	1738084	2097152	555744	273468	0	282261	96	
3145728	3145728	944616	1084440	2097152	380312	1648744	2097152	556060	273624	0	315446	96	
3145728	3145728	1012772	1016284	2097152	358200	1670856	2097152	556048	273788	0	385172	96	
3145728	3145728	990708	1038348	2097152	389544	1639512	2097152	555896	273624	0	330842	96	
3145728	3145728	956204	1072852	2097152	363276	1665780	2097152	555912	273624	0	315195	96	
3145728	3145728	995948	1033108	2097152	358352	1670704	2097152	556068	273640	0	366625	96	
3145728	3145728	990824	1038232	2097152	353964	1675092	2097152	556032	273760	0	288616	96	
3145728	3145728	986472	1042584	2097152	363420	1665636	2097152	555908	273636	0	267431	96	
3145728	3145728	996068	1032988	2097152	389696	1639360	2097152	556048	273624	0	333950	96	
3145728	3145728	956192	1072864	2097152	363260	1665796	2097152	556048	273776	0	287857	96	
3145728	3145728	995744	1033312	2097152	285560	1743496	2097152	555884	273624	0	293273	96	
3145728	3145728	940244	1088812	2097152	413392	1615664	2097152	643116	273624	0	356003	96	
3145728	3145728	950032	1079024	2097152	290972	1738084	2097152	556048	273624	0	307698	74	
3145728	3145728	944604	1084452	2097152	363372	1665684	2097152	556204	273776	0	326306	96	
3145728	3145728	995844	1033212	2097152	363420	1665636	2097152	556052	273780	0	285867	96	
3145728	3145728	996068	1032988	2097152	389696	1639360	2097152	556048	273624	0	273886	96	
3145728	3145728	956132	1072924	2097152	363260	1665796	2097152	556036	273776	0	291897	96	
3145728	3145728	995744	1033312	2097152	285592	1743464	2097152	555896	273624	0	321500	96	
3145728	3145728	940188	1088868	2097152	381296	1647760	2097152	643104	273624	0	343448	96	
3145728	3145728	939956	1089100	2097152	468456	1560600	2097152	643104	273612	0	319902	74	
3145728	3145728	1005120	1023936	2097152	377740	1651316	2097152	555896	273624	0	311798	74	
3145728	3145728	1010224	1018832	2097152	353904	1675152	2097152	555896	273624	0	294130	96	
3145728	3145728	986552	1042504	2097152	285592	1743464	2097152	556048	273624	0	360101	96	
3145728	3145728	940108	1088948	2097152	405316	1623740	2097152	643268	273776	0	295346	96	
3145728	3145728	944392	1084664	2097152	363260	1665796	2097152	555884	273624	0	289208	74	
3145728	3145728	995732	1033324	2097152	285560	1743496	2097152	555868	273624	0	294413	96	
3145728	3145728	940116	1088940	2097152	405328	1623728	2097152	643072	273580	0	329798	96	
3145728	3145728	944464	1084592	2097152	285568	1743488	2097152	555896	273624	0	278755	74	
3145728	3145728	940160	1088896	2097152	401560	1627496	2097152	643120	273624	0	410351	96	
3145728	3145728	944404	1084652	2097152	291076	1737980	2097152	555896	273624	0	271677	74	
3145728	3145728	944464	1084592	2097152	398080	1630976	2097152	556060	273636	0	307364	96	
3145728	3145728	960620	1068436	2097152	380512	1648544	2097152	556200	273776	0	328187	96	
3145728	3145728	1013008	1016048	2097152	363896	1665160	2097152	556048	273776	0	270007	96	
3145728	3145728	996344	1032712	2097152	285564	1743492	2097152	555884	273624	0	303492	96	
3145728	3145728	940184	1088872	2097152	422756	1606300	2097152	643128	273624	0	297179	96	
3145728	3145728	959384	1069672	2097152	389544	1639512	2097152	555896	273636	0	305841	74	
3145728	3145728	956168	1072888	2097152	363260	1665796	2097152	555896	273624	0	305195	96	
3145728	3145728	995744	1033312	2097152	285560	1743496	2097152	555884	273624	0	335535	96	
3145728	3145728	940232	1088824	2097152	480392	1548664	2097152	643116	273624	0	438887	96	
3145728	3145728	956192	1072864	2097152	289424	1739632	2097152	555884	273624	0	336212	74	
3145728	3145728	944808	1084248	2097152	405596	1623460	2097152	643284	273624	0	285991	96	
3145728	3145728	944488	1084568	2097152	353916	1675140	2097152	556212	273788	0	328488	74	
3145728	3145728	986448	1042608	2097152	285584	1743472	2097152	556064	273788	0	321176	96	
3145728	3145728	940448	1088608	2097152	471004	1558052	2097152	643280	273624	0	355339	96	
3145728	3145728	1007668	1021388	2097152	286504	1742552	2097152	555904	273788	0	299196	74	
3145728	3145728	941888	1087168	2097152	395528	1633528	2097152	642948	273468	0	338922	96	
3145728	3145728	944476	1084580	2097152	353904	1675152	2097152	555884	273612	0	313736	74	
3145728	3145728	986412	1042644	2097152	363404	1665652	2097152	555912	273624	0	344199	96	
3145728	3145728	996088	1032968	2097152	389388	1639668	2097152	556232	273640	0	282636	96	
3145728	3145728	956060	1072996	2097152	363260	1665796	2097152	556068	273940	0	301724	96	
3145728	3145728	995792	1033264	2097152	285592	1743464	2097152	555908	273480	0	312335	96	
3145728	3145728	940600	1088456	2097152	381308	1647748	2097152	643572	273764	0	341199	96	
3145728	3145728	940312	1088744	2097152	468608	1560448	2097152	643584	273940	0	330032	74	
3145728	3145728	1005272	1023784	2097152	373252	1655804	2097152	556036	273776	0	351964	74	
3145728	3145728	1005936	1023120	2097152	363584	1665472	2097152	556064	273624	0	299959	96	
3145728	3145728	996232	1032824	2097152	285592	1743464	2097152	556224	273788	0	310432	96	
3145728	3145728	940504	1088552	2097152	405480	1623576	2097152	643444	273788	0	328993	96	
3145728	3145728	944272	1084784	2097152	388204	1640852	2097152	556044	273788	0	307393	74	
3145728	3145728	956180	1072876	2097152	366528	1662528	2097152	555880	273620	0	357942	96	
3145728	3145728	999188	1029868	2097152	290944	1738112	2097152	555892	273624	0	279322	96	
3145728	3145728	944488	1084568	2097152	318224	1710832	2097152	555880	273620	0	301542	96	
3145728	3145728	950756	1078300	2097152	363420	1665636	2097152	555900	273624	0	312581	96	
3145728	3145728	995904	1033152	2097152	389544	1639512	2097152	555896	273624	0	352537	96	
3145728	3145728	956240	1072816	2097152	398080	1630976	2097152	555908	273636	0	527468	96	
3145728	3145728	973888	1055168	2097152	480420	1548636	2097152	476008	0	0	597627	0	
3145728	3145728	1014528	1014528	2097152	307372	1721684	2097152	731120	467372	0	426672	98	
3145728	3145728	970460	1058596	2097152	379712	1649344	2097152	555888	263592	0	263841	99	
3145728	3145728	1012184	1016872	2097152	388760	1640296	2097152	565912	283660	0	302126	97	
3145728	3145728	956332	1072724	2097152	363332	1665724	2097152	556040	273616	0	302180	96	
3145728	3145728	995804	1033252	2097152	302276	1726780	2097152	556036	273776	0	347911	96	
3145728	3145728	944452	1084604	2097152	382424	1646632	2097152	555884	273624	0	371987	96	
3145728	3145728	944860	1084196	2097152	384164	1644892	2097152	555896	273624	0	304239	96	
3145728	3145728	946680	1082376	2097152	361000	1668056	2097152	555896	273624	0	311844	96	
3145728	3145728	993484	1035572	2097152	374320	1654736	2097152	555884	273624	0	292291	96	
3145728	3145728	1006828	1022228	2097152	382632	1646424	2097152	555884	273624	0	336834	96	
3145728	3145728	945140	1083916	2097152	368404	1660652	2097152	555872	273612	0	326316	96	
3145728	3145728	1000900	1028156	2097152	370708	1658348	2097152	555884	273624	0	303661	96	
3145728	3145728	1003192	1025864	2097152	364732	1664324	2097152	555884	273624	0	319616	96	
3145728	3145728	997240	1031816	2097152	385508	1643548	2097152	555896	273624	0	322953	96	
3145728	3145728	956160	1072896	2097152	335624	1693432	2097152	555888	273624	0	371092	96	
3145728	3145728	968132	1060924	2097152	368424	1660632	2097152	555900	273628	0	279123	96	
3145728	3145728	1000920	1028136	2097152	309236	1719820	2097152	555908	273624	0	340129	96	
3145728	3145728	944512	1084544	2097152	317152	1711904	2097152	556048	273636	0	288942	96	
3145728	3145728	949660	1079396	2097152	398924	1630132	2097152	556024	273764	0	370840	96	
3145728	3145728	961380	1067676	2097152	318592	1710464	2097152	555896	273624	0	270595	96	
3145728	3145728	951076	1077980	2097152	380644	1648412	2097152	555884	273624	0	283408	96	
3145728	3145728	1013304	1015752	2097152	373752	1655304	2097152	556048	273624	0	284898	96	
3145728	3145728	1006260	1022796	2097152	397784	1631272	2097152	556036	273776	0	301169	96	
3145728	3145728	960252	1068804	2097152	372732	1656324	2097152	555884	273624	0	396319	96	
3145728	3145728	1005252	1023804	2097152	388072	1640984	2097152	555884	273624	0	293859	96	
3145728	3145728	956276	1072780	2097152	319372	1709684	2097152	555900	273624	0	372403	96	
3145728	3145728	951892	1077164	2097152	319352	1709704	2097152	556048	273624	0	373129	96	
3145728	3145728	951872	1077184	2097152	359324	1669732	2097152	555892	273788	0	322277	96	
3145728	3145728	991832	1037224	2097152	404580	1624476	2097152	561904	273468	0	366909	96	
3145728	3145728	974324	1054732	2097152	320256	1708800	2097152	562392	279800	0	302656	97	
3145728	3145728	952752	1076304	2097152	368764	1660292	2097152	556352	273940	0	358737	96	
3145728	3145728	1001284	1027772	2097152	355904	1673152	2097152	556036	273776	0	303478	96	
3145728	3145728	988576	1040480	2097152	407812	1621244	2097152	556060	273624	0	327909	96	
3145728	3145728	974100	1054956	2097152	384908	1644148	2097152	556224	273788	0	277258	96	
3145728	3145728	956392	1072664	2097152	313108	1715948	2097152	556200	273788	0	340059	96	
3145728	3145728	944548	1084508	2097152	390560	1638496	2097152	556216	273776	0	292699	96	
3145728	3145728	956580	1072476	2097152	318236	1710820	2097152	556364	273788	0	481893	96	
3145728	3145728	950932	1078124	2097152	385620	1643436	2097152	556532	273940	0	365587	96	
3145728	3145728	956440	1072616	2097152	335920	1693136	2097152	556380	273940	0	382871	96	
3145728	3145728	968616	1060440	2097152	372536	1656520	2097152	556392	273788	0	301971	96	
3145728	3145728	1005056	1024000	2097152	302936	1726120	2097152	556376	273952	0	290526	96	
3145728	3145728	944488	1084568	2097152	370416	1658640	2097152	556060	273788	0	315485	96	
3145728	3145728	1002936	1026120	2097152	389668	1639388	2097152	555896	273624	0	355091	96	
3145728	3145728	956308	1072748	2097152	370512	1658544	2097152	555920	273636	0	301942	96	
3145728	3145728	1003220	1025836	2097152	384300	1644756	2097152	556072	273632	0	323058	96	
3145728	3145728	946964	1082092	2097152	380400	1648656	2097152	556224	273788	0	301237	96	
3145728	3145728	1012860	1016196	2097152	326300	1702756	2097152	556200	273788	0	370982	96	
3145728	3145728	958900	1070156	2097152	364268	1664788	2097152	556188	273776	0	343751	96	
3145728	3145728	996752	1032304	2097152	380568	1648488	2097152	556052	273776	0	440923	96	
3145728	3145728	1013016	1016040	2097152	356308	1672748	2097152	555888	273628	0	397983	96	
3145728	3145728	988756	1040300	2097152	327468	1701588	2097152	555884	273624	0	292804	96	
3145728	3145728	960116	1068940	2097152	352192	1676864	2097152	556060	273624	0	339684	96	
3145728	3145728	984852	1044204	2097152	388208	1640848	2097152	556216	273788	0	278611	96	
3145728	3145728	956120	1072936	2097152	290880	1738176	2097152	556024	273764	0	318406	96	
3145728	3145728	944616	1084440	2097152	386332	1642724	2097152	556048	273624	0	349737	96	
3145728	3145728	956108	1072948	2097152	365408	1663648	2097152	556036	273776	0	300485	96	
3145728	3145728	997892	1031164	2097152	328632	1700424	2097152	555728	273624	0	292684	96	
3145728	3145728	961092	1067964	2097152	370608	1658448	2097152	555716	273468	0	297568	96	
3145728	3145728	1003268	1025788	2097152	306436	1722620	2097152	556040	273612	0	363727	96	
3145728	3145728	944416	1084640	2097152	386968	1642088	2097152	556048	273776	0	300195	96	
3145728	3145728	956344	1072712	2097152	369864	1659192	2097152	556064	273636	0	338661	96	
3145728	3145728	1002500	1026556	2097152	319680	1709376	2097152	556212	273776	0	316332	96	
3145728	3145728	952140	1076916	2097152	372820	1656236	2097152	556048	273788	0	319075	96	
3145728	3145728	1005280	1023776	2097152	366632	1662424	2097152	555884	273624	0	331428	96	
3145728	3145728	998924	1030132	2097152	306468	1722588	2097152	555572	273624	0	408981	96	
3145728	3145728	944452	1084604	2097152	306444	1722612	2097152	555584	273312	0	391443	96	
3145728	3145728	944452	1084604	2097152	318232	1710824	2097152	555908	273624	0	441908	96	
3145728	3145728	950728	1078328	2097152	316044	1713012	2097152	556072	273636	0	307366	96	
3145728	3145728	944392	1084664	2097152	364028	1665028	2097152	556048	273788	0	300353	96	
3145728	3145728	996664	1032392	2097152	375236	1653820	2097152	556212	273624	0	442742	96	
3145728	3145728	1007696	1021360	2097152	381992	1647064	2097152	556200	273940	0	289276	96	
3145728	3145728	1014488	1014568	2097152	380516	1648540	2097152	555896	273624	0	289463	96	
3145728	3145728	1013212	1015844	2097152	302504	1726552	2097152	556052	273624	0	298557	96	
3145728	3145728	944476	1084580	2097152	388956	1640100	2097152	556212	273776	0	313387	96	
3145728	3145728	956196	1072860	2097152	373364	1655692	2097152	556064	273800	0	335639	96	
3145728	3145728	1005896	1023160	2097152	310196	1718860	2097152	555908	273628	0	338489	96	
3145728	3145728	944664	1084392	2097152	356984	1672072	2097152	556068	273628	0	331944	96	
3145728	3145728	989492	1039564	2097152	380508	1648548	2097152	556212	273788	0	345690	96	
3145728	3145728	1012992	1016064	2097152	380368	1648688	2097152	556060	273788	0	308537	96	
3145728	3145728	1013028	1016028	2097152	348856	1680200	2097152	556212	273636	0	348635	96	
3145728	3145728	981552	1047504	2097152	289404	1739652	2097152	556372	273940	0	302241	96	
3145728	3145728	944596	1084460	2097152	387940	1641116	2097152	643284	273780	0	291091	96	
3145728	3145728	944476	1084580	2097152	306512	1722544	2097152	555896	273636	0	395352	74	
3145728	3145728	944668	1084388	2097152	388984	1640072	2097152	556032	273624	0	287322	96	
3145728	3145728	956216	1072840	2097152	306408	1722648	2097152	556028	273756	0	381153	96	
3145728	3145728	944536	1084520	2097152	285576	1743480	2097152	556076	273636	0	315311	96	
3145728	3145728	940500	1088556	2097152	381948	1647108	2097152	643600	273788	0	347719	96	
3145728	3145728	940752	1088304	2097152	459172	1569884	2097152	643608	273940	0	337794	74	
3145728	3145728	995780	1033276	2097152	373188	1655868	2097152	556240	273800	0	376590	74	
3145728	3145728	1005628	1023428	2097152	373424	1655632	2097152	556052	273776	0	282073	96	
3145728	3145728	1005852	1023204	2097152	382768	1646288	2097152	555872	273596	0	302403	96	
3145728	3145728	945536	1083520	2097152	381772	1647284	2097152	556232	273624	0	362116	96	
3145728	3145728	1014212	1014844	2097152	380336	1648720	2097152	556404	273940	0	334669	96	
3145728	3145728	1012764	1016292	2097152	366272	1662784	2097152	556076	273800	0	277671	96	
3145728	3145728	998736	1030320	2097152	289500	1739556	2097152	555916	273624	0	260922	96	
3145728	3145728	944532	1084524	2097152	401580	1627476	2097152	643284	273624	0	266224	96	
3145728	3145728	944388	1084668	2097152	300620	1728436	2097152	556252	273788	0	255430	74	
3145728	3145728	944316	1084740	2097152	380560	1648496	2097152	556076	273800	0	351947	96	
3145728	3145728	1013176	1015880	2097152	444056	1585000	2097152	556220	273624	0	277470	96	
3145728	3145728	1008668	1020388	2097152	362952	1666104	2097152	556232	273928	0	313959	96	
3145728	3145728	995380	1033676	2097152	380740	1648316	2097152	556076	273636	0	308529	96	
3145728	3145728	1013204	1015852	2097152	291056	1738000	2097152	556084	273788	0	350896	96	
3145728	3145728	944552	1084504	2097152	373416	1655640	2097152	556096	273628	0	322062	96	
3145728	3145728	1005856	1023200	2097152	362760	1666296	2097152	556100	273800	0	298257	96	
3145728	3145728	995224	1033832	2097152	286520	1742536	2097152	555940	273636	0	287820	96	
3145728	3145728	941740	1087316	2097152	405696	1623360	2097152	643292	273636	0	333328	96	
3145728	3145728	944316	1084740	2097152	363260	1665796	2097152	556064	273788	0	342072	74	
3145728	3145728	995676	1033380	2097152	286520	1742536	2097152	555900	273624	0	301296	96	
3145728	3145728	941800	1087256	2097152	468452	1560604	2097152	643272	273624	0	332706	96	
3145728	3145728	1005060	1023996	2097152	389564	1639492	2097152	556076	273776	0	300501	74	
3145728	3145728	956024	1073032	2097152	363260	1665796	2097152	555912	273636	0	310536	96	
3145728	3145728	995712	1033344	2097152	287192	1741864	2097152	555912	273624	0	320634	96	
3145728	3145728	941716	1087340	2097152	382300	1646756	2097152	643096	273624	0	299797	96	
3145728	3145728	941716	1087340	2097152	480792	1548264	2097152	643260	273604	0	405328	74	
3145728	3145728	956048	1073008	2097152	373360	1655696	2097152	556088	273788	0	361750	74	
3145728	3145728	1005964	1023092	2097152	363852	1665204	2097152	556076	273636	0	316207	96	
3145728	3145728	996304	1032752	2097152	285608	1743448	2097152	555908	273776	0	331693	96	
3145728	3145728	939988	1089068	2097152	461720	1567336	2097152	642960	273468	0	464071	96	
3145728	3145728	998516	1030540	2097152	285592	1743464	2097152	556220	273624	0	328954	74	
3145728	3145728	940436	1088620	2097152	431988	1597068	2097152	643752	273928	0	312828	96	
3145728	3145728	968572	1060484	2097152	365112	1663944	2097152	556240	273952	0	351747	74	
3145728	3145728	997528	1031528	2097152	285600	1743456	2097152	556064	273636	0	310794	96	
3145728	3145728	940016	1089040	2097152	460476	1568580	2097152	643264	273776	0	336583	96	
3145728	3145728	997084	1031972	2097152	353904	1675152	2097152	555908	273620	0	315082	74	
3145728	3145728	986344	1042712	2097152	315796	1713260	2097152	555912	273624	0	307183	96	
3145728	3145728	944340	1084716	2097152	349472	1679584	2097152	555900	273624	0	392416	96	
3145728	3145728	981888	1047168	2097152	306428	1722628	2097152	555892	273612	0	366009	96	
3145728	3145728	944328	1084728	2097152	389544	1639512	2097152	555904	273628	0	292821	96	
3145728	3145728	956188	1072868	2097152	389708	1639348	2097152	556060	273608	0	331516	96	
3145728	3145728	956000	1073056	2097152	285608	1743448	2097152	556080	273788	0	304967	96	
3145728	3145728	940044	1089012	2097152	476836	1552220	2097152	643128	273624	0	313799	96	
3145728	3145728	1013456	1015600	2097152	315532	1713524	2097152	555924	273636	0	337693	74	
3145728	3145728	944316	1084740	2097152	389720	1639336	2097152	555900	273624	0	368421	96	
3145728	3145728	956000	1073056	2097152	354560	1674496	2097152	555912	273624	0	317194	96	
3145728	3145728	987012	1042044	2097152	285608	1743448	2097152	555896	273608	0	313406	96	
3145728	3145728	940204	1088852	2097152	461720	1567336	2097152	643268	273624	0	407255	96	
3145728	3145728	998316	1030740	2097152	285592	1743464	2097152	556052	273776	0	362153	74	
3145728	3145728	939844	1089212	2097152	415224	1613832	2097152	642960	273624	0	388475	96	
3145728	3145728	951820	1077236	2097152	363420	1665636	2097152	555744	273468	0	317254	74	
3145728	3145728	995836	1033220	2097152	285576	1743480	2097152	555900	273624	0	336407	96	
3145728	3145728	940048	1089008	2097152	432368	1596688	2097152	643116	273624	0	318985	96	
3145728	3145728	968976	1060080	2097152	363260	1665796	2097152	555912	273624	0	311044	74	
3145728	3145728	995688	1033368	2097152	356388	1672668	2097152	555900	273624	0	342710	96	
3145728	3145728	988816	1040240	2097152	318244	1710812	2097152	555900	273624	0	321445	96	
3145728	3145728	950684	1078372	2097152	380308	1648748	2097152	555912	273624	0	315648	96	
3145728	3145728	1012724	1016332	2097152	363536	1665520	2097152	556052	273624	0	317660	96	
3145728	3145728	996152	1032904	2097152	352324	1676732	2097152	556220	273776	0	314066	96	
3145728	3145728	984764	1044292	2097152	286520	1742536	2097152	556076	273776	0	309225	96	
3145728	3145728	941572	1087484	2097152	386188	1642868	2097152	642976	273636	0	330411	96	
3145728	3145728	944804	1084252	2097152	395476	1633580	2097152	642964	273472	0	361802	74	
3145728	3145728	944324	1084732	2097152	379848	1649208	2097152	555896	273624	0	309545	74	
3145728	3145728	1012324	1016732	2097152	389544	1639512	2097152	555912	273620	0	371680	96	
3145728	3145728	956036	1073020	2097152	348856	1680200	2097152	555896	273608	0	369539	96	
3145728	3145728	981308	1047748	2097152	348844	1680212	2097152	556088	273636	0	343045	96	
3145728	3145728	981296	1047760	2097152	285608	1743448	2097152	556076	273788	0	334265	96	
3145728	3145728	940272	1088784	2097152	381308	1647748	2097152	643280	273624	0	356245	96	
3145728	3145728	939960	1089096	2097152	422708	1606348	2097152	643292	273788	0	361545	74	
3145728	3145728	959444	1069612	2097152	289380	1739676	2097152	556064	273636	0	298018	74	
3145728	3145728	943748	1085308	2097152	405208	1623848	2097152	643268	273776	0	328880	96	
3145728	3145728	944316	1084740	2097152	285584	1743472	2097152	556052	273624	0	376376	74	
3145728	3145728	940024	1089032	2097152	385404	1643652	2097152	643268	273776	0	307842	96	
3145728	3145728	944660	1084396	2097152	391808	1637248	2097152	643268	273624	0	315476	74	
3145728	3145728	944328	1084728	2097152	348844	1680212	2097152	556052	273776	0	351384	74	
3145728	3145728	981260	1047796	2097152	286520	1742536	2097152	555900	273624	0	313470	96	
3145728	3145728	941952	1087104	2097152	486332	1542724	2097152	643272	273624	0	327244	96	
3145728	3145728	955832	1073224	2097152	365980	1663076	2097152	555908	273776	0	347526	74	
3145728	3145728	998396	1030660	2097152	380188	1648868	2097152	555756	273480	0	338672	96	
3145728	3145728	1012804	1016252	2097152	373404	1655652	2097152	556068	273624	0	323171	96	
3145728	3145728	1005664	1023392	2097152	363064	1665992	2097152	555908	273776	0	322062	96	
3145728	3145728	995492	1033564	2097152	362824	1666232	2097152	555756	273480	0	351551	96	
3145728	3145728	995452	1033604	2097152	318252	1710804	2097152	556068	273624	0	428005	96	
3145728	3145728	950692	1078364	2097152	353916	1675140	2097152	556076	273776	0	330088	96	
3145728	3145728	986188	1042868	2097152	389388	1639668	2097152	555756	273636	0	302184	96	
3145728	3145728	956176	1072880	2097152	363440	1665616	2097152	555900	273456	0	362813	96	
3145728	3145728	996008	1033048	2097152	285576	1743480	2097152	556216	273776	0	360277	96	
3145728	3145728	942304	1086752	2097152	383488	1645568	2097152	645488	273788	0	352101	96	
3145728	3145728	942240	1086816	2097152	471244	1557812	2097152	645324	275832	0	346016	74	
3145728	3145728	1007888	1021168	2097152	290976	1738080	2097152	556092	273620	0	302385	74	
3145728	3145728	944316	1084740	2097152	370412	1658644	2097152	556092	273804	0	328633	96	
3145728	3145728	1002980	1026076	2097152	290944	1738112	2097152	556216	273636	0	332607	96	
3145728	3145728	944340	1084716	2097152	389556	1639500	2097152	556216	273928	0	367335	96	
3145728	3145728	956024	1073032	2097152	389544	1639512	2097152	555924	273636	0	347610	96	
3145728	3145728	955988	1073068	2097152	285576	1743480	2097152	555900	273624	0	330808	96	
3145728	3145728	940192	1088864	2097152	381300	1647756	2097152	643272	273624	0	338622	96	
3145728	3145728	940308	1088748	2097152	405632	1623424	2097152	643600	273776	0	329474	74	
3145728	3145728	944332	1084724	2097152	363264	1665792	2097152	556396	273952	0	342586	74	
3145728	3145728	995728	1033328	2097152	363240	1665816	2097152	556084	273792	0	353033	96	
3145728	3145728	995656	1033400	2097152	348856	1680200	2097152	556064	273624	0	351891	96	
3145728	3145728	981296	1047760	2097152	363260	1665796	2097152	556076	273788	0	329767	96	
3145728	3145728	995676	1033380	2097152	306408	1722648	2097152	555888	273624	0	337823	96	
3145728	3145728	944388	1084668	2097152	366272	1662784	2097152	555904	273612	0	368782	96	
3145728	3145728	998724	1030332	2097152	306432	1722624	2097152	556088	273624	0	360900	96	
3145728	3145728	944376	1084680	2097152	358200	1670856	2097152	556088	273800	0	349581	96	
3145728	3145728	990628	1038428	2097152	295756	1733300	2097152	555900	273624	0	467300	96	
3145728	3145728	944568	1084488	2097152	389360	1639696	2097152	556236	273624	0	361467	96	
3145728	3145728	956364	1072692	2097152	363440	1665616	2097152	556552	273944	0	350302	96	
