b_initial_y_size_0	b_max_y_size_1	b_used_2	b_available_3	b_committed_4	a_used_5	a_available_6	a_committed_7	a_survived_8	a_promoted_9	a_copied_10	a_time_in_ns_11	promotion_rate_12
29884416	29884416	9634448	9641584	19922944	2507796	16768236	19922944	6439104	4383596	0	1407297	99	
29884416	29884416	9592280	9683752	19922944	4066548	15209484	19922944	5331932	2046556	0	982910	99	
29884416	29884416	9558264	9717768	19922944	2977344	16298688	19922944	5832360	3276672	0	1144138	99	
29884416	29884416	9567892	9708140	19922944	3461760	15814272	19922944	5343888	2459788	0	1215611	96	
29884416	29884416	9563248	9712784	19922944	3211748	16064284	19922944	5571688	2875436	0	987812	99	
29884416	29884416	9604628	9671404	19922944	4983112	14292920	19922944	4159584	0	0	699329	0	
29884416	29884416	9631604	9644428	19922944	2547596	16728436	19922944	6212712	4150920	0	1257435	99	
29884416	29884416	9581184	9694848	19922944	3839232	15436800	19922944	5214884	2053116	0	1091864	99	
29884416	29884416	9563108	9712924	19922944	3060280	16215752	19922944	5711560	3153092	0	1002586	99	
29884416	29884416	9567760	9708272	19922944	3381924	15894108	19922944	5344208	2462564	0	1074642	96	
29884416	29884416	9579452	9696580	19922944	5225572	14050460	19922944	4254308	0	0	731802	0	
29884416	29884416	9597252	9678780	19922944	2227496	17048536	19922944	6169996	4245644	0	1113646	99	
29884416	29884416	9563676	9712356	19922944	3819060	15456972	19922944	5165800	1915672	0	1013687	99	
29884416	29884416	9565836	9710196	19922944	3178948	16097084	19922944	5764380	3154224	0	973092	97	
29884416	29884416	9563248	9712784	19922944	3466484	15809548	19922944	5435692	2601464	0	1073063	99	
29884416	29884416	9636572	9639460	19922944	3330788	15945244	19922944	5483500	2738328	0	1189438	96	
29884416	29884416	9594804	9681228	19922944	3198292	16077740	19922944	5482496	2736496	0	1036998	99	
29884416	29884416	9579416	9696616	19922944	5083484	14192548	19922944	4253536	0	0	743182	0	
29884416	29884416	9580900	9695132	19922944	2390580	16885452	19922944	6305788	4244860	0	1293363	99	
29884416	29884416	9601012	9675020	19922944	3668532	15607500	19922944	5215464	2052252	0	1053486	99	
29884416	29884416	9585308	9690724	19922944	3257072	16018960	19922944	5763596	3154548	0	1265203	99	
29884416	29884416	9568152	9707880	19922944	3301700	15974332	19922944	5346712	2600368	0	970524	99	
29884416	29884416	9568140	9707892	19922944	3209804	16066228	19922944	5483556	2737656	0	1150717	99	
29884416	29884416	9568000	9708032	19922944	3384364	15891668	19922944	5482912	2737184	0	1008518	99	
29884416	29884416	9580684	9695348	19922944	3213244	16062788	19922944	5481780	2737032	0	1143307	99	
29884416	29884416	9567928	9708104	19922944	3316868	15959164	19922944	5481152	2736064	0	1332079	99	
29884416	29884416	9581488	9694544	19922944	3219064	16056968	19922944	5481632	2736416	0	1007970	99	
29884416	29884416	9568036	9707996	19922944	3255496	16020536	19922944	5481680	2736544	0	1212751	99	
29884416	29884416	9605100	9670932	19922944	5150348	14125684	19922944	4160204	0	0	743559	0	
29884416	29884416	9587348	9688684	19922944	2447160	16828872	19922944	6076400	4151516	0	1323318	99	
29884416	29884416	9632092	9643940	19922944	3837344	15438688	19922944	5079328	1916200	0	942986	99	
29884416	29884416	9563572	9712460	19922944	3084464	16191568	19922944	5714760	3154456	0	1020753	99	
29884416	29884416	9567904	9708128	19922944	3363456	15912576	19922944	5346596	2464400	0	1170395	96	
29884416	29884416	9629676	9646356	19922944	3240404	16035628	19922944	5619612	2873500	0	994740	99	
29884416	29884416	9567664	9708368	19922944	3208088	16067944	19922944	5483228	2737440	0	1070725	99	
29884416	29884416	9568164	9707868	19922944	3219880	16056152	19922944	5482832	2737104	0	999347	99	
29884416	29884416	9568024	9708008	19922944	3251528	16024504	19922944	5482588	2737056	0	1033054	99	
29884416	29884416	9567724	9708308	19922944	3256968	16019064	19922944	5482228	2736844	0	1001715	99	
29884416	29884416	9568000	9708032	19922944	3302144	15973888	19922944	5482836	2736712	0	1063734	99	
29884416	29884416	9568164	9707868	19922944	3315960	15960072	19922944	5484328	2737452	0	961111	99	
29884416	29884416	9581700	9694332	19922944	3562488	15713544	19922944	5484204	2738188	0	1108445	99	
29884416	29884416	9567904	9708128	19922944	3162844	16113188	19922944	5345748	2737344	0	1146974	99	
29884416	29884416	9563332	9712700	19922944	3347832	15928200	19922944	5432180	2599732	0	1025608	99	
29884416	29884416	9563564	9712468	19922944	3399940	15876092	19922944	5568828	2736532	0	1135755	96	
29884416	29884416	9567964	9708068	19922944	3332944	15943088	19922944	5481476	2736380	0	1393808	96	
29884416	29884416	9604980	9671052	19922944	4953720	14322312	19922944	4158832	0	0	766459	0	
29884416	29884416	9602136	9673896	19922944	2447720	16828312	19922944	6211160	4150144	0	1317624	99	
29884416	29884416	9632660	9643372	19922944	3809096	15466936	19922944	5214356	2052332	0	1021984	99	
29884416	29884416	9579680	9696352	19922944	3141404	16134628	19922944	5762096	3153336	0	1266821	99	
29884416	29884416	9563484	9712548	19922944	3305924	15970108	19922944	5432832	2600036	0	1061168	99	
29884416	29884416	9563376	9712656	19922944	3249444	16026588	19922944	5569180	2736880	0	1081388	96	
29884416	29884416	9563492	9712540	19922944	3339836	15936196	19922944	5568540	2736396	0	1146393	96	
29884416	29884416	9563696	9712336	19922944	3301592	15974440	19922944	5568844	2736220	0	1346155	96	
29884416	29884416	9563696	9712336	19922944	3401888	15874144	19922944	5573292	2736720	0	1104991	96	
29884416	29884416	9568152	9707880	19922944	3399964	15876068	19922944	5487204	2740668	0	1030875	96	
29884416	29884416	9597112	9678920	19922944	3396000	15880032	19922944	5483252	2737864	0	1072543	99	
29884416	29884416	9597328	9678704	19922944	3349924	15926108	19922944	5481800	2736716	0	1025876	99	
29884416	29884416	9616132	9659900	19922944	3297728	15978304	19922944	5482152	2736396	0	1005684	99	
29884416	29884416	9568140	9707892	19922944	3242272	16033760	19922944	5483264	2737072	0	1175075	99	
29884416	29884416	9568052	9707980	19922944	3351668	15924364	19922944	5483752	2737508	0	1132242	99	
29884416	29884416	9618536	9657496	19922944	3297496	15978536	19922944	5483336	2737540	0	1164352	99	
29884416	29884416	9567660	9708372	19922944	3297716	15978316	19922944	5482324	2737080	0	1118234	99	
29884416	29884416	9567816	9708216	19922944	3342804	15933228	19922944	5482268	2736556	0	1146198	99	
29884416	29884416	9609276	9666756	19922944	3299048	15976984	19922944	5482272	2737012	0	1063699	99	
29884416	29884416	9567804	9708228	19922944	3368784	15907248	19922944	5481480	2736556	0	1020164	99	
29884416	29884416	9634832	9641200	19922944	3252160	16023872	19922944	5481532	2736236	0	1153176	99	
29884416	29884416	9567844	9708188	19922944	3395616	15880416	19922944	5482012	2736592	0	1159894	99	
29884416	29884416	9597040	9678992	19922944	3316860	15959172	19922944	5486784	2736720	0	1209345	99	
29884416	29884416	9581544	9694488	19922944	3397972	15878060	19922944	5487588	2741348	0	1066815	99	
29884416	29884416	9597208	9678824	19922944	3244360	16031672	19922944	5483460	2737540	0	1064051	99	
