b_initial_y_size_0	b_max_y_size_1	b_used_2	b_available_3	b_committed_4	a_used_5	a_available_6	a_committed_7	a_survived_8	a_promoted_9	a_copied_10	a_time_in_ns_11	promotion_rate_12
6291456	6291456	1962816	2095296	4194304	532476	3525636	4194304	1395888	978536	0	560172	99	
6291456	6291456	1965736	2092376	4194304	801084	3257028	4194304	1098616	408696	0	406918	97	
6291456	6291456	1963144	2094968	4194304	708204	3349908	4194304	1234848	681296	0	408504	98	
6291456	6291456	1940052	2118060	4194304	792152	3265960	4194304	1185728	544928	0	345527	98	
6291456	6291456	2021404	2036708	4194304	803128	3254984	4194304	1216848	544932	0	353987	85	
6291456	6291456	1996380	2061732	4194304	708664	3349448	4194304	1237004	671708	0	424023	99	
6291456	6291456	1940084	2118028	4194304	772248	3285864	4194304	1197468	556672	0	403360	98	
6291456	6291456	2029020	2029092	4194304	818696	3239416	4194304	1234648	544928	0	349876	85	
6291456	6291456	1985700	2072412	4194304	676704	3381408	4194304	1238092	681148	0	364050	98	
6291456	6291456	1940136	2117976	4194304	780264	3277848	4194304	1189108	548308	0	403298	98	
6291456	6291456	2027424	2030688	4194304	845368	3212744	4194304	1233992	544928	0	423513	85	
6291456	6291456	2021288	2036824	4194304	706888	3351224	4194304	1236352	671336	0	599103	97	
6291456	6291456	1950568	2107544	4194304	1050416	3007696	4194304	870800	0	0	215068	0	
6291456	6291456	1950604	2107508	4194304	544604	3513508	4194304	1279500	862172	0	378381	99	
6291456	6291456	1979076	2079036	4194304	954848	3103264	4194304	1098976	408684	0	303428	97	
6291456	6291456	2027308	2030804	4194304	695244	3362868	4194304	1234828	681652	0	427702	98	
6291456	6291456	1941028	2117084	4194304	722132	3335980	4194304	1186180	535428	0	320796	96	
6291456	6291456	1987956	2070156	4194304	814748	3243364	4194304	1251356	554884	0	407985	85	
6291456	6291456	1999940	2058172	4194304	705596	3352516	4194304	1243136	687828	0	398352	98	
6291456	6291456	1959124	2098988	4194304	635628	3422484	4194304	1102712	546680	0	634674	98	
6291456	6291456	2027596	2030516	4194304	1089508	2968604	4194304	886760	0	0	271338	0	
6291456	6291456	2003596	2054516	4194304	516500	3541612	4194304	1297532	878116	0	460100	99	
6291456	6291456	1987612	2070500	4194304	766860	3291252	4194304	1103968	410772	0	362919	97	
6291456	6291456	1959100	2099012	4194304	739992	3318120	4194304	1240756	684568	0	451225	98	
6291456	6291456	1958956	2099156	4194304	660008	3398104	4194304	1103756	547544	0	344154	98	
6291456	6291456	1954492	2103620	4194304	833836	3224276	4194304	1190832	547568	0	373442	98	
6291456	6291456	1958920	2099192	4194304	676712	3381400	4194304	1103440	547400	0	431409	85	
6291456	6291456	1959100	2099012	4194304	668768	3389344	4194304	1103432	547400	0	376982	98	
6291456	6291456	1958920	2099192	4194304	792308	3265804	4194304	1103416	547388	0	327862	98	
6291456	6291456	1983816	2074296	4194304	719208	3338904	4194304	1103432	547400	0	393385	98	
6291456	6291456	1959088	2099024	4194304	799656	3258456	4194304	1103760	547388	0	355334	98	
6291456	6291456	1993488	2064624	4194304	639980	3418132	4194304	1104112	547728	0	480065	98	
6291456	6291456	1959396	2098716	4194304	1068892	2989220	4194304	1194304	547740	0	810561	98	
6291456	6291456	1995608	2062504	4194304	1091196	2966916	4194304	874832	0	0	271265	0	
6291456	6291456	2005080	2053032	4194304	495768	3562344	4194304	1285256	866192	0	406105	99	
6291456	6291456	1971876	2086236	4194304	835736	3222376	4194304	1103300	410436	0	356981	97	
6291456	6291456	1959004	2099108	4194304	701232	3356880	4194304	1240420	684224	0	440236	98	
6291456	6291456	1958956	2099156	4194304	671064	3387048	4194304	1103608	547568	0	349003	98	
6291456	6291456	1958956	2099156	4194304	651936	3406176	4194304	1103572	547400	0	390625	98	
6291456	6291456	1954304	2103808	4194304	801184	3256928	4194304	1190800	547544	0	439004	98	
6291456	6291456	1954032	2104080	4194304	685620	3372492	4194304	1190500	547388	0	441372	85	
6291456	6291456	1953996	2104116	4194304	840448	3217664	4194304	1190192	547248	0	365219	85	
6291456	6291456	1958764	2099348	4194304	680164	3377948	4194304	1102952	547080	0	412043	85	
6291456	6291456	1958824	2099288	4194304	699732	3358380	4194304	1103108	547232	0	373749	98	
6291456	6291456	1958812	2099300	4194304	669048	3389064	4194304	1103428	547232	0	396235	98	
6291456	6291456	1958824	2099288	4194304	681820	3376292	4194304	1103440	547556	0	376302	98	
6291456	6291456	1958788	2099324	4194304	675600	3382512	4194304	1103104	547244	0	370360	98	
6291456	6291456	1973072	2085040	4194304	710232	3347880	4194304	1109704	547232	0	415028	98	
6291456	6291456	1958812	2099300	4194304	726108	3332004	4194304	1109704	553832	0	390795	98	
6291456	6291456	1958776	2099336	4194304	669004	3389108	4194304	1103116	547232	0	355523	98	
6291456	6291456	1958776	2099336	4194304	672708	3385404	4194304	1103116	547244	0	361219	98	
6291456	6291456	1958740	2099372	4194304	668652	3389460	4194304	1103092	547232	0	408297	98	
6291456	6291456	1995596	2062516	4194304	1053680	3004432	4194304	874496	0	0	278066	0	
6291456	6291456	1965280	2092832	4194304	514664	3543448	4194304	1284920	865856	0	484624	99	
6291456	6291456	1985472	2072640	4194304	826780	3231332	4194304	1103092	410424	0	343332	97	
6291456	6291456	2020336	2037776	4194304	659888	3398224	4194304	1240064	684040	0	460777	98	
6291456	6291456	1954492	2103620	4194304	797880	3260232	4194304	1190652	547396	0	417979	98	
6291456	6291456	1954276	2103836	4194304	832696	3225416	4194304	1190664	547388	0	394770	85	
6291456	6291456	1954276	2103836	4194304	689436	3368676	4194304	1190820	547412	0	411387	85	
6291456	6291456	1954276	2103836	4194304	826496	3231616	4194304	1190640	547544	0	527237	85	
6291456	6291456	1954264	2103848	4194304	828392	3229720	4194304	1190316	547232	0	417442	85	
6291456	6291456	1954276	2103836	4194304	817912	3240200	4194304	1190316	547220	0	345998	85	
6291456	6291456	1954524	2103588	4194304	819432	3238680	4194304	1190500	547232	0	460074	85	
6291456	6291456	1954460	2103652	4194304	795840	3262272	4194304	1190688	547400	0	374407	85	
6291456	6291456	1954324	2103788	4194304	688672	3369440	4194304	1190524	547424	0	532522	85	
6291456	6291456	1954488	2103624	4194304	833776	3224336	4194304	1190508	547232	0	386873	85	
6291456	6291456	1958956	2099156	4194304	645156	3412956	4194304	1109764	547412	0	426540	85	
6291456	6291456	1954264	2103848	4194304	812128	3245984	4194304	1196804	553708	0	380535	98	
6291456	6291456	1954276	2103836	4194304	798388	3259724	4194304	1190484	547232	0	377183	85	
6291456	6291456	1954672	2103440	4194304	850500	3207612	4194304	1190812	547388	0	379887	85	
6291456	6291456	1959092	2099020	4194304	701764	3356348	4194304	1104108	547556	0	377836	85	
6291456	6291456	1958944	2099168	4194304	693656	3364456	4194304	1104280	547912	0	373713	98	
6291456	6291456	1958908	2099204	4194304	711004	3347108	4194304	1103932	547724	0	418279	98	
6291456	6291456	1959124	2098988	4194304	669268	3388844	4194304	1103768	547580	0	378533	98	
6291456	6291456	1959124	2098988	4194304	709684	3348428	4194304	1103888	547544	0	346127	98	
6291456	6291456	1959112	2099000	4194304	678944	3379168	4194304	1104900	547700	0	475235	98	
6291456	6291456	1959112	2099000	4194304	680516	3377596	4194304	1104772	548556	0	404355	98	
6291456	6291456	1959100	2099012	4194304	672484	3385628	4194304	1104108	547572	0	430204	98	
6291456	6291456	1958908	2099204	4194304	681536	3376576	4194304	1104088	547892	0	428943	98	
6291456	6291456	1959112	2099000	4194304	687280	3370832	4194304	1103924	547568	0	369487	98	
6291456	6291456	1958764	2099348	4194304	604296	3453816	4194304	1103740	547712	0	451543	98	
6291456	6291456	1954008	2104104	4194304	933560	3124552	4194304	1193756	547400	0	1031011	98	
6291456	6291456	1995584	2062528	4194304	1032104	3026008	4194304	874508	0	0	300794	0	
6291456	6291456	1958860	2099252	4194304	547752	3510360	4194304	1285100	865868	0	464963	99	
6291456	6291456	2020380	2037732	4194304	849296	3208816	4194304	1103448	410604	0	371262	97	
6291456	6291456	1972440	2085672	4194304	711084	3347028	4194304	1240084	684200	0	418588	98	
6291456	6291456	1958848	2099264	4194304	688156	3369956	4194304	1103268	547240	0	447087	98	
6291456	6291456	1959052	2099060	4194304	668612	3389500	4194304	1103584	547400	0	420366	98	
6291456	6291456	1958848	2099264	4194304	693132	3364980	4194304	1103596	547556	0	393557	98	
6291456	6291456	1958860	2099252	4194304	677876	3380236	4194304	1103584	547400	0	439365	98	
6291456	6291456	1958872	2099240	4194304	678912	3379200	4194304	1103596	547556	0	393461	98	
6291456	6291456	1959064	2099048	4194304	786708	3271404	4194304	1103432	547400	0	425893	98	
6291456	6291456	1977784	2080328	4194304	685076	3373036	4194304	1103428	547388	0	385383	98	
6291456	6291456	1958848	2099264	4194304	699032	3359080	4194304	1103276	547400	0	474669	98	
6291456	6291456	1958788	2099324	4194304	579264	3478848	4194304	1103104	547232	0	451185	98	
6291456	6291456	1953996	2104116	4194304	807248	3250864	4194304	1190316	547232	0	493086	98	
6291456	6291456	1954196	2103916	4194304	769012	3289100	4194304	1196480	547220	0	400792	85	
6291456	6291456	1953984	2104128	4194304	715992	3342120	4194304	1196496	553396	0	393778	85	
6291456	6291456	1953996	2104116	4194304	839344	3218768	4194304	1190332	547236	0	385532	85	
6291456	6291456	1958752	2099360	4194304	714472	3343640	4194304	1103080	547220	0	424323	85	
6291456	6291456	1958824	2099288	4194304	675796	3382316	4194304	1103116	547232	0	461943	98	
6291456	6291456	1958800	2099312	4194304	690588	3367524	4194304	1103120	547244	0	410156	98	
6291456	6291456	1958800	2099312	4194304	710804	3347308	4194304	1103096	547248	0	372064	98	
6291456	6291456	1958764	2099348	4194304	669644	3388468	4194304	1103080	547220	0	368719	98	
6291456	6291456	1958908	2099204	4194304	578404	3479708	4194304	1103248	547232	0	388493	98	
6291456	6291456	1954444	2103668	4194304	801780	3256332	4194304	1190952	547376	0	381841	98	
6291456	6291456	1954512	2103600	4194304	798908	3259204	4194304	1191140	547712	0	370220	85	
6291456	6291456	1954488	2103624	4194304	724400	3333712	4194304	1191004	547560	0	401105	85	
6291456	6291456	1954524	2103588	4194304	839720	3218392	4194304	1191012	547580	0	378295	85	
6291456	6291456	1959064	2099048	4194304	678884	3379228	4194304	1103740	547568	0	378410	85	
6291456	6291456	1958932	2099180	4194304	643028	3415084	4194304	1103420	547544	0	433081	98	
6291456	6291456	1954312	2103800	4194304	792380	3265732	4194304	1190332	547232	0	480477	98	
6291456	6291456	1954560	2103552	4194304	798168	3259944	4194304	1190976	547232	0	384436	85	
6291456	6291456	1954164	2103948	4194304	708948	3349164	4194304	1190824	547880	0	379033	85	
6291456	6291456	1954528	2103584	4194304	801828	3256284	4194304	1190528	547080	0	431320	85	
6291456	6291456	1954312	2103800	4194304	824472	3233640	4194304	1190860	547580	0	418634	85	
6291456	6291456	1954312	2103800	4194304	827240	3230872	4194304	1190836	547412	0	384155	85	
6291456	6291456	1954844	2103268	4194304	828448	3229664	4194304	1191120	547556	0	455285	85	
6291456	6291456	1954484	2103628	4194304	795852	3262260	4194304	1191956	547692	0	400102	85	
6291456	6291456	1954720	2103392	4194304	719000	3339112	4194304	1191856	548396	0	379915	85	
6291456	6291456	1954460	2103652	4194304	762220	3295892	4194304	1190872	547592	0	476134	85	
6291456	6291456	1954676	2103436	4194304	824384	3233728	4194304	1190808	547412	0	366896	85	
6291456	6291456	1954552	2103560	4194304	927528	3130584	4194304	1190824	547528	0	385562	85	
6291456	6291456	2025488	2032624	4194304	687868	3370244	4194304	1103648	547424	0	463629	85	
6291456	6291456	1959028	2099084	4194304	687788	3370324	4194304	1103488	547588	0	387959	98	
6291456	6291456	1959028	2099084	4194304	795980	3262132	4194304	1103472	547248	0	589068	98	
6291456	6291456	1994196	2063916	4194304	602464	3455648	4194304	1106900	547588	0	1107348	98	
6291456	6291456	1996244	2061868	4194304	1280584	2777528	4194304	874856	0	0	305770	0	
6291456	6291456	1935284	2122828	4194304	466192	3591920	4194304	1235712	866220	0	348500	99	
6291456	6291456	1959144	2098968	4194304	819692	3238420	4194304	966636	273624	0	364378	74	
6291456	6291456	2013744	2044368	4194304	665868	3392244	4194304	1240248	684376	0	391091	98	
6291456	6291456	1958972	2099140	4194304	677912	3380200	4194304	1103076	547236	0	324009	98	
6291456	6291456	1958992	2099120	4194304	602252	3455860	4194304	1102948	547204	0	334332	98	
6291456	6291456	1954260	2103852	4194304	797648	3260464	4194304	1190056	547096	0	453460	98	
6291456	6291456	1954448	2103664	4194304	810612	3247500	4194304	1190232	547092	0	461675	85	
6291456	6291456	1954428	2103684	4194304	813140	3244972	4194304	1190372	547260	0	424745	85	
6291456	6291456	1954428	2103684	4194304	788488	3269624	4194304	1190372	547244	0	429427	85	
6291456	6291456	1954416	2103696	4194304	799044	3259068	4194304	1190540	547260	0	474384	85	
6291456	6291456	1954460	2103652	4194304	826408	3231704	4194304	1190528	547412	0	396864	85	
6291456	6291456	1954488	2103624	4194304	816104	3242008	4194304	1190364	547248	0	375697	85	
6291456	6291456	1954472	2103640	4194304	800824	3257288	4194304	1190364	547248	0	437128	85	
6291456	6291456	1958980	2099132	4194304	729128	3328984	4194304	1109436	547248	0	384888	85	
6291456	6291456	1959052	2099060	4194304	662124	3395988	4194304	1109292	553552	0	490845	98	
6291456	6291456	1954520	2103592	4194304	685288	3372824	4194304	1190360	547092	0	415773	98	
6291456	6291456	1954460	2103652	4194304	802480	3255632	4194304	1190680	547400	0	462292	85	
6291456	6291456	1954520	2103592	4194304	796336	3261776	4194304	1190540	547412	0	404054	85	
6291456	6291456	1954696	2103416	4194304	800556	3257556	4194304	1190564	547260	0	473623	85	
6291456	6291456	1954564	2103548	4194304	710888	3347224	4194304	1190552	547436	0	395049	85	
6291456	6291456	1954540	2103572	4194304	816908	3241204	4194304	1190364	547248	0	404058	85	
6291456	6291456	1954596	2103516	4194304	777580	3280532	4194304	1190376	547248	0	563513	85	
6291456	6291456	1954528	2103584	4194304	699952	3358160	4194304	1190376	547260	0	451016	85	
6291456	6291456	1954520	2103592	4194304	676660	3381452	4194304	1190208	547248	0	384297	85	
6291456	6291456	1954464	2103648	4194304	826620	3231492	4194304	1190208	547092	0	401724	85	
6291456	6291456	1954688	2103424	4194304	806384	3251728	4194304	1190832	547248	0	472709	85	
6291456	6291456	1954600	2103512	4194304	797468	3260644	4194304	1191008	547716	0	422060	85	
6291456	6291456	1954784	2103328	4194304	800936	3257176	4194304	1190856	547408	0	479502	85	
6291456	6291456	1954712	2103400	4194304	826952	3231160	4194304	1191020	547576	0	488662	85	
6291456	6291456	1954784	2103328	4194304	699432	3358680	4194304	1191024	547576	0	430624	85	
6291456	6291456	1954888	2103224	4194304	768596	3289516	4194304	1191036	547576	0	443710	85	
6291456	6291456	1954944	2103168	4194304	800404	3257708	4194304	1191200	547588	0	419756	85	
6291456	6291456	1954520	2103592	4194304	813060	3245052	4194304	1191024	547740	0	405274	85	
6291456	6291456	1954540	2103572	4194304	934036	3124076	4194304	1190544	547416	0	410934	85	
6291456	6291456	1970780	2087332	4194304	582124	3475988	4194304	1103480	547260	0	528113	85	
6291456	6291456	1954496	2103616	4194304	799036	3259076	4194304	1190852	547572	0	409352	98	
6291456	6291456	1954920	2103192	4194304	810476	3247636	4194304	1190848	547412	0	416048	85	
6291456	6291456	1954920	2103192	4194304	848464	3209648	4194304	1191328	547564	0	408150	85	
6291456	6291456	1959004	2099108	4194304	689424	3368688	4194304	1104116	547892	0	445332	85	
6291456	6291456	1959004	2099108	4194304	678564	3379548	4194304	1103612	547576	0	476706	98	
6291456	6291456	1959180	2098932	4194304	701216	3356896	4194304	1103468	547400	0	383361	98	
6291456	6291456	1959216	2098896	4194304	698172	3359940	4194304	1103632	547416	0	392769	98	
6291456	6291456	1959016	2099096	4194304	685348	3372764	4194304	1103800	547564	0	457600	98	
6291456	6291456	1959016	2099096	4194304	710232	3347880	4194304	1103964	547588	0	409861	98	
6291456	6291456	1959216	2098896	4194304	698056	3360056	4194304	1104108	547740	0	413009	98	
6291456	6291456	1958992	2099120	4194304	610336	3447776	4194304	1103628	547716	0	424109	98	
6291456	6291456	1954512	2103600	4194304	796212	3261900	4194304	1190692	547260	0	405842	98	
6291456	6291456	1954328	2103784	4194304	841120	3216992	4194304	1190692	547564	0	386504	85	
6291456	6291456	1958908	2099204	4194304	721788	3336324	4194304	1103308	547260	0	453712	85	
6291456	6291456	1958920	2099192	4194304	668012	3390100	4194304	1103284	547400	0	367371	98	
6291456	6291456	1958916	2099196	4194304	690732	3367380	4194304	1103116	547248	0	386979	98	
6291456	6291456	1959272	2098840	4194304	694856	3363256	4194304	1103668	547232	0	406789	98	
6291456	6291456	1959052	2099060	4194304	605760	3452352	4194304	1104024	547784	0	470682	98	
6291456	6291456	1954724	2103388	4194304	717720	3340392	4194304	1191196	547588	0	394338	98	
6291456	6291456	1954508	2103604	4194304	827892	3230220	4194304	1190704	547740	0	390322	85	
6291456	6291456	1955972	2102140	4194304	820316	3237796	4194304	1191692	547092	0	440193	85	
6291456	6291456	1954712	2103400	4194304	819608	3238504	4194304	1192192	548728	0	390927	85	
6291456	6291456	1954424	2103688	4194304	827468	3230644	4194304	1190872	547592	0	398318	85	
6291456	6291456	1954624	2103488	4194304	931768	3126344	4194304	1190856	547408	0	440170	85	
6291456	6291456	1970932	2087180	4194304	803020	3255092	4194304	1107120	547600	0	1085802	85	
6291456	6291456	1995904	2062208	4194304	1034208	3023904	4194304	874544	0	0	391213	0	
6291456	6291456	1959192	2098920	4194304	559288	3498824	4194304	1285464	865896	0	417311	99	
6291456	6291456	1970932	2087180	4194304	829356	3228756	4194304	1103808	410916	0	346413	97	
6291456	6291456	2023368	2034744	4194304	692220	3365892	4194304	1240300	684256	0	394235	98	
6291456	6291456	1959172	2098940	4194304	665228	3392884	4194304	1103400	547408	0	404714	98	
6291456	6291456	1954440	2103672	4194304	852732	3205380	4194304	1190484	547356	0	411041	98	
6291456	6291456	1959228	2098884	4194304	671372	3386740	4194304	1103476	547260	0	494159	85	
6291456	6291456	1959228	2098884	4194304	681040	3377072	4194304	1103620	547564	0	462128	98	
6291456	6291456	1959064	2099048	4194304	687032	3371080	4194304	1103316	547420	0	426356	98	
6291456	6291456	1959056	2099056	4194304	671812	3386300	4194304	1103316	547260	0	437204	98	
6291456	6291456	1958812	2099300	4194304	703872	3354240	4194304	1103456	547408	0	437069	98	
6291456	6291456	1958764	2099348	4194304	794140	3263972	4194304	1103128	547400	0	420404	98	
6291456	6291456	1985716	2072396	4194304	696012	3362100	4194304	1103152	547092	0	387026	98	
6291456	6291456	1958764	2099348	4194304	697556	3360556	4194304	1103448	547412	0	431452	98	
6291456	6291456	1995208	2062904	4194304	653728	3404384	4194304	1109616	547400	0	431489	98	
6291456	6291456	1954540	2103572	4194304	833988	3224124	4194304	1197560	553564	0	520646	98	
6291456	6291456	1959080	2099032	4194304	677048	3381064	4194304	1104020	548128	0	410226	85	
6291456	6291456	1959028	2099084	4194304	669752	3388360	4194304	1103300	547240	0	479207	98	
6291456	6291456	1959028	2099084	4194304	674220	3383892	4194304	1103316	547424	0	439282	98	
6291456	6291456	1958908	2099204	4194304	706804	3351308	4194304	1103152	547256	0	401031	98	
6291456	6291456	1959204	2098908	4194304	684684	3373428	4194304	1103796	547244	0	466252	98	
6291456	6291456	1959228	2098884	4194304	710556	3347556	4194304	1104296	547904	0	444949	98	
6291456	6291456	1959216	2098896	4194304	678500	3379612	4194304	1103956	547728	0	423365	98	
6291456	6291456	1959204	2098908	4194304	676804	3381308	4194304	1103964	547576	0	513114	98	
6291456	6291456	1959040	2099072	4194304	673808	3384304	4194304	1104128	547752	0	419664	98	
6291456	6291456	1959240	2098872	4194304	676084	3382028	4194304	1103920	547716	0	456780	98	
6291456	6291456	1959028	2099084	4194304	651996	3406116	4194304	1103600	547552	0	491141	98	
6291456	6291456	1954520	2103592	4194304	803140	3254972	4194304	1190680	547412	0	476981	98	
6291456	6291456	1954256	2103856	4194304	780172	3277940	4194304	1190520	547400	0	432105	85	
6291456	6291456	1954324	2103788	4194304	767584	3290528	4194304	1190520	547252	0	421206	85	
6291456	6291456	1954280	2103832	4194304	797152	3260960	4194304	1190504	547400	0	466859	85	
6291456	6291456	1954280	2103832	4194304	800156	3257956	4194304	1190352	547236	0	431869	85	
6291456	6291456	1954292	2103820	4194304	706244	3351868	4194304	1190516	547248	0	462462	85	
6291456	6291456	1954336	2103776	4194304	796880	3261232	4194304	1190528	547400	0	462358	85	
6291456	6291456	1954256	2103856	4194304	805172	3252940	4194304	1190376	547260	0	391298	85	
6291456	6291456	1954512	2103600	4194304	715244	3342868	4194304	1190516	547248	0	352960	85	
6291456	6291456	1954536	2103576	4194304	780624	3277488	4194304	1190668	547400	0	494928	85	
6291456	6291456	1954300	2103812	4194304	901492	3156620	4194304	1190524	547400	0	426195	85	
6291456	6291456	2000492	2057620	4194304	677624	3380488	4194304	1103156	547256	0	403198	85	
6291456	6291456	1958968	2099144	4194304	673812	3384300	4194304	1103156	547248	0	431402	98	
6291456	6291456	1958944	2099168	4194304	667064	3391048	4194304	1103144	547260	0	445141	98	
6291456	6291456	1958956	2099156	4194304	694876	3363236	4194304	1102964	547236	0	401698	98	
6291456	6291456	1958956	2099156	4194304	681848	3376264	4194304	1103140	547092	0	403308	98	
6291456	6291456	1958968	2099144	4194304	711832	3346280	4194304	1103436	547412	0	399743	98	
6291456	6291456	1959016	2099096	4194304	674240	3383872	4194304	1103284	547388	0	434683	98	
6291456	6291456	1958788	2099324	4194304	678220	3379892	4194304	1103128	547248	0	429430	98	
6291456	6291456	1959156	2098956	4194304	669212	3388900	4194304	1103304	547244	0	411456	98	
6291456	6291456	1958980	2099132	4194304	666908	3391204	4194304	1103308	547412	0	482031	98	
6291456	6291456	1959180	2098932	4194304	701356	3356756	4194304	1103312	547248	0	482750	98	
6291456	6291456	1958980	2099132	4194304	677632	3380480	4194304	1103320	547412	0	435378	98	
6291456	6291456	1958980	2099132	4194304	706068	3352044	4194304	1103308	547260	0	408605	98	
6291456	6291456	1959004	2099108	4194304	706668	3351444	4194304	1103296	547400	0	454809	98	
6291456	6291456	1959132	2098980	4194304	668292	3389820	4194304	1103448	547248	0	497272	98	
6291456	6291456	1959144	2098968	4194304	678716	3379396	4194304	1103600	547552	0	498372	98	
6291456	6291456	1958980	2099132	4194304	680444	3377668	4194304	1103296	547400	0	429330	98	
6291456	6291456	1958908	2099204	4194304	666696	3391416	4194304	1103132	547248	0	397229	98	
6291456	6291456	1958944	2099168	4194304	678812	3379300	4194304	1103144	547248	0	489146	98	
6291456	6291456	1958932	2099180	4194304	672596	3385516	4194304	1103284	547248	0	396399	98	
6291456	6291456	1958932	2099180	4194304	806476	3251636	4194304	1103284	547400	0	410631	98	
6291456	6291456	2000540	2057572	4194304	668464	3389648	4194304	1103132	547236	0	489600	98	
6291456	6291456	1958932	2099180	4194304	645236	3412876	4194304	1103144	547248	0	573666	98	
6291456	6291456	1954548	2103564	4194304	843756	3214356	4194304	1190680	547260	0	501831	98	
6291456	6291456	1958908	2099204	4194304	678500	3379612	4194304	1103436	547552	0	466353	85	
6291456	6291456	1958920	2099192	4194304	682032	3376080	4194304	1103144	547248	0	531572	98	
6291456	6291456	1958980	2099132	4194304	659560	3398552	4194304	1103144	547260	0	442909	98	
6291456	6291456	1954468	2103644	4194304	830236	3227876	4194304	1190368	547248	0	443111	98	
6291456	6291456	1954656	2103456	4194304	798452	3259660	4194304	1190696	547252	0	534034	85	
6291456	6291456	1954644	2103468	4194304	814332	3243780	4194304	1190856	547576	0	411026	85	
6291456	6291456	1954464	2103648	4194304	717476	3340636	4194304	1190344	547412	0	441226	85	
6291456	6291456	1954516	2103596	4194304	795552	3262560	4194304	1190196	547064	0	477368	85	
6291456	6291456	1954332	2103780	4194304	726744	3331368	4194304	1190552	547264	0	428029	85	
6291456	6291456	1954808	2103304	4194304	927856	3130256	4194304	1191004	547420	0	415849	85	
6291456	6291456	2025600	2032512	4194304	691012	3367100	4194304	1103752	547716	0	420269	85	
6291456	6291456	1959156	2098956	4194304	656456	3401656	4194304	1103624	547400	0	509371	98	
6291456	6291456	1954452	2103660	4194304	964492	3093620	4194304	1190852	547576	0	457114	98	
6291456	6291456	1992216	2065896	4194304	714008	3344104	4194304	1103300	547408	0	441280	85	
6291456	6291456	1959064	2099048	4194304	668796	3389316	4194304	1103132	547244	0	427424	98	
6291456	6291456	1959032	2099080	4194304	673260	3384852	4194304	1103148	547236	0	437051	98	
6291456	6291456	1958992	2099120	4194304	816336	3241776	4194304	1103148	547264	0	433030	98	
6291456	6291456	2009860	2048252	4194304	794860	3263252	4194304	1103132	547248	0	414562	98	
6291456	6291456	1986508	2071604	4194304	708540	3349572	4194304	1103284	547248	0	450550	98	
6291456	6291456	1958992	2099120	4194304	812084	3246028	4194304	1103272	547388	0	432412	98	
6291456	6291456	2005628	2052484	4194304	705548	3352564	4194304	1103144	547248	0	511767	98	
6291456	6291456	1959028	2099084	4194304	700844	3357268	4194304	1103132	547248	0	492569	98	
6291456	6291456	1958980	2099132	4194304	700844	3357268	4194304	1103120	547236	0	452315	98	
6291456	6291456	1959016	2099096	4194304	675692	3382420	4194304	1103144	547248	0	503428	98	
6291456	6291456	1965872	2092240	4194304	835788	3222324	4194304	1108612	547248	0	851927	98	
6291456	6291456	1959716	2098396	4194304	676444	3381668	4194304	1108936	552696	0	1792636	98	
6291456	6291456	1995868	2062244	4194304	1130324	2927788	4194304	874684	0	0	345001	0	
6291456	6291456	1974440	2083672	4194304	568324	3489788	4194304	1285120	866048	0	381044	99	
6291456	6291456	1971572	2086540	4194304	831912	3226200	4194304	1103296	410436	0	373073	97	
6291456	6291456	2025576	2032536	4194304	678716	3379396	4194304	1239964	684224	0	399570	98	
6291456	6291456	1959004	2099108	4194304	648296	3409816	4194304	1103456	547104	0	387239	98	
6291456	6291456	1954724	2103388	4194304	779432	3278680	4194304	1190996	547716	0	564096	98	
6291456	6291456	1954680	2103432	4194304	829368	3228744	4194304	1190844	547412	0	503705	85	
6291456	6291456	1954876	2103236	4194304	778204	3279908	4194304	1191160	547564	0	489808	85	
6291456	6291456	1954736	2103376	4194304	781484	3276628	4194304	1191332	547728	0	553296	85	
6291456	6291456	1954700	2103412	4194304	800856	3257256	4194304	1191344	547732	0	419420	85	
6291456	6291456	1954572	2103540	4194304	782260	3275852	4194304	1190860	547744	0	481550	85	
6291456	6291456	1954752	2103360	4194304	799900	3258212	4194304	1190540	547248	0	440782	85	
6291456	6291456	1954572	2103540	4194304	717980	3340132	4194304	1190852	547420	0	527040	85	
6291456	6291456	1954440	2103672	4194304	803392	3254720	4194304	1190832	547564	0	432708	85	
6291456	6291456	1954644	2103468	4194304	796448	3261664	4194304	1196680	547400	0	490352	85	
6291456	6291456	1954604	2103508	4194304	798308	3259804	4194304	1196848	553412	0	508049	85	
6291456	6291456	1954596	2103516	4194304	794416	3263696	4194304	1190848	547564	0	507641	85	
6291456	6291456	1954204	2103908	4194304	790612	3267500	4194304	1190376	547416	0	430987	85	
6291456	6291456	1954528	2103584	4194304	799408	3258704	4194304	1190352	547092	0	408968	85	
6291456	6291456	1954616	2103496	4194304	792488	3265624	4194304	1190676	547388	0	554763	85	
6291456	6291456	1954396	2103716	4194304	804736	3253376	4194304	1190700	547416	0	427440	85	
6291456	6291456	1954000	2104112	4194304	768704	3289408	4194304	1190220	547416	0	435640	85	
6291456	6291456	1954436	2103676	4194304	769616	3288496	4194304	1190064	546936	0	496542	85	
6291456	6291456	1954368	2103744	4194304	833936	3224176	4194304	1190540	547260	0	455755	85	
6291456	6291456	1958920	2099192	4194304	685828	3372284	4194304	1103612	547412	0	497670	85	
6291456	6291456	1959220	2098892	4194304	648648	3409464	4194304	1103624	547564	0	469697	98	
6291456	6291456	1954448	2103664	4194304	806520	3251592	4194304	1190700	547408	0	588531	98	
6291456	6291456	1954660	2103452	4194304	804648	3253464	4194304	1190708	547424	0	455628	85	
6291456	6291456	1954504	2103608	4194304	826848	3231264	4194304	1190692	547400	0	416402	85	
6291456	6291456	1954660	2103452	4194304	774104	3284008	4194304	1191012	547424	0	473963	85	
6291456	6291456	1954472	2103640	4194304	833612	3224500	4194304	1190844	547716	0	452165	85	
6291456	6291456	1959004	2099108	4194304	676352	3381760	4194304	1103288	547260	0	435204	85	
6291456	6291456	1959068	2099044	4194304	700816	3357296	4194304	1103776	547380	0	587549	98	
6291456	6291456	1958892	2099220	4194304	606736	3451376	4194304	1103968	547728	0	608049	98	
6291456	6291456	1954172	2103940	4194304	716932	3341180	4194304	1190692	547576	0	499495	98	
6291456	6291456	1954436	2103676	4194304	770648	3287464	4194304	1190856	547248	0	473028	85	
6291456	6291456	1954220	2103892	4194304	803636	3254476	4194304	1190860	547740	0	530127	85	
6291456	6291456	1954448	2103664	4194304	809324	3248788	4194304	1190704	547248	0	457173	85	
6291456	6291456	1954580	2103532	4194304	811040	3247072	4194304	1191012	547588	0	483991	85	
6291456	6291456	1954356	2103756	4194304	777380	3280732	4194304	1190844	547552	0	546413	85	
6291456	6291456	1954440	2103672	4194304	779780	3278332	4194304	1190720	547424	0	501549	85	
6291456	6291456	1954288	2103824	4194304	829220	3228892	4194304	1190568	547424	0	473496	85	
6291456	6291456	1954228	2103884	4194304	819340	3238772	4194304	1190552	547272	0	479877	85	
6291456	6291456	1954428	2103684	4194304	713880	3344232	4194304	1193976	547412	0	530132	85	
6291456	6291456	1954228	2103884	4194304	782204	3275908	4194304	1193820	550692	0	400050	85	
6291456	6291456	1954172	2103940	4194304	779272	3278840	4194304	1190356	547260	0	520052	85	
6291456	6291456	1954308	2103804	4194304	814188	3243924	4194304	1190520	547228	0	477349	85	
6291456	6291456	1954152	2103960	4194304	794900	3263212	4194304	1190536	547424	0	433395	85	
6291456	6291456	1954548	2103564	4194304	811392	3246720	4194304	1190656	547244	0	539993	85	
6291456	6291456	1954160	2103952	4194304	824428	3233684	4194304	1190996	547540	0	403850	85	
6291456	6291456	1954280	2103832	4194304	678888	3379224	4194304	1190852	547588	0	407138	85	
6291456	6291456	1954264	2103848	4194304	680932	3377180	4194304	1190512	547396	0	480586	85	
6291456	6291456	1954160	2103952	4194304	810744	3247368	4194304	1190352	547248	0	425401	85	
6291456	6291456	1954432	2103680	4194304	833228	3224884	4194304	1190520	547236	0	488184	85	
6291456	6291456	1954196	2103916	4194304	817188	3240924	4194304	1190544	547416	0	472053	85	
6291456	6291456	1954228	2103884	4194304	710752	3347360	4194304	1190380	547260	0	479414	85	
6291456	6291456	1954276	2103836	4194304	792352	3265760	4194304	1190368	547252	0	551600	85	
6291456	6291456	1954252	2103860	4194304	801856	3256256	4194304	1190516	547248	0	427207	85	
6291456	6291456	1954252	2103860	4194304	960272	3097840	4194304	1190360	547400	0	458494	85	
6291456	6291456	1988212	2069900	4194304	689000	3369112	4194304	1103008	547092	0	526008	85	
6291456	6291456	1958856	2099256	4194304	668528	3389584	4194304	1103152	547252	0	475973	98	
6291456	6291456	1958904	2099208	4194304	672768	3385344	4194304	1103160	547248	0	461955	98	
6291456	6291456	1959080	2099032	4194304	722608	3335504	4194304	1103468	547248	0	470771	98	
6291456	6291456	1958700	2099412	4194304	577572	3480540	4194304	1103312	547552	0	458587	98	
6291456	6291456	1954228	2103884	4194304	706044	3352068	4194304	1190228	547108	0	524763	98	
6291456	6291456	1954252	2103860	4194304	711312	3346800	4194304	1190380	547252	0	465884	85	
6291456	6291456	1954264	2103848	4194304	796256	3261856	4194304	1190540	547260	0	509920	85	
6291456	6291456	1954284	2103828	4194304	687560	3370552	4194304	1190704	547412	0	488895	85	
6291456	6291456	1954172	2103940	4194304	691084	3367028	4194304	1190692	547424	0	472975	85	
6291456	6291456	1954240	2103872	4194304	827120	3230992	4194304	1190668	547400	0	473085	85	
6291456	6291456	1954172	2103940	4194304	826952	3231160	4194304	1190668	547400	0	451829	85	
6291456	6291456	1954396	2103716	4194304	827048	3231064	4194304	1190672	547400	0	483018	85	
6291456	6291456	1954252	2103860	4194304	824412	3233700	4194304	1190372	547400	0	486262	85	
6291456	6291456	1954016	2104096	4194304	831464	3226648	4194304	1190228	547104	0	527818	85	
6291456	6291456	1954452	2103660	4194304	811108	3247004	4194304	1190528	547256	0	487104	85	
6291456	6291456	1954072	2104040	4194304	807324	3250788	4194304	1190372	547400	0	543417	85	
6291456	6291456	1954336	2103776	4194304	687828	3370284	4194304	1190540	547104	0	488414	85	
6291456	6291456	1954320	2103792	4194304	690928	3367184	4194304	1190688	547568	0	490980	85	
6291456	6291456	1954216	2103896	4194304	765620	3292492	4194304	1190552	547248	0	520790	85	
6291456	6291456	1954228	2103884	4194304	822284	3235828	4194304	1190868	547436	0	457910	85	
6291456	6291456	1954216	2103896	4194304	669580	3388532	4194304	1190680	547564	0	503475	85	
6291456	6291456	1954624	2103488	4194304	902644	3155468	4194304	1190848	547248	0	507642	85	
6291456	6291456	2000540	2057572	4194304	668132	3389980	4194304	1103808	547728	0	440538	85	
6291456	6291456	1958908	2099204	4194304	682096	3376016	4194304	1103492	547412	0	531389	98	
6291456	6291456	1958928	2099184	4194304	714104	3344008	4194304	1103336	547416	0	546615	98	
6291456	6291456	1958904	2099208	4194304	674280	3383832	4194304	1103340	547252	0	481922	98	
6291456	6291456	1959092	2099020	4194304	681468	3376644	4194304	1103656	547424	0	474837	98	
