b_initial_y_size_0	b_max_y_size_1	b_used_2	b_available_3	b_committed_4	a_used_5	a_available_6	a_committed_7	a_survived_8	a_promoted_9	a_copied_10	a_time_in_ns_11	promotion_rate_12
3145728	3145728	1014520	1014536	2097152	107452	1921604	2097152	907700	832664	0	1317527	100	
3145728	3145728	1014520	1014536	2097152	613240	1415816	2097152	616032	75036	0	687417	100	
3145728	3145728	1014520	1014536	2097152	143656	1885400	2097152	618028	485660	0	776825	89	
3145728	3145728	1014516	1014540	2097152	208128	1820928	2097152	263476	79852	0	533614	60	
3145728	3145728	1014512	1014544	2097152	198136	1830920	2097152	346224	169824	0	619112	92	
3145728	3145728	1014512	1014544	2097152	202072	1826984	2097152	356996	172664	0	655383	97	
3145728	3145728	1014528	1014528	2097152	226620	1802436	2097152	225440	0	0	442636	0	
3145728	3145728	1014528	1014528	2097152	259988	1769068	2097152	225280	0	0	496858	0	
3145728	3145728	1014528	1014528	2097152	262488	1766568	2097152	225204	0	0	556391	0	
3145728	3145728	1014528	1014528	2097152	254292	1774764	2097152	225128	0	0	432027	0	
3145728	3145728	1014528	1014528	2097152	227060	1801996	2097152	225136	0	0	426619	0	
3145728	3145728	1014528	1014528	2097152	226380	1802676	2097152	225196	0	0	425338	0	
3145728	3145728	1014528	1014528	2097152	257276	1771780	2097152	225244	0	0	445029	0	
3145728	3145728	1014528	1014528	2097152	257824	1771232	2097152	225112	0	0	453882	0	
3145728	3145728	1014516	1014540	2097152	256624	1772432	2097152	225020	0	0	432150	0	
3145728	3145728	1014528	1014528	2097152	254344	1774712	2097152	225056	0	0	434910	0	
3145728	3145728	1014516	1014540	2097152	257736	1771320	2097152	225076	0	0	428430	0	
3145728	3145728	1014528	1014528	2097152	253948	1775108	2097152	225180	0	0	419651	0	
3145728	3145728	1014516	1014540	2097152	254384	1774672	2097152	225236	0	0	462633	0	
3145728	3145728	1014528	1014528	2097152	266332	1762724	2097152	224948	0	0	576537	0	
3145728	3145728	1014528	1014528	2097152	227624	1801432	2097152	224952	0	0	415895	0	
3145728	3145728	1014512	1014544	2097152	225328	1803728	2097152	224836	0	0	458551	0	
3145728	3145728	1014528	1014528	2097152	225012	1804044	2097152	224876	0	0	439154	0	
3145728	3145728	1014512	1014544	2097152	225716	1803340	2097152	224948	0	0	454289	0	
3145728	3145728	1014512	1014544	2097152	226624	1802432	2097152	224720	0	0	451009	0	
3145728	3145728	1014524	1014532	2097152	225784	1803272	2097152	224532	0	0	445852	0	
3145728	3145728	1014512	1014544	2097152	255908	1773148	2097152	224880	0	0	460157	0	
3145728	3145728	1014528	1014528	2097152	243840	1785216	2097152	238420	0	0	445368	0	
3145728	3145728	1014524	1014532	2097152	255228	1773828	2097152	224588	0	0	417313	0	
3145728	3145728	1014512	1014544	2097152	226144	1802912	2097152	224664	0	0	468055	0	
3145728	3145728	1014516	1014540	2097152	226716	1802340	2097152	224832	0	0	479627	0	
3145728	3145728	1014528	1014528	2097152	259408	1769648	2097152	224628	0	0	500652	0	
3145728	3145728	1014528	1014528	2097152	225276	1803780	2097152	224644	0	0	454800	0	
3145728	3145728	1014528	1014528	2097152	226668	1802388	2097152	224612	0	0	416776	0	
3145728	3145728	1014528	1014528	2097152	254712	1774344	2097152	224696	0	0	468370	0	
3145728	3145728	1014528	1014528	2097152	225388	1803668	2097152	224584	0	0	457167	0	
3145728	3145728	1014528	1014528	2097152	254372	1774684	2097152	224708	0	0	425266	0	
3145728	3145728	1014528	1014528	2097152	228716	1800340	2097152	224468	0	0	421144	0	
3145728	3145728	1014528	1014528	2097152	227236	1801820	2097152	224432	0	0	471309	0	
3145728	3145728	1014524	1014532	2097152	227148	1801908	2097152	224480	0	0	459100	0	
3145728	3145728	1014512	1014544	2097152	225356	1803700	2097152	224172	0	0	413652	0	
3145728	3145728	1014524	1014532	2097152	228428	1800628	2097152	224540	0	0	420894	0	
3145728	3145728	1014528	1014528	2097152	226212	1802844	2097152	224440	0	0	455816	0	
3145728	3145728	1014528	1014528	2097152	225672	1803384	2097152	224628	0	0	471615	0	
3145728	3145728	1014528	1014528	2097152	254024	1775032	2097152	224196	0	0	439253	0	
3145728	3145728	1014512	1014544	2097152	224860	1804196	2097152	224216	0	0	421610	0	
3145728	3145728	1014512	1014544	2097152	224216	1804840	2097152	224152	0	0	454591	0	
3145728	3145728	1014528	1014528	2097152	254472	1774584	2097152	223768	0	0	488899	0	
3145728	3145728	1014524	1014532	2097152	256100	1772956	2097152	223868	0	0	441323	0	
3145728	3145728	1014512	1014544	2097152	255944	1773112	2097152	224224	0	0	430817	0	
3145728	3145728	1014508	1014548	2097152	257340	1771716	2097152	223684	0	0	447246	0	
3145728	3145728	1014512	1014544	2097152	254772	1774284	2097152	224032	0	0	452144	0	
3145728	3145728	1014512	1014544	2097152	225312	1803744	2097152	223896	0	0	505232	0	
3145728	3145728	1014512	1014544	2097152	225516	1803540	2097152	224060	0	0	414196	0	
3145728	3145728	1014528	1014528	2097152	227500	1801556	2097152	224140	0	0	457440	0	
3145728	3145728	1014524	1014532	2097152	225796	1803260	2097152	223928	0	0	447181	0	
3145728	3145728	1014512	1014544	2097152	224936	1804120	2097152	223840	0	0	438356	0	
3145728	3145728	1014528	1014528	2097152	225076	1803980	2097152	224048	0	0	433787	0	
3145728	3145728	1014528	1014528	2097152	225184	1803872	2097152	224276	0	0	413472	0	
3145728	3145728	1014528	1014528	2097152	225544	1803512	2097152	223932	0	0	409816	0	
3145728	3145728	1014524	1014532	2097152	256808	1772248	2097152	224020	0	0	422427	0	
3145728	3145728	1014524	1014532	2097152	253728	1775328	2097152	224132	0	0	437366	0	
3145728	3145728	1014512	1014544	2097152	266712	1762344	2097152	224092	0	0	568522	0	
3145728	3145728	1014512	1014544	2097152	280264	1748792	2097152	255596	0	0	415506	0	
3145728	3145728	1014524	1014532	2097152	262396	1766660	2097152	223512	0	0	442527	0	
3145728	3145728	1014528	1014528	2097152	256532	1772524	2097152	224028	0	0	429428	0	
3145728	3145728	1014524	1014532	2097152	257504	1771552	2097152	223888	0	0	452062	0	
3145728	3145728	1014512	1014544	2097152	224744	1804312	2097152	223840	0	0	430436	0	
3145728	3145728	1014512	1014544	2097152	256488	1772568	2097152	223576	0	0	461879	0	
3145728	3145728	1014524	1014532	2097152	254580	1774476	2097152	223696	0	0	438987	0	
3145728	3145728	1014524	1014532	2097152	253760	1775296	2097152	223804	0	0	456327	0	
3145728	3145728	1014524	1014532	2097152	224728	1804328	2097152	223264	0	0	442808	0	
3145728	3145728	1014524	1014532	2097152	224616	1804440	2097152	223328	0	0	441684	0	
3145728	3145728	1014508	1014548	2097152	224624	1804432	2097152	222992	0	0	434960	0	
3145728	3145728	1014520	1014536	2097152	224488	1804568	2097152	222900	0	0	425108	0	
3145728	3145728	1014524	1014532	2097152	223760	1805296	2097152	223464	0	0	411708	0	
3145728	3145728	1014508	1014548	2097152	225480	1803576	2097152	223500	0	0	484036	0	
3145728	3145728	1014512	1014544	2097152	255016	1774040	2097152	223528	0	0	417385	0	
3145728	3145728	1014524	1014532	2097152	264552	1764504	2097152	223000	0	0	563794	0	
3145728	3145728	1014524	1014532	2097152	253936	1775120	2097152	223140	0	0	423511	0	
3145728	3145728	1014524	1014532	2097152	223476	1805580	2097152	223132	0	0	419348	0	
3145728	3145728	1014508	1014548	2097152	223304	1805752	2097152	222824	0	0	465529	0	
3145728	3145728	1014524	1014532	2097152	225116	1803940	2097152	222984	0	0	454741	0	
3145728	3145728	1014508	1014548	2097152	224924	1804132	2097152	223456	0	0	439099	0	
3145728	3145728	1014512	1014544	2097152	225380	1803676	2097152	223352	0	0	450036	0	
3145728	3145728	1014508	1014548	2097152	224120	1804936	2097152	222748	0	0	428797	0	
3145728	3145728	1014508	1014548	2097152	224512	1804544	2097152	223276	0	0	451160	0	
3145728	3145728	1014524	1014532	2097152	226480	1802576	2097152	222988	0	0	433043	0	
3145728	3145728	1014524	1014532	2097152	225320	1803736	2097152	223148	0	0	427211	0	
3145728	3145728	1014520	1014536	2097152	225616	1803440	2097152	223092	0	0	434070	0	
3145728	3145728	1014524	1014532	2097152	225836	1803220	2097152	223192	0	0	439814	0	
3145728	3145728	1014520	1014536	2097152	223068	1805988	2097152	222624	0	0	448374	0	
3145728	3145728	1014508	1014548	2097152	223508	1805548	2097152	223112	0	0	449892	0	
3145728	3145728	1014508	1014548	2097152	225420	1803636	2097152	223024	0	0	443406	0	
3145728	3145728	1014524	1014532	2097152	225028	1804028	2097152	223064	0	0	442991	0	
3145728	3145728	1014520	1014536	2097152	308836	1720220	2097152	269872	0	0	397689	0	
3145728	3145728	1014508	1014548	2097152	225596	1803460	2097152	222888	0	0	522123	0	
3145728	3145728	1014524	1014532	2097152	224456	1804600	2097152	222932	0	0	489791	0	
3145728	3145728	1014524	1014532	2097152	222808	1806248	2097152	222616	0	0	419060	0	
3145728	3145728	1014520	1014536	2097152	222792	1806264	2097152	222252	0	0	409786	0	
3145728	3145728	1014524	1014532	2097152	225644	1803412	2097152	222604	0	0	460402	0	
3145728	3145728	1014508	1014548	2097152	223388	1805668	2097152	222620	0	0	455881	0	
3145728	3145728	1014508	1014548	2097152	223592	1805464	2097152	222232	0	0	488337	0	
3145728	3145728	1014520	1014536	2097152	225392	1803664	2097152	222356	0	0	423172	0	
3145728	3145728	1014504	1014552	2097152	224260	1804796	2097152	222348	0	0	429316	0	
3145728	3145728	1014508	1014548	2097152	254032	1775024	2097152	222848	0	0	432424	0	
3145728	3145728	1014520	1014536	2097152	224752	1804304	2097152	222404	0	0	415002	0	
3145728	3145728	1014508	1014548	2097152	223812	1805244	2097152	222052	0	0	421628	0	
3145728	3145728	1014520	1014536	2097152	222724	1806332	2097152	222424	0	0	448898	0	
3145728	3145728	1014508	1014548	2097152	222660	1806396	2097152	221944	0	0	428919	0	
3145728	3145728	1014508	1014548	2097152	223708	1805348	2097152	222212	0	0	407646	0	
3145728	3145728	1014520	1014536	2097152	224768	1804288	2097152	222448	0	0	418365	0	
3145728	3145728	1014520	1014536	2097152	222900	1806156	2097152	222596	0	0	452590	0	
3145728	3145728	1014520	1014536	2097152	253668	1775388	2097152	222316	0	0	457914	0	
3145728	3145728	1014508	1014548	2097152	225024	1804032	2097152	222344	0	0	448769	0	
3145728	3145728	1014508	1014548	2097152	224424	1804632	2097152	222268	0	0	429914	0	
3145728	3145728	1014508	1014548	2097152	224352	1804704	2097152	222020	0	0	424265	0	
3145728	3145728	1014520	1014536	2097152	255076	1773980	2097152	222008	0	0	452801	0	
3145728	3145728	1014508	1014548	2097152	223484	1805572	2097152	222928	0	0	460094	0	
3145728	3145728	1014504	1014552	2097152	222700	1806356	2097152	221832	0	0	435681	0	
3145728	3145728	1014520	1014536	2097152	224808	1804248	2097152	222468	0	0	469629	0	
3145728	3145728	1014504	1014552	2097152	225004	1804052	2097152	221772	0	0	430554	0	
3145728	3145728	1014508	1014548	2097152	253952	1775104	2097152	222212	0	0	426650	0	
3145728	3145728	1014520	1014536	2097152	223016	1806040	2097152	222260	0	0	424908	0	
3145728	3145728	1014524	1014532	2097152	223580	1805476	2097152	222500	0	0	427290	0	
3145728	3145728	1014508	1014548	2097152	223364	1805692	2097152	222716	0	0	418192	0	
3145728	3145728	1014524	1014532	2097152	225840	1803216	2097152	222896	0	0	472511	0	
3145728	3145728	1014516	1014540	2097152	222564	1806492	2097152	221756	0	0	432667	0	
3145728	3145728	1014520	1014536	2097152	223112	1805944	2097152	222548	0	0	412889	0	
3145728	3145728	1014520	1014536	2097152	223404	1805652	2097152	221808	0	0	451895	0	
3145728	3145728	1014520	1014536	2097152	223204	1805852	2097152	222416	0	0	430927	0	
3145728	3145728	1014508	1014548	2097152	226404	1802652	2097152	222436	0	0	443118	0	
3145728	3145728	1014516	1014540	2097152	254332	1774724	2097152	221552	0	0	480397	0	
3145728	3145728	1014504	1014552	2097152	226340	1802716	2097152	222240	0	0	450917	0	
3145728	3145728	1014508	1014548	2097152	223280	1805776	2097152	222152	0	0	432858	0	
3145728	3145728	1014520	1014536	2097152	264828	1764228	2097152	222096	0	0	534025	0	
3145728	3145728	1014520	1014536	2097152	227412	1801644	2097152	222008	0	0	509050	0	
3145728	3145728	1014520	1014536	2097152	224424	1804632	2097152	221328	0	0	413804	0	
3145728	3145728	1014520	1014536	2097152	255076	1773980	2097152	221876	0	0	471110	0	
3145728	3145728	1014524	1014532	2097152	223444	1805612	2097152	221496	0	0	444121	0	
3145728	3145728	1014524	1014532	2097152	224116	1804940	2097152	222136	0	0	447036	0	
3145728	3145728	1014504	1014552	2097152	224212	1804844	2097152	221504	0	0	416030	0	
3145728	3145728	1014508	1014548	2097152	265464	1763592	2097152	221948	0	0	625211	0	
3145728	3145728	1014508	1014548	2097152	336460	1692596	2097152	292648	0	0	434058	0	
3145728	3145728	1014520	1014536	2097152	255076	1773980	2097152	221624	0	0	416343	0	
3145728	3145728	1014504	1014552	2097152	266076	1762980	2097152	221840	0	0	564540	0	
3145728	3145728	1014508	1014548	2097152	224652	1804404	2097152	221652	0	0	438202	0	
3145728	3145728	1014520	1014536	2097152	223552	1805504	2097152	221664	0	0	473310	0	
3145728	3145728	1014520	1014536	2097152	222096	1806960	2097152	221580	0	0	494533	0	
3145728	3145728	1014504	1014552	2097152	258208	1770848	2097152	221464	0	0	472297	0	
3145728	3145728	1014504	1014552	2097152	265472	1763584	2097152	221420	0	0	537794	0	
3145728	3145728	1014520	1014536	2097152	222212	1806844	2097152	220876	0	0	451523	0	
3145728	3145728	1014516	1014540	2097152	222796	1806260	2097152	221252	0	0	445799	0	
3145728	3145728	1014520	1014536	2097152	225524	1803532	2097152	221248	0	0	463445	0	
3145728	3145728	1014520	1014536	2097152	254244	1774812	2097152	221272	0	0	427140	0	
3145728	3145728	1014520	1014536	2097152	225172	1803884	2097152	220768	0	0	412076	0	
3145728	3145728	1014504	1014552	2097152	223032	1806024	2097152	221440	0	0	513794	0	
3145728	3145728	1014504	1014552	2097152	223464	1805592	2097152	221632	0	0	439383	0	
3145728	3145728	1014504	1014552	2097152	221616	1807440	2097152	221000	0	0	424147	0	
3145728	3145728	1014520	1014536	2097152	222632	1806424	2097152	221596	0	0	408877	0	
3145728	3145728	1014516	1014540	2097152	225892	1803164	2097152	221292	0	0	494057	0	
3145728	3145728	1014520	1014536	2097152	254984	1774072	2097152	221388	0	0	409452	0	
3145728	3145728	1014520	1014536	2097152	221252	1807804	2097152	221184	0	0	454626	0	
3145728	3145728	1014520	1014536	2097152	223212	1805844	2097152	220824	0	0	439217	0	
3145728	3145728	1014504	1014552	2097152	221984	1807072	2097152	220964	0	0	424219	0	
3145728	3145728	1014520	1014536	2097152	223904	1805152	2097152	221468	0	0	457034	0	
3145728	3145728	1014508	1014548	2097152	223536	1805520	2097152	221880	0	0	454274	0	
3145728	3145728	1014516	1014540	2097152	223528	1805528	2097152	221624	0	0	448460	0	
3145728	3145728	1014512	1014544	2097152	222868	1806188	2097152	221188	0	0	424575	0	
3145728	3145728	1014504	1014552	2097152	224660	1804396	2097152	221016	0	0	416775	0	
3145728	3145728	1014504	1014552	2097152	224708	1804348	2097152	221452	0	0	440956	0	
3145728	3145728	1014520	1014536	2097152	224956	1804100	2097152	221212	0	0	414499	0	
3145728	3145728	1014504	1014552	2097152	224580	1804476	2097152	221116	0	0	486514	0	
3145728	3145728	1014516	1014540	2097152	224140	1804916	2097152	220908	0	0	451153	0	
3145728	3145728	1014520	1014536	2097152	221916	1807140	2097152	221256	0	0	463203	0	
3145728	3145728	1014520	1014536	2097152	265972	1763084	2097152	221184	0	0	555373	0	
3145728	3145728	1014504	1014552	2097152	222164	1806892	2097152	221220	0	0	447889	0	
3145728	3145728	1014504	1014552	2097152	224200	1804856	2097152	220828	0	0	439120	0	
3145728	3145728	1014528	1014528	2097152	255072	1773984	2097152	221132	0	0	419210	0	
3145728	3145728	1014520	1014536	2097152	224144	1804912	2097152	220608	0	0	435727	0	
3145728	3145728	1014516	1014540	2097152	221644	1807412	2097152	220708	0	0	448874	0	
3145728	3145728	1014504	1014552	2097152	224448	1804608	2097152	221168	0	0	412854	0	
3145728	3145728	1014504	1014552	2097152	222840	1806216	2097152	221076	0	0	415595	0	
3145728	3145728	1014504	1014552	2097152	221220	1807836	2097152	221052	0	0	421742	0	
3145728	3145728	1014504	1014552	2097152	225616	1803440	2097152	221440	0	0	441173	0	
3145728	3145728	1014516	1014540	2097152	224996	1804060	2097152	220260	0	0	419733	0	
3145728	3145728	1014504	1014552	2097152	222788	1806268	2097152	220468	0	0	450468	0	
3145728	3145728	1014504	1014552	2097152	224508	1804548	2097152	220256	0	0	447222	0	
3145728	3145728	1014516	1014540	2097152	223952	1805104	2097152	220480	0	0	436333	0	
3145728	3145728	1014516	1014540	2097152	223956	1805100	2097152	220584	0	0	411400	0	
3145728	3145728	1014520	1014536	2097152	221664	1807392	2097152	220704	0	0	418380	0	
3145728	3145728	1014528	1014528	2097152	224188	1804868	2097152	220668	0	0	489825	0	
3145728	3145728	1014528	1014528	2097152	222864	1806192	2097152	219568	0	0	446482	0	
3145728	3145728	1014520	1014536	2097152	224372	1804684	2097152	220980	0	0	481769	0	
3145728	3145728	1014504	1014552	2097152	255592	1773464	2097152	220996	0	0	444084	0	
3145728	3145728	1014504	1014552	2097152	224472	1804584	2097152	220044	0	0	459378	0	
3145728	3145728	1014516	1014540	2097152	223904	1805152	2097152	221264	0	0	463514	0	
3145728	3145728	1014504	1014552	2097152	223648	1805408	2097152	220564	0	0	427261	0	
3145728	3145728	1014516	1014540	2097152	223772	1805284	2097152	219616	0	0	449285	0	
3145728	3145728	1014516	1014540	2097152	264844	1764212	2097152	220728	0	0	566096	0	
3145728	3145728	1014516	1014540	2097152	221736	1807320	2097152	220212	0	0	462398	0	
3145728	3145728	1014528	1014528	2097152	223204	1805852	2097152	220948	0	0	433268	0	
3145728	3145728	1014516	1014540	2097152	224348	1804708	2097152	219756	0	0	410042	0	
3145728	3145728	1014520	1014536	2097152	222028	1807028	2097152	220940	0	0	433752	0	
3145728	3145728	1014516	1014540	2097152	221236	1807820	2097152	220252	0	0	430632	0	
3145728	3145728	1014512	1014544	2097152	254868	1774188	2097152	220272	0	0	411005	0	
3145728	3145728	1014512	1014544	2097152	256696	1772360	2097152	220288	0	0	440952	0	
3145728	3145728	1014516	1014540	2097152	254724	1774332	2097152	221028	0	0	447647	0	
3145728	3145728	1014504	1014552	2097152	254836	1774220	2097152	221060	0	0	440284	0	
3145728	3145728	1014504	1014552	2097152	255608	1773448	2097152	220580	0	0	446810	0	
3145728	3145728	1014516	1014540	2097152	264144	1764912	2097152	220624	0	0	547748	0	
3145728	3145728	1014528	1014528	2097152	224592	1804464	2097152	219588	0	0	440533	0	
3145728	3145728	1014516	1014540	2097152	222304	1806752	2097152	220984	0	0	446822	0	
3145728	3145728	1014528	1014528	2097152	224012	1805044	2097152	220124	0	0	417445	0	
3145728	3145728	1014516	1014540	2097152	222424	1806632	2097152	219352	0	0	429093	0	
3145728	3145728	1014516	1014540	2097152	223112	1805944	2097152	220104	0	0	413698	0	
3145728	3145728	1014520	1014536	2097152	222824	1806232	2097152	220380	0	0	428352	0	
3145728	3145728	1014516	1014540	2097152	222476	1806580	2097152	219696	0	0	415298	0	
3145728	3145728	1014512	1014544	2097152	266576	1762480	2097152	220220	0	0	564321	0	
3145728	3145728	1014504	1014552	2097152	224400	1804656	2097152	219776	0	0	430851	0	
3145728	3145728	1014528	1014528	2097152	223248	1805808	2097152	219860	0	0	428213	0	
3145728	3145728	1014516	1014540	2097152	225284	1803772	2097152	220036	0	0	432336	0	
3145728	3145728	1014528	1014528	2097152	225596	1803460	2097152	220232	0	0	445730	0	
3145728	3145728	1014528	1014528	2097152	225444	1803612	2097152	220432	0	0	411633	0	
3145728	3145728	1014504	1014552	2097152	221996	1807060	2097152	220376	0	0	432007	0	
3145728	3145728	1014516	1014540	2097152	223148	1805908	2097152	219848	0	0	494986	0	
3145728	3145728	1014516	1014540	2097152	222932	1806124	2097152	220752	0	0	458010	0	
3145728	3145728	1014512	1014544	2097152	222992	1806064	2097152	220248	0	0	493995	0	
3145728	3145728	1014516	1014540	2097152	221056	1808000	2097152	219496	0	0	443467	0	
3145728	3145728	1014524	1014532	2097152	222276	1806780	2097152	220020	0	0	441241	0	
3145728	3145728	1014516	1014540	2097152	224620	1804436	2097152	220172	0	0	428980	0	
3145728	3145728	1014528	1014528	2097152	222428	1806628	2097152	219716	0	0	417863	0	
3145728	3145728	1014512	1014544	2097152	223184	1805872	2097152	219452	0	0	427659	0	
3145728	3145728	1014528	1014528	2097152	221772	1807284	2097152	220024	0	0	443468	0	
3145728	3145728	1014528	1014528	2097152	220748	1808308	2097152	219876	0	0	442908	0	
3145728	3145728	1014528	1014528	2097152	220752	1808304	2097152	218764	0	0	432784	0	
3145728	3145728	1014508	1014548	2097152	223500	1805556	2097152	219176	0	0	450390	0	
3145728	3145728	1014528	1014528	2097152	222112	1806944	2097152	219952	0	0	447003	0	
3145728	3145728	1014528	1014528	2097152	223968	1805088	2097152	219456	0	0	430142	0	
3145728	3145728	1014516	1014540	2097152	220400	1808656	2097152	219820	0	0	409348	0	
3145728	3145728	1014528	1014528	2097152	221440	1807616	2097152	220092	0	0	437732	0	
3145728	3145728	1014512	1014544	2097152	223500	1805556	2097152	220076	0	0	447244	0	
3145728	3145728	1014528	1014528	2097152	223776	1805280	2097152	219240	0	0	408974	0	
3145728	3145728	1014516	1014540	2097152	223372	1805684	2097152	219696	0	0	416162	0	
3145728	3145728	1014528	1014528	2097152	224420	1804636	2097152	219384	0	0	454168	0	
3145728	3145728	1014524	1014532	2097152	222380	1806676	2097152	219064	0	0	454172	0	
3145728	3145728	1014528	1014528	2097152	221812	1807244	2097152	219644	0	0	437461	0	
3145728	3145728	1014512	1014544	2097152	264304	1764752	2097152	218544	0	0	533629	0	
3145728	3145728	1014524	1014532	2097152	222756	1806300	2097152	219160	0	0	444291	0	
3145728	3145728	1014516	1014540	2097152	255048	1774008	2097152	220040	0	0	421520	0	
3145728	3145728	1014504	1014552	2097152	220324	1808732	2097152	219316	0	0	464730	0	
3145728	3145728	1014524	1014532	2097152	220020	1809036	2097152	218964	0	0	442183	0	
3145728	3145728	1014516	1014540	2097152	253960	1775096	2097152	219768	0	0	458027	0	
3145728	3145728	1014516	1014540	2097152	223280	1805776	2097152	219888	0	0	405627	0	
3145728	3145728	1014512	1014544	2097152	225360	1803696	2097152	219220	0	0	405428	0	
3145728	3145728	1014524	1014532	2097152	220872	1808184	2097152	218908	0	0	445825	0	
3145728	3145728	1014524	1014532	2097152	220960	1808096	2097152	219132	0	0	432834	0	
3145728	3145728	1014528	1014528	2097152	222908	1806148	2097152	219244	0	0	439131	0	
3145728	3145728	1014524	1014532	2097152	224564	1804492	2097152	219532	0	0	423643	0	
3145728	3145728	1014524	1014532	2097152	224176	1804880	2097152	218376	0	0	417469	0	
3145728	3145728	1014516	1014540	2097152	225040	1804016	2097152	220228	0	0	458179	0	
3145728	3145728	1014524	1014532	2097152	220420	1808636	2097152	219316	0	0	418373	0	
3145728	3145728	1014524	1014532	2097152	221104	1807952	2097152	218616	0	0	419561	0	
3145728	3145728	1014528	1014528	2097152	253836	1775220	2097152	219028	0	0	477863	0	
3145728	3145728	1014528	1014528	2097152	219384	1809672	2097152	218100	0	0	408304	0	
3145728	3145728	1014528	1014528	2097152	222036	1807020	2097152	218440	0	0	443727	0	
3145728	3145728	1014516	1014540	2097152	221112	1807944	2097152	218916	0	0	408174	0	
3145728	3145728	1014512	1014544	2097152	221216	1807840	2097152	219124	0	0	423087	0	
3145728	3145728	1014508	1014548	2097152	223052	1806004	2097152	219448	0	0	443956	0	
3145728	3145728	1014512	1014544	2097152	224688	1804368	2097152	219304	0	0	453427	0	
3145728	3145728	1014524	1014532	2097152	222472	1806584	2097152	218592	0	0	405385	0	
3145728	3145728	1014524	1014532	2097152	218864	1810192	2097152	218796	0	0	412453	0	
3145728	3145728	1014520	1014536	2097152	223100	1805956	2097152	218384	0	0	442324	0	
3145728	3145728	1014516	1014540	2097152	220684	1808372	2097152	218996	0	0	450633	0	
3145728	3145728	1014508	1014548	2097152	221156	1807900	2097152	218672	0	0	418643	0	
3145728	3145728	1014512	1014544	2097152	220528	1808528	2097152	219024	0	0	409034	0	
3145728	3145728	1014512	1014544	2097152	222592	1806464	2097152	219236	0	0	398268	0	
3145728	3145728	1014512	1014544	2097152	221596	1807460	2097152	218908	0	0	410985	0	
3145728	3145728	1014524	1014532	2097152	222616	1806440	2097152	219184	0	0	414755	0	
3145728	3145728	1014524	1014532	2097152	222120	1806936	2097152	218428	0	0	423618	0	
3145728	3145728	1014524	1014532	2097152	223080	1805976	2097152	218880	0	0	416961	0	
3145728	3145728	1014508	1014548	2097152	221620	1807436	2097152	217992	0	0	454015	0	
3145728	3145728	1014524	1014532	2097152	223772	1805284	2097152	218460	0	0	421721	0	
3145728	3145728	1014528	1014528	2097152	221740	1807316	2097152	218088	0	0	441782	0	
3145728	3145728	1014504	1014552	2097152	222288	1806768	2097152	218816	0	0	421436	0	
3145728	3145728	1014528	1014528	2097152	222108	1806948	2097152	218488	0	0	408070	0	
3145728	3145728	1014524	1014532	2097152	218968	1810088	2097152	218676	0	0	431787	0	
3145728	3145728	1014504	1014552	2097152	222672	1806384	2097152	218504	0	0	442995	0	
3145728	3145728	1014520	1014536	2097152	225184	1803872	2097152	218920	0	0	448215	0	
3145728	3145728	1014524	1014532	2097152	220968	1808088	2097152	218572	0	0	430428	0	
3145728	3145728	1014528	1014528	2097152	225416	1803640	2097152	218540	0	0	410913	0	
3145728	3145728	1014524	1014532	2097152	221184	1807872	2097152	217492	0	0	419409	0	
3145728	3145728	1014512	1014544	2097152	222384	1806672	2097152	218568	0	0	412865	0	
3145728	3145728	1014512	1014544	2097152	220764	1808292	2097152	218004	0	0	462553	0	
3145728	3145728	1014508	1014548	2097152	263308	1765748	2097152	217948	0	0	600103	0	
3145728	3145728	1014508	1014548	2097152	220676	1808380	2097152	218656	0	0	444035	0	
3145728	3145728	1014508	1014548	2097152	225968	1803088	2097152	218304	0	0	445472	0	
3145728	3145728	1014524	1014532	2097152	222940	1806116	2097152	218040	0	0	442976	0	
3145728	3145728	1014520	1014536	2097152	221480	1807576	2097152	217328	0	0	432256	0	
3145728	3145728	1014512	1014544	2097152	220236	1808820	2097152	218344	0	0	447683	0	
3145728	3145728	1014508	1014548	2097152	221684	1807372	2097152	217620	0	0	429407	0	
3145728	3145728	1014512	1014544	2097152	219708	1809348	2097152	219076	0	0	411550	0	
3145728	3145728	1014520	1014536	2097152	219136	1809920	2097152	217316	0	0	471301	0	
3145728	3145728	1014508	1014548	2097152	223564	1805492	2097152	217972	0	0	434011	0	
3145728	3145728	1014520	1014536	2097152	222564	1806492	2097152	217028	0	0	438776	0	
3145728	3145728	1014524	1014532	2097152	221224	1807832	2097152	217360	0	0	425755	0	
3145728	3145728	1014520	1014536	2097152	218828	1810228	2097152	217588	0	0	428623	0	
3145728	3145728	1014524	1014532	2097152	220960	1808096	2097152	217384	0	0	407221	0	
3145728	3145728	1014524	1014532	2097152	220724	1808332	2097152	218156	0	0	448188	0	
3145728	3145728	1014512	1014544	2097152	221624	1807432	2097152	218460	0	0	449429	0	
3145728	3145728	1014508	1014548	2097152	222640	1806416	2097152	217476	0	0	418740	0	
3145728	3145728	1014524	1014532	2097152	221356	1807700	2097152	217480	0	0	403239	0	
3145728	3145728	1014524	1014532	2097152	221720	1807336	2097152	218260	0	0	441217	0	
3145728	3145728	1014508	1014548	2097152	220468	1808588	2097152	217148	0	0	413138	0	
3145728	3145728	1014516	1014540	2097152	219896	1809160	2097152	218036	0	0	414752	0	
3145728	3145728	1014508	1014548	2097152	254212	1774844	2097152	217972	0	0	442663	0	
3145728	3145728	1014512	1014544	2097152	221960	1807096	2097152	217556	0	0	503853	0	
3145728	3145728	1014524	1014532	2097152	222720	1806336	2097152	217696	0	0	477872	0	
3145728	3145728	1014524	1014532	2097152	223668	1805388	2097152	217800	0	0	445555	0	
3145728	3145728	1014512	1014544	2097152	222364	1806692	2097152	217440	0	0	432152	0	
3145728	3145728	1014524	1014532	2097152	219592	1809464	2097152	218104	0	0	410353	0	
3145728	3145728	1217940	811116	2310144	221436	1807620	2097152	421324	203428	0	456462	0	
3145728	3145728	1014520	1014536	2097152	261240	1767816	2097152	217576	0	0	605962	0	
3145728	3145728	1014512	1014544	2097152	221568	1807488	2097152	216840	0	0	439887	0	
3145728	3145728	1014528	1014528	2097152	222064	1806992	2097152	217932	0	0	435239	0	
3145728	3145728	1014512	1014544	2097152	220456	1808600	2097152	218048	0	0	429726	0	
3145728	3145728	1014524	1014532	2097152	222424	1806632	2097152	218156	0	0	435197	0	
3145728	3145728	1014508	1014548	2097152	223128	1805928	2097152	217872	0	0	411863	0	
3145728	3145728	1014520	1014536	2097152	224540	1804516	2097152	217888	0	0	408452	0	
3145728	3145728	1014504	1014552	2097152	220772	1808284	2097152	217624	0	0	413284	0	
3145728	3145728	1014524	1014532	2097152	222140	1806916	2097152	217772	0	0	414142	0	
3145728	3145728	1014524	1014532	2097152	222668	1806388	2097152	217812	0	0	413256	0	
3145728	3145728	1014520	1014536	2097152	254420	1774636	2097152	217644	0	0	406677	0	
3145728	3145728	1014512	1014544	2097152	262936	1766120	2097152	217660	0	0	542855	0	
3145728	3145728	1014508	1014548	2097152	253980	1775076	2097152	217232	0	0	438707	0	
3145728	3145728	1014528	1014528	2097152	219496	1809560	2097152	218700	0	0	439428	0	
3145728	3145728	1014504	1014552	2097152	222068	1806988	2097152	216404	0	0	423128	0	
3145728	3145728	1014508	1014548	2097152	221624	1807432	2097152	216516	0	0	466336	0	
3145728	3145728	1014520	1014536	2097152	221060	1807996	2097152	216704	0	0	405801	0	
3145728	3145728	1014508	1014548	2097152	222764	1806292	2097152	217472	0	0	447640	0	
3145728	3145728	1014508	1014548	2097152	222164	1806892	2097152	216496	0	0	450119	0	
3145728	3145728	1014516	1014540	2097152	220916	1808140	2097152	216232	0	0	441951	0	
3145728	3145728	1014520	1014536	2097152	218700	1810356	2097152	217204	0	0	436817	0	
3145728	3145728	1014508	1014548	2097152	222004	1807052	2097152	216176	0	0	449050	0	
3145728	3145728	1014512	1014544	2097152	221972	1807084	2097152	216700	0	0	439100	0	
3145728	3145728	1014520	1014536	2097152	218140	1810916	2097152	217792	0	0	447427	0	
3145728	3145728	1014508	1014548	2097152	253680	1775376	2097152	217228	0	0	444281	0	
3145728	3145728	1014520	1014536	2097152	256564	1772492	2097152	216800	0	0	408710	0	
3145728	3145728	1014524	1014532	2097152	221856	1807200	2097152	216924	0	0	417763	0	
3145728	3145728	1014524	1014532	2097152	224384	1804672	2097152	217392	0	0	437184	0	
3145728	3145728	1014504	1014552	2097152	220264	1808792	2097152	216588	0	0	405785	0	
3145728	3145728	1014504	1014552	2097152	223452	1805604	2097152	217028	0	0	451846	0	
3145728	3145728	1014520	1014536	2097152	221408	1807648	2097152	216632	0	0	449516	0	
3145728	3145728	1014520	1014536	2097152	223832	1805224	2097152	216892	0	0	440488	0	
3145728	3145728	1014516	1014540	2097152	261316	1767740	2097152	215980	0	0	551511	0	
3145728	3145728	1014520	1014536	2097152	224824	1804232	2097152	217652	0	0	442107	0	
3145728	3145728	1014520	1014536	2097152	220092	1808964	2097152	216184	0	0	409848	0	
3145728	3145728	1014520	1014536	2097152	260364	1768692	2097152	215504	0	0	530838	0	
3145728	3145728	1014520	1014536	2097152	255128	1773928	2097152	216440	0	0	429130	0	
3145728	3145728	1014520	1014536	2097152	222316	1806740	2097152	216892	0	0	437013	0	
3145728	3145728	1014508	1014548	2097152	219204	1809852	2097152	217400	0	0	428001	0	
3145728	3145728	1014520	1014536	2097152	219796	1809260	2097152	216876	0	0	460389	0	
3145728	3145728	1014508	1014548	2097152	221724	1807332	2097152	216124	0	0	427053	0	
3145728	3145728	1014516	1014540	2097152	220328	1808728	2097152	215700	0	0	452198	0	
3145728	3145728	1014508	1014548	2097152	222936	1806120	2097152	216452	0	0	444972	0	
3145728	3145728	1014504	1014552	2097152	223084	1805972	2097152	216404	0	0	434551	0	
3145728	3145728	1014504	1014552	2097152	223036	1806020	2097152	216524	0	0	423181	0	
3145728	3145728	1014508	1014548	2097152	221624	1807432	2097152	215752	0	0	445016	0	
3145728	3145728	1014524	1014532	2097152	220068	1808988	2097152	217312	0	0	431666	0	
3145728	3145728	1014520	1014536	2097152	217268	1811788	2097152	216476	0	0	450472	0	
3145728	3145728	1014524	1014532	2097152	220200	1808856	2097152	216664	0	0	450065	0	
3145728	3145728	1014520	1014536	2097152	221168	1807888	2097152	217348	0	0	408177	0	
3145728	3145728	1014520	1014536	2097152	219780	1809276	2097152	215184	0	0	427385	0	
3145728	3145728	1014516	1014540	2097152	219292	1809764	2097152	215848	0	0	406718	0	
3145728	3145728	1014520	1014536	2097152	221660	1807396	2097152	216220	0	0	410282	0	
3145728	3145728	1014512	1014544	2097152	220912	1808144	2097152	216320	0	0	408942	0	
3145728	3145728	1014508	1014548	2097152	262384	1766672	2097152	215544	0	0	534591	0	
3145728	3145728	1014508	1014548	2097152	220180	1808876	2097152	216812	0	0	437884	0	
3145728	3145728	1014508	1014548	2097152	220412	1808644	2097152	216796	0	0	413731	0	
3145728	3145728	1014520	1014536	2097152	264128	1764928	2097152	215956	0	0	514262	0	
3145728	3145728	1014528	1014528	2097152	220980	1808076	2097152	215744	0	0	446542	0	
3145728	3145728	1014520	1014536	2097152	222316	1806740	2097152	216364	0	0	448063	0	
3145728	3145728	1014524	1014532	2097152	220364	1808692	2097152	217220	0	0	424541	0	
3145728	3145728	1014504	1014552	2097152	221636	1807420	2097152	216696	0	0	420550	0	
3145728	3145728	1014512	1014544	2097152	262728	1766328	2097152	216656	0	0	562608	0	
3145728	3145728	1014520	1014536	2097152	219424	1809632	2097152	216592	0	0	430415	0	
3145728	3145728	1014512	1014544	2097152	220016	1809040	2097152	215764	0	0	430384	0	
3145728	3145728	1014520	1014536	2097152	223208	1805848	2097152	216568	0	0	423803	0	
3145728	3145728	1014528	1014528	2097152	221936	1807120	2097152	216404	0	0	446721	0	
3145728	3145728	1014520	1014536	2097152	222984	1806072	2097152	216108	0	0	435739	0	
3145728	3145728	1014504	1014552	2097152	221572	1807484	2097152	216084	0	0	405955	0	
3145728	3145728	1014520	1014536	2097152	219036	1810020	2097152	216700	0	0	436902	0	
3145728	3145728	1014520	1014536	2097152	216332	1812724	2097152	216188	0	0	410275	0	
3145728	3145728	1014512	1014544	2097152	220848	1808208	2097152	216720	0	0	413971	0	
3145728	3145728	1014520	1014536	2097152	218004	1811052	2097152	215716	0	0	443067	0	
3145728	3145728	1014508	1014548	2097152	263352	1765704	2097152	216448	0	0	556384	0	
3145728	3145728	1014520	1014536	2097152	221900	1807156	2097152	216716	0	0	433120	0	
3145728	3145728	1014520	1014536	2097152	221696	1807360	2097152	215640	0	0	408936	0	
3145728	3145728	1014524	1014532	2097152	220552	1808504	2097152	217160	0	0	424928	0	
3145728	3145728	1014508	1014548	2097152	223944	1805112	2097152	216848	0	0	403105	0	
3145728	3145728	1014504	1014552	2097152	221932	1807124	2097152	216320	0	0	437754	0	
3145728	3145728	1014504	1014552	2097152	216916	1812140	2097152	216292	0	0	421365	0	
3145728	3145728	1014504	1014552	2097152	256476	1772580	2097152	216820	0	0	448209	0	
3145728	3145728	1014512	1014544	2097152	219692	1809364	2097152	215752	0	0	423884	0	
3145728	3145728	1014528	1014528	2097152	254556	1774500	2097152	215152	0	0	428477	0	
3145728	3145728	1014508	1014548	2097152	254392	1774664	2097152	216568	0	0	417593	0	
3145728	3145728	1014528	1014528	2097152	220936	1808120	2097152	216200	0	0	510103	0	
3145728	3145728	1014520	1014536	2097152	224164	1804892	2097152	216092	0	0	406217	0	
3145728	3145728	1014508	1014548	2097152	222680	1806376	2097152	215956	0	0	434268	0	
3145728	3145728	1014520	1014536	2097152	220148	1808908	2097152	216704	0	0	434534	0	
3145728	3145728	1014508	1014548	2097152	221640	1807416	2097152	216216	0	0	408477	0	
3145728	3145728	1014504	1014552	2097152	219316	1809740	2097152	216060	0	0	445778	0	
3145728	3145728	1014504	1014552	2097152	217376	1811680	2097152	216672	0	0	507329	0	
3145728	3145728	1014516	1014540	2097152	217208	1811848	2097152	215196	0	0	427124	0	
3145728	3145728	1014512	1014544	2097152	257440	1771616	2097152	216296	0	0	418664	0	
3145728	3145728	1014524	1014532	2097152	222316	1806740	2097152	216188	0	0	407818	0	
3145728	3145728	1014516	1014540	2097152	217412	1811644	2097152	214920	0	0	437166	0	
3145728	3145728	1014520	1014536	2097152	220220	1808836	2097152	214772	0	0	478861	0	
3145728	3145728	1014508	1014548	2097152	220716	1808340	2097152	216340	0	0	440953	0	
3145728	3145728	1014504	1014552	2097152	218780	1810276	2097152	216032	0	0	412788	0	
3145728	3145728	1014520	1014536	2097152	220940	1808116	2097152	216228	0	0	449602	0	
3145728	3145728	1014528	1014528	2097152	219892	1809164	2097152	215788	0	0	469316	0	
3145728	3145728	1014516	1014540	2097152	222784	1806272	2097152	215428	0	0	431349	0	
3145728	3145728	1014504	1014552	2097152	221060	1807996	2097152	214924	0	0	436893	0	
3145728	3145728	1014524	1014532	2097152	217820	1811236	2097152	215104	0	0	443124	0	
3145728	3145728	1014504	1014552	2097152	218532	1810524	2097152	216196	0	0	439057	0	
3145728	3145728	1014504	1014552	2097152	223124	1805932	2097152	216356	0	0	424226	0	
3145728	3145728	1014504	1014552	2097152	222080	1806976	2097152	215692	0	0	441841	0	
3145728	3145728	1014528	1014528	2097152	219288	1809768	2097152	215540	0	0	444683	0	
3145728	3145728	1014516	1014540	2097152	222428	1806628	2097152	215696	0	0	430237	0	
3145728	3145728	1014528	1014528	2097152	262368	1766688	2097152	215412	0	0	527501	0	
3145728	3145728	1014528	1014528	2097152	263028	1766028	2097152	215780	0	0	557539	0	
3145728	3145728	1014528	1014528	2097152	221520	1807536	2097152	215040	0	0	413115	0	
3145728	3145728	1014504	1014552	2097152	221124	1807932	2097152	214804	0	0	415011	0	
3145728	3145728	1014528	1014528	2097152	220520	1808536	2097152	215552	0	0	408204	0	
3145728	3145728	1014520	1014536	2097152	219684	1809372	2097152	214948	0	0	428766	0	
3145728	3145728	1014516	1014540	2097152	220308	1808748	2097152	215112	0	0	411108	0	
3145728	3145728	1014504	1014552	2097152	223352	1805704	2097152	215156	0	0	406686	0	
3145728	3145728	1014516	1014540	2097152	220488	1808568	2097152	214440	0	0	456542	0	
3145728	3145728	1014516	1014540	2097152	263912	1765144	2097152	214848	0	0	560382	0	
3145728	3145728	1014520	1014536	2097152	219196	1809860	2097152	215460	0	0	452856	0	
3145728	3145728	1014524	1014532	2097152	218588	1810468	2097152	214752	0	0	445515	0	
3145728	3145728	1014504	1014552	2097152	219064	1809992	2097152	215628	0	0	431066	0	
3145728	3145728	1014516	1014540	2097152	219728	1809328	2097152	214988	0	0	435794	0	
3145728	3145728	1014520	1014536	2097152	219768	1809288	2097152	214564	0	0	414265	0	
3145728	3145728	1014516	1014540	2097152	219120	1809936	2097152	215032	0	0	440377	0	
3145728	3145728	1014504	1014552	2097152	263632	1765424	2097152	215196	0	0	541412	0	
3145728	3145728	1014528	1014528	2097152	221112	1807944	2097152	215424	0	0	446120	0	
3145728	3145728	1014512	1014544	2097152	218772	1810284	2097152	214556	0	0	414047	0	
3145728	3145728	1014508	1014548	2097152	219924	1809132	2097152	214840	0	0	428810	0	
3145728	3145728	1014504	1014552	2097152	222684	1806372	2097152	215180	0	0	422697	0	
3145728	3145728	1014528	1014528	2097152	221120	1807936	2097152	215296	0	0	454817	0	
3145728	3145728	1014520	1014536	2097152	254576	1774480	2097152	215420	0	0	460408	0	
3145728	3145728	1014516	1014540	2097152	218696	1810360	2097152	214508	0	0	514821	0	
3145728	3145728	1014516	1014540	2097152	220352	1808704	2097152	214600	0	0	443926	0	
3145728	3145728	1014516	1014540	2097152	221956	1807100	2097152	214436	0	0	450122	0	
3145728	3145728	1014504	1014552	2097152	220436	1808620	2097152	215480	0	0	409741	0	
3145728	3145728	1014504	1014552	2097152	219408	1809648	2097152	215308	0	0	445847	0	
3145728	3145728	1014512	1014544	2097152	219180	1809876	2097152	215016	0	0	448181	0	
3145728	3145728	1014524	1014532	2097152	218640	1810416	2097152	214980	0	0	446220	0	
3145728	3145728	1014524	1014532	2097152	219984	1809072	2097152	214324	0	0	407904	0	
3145728	3145728	1014504	1014552	2097152	222528	1806528	2097152	214280	0	0	450021	0	
3145728	3145728	1014524	1014532	2097152	218668	1810388	2097152	214660	0	0	432452	0	
3145728	3145728	1014516	1014540	2097152	219564	1809492	2097152	215048	0	0	444625	0	
3145728	3145728	1014520	1014536	2097152	219064	1809992	2097152	215444	0	0	481273	0	
3145728	3145728	1014512	1014544	2097152	219032	1810024	2097152	214320	0	0	441270	0	
3145728	3145728	1014508	1014548	2097152	220772	1808284	2097152	215408	0	0	422892	0	
3145728	3145728	1014516	1014540	2097152	221396	1807660	2097152	215164	0	0	534187	0	
3145728	3145728	1014512	1014544	2097152	221196	1807860	2097152	215864	0	0	452562	0	
3145728	3145728	1014516	1014540	2097152	218996	1810060	2097152	214676	0	0	399925	0	
3145728	3145728	1014528	1014528	2097152	222132	1806924	2097152	215360	0	0	445685	0	
3145728	3145728	1014512	1014544	2097152	224056	1805000	2097152	214604	0	0	434259	0	
3145728	3145728	1014516	1014540	2097152	221424	1807632	2097152	214948	0	0	408817	0	
3145728	3145728	1014504	1014552	2097152	223400	1805656	2097152	215156	0	0	412045	0	
3145728	3145728	1014528	1014528	2097152	223172	1805884	2097152	215620	0	0	435058	0	
3145728	3145728	1014508	1014548	2097152	221020	1808036	2097152	214868	0	0	406107	0	
3145728	3145728	1014528	1014528	2097152	218588	1810468	2097152	214524	0	0	417064	0	
3145728	3145728	1014528	1014528	2097152	220984	1808072	2097152	214648	0	0	426628	0	
3145728	3145728	1014516	1014540	2097152	220264	1808792	2097152	215032	0	0	436272	0	
3145728	3145728	1014512	1014544	2097152	218264	1810792	2097152	214876	0	0	412695	0	
3145728	3145728	1014512	1014544	2097152	217508	1811548	2097152	214420	0	0	409310	0	
3145728	3145728	1319724	709332	2412544	218184	1810872	2097152	520192	305208	0	474973	0	
3145728	3145728	1014508	1014548	2097152	216888	1812168	2097152	214596	0	0	495223	0	
3145728	3145728	1014528	1014528	2097152	220904	1808152	2097152	214564	0	0	420409	0	
3145728	3145728	1014504	1014552	2097152	219540	1809516	2097152	214880	0	0	425150	0	
3145728	3145728	1014516	1014540	2097152	218216	1810840	2097152	214652	0	0	439338	0	
3145728	3145728	1014528	1014528	2097152	218592	1810464	2097152	214788	0	0	447054	0	
3145728	3145728	1014516	1014540	2097152	219196	1809860	2097152	213900	0	0	434062	0	
3145728	3145728	1014528	1014528	2097152	262148	1766908	2097152	213748	0	0	534931	0	
3145728	3145728	1014516	1014540	2097152	219308	1809748	2097152	215164	0	0	442025	0	
3145728	3145728	1014528	1014528	2097152	220224	1808832	2097152	214284	0	0	449666	0	
3145728	3145728	1014524	1014532	2097152	222292	1806764	2097152	214064	0	0	414754	0	
3145728	3145728	1014520	1014536	2097152	216520	1812536	2097152	214112	0	0	413273	0	
3145728	3145728	1014528	1014528	2097152	219736	1809320	2097152	214216	0	0	448563	0	
3145728	3145728	1014512	1014544	2097152	218660	1810396	2097152	214176	0	0	458263	0	
3145728	3145728	1014520	1014536	2097152	261280	1767776	2097152	212848	0	0	550399	0	
3145728	3145728	1014528	1014528	2097152	221400	1807656	2097152	214040	0	0	402348	0	
3145728	3145728	1014524	1014532	2097152	219320	1809736	2097152	213676	0	0	397026	0	
3145728	3145728	1014512	1014544	2097152	221160	1807896	2097152	213744	0	0	424235	0	
3145728	3145728	1014528	1014528	2097152	220588	1808468	2097152	213956	0	0	442044	0	
3145728	3145728	1014528	1014528	2097152	260740	1768316	2097152	214520	0	0	526086	0	
3145728	3145728	1014524	1014532	2097152	217464	1811592	2097152	213744	0	0	404845	0	
3145728	3145728	1014528	1014528	2097152	220196	1808860	2097152	214296	0	0	445223	0	
3145728	3145728	1014512	1014544	2097152	219792	1809264	2097152	213400	0	0	436879	0	
3145728	3145728	1014512	1014544	2097152	220444	1808612	2097152	212976	0	0	410910	0	
3145728	3145728	1014508	1014548	2097152	220732	1808324	2097152	213576	0	0	400346	0	
3145728	3145728	1014504	1014552	2097152	256176	1772880	2097152	215088	0	0	450156	0	
3145728	3145728	1014512	1014544	2097152	224700	1804356	2097152	214552	0	0	432266	0	
3145728	3145728	1014512	1014544	2097152	220796	1808260	2097152	213708	0	0	446013	0	
3145728	3145728	1014512	1014544	2097152	219596	1809460	2097152	213844	0	0	457932	0	
3145728	3145728	1014528	1014528	2097152	218456	1810600	2097152	213536	0	0	424999	0	
3145728	3145728	1014512	1014544	2097152	219864	1809192	2097152	213652	0	0	418391	0	
3145728	3145728	1014524	1014532	2097152	215324	1813732	2097152	213172	0	0	444650	0	
3145728	3145728	1014524	1014532	2097152	216880	1812176	2097152	213540	0	0	444321	0	
3145728	3145728	1014520	1014536	2097152	217272	1811784	2097152	213240	0	0	404727	0	
3145728	3145728	1014528	1014528	2097152	220808	1808248	2097152	213628	0	0	451059	0	
3145728	3145728	1014528	1014528	2097152	259772	1769284	2097152	213008	0	0	514189	0	
3145728	3145728	1014524	1014532	2097152	221388	1807668	2097152	212416	0	0	441377	0	
3145728	3145728	1014528	1014528	2097152	218544	1810512	2097152	212708	0	0	438571	0	
3145728	3145728	1014504	1014552	2097152	262044	1767012	2097152	212288	0	0	549272	0	
3145728	3145728	1014516	1014540	2097152	259632	1769424	2097152	214216	0	0	589437	0	
3145728	3145728	1014508	1014548	2097152	221584	1807472	2097152	213548	0	0	445631	0	
3145728	3145728	1014512	1014544	2097152	219584	1809472	2097152	213616	0	0	412198	0	
3145728	3145728	1014528	1014528	2097152	219304	1809752	2097152	214336	0	0	415420	0	
3145728	3145728	1014512	1014544	2097152	218268	1810788	2097152	212716	0	0	409045	0	
3145728	3145728	1014528	1014528	2097152	253656	1775400	2097152	214396	0	0	424932	0	
3145728	3145728	1014516	1014540	2097152	217096	1811960	2097152	212924	0	0	420931	0	
3145728	3145728	1014528	1014528	2097152	220056	1809000	2097152	213620	0	0	405626	0	
3145728	3145728	1014504	1014552	2097152	218712	1810344	2097152	212744	0	0	397623	0	
3145728	3145728	1014524	1014532	2097152	217116	1811940	2097152	213244	0	0	441622	0	
3145728	3145728	1014512	1014544	2097152	219164	1809892	2097152	212796	0	0	434003	0	
3145728	3145728	1014524	1014532	2097152	220076	1808980	2097152	213400	0	0	433662	0	
3145728	3145728	1014512	1014544	2097152	219184	1809872	2097152	214384	0	0	462809	0	
3145728	3145728	1014516	1014540	2097152	220000	1809056	2097152	212468	0	0	435595	0	
3145728	3145728	1014524	1014532	2097152	220932	1808124	2097152	212604	0	0	400618	0	
3145728	3145728	1014512	1014544	2097152	217944	1811112	2097152	212320	0	0	407864	0	
3145728	3145728	1014520	1014536	2097152	216992	1812064	2097152	212112	0	0	425925	0	
3145728	3145728	1014528	1014528	2097152	221200	1807856	2097152	213676	0	0	430811	0	
3145728	3145728	1014520	1014536	2097152	217872	1811184	2097152	212264	0	0	408097	0	
3145728	3145728	1014528	1014528	2097152	218348	1810708	2097152	213672	0	0	412173	0	
3145728	3145728	1014504	1014552	2097152	220808	1808248	2097152	213964	0	0	443383	0	
3145728	3145728	1014528	1014528	2097152	216992	1812064	2097152	213488	0	0	431507	0	
3145728	3145728	1014524	1014532	2097152	218216	1810840	2097152	213052	0	0	426401	0	
3145728	3145728	1014512	1014544	2097152	218564	1810492	2097152	212772	0	0	440670	0	
3145728	3145728	1014524	1014532	2097152	217164	1811892	2097152	213048	0	0	439445	0	
3145728	3145728	1014508	1014548	2097152	217504	1811552	2097152	212144	0	0	416984	0	
3145728	3145728	1014512	1014544	2097152	223256	1805800	2097152	214284	0	0	434001	0	
3145728	3145728	1014524	1014532	2097152	219976	1809080	2097152	213196	0	0	445224	0	
3145728	3145728	1014512	1014544	2097152	221256	1807800	2097152	213800	0	0	447904	0	
3145728	3145728	1014528	1014528	2097152	262560	1766496	2097152	212872	0	0	560691	0	
3145728	3145728	1014528	1014528	2097152	220644	1808412	2097152	212912	0	0	445079	0	
3145728	3145728	1014504	1014552	2097152	216872	1812184	2097152	212276	0	0	434400	0	
3145728	3145728	1014524	1014532	2097152	218908	1810148	2097152	213680	0	0	458622	0	
3145728	3145728	1014504	1014552	2097152	217800	1811256	2097152	212556	0	0	429363	0	
3145728	3145728	1014528	1014528	2097152	220488	1808568	2097152	212148	0	0	474765	0	
3145728	3145728	1014528	1014528	2097152	220648	1808408	2097152	213184	0	0	429805	0	
3145728	3145728	1014524	1014532	2097152	217536	1811520	2097152	212984	0	0	402772	0	
3145728	3145728	1014524	1014532	2097152	214752	1814304	2097152	212180	0	0	415521	0	
3145728	3145728	1014524	1014532	2097152	218760	1810296	2097152	212456	0	0	412280	0	
3145728	3145728	1014520	1014536	2097152	220444	1808612	2097152	211764	0	0	406670	0	
3145728	3145728	1014528	1014528	2097152	217756	1811300	2097152	211932	0	0	436268	0	
3145728	3145728	1014512	1014544	2097152	219260	1809796	2097152	212348	0	0	397216	0	
3145728	3145728	1014528	1014528	2097152	221624	1807432	2097152	213680	0	0	431049	0	
3145728	3145728	1014516	1014540	2097152	218188	1810868	2097152	212156	0	0	419761	0	
3145728	3145728	1014508	1014548	2097152	217980	1811076	2097152	212284	0	0	442395	0	
3145728	3145728	1014524	1014532	2097152	216680	1812376	2097152	211760	0	0	424328	0	
3145728	3145728	1014508	1014548	2097152	218732	1810324	2097152	211464	0	0	396438	0	
3145728	3145728	1014528	1014528	2097152	258692	1770364	2097152	210184	0	0	551017	0	
3145728	3145728	1014516	1014540	2097152	216472	1812584	2097152	211184	0	0	436541	0	
3145728	3145728	1014504	1014552	2097152	254492	1774564	2097152	212492	0	0	449358	0	
3145728	3145728	1014512	1014544	2097152	215020	1814036	2097152	212800	0	0	417515	0	
3145728	3145728	1014508	1014548	2097152	212680	1816376	2097152	211500	0	0	430372	0	
3145728	3145728	1014524	1014532	2097152	217908	1811148	2097152	212184	0	0	415178	0	
3145728	3145728	1014528	1014528	2097152	217696	1811360	2097152	211548	0	0	430614	0	
3145728	3145728	1014524	1014532	2097152	215028	1814028	2097152	213196	0	0	427704	0	
3145728	3145728	1014516	1014540	2097152	218992	1810064	2097152	210664	0	0	425403	0	
3145728	3145728	1014528	1014528	2097152	217744	1811312	2097152	211668	0	0	429755	0	
3145728	3145728	1014512	1014544	2097152	216708	1812348	2097152	212548	0	0	401358	0	
3145728	3145728	1014524	1014532	2097152	261284	1767772	2097152	211300	0	0	546246	0	
3145728	3145728	1014524	1014532	2097152	218016	1811040	2097152	211716	0	0	425355	0	
3145728	3145728	1014508	1014548	2097152	221932	1807124	2097152	211844	0	0	399483	0	
3145728	3145728	1014516	1014540	2097152	218112	1810944	2097152	212340	0	0	426671	0	
3145728	3145728	1014508	1014548	2097152	220576	1808480	2097152	211768	0	0	413189	0	
3145728	3145728	1014516	1014540	2097152	219776	1809280	2097152	212144	0	0	429352	0	
3145728	3145728	1014508	1014548	2097152	219888	1809168	2097152	212140	0	0	435389	0	
3145728	3145728	1014524	1014532	2097152	218480	1810576	2097152	211864	0	0	444265	0	
3145728	3145728	1014520	1014536	2097152	216844	1812212	2097152	211896	0	0	438797	0	
3145728	3145728	1014504	1014552	2097152	218652	1810404	2097152	211536	0	0	421227	0	
3145728	3145728	1014516	1014540	2097152	258340	1770716	2097152	211124	0	0	523763	0	
3145728	3145728	1014504	1014552	2097152	218316	1810740	2097152	210364	0	0	392194	0	
3145728	3145728	1014512	1014544	2097152	218776	1810280	2097152	210964	0	0	427564	0	
3145728	3145728	1014504	1014552	2097152	215068	1813988	2097152	211648	0	0	431798	0	
3145728	3145728	1014512	1014544	2097152	216724	1812332	2097152	211688	0	0	475496	0	
3145728	3145728	1014520	1014536	2097152	218960	1810096	2097152	210896	0	0	431681	0	
3145728	3145728	1014524	1014532	2097152	218732	1810324	2097152	211504	0	0	439072	0	
3145728	3145728	1014524	1014532	2097152	219408	1809648	2097152	210904	0	0	395542	0	
3145728	3145728	1014516	1014540	2097152	221276	1807780	2097152	211552	0	0	418235	0	
3145728	3145728	1014512	1014544	2097152	219540	1809516	2097152	211680	0	0	432192	0	
3145728	3145728	1014524	1014532	2097152	220672	1808384	2097152	212916	0	0	423257	0	
3145728	3145728	1014524	1014532	2097152	259932	1769124	2097152	211980	0	0	533155	0	
3145728	3145728	1014504	1014552	2097152	214520	1814536	2097152	211836	0	0	412571	0	
3145728	3145728	1014508	1014548	2097152	261404	1767652	2097152	210560	0	0	507397	0	
3145728	3145728	1014504	1014552	2097152	216144	1812912	2097152	209884	0	0	419879	0	
3145728	3145728	1014508	1014548	2097152	215888	1813168	2097152	212004	0	0	410881	0	
3145728	3145728	1014516	1014540	2097152	219136	1809920	2097152	209400	0	0	438882	0	
3145728	3145728	1014520	1014536	2097152	215968	1813088	2097152	211984	0	0	423648	0	
3145728	3145728	1014524	1014532	2097152	218760	1810296	2097152	210840	0	0	415049	0	
3145728	3145728	1014504	1014552	2097152	215596	1813460	2097152	211580	0	0	418481	0	
3145728	3145728	1014520	1014536	2097152	217248	1811808	2097152	211032	0	0	443064	0	
3145728	3145728	1014508	1014548	2097152	220416	1808640	2097152	210596	0	0	414140	0	
3145728	3145728	1014520	1014536	2097152	218928	1810128	2097152	210936	0	0	413819	0	
3145728	3145728	1014516	1014540	2097152	216492	1812564	2097152	210080	0	0	449029	0	
3145728	3145728	1014508	1014548	2097152	216028	1813028	2097152	211192	0	0	438798	0	
3145728	3145728	1014504	1014552	2097152	218416	1810640	2097152	210424	0	0	439056	0	
3145728	3145728	1014520	1014536	2097152	217068	1811988	2097152	210648	0	0	425357	0	
3145728	3145728	1014504	1014552	2097152	219416	1809640	2097152	210420	0	0	442439	0	
3145728	3145728	1014504	1014552	2097152	217812	1811244	2097152	210536	0	0	417527	0	
3145728	3145728	1014512	1014544	2097152	218452	1810604	2097152	209124	0	0	436706	0	
3145728	3145728	1014524	1014532	2097152	220664	1808392	2097152	211440	0	0	438966	0	
3145728	3145728	1014504	1014552	2097152	218348	1810708	2097152	211228	0	0	419322	0	
3145728	3145728	1014504	1014552	2097152	259820	1769236	2097152	209644	0	0	538097	0	
3145728	3145728	1014524	1014532	2097152	216908	1812148	2097152	211380	0	0	426975	0	
3145728	3145728	1014520	1014536	2097152	219784	1809272	2097152	210004	0	0	411297	0	
3145728	3145728	1014504	1014552	2097152	220168	1808888	2097152	211776	0	0	405839	0	
3145728	3145728	1014504	1014552	2097152	218000	1811056	2097152	209972	0	0	424986	0	
3145728	3145728	1014524	1014532	2097152	221000	1808056	2097152	211280	0	0	443507	0	
3145728	3145728	1014520	1014536	2097152	219276	1809780	2097152	210116	0	0	442921	0	
3145728	3145728	1014528	1014528	2097152	218408	1810648	2097152	209656	0	0	422352	0	
3145728	3145728	1014516	1014540	2097152	218184	1810872	2097152	211116	0	0	420748	0	
3145728	3145728	1014504	1014552	2097152	219060	1809996	2097152	210180	0	0	430907	0	
3145728	3145728	1014516	1014540	2097152	259052	1770004	2097152	210044	0	0	543799	0	
3145728	3145728	1014520	1014536	2097152	217944	1811112	2097152	209088	0	0	439264	0	
3145728	3145728	1014508	1014548	2097152	217984	1811072	2097152	210980	0	0	436842	0	
3145728	3145728	1014508	1014548	2097152	216996	1812060	2097152	210648	0	0	405205	0	
3145728	3145728	1014504	1014552	2097152	220700	1808356	2097152	211488	0	0	447475	0	
3145728	3145728	1014504	1014552	2097152	218732	1810324	2097152	210744	0	0	447151	0	
3145728	3145728	1014504	1014552	2097152	217060	1811996	2097152	211060	0	0	472397	0	
3145728	3145728	1014528	1014528	2097152	219156	1809900	2097152	209784	0	0	402264	0	
3145728	3145728	1014524	1014532	2097152	217376	1811680	2097152	210416	0	0	402864	0	
3145728	3145728	1014508	1014548	2097152	216900	1812156	2097152	209216	0	0	444206	0	
3145728	3145728	1014516	1014540	2097152	216736	1812320	2097152	210588	0	0	406593	0	
3145728	3145728	1014508	1014548	2097152	218368	1810688	2097152	211220	0	0	401771	0	
3145728	3145728	1014528	1014528	2097152	221772	1807284	2097152	210376	0	0	409354	0	
3145728	3145728	1014512	1014544	2097152	215268	1813788	2097152	209524	0	0	410368	0	
3145728	3145728	1014504	1014552	2097152	218912	1810144	2097152	209856	0	0	425003	0	
3145728	3145728	1014520	1014536	2097152	219700	1809356	2097152	209964	0	0	410369	0	
3145728	3145728	1014528	1014528	2097152	217604	1811452	2097152	209476	0	0	406033	0	
3145728	3145728	1014504	1014552	2097152	214080	1814976	2097152	209452	0	0	422054	0	
3145728	3145728	1014504	1014552	2097152	260236	1768820	2097152	210584	0	0	520742	0	
3145728	3145728	1014524	1014532	2097152	220416	1808640	2097152	210828	0	0	440332	0	
3145728	3145728	1014508	1014548	2097152	218836	1810220	2097152	210492	0	0	413010	0	
3145728	3145728	1014520	1014536	2097152	258656	1770400	2097152	209292	0	0	511593	0	
3145728	3145728	1014516	1014540	2097152	215964	1813092	2097152	208772	0	0	435621	0	
3145728	3145728	1014516	1014540	2097152	258744	1770312	2097152	209368	0	0	523271	0	
3145728	3145728	1014520	1014536	2097152	219032	1810024	2097152	210756	0	0	446399	0	
3145728	3145728	1014528	1014528	2097152	216164	1812892	2097152	209388	0	0	428667	0	
3145728	3145728	1014528	1014528	2097152	215916	1813140	2097152	209916	0	0	413890	0	
3145728	3145728	1014520	1014536	2097152	216784	1812272	2097152	209724	0	0	401834	0	
3145728	3145728	1014528	1014528	2097152	258692	1770364	2097152	209232	0	0	563439	0	
3145728	3145728	1014504	1014552	2097152	218352	1810704	2097152	209348	0	0	435998	0	
3145728	3145728	1014528	1014528	2097152	217372	1811684	2097152	209772	0	0	457689	0	
3145728	3145728	1014528	1014528	2097152	219124	1809932	2097152	210152	0	0	408636	0	
3145728	3145728	1014512	1014544	2097152	217040	1812016	2097152	209992	0	0	446004	0	
3145728	3145728	1014528	1014528	2097152	217020	1812036	2097152	209880	0	0	398598	0	
3145728	3145728	1014516	1014540	2097152	215108	1813948	2097152	210796	0	0	432080	0	
3145728	3145728	1014524	1014532	2097152	218484	1810572	2097152	209740	0	0	423763	0	
3145728	3145728	1014520	1014536	2097152	214380	1814676	2097152	208380	0	0	427670	0	
3145728	3145728	1014516	1014540	2097152	218760	1810296	2097152	209920	0	0	487073	0	
3145728	3145728	1014512	1014544	2097152	215472	1813584	2097152	208796	0	0	499973	0	
3145728	3145728	1014520	1014536	2097152	219368	1809688	2097152	210308	0	0	447639	0	
3145728	3145728	1014528	1014528	2097152	218284	1810772	2097152	209644	0	0	408402	0	
3145728	3145728	1014524	1014532	2097152	218140	1810916	2097152	209388	0	0	445123	0	
3145728	3145728	1014504	1014552	2097152	217568	1811488	2097152	209124	0	0	437729	0	
3145728	3145728	1014504	1014552	2097152	219280	1809776	2097152	209364	0	0	431178	0	
3145728	3145728	1014528	1014528	2097152	218216	1810840	2097152	209392	0	0	415648	0	
3145728	3145728	1014528	1014528	2097152	258324	1770732	2097152	209224	0	0	613675	0	
3145728	3145728	1014504	1014552	2097152	257828	1771228	2097152	209956	0	0	554296	0	
3145728	3145728	1014512	1014544	2097152	258656	1770400	2097152	209440	0	0	542474	0	
3145728	3145728	1014504	1014552	2097152	218684	1810372	2097152	209808	0	0	437717	0	
3145728	3145728	1014504	1014552	2097152	216220	1812836	2097152	209632	0	0	418461	0	
3145728	3145728	1014512	1014544	2097152	258796	1770260	2097152	208804	0	0	543561	0	
3145728	3145728	1014524	1014532	2097152	216856	1812200	2097152	207976	0	0	433810	0	
3145728	3145728	1014504	1014552	2097152	218768	1810288	2097152	209668	0	0	444906	0	
3145728	3145728	1014504	1014552	2097152	259176	1769880	2097152	208992	0	0	526899	0	
3145728	3145728	1014528	1014528	2097152	219140	1809916	2097152	208852	0	0	479158	0	
3145728	3145728	1014516	1014540	2097152	219208	1809848	2097152	209856	0	0	454650	0	
3145728	3145728	1014512	1014544	2097152	219032	1810024	2097152	208696	0	0	405977	0	
3145728	3145728	1014504	1014552	2097152	219188	1809868	2097152	209060	0	0	429357	0	
3145728	3145728	1014520	1014536	2097152	216216	1812840	2097152	210048	0	0	420737	0	
3145728	3145728	1014504	1014552	2097152	215592	1813464	2097152	208308	0	0	430262	0	
3145728	3145728	1014528	1014528	2097152	215728	1813328	2097152	210476	0	0	438745	0	
3145728	3145728	1014528	1014528	2097152	221020	1808036	2097152	209240	0	0	402179	0	
3145728	3145728	1014512	1014544	2097152	217348	1811708	2097152	208132	0	0	426667	0	
3145728	3145728	1014528	1014528	2097152	218256	1810800	2097152	208876	0	0	429064	0	
3145728	3145728	1014524	1014532	2097152	216012	1813044	2097152	208496	0	0	446617	0	
3145728	3145728	1014520	1014536	2097152	216660	1812396	2097152	208508	0	0	416744	0	
3145728	3145728	1014524	1014532	2097152	215556	1813500	2097152	209756	0	0	403025	0	
3145728	3145728	1014512	1014544	2097152	216680	1812376	2097152	209820	0	0	418655	0	
3145728	3145728	1014504	1014552	2097152	214852	1814204	2097152	208760	0	0	430119	0	
3145728	3145728	1014528	1014528	2097152	258424	1770632	2097152	208720	0	0	514902	0	
3145728	3145728	1014516	1014540	2097152	258576	1770480	2097152	209144	0	0	541322	0	
3145728	3145728	1014520	1014536	2097152	216904	1812152	2097152	206844	0	0	437484	0	
3145728	3145728	1014508	1014548	2097152	214936	1814120	2097152	208296	0	0	407303	0	
3145728	3145728	1014520	1014536	2097152	218696	1810360	2097152	210244	0	0	445787	0	
3145728	3145728	1014516	1014540	2097152	217852	1811204	2097152	209096	0	0	439461	0	
3145728	3145728	1014516	1014540	2097152	216964	1812092	2097152	209556	0	0	416730	0	
3145728	3145728	1014516	1014540	2097152	258912	1770144	2097152	208480	0	0	549366	0	
3145728	3145728	1014504	1014552	2097152	217720	1811336	2097152	209640	0	0	422691	0	
3145728	3145728	1014516	1014540	2097152	218392	1810664	2097152	208140	0	0	412036	0	
3145728	3145728	1014524	1014532	2097152	216144	1812912	2097152	208236	0	0	408950	0	
3145728	3145728	1014520	1014536	2097152	213344	1815712	2097152	208272	0	0	450729	0	
3145728	3145728	1014512	1014544	2097152	216240	1812816	2097152	209028	0	0	454414	0	
