b_initial_y_size_0	b_max_y_size_1	b_used_2	b_available_3	b_committed_4	a_used_5	a_available_6	a_committed_7	a_survived_8	a_promoted_9	a_copied_10	a_time_in_ns_11	promotion_rate_12
9437184	9437184	3043584	3043584	6291456	100032	5987136	6291456	375272	369568	0	528471	99	
9437184	9437184	3043584	3043584	6291456	36256	6050912	6291456	12744	5488	0	154664	96	
9437184	9437184	3043584	3043584	6291456	948	6086220	6291456	7988	7040	0	194061	97	
9437184	9437184	3043584	3043584	6291456	1468	6085700	6291456	2036	568	0	49203	59	
9437184	9437184	3043576	3043592	6291456	724	6086444	6291456	1940	1216	0	78850	82	
9437184	9437184	3043584	3043584	6291456	1080	6086088	6291456	1336	256	0	132636	35	
9437184	9437184	3043584	3043584	6291456	68992	6018176	6291456	16168	528	0	181934	48	
9437184	9437184	3043584	3043584	6291456	100548	5986620	6291456	24696	11584	0	188620	74	
9437184	9437184	3043584	3043584	6291456	3072	6084096	6291456	15504	12432	0	130290	94	
9437184	9437184	3043584	3043584	6291456	916	6086252	6291456	3320	2404	0	91006	78	
9437184	9437184	3043576	3043592	6291456	32868	6054300	6291456	7352	236	0	89596	25	
9437184	9437184	3043584	3043584	6291456	4124	6083044	6291456	11000	6876	0	106691	96	
9437184	9437184	3043584	3043584	6291456	9068	6078100	6291456	13000	3932	0	93139	95	
9437184	9437184	3043584	3043584	6291456	872	6086296	6291456	9272	8400	0	112854	92	
9437184	9437184	3043576	3043592	6291456	500	6086668	6291456	716	216	0	81886	24	
9437184	9437184	3043584	3043584	6291456	588	6086580	6291456	1028	440	0	109248	88	
9437184	9437184	3043584	3043584	6291456	1820	6085348	6291456	2204	384	0	123825	65	
9437184	9437184	3043584	3043584	6291456	980	6086188	6291456	1880	900	0	141758	49	
9437184	9437184	3043576	3043592	6291456	392816	5694352	6291456	299540	324	0	586806	33	
9437184	9437184	3043580	3043588	6291456	105116	5982052	6291456	322668	298876	0	406034	99	
9437184	9437184	3043580	3043588	6291456	65760	6021408	6291456	35244	23528	0	154549	98	
9437184	9437184	3043584	3043584	6291456	10320	6076848	6291456	20068	9748	0	150199	83	
9437184	9437184	3043584	3043584	6291456	403168	5684000	6291456	328188	9040	0	662784	87	
9437184	9437184	3043580	3043588	6291456	131396	5955772	6291456	399252	313752	0	676067	98	
9437184	9437184	3043576	3043592	6291456	336924	5750244	6291456	348144	81240	0	401821	95	
9437184	9437184	3043584	3043584	6291456	65900	6021268	6291456	272544	264028	0	339646	98	
9437184	9437184	3043584	3043584	6291456	373232	5713936	6291456	324224	6984	0	452876	82	
9437184	9437184	3043576	3043592	6291456	70804	6016364	6291456	325372	313260	0	499906	98	
9437184	9437184	3043584	3043584	6291456	32788	6054380	6291456	22012	9116	0	120117	75	
9437184	9437184	3043572	3043596	6291456	718012	5369156	6291456	658528	12012	0	513830	93	
9437184	9437184	3043584	3043584	6291456	377760	5709408	6291456	652192	315964	0	646632	48	
9437184	9437184	3043580	3043588	6291456	369532	5717636	6291456	344948	15084	0	419114	4	
9437184	9437184	3043584	3043584	6291456	772620	5314548	6291456	646360	3376	0	507680	1	
9437184	9437184	3043584	3043584	6291456	395736	5691432	6291456	651924	312516	0	556036	48	
9437184	9437184	3043572	3043596	6291456	466248	5620920	6291456	428520	18208	0	319641	5	
9437184	9437184	3043580	3043588	6291456	672768	5414400	6291456	648588	78816	0	644549	19	
9437184	9437184	3043580	3043588	6291456	394108	5693060	6291456	580856	248604	0	524793	43	
9437184	9437184	3043572	3043596	6291456	735460	5351708	6291456	654476	5712	0	425876	1	
9437184	9437184	3043584	3043584	6291456	395556	5691612	6291456	331600	1708	0	416627	0	
9437184	9437184	3043576	3043592	6291456	727836	5359332	6291456	650560	3504	0	507143	1	
9437184	9437184	3043576	3043592	6291456	468976	5618192	6291456	407088	0	0	359088	0	
9437184	9437184	3043580	3043588	6291456	384728	5702440	6291456	322312	0	0	327854	0	
9437184	9437184	3043580	3043588	6291456	705328	5381840	6291456	642572	988	0	473063	0	
9437184	9437184	3043576	3043592	6291456	371416	5715752	6291456	328344	276	0	297796	0	
9437184	9437184	3043584	3043584	6291456	713400	5373768	6291456	648592	1516	0	504508	0	
9437184	9437184	3043584	3043584	6291456	464484	5622684	6291456	395836	0	0	405673	0	
9437184	9437184	3043572	3043596	6291456	386256	5700912	6291456	322904	0	0	298193	0	
9437184	9437184	3043580	3043588	6291456	720304	5366864	6291456	643388	1640	0	569059	0	
9437184	9437184	3043576	3043592	6291456	382096	5705072	6291456	327152	440	0	343130	0	
9437184	9437184	3043584	3043584	6291456	764612	5322556	6291456	647404	336	0	473089	0	
9437184	9437184	3043576	3043592	6291456	508032	5579136	6291456	401532	0	0	360054	0	
9437184	9437184	3043576	3043592	6291456	393728	5693440	6291456	322124	0	0	338147	0	
9437184	9437184	3043584	3043584	6291456	771044	5316124	6291456	642172	864	0	529807	0	
9437184	9437184	3043576	3043592	6291456	387088	5700080	6291456	326388	0	0	281600	0	
9437184	9437184	3043584	3043584	6291456	717780	5369388	6291456	647056	0	0	411630	0	
9437184	9437184	3043580	3043588	6291456	459528	5627640	6291456	394844	0	0	339078	0	
9437184	9437184	3043576	3043592	6291456	420088	5667080	6291456	321504	0	0	345945	0	
9437184	9437184	3043568	3043600	6291456	766176	5320992	6291456	641648	268	0	502264	0	
9437184	9437184	3043580	3043588	6291456	386108	5701060	6291456	326904	0	0	363967	0	
9437184	9437184	3043568	3043600	6291456	776104	5311064	6291456	647744	540	0	499783	0	
9437184	9437184	3043556	3043612	6291456	454640	5632528	6291456	368088	0	0	344571	0	
9437184	9437184	3043580	3043588	6291456	378496	5708672	6291456	321216	0	0	295643	0	
9437184	9437184	3043576	3043592	6291456	719092	5368076	6291456	641320	0	0	529189	0	
9437184	9437184	3043580	3043588	6291456	372692	5714476	6291456	326376	0	0	376723	0	
9437184	9437184	3043520	3043648	6291456	783296	5303872	6291456	648592	0	0	559050	0	
9437184	9437184	3043540	3043628	6291456	469816	5617352	6291456	412096	1416	0	489881	0	
9437184	9437184	3043580	3043588	6291456	402224	5684944	6291456	323204	1904	0	369051	0	
9437184	9437184	3043580	3043588	6291456	767052	5320116	6291456	641476	0	0	490370	0	
9437184	9437184	3043576	3043592	6291456	390760	5696408	6291456	326364	0	0	287765	0	
9437184	9437184	3043584	3043584	6291456	798612	5288556	6291456	647092	0	0	498928	0	
9437184	9437184	3043568	3043600	6291456	454276	5632892	6291456	390284	0	0	334888	0	
9437184	9437184	3043556	3043612	6291456	378888	5708280	6291456	321300	0	0	277225	0	
9437184	9437184	3043572	3043596	6291456	762564	5324604	6291456	646984	0	0	454681	0	
9437184	9437184	3043560	3043608	6291456	398708	5688460	6291456	326440	56	0	309314	0	
9437184	9437184	3043512	3043656	6291456	782000	5305168	6291456	647388	0	0	439277	0	
9437184	9437184	3043584	3043584	6291456	463380	5623788	6291456	418036	0	0	328786	0	
9437184	9437184	3043576	3043592	6291456	380680	5706488	6291456	321368	0	0	317662	0	
9437184	9437184	3043572	3043596	6291456	711792	5375376	6291456	647260	0	0	489683	0	
9437184	9437184	3043580	3043588	6291456	394556	5692612	6291456	326536	0	0	298582	0	
9437184	9437184	3043564	3043604	6291456	389444	5697724	6291456	321224	0	0	317469	0	
9437184	9437184	3043580	3043588	6291456	764528	5322640	6291456	641296	0	0	430543	0	
9437184	9437184	3043580	3043588	6291456	423796	5663372	6291456	326376	0	0	341114	0	
9437184	9437184	3043560	3043608	6291456	713456	5373712	6291456	647128	0	0	485046	0	
9437184	9437184	3043584	3043584	6291456	512948	5574220	6291456	398460	28	0	364861	0	
9437184	9437184	3043580	3043588	6291456	401052	5686116	6291456	321236	0	0	270397	0	
9437184	9437184	3043580	3043588	6291456	767868	5319300	6291456	642052	0	0	454147	0	
9437184	9437184	3043576	3043592	6291456	406620	5680548	6291456	326940	564	0	343577	0	
9437184	9437184	3043580	3043588	6291456	767120	5320048	6291456	647092	0	0	418062	0	
9437184	9437184	3043584	3043584	6291456	462528	5624640	6291456	376300	0	0	306902	0	
9437184	9437184	3043584	3043584	6291456	398156	5689012	6291456	321244	0	0	297289	0	
9437184	9437184	3043576	3043592	6291456	713560	5373608	6291456	641320	0	0	431864	0	
9437184	9437184	3043576	3043592	6291456	404988	5682180	6291456	326408	0	0	279692	0	
9437184	9437184	3043572	3043596	6291456	781448	5305720	6291456	647408	0	0	512852	0	
9437184	9437184	3043548	3043620	6291456	509064	5578104	6291456	415940	0	0	380179	0	
9437184	9437184	3043584	3043584	6291456	408632	5678536	6291456	321368	0	0	281500	0	
9437184	9437184	3043584	3043584	6291456	775516	5311652	6291456	641308	0	0	471014	0	
9437184	9437184	3043576	3043592	6291456	419216	5667952	6291456	326396	0	0	266028	0	
9437184	9437184	3043580	3043588	6291456	769568	5317600	6291456	647068	0	0	460832	0	
9437184	9437184	3043548	3043620	6291456	453200	5633968	6291456	379112	0	0	295846	0	
9437184	9437184	3043568	3043600	6291456	390928	5696240	6291456	321256	0	0	329472	0	
9437184	9437184	3043572	3043596	6291456	712200	5374968	6291456	641372	0	0	410058	0	
9437184	9437184	3043580	3043588	6291456	403736	5683432	6291456	326388	0	0	334016	0	
9437184	9437184	3043580	3043588	6291456	721300	5365868	6291456	647156	0	0	468049	0	
9437184	9437184	3043572	3043596	6291456	601820	5485348	6291456	484660	0	0	383254	0	
9437184	9437184	3043580	3043588	6291456	415252	5671916	6291456	321236	0	0	321624	0	
9437184	9437184	3043572	3043596	6291456	776344	5310824	6291456	641444	0	0	459309	0	
9437184	9437184	3043576	3043592	6291456	397256	5689912	6291456	326480	0	0	331652	0	
9437184	9437184	3043572	3043596	6291456	729644	5357524	6291456	647204	0	0	482487	0	
9437184	9437184	3043540	3043628	6291456	460416	5626752	6291456	408972	0	0	338195	0	
9437184	9437184	3043580	3043588	6291456	380528	5706640	6291456	321264	0	0	339438	0	
9437184	9437184	3043576	3043592	6291456	770396	5316772	6291456	647056	0	0	510796	0	
9437184	9437184	3043584	3043584	6291456	365656	5721512	6291456	326376	0	0	372858	0	
9437184	9437184	3043576	3043592	6291456	399240	5687928	6291456	321196	0	0	300640	0	
9437184	9437184	3043584	3043584	6291456	706548	5380620	6291456	641308	0	0	486049	0	
9437184	9437184	3043576	3043592	6291456	387920	5699248	6291456	326364	0	0	332054	0	
9437184	9437184	3043584	3043584	6291456	719064	5368104	6291456	647228	0	0	525964	0	
9437184	9437184	3043584	3043584	6291456	513072	5574096	6291456	417536	0	0	378251	0	
9437184	9437184	3043576	3043592	6291456	372912	5714256	6291456	321280	0	0	338858	0	
9437184	9437184	3043548	3043620	6291456	762192	5324976	6291456	645456	0	0	513475	0	
9437184	9437184	3043580	3043588	6291456	365956	5721212	6291456	326460	0	0	306970	0	
9437184	9437184	3043580	3043588	6291456	761152	5326016	6291456	647068	0	0	451412	0	
9437184	9437184	3043572	3043596	6291456	514620	5572548	6291456	456492	0	0	354359	0	
9437184	9437184	3043584	3043584	6291456	397936	5689232	6291456	321344	0	0	319616	0	
9437184	9437184	3043576	3043592	6291456	766928	5320240	6291456	647080	0	0	463544	0	
9437184	9437184	3043576	3043592	6291456	408296	5678872	6291456	326388	0	0	378884	0	
9437184	9437184	3043552	3043616	6291456	794756	5292412	6291456	647348	0	0	452372	0	
9437184	9437184	3043584	3043584	6291456	510816	5576352	6291456	413244	0	0	409172	0	
9437184	9437184	3043568	3043600	6291456	398312	5688856	6291456	321336	0	0	365515	0	
9437184	9437184	3043580	3043588	6291456	721728	5365440	6291456	641320	0	0	529111	0	
9437184	9437184	3043540	3043628	6291456	408600	5678568	6291456	326384	0	0	310431	0	
9437184	9437184	3043580	3043588	6291456	787084	5300084	6291456	647152	0	0	489558	0	
9437184	9437184	3043488	3043680	6291456	509184	5577984	6291456	411124	0	0	453167	0	
9437184	9437184	3043564	3043604	6291456	396336	5690832	6291456	321708	396	0	444692	0	
9437184	9437184	3043576	3043592	6291456	761664	5325504	6291456	642184	0	0	527778	0	
9437184	9437184	3043580	3043588	6291456	415572	5671596	6291456	327276	876	0	405972	0	
9437184	9437184	3043560	3043608	6291456	763720	5323448	6291456	647056	0	0	403922	0	
9437184	9437184	3043556	3043612	6291456	517680	5569488	6291456	395348	0	0	356250	0	
9437184	9437184	3043560	3043608	6291456	373780	5713388	6291456	321248	0	0	337668	0	
9437184	9437184	3043580	3043588	6291456	729552	5357616	6291456	641308	0	0	443596	0	
9437184	9437184	3043572	3043596	6291456	420120	5667048	6291456	326548	0	0	294879	0	
9437184	9437184	3043584	3043584	6291456	767700	5319468	6291456	647068	0	0	474716	0	
9437184	9437184	3043576	3043592	6291456	449232	5637936	6291456	406008	0	0	337776	0	
9437184	9437184	3043576	3043592	6291456	374872	5712296	6291456	321340	0	0	325105	0	
9437184	9437184	3043576	3043592	6291456	764248	5322920	6291456	647068	0	0	531330	0	
9437184	9437184	3043580	3043588	6291456	385552	5701616	6291456	326376	0	0	331855	0	
9437184	9437184	3043560	3043608	6291456	379412	5707756	6291456	321176	0	0	329379	0	
9437184	9437184	3043584	3043584	6291456	715676	5371492	6291456	641308	0	0	464186	0	
9437184	9437184	3043568	3043600	6291456	395996	5691172	6291456	326460	0	0	279441	0	
9437184	9437184	3043548	3043620	6291456	761052	5326116	6291456	647164	0	0	481495	0	
9437184	9437184	3043580	3043588	6291456	510044	5577124	6291456	394912	0	0	338509	0	
9437184	9437184	3043580	3043588	6291456	357736	5729432	6291456	321888	0	0	463080	0	
9437184	9437184	3043584	3043584	6291456	778196	5308972	6291456	642120	672	0	486057	0	
9437184	9437184	3043584	3043584	6291456	405448	5681720	6291456	326376	0	0	324531	0	
9437184	9437184	3043560	3043608	6291456	794112	5293056	6291456	647076	0	0	497582	0	
9437184	9437184	3043560	3043608	6291456	451376	5635792	6291456	382628	0	0	366703	0	
9437184	9437184	3043580	3043588	6291456	403080	5684088	6291456	321244	0	0	328870	0	
9437184	9437184	3043576	3043592	6291456	723660	5363508	6291456	641448	0	0	469541	0	
9437184	9437184	3043576	3043592	6291456	370464	5716704	6291456	326376	0	0	339777	0	
9437184	9437184	3043572	3043596	6291456	359984	5727184	6291456	321184	0	0	407110	0	
9437184	9437184	3043580	3043588	6291456	781832	5305336	6291456	641468	0	0	464271	0	
9437184	9437184	3043572	3043596	6291456	363840	5723328	6291456	326404	0	0	363028	0	
9437184	9437184	3043580	3043588	6291456	785780	5301388	6291456	647068	0	0	598570	0	
9437184	9437184	3043572	3043596	6291456	424488	5662680	6291456	365892	0	0	335494	0	
9437184	9437184	3043576	3043592	6291456	378232	5708936	6291456	321276	0	0	320107	0	
9437184	9437184	3043584	3043584	6291456	732368	5354800	6291456	646940	0	0	486767	0	
9437184	9437184	3043576	3043592	6291456	426352	5660816	6291456	326388	0	0	345025	0	
9437184	9437184	3043524	3043644	6291456	726848	5360320	6291456	647388	0	0	477474	0	
9437184	9437184	3043568	3043600	6291456	551816	5535352	6291456	464532	0	0	394187	0	
9437184	9437184	3043560	3043608	6291456	386352	5700816	6291456	321256	0	0	399106	0	
9437184	9437184	3043572	3043596	6291456	724164	5363004	6291456	646948	0	0	528173	0	
9437184	9437184	3043564	3043604	6291456	395696	5691472	6291456	326480	0	0	377018	0	
9437184	9437184	3043580	3043588	6291456	359116	5728052	6291456	321208	0	0	352115	0	
9437184	9437184	3043576	3043592	6291456	780484	5306684	6291456	641296	0	0	449792	0	
9437184	9437184	3043568	3043600	6291456	389392	5697776	6291456	326396	0	0	363708	0	
9437184	9437184	3043536	3043632	6291456	717496	5369672	6291456	647076	0	0	452504	0	
9437184	9437184	3043560	3043608	6291456	509696	5577472	6291456	398880	0	0	419414	0	
9437184	9437184	3043584	3043584	6291456	393784	5693384	6291456	321248	0	0	330601	0	
9437184	9437184	3043580	3043588	6291456	766692	5320476	6291456	641308	0	0	488018	0	
9437184	9437184	3043580	3043588	6291456	419884	5667284	6291456	326464	0	0	330761	0	
9437184	9437184	3043580	3043588	6291456	762024	5325144	6291456	647068	0	0	452162	0	
9437184	9437184	3043556	3043612	6291456	468540	5618628	6291456	382860	0	0	422844	0	
9437184	9437184	3043564	3043604	6291456	390916	5696252	6291456	321244	0	0	279134	0	
9437184	9437184	3043572	3043596	6291456	768416	5318752	6291456	641444	0	0	626451	0	
9437184	9437184	3043576	3043592	6291456	391508	5695660	6291456	326364	0	0	356018	0	
9437184	9437184	3043580	3043588	6291456	771688	5315480	6291456	647080	0	0	560274	0	
9437184	9437184	3043488	3043680	6291456	463880	5623288	6291456	407352	0	0	345279	0	
9437184	9437184	3043568	3043600	6291456	359016	5728152	6291456	321284	0	0	359389	0	
9437184	9437184	3043580	3043588	6291456	764916	5322252	6291456	647152	0	0	403370	0	
9437184	9437184	3043572	3043596	6291456	418864	5668304	6291456	326548	0	0	406482	0	
9437184	9437184	3043572	3043596	6291456	765972	5321196	6291456	647088	0	0	550552	0	
9437184	9437184	3043572	3043596	6291456	518656	5568512	6291456	444872	0	0	341467	0	
9437184	9437184	3043572	3043596	6291456	397908	5689260	6291456	321264	0	0	350484	0	
9437184	9437184	3043576	3043592	6291456	767376	5319792	6291456	646972	0	0	448248	0	
9437184	9437184	3043584	3043584	6291456	376956	5710212	6291456	326440	0	0	293262	0	
9437184	9437184	3043564	3043604	6291456	725192	5361976	6291456	647188	0	0	489228	0	
9437184	9437184	3043572	3043596	6291456	554264	5532904	6291456	482520	0	0	337535	0	
9437184	9437184	3043564	3043604	6291456	426548	5660620	6291456	321264	0	0	327792	0	
9437184	9437184	3043576	3043592	6291456	767376	5319792	6291456	641392	0	0	452293	0	
9437184	9437184	3043580	3043588	6291456	392552	5694616	6291456	326376	0	0	303843	0	
9437184	9437184	3043544	3043624	6291456	719280	5367888	6291456	647096	0	0	447082	0	
9437184	9437184	3043548	3043620	6291456	577564	5509604	6291456	453532	0	0	429194	0	
9437184	9437184	3043584	3043584	6291456	392272	5694896	6291456	321332	0	0	349814	0	
9437184	9437184	3043580	3043588	6291456	734040	5353128	6291456	641296	0	0	487545	0	
9437184	9437184	3043544	3043624	6291456	424132	5663036	6291456	326480	0	0	360633	0	
9437184	9437184	3043584	3043584	6291456	795952	5291216	6291456	647080	0	0	518729	0	
9437184	9437184	3043552	3043616	6291456	457172	5629996	6291456	386616	0	0	315769	0	
9437184	9437184	3043568	3043600	6291456	388336	5698832	6291456	321392	0	0	325652	0	
9437184	9437184	3043556	3043612	6291456	764316	5322852	6291456	641588	0	0	516775	0	
9437184	9437184	3043572	3043596	6291456	388192	5698976	6291456	326524	0	0	323584	0	
9437184	9437184	3043572	3043596	6291456	794192	5292976	6291456	647408	0	0	556199	0	
9437184	9437184	3043576	3043592	6291456	507324	5579844	6291456	410528	0	0	444052	0	
9437184	9437184	3043580	3043588	6291456	403696	5683472	6291456	321248	0	0	324916	0	
9437184	9437184	3043576	3043592	6291456	713156	5374012	6291456	641320	0	0	512170	0	
9437184	9437184	3043584	3043584	6291456	408572	5678596	6291456	326364	0	0	304766	0	
9437184	9437184	3043572	3043596	6291456	731776	5355392	6291456	647364	0	0	484869	0	
9437184	9437184	3043580	3043588	6291456	573644	5513524	6291456	456416	0	0	363628	0	
9437184	9437184	3043580	3043588	6291456	387936	5699232	6291456	321224	0	0	295932	0	
9437184	9437184	3043568	3043600	6291456	767256	5319912	6291456	641416	0	0	472985	0	
9437184	9437184	3043576	3043592	6291456	399172	5687996	6291456	326364	0	0	339712	0	
9437184	9437184	3043584	3043584	6291456	767512	5319656	6291456	647068	0	0	509391	0	
9437184	9437184	3043572	3043596	6291456	471532	5615636	6291456	407676	0	0	390936	0	
9437184	9437184	3043580	3043588	6291456	412148	5675020	6291456	321412	0	0	374915	0	
9437184	9437184	3043576	3043592	6291456	772092	5315076	6291456	641448	0	0	450802	0	
9437184	9437184	3043580	3043588	6291456	389196	5697972	6291456	326376	0	0	405516	0	
9437184	9437184	3043576	3043592	6291456	762292	5324876	6291456	647056	0	0	438919	0	
9437184	9437184	3043580	3043588	6291456	478624	5608544	6291456	417808	0	0	351299	0	
9437184	9437184	3043564	3043604	6291456	375820	5711348	6291456	321308	0	0	344460	0	
9437184	9437184	3043576	3043592	6291456	778444	5308724	6291456	647068	0	0	487993	0	
9437184	9437184	3043580	3043588	6291456	398828	5688340	6291456	326376	0	0	351347	0	
9437184	9437184	3043576	3043592	6291456	795952	5291216	6291456	647200	0	0	546065	0	
9437184	9437184	3043584	3043584	6291456	507648	5579520	6291456	418036	0	0	415688	0	
9437184	9437184	3043552	3043616	6291456	390160	5697008	6291456	321380	0	0	336874	0	
9437184	9437184	3043528	3043640	6291456	763528	5323640	6291456	641656	28	0	444780	0	
9437184	9437184	3043584	3043584	6291456	397740	5689428	6291456	326612	0	0	291666	0	
9437184	9437184	3043584	3043584	6291456	762128	5325040	6291456	647280	0	0	528790	0	
9437184	9437184	3043584	3043584	6291456	511800	5575368	6291456	421820	0	0	382196	0	
9437184	9437184	3043568	3043600	6291456	394576	5692592	6291456	321256	0	0	318752	0	
9437184	9437184	3043568	3043600	6291456	769256	5317912	6291456	641588	0	0	531736	0	
9437184	9437184	3043576	3043592	6291456	385248	5701920	6291456	326364	0	0	283945	0	
9437184	9437184	3043576	3043592	6291456	719984	5367184	6291456	647132	0	0	558480	0	
9437184	9437184	3043580	3043588	6291456	544424	5542744	6291456	464868	0	0	364422	0	
9437184	9437184	3043572	3043596	6291456	423120	5664048	6291456	321264	0	0	306661	0	
9437184	9437184	3043572	3043596	6291456	770932	5316236	6291456	641416	0	0	437887	0	
9437184	9437184	3043576	3043592	6291456	357840	5729328	6291456	326388	0	0	284604	0	
9437184	9437184	3043584	3043584	6291456	768016	5319152	6291456	647164	0	0	486073	0	
9437184	9437184	3043564	3043604	6291456	520036	5567132	6291456	433508	0	0	311947	0	
9437184	9437184	3043584	3043584	6291456	430032	5657136	6291456	321344	0	0	287798	0	
9437184	9437184	3043580	3043588	6291456	705760	5381408	6291456	641332	0	0	465084	0	
9437184	9437184	3043584	3043584	6291456	391108	5696060	6291456	326388	0	0	284385	0	
9437184	9437184	3043584	3043584	6291456	780864	5306304	6291456	647156	0	0	505756	0	
9437184	9437184	3043580	3043588	6291456	551400	5535768	6291456	435000	0	0	300461	0	
9437184	9437184	3043572	3043596	6291456	395392	5691776	6291456	321288	0	0	318592	0	
9437184	9437184	3043576	3043592	6291456	722556	5364612	6291456	641308	0	0	446553	0	
9437184	9437184	3043572	3043596	6291456	389996	5697172	6291456	326384	0	0	268057	0	
9437184	9437184	3043580	3043588	6291456	725836	5361332	6291456	647112	0	0	441546	0	
9437184	9437184	3043552	3043616	6291456	578236	5508932	6291456	474612	0	0	394445	0	
9437184	9437184	3043576	3043592	6291456	401996	5685172	6291456	321256	0	0	272107	0	
9437184	9437184	3043576	3043592	6291456	708312	5378856	6291456	641404	0	0	501716	0	
9437184	9437184	3043576	3043592	6291456	392176	5694992	6291456	326376	0	0	267293	0	
9437184	9437184	3043572	3043596	6291456	414008	5673160	6291456	321164	0	0	293212	0	
9437184	9437184	3043584	3043584	6291456	707580	5379588	6291456	641308	0	0	446952	0	
9437184	9437184	3043572	3043596	6291456	409056	5678112	6291456	326364	0	0	270860	0	
9437184	9437184	3043580	3043588	6291456	718528	5368640	6291456	647056	0	0	422270	0	
9437184	9437184	3043568	3043600	6291456	461944	5625224	6291456	391272	0	0	329883	0	
9437184	9437184	3043552	3043616	6291456	387788	5699380	6291456	321352	0	0	278740	0	
9437184	9437184	3043548	3043620	6291456	708444	5378724	6291456	641628	0	0	409765	0	
9437184	9437184	3043572	3043596	6291456	411292	5675876	6291456	326548	0	0	321204	0	
9437184	9437184	3043572	3043596	6291456	726696	5360472	6291456	647088	0	0	490585	0	
9437184	9437184	3043572	3043596	6291456	590000	5497168	6291456	492944	0	0	463119	0	
9437184	9437184	3043580	3043588	6291456	394580	5692588	6291456	321276	0	0	306724	0	
9437184	9437184	3043504	3043664	6291456	732576	5354592	6291456	641628	0	0	513095	0	
9437184	9437184	3043580	3043588	6291456	418520	5668648	6291456	326388	0	0	353975	0	
9437184	9437184	3043556	3043612	6291456	768220	5318948	6291456	647280	0	0	541615	0	
9437184	9437184	3043576	3043592	6291456	512776	5574392	6291456	426120	0	0	324091	0	
9437184	9437184	3043576	3043592	6291456	390140	5697028	6291456	321276	0	0	321451	0	
9437184	9437184	3043564	3043604	6291456	774944	5312224	6291456	645184	0	0	463637	0	
9437184	9437184	3043576	3043592	6291456	394316	5692852	6291456	326632	0	0	335783	0	
9437184	9437184	3043584	3043584	6291456	723932	5363236	6291456	647132	0	0	530947	0	
9437184	9437184	3043560	3043608	6291456	512180	5574988	6291456	456056	0	0	402044	0	
9437184	9437184	3043576	3043592	6291456	389488	5697680	6291456	322040	684	0	379563	0	
9437184	9437184	3043576	3043592	6291456	719348	5367820	6291456	647056	0	0	423312	0	
9437184	9437184	3043576	3043592	6291456	374464	5712704	6291456	326376	0	0	272132	0	
9437184	9437184	3043564	3043604	6291456	383040	5704128	6291456	321268	0	0	359551	0	
9437184	9437184	3043580	3043588	6291456	718556	5368612	6291456	641336	0	0	443655	0	
9437184	9437184	3043572	3043596	6291456	380188	5706980	6291456	326460	0	0	351415	0	
9437184	9437184	3043560	3043608	6291456	713920	5373248	6291456	647316	0	0	402450	0	
9437184	9437184	3043560	3043608	6291456	583116	5504052	6291456	478816	0	0	360224	0	
9437184	9437184	3043576	3043592	6291456	374016	5713152	6291456	321244	0	0	342308	0	
9437184	9437184	3043572	3043596	6291456	763628	5323540	6291456	646940	0	0	419937	0	
9437184	9437184	3043556	3043612	6291456	422588	5664580	6291456	326364	0	0	272618	0	
9437184	9437184	3043580	3043588	6291456	772988	5314180	6291456	647080	0	0	469556	0	
9437184	9437184	3043564	3043604	6291456	545820	5541348	6291456	411528	0	0	297793	0	
9437184	9437184	3043580	3043588	6291456	376928	5710240	6291456	321280	0	0	295157	0	
9437184	9437184	3043576	3043592	6291456	721140	5366028	6291456	641296	0	0	498207	0	
9437184	9437184	3043568	3043600	6291456	422520	5664648	6291456	326632	0	0	430919	0	
9437184	9437184	3043584	3043584	6291456	778464	5308704	6291456	647068	0	0	514068	0	
9437184	9437184	3043568	3043600	6291456	463504	5623664	6291456	400988	0	0	411389	0	
9437184	9437184	3043584	3043584	6291456	404820	5682348	6291456	321276	0	0	390410	0	
9437184	9437184	3043580	3043588	6291456	783296	5303872	6291456	641520	0	0	479758	0	
9437184	9437184	3043576	3043592	6291456	399852	5687316	6291456	326388	0	0	369772	0	
9437184	9437184	3043576	3043592	6291456	732032	5355136	6291456	647080	0	0	468217	0	
9437184	9437184	3043524	3043644	6291456	509904	5577264	6291456	427688	0	0	326275	0	
9437184	9437184	3043576	3043592	6291456	370292	5716876	6291456	321292	0	0	356318	0	
9437184	9437184	3043576	3043592	6291456	771344	5315824	6291456	647068	0	0	454073	0	
9437184	9437184	3043576	3043592	6291456	401748	5685420	6291456	326364	0	0	344635	0	
9437184	9437184	3043560	3043608	6291456	726248	5360920	6291456	647056	0	0	525871	0	
9437184	9437184	3043572	3043596	6291456	576092	5511076	6291456	472440	0	0	381506	0	
9437184	9437184	3043576	3043592	6291456	368712	5718456	6291456	321244	0	0	334074	0	
9437184	9437184	3043576	3043592	6291456	767948	5319220	6291456	646980	0	0	535703	0	
9437184	9437184	3043568	3043600	6291456	401932	5685236	6291456	326432	0	0	351093	0	
9437184	9437184	3043584	3043584	6291456	729564	5357604	6291456	647312	0	0	487039	0	
9437184	9437184	3043576	3043592	6291456	548888	5538280	6291456	459192	0	0	357908	0	
9437184	9437184	3043564	3043604	6291456	413008	5674160	6291456	321276	0	0	353144	0	
9437184	9437184	3043568	3043600	6291456	714636	5372532	6291456	641544	0	0	522350	0	
9437184	9437184	3043576	3043592	6291456	376404	5710764	6291456	326388	0	0	365940	0	
9437184	9437184	3043568	3043600	6291456	428504	5658664	6291456	321196	0	0	324667	0	
9437184	9437184	3043584	3043584	6291456	722656	5364512	6291456	641296	0	0	534346	0	
9437184	9437184	3043576	3043592	6291456	385552	5701616	6291456	326448	0	0	319739	0	
9437184	9437184	3043584	3043584	6291456	777648	5309520	6291456	647132	0	0	488365	0	
9437184	9437184	3043548	3043620	6291456	427644	5659524	6291456	354644	0	0	396675	0	
9437184	9437184	3043584	3043584	6291456	389576	5697592	6291456	321312	0	0	340455	0	
9437184	9437184	3043548	3043620	6291456	709408	5377760	6291456	641336	0	0	470170	0	
9437184	9437184	3043576	3043592	6291456	386924	5700244	6291456	326400	0	0	282928	0	
9437184	9437184	3043572	3043596	6291456	395736	5691432	6291456	321164	0	0	353456	0	
9437184	9437184	3043564	3043604	6291456	715588	5371580	6291456	641444	0	0	489752	0	
9437184	9437184	3043576	3043592	6291456	384960	5702208	6291456	326364	0	0	303950	0	
9437184	9437184	3043580	3043588	6291456	721504	5365664	6291456	647068	0	0	556014	0	
9437184	9437184	3043480	3043688	6291456	513400	5573768	6291456	412216	0	0	371714	0	
9437184	9437184	3043576	3043592	6291456	368324	5718844	6291456	321224	0	0	297581	0	
9437184	9437184	3043580	3043588	6291456	720940	5366228	6291456	641588	0	0	541036	0	
9437184	9437184	3043584	3043584	6291456	390264	5696904	6291456	326388	0	0	317215	0	
9437184	9437184	3043576	3043592	6291456	394752	5692416	6291456	321308	0	0	431683	0	
9437184	9437184	3043572	3043596	6291456	707596	5379572	6291456	641468	0	0	526323	0	
9437184	9437184	3043576	3043592	6291456	388460	5698708	6291456	326364	0	0	357527	0	
9437184	9437184	3043580	3043588	6291456	773792	5313376	6291456	647076	0	0	471787	0	
9437184	9437184	3043540	3043628	6291456	447568	5639600	6291456	384872	0	0	356205	0	
9437184	9437184	3043568	3043600	6291456	362876	5724292	6291456	321320	0	0	379520	0	
9437184	9437184	3043576	3043592	6291456	728020	5359148	6291456	647068	0	0	542416	0	
9437184	9437184	3043584	3043584	6291456	361680	5725488	6291456	326384	0	0	354796	0	
9437184	9437184	3043572	3043596	6291456	364012	5723156	6291456	321224	0	0	329659	0	
9437184	9437184	3043576	3043592	6291456	719116	5368052	6291456	641320	0	0	516407	0	
9437184	9437184	3043584	3043584	6291456	406524	5680644	6291456	326384	0	0	302331	0	
9437184	9437184	3043568	3043600	6291456	765228	5321940	6291456	647152	0	0	506320	0	
9437184	9437184	3043584	3043584	6291456	507392	5579776	6291456	420896	0	0	295827	0	
9437184	9437184	3043568	3043600	6291456	385728	5701440	6291456	321320	0	0	341607	0	
9437184	9437184	3043580	3043588	6291456	708000	5379168	6291456	646960	0	0	467816	0	
9437184	9437184	3043576	3043592	6291456	408928	5678240	6291456	326428	0	0	307618	0	
9437184	9437184	3043568	3043600	6291456	428504	5658664	6291456	321196	0	0	324027	0	
9437184	9437184	3043584	3043584	6291456	720272	5366896	6291456	641296	0	0	493052	0	
9437184	9437184	3043576	3043592	6291456	385916	5701252	6291456	326384	0	0	321281	0	
9437184	9437184	3043564	3043604	6291456	784416	5302752	6291456	647156	0	0	474778	0	
9437184	9437184	3043516	3043652	6291456	422020	5665148	6291456	351532	0	0	402347	0	
9437184	9437184	3043572	3043596	6291456	399348	5687820	6291456	321288	0	0	296857	0	
9437184	9437184	3043580	3043588	6291456	767572	5319596	6291456	641296	0	0	479681	0	
9437184	9437184	3043560	3043608	6291456	408660	5678508	6291456	326364	0	0	305785	0	
9437184	9437184	3043568	3043600	6291456	706172	5380996	6291456	647168	0	0	432165	0	
9437184	9437184	3043580	3043588	6291456	547892	5539276	6291456	433152	0	0	438103	0	
9437184	9437184	3043580	3043588	6291456	388816	5698352	6291456	321224	0	0	345679	0	
9437184	9437184	3043584	3043584	6291456	772604	5314564	6291456	641480	0	0	439552	0	
9437184	9437184	3043576	3043592	6291456	394600	5692568	6291456	326400	0	0	356477	0	
9437184	9437184	3043576	3043592	6291456	764000	5323168	6291456	647068	0	0	479659	0	
9437184	9437184	3043576	3043592	6291456	520796	5566372	6291456	409840	0	0	349265	0	
9437184	9437184	3043584	3043584	6291456	394068	5693100	6291456	321348	0	0	394847	0	
9437184	9437184	3043576	3043592	6291456	723640	5363528	6291456	641296	0	0	525831	0	
9437184	9437184	3043584	3043584	6291456	373424	5713744	6291456	326480	0	0	430977	0	
9437184	9437184	3043584	3043584	6291456	799296	5287872	6291456	647124	0	0	551750	0	
9437184	9437184	3043372	3043796	6291456	545564	5541604	6291456	418156	0	0	342180	0	
9437184	9437184	3043564	3043604	6291456	384200	5702968	6291456	321260	0	0	302372	0	
9437184	9437184	3043580	3043588	6291456	728512	5358656	6291456	641308	0	0	514724	0	
9437184	9437184	3043568	3043600	6291456	391424	5695744	6291456	326460	0	0	331463	0	
9437184	9437184	3043576	3043592	6291456	704624	5382544	6291456	647428	0	0	398896	0	
9437184	9437184	3043536	3043632	6291456	576600	5510568	6291456	482176	0	0	365157	0	
9437184	9437184	3043572	3043596	6291456	405752	5681416	6291456	321256	0	0	300944	0	
9437184	9437184	3043568	3043600	6291456	706048	5381120	6291456	641436	0	0	472776	0	
9437184	9437184	3043568	3043600	6291456	408708	5678460	6291456	326536	0	0	292303	0	
9437184	9437184	3043576	3043592	6291456	762432	5324736	6291456	647068	0	0	453887	0	
9437184	9437184	3043536	3043632	6291456	552452	5534716	6291456	455108	0	0	321995	0	
9437184	9437184	3043584	3043584	6291456	369524	5717644	6291456	321276	0	0	342959	0	
9437184	9437184	3043584	3043584	6291456	713268	5373900	6291456	647036	0	0	504983	0	
9437184	9437184	3043556	3043612	6291456	409524	5677644	6291456	326364	0	0	293734	0	
9437184	9437184	3043560	3043608	6291456	391856	5695312	6291456	321220	0	0	318468	0	
9437184	9437184	3043576	3043592	6291456	714332	5372836	6291456	641308	0	0	436390	0	
9437184	9437184	3043584	3043584	6291456	412496	5674672	6291456	326480	0	0	379546	0	
9437184	9437184	3043576	3043592	6291456	777316	5309852	6291456	647080	0	0	465053	0	
9437184	9437184	3043584	3043584	6291456	421780	5665388	6291456	369328	0	0	396809	0	
9437184	9437184	3043568	3043600	6291456	392224	5694944	6291456	321276	0	0	328615	0	
9437184	9437184	3043584	3043584	6291456	784892	5302276	6291456	643040	0	0	578140	0	
9437184	9437184	3043584	3043584	6291456	392480	5694688	6291456	326376	0	0	270646	0	
9437184	9437184	3043576	3043592	6291456	762032	5325136	6291456	647068	0	0	416277	0	
9437184	9437184	3043500	3043668	6291456	464116	5623052	6291456	417080	0	0	327930	0	
9437184	9437184	3043580	3043588	6291456	389988	5697180	6291456	321344	0	0	277557	0	
9437184	9437184	3043576	3043592	6291456	714936	5372232	6291456	647092	0	0	410572	0	
9437184	9437184	3043576	3043592	6291456	387708	5699460	6291456	326364	0	0	285458	0	
9437184	9437184	3043552	3043616	6291456	392844	5694324	6291456	321216	0	0	283974	0	
9437184	9437184	3043576	3043592	6291456	718032	5369136	6291456	641320	0	0	427223	0	
9437184	9437184	3043576	3043592	6291456	387400	5699768	6291456	326388	0	0	281657	0	
9437184	9437184	3043576	3043592	6291456	710468	5376700	6291456	647056	0	0	403464	0	
9437184	9437184	3043556	3043612	6291456	547772	5539396	6291456	458328	0	0	325505	0	
9437184	9437184	3043568	3043600	6291456	393096	5694072	6291456	321320	0	0	264474	0	
9437184	9437184	3043580	3043588	6291456	794240	5292928	6291456	643272	0	0	463474	0	
9437184	9437184	3043576	3043592	6291456	386800	5700368	6291456	326376	0	0	362220	0	
9437184	9437184	3043576	3043592	6291456	768976	5318192	6291456	647056	0	0	477579	0	
9437184	9437184	3043564	3043604	6291456	511568	5575600	6291456	413160	0	0	325414	0	
9437184	9437184	3043576	3043592	6291456	374220	5712948	6291456	321244	0	0	301296	0	
9437184	9437184	3043568	3043600	6291456	774852	5312316	6291456	641588	0	0	454598	0	
9437184	9437184	3043580	3043588	6291456	390824	5696344	6291456	326364	0	0	296631	0	
9437184	9437184	3043564	3043604	6291456	775928	5311240	6291456	647216	0	0	480736	0	
9437184	9437184	3043576	3043592	6291456	473544	5613624	6291456	414752	0	0	346792	0	
9437184	9437184	3043580	3043588	6291456	398376	5688792	6291456	321328	0	0	350020	0	
9437184	9437184	3043576	3043592	6291456	764448	5322720	6291456	647004	0	0	515811	0	
9437184	9437184	3043564	3043604	6291456	387212	5699956	6291456	326384	0	0	359068	0	
9437184	9437184	3043576	3043592	6291456	768836	5318332	6291456	647100	0	0	443967	0	
9437184	9437184	3043548	3043620	6291456	540440	5546728	6291456	438168	0	0	421425	0	
9437184	9437184	3043584	3043584	6291456	366044	5721124	6291456	321324	0	0	329762	0	
9437184	9437184	3043576	3043592	6291456	762516	5324652	6291456	647036	0	0	457389	0	
9437184	9437184	3043580	3043588	6291456	408700	5678468	6291456	326408	0	0	305130	0	
9437184	9437184	3043572	3043596	6291456	717764	5369404	6291456	647320	0	0	458327	0	
9437184	9437184	3043556	3043612	6291456	583884	5503284	6291456	468600	0	0	400553	0	
9437184	9437184	3043568	3043600	6291456	388976	5698192	6291456	321268	0	0	321470	0	
9437184	9437184	3043580	3043588	6291456	705768	5381400	6291456	641372	0	0	512184	0	
9437184	9437184	3043584	3043584	6291456	383920	5703248	6291456	326364	0	0	342064	0	
9437184	9437184	3043580	3043588	6291456	390136	5697032	6291456	321176	0	0	305553	0	
9437184	9437184	3043584	3043584	6291456	712488	5374680	6291456	641308	0	0	465332	0	
9437184	9437184	3043572	3043596	6291456	399244	5687924	6291456	326632	0	0	311485	0	
9437184	9437184	3043576	3043592	6291456	766256	5320912	6291456	647076	0	0	674465	0	
9437184	9437184	3043580	3043588	6291456	452032	5635136	6291456	386216	0	0	332790	0	
9437184	9437184	3043576	3043592	6291456	371212	5715956	6291456	321264	0	0	278105	0	
9437184	9437184	3043576	3043592	6291456	783796	5303372	6291456	647036	0	0	484525	0	
9437184	9437184	3043564	3043604	6291456	389072	5698096	6291456	326480	0	0	311008	0	
9437184	9437184	3043584	3043584	6291456	768216	5318952	6291456	647276	0	0	587943	0	
9437184	9437184	3043584	3043584	6291456	468044	5619124	6291456	425424	0	0	331694	0	
9437184	9437184	3043576	3043592	6291456	437872	5649296	6291456	321368	0	0	361637	0	
9437184	9437184	3043524	3043644	6291456	726116	5361052	6291456	641644	0	0	498025	0	
9437184	9437184	3043584	3043584	6291456	360204	5726964	6291456	326388	0	0	287584	0	
9437184	9437184	3043556	3043612	6291456	404476	5682692	6291456	321240	0	0	305946	0	
9437184	9437184	3043576	3043592	6291456	781716	5305452	6291456	641296	0	0	501578	0	
9437184	9437184	3043580	3043588	6291456	384164	5703004	6291456	326376	0	0	373080	0	
9437184	9437184	3043556	3043612	6291456	764768	5322400	6291456	647056	0	0	449592	0	
9437184	9437184	3043572	3043596	6291456	425044	5662124	6291456	356116	0	0	469535	0	
9437184	9437184	3043584	3043584	6291456	403416	5683752	6291456	321256	0	0	346353	0	
9437184	9437184	3043576	3043592	6291456	722048	5365120	6291456	641320	0	0	491002	0	
9437184	9437184	3043560	3043608	6291456	391696	5695472	6291456	326420	0	0	306561	0	
9437184	9437184	3043564	3043604	6291456	771952	5315216	6291456	647056	0	0	474607	0	
9437184	9437184	3043568	3043600	6291456	550812	5536356	6291456	429792	0	0	338142	0	
9437184	9437184	3043576	3043592	6291456	386108	5701060	6291456	321224	0	0	291531	0	
9437184	9437184	3043576	3043592	6291456	761632	5325536	6291456	641296	0	0	492847	0	
9437184	9437184	3043580	3043588	6291456	411052	5676116	6291456	326364	0	0	370981	0	
9437184	9437184	3043580	3043588	6291456	764920	5322248	6291456	647068	0	0	460094	0	
9437184	9437184	3043572	3043596	6291456	471548	5615620	6291456	403000	0	0	353762	0	
9437184	9437184	3043560	3043608	6291456	400584	5686584	6291456	321300	0	0	323374	0	
9437184	9437184	3043552	3043616	6291456	768756	5318412	6291456	641560	0	0	540027	0	
9437184	9437184	3043576	3043592	6291456	397128	5690040	6291456	326364	0	0	388922	0	
9437184	9437184	3043556	3043612	6291456	765168	5322000	6291456	647164	0	0	453141	0	
9437184	9437184	3043572	3043596	6291456	481408	5605760	6291456	417316	0	0	354464	0	
9437184	9437184	3043568	3043600	6291456	384960	5702208	6291456	321352	0	0	320356	0	
9437184	9437184	3043576	3043592	6291456	773352	5313816	6291456	647080	0	0	494327	0	
9437184	9437184	3043560	3043608	6291456	411216	5675952	6291456	326364	0	0	307422	0	
9437184	9437184	3043580	3043588	6291456	770244	5316924	6291456	647196	0	0	637067	0	
9437184	9437184	3043580	3043588	6291456	475808	5611360	6291456	420232	0	0	325191	0	
9437184	9437184	3043584	3043584	6291456	391152	5696016	6291456	321380	0	0	328184	0	
9437184	9437184	3043576	3043592	6291456	764096	5323072	6291456	647068	0	0	459654	0	
9437184	9437184	3043576	3043592	6291456	391292	5695876	6291456	326388	0	0	271976	0	
9437184	9437184	3043568	3043600	6291456	774792	5312376	6291456	647068	0	0	530822	0	
9437184	9437184	3043576	3043592	6291456	519112	5568056	6291456	449132	0	0	396857	0	
9437184	9437184	3043560	3043608	6291456	402656	5684512	6291456	321308	0	0	346227	0	
9437184	9437184	3043568	3043600	6291456	762724	5324444	6291456	646992	0	0	450137	0	
9437184	9437184	3043556	3043612	6291456	388256	5698912	6291456	326364	0	0	313541	0	
9437184	9437184	3043568	3043600	6291456	719644	5367524	6291456	647088	0	0	429783	0	
9437184	9437184	3043560	3043608	6291456	575544	5511624	6291456	482420	0	0	362748	0	
9437184	9437184	3043580	3043588	6291456	394912	5692256	6291456	321276	0	0	356319	0	
9437184	9437184	3043544	3043624	6291456	720984	5366184	6291456	641588	0	0	476887	0	
9437184	9437184	3043580	3043588	6291456	388868	5698300	6291456	326376	0	0	338097	0	
9437184	9437184	3043584	3043584	6291456	399384	5687784	6291456	321220	0	0	358525	0	
9437184	9437184	3043584	3043584	6291456	703728	5383440	6291456	641404	0	0	575953	0	
9437184	9437184	3043560	3043608	6291456	388040	5699128	6291456	326404	0	0	306922	0	
9437184	9437184	3043560	3043608	6291456	726680	5360488	6291456	647164	0	0	456230	0	
9437184	9437184	3043576	3043592	6291456	455520	5631648	6291456	415908	0	0	459529	0	
9437184	9437184	3043584	3043584	6291456	371348	5715820	6291456	321380	0	0	354753	0	
9437184	9437184	3043580	3043588	6291456	796456	5290712	6291456	647236	0	0	546962	0	
9437184	9437184	3043580	3043588	6291456	386196	5700972	6291456	326364	0	0	402350	0	
9437184	9437184	3043580	3043588	6291456	770348	5316820	6291456	647068	0	0	482992	0	
9437184	9437184	3043576	3043592	6291456	555600	5531568	6291456	454252	0	0	341940	0	
9437184	9437184	3043584	3043584	6291456	365076	5722092	6291456	321244	0	0	335831	0	
9437184	9437184	3043568	3043600	6291456	724104	5363064	6291456	647036	0	0	499029	0	
9437184	9437184	3043568	3043600	6291456	387548	5699620	6291456	326440	0	0	328884	0	
9437184	9437184	3043584	3043584	6291456	393392	5693776	6291456	321184	0	0	280433	0	
9437184	9437184	3043580	3043588	6291456	765640	5321528	6291456	641296	0	0	467069	0	
9437184	9437184	3043576	3043592	6291456	398688	5688480	6291456	326556	0	0	376919	0	
9437184	9437184	3043556	3043612	6291456	761376	5325792	6291456	647056	0	0	417968	0	
9437184	9437184	3043560	3043608	6291456	402644	5684524	6291456	361556	0	0	443617	0	
9437184	9437184	3043560	3043608	6291456	390144	5697024	6291456	321264	0	0	336023	0	
9437184	9437184	3043560	3043608	6291456	732776	5354392	6291456	646972	0	0	586985	0	
9437184	9437184	3043580	3043588	6291456	372076	5715092	6291456	326376	0	0	299804	0	
9437184	9437184	3043556	3043612	6291456	387596	5699572	6291456	321184	0	0	299650	0	
9437184	9437184	3043580	3043588	6291456	762664	5324504	6291456	641296	0	0	427239	0	
9437184	9437184	3043576	3043592	6291456	392016	5695152	6291456	326408	0	0	301830	0	
9437184	9437184	3043584	3043584	6291456	782240	5304928	6291456	647068	0	0	466109	0	
9437184	9437184	3043576	3043592	6291456	424868	5662300	6291456	358452	0	0	342148	0	
9437184	9437184	3043580	3043588	6291456	387376	5699792	6291456	321344	0	0	300196	0	
9437184	9437184	3043568	3043600	6291456	718760	5368408	6291456	641436	0	0	422441	0	
9437184	9437184	3043580	3043588	6291456	366932	5720236	6291456	326364	0	0	321388	0	
9437184	9437184	3043564	3043604	6291456	396912	5690256	6291456	321288	0	0	298889	0	
9437184	9437184	3043580	3043588	6291456	732008	5355160	6291456	641308	0	0	509652	0	
9437184	9437184	3043576	3043592	6291456	380988	5706180	6291456	326364	0	0	318332	0	
9437184	9437184	3043560	3043608	6291456	762876	5324292	6291456	647164	0	0	534676	0	
9437184	9437184	3043580	3043588	6291456	427020	5660148	6291456	389496	0	0	316670	0	
9437184	9437184	3043572	3043596	6291456	398704	5688464	6291456	321328	0	0	407246	0	
9437184	9437184	3043568	3043600	6291456	716504	5370664	6291456	647068	0	0	485073	0	
9437184	9437184	3043564	3043604	6291456	410740	5676428	6291456	326408	0	0	307812	0	
9437184	9437184	3043552	3043616	6291456	358360	5728808	6291456	321196	0	0	307549	0	
9437184	9437184	3043584	3043584	6291456	767544	5319624	6291456	641296	0	0	450401	0	
9437184	9437184	3043584	3043584	6291456	374100	5713068	6291456	326388	0	0	379938	0	
9437184	9437184	3043568	3043600	6291456	721584	5365584	6291456	647204	0	0	489852	0	
9437184	9437184	3043584	3043584	6291456	521540	5565628	6291456	415828	0	0	360132	0	
9437184	9437184	3043584	3043584	6291456	386864	5700304	6291456	321224	0	0	290228	0	
9437184	9437184	3043544	3043624	6291456	761312	5325856	6291456	641412	0	0	507651	0	
9437184	9437184	3043580	3043588	6291456	388888	5698280	6291456	326364	0	0	300882	0	
9437184	9437184	3043568	3043600	6291456	776220	5310948	6291456	647280	0	0	514062	0	
9437184	9437184	3043580	3043588	6291456	465020	5622148	6291456	414296	0	0	352728	0	
9437184	9437184	3043556	3043612	6291456	365816	5721352	6291456	321264	0	0	325885	0	
9437184	9437184	3043564	3043604	6291456	771780	5315388	6291456	647176	0	0	498446	0	
9437184	9437184	3043576	3043592	6291456	361796	5725372	6291456	326448	0	0	299893	0	
9437184	9437184	3043568	3043600	6291456	418544	5668624	6291456	321260	0	0	282758	0	
9437184	9437184	3043576	3043592	6291456	765092	5322076	6291456	641308	0	0	406153	0	
9437184	9437184	3043556	3043612	6291456	397760	5689408	6291456	326472	0	0	293029	0	
9437184	9437184	3043552	3043616	6291456	767748	5319420	6291456	647096	0	0	469023	0	
9437184	9437184	3043564	3043604	6291456	422320	5664848	6291456	349656	0	0	316494	0	
9437184	9437184	3043572	3043596	6291456	373340	5713828	6291456	321288	0	0	295529	0	
9437184	9437184	3043544	3043624	6291456	712936	5374232	6291456	641516	0	0	450140	0	
9437184	9437184	3043580	3043588	6291456	369212	5717956	6291456	326388	0	0	333185	0	
9437184	9437184	3043576	3043592	6291456	400132	5687036	6291456	321184	0	0	311318	0	
9437184	9437184	3043576	3043592	6291456	711048	5376120	6291456	641308	0	0	456021	0	
9437184	9437184	3043572	3043596	6291456	413284	5673884	6291456	326460	0	0	315064	0	
9437184	9437184	3043580	3043588	6291456	731444	5355724	6291456	647056	0	0	484030	0	
9437184	9437184	3043584	3043584	6291456	508212	5578956	6291456	405384	0	0	313598	0	
9437184	9437184	3043568	3043600	6291456	368848	5718320	6291456	321372	0	0	412041	0	
9437184	9437184	3043584	3043584	6291456	726988	5360180	6291456	641552	0	0	446544	0	
9437184	9437184	3043580	3043588	6291456	432840	5654328	6291456	326364	0	0	343569	0	
9437184	9437184	3043572	3043596	6291456	715976	5371192	6291456	647304	0	0	456781	0	
9437184	9437184	3043580	3043588	6291456	581120	5506048	6291456	461240	0	0	359032	0	
9437184	9437184	3043552	3043616	6291456	386324	5700844	6291456	321332	0	0	330797	0	
9437184	9437184	3043568	3043600	6291456	729880	5357288	6291456	641416	0	0	451728	0	
9437184	9437184	3043564	3043604	6291456	393828	5693340	6291456	326396	0	0	328799	0	
9437184	9437184	3043556	3043612	6291456	767144	5320024	6291456	647112	0	0	498830	0	
9437184	9437184	3043576	3043592	6291456	517492	5569676	6291456	435300	0	0	363371	0	
9437184	9437184	3043584	3043584	6291456	379344	5707824	6291456	321264	0	0	335299	0	
9437184	9437184	3043580	3043588	6291456	769300	5317868	6291456	647056	0	0	507476	0	
9437184	9437184	3043568	3043600	6291456	393712	5693456	6291456	326408	0	0	330389	0	
9437184	9437184	3043576	3043592	6291456	773096	5314072	6291456	647156	0	0	447088	0	
9437184	9437184	3043572	3043596	6291456	540832	5546336	6291456	432096	0	0	358332	0	
9437184	9437184	3043564	3043604	6291456	411788	5675380	6291456	321256	0	0	342425	0	
9437184	9437184	3043576	3043592	6291456	777552	5309616	6291456	641320	0	0	469075	0	
9437184	9437184	3043568	3043600	6291456	381564	5705604	6291456	326460	0	0	327302	0	
9437184	9437184	3043576	3043592	6291456	763228	5323940	6291456	647056	0	0	482716	0	
9437184	9437184	3043528	3043640	6291456	471156	5616012	6291456	403836	0	0	348449	0	
9437184	9437184	3043576	3043592	6291456	375544	5711624	6291456	321256	0	0	298083	0	
9437184	9437184	3043576	3043592	6291456	773320	5313848	6291456	647088	0	0	496615	0	
9437184	9437184	3043584	3043584	6291456	392128	5695040	6291456	326496	0	0	351728	0	
9437184	9437184	3043572	3043596	6291456	761152	5326016	6291456	647168	0	0	485229	0	
9437184	9437184	3043572	3043596	6291456	543928	5543240	6291456	440860	0	0	325507	0	
9437184	9437184	3043556	3043612	6291456	386584	5700584	6291456	321236	0	0	306861	0	
9437184	9437184	3043572	3043596	6291456	765432	5321736	6291456	641604	0	0	598275	0	
9437184	9437184	3043580	3043588	6291456	388064	5699104	6291456	326440	0	0	310729	0	
9437184	9437184	3043568	3043600	6291456	764676	5322492	6291456	647132	0	0	508260	0	
9437184	9437184	3043568	3043600	6291456	511788	5575380	6291456	423492	0	0	438229	0	
9437184	9437184	3043568	3043600	6291456	391520	5695648	6291456	321300	0	0	363032	0	
9437184	9437184	3043528	3043640	6291456	709720	5377448	6291456	642152	0	0	473932	0	
9437184	9437184	3043564	3043604	6291456	385272	5701896	6291456	326548	0	0	300701	0	
9437184	9437184	3043584	3043584	6291456	382568	5704600	6291456	321184	0	0	352950	0	
9437184	9437184	3043568	3043600	6291456	762636	5324532	6291456	641488	0	0	482102	0	
9437184	9437184	3043564	3043604	6291456	398996	5688172	6291456	326472	0	0	341733	0	
9437184	9437184	3043580	3043588	6291456	736616	5350552	6291456	647076	0	0	547099	0	
9437184	9437184	3043540	3043628	6291456	457624	5629544	6291456	386832	0	0	329107	0	
9437184	9437184	3043572	3043596	6291456	361884	5725284	6291456	321244	0	0	317838	0	
9437184	9437184	3043568	3043600	6291456	784932	5302236	6291456	647088	0	0	609372	0	
9437184	9437184	3043584	3043584	6291456	391272	5695896	6291456	326632	0	0	359512	0	
9437184	9437184	3043580	3043588	6291456	799720	5287448	6291456	647344	0	0	545631	0	
9437184	9437184	3043568	3043600	6291456	458312	5628856	6291456	409816	0	0	339838	0	
9437184	9437184	3043576	3043592	6291456	398852	5688316	6291456	321340	0	0	382757	0	
9437184	9437184	3043564	3043604	6291456	775808	5311360	6291456	646992	0	0	505238	0	
9437184	9437184	3043580	3043588	6291456	357404	5729764	6291456	326396	0	0	331471	0	
9437184	9437184	3043572	3043596	6291456	421920	5665248	6291456	321184	0	0	337821	0	
9437184	9437184	3043576	3043592	6291456	776964	5310204	6291456	641320	0	0	463742	0	
9437184	9437184	3043580	3043588	6291456	387676	5699492	6291456	326440	0	0	341511	0	
9437184	9437184	3043568	3043600	6291456	777648	5309520	6291456	647056	0	0	497194	0	
9437184	9437184	3043584	3043584	6291456	422548	5664620	6291456	326408	0	0	334694	0	
9437184	9437184	3043584	3043584	6291456	426528	5660640	6291456	321296	0	0	342472	0	
9437184	9437184	3043584	3043584	6291456	761484	5325684	6291456	641308	0	0	459698	0	
9437184	9437184	3043572	3043596	6291456	389016	5698152	6291456	326448	0	0	362957	0	
9437184	9437184	3043564	3043604	6291456	765248	5321920	6291456	647188	0	0	403605	0	
9437184	9437184	3043540	3043628	6291456	396764	5690404	6291456	361124	0	0	301645	0	
9437184	9437184	3043564	3043604	6291456	397920	5689248	6291456	321308	0	0	329809	0	
9437184	9437184	3043564	3043604	6291456	761636	5325532	6291456	646960	0	0	480116	0	
9437184	9437184	3043564	3043604	6291456	393980	5693188	6291456	326384	0	0	320021	0	
9437184	9437184	3043584	3043584	6291456	732828	5354340	6291456	647076	0	0	524148	0	
9437184	9437184	3043584	3043584	6291456	541600	5545568	6291456	464332	0	0	362100	0	
9437184	9437184	3043568	3043600	6291456	413336	5673832	6291456	321308	0	0	347758	0	
9437184	9437184	3043580	3043588	6291456	773688	5313480	6291456	641520	0	0	525272	0	
9437184	9437184	3043580	3043588	6291456	406280	5680888	6291456	326364	0	0	300085	0	
9437184	9437184	3043584	3043584	6291456	734972	5352196	6291456	647092	0	0	504970	0	
9437184	9437184	3043564	3043604	6291456	517304	5569864	6291456	427984	0	0	334315	0	
9437184	9437184	3043580	3043588	6291456	391556	5695612	6291456	321320	0	0	340020	0	
9437184	9437184	3043560	3043608	6291456	714884	5372284	6291456	641720	0	0	457203	0	
9437184	9437184	3043572	3043596	6291456	385644	5701524	6291456	326548	0	0	304549	0	
9437184	9437184	3043572	3043596	6291456	394724	5692444	6291456	321196	0	0	329323	0	
9437184	9437184	3043576	3043592	6291456	776244	5310924	6291456	641308	0	0	495966	0	
9437184	9437184	3043584	3043584	6291456	387824	5699344	6291456	326376	0	0	326206	0	
9437184	9437184	3043580	3043588	6291456	765360	5321808	6291456	647096	0	0	487611	0	
9437184	9437184	3043584	3043584	6291456	407004	5680164	6291456	353964	0	0	386028	0	
9437184	9437184	3043568	3043600	6291456	417664	5669504	6291456	321392	0	0	356129	0	
9437184	9437184	3043584	3043584	6291456	769788	5317380	6291456	641308	0	0	475360	0	
9437184	9437184	3043584	3043584	6291456	394544	5692624	6291456	326384	0	0	324318	0	
9437184	9437184	3043576	3043592	6291456	781436	5305732	6291456	647088	0	0	512252	0	
9437184	9437184	3043572	3043596	6291456	453060	5634108	6291456	393500	0	0	321813	0	
9437184	9437184	3043576	3043592	6291456	368444	5718724	6291456	321268	0	0	260274	0	
9437184	9437184	3043576	3043592	6291456	722956	5364212	6291456	647068	0	0	428501	0	
9437184	9437184	3043584	3043584	6291456	389120	5698048	6291456	326384	0	0	302042	0	
9437184	9437184	3043584	3043584	6291456	390188	5696980	6291456	321260	0	0	331766	0	
9437184	9437184	3043560	3043608	6291456	766992	5320176	6291456	641336	0	0	412179	0	
9437184	9437184	3043576	3043592	6291456	397184	5689984	6291456	326388	0	0	265835	0	
9437184	9437184	3043584	3043584	6291456	727856	5359312	6291456	647056	0	0	497121	0	
9437184	9437184	3043576	3043592	6291456	443424	5643744	6291456	394444	0	0	340480	0	
9437184	9437184	3043580	3043588	6291456	362976	5724192	6291456	321264	0	0	328845	0	
9437184	9437184	3043576	3043592	6291456	763728	5323440	6291456	647176	0	0	412889	0	
9437184	9437184	3043564	3043604	6291456	396784	5690384	6291456	326460	0	0	272489	0	
9437184	9437184	3043576	3043592	6291456	400956	5686212	6291456	321164	0	0	276974	0	
9437184	9437184	3043568	3043600	6291456	710004	5377164	6291456	641316	0	0	454987	0	
9437184	9437184	3043580	3043588	6291456	384136	5703032	6291456	326376	0	0	349435	0	
9437184	9437184	3043544	3043624	6291456	716828	5370340	6291456	647096	0	0	528732	0	
9437184	9437184	3043500	3043668	6291456	509424	5577744	6291456	416960	0	0	325369	0	
9437184	9437184	3043576	3043592	6291456	403472	5683696	6291456	321272	0	0	399882	0	
9437184	9437184	3043576	3043592	6291456	771440	5315728	6291456	641404	0	0	514203	0	
9437184	9437184	3043584	3043584	6291456	382404	5704764	6291456	326364	0	0	362748	0	
9437184	9437184	3043580	3043588	6291456	762368	5324800	6291456	647056	0	0	518254	0	
9437184	9437184	3043500	3043668	6291456	508320	5578848	6291456	417080	0	0	473002	0	
9437184	9437184	3043552	3043616	6291456	396524	5690644	6291456	321244	0	0	325625	0	
9437184	9437184	3043560	3043608	6291456	768544	5318624	6291456	641372	0	0	430177	0	
9437184	9437184	3043576	3043592	6291456	421760	5665408	6291456	326388	0	0	345026	0	
9437184	9437184	3043572	3043596	6291456	714832	5372336	6291456	647056	0	0	486490	0	
9437184	9437184	3043572	3043596	6291456	512440	5574728	6291456	429928	0	0	342650	0	
9437184	9437184	3043576	3043592	6291456	396564	5690604	6291456	321268	0	0	329016	0	
9437184	9437184	3043564	3043604	6291456	715604	5371564	6291456	643548	0	0	442378	0	
9437184	9437184	3043568	3043600	6291456	421408	5665760	6291456	326460	0	0	297372	0	
9437184	9437184	3043572	3043596	6291456	726612	5360556	6291456	647068	0	0	499873	0	
9437184	9437184	3043568	3043600	6291456	549716	5537452	6291456	480920	0	0	455065	0	
9437184	9437184	3043572	3043596	6291456	405108	5682060	6291456	321284	0	0	344844	0	
9437184	9437184	3043564	3043604	6291456	733480	5353688	6291456	646980	0	0	495614	0	
9437184	9437184	3043576	3043592	6291456	393256	5693912	6291456	326376	0	0	389876	0	
9437184	9437184	3043576	3043592	6291456	385984	5701184	6291456	321176	0	0	305387	0	
9437184	9437184	3043580	3043588	6291456	766708	5320460	6291456	641308	0	0	507266	0	
9437184	9437184	3043576	3043592	6291456	417904	5669264	6291456	326448	0	0	293539	0	
9437184	9437184	3043584	3043584	6291456	767564	5319604	6291456	647092	0	0	519000	0	
9437184	9437184	3043580	3043588	6291456	424760	5662408	6291456	336064	0	0	366056	0	
9437184	9437184	3043564	3043604	6291456	379196	5707972	6291456	321284	0	0	299771	0	
9437184	9437184	3043584	3043584	6291456	762176	5324992	6291456	641308	0	0	479348	0	
9437184	9437184	3043576	3043592	6291456	369580	5717588	6291456	326408	0	0	277491	0	
9437184	9437184	3043564	3043604	6291456	784916	5302252	6291456	647172	0	0	443096	0	
9437184	9437184	3043564	3043604	6291456	474272	5612896	6291456	408736	0	0	295012	0	
9437184	9437184	3043556	3043612	6291456	386792	5700376	6291456	321264	0	0	291005	0	
9437184	9437184	3043576	3043592	6291456	764732	5322436	6291456	647060	0	0	400431	0	
9437184	9437184	3043564	3043604	6291456	418360	5668808	6291456	326396	0	0	262881	0	
9437184	9437184	3043556	3043612	6291456	772680	5314488	6291456	647172	0	0	455411	0	
9437184	9437184	3043584	3043584	6291456	466120	5621048	6291456	415248	0	0	349391	0	
9437184	9437184	3043584	3043584	6291456	393768	5693400	6291456	321380	0	0	264580	0	
9437184	9437184	3043576	3043592	6291456	784760	5302408	6291456	647080	0	0	488339	0	
9437184	9437184	3043576	3043592	6291456	393408	5693760	6291456	326420	0	0	298440	0	
9437184	9437184	3043540	3043628	6291456	772588	5314580	6291456	647348	0	0	457593	0	
9437184	9437184	3043564	3043604	6291456	508156	5579012	6291456	425120	0	0	360184	0	
9437184	9437184	3043564	3043604	6291456	403604	5683564	6291456	321256	0	0	358403	0	
9437184	9437184	3043580	3043588	6291456	721012	5366156	6291456	641508	0	0	477432	0	
9437184	9437184	3043576	3043592	6291456	386544	5700624	6291456	326400	0	0	323046	0	
9437184	9437184	3043576	3043592	6291456	394428	5692740	6291456	321176	0	0	342173	0	
9437184	9437184	3043580	3043588	6291456	721244	5365924	6291456	641316	0	0	498833	0	
9437184	9437184	3043576	3043592	6291456	416288	5670880	6291456	326376	0	0	352276	0	
9437184	9437184	3043576	3043592	6291456	779360	5307808	6291456	647132	0	0	591417	0	
9437184	9437184	3043576	3043592	6291456	417560	5669608	6291456	353956	0	0	357357	0	
9437184	9437184	3043580	3043588	6291456	376852	5710316	6291456	321256	0	0	314610	0	
9437184	9437184	3043504	3043664	6291456	762196	5324972	6291456	641628	0	0	453701	0	
9437184	9437184	3043584	3043584	6291456	381152	5706016	6291456	326548	0	0	309638	0	
9437184	9437184	3043584	3043584	6291456	719240	5367928	6291456	647944	0	0	488959	0	
9437184	9437184	3043548	3043620	6291456	541788	5545380	6291456	804332	319936	0	783020	49	
9437184	9437184	3043584	3043584	6291456	581632	5505536	6291456	979876	479640	0	705161	99	
9437184	9437184	3043544	3043624	6291456	765288	5321880	6291456	1146084	498248	0	813013	99	
9437184	9437184	3043556	3043612	6291456	396844	5690324	6291456	984748	643240	0	703750	99	
9437184	9437184	3043572	3043596	6291456	723048	5364120	6291456	988196	340116	0	756408	99	
9437184	9437184	3043488	3043680	6291456	423168	5664000	6291456	1002304	644412	0	793960	99	
9437184	9437184	3043584	3043584	6291456	700196	5386972	6291456	981276	355460	0	759546	99	
9437184	9437184	3043556	3043612	6291456	684500	5402668	6291456	1224756	623820	0	900433	99	
9437184	9437184	3043572	3043596	6291456	513024	5574144	6291456	981144	596140	0	979735	99	
9437184	9437184	3043576	3043592	6291456	771340	5315828	6291456	649308	0	0	510016	0	
9437184	9437184	3043552	3043616	6291456	708176	5378992	6291456	1245164	647344	0	901427	99	
9437184	9437184	3043580	3043588	6291456	427732	5659436	6291456	979676	593024	0	730879	99	
9437184	9437184	3043584	3043584	6291456	776280	5310888	6291456	1032472	384564	0	584481	99	
9437184	9437184	3043572	3043596	6291456	417824	5669344	6291456	984836	643340	0	655370	99	
9437184	9437184	3043580	3043588	6291456	762052	5325116	6291456	988016	340224	0	642039	99	
9437184	9437184	3043492	3043676	6291456	461620	5625548	6291456	1037900	644304	0	730595	99	
9437184	9437184	3043568	3043600	6291456	675520	5411648	6291456	981256	389332	0	624527	98	
9437184	9437184	3043556	3043612	6291456	687380	5399788	6291456	1225632	589948	0	804967	99	
9437184	9437184	3043576	3043592	6291456	394932	5692236	6291456	984056	631104	0	712507	99	
9437184	9437184	3043568	3043600	6291456	768860	5318308	6291456	1000440	351152	0	602950	99	
9437184	9437184	3043576	3043592	6291456	417688	5669480	6291456	980408	645632	0	791075	99	
9437184	9437184	3043576	3043592	6291456	767496	5319672	6291456	981188	334032	0	643682	99	
9437184	9437184	3043564	3043604	6291456	537992	5549176	6291456	1106732	645168	0	826583	99	
9437184	9437184	3043564	3043604	6291456	607300	5479868	6291456	979772	456808	0	730625	98	
9437184	9437184	3043576	3043592	6291456	762780	5324388	6291456	1169068	521000	0	706771	99	
9437184	9437184	3043576	3043592	6291456	397424	5689744	6291456	983880	643320	0	785206	99	
9437184	9437184	3043556	3043612	6291456	703960	5383208	6291456	988092	338896	0	676178	99	
9437184	9437184	3043576	3043592	6291456	409352	5677816	6291456	986272	645632	0	711987	99	
9437184	9437184	3043584	3043584	6291456	775720	5311448	6291456	981280	339096	0	825894	99	
9437184	9437184	3043580	3043588	6291456	606240	5480928	6291456	1171816	640164	0	830441	99	
9437184	9437184	3043572	3043596	6291456	535476	5551692	6291456	979712	526896	0	691708	99	
9437184	9437184	3043584	3043584	6291456	732632	5354536	6291456	1098728	450852	0	879848	99	
9437184	9437184	3043576	3043592	6291456	761292	5325876	6291456	650256	0	0	541740	0	
9437184	9437184	3043556	3043612	6291456	388356	5698812	6291456	987152	645676	0	711199	99	
9437184	9437184	3043576	3043592	6291456	726556	5360612	6291456	988048	340224	0	705072	99	
9437184	9437184	3043584	3043584	6291456	515884	5571284	6291456	1079560	644304	0	744960	99	
9437184	9437184	3043568	3043600	6291456	624572	5462596	6291456	981320	430500	0	729637	98	
9437184	9437184	3043576	3043592	6291456	768544	5318624	6291456	1196716	548800	0	833464	99	
9437184	9437184	3043584	3043584	6291456	426660	5660508	6291456	979752	643340	0	665133	99	
9437184	9437184	3043568	3043600	6291456	767484	5319684	6291456	987928	334448	0	680849	99	
9437184	9437184	3043568	3043600	6291456	391836	5695332	6291456	984716	649444	0	633323	99	
9437184	9437184	3043568	3043600	6291456	707064	5380104	6291456	981820	334344	0	797092	99	
9437184	9437184	3043564	3043604	6291456	587084	5500084	6291456	1142600	645492	0	837552	99	
9437184	9437184	3043568	3043600	6291456	574112	5513056	6291456	979808	492352	0	791083	99	
9437184	9437184	3043584	3043584	6291456	771112	5316056	6291456	1133332	485436	0	914528	99	
9437184	9437184	3043584	3043584	6291456	430808	5656360	6291456	983792	643340	0	859609	99	
9437184	9437184	3043556	3043612	6291456	720644	5366524	6291456	988224	338896	0	701549	99	
9437184	9437184	3043572	3043596	6291456	396124	5691044	6291456	980340	645632	0	675614	99	
9437184	9437184	3043576	3043592	6291456	764264	5322904	6291456	981332	334140	0	745972	99	
9437184	9437184	3043556	3043612	6291456	598540	5488628	6291456	1167812	645120	0	851299	99	
9437184	9437184	3043576	3043592	6291456	542296	5544872	6291456	979744	517936	0	728134	99	
9437184	9437184	3043572	3043596	6291456	766732	5320436	6291456	1107860	459812	0	743189	99	
9437184	9437184	3043576	3043592	6291456	397668	5689500	6291456	984776	643320	0	760836	99	
9437184	9437184	3043584	3043584	6291456	768996	5318172	6291456	988016	340116	0	854086	99	
9437184	9437184	3043576	3043592	6291456	398184	5688984	6291456	987176	644412	0	838282	99	
9437184	9437184	3043576	3043592	6291456	716672	5370496	6291456	609064	0	0	465208	0	
9437184	9437184	3043576	3043592	6291456	630408	5456760	6291456	1154940	604308	0	923041	99	
9437184	9437184	3043532	3043636	6291456	576428	5510740	6291456	1067932	547124	0	789665	99	
9437184	9437184	3043584	3043584	6291456	577096	5510072	6291456	981388	516052	0	723925	99	
9437184	9437184	3043584	3043584	6291456	778600	5308568	6291456	1111156	463348	0	718567	99	
9437184	9437184	3043572	3043596	6291456	410192	5676976	6291456	984896	643240	0	625512	99	
9437184	9437184	3043576	3043592	6291456	767500	5319668	6291456	988040	340116	0	656426	99	
9437184	9437184	3043572	3043596	6291456	403116	5684052	6291456	979100	644412	0	720703	99	
9437184	9437184	3043584	3043584	6291456	761584	5325584	6291456	981336	334140	0	793367	99	
9437184	9437184	3043580	3043588	6291456	610072	5477096	6291456	1164160	645100	0	909828	99	
9437184	9437184	3043572	3043596	6291456	547976	5539192	6291456	979744	514304	0	694384	99	
9437184	9437184	3043580	3043588	6291456	776892	5310276	6291456	1111364	463444	0	737815	99	
9437184	9437184	3043568	3043600	6291456	389200	5697968	6291456	984944	643340	0	812800	99	
9437184	9437184	3043568	3043600	6291456	761124	5326044	6291456	988024	339900	0	643296	99	
9437184	9437184	3043568	3043600	6291456	405508	5681660	6291456	979288	644628	0	776387	99	
9437184	9437184	3043584	3043584	6291456	723316	5363852	6291456	981292	334140	0	759730	99	
9437184	9437184	3043580	3043588	6291456	672748	5414420	6291456	1208320	645120	0	1001386	99	
9437184	9437184	3043572	3043596	6291456	472040	5615128	6291456	979748	558524	0	945301	99	
9437184	9437184	3043584	3043584	6291456	723752	5363416	6291456	1067124	419204	0	905363	99	
9437184	9437184	3043572	3043596	6291456	420800	5666368	6291456	984792	643340	0	766116	99	
9437184	9437184	3043584	3043584	6291456	781868	5305300	6291456	988196	340224	0	699569	99	
9437184	9437184	3043564	3043604	6291456	452416	5634752	6291456	1027548	644304	0	751154	99	
9437184	9437184	3043576	3043592	6291456	679384	5407784	6291456	981276	379436	0	979204	99	
9437184	9437184	3043560	3043608	6291456	722248	5364920	6291456	653440	0	0	527668	0	
9437184	9437184	3043580	3043588	6291456	727120	5360048	6291456	1293328	651576	0	1012975	99	
9437184	9437184	3043568	3043600	6291456	371392	5715776	6291456	977236	637172	0	558368	99	
9437184	9437184	3043576	3043592	6291456	799532	5287636	6291456	989972	338100	0	629567	99	
9437184	9437184	3043584	3043584	6291456	421320	5665848	6291456	982868	648264	0	809595	99	
9437184	9437184	3043556	3043612	6291456	768680	5318488	6291456	981164	333708	0	638812	99	
9437184	9437184	3043584	3043584	6291456	524092	5563076	6291456	1084288	645492	0	871328	99	
9437184	9437184	3043576	3043592	6291456	656024	5431144	6291456	979796	434040	0	878774	98	
9437184	9437184	3043576	3043592	6291456	761096	5326072	6291456	1190176	543748	0	656373	99	
9437184	9437184	3043584	3043584	6291456	394988	5692180	6291456	979736	641860	0	832156	99	
9437184	9437184	3043580	3043588	6291456	762068	5325100	6291456	989452	335848	0	802797	99	
9437184	9437184	3043580	3043588	6291456	441172	5645996	6291456	984764	649588	0	750610	99	
9437184	9437184	3043576	3043592	6291456	766672	5320496	6291456	981748	334280	0	740156	99	
9437184	9437184	3043568	3043600	6291456	508116	5579052	6291456	1065668	643980	0	855156	99	
9437184	9437184	3043572	3043596	6291456	681340	5405828	6291456	981256	415956	0	713168	98	
9437184	9437184	3043572	3043596	6291456	708072	5379096	6291456	1192084	563324	0	944623	99	
9437184	9437184	3043584	3043584	6291456	418080	5669088	6291456	979808	624148	0	848498	99	
9437184	9437184	3043572	3043596	6291456	802076	5285092	6291456	1007156	353660	0	810954	99	
9437184	9437184	3043576	3043592	6291456	422808	5664360	6291456	984684	649380	0	760275	99	
9437184	9437184	3043564	3043604	6291456	785380	5301788	6291456	981884	334084	0	704148	99	
9437184	9437184	3043564	3043604	6291456	455232	5631936	6291456	1031580	644304	0	693499	99	
9437184	9437184	3043564	3043604	6291456	658496	5428672	6291456	981256	383444	0	754080	99	
9437184	9437184	3043576	3043592	6291456	765676	5321492	6291456	1241536	595836	0	1100261	99	
9437184	9437184	3043564	3043604	6291456	769896	5317272	6291456	656496	0	0	563318	0	
9437184	9437184	3043556	3043612	6291456	452048	5635120	6291456	992264	651792	0	802584	99	
9437184	9437184	3043584	3043584	6291456	762600	5324568	6291456	987952	338896	0	791101	99	
9437184	9437184	3043580	3043588	6291456	391196	5695972	6291456	980312	644996	0	600891	99	
9437184	9437184	3043564	3043604	6291456	728544	5358624	6291456	981812	334344	0	791843	99	
9437184	9437184	3043556	3043612	6291456	582948	5504220	6291456	1130068	645492	0	704372	99	
9437184	9437184	3043576	3043592	6291456	585496	5501672	6291456	979780	479820	0	796527	99	
9437184	9437184	3043576	3043592	6291456	706348	5380820	6291456	1145948	497948	0	772254	99	
9437184	9437184	3043560	3043608	6291456	421824	5665344	6291456	984812	643360	0	708934	99	
9437184	9437184	3043580	3043588	6291456	763140	5324028	6291456	988112	340116	0	817053	99	
9437184	9437184	3043556	3043612	6291456	420636	5666532	6291456	979120	644412	0	632586	99	
9437184	9437184	3043584	3043584	6291456	766144	5321024	6291456	981260	334140	0	839956	99	
9437184	9437184	3043552	3043616	6291456	595356	5491812	6291456	1154572	645100	0	869084	99	
9437184	9437184	3043560	3043608	6291456	555048	5532120	6291456	979724	504716	0	793287	99	
9437184	9437184	3043556	3043612	6291456	725108	5362060	6291456	1120928	473032	0	814080	99	
9437184	9437184	3043580	3043588	6291456	386604	5700564	6291456	984772	643340	0	707819	99	
9437184	9437184	3043556	3043612	6291456	713696	5373472	6291456	988044	340116	0	750785	99	
9437184	9437184	3043580	3043588	6291456	434100	5653068	6291456	1043848	644412	0	774159	99	
9437184	9437184	3043584	3043584	6291456	677704	5409464	6291456	981360	394720	0	871929	98	
9437184	9437184	3043576	3043592	6291456	792332	5294836	6291456	1231176	584600	0	899807	99	
9437184	9437184	3043576	3043592	6291456	399424	5687744	6291456	979696	642020	0	620894	99	
9437184	9437184	3043560	3043608	6291456	727876	5359292	6291456	983664	335648	0	638319	99	
9437184	9437184	3043580	3043588	6291456	425608	5661560	6291456	984772	643448	0	853548	99	
9437184	9437184	3043576	3043592	6291456	705200	5381968	6291456	635220	0	0	452132	0	
9437184	9437184	3043564	3043604	6291456	709524	5377644	6291456	1281568	634500	0	933181	99	
9437184	9437184	3043428	3043740	6291456	402456	5684712	6291456	980004	643548	0	620800	99	
9437184	9437184	3043584	3043584	6291456	726444	5360724	6291456	981268	335596	0	665878	99	
9437184	9437184	3043336	3043832	6291456	642812	5444356	6291456	1207740	643664	0	755400	99	
9437184	9437184	3043584	3043584	6291456	548108	5539060	6291456	979816	559060	0	675916	99	
9437184	9437184	3043584	3043584	6291456	762968	5324200	6291456	1066736	418768	0	721067	99	
9437184	9437184	3043580	3043588	6291456	400848	5686320	6291456	984708	643240	0	669679	99	
9437184	9437184	3043584	3043584	6291456	769440	5317728	6291456	988016	340116	0	814094	99	
9437184	9437184	3043568	3043600	6291456	430968	5656200	6291456	994804	644412	0	830833	99	
9437184	9437184	3043568	3043600	6291456	766320	5320848	6291456	981256	348576	0	891375	99	
9437184	9437184	3043584	3043584	6291456	618276	5468892	6291456	1164776	630684	0	950470	99	
9437184	9437184	3043560	3043608	6291456	543692	5543476	6291456	979860	529336	0	676888	99	
9437184	9437184	3043576	3043592	6291456	724244	5362924	6291456	1096300	448412	0	747078	99	
9437184	9437184	3043564	3043604	6291456	418864	5668304	6291456	984752	643320	0	877539	99	
9437184	9437184	3043584	3043584	6291456	761244	5325924	6291456	988004	340116	0	742124	99	
9437184	9437184	3043560	3043608	6291456	418860	5668308	6291456	1001684	644412	0	868779	99	
9437184	9437184	3043580	3043588	6291456	765288	5321880	6291456	981244	354896	0	776416	99	
9437184	9437184	3043568	3043600	6291456	641780	5445388	6291456	1179796	624384	0	865556	99	
9437184	9437184	3043556	3043612	6291456	516936	5570232	6291456	979840	550656	0	789694	99	
9437184	9437184	3043576	3043592	6291456	767940	5319228	6291456	1074972	427072	0	716986	99	
9437184	9437184	3043580	3043588	6291456	394988	5692180	6291456	984764	643320	0	849001	99	
9437184	9437184	3043576	3043592	6291456	707004	5380164	6291456	988176	340116	0	807241	99	
9437184	9437184	3043576	3043592	6291456	777724	5309444	6291456	653800	0	0	452906	0	
9437184	9437184	3043564	3043604	6291456	509624	5577544	6291456	1053592	650304	0	905699	99	
9437184	9437184	3043568	3043600	6291456	694088	5393080	6291456	981256	398204	0	672296	98	
9437184	9437184	3043568	3043600	6291456	678436	5408732	6291456	1170324	581056	0	889838	99	
9437184	9437184	3043584	3043584	6291456	510972	5576196	6291456	979788	584472	0	762400	99	
9437184	9437184	3043560	3043608	6291456	764452	5322716	6291456	1041260	393276	0	793292	99	
9437184	9437184	3043564	3043604	6291456	378380	5708788	6291456	984796	643320	0	622904	99	
9437184	9437184	3043584	3043584	6291456	762768	5324400	6291456	988004	340116	0	654306	99	
9437184	9437184	3043556	3043612	6291456	461556	5625612	6291456	1030776	644412	0	765607	99	
9437184	9437184	3043580	3043588	6291456	683732	5403436	6291456	981308	382360	0	743674	98	
9437184	9437184	3043584	3043584	6291456	761444	5325724	6291456	1218944	596920	0	812251	99	
9437184	9437184	3043564	3043604	6291456	419836	5667332	6291456	979652	617444	0	699043	99	
9437184	9437184	3043568	3043600	6291456	710288	5376880	6291456	1008352	360244	0	784605	99	
9437184	9437184	3043572	3043596	6291456	403388	5683780	6291456	984888	643360	0	775157	99	
9437184	9437184	3043548	3043620	6291456	763232	5323936	6291456	988124	340548	0	744016	99	
9437184	9437184	3043492	3043676	6291456	469472	5617696	6291456	1072160	644088	0	840289	99	
9437184	9437184	3043576	3043592	6291456	648036	5439132	6291456	981280	423028	0	862694	98	
9437184	9437184	3043584	3043584	6291456	726320	5360848	6291456	1204084	556264	0	839956	99	
9437184	9437184	3043584	3043584	6291456	419548	5667620	6291456	983680	643240	0	883178	99	
9437184	9437184	3043580	3043588	6291456	762768	5324400	6291456	988004	338896	0	714037	99	
9437184	9437184	3043576	3043592	6291456	397372	5689796	6291456	980224	645632	0	685590	99	
9437184	9437184	3043564	3043604	6291456	771264	5315904	6291456	981280	334032	0	743361	99	
9437184	9437184	3043580	3043588	6291456	609416	5477752	6291456	1142660	645208	0	982111	99	
9437184	9437184	3043568	3043600	6291456	705232	5381936	6291456	628792	0	0	513493	0	
9437184	9437184	3043572	3043596	6291456	453412	5633756	6291456	989668	624212	0	863383	99	
9437184	9437184	3043584	3043584	6291456	732836	5354332	6291456	1011348	363448	0	785522	99	
9437184	9437184	3043580	3043588	6291456	385100	5702068	6291456	984912	643320	0	718169	99	
9437184	9437184	3043568	3043600	6291456	714412	5372756	6291456	988296	340440	0	641631	99	
9437184	9437184	3043584	3043584	6291456	554240	5532928	6291456	1129352	645600	0	768057	99	
9437184	9437184	3043580	3043588	6291456	573648	5513520	6291456	979836	478996	0	616250	99	
9437184	9437184	3043572	3043596	6291456	723528	5363640	6291456	1146708	498812	0	748223	99	
9437184	9437184	3043576	3043592	6291456	418732	5668436	6291456	986444	643320	0	740555	99	
9437184	9437184	3043556	3043612	6291456	722532	5364636	6291456	989664	341808	0	768431	99	
9437184	9437184	3043560	3043608	6291456	434400	5652768	6291456	1012484	644380	0	794296	99	
9437184	9437184	3043564	3043604	6291456	729076	5358092	6291456	981196	365276	0	740134	99	
9437184	9437184	3043556	3043612	6291456	683024	5404144	6291456	1191452	613956	0	811202	99	
9437184	9437184	3043572	3043596	6291456	508488	5578680	6291456	979700	572816	0	809727	99	
9437184	9437184	3043584	3043584	6291456	718720	5368448	6291456	1052732	404844	0	945255	99	
9437184	9437184	3043580	3043588	6291456	424440	5662728	6291456	984736	643308	0	827122	99	
9437184	9437184	3043576	3043592	6291456	767680	5319488	6291456	988000	340100	0	832148	99	
9437184	9437184	3043564	3043604	6291456	420456	5666712	6291456	1019088	644380	0	920001	99	
9437184	9437184	3043568	3043600	6291456	712560	5374608	6291456	981272	371532	0	855474	99	
9437184	9437184	3043544	3043624	6291456	704928	5382240	6291456	1225248	607720	0	750481	99	
9437184	9437184	3043568	3043600	6291456	426608	5660560	6291456	979668	612948	0	710145	99	
9437184	9437184	3043576	3043592	6291456	796988	5290180	6291456	1012768	364712	0	634523	99	
9437184	9437184	3043572	3043596	6291456	408904	5678264	6291456	984704	643504	0	1005651	99	
9437184	9437184	3043580	3043588	6291456	772360	5314808	6291456	652344	0	0	550032	0	
9437184	9437184	3043564	3043604	6291456	710036	5377132	6291456	1293140	651436	0	827484	99	
9437184	9437184	3043564	3043604	6291456	414204	5672964	6291456	978620	637108	0	809575	99	
9437184	9437184	3043576	3043592	6291456	778580	5308588	6291456	987968	340532	0	714309	99	
9437184	9437184	3043500	3043668	6291456	512968	5574200	6291456	1059232	643948	0	621484	99	
9437184	9437184	3043584	3043584	6291456	656364	5430804	6291456	981196	409868	0	886345	98	
9437184	9437184	3043556	3043612	6291456	762552	5324616	6291456	1205672	569364	0	938350	99	
9437184	9437184	3043568	3043600	6291456	411300	5675868	6291456	979664	631728	0	704185	99	
9437184	9437184	3043584	3043584	6291456	768208	5318960	6291456	993808	345932	0	584599	99	
9437184	9437184	3043580	3043588	6291456	418452	5668716	6291456	984748	643308	0	793902	99	
9437184	9437184	3043544	3043624	6291456	729932	5357236	6291456	988012	340208	0	777507	99	
9437184	9437184	3043524	3043644	6291456	517392	5569776	6291456	1068088	644272	0	1008713	99	
9437184	9437184	3043560	3043608	6291456	675208	5411960	6291456	981240	418408	0	651331	98	
9437184	9437184	3043572	3043596	6291456	761744	5325424	6291456	1191944	560824	0	932516	99	
9437184	9437184	3043584	3043584	6291456	426628	5660540	6291456	979636	626520	0	863478	99	
9437184	9437184	3043580	3043588	6291456	767964	5319204	6291456	999004	351120	0	893323	99	
9437184	9437184	3043572	3043596	6291456	421576	5665592	6291456	984968	643328	0	767586	99	
9437184	9437184	3043584	3043584	6291456	783732	5303436	6291456	987992	340208	0	892213	99	
9437184	9437184	3043564	3043604	6291456	450420	5636748	6291456	1017564	644272	0	957211	99	
9437184	9437184	3043584	3043584	6291456	692752	5394416	6291456	981208	370248	0	664664	99	
9437184	9437184	3043564	3043604	6291456	704196	5382972	6291456	1214132	608984	0	974703	99	
9437184	9437184	3043556	3043612	6291456	461524	5625644	6291456	979644	600568	0	822029	99	
9437184	9437184	3043568	3043600	6291456	761460	5325708	6291456	1024976	377112	0	824338	99	
9437184	9437184	3043584	3043584	6291456	772132	5315036	6291456	650144	0	0	470434	0	
9437184	9437184	3043568	3043600	6291456	419956	5667212	6291456	987100	645588	0	649086	99	
9437184	9437184	3043580	3043588	6291456	719512	5367656	6291456	987968	340208	0	653085	99	
9437184	9437184	3043556	3043612	6291456	510764	5576404	6291456	1063132	644272	0	816156	99	
9437184	9437184	3043572	3043596	6291456	652764	5434404	6291456	981216	413432	0	701769	98	
9437184	9437184	3043548	3043620	6291456	707528	5379640	6291456	1210168	565800	0	852910	99	
9437184	9437184	3043564	3043604	6291456	388736	5698432	6291456	983900	639768	0	613034	99	
9437184	9437184	3043584	3043584	6291456	762980	5324188	6291456	991716	342156	0	824837	99	
9437184	9437184	3043576	3043592	6291456	417236	5669932	6291456	980492	645884	0	726579	99	
9437184	9437184	3043572	3043596	6291456	764040	5323128	6291456	981200	334016	0	801618	99	
9437184	9437184	3043572	3043596	6291456	544228	5542940	6291456	1116100	645156	0	762905	99	
9437184	9437184	3043580	3043588	6291456	591392	5495776	6291456	979736	466192	0	748629	98	
9437184	9437184	3043584	3043584	6291456	769760	5317408	6291456	1159416	511548	0	923433	99	
9437184	9437184	3043580	3043588	6291456	394928	5692240	6291456	983724	643288	0	900175	99	
9437184	9437184	3043576	3043592	6291456	769776	5317392	6291456	987980	338880	0	747457	99	
9437184	9437184	3043576	3043592	6291456	387304	5699864	6291456	980200	645600	0	827477	99	
9437184	9437184	3043580	3043588	6291456	790844	5296324	6291456	981176	334016	0	720541	99	
9437184	9437184	3043572	3043596	6291456	568064	5519104	6291456	1140856	645196	0	860915	99	
9437184	9437184	3043584	3043584	6291456	572872	5514296	6291456	979720	490928	0	819167	99	
9437184	9437184	3043584	3043584	6291456	771576	5315592	6291456	1134636	486772	0	865218	99	
9437184	9437184	3043564	3043604	6291456	427176	5659992	6291456	984704	643288	0	802334	99	
9437184	9437184	3043564	3043604	6291456	720996	5366172	6291456	988056	339884	0	734503	99	
9437184	9437184	3043580	3043588	6291456	402344	5684824	6291456	979204	644596	0	795440	99	
9437184	9437184	3043532	3043636	6291456	707928	5379240	6291456	612996	0	0	455674	0	
9437184	9437184	3043576	3043592	6291456	679148	5408020	6291456	1168324	607328	0	781704	99	
9437184	9437184	3043576	3043592	6291456	572860	5514308	6291456	1029460	557432	0	876600	99	
9437184	9437184	3043584	3043584	6291456	611800	5475368	6291456	981272	467296	0	799258	98	
9437184	9437184	3043580	3043588	6291456	761536	5325632	6291456	1159840	511936	0	827728	99	
9437184	9437184	3043536	3043632	6291456	418404	5668764	6291456	982680	643328	0	858079	99	
9437184	9437184	3043576	3043592	6291456	762076	5325092	6291456	987956	337356	0	721945	99	
9437184	9437184	3043580	3043588	6291456	387076	5700092	6291456	981712	646584	0	754425	99	
9437184	9437184	3043560	3043608	6291456	761956	5325212	6291456	981676	334232	0	618749	99	
9437184	9437184	3043572	3043596	6291456	556656	5530512	6291456	1116108	645480	0	675041	99	
9437184	9437184	3043584	3043584	6291456	600336	5486832	6291456	979828	465896	0	708607	98	
9437184	9437184	3043572	3043596	6291456	778860	5308308	6291456	1159836	511824	0	951734	99	
9437184	9437184	3043572	3043596	6291456	379448	5707720	6291456	983816	643308	0	748335	99	
9437184	9437184	3043576	3043592	6291456	761312	5325856	6291456	988056	338880	0	810248	99	
9437184	9437184	3043576	3043592	6291456	403900	5683268	6291456	980176	645600	0	867700	99	
9437184	9437184	3043584	3043584	6291456	765708	5321460	6291456	981200	334016	0	805110	99	
9437184	9437184	3043548	3043620	6291456	575328	5511840	6291456	1142352	645176	0	791814	99	
9437184	9437184	3043556	3043612	6291456	591332	5495836	6291456	979832	492444	0	887069	99	
9437184	9437184	3043584	3043584	6291456	769972	5317196	6291456	1133132	485276	0	822269	99	
9437184	9437184	3043584	3043584	6291456	419416	5667752	6291456	983736	643288	0	808633	99	
9437184	9437184	3043548	3043620	6291456	767644	5319524	6291456	988288	338880	0	806784	99	
9437184	9437184	3043552	3043616	6291456	423196	5663972	6291456	980196	645600	0	784511	99	
9437184	9437184	3043560	3043608	6291456	776256	5310912	6291456	981240	334016	0	755339	99	
9437184	9437184	3043576	3043592	6291456	766584	5320584	6291456	649264	0	0	553848	0	
9437184	9437184	3043584	3043584	6291456	671712	5415456	6291456	1228652	647300	0	963528	99	
9437184	9437184	3043576	3043592	6291456	511092	5576076	6291456	979604	576672	0	715400	99	
9437184	9437184	3043580	3043588	6291456	765680	5321488	6291456	1048844	400968	0	819262	99	
9437184	9437184	3043564	3043604	6291456	422348	5664820	6291456	984768	643288	0	705034	99	
9437184	9437184	3043576	3043592	6291456	733256	5353912	6291456	987980	340100	0	808822	99	
9437184	9437184	3043544	3043624	6291456	423968	5663200	6291456	1020724	644380	0	756467	99	
9437184	9437184	3043580	3043588	6291456	720916	5366252	6291456	981272	372988	0	845309	99	
9437184	9437184	3043576	3043592	6291456	704196	5382972	6291456	1214000	606264	0	794638	99	
9437184	9437184	3043568	3043600	6291456	458200	5628968	6291456	979668	603156	0	896516	99	
9437184	9437184	3043584	3043584	6291456	786428	5300740	6291456	1022368	374504	0	711160	99	
9437184	9437184	3043576	3043592	6291456	386476	5700692	6291456	984704	643288	0	770247	99	
9437184	9437184	3043580	3043588	6291456	729164	5358004	6291456	987976	340100	0	713517	99	
9437184	9437184	3043528	3043640	6291456	524188	5562980	6291456	1064860	644380	0	773209	99	
9437184	9437184	3043572	3043596	6291456	673912	5413256	6291456	981232	414920	0	697224	98	
9437184	9437184	3043568	3043600	6291456	704340	5382828	6291456	1185260	564292	0	926838	99	
9437184	9437184	3043580	3043588	6291456	419172	5667996	6291456	979756	616388	0	753185	99	
9437184	9437184	3043572	3043596	6291456	798636	5288532	6291456	1011820	361392	0	732651	99	
9437184	9437184	3043580	3043588	6291456	418440	5668728	6291456	984636	646332	0	937501	99	
9437184	9437184	3043568	3043600	6291456	768108	5319060	6291456	984852	337084	0	614648	99	
