b_initial_y_size_0	b_max_y_size_1	b_used_2	b_available_3	b_committed_4	a_used_5	a_available_6	a_committed_7	a_survived_8	a_promoted_9	a_copied_10	a_time_in_ns_11	promotion_rate_12
11010048	11010048	3550844	3550852	7340032	98688	7003008	7340032	378820	369284	0	550102	99	
11010048	11010048	3550848	3550848	7340032	34964	7066732	7340032	13072	9452	0	108590	99	
11010048	11010048	3550848	3550848	7340032	1776	7099920	7340032	5076	3300	0	88928	91	
11010048	11010048	3550840	3550856	7340032	32944	7068752	7340032	2260	1464	0	73759	82	
11010048	11010048	3550840	3550856	7340032	40556	7061140	7340032	13628	256	0	165764	32	
11010048	11010048	3550848	3550848	7340032	34740	7066956	7340032	17032	11916	0	125495	89	
11010048	11010048	3550848	3550848	7340032	11500	7090196	7340032	14896	3396	0	88409	66	
11010048	11010048	3550848	3550848	7340032	1700	7099996	7340032	12520	10820	0	133006	94	
11010048	11010048	3550844	3550852	7340032	37020	7064676	7340032	11368	1032	0	137293	60	
11010048	11010048	3550848	3550848	7340032	32980	7068716	7340032	17680	9692	0	92109	93	
11010048	11010048	3550848	3550848	7340032	1756	7099940	7340032	9684	7928	0	116072	99	
11010048	11010048	3550848	3550848	7340032	33028	7068668	7340032	2400	1528	0	77855	87	
11010048	11010048	3550848	3550848	7340032	1316	7100380	7340032	1532	216	0	73415	24	
11010048	11010048	3550848	3550848	7340032	33244	7068452	7340032	4568	648	0	92143	49	
11010048	11010048	3550840	3550856	7340032	395664	6706032	7340032	323760	3184	0	381568	81	
11010048	11010048	3550844	3550852	7340032	65752	7035944	7340032	327656	316548	0	572274	98	
11010048	11010048	3550840	3550856	7340032	289764	6811932	7340032	255276	8076	0	314675	72	
11010048	11010048	3550844	3550852	7340032	160384	6941312	7340032	338812	242436	0	705406	98	
11010048	11010048	3550844	3550852	7340032	15484	7086212	7340032	108880	93396	0	274841	96	
11010048	11010048	3550848	3550848	7340032	398840	6702856	7340032	331044	14024	0	521611	90	
11010048	11010048	3550840	3550856	7340032	38832	7062864	7340032	328256	312440	0	391120	98	
11010048	11010048	3550840	3550856	7340032	770076	6331620	7340032	662092	13864	0	589622	87	
11010048	11010048	3550824	3550872	7340032	385576	6716120	7340032	333652	7868	0	293720	1	
11010048	11010048	3550836	3550860	7340032	711088	6390608	7340032	646728	4492	0	560397	1	
11010048	11010048	3550844	3550852	7340032	398828	6702868	7340032	330564	768	0	361672	0	
11010048	11010048	3550832	3550864	7340032	797444	6304252	7340032	653908	4296	0	440841	1	
11010048	11010048	3550832	3550864	7340032	419840	6681856	7340032	357844	2556	0	402090	0	
11010048	11010048	3550844	3550852	7340032	393264	6708432	7340032	327748	2136	0	524363	0	
11010048	11010048	3550812	3550884	7340032	422596	6679100	7340032	328200	240	0	283962	0	
11010048	11010048	3550848	3550848	7340032	774972	6326724	7340032	658220	6544	0	434622	1	
11010048	11010048	3550844	3550852	7340032	725244	6376452	7340032	645912	4596	0	432530	0	
11010048	11010048	3550840	3550856	7340032	508352	6593344	7340032	411432	0	0	306087	0	
11010048	11010048	3550844	3550852	7340032	420564	6681132	7340032	346596	0	0	245390	0	
11010048	11010048	3550824	3550872	7340032	425840	6675856	7340032	331836	196	0	349051	0	
11010048	11010048	3550840	3550856	7340032	402180	6699516	7340032	328820	276	0	330436	0	
11010048	11010048	3550832	3550864	7340032	420224	6681472	7340032	328456	2092	0	396738	0	
11010048	11010048	3550832	3550864	7340032	407692	6694004	7340032	327724	0	0	263222	0	
11010048	11010048	3550820	3550876	7340032	417632	6684064	7340032	328528	1340	0	259008	0	
11010048	11010048	3550832	3550864	7340032	391172	6710524	7340032	336352	824	0	299996	0	
11010048	11010048	3550764	3550932	7340032	433004	6668692	7340032	366548	0	0	330624	0	
11010048	11010048	3550840	3550856	7340032	464000	6637696	7340032	370100	0	0	302343	0	
11010048	11010048	3550844	3550852	7340032	429236	6672460	7340032	353204	0	0	314002	0	
11010048	11010048	3550824	3550872	7340032	415076	6686620	7340032	359236	0	0	320892	0	
11010048	11010048	3550804	3550892	7340032	435628	6666068	7340032	374684	0	0	298809	0	
11010048	11010048	3550848	3550848	7340032	422268	6679428	7340032	376888	0	0	394456	0	
11010048	11010048	3550816	3550880	7340032	469620	6632076	7340032	387492	1132	0	372801	0	
11010048	11010048	3550836	3550860	7340032	422800	6678896	7340032	366048	0	0	331316	0	
11010048	11010048	3550808	3550888	7340032	436700	6664996	7340032	376360	288	0	476604	0	
11010048	11010048	3550840	3550856	7340032	453036	6648660	7340032	376304	0	0	305483	0	
11010048	11010048	3550848	3550848	7340032	452504	6649192	7340032	366816	0	0	296887	0	
11010048	11010048	3550828	3550868	7340032	424668	6677028	7340032	363448	0	0	364827	0	
11010048	11010048	3550808	3550888	7340032	470328	6631368	7340032	380788	1248	0	409302	0	
11010048	11010048	3550824	3550872	7340032	427780	6673916	7340032	367396	1904	0	411009	0	
11010048	11010048	3550828	3550868	7340032	507520	6594176	7340032	381808	0	0	299757	0	
11010048	11010048	3550832	3550864	7340032	389296	6712400	7340032	344592	0	0	342557	0	
11010048	11010048	3550824	3550872	7340032	430836	6670860	7340032	386816	0	0	310159	0	
11010048	11010048	3550836	3550860	7340032	461792	6639904	7340032	400760	0	0	381882	0	
11010048	11010048	3550836	3550860	7340032	508664	6593032	7340032	394520	56	0	344544	0	
11010048	11010048	3550824	3550872	7340032	458696	6643000	7340032	356528	0	0	313894	0	
11010048	11010048	3550820	3550876	7340032	431036	6670660	7340032	352388	0	0	313822	0	
11010048	11010048	3550832	3550864	7340032	430048	6671648	7340032	366480	0	0	371770	0	
11010048	11010048	3550836	3550860	7340032	463212	6638484	7340032	381024	0	0	306451	0	
11010048	11010048	3550760	3550936	7340032	460848	6640848	7340032	373592	0	0	304522	0	
11010048	11010048	3550840	3550856	7340032	434048	6667648	7340032	367976	0	0	288279	0	
11010048	11010048	3550848	3550848	7340032	409836	6691860	7340032	380144	0	0	290860	0	
11010048	11010048	3550836	3550860	7340032	455692	6646004	7340032	408308	0	0	387789	0	
11010048	11010048	3550844	3550852	7340032	469020	6632676	7340032	406148	28	0	419939	0	
11010048	11010048	3550800	3550896	7340032	508944	6592752	7340032	394744	0	0	306267	0	
11010048	11010048	3550848	3550848	7340032	393932	6707764	7340032	357092	0	0	430007	0	
11010048	11010048	3550820	3550876	7340032	517936	6583760	7340032	395912	564	0	343073	0	
11010048	11010048	3550812	3550884	7340032	430620	6671076	7340032	351464	0	0	315623	0	
11010048	11010048	3550808	3550888	7340032	422640	6679056	7340032	365864	0	0	329814	0	
11010048	11010048	3550836	3550860	7340032	452520	6649176	7340032	385184	0	0	296899	0	
11010048	11010048	3550848	3550848	7340032	457300	6644396	7340032	384872	0	0	302463	0	
11010048	11010048	3550844	3550852	7340032	453456	6648240	7340032	381364	0	0	291982	0	
11010048	11010048	3550848	3550848	7340032	455024	6646672	7340032	380556	0	0	297750	0	
11010048	11010048	3550820	3550876	7340032	452352	6649344	7340032	378468	0	0	310065	0	
11010048	11010048	3550784	3550912	7340032	437972	6663724	7340032	378516	0	0	311261	0	
11010048	11010048	3550820	3550876	7340032	452628	6649068	7340032	387896	0	0	297342	0	
11010048	11010048	3550848	3550848	7340032	438568	6663128	7340032	387724	0	0	341797	0	
11010048	11010048	3550832	3550864	7340032	452348	6649348	7340032	396688	0	0	447681	0	
11010048	11010048	3550836	3550860	7340032	450464	6651232	7340032	396620	0	0	327891	0	
11010048	11010048	3550816	3550880	7340032	516336	6585360	7340032	397892	0	0	361762	0	
11010048	11010048	3550788	3550908	7340032	424384	6677312	7340032	354908	0	0	376548	0	
11010048	11010048	3550696	3551000	7340032	459032	6642664	7340032	373452	0	0	398845	0	
11010048	11010048	3550796	3550900	7340032	454020	6647676	7340032	368868	0	0	306612	0	
11010048	11010048	3550828	3550868	7340032	456904	6644792	7340032	367468	0	0	332594	0	
11010048	11010048	3550844	3550852	7340032	426816	6674880	7340032	364476	0	0	340164	0	
11010048	11010048	3550844	3550852	7340032	438408	6663288	7340032	381364	0	0	361032	0	
11010048	11010048	3550848	3550848	7340032	438068	6663628	7340032	390576	0	0	315674	0	
11010048	11010048	3550820	3550876	7340032	434696	6667000	7340032	400120	0	0	298697	0	
11010048	11010048	3550828	3550868	7340032	528660	6573036	7340032	411748	0	0	433587	0	
11010048	11010048	3550820	3550876	7340032	462108	6639588	7340032	360772	0	0	307872	0	
11010048	11010048	3550844	3550852	7340032	421600	6680096	7340032	354092	0	0	307960	0	
11010048	11010048	3550804	3550892	7340032	431336	6670360	7340032	374520	0	0	438113	0	
11010048	11010048	3550728	3550968	7340032	454152	6647544	7340032	388584	0	0	294114	0	
11010048	11010048	3550812	3550884	7340032	454956	6646740	7340032	386908	0	0	361700	0	
11010048	11010048	3550836	3550860	7340032	451368	6650328	7340032	385184	0	0	292705	0	
11010048	11010048	3550836	3550860	7340032	418396	6683300	7340032	385184	0	0	380466	0	
11010048	11010048	3550772	3550924	7340032	457292	6644404	7340032	408052	0	0	392029	0	
11010048	11010048	3550844	3550852	7340032	517204	6584492	7340032	404572	900	0	374043	0	
11010048	11010048	3550824	3550872	7340032	420212	6681484	7340032	360428	0	0	315730	0	
11010048	11010048	3550696	3551000	7340032	454788	6646908	7340032	381892	0	0	323547	0	
11010048	11010048	3550840	3550856	7340032	451616	6650080	7340032	380156	0	0	302545	0	
11010048	11010048	3550836	3550860	7340032	431608	6670088	7340032	380756	0	0	327230	0	
11010048	11010048	3550832	3550864	7340032	508856	6592840	7340032	394812	0	0	332434	0	
11010048	11010048	3550820	3550876	7340032	429192	6672504	7340032	357160	108	0	412175	0	
11010048	11010048	3550844	3550852	7340032	434844	6666852	7340032	372640	0	0	312042	0	
11010048	11010048	3550844	3550852	7340032	470168	6631528	7340032	384476	0	0	290247	0	
11010048	11010048	3550840	3550856	7340032	451296	6650400	7340032	372704	0	0	303748	0	
11010048	11010048	3550828	3550868	7340032	407248	6694448	7340032	373452	0	0	434037	0	
11010048	11010048	3550844	3550852	7340032	450752	6650944	7340032	403672	0	0	304665	0	
11010048	11010048	3550796	3550900	7340032	516400	6585296	7340032	404776	0	0	313448	0	
11010048	11010048	3550836	3550860	7340032	425524	6676172	7340032	361916	0	0	329089	0	
11010048	11010048	3550828	3550868	7340032	457860	6643836	7340032	379908	0	0	297335	0	
11010048	11010048	3550816	3550880	7340032	451568	6650128	7340032	375960	0	0	331479	0	
11010048	11010048	3550788	3550908	7340032	462048	6639648	7340032	376768	0	0	318648	0	
11010048	11010048	3550824	3550872	7340032	412960	6688736	7340032	370068	0	0	398438	0	
11010048	11010048	3550836	3550860	7340032	461196	6640500	7340032	396536	0	0	374581	0	
11010048	11010048	3550824	3550872	7340032	460772	6640924	7340032	390744	0	0	397467	0	
11010048	11010048	3550840	3550856	7340032	455888	6645808	7340032	385828	420	0	349091	0	
11010048	11010048	3550772	3550924	7340032	459168	6642528	7340032	383720	0	0	341884	0	
11010048	11010048	3550816	3550880	7340032	456420	6645276	7340032	379952	0	0	382975	0	
11010048	11010048	3550828	3550868	7340032	436440	6665256	7340032	377648	0	0	312622	0	
11010048	11010048	3550836	3550860	7340032	445488	6656208	7340032	389040	0	0	301759	0	
11010048	11010048	3550840	3550856	7340032	460868	6640828	7340032	394444	0	0	352544	0	
11010048	11010048	3550836	3550860	7340032	429700	6671996	7340032	389400	0	0	333855	0	
11010048	11010048	3550836	3550860	7340032	453660	6648036	7340032	405040	0	0	293509	0	
11010048	11010048	3550844	3550852	7340032	465456	6636240	7340032	404720	0	0	318059	0	
11010048	11010048	3550844	3550852	7340032	455436	6646260	7340032	396832	0	0	394500	0	
11010048	11010048	3550788	3550908	7340032	430432	6671264	7340032	395396	0	0	329368	0	
11010048	11010048	3550844	3550852	7340032	520964	6580732	7340032	410464	0	0	320047	0	
11010048	11010048	3550800	3550896	7340032	425716	6675980	7340032	365492	0	0	343609	0	
11010048	11010048	3550772	3550924	7340032	436708	6664988	7340032	383720	0	0	317907	0	
11010048	11010048	3550844	3550852	7340032	471432	6630264	7340032	394912	0	0	368042	0	
11010048	11010048	3550816	3550880	7340032	432080	6669616	7340032	382776	0	0	302955	0	
11010048	11010048	3550760	3550936	7340032	450536	6651160	7340032	397084	0	0	347279	0	
11010048	11010048	3550848	3550848	7340032	518580	6583116	7340032	398724	0	0	352422	0	
11010048	11010048	3550788	3550908	7340032	427000	6674696	7340032	355364	0	0	357642	0	
11010048	11010048	3550824	3550872	7340032	452508	6649188	7340032	372648	0	0	312151	0	
11010048	11010048	3550800	3550896	7340032	418524	6683172	7340032	373392	0	0	322695	0	
11010048	11010048	3550848	3550848	7340032	440312	6661384	7340032	396464	0	0	307774	0	
11010048	11010048	3550824	3550872	7340032	466076	6635620	7340032	405272	0	0	360546	0	
11010048	11010048	3550824	3550872	7340032	452016	6649680	7340032	396788	0	0	360710	0	
11010048	11010048	3550824	3550872	7340032	476224	6625472	7340032	397680	0	0	330465	0	
11010048	11010048	3550844	3550852	7340032	430080	6671616	7340032	382288	0	0	380125	0	
11010048	11010048	3550836	3550860	7340032	456532	6645164	7340032	397936	0	0	304507	0	
11010048	11010048	3550832	3550864	7340032	455968	6645728	7340032	395684	0	0	306273	0	
11010048	11010048	3550772	3550924	7340032	455436	6646260	7340032	393848	0	0	330032	0	
11010048	11010048	3550840	3550856	7340032	453160	6648536	7340032	392572	0	0	320587	0	
11010048	11010048	3550820	3550876	7340032	460780	6640916	7340032	392756	0	0	301337	0	
11010048	11010048	3550836	3550860	7340032	450912	6650784	7340032	387808	0	0	296339	0	
11010048	11010048	3550824	3550872	7340032	441572	6660124	7340032	389380	0	0	438998	0	
11010048	11010048	3550828	3550868	7340032	455344	6646352	7340032	397012	0	0	314872	0	
11010048	11010048	3550832	3550864	7340032	433368	6668328	7340032	395792	0	0	295996	0	
11010048	11010048	3550844	3550852	7340032	512244	6589452	7340032	409008	0	0	310469	0	
11010048	11010048	3550820	3550876	7340032	458332	6643364	7340032	369824	0	0	338426	0	
11010048	11010048	3550848	3550848	7340032	419936	6681760	7340032	366524	0	0	315490	0	
11010048	11010048	3550684	3551012	7340032	422752	6678944	7340032	388644	0	0	435975	0	
11010048	11010048	3550836	3550860	7340032	508392	6593304	7340032	408892	0	0	379982	0	
11010048	11010048	3550828	3550868	7340032	454400	6647296	7340032	372160	0	0	345861	0	
11010048	11010048	3550836	3550860	7340032	433156	6668540	7340032	371512	0	0	383643	0	
11010048	11010048	3550848	3550848	7340032	453344	6648352	7340032	385016	0	0	315318	0	
11010048	11010048	3550824	3550872	7340032	450924	6650772	7340032	385060	0	0	330562	0	
11010048	11010048	3550816	3550880	7340032	427876	6673820	7340032	386616	0	0	388256	0	
11010048	11010048	3550844	3550852	7340032	467036	6634660	7340032	403696	0	0	343247	0	
11010048	11010048	3550812	3550884	7340032	453488	6648208	7340032	394516	0	0	339771	0	
11010048	11010048	3550840	3550856	7340032	526396	6575300	7340032	394444	0	0	436217	0	
11010048	11010048	3550828	3550868	7340032	409364	6692332	7340032	345460	0	0	359443	0	
11010048	11010048	3550840	3550856	7340032	463252	6638444	7340032	375080	0	0	330548	0	
11010048	11010048	3550848	3550848	7340032	418568	6683128	7340032	368264	0	0	480079	0	
11010048	11010048	3550808	3550888	7340032	453324	6648372	7340032	391624	0	0	361904	0	
11010048	11010048	3550828	3550868	7340032	420004	6681692	7340032	391680	0	0	428941	0	
11010048	11010048	3550748	3550948	7340032	507888	6593808	7340032	413964	0	0	362763	0	
11010048	11010048	3550844	3550852	7340032	466856	6634840	7340032	377584	0	0	368612	0	
11010048	11010048	3550840	3550856	7340032	423328	6678368	7340032	368412	0	0	438203	0	
11010048	11010048	3550836	3550860	7340032	473748	6627948	7340032	388584	0	0	391790	0	
11010048	11010048	3550844	3550852	7340032	432360	6669336	7340032	374932	0	0	377146	0	
11010048	11010048	3550800	3550896	7340032	457116	6644580	7340032	388716	0	0	433805	0	
11010048	11010048	3550812	3550884	7340032	458204	6643492	7340032	385936	0	0	385135	0	
11010048	11010048	3550840	3550856	7340032	425572	6676124	7340032	382744	0	0	354980	0	
11010048	11010048	3550808	3550888	7340032	462796	6638900	7340032	401268	0	0	305420	0	
11010048	11010048	3550836	3550860	7340032	508160	6593536	7340032	394868	0	0	346391	0	
11010048	11010048	3550820	3550876	7340032	401240	6700456	7340032	358252	0	0	326411	0	
11010048	11010048	3550848	3550848	7340032	450560	6651136	7340032	393252	0	0	344950	0	
11010048	11010048	3550788	3550908	7340032	461032	6640664	7340032	395424	28	0	351298	0	
11010048	11010048	3550832	3550864	7340032	447624	6654072	7340032	390284	0	0	318553	0	
11010048	11010048	3550844	3550852	7340032	466928	6634768	7340032	394584	0	0	373311	0	
11010048	11010048	3550828	3550868	7340032	471224	6630472	7340032	385576	0	0	291429	0	
11010048	11010048	3550836	3550860	7340032	462472	6639224	7340032	373848	0	0	332217	0	
11010048	11010048	3550816	3550880	7340032	452988	6648708	7340032	368132	0	0	291878	0	
11010048	11010048	3550840	3550856	7340032	421988	6679708	7340032	368412	0	0	391229	0	
11010048	11010048	3550832	3550864	7340032	455756	6645940	7340032	389592	0	0	367900	0	
11010048	11010048	3550812	3550884	7340032	429692	6672004	7340032	388304	0	0	450566	0	
11010048	11010048	3550824	3550872	7340032	453676	6648020	7340032	403872	0	0	339176	0	
11010048	11010048	3550824	3550872	7340032	507392	6594304	7340032	403872	0	0	371144	0	
11010048	11010048	3550836	3550860	7340032	417696	6684000	7340032	368272	0	0	318101	0	
11010048	11010048	3550828	3550868	7340032	467924	6633772	7340032	392092	0	0	398711	0	
11010048	11010048	3550828	3550868	7340032	455940	6645756	7340032	382808	0	0	335647	0	
11010048	11010048	3550788	3550908	7340032	451504	6650192	7340032	381088	0	0	323942	0	
11010048	11010048	3550828	3550868	7340032	430024	6671672	7340032	382808	0	0	448702	0	
11010048	11010048	3550844	3550852	7340032	509652	6592044	7340032	398608	0	0	335164	0	
11010048	11010048	3550840	3550856	7340032	421884	6679812	7340032	361268	0	0	373677	0	
11010048	11010048	3550840	3550856	7340032	453976	6647720	7340032	382464	0	0	323889	0	
11010048	11010048	3550828	3550868	7340032	458892	6642804	7340032	382156	0	0	496965	0	
11010048	11010048	3550800	3550896	7340032	437264	6664432	7340032	378588	0	0	336033	0	
11010048	11010048	3550828	3550868	7340032	456124	6645572	7340032	389612	0	0	377657	0	
11010048	11010048	3550848	3550848	7340032	460248	6641448	7340032	388076	0	0	363700	0	
11010048	11010048	3550772	3550924	7340032	454104	6647592	7340032	383520	0	0	329623	0	
11010048	11010048	3550808	3550888	7340032	453384	6648312	7340032	383052	0	0	323962	0	
11010048	11010048	3550828	3550868	7340032	425936	6675760	7340032	383416	0	0	430521	0	
11010048	11010048	3550848	3550848	7340032	451296	6650400	7340032	402044	0	0	341982	0	
11010048	11010048	3550808	3550888	7340032	468824	6632872	7340032	403540	0	0	396557	0	
11010048	11010048	3550836	3550860	7340032	452480	6649216	7340032	393500	0	0	336706	0	
11010048	11010048	3550836	3550860	7340032	465232	6636464	7340032	394260	0	0	391644	0	
11010048	11010048	3550804	3550892	7340032	467448	6634248	7340032	386208	0	0	337551	0	
11010048	11010048	3550840	3550856	7340032	457520	6644176	7340032	376780	0	0	412005	0	
11010048	11010048	3550836	3550860	7340032	450304	6651392	7340032	374412	0	0	412795	0	
11010048	11010048	3550832	3550864	7340032	452928	6648768	7340032	376576	0	0	466447	0	
11010048	11010048	3550844	3550852	7340032	433492	6668204	7340032	376968	0	0	358656	0	
11010048	11010048	3550840	3550856	7340032	459524	6642172	7340032	390472	0	0	436119	0	
11010048	11010048	3550804	3550892	7340032	448112	6653584	7340032	386208	0	0	444754	0	
11010048	11010048	3550824	3550872	7340032	432372	6669324	7340032	390136	0	0	466850	0	
11010048	11010048	3550844	3550852	7340032	446824	6654872	7340032	404416	684	0	373401	0	
11010048	11010048	3550844	3550852	7340032	460888	6640808	7340032	408180	0	0	308500	0	
11010048	11010048	3550828	3550868	7340032	466312	6635384	7340032	403308	0	0	315102	0	
11010048	11010048	3550836	3550860	7340032	455900	6645796	7340032	394868	0	0	312595	0	
11010048	11010048	3550844	3550852	7340032	428612	6673084	7340032	393568	0	0	331240	0	
11010048	11010048	3550844	3550852	7340032	511868	6589828	7340032	410336	0	0	311621	0	
11010048	11010048	3550808	3550888	7340032	424156	6677540	7340032	371468	0	0	325050	0	
11010048	11010048	3550832	3550864	7340032	464700	6636996	7340032	391272	0	0	435407	0	
11010048	11010048	3550772	3550924	7340032	465656	6636040	7340032	383520	0	0	341152	0	
11010048	11010048	3550836	3550860	7340032	458984	6642712	7340032	375428	0	0	397116	0	
11010048	11010048	3550836	3550860	7340032	457260	6644436	7340032	371836	0	0	308068	0	
11010048	11010048	3550808	3550888	7340032	439584	6662112	7340032	369456	0	0	372191	0	
11010048	11010048	3550848	3550848	7340032	424972	6676724	7340032	379044	0	0	299017	0	
11010048	11010048	3550844	3550852	7340032	521484	6580212	7340032	398152	0	0	337562	0	
11010048	11010048	3550824	3550872	7340032	396832	6704864	7340032	353080	0	0	375578	0	
11010048	11010048	3550828	3550868	7340032	456140	6645556	7340032	391000	0	0	306784	0	
11010048	11010048	3550840	3550856	7340032	450752	6650944	7340032	389380	0	0	290747	0	
11010048	11010048	3550832	3550864	7340032	455496	6646200	7340032	391292	0	0	342453	0	
11010048	11010048	3550848	3550848	7340032	451248	6650448	7340032	390248	0	0	308471	0	
11010048	11010048	3550848	3550848	7340032	432116	6669580	7340032	391880	0	0	324927	0	
11010048	11010048	3550836	3550860	7340032	447700	6653996	7340032	406280	0	0	409871	0	
11010048	11010048	3550828	3550868	7340032	512784	6588912	7340032	410168	0	0	381392	0	
11010048	11010048	3550824	3550872	7340032	452176	6649520	7340032	370812	0	0	316364	0	
11010048	11010048	3550716	3550980	7340032	508348	6593348	7340032	371704	0	0	409190	0	
11010048	11010048	3550840	3550856	7340032	397824	6703872	7340032	335192	0	0	305497	0	
11010048	11010048	3550812	3550884	7340032	477008	6624688	7340032	372432	0	0	390669	0	
11010048	11010048	3550848	3550848	7340032	422692	6679004	7340032	356852	0	0	481676	0	
11010048	11010048	3550848	3550848	7340032	457888	6643808	7340032	377596	0	0	308090	0	
11010048	11010048	3550848	3550848	7340032	451440	6650256	7340032	374656	0	0	358192	0	
11010048	11010048	3550808	3550888	7340032	462276	6639420	7340032	376176	0	0	393479	0	
11010048	11010048	3550836	3550860	7340032	456824	6644872	7340032	370540	0	0	357209	0	
11010048	11010048	3550844	3550852	7340032	441536	6660160	7340032	368380	0	0	347772	0	
11010048	11010048	3550832	3550864	7340032	453452	6648244	7340032	376576	0	0	325384	0	
11010048	11010048	3550832	3550864	7340032	452576	6649120	7340032	376576	0	0	392981	0	
11010048	11010048	3550828	3550868	7340032	451008	6650688	7340032	377356	0	0	418612	0	
11010048	11010048	3550836	3550860	7340032	456416	6645280	7340032	379228	0	0	390200	0	
11010048	11010048	3550828	3550868	7340032	452796	6648900	7340032	377356	0	0	346156	0	
11010048	11010048	3550840	3550856	7340032	452692	6649004	7340032	377840	0	0	300963	0	
11010048	11010048	3550812	3550884	7340032	459144	6642552	7340032	378468	0	0	408614	0	
11010048	11010048	3550832	3550864	7340032	452676	6649020	7340032	375080	0	0	315694	0	
11010048	11010048	3550832	3550864	7340032	460844	6640852	7340032	375668	0	0	333524	0	
11010048	11010048	3550844	3550852	7340032	432976	6668720	7340032	370952	0	0	378689	0	
11010048	11010048	3550828	3550868	7340032	453384	6648312	7340032	384648	0	0	322845	0	
11010048	11010048	3550836	3550860	7340032	439928	6661768	7340032	385016	0	0	320928	0	
11010048	11010048	3550832	3550864	7340032	451736	6649960	7340032	394148	0	0	460823	0	
11010048	11010048	3550832	3550864	7340032	508832	6592864	7340032	395324	0	0	382000	0	
11010048	11010048	3550804	3550892	7340032	415924	6685772	7340032	358740	0	0	325799	0	
11010048	11010048	3550840	3550856	7340032	450560	6651136	7340032	383824	0	0	398939	0	
11010048	11010048	3550840	3550856	7340032	465632	6636064	7340032	386076	0	0	362578	0	
11010048	11010048	3550812	3550884	7340032	453664	6648032	7340032	377988	0	0	347167	0	
11010048	11010048	3550812	3550884	7340032	460620	6641076	7340032	377988	0	0	396220	0	
11010048	11010048	3550824	3550872	7340032	453696	6648000	7340032	373452	0	0	315063	0	
11010048	11010048	3550824	3550872	7340032	429632	6672064	7340032	373452	0	0	415265	0	
11010048	11010048	3550812	3550884	7340032	456992	6644704	7340032	389584	0	0	319463	0	
11010048	11010048	3550812	3550884	7340032	434636	6667060	7340032	387096	0	0	338772	0	
11010048	11010048	3550828	3550868	7340032	507840	6593856	7340032	399840	0	0	413035	0	
11010048	11010048	3550848	3550848	7340032	420932	6680764	7340032	363944	0	0	328517	0	
11010048	11010048	3550844	3550852	7340032	425552	6676144	7340032	385708	0	0	420466	0	
11010048	11010048	3550824	3550872	7340032	517820	6583876	7340032	403872	0	0	394315	0	
11010048	11010048	3550840	3550856	7340032	417880	6683816	7340032	361268	0	0	350808	0	
11010048	11010048	3550836	3550860	7340032	510752	6590944	7340032	385184	0	0	334455	0	
11010048	11010048	3550828	3550868	7340032	393096	6708600	7340032	347040	0	0	352509	0	
11010048	11010048	3550832	3550864	7340032	459972	6641724	7340032	387376	0	0	336479	0	
11010048	11010048	3550796	3550900	7340032	452472	6649224	7340032	383184	0	0	319992	0	
11010048	11010048	3550848	3550848	7340032	453468	6648228	7340032	384044	0	0	417182	0	
11010048	11010048	3550832	3550864	7340032	509964	6591732	7340032	384176	0	0	358482	0	
11010048	11010048	3550820	3550876	7340032	419280	6682416	7340032	346468	0	0	374816	0	
11010048	11010048	3550824	3550872	7340032	435416	6666280	7340032	369424	0	0	326893	0	
11010048	11010048	3550828	3550868	7340032	451360	6650336	7340032	381640	0	0	328134	0	
11010048	11010048	3550808	3550888	7340032	455056	6646640	7340032	383052	0	0	404701	0	
11010048	11010048	3550772	3550924	7340032	452096	6649600	7340032	382032	0	0	330334	0	
11010048	11010048	3550796	3550900	7340032	463192	6638504	7340032	383184	0	0	460554	0	
11010048	11010048	3550700	3550996	7340032	437396	6664300	7340032	376828	0	0	405506	0	
11010048	11010048	3550836	3550860	7340032	426800	6674896	7340032	387668	0	0	424362	0	
11010048	11010048	3550688	3551008	7340032	463960	6637736	7340032	405524	0	0	390550	0	
11010048	11010048	3550788	3550908	7340032	478812	6622884	7340032	398712	0	0	470483	0	
11010048	11010048	3550784	3550912	7340032	453452	6648244	7340032	381892	0	0	321345	0	
11010048	11010048	3550832	3550864	7340032	427836	6673860	7340032	381844	0	0	309538	0	
11010048	11010048	3550848	3550848	7340032	461300	6640396	7340032	399324	0	0	383963	0	
11010048	11010048	3550836	3550860	7340032	518856	6582840	7340032	394260	0	0	453615	0	
11010048	11010048	3550836	3550860	7340032	430328	6671368	7340032	350740	0	0	386631	0	
11010048	11010048	3550832	3550864	7340032	462460	6639236	7340032	366480	0	0	360739	0	
11010048	11010048	3550816	3550880	7340032	430848	6670848	7340032	360568	0	0	480003	0	
11010048	11010048	3550836	3550860	7340032	455440	6646256	7340032	375712	0	0	342750	0	
11010048	11010048	3550832	3550864	7340032	454380	6647316	7340032	374400	0	0	348651	0	
11010048	11010048	3550828	3550868	7340032	434396	6667300	7340032	374164	0	0	394436	0	
11010048	11010048	3550804	3550892	7340032	455836	6645860	7340032	386832	0	0	322029	0	
11010048	11010048	3550840	3550856	7340032	454140	6647556	7340032	385512	0	0	328269	0	
11010048	11010048	3550700	3550996	7340032	457832	6643864	7340032	385268	0	0	376986	0	
11010048	11010048	3550840	3550856	7340032	434912	6666784	7340032	382464	0	0	380690	0	
11010048	11010048	3550836	3550860	7340032	469036	6632660	7340032	395000	0	0	402714	0	
11010048	11010048	3550828	3550868	7340032	453384	6648312	7340032	384740	0	0	312824	0	
11010048	11010048	3550812	3550884	7340032	452096	6649600	7340032	385060	0	0	329662	0	
11010048	11010048	3550804	3550892	7340032	446756	6654940	7340032	386208	0	0	375485	0	
11010048	11010048	3550844	3550852	7340032	457168	6644528	7340032	390752	0	0	361961	0	
11010048	11010048	3550840	3550856	7340032	452260	6649436	7340032	388560	0	0	459750	0	
11010048	11010048	3550844	3550852	7340032	434364	6667332	7340032	389496	0	0	360262	0	
11010048	11010048	3550828	3550868	7340032	460036	6641660	7340032	402220	0	0	480396	0	
11010048	11010048	3550836	3550860	7340032	462080	6639616	7340032	398032	0	0	336954	0	
11010048	11010048	3550836	3550860	7340032	454364	6647332	7340032	392592	0	0	525126	0	
11010048	11010048	3550828	3550868	7340032	456236	6645460	7340032	392056	0	0	332901	0	
11010048	11010048	3550820	3550876	7340032	452096	6649600	7340032	390368	0	0	471695	0	
11010048	11010048	3550848	3550848	7340032	472700	6628996	7340032	391556	0	0	367567	0	
11010048	11010048	3550844	3550852	7340032	461236	6640460	7340032	378892	0	0	397987	0	
11010048	11010048	3550836	3550860	7340032	455772	6645924	7340032	373848	0	0	328585	0	
11010048	11010048	3550812	3550884	7340032	426632	6675064	7340032	372432	0	0	360416	0	
11010048	11010048	3550832	3550864	7340032	480788	6620908	7340032	390284	0	0	491266	0	
11010048	11010048	3550812	3550884	7340032	429128	6672568	7340032	372432	0	0	444138	0	
11010048	11010048	3550820	3550876	7340032	430056	6671640	7340032	388520	0	0	341983	0	
11010048	11010048	3550824	3550872	7340032	515696	6586000	7340032	403872	0	0	412889	0	
11010048	11010048	3550848	3550848	7340032	424040	6677656	7340032	362556	0	0	373258	0	
11010048	11010048	3550840	3550856	7340032	462724	6638972	7340032	382464	0	0	395409	0	
11010048	11010048	3550840	3550856	7340032	459880	6641816	7340032	376300	0	0	332649	0	
11010048	11010048	3550848	3550848	7340032	458656	6643040	7340032	372292	0	0	395040	0	
11010048	11010048	3550840	3550856	7340032	431648	6670048	7340032	369028	0	0	338150	0	
11010048	11010048	3550772	3550924	7340032	454104	6647592	7340032	383520	0	0	313663	0	
11010048	11010048	3550808	3550888	7340032	452820	6648876	7340032	383052	0	0	397543	0	
11010048	11010048	3550772	3550924	7340032	440956	6660740	7340032	383520	0	0	406831	0	
11010048	11010048	3550844	3550852	7340032	458640	6643056	7340032	392020	0	0	387205	0	
11010048	11010048	3550820	3550876	7340032	432324	6669372	7340032	388520	0	0	454823	0	
11010048	11010048	3550840	3550856	7340032	472620	6629076	7340032	403064	0	0	486930	0	
11010048	11010048	3550752	3550944	7340032	511676	6590020	7340032	390332	0	0	322431	0	
11010048	11010048	3550848	3550848	7340032	420388	6681308	7340032	351532	0	0	365921	0	
11010048	11010048	3550828	3550868	7340032	423644	6678052	7340032	373804	0	0	364219	0	
11010048	11010048	3550824	3550872	7340032	511116	6590580	7340032	393816	0	0	349395	0	
11010048	11010048	3550824	3550872	7340032	389944	6711752	7340032	355708	0	0	447883	0	
11010048	11010048	3550844	3550852	7340032	441160	6660536	7340032	398152	0	0	342556	0	
11010048	11010048	3550848	3550848	7340032	507624	6594072	7340032	406492	0	0	342864	0	
11010048	11010048	3550832	3550864	7340032	404980	6696716	7340032	370604	0	0	427981	0	
11010048	11010048	3550844	3550852	7340032	450600	6651096	7340032	403008	0	0	323214	0	
11010048	11010048	3550824	3550872	7340032	521252	6580444	7340032	405316	0	0	383432	0	
11010048	11010048	3550836	3550860	7340032	450272	6651424	7340032	360140	0	0	348392	0	
11010048	11010048	3550836	3550860	7340032	396720	6704976	7340032	362460	0	0	318515	0	
11010048	11010048	3550836	3550860	7340032	507776	6593920	7340032	400460	0	0	408573	0	
11010048	11010048	3550844	3550852	7340032	431732	6669964	7340032	364220	0	0	351373	0	
11010048	11010048	3550828	3550868	7340032	458720	6642976	7340032	378956	0	0	407323	0	
11010048	11010048	3550832	3550864	7340032	453488	6648208	7340032	375668	0	0	339721	0	
11010048	11010048	3550824	3550872	7340032	424412	6677284	7340032	375876	0	0	480403	0	
11010048	11010048	3550824	3550872	7340032	511128	6590568	7340032	395396	0	0	347089	0	
11010048	11010048	3550796	3550900	7340032	423764	6677932	7340032	357052	0	0	365084	0	
11010048	11010048	3550812	3550884	7340032	419764	6681932	7340032	376820	0	0	370128	0	
11010048	11010048	3550824	3550872	7340032	454112	6647584	7340032	399508	0	0	418812	0	
11010048	11010048	3550848	3550848	7340032	450656	6651040	7340032	399192	0	0	367417	0	
11010048	11010048	3550828	3550868	7340032	513984	6587712	7340032	401312	0	0	311599	0	
11010048	11010048	3550844	3550852	7340032	436976	6664720	7340032	360972	0	0	362185	0	
11010048	11010048	3550848	3550848	7340032	428400	6673296	7340032	372228	0	0	304182	0	
11010048	11010048	3550844	3550852	7340032	451044	6650652	7340032	389084	0	0	342688	0	
11010048	11010048	3550840	3550856	7340032	461308	6640388	7340032	390928	0	0	329173	0	
11010048	11010048	3550832	3550864	7340032	419528	6682168	7340032	385864	0	0	352594	0	
11010048	11010048	3550848	3550848	7340032	461248	6640448	7340032	408692	0	0	310732	0	
11010048	11010048	3550832	3550864	7340032	511488	6590208	7340032	403696	0	0	340141	0	
11010048	11010048	3550840	3550856	7340032	461224	6640472	7340032	364968	0	0	316899	0	
11010048	11010048	3550812	3550884	7340032	458196	6643500	7340032	359972	0	0	309995	0	
11010048	11010048	3550836	3550860	7340032	443552	6658144	7340032	357212	0	0	370539	0	
11010048	11010048	3550820	3550876	7340032	426816	6674880	7340032	363944	0	0	335571	0	
11010048	11010048	3550784	3550912	7340032	431700	6669996	7340032	381892	0	0	319692	0	
11010048	11010048	3550840	3550856	7340032	509368	6592328	7340032	396516	0	0	308028	0	
11010048	11010048	3550840	3550856	7340032	420052	6681644	7340032	359492	0	0	391426	0	
11010048	11010048	3550760	3550936	7340032	465192	6636504	7340032	381892	0	0	401253	0	
11010048	11010048	3550828	3550868	7340032	441860	6659836	7340032	374164	0	0	321099	0	
11010048	11010048	3550832	3550864	7340032	425252	6676444	7340032	381844	0	0	350157	0	
11010048	11010048	3550792	3550904	7340032	453536	6648160	7340032	401056	0	0	320740	0	
11010048	11010048	3550820	3550876	7340032	515636	6586060	7340032	401196	0	0	379178	0	
11010048	11010048	3550760	3550936	7340032	406836	6694860	7340032	359832	0	0	403183	0	
11010048	11010048	3550828	3550868	7340032	508512	6593184	7340032	391000	0	0	373608	0	
11010048	11010048	3550796	3550900	7340032	390968	6710728	7340032	354372	0	0	367144	0	
11010048	11010048	3550840	3550856	7340032	454092	6647604	7340032	396392	0	0	437146	0	
11010048	11010048	3550816	3550880	7340032	453588	6648108	7340032	396064	0	0	314758	0	
11010048	11010048	3550816	3550880	7340032	451104	6650592	7340032	396064	0	0	364888	0	
11010048	11010048	3550832	3550864	7340032	459740	6641956	7340032	397796	0	0	429055	0	
11010048	11010048	3550804	3550892	7340032	460668	6641028	7340032	393708	0	0	415409	0	
11010048	11010048	3550848	3550848	7340032	473592	6628104	7340032	389040	0	0	408061	0	
11010048	11010048	3550824	3550872	7340032	406284	6695412	7340032	375876	0	0	359968	0	
11010048	11010048	3550832	3550864	7340032	464956	6636740	7340032	407352	0	0	304591	0	
11010048	11010048	3550828	3550868	7340032	470180	6631516	7340032	399840	0	0	419187	0	
11010048	11010048	3550772	3550924	7340032	465148	6636548	7340032	388784	0	0	316272	0	
11010048	11010048	3550788	3550908	7340032	459120	6642576	7340032	381088	0	0	414463	0	
11010048	11010048	3550840	3550856	7340032	463592	6638104	7340032	377704	0	0	364033	0	
11010048	11010048	3550828	3550868	7340032	460340	6641356	7340032	371036	0	0	313531	0	
11010048	11010048	3550832	3550864	7340032	417772	6683924	7340032	366460	0	0	329030	0	
11010048	11010048	3550848	3550848	7340032	457768	6643928	7340032	390576	0	0	344621	0	
11010048	11010048	3550796	3550900	7340032	450720	6650976	7340032	387840	0	0	308230	0	
11010048	11010048	3550844	3550852	7340032	440372	6661324	7340032	389992	0	0	355899	0	
11010048	11010048	3550816	3550880	7340032	459560	6642136	7340032	398764	0	0	379512	0	
11010048	11010048	3550836	3550860	7340032	458956	6642740	7340032	395000	0	0	387885	0	
11010048	11010048	3550832	3550864	7340032	470748	6630948	7340032	391492	0	0	454422	0	
11010048	11010048	3550804	3550892	7340032	434008	6667688	7340032	380204	0	0	380479	0	
11010048	11010048	3550840	3550856	7340032	473252	6628444	7340032	393312	0	0	360639	0	
11010048	11010048	3550820	3550876	7340032	450696	6651000	7340032	380080	0	0	481811	0	
11010048	11010048	3550828	3550868	7340032	425808	6675888	7340032	382156	0	0	429651	0	
11010048	11010048	3550836	3550860	7340032	514396	6587300	7340032	400812	0	0	336333	0	
11010048	11010048	3550812	3550884	7340032	433740	6667956	7340032	360428	0	0	318086	0	
11010048	11010048	3550824	3550872	7340032	454560	6647136	7340032	373592	0	0	352427	0	
11010048	11010048	3550832	3550864	7340032	419632	6682064	7340032	373032	0	0	353569	0	
11010048	11010048	3550844	3550852	7340032	471276	6630420	7340032	395816	0	0	357428	0	
11010048	11010048	3550836	3550860	7340032	507648	6594048	7340032	384132	0	0	472924	0	
11010048	11010048	3550800	3550896	7340032	429132	6672564	7340032	347892	0	0	457891	0	
11010048	11010048	3550832	3550864	7340032	421544	6680152	7340032	364500	0	0	311661	0	
11010048	11010048	3550836	3550860	7340032	456700	6644996	7340032	386004	0	0	320407	0	
11010048	11010048	3550840	3550856	7340032	510036	6591660	7340032	383824	0	0	320230	0	
11010048	11010048	3550696	3551000	7340032	420440	6681256	7340032	346328	0	0	377681	0	
11010048	11010048	3550844	3550852	7340032	452940	6648756	7340032	368380	0	0	329351	0	
11010048	11010048	3550840	3550856	7340032	455912	6645784	7340032	369028	0	0	437382	0	
11010048	11010048	3550832	3550864	7340032	458440	6643256	7340032	367460	0	0	407503	0	
11010048	11010048	3550836	3550860	7340032	428384	6673312	7340032	364092	0	0	353291	0	
11010048	11010048	3550848	3550848	7340032	464524	6637172	7340032	381144	0	0	501380	0	
11010048	11010048	3550836	3550860	7340032	471680	6630016	7340032	373848	0	0	358644	0	
11010048	11010048	3550836	3550860	7340032	418112	6683584	7340032	361916	0	0	333968	0	
11010048	11010048	3550828	3550868	7340032	450560	6651136	7340032	385576	0	0	322139	0	
11010048	11010048	3550828	3550868	7340032	430260	6671436	7340032	387872	0	0	408965	0	
11010048	11010048	3550828	3550868	7340032	465788	6635908	7340032	403308	0	0	347479	0	
11010048	11010048	3550820	3550876	7340032	480672	6621024	7340032	395336	0	0	439072	0	
11010048	11010048	3550848	3550848	7340032	430732	6670964	7340032	377268	0	0	337817	0	
11010048	11010048	3550844	3550852	7340032	508688	6593008	7340032	392756	0	0	329650	0	
11010048	11010048	3550832	3550864	7340032	427808	6673888	7340032	355992	0	0	376506	0	
11010048	11010048	3550836	3550860	7340032	452720	6648976	7340032	373392	0	0	400544	0	
11010048	11010048	3550840	3550856	7340032	459416	6642280	7340032	373960	0	0	453723	0	
11010048	11010048	3550844	3550852	7340032	456168	6645528	7340032	370004	0	0	370863	0	
11010048	11010048	3550832	3550864	7340032	459472	6642224	7340032	368516	0	0	370919	0	
11010048	11010048	3550844	3550852	7340032	426696	6675000	7340032	364812	0	0	359995	0	
11010048	11010048	3550796	3550900	7340032	434200	6667496	7340032	382832	0	0	328798	0	
11010048	11010048	3550844	3550852	7340032	465348	6636348	7340032	395660	0	0	340064	0	
11010048	11010048	3550796	3550900	7340032	468984	6632712	7340032	387840	0	0	326555	0	
11010048	11010048	3550820	3550876	7340032	419060	6682636	7340032	377768	0	0	406739	0	
11010048	11010048	3550836	3550860	7340032	454104	6647592	7340032	400812	0	0	454086	0	
11010048	11010048	3550832	3550864	7340032	445528	6656168	7340032	400496	0	0	341293	0	
11010048	11010048	3550840	3550856	7340032	460704	6640992	7340032	406096	0	0	399186	0	
11010048	11010048	3550828	3550868	7340032	452384	6649312	7340032	401456	0	0	372201	0	
11010048	11010048	3550812	3550884	7340032	507804	6593892	7340032	402024	0	0	305311	0	
11010048	11010048	3550840	3550856	7340032	421508	6680188	7340032	366056	0	0	446155	0	
11010048	11010048	3550836	3550860	7340032	511248	6590448	7340032	387668	0	0	446680	0	
11010048	11010048	3550820	3550876	7340032	422956	6678740	7340032	349176	0	0	370378	0	
11010048	11010048	3550816	3550880	7340032	431732	6669964	7340032	369680	0	0	357445	0	
11010048	11010048	3550836	3550860	7340032	434864	6666832	7340032	384456	0	0	352387	0	
11010048	11010048	3550792	3550904	7340032	451296	6650400	7340032	397024	0	0	372683	0	
11010048	11010048	3550844	3550852	7340032	459916	6641780	7340032	398608	0	0	420336	0	
11010048	11010048	3550840	3550856	7340032	453372	6648324	7340032	394444	0	0	420402	0	
11010048	11010048	3550832	3550864	7340032	460532	6641164	7340032	394704	0	0	393288	0	
11010048	11010048	3550840	3550856	7340032	446828	6654868	7340032	390036	0	0	340746	0	
11010048	11010048	3550832	3550864	7340032	442164	6659532	7340032	394704	0	0	429486	0	
11010048	11010048	3550828	3550868	7340032	468344	6633352	7340032	402184	0	0	389954	0	
11010048	11010048	3550836	3550860	7340032	452300	6649396	7340032	392592	0	0	385206	0	
11010048	11010048	3550832	3550864	7340032	455168	6646528	7340032	393604	0	0	443370	0	
11010048	11010048	3550836	3550860	7340032	459452	6642244	7340032	392592	0	0	406344	0	
11010048	11010048	3550820	3550876	7340032	429132	6672564	7340032	388520	0	0	365876	0	
11010048	11010048	3550808	3550888	7340032	543760	6557936	7340032	405060	0	0	425769	0	
11010048	11010048	3550840	3550856	7340032	428248	6673448	7340032	344992	0	0	328070	0	
11010048	11010048	3550848	3550848	7340032	423412	6678284	7340032	362048	0	0	334305	0	
11010048	11010048	3550828	3550868	7340032	459652	6642044	7340032	382156	0	0	439190	0	
11010048	11010048	3550828	3550868	7340032	453664	6648032	7340032	378308	0	0	362386	0	
11010048	11010048	3550828	3550868	7340032	453664	6648032	7340032	378376	0	0	377883	0	
11010048	11010048	3550844	3550852	7340032	450384	6651312	7340032	378432	0	0	422683	0	
11010048	11010048	3550792	3550904	7340032	463688	6638008	7340032	380344	0	0	407398	0	
11010048	11010048	3550840	3550856	7340032	435680	6666016	7340032	373760	0	0	325485	0	
11010048	11010048	3550832	3550864	7340032	459732	6641964	7340032	385864	0	0	319026	0	
11010048	11010048	3550828	3550868	7340032	450976	6650720	7340032	381640	0	0	329018	0	
11010048	11010048	3550772	3550924	7340032	514048	6587648	7340032	383520	0	0	403113	0	
11010048	11010048	3550828	3550868	7340032	379600	6722096	7340032	343060	0	0	422163	0	
11010048	11010048	3550844	3550852	7340032	448448	6653248	7340032	392756	0	0	366471	0	
11010048	11010048	3550836	3550860	7340032	462040	6639656	7340032	396292	0	0	326959	0	
11010048	11010048	3550832	3550864	7340032	459416	6642280	7340032	390620	0	0	415994	0	
11010048	11010048	3550744	3550952	7340032	430740	6670956	7340032	386896	0	0	365360	0	
11010048	11010048	3550712	3550984	7340032	455560	6646136	7340032	402148	0	0	439120	0	
11010048	11010048	3550836	3550860	7340032	508512	6593184	7340032	400812	0	0	378349	0	
11010048	11010048	3550844	3550852	7340032	451800	6649896	7340032	364220	0	0	403219	0	
11010048	11010048	3550844	3550852	7340032	404132	6697564	7340032	365632	0	0	324930	0	
11010048	11010048	3550788	3550908	7340032	451572	6650124	7340032	398712	0	0	396735	0	
11010048	11010048	3550836	3550860	7340032	471656	6630040	7340032	400064	0	0	465740	0	
11010048	11010048	3550804	3550892	7340032	450432	6651264	7340032	387992	0	0	323172	0	
11010048	11010048	3550752	3550944	7340032	457644	6644052	7340032	390332	0	0	326136	0	
11010048	11010048	3550836	3550860	7340032	459240	6642456	7340032	387668	0	0	331026	0	
11010048	11010048	3550840	3550856	7340032	430172	6671524	7340032	383824	0	0	455037	0	
11010048	11010048	3550824	3550872	7340032	467632	6634064	7340032	399508	0	0	353373	0	
11010048	11010048	3550848	3550848	7340032	457460	6644236	7340032	390248	0	0	399589	0	
11010048	11010048	3550836	3550860	7340032	437588	6664108	7340032	387668	0	0	327855	0	
11010048	11010048	3550844	3550852	7340032	453632	6648064	7340032	398308	0	0	379526	0	
11010048	11010048	3550844	3550852	7340032	523156	6578540	7340032	398308	0	0	493581	0	
11010048	11010048	3550812	3550884	7340032	398180	6703516	7340032	351988	0	0	347320	0	
11010048	11010048	3550836	3550860	7340032	423432	6678264	7340032	388908	0	0	370772	0	
11010048	11010048	3550844	3550852	7340032	464844	6636852	7340032	409188	0	0	451010	0	
11010048	11010048	3550816	3550880	7340032	451752	6649944	7340032	401808	0	0	363903	0	
11010048	11010048	3550844	3550852	7340032	508116	6593580	7340032	403008	0	0	301967	0	
11010048	11010048	3550808	3550888	7340032	418288	6683408	7340032	366724	0	0	390417	0	
11010048	11010048	3550848	3550848	7340032	459600	6642096	7340032	390324	0	0	389215	0	
11010048	11010048	3550804	3550892	7340032	509888	6591808	7340032	386208	0	0	395020	0	
11010048	11010048	3550824	3550872	7340032	394712	6706984	7340032	348612	0	0	460137	0	
11010048	11010048	3550796	3550900	7340032	455884	6645812	7340032	387840	0	0	322073	0	
11010048	11010048	3550804	3550892	7340032	463740	6637956	7340032	386208	0	0	329082	0	
11010048	11010048	3550832	3550864	7340032	421600	6680096	7340032	379512	0	0	370266	0	
11010048	11010048	3550840	3550856	7340032	456392	6645304	7340032	400768	0	0	346368	0	
11010048	11010048	3550848	3550848	7340032	469900	6631796	7340032	399036	0	0	415128	0	
11010048	11010048	3550840	3550856	7340032	455236	6646460	7340032	388248	0	0	348058	0	
11010048	11010048	3550812	3550884	7340032	507936	6593760	7340032	387096	0	0	378102	0	
11010048	11010048	3550840	3550856	7340032	419648	6682048	7340032	350972	0	0	361156	0	
11010048	11010048	3550824	3550872	7340032	455096	6646600	7340032	373592	0	0	348552	0	
11010048	11010048	3550796	3550900	7340032	429268	6672428	7340032	372648	0	0	357415	0	
11010048	11010048	3550844	3550852	7340032	455684	6646012	7340032	389084	0	0	310058	0	
11010048	11010048	3550828	3550868	7340032	433832	6667864	7340032	387872	0	0	420110	0	
11010048	11010048	3550792	3550904	7340032	454660	6647036	7340032	401056	0	0	348162	0	
11010048	11010048	3550836	3550860	7340032	462000	6639696	7340032	400460	0	0	396509	0	
11010048	11010048	3550816	3550880	7340032	467312	6634384	7340032	394776	0	0	411331	0	
11010048	11010048	3550844	3550852	7340032	459012	6642684	7340032	385796	0	0	412557	0	
11010048	11010048	3550828	3550868	7340032	459712	6641984	7340032	382156	0	0	357750	0	
11010048	11010048	3550816	3550880	7340032	456564	6645132	7340032	378120	0	0	430783	0	
11010048	11010048	3550808	3550888	7340032	433584	6668112	7340032	376176	0	0	399051	0	
11010048	11010048	3550828	3550868	7340032	459088	6642608	7340032	389612	0	0	375258	0	
11010048	11010048	3550804	3550892	7340032	424472	6677224	7340032	386208	0	0	367834	0	
11010048	11010048	3550688	3551008	7340032	516180	6585516	7340032	405524	0	0	396005	0	
11010048	11010048	3550840	3550856	7340032	450592	6651104	7340032	363876	0	0	444681	0	
11010048	11010048	3550828	3550868	7340032	458476	6643220	7340032	365716	0	0	445981	0	
11010048	11010048	3550848	3550848	7340032	418768	6682928	7340032	362556	0	0	297628	0	
11010048	11010048	3550836	3550860	7340032	450984	6650712	7340032	386004	0	0	334627	0	
11010048	11010048	3550828	3550868	7340032	453448	6648248	7340032	387872	0	0	463557	0	
11010048	11010048	3550796	3550900	7340032	457668	6644028	7340032	387840	0	0	327896	0	
11010048	11010048	3550680	3551016	7340032	508000	6593696	7340032	385268	0	0	343489	0	
11010048	11010048	3550824	3550872	7340032	454692	6647004	7340032	348956	0	0	353285	0	
11010048	11010048	3550804	3550892	7340032	388784	6712912	7340032	348156	0	0	290288	0	
11010048	11010048	3550848	3550848	7340032	423764	6677932	7340032	391556	0	0	332914	0	
11010048	11010048	3550832	3550864	7340032	511968	6589728	7340032	411408	0	0	315561	0	
11010048	11010048	3550828	3550868	7340032	431180	6670516	7340032	372760	0	0	390326	0	
11010048	11010048	3550836	3550860	7340032	460644	6641052	7340032	387668	0	0	330439	0	
11010048	11010048	3550832	3550864	7340032	455536	6646160	7340032	382904	0	0	311691	0	
11010048	11010048	3550840	3550856	7340032	453456	6648240	7340032	381756	0	0	399458	0	
11010048	11010048	3550812	3550884	7340032	762600	6339096	7340032	708108	51872	0	547398	13	
11010048	11010048	3550848	3550848	7340032	707448	6394248	7340032	1252980	652016	0	865679	99	
11010048	11010048	3550848	3550848	7340032	769008	6332688	7340032	1247564	599604	0	1026234	99	
11010048	11010048	3550832	3550864	7340032	780780	6320916	7340032	1299900	645984	0	1000208	99	
11010048	11010048	3550844	3550852	7340032	761664	6340032	7340032	1298452	650220	0	843400	99	
11010048	11010048	3550828	3550868	7340032	540224	6561472	7340032	1066032	643652	0	837886	99	
11010048	11010048	3550844	3550852	7340032	712740	6388956	7340032	1017104	417252	0	905897	98	
11010048	11010048	3550820	3550876	7340032	717204	6384492	7340032	1230516	597584	0	939756	99	
11010048	11010048	3550836	3550860	7340032	780804	6320892	7340032	1279668	631616	0	1015742	99	
11010048	11010048	3550840	3550856	7340032	763556	6338140	7340032	1299692	645964	0	1129792	99	
11010048	11010048	3550844	3550852	7340032	785616	6316080	7340032	660728	0	0	479779	0	
11010048	11010048	3550848	3550848	7340032	764848	6336848	7340032	1307172	659240	0	1067559	99	
11010048	11010048	3550816	3550880	7340032	726124	6375572	7340032	1294040	645924	0	958905	99	
11010048	11010048	3550824	3550872	7340032	802056	6299640	7340032	1293732	643440	0	884065	99	
11010048	11010048	3550820	3550876	7340032	511412	6590284	7340032	1029280	645712	0	645079	99	
11010048	11010048	3550840	3550856	7340032	715044	6386652	7340032	999380	380456	0	686238	99	
11010048	11010048	3550848	3550848	7340032	764964	6336732	7340032	1270664	618396	0	831448	99	
11010048	11010048	3550736	3550960	7340032	763276	6338420	7340032	1298936	650928	0	910730	99	
11010048	11010048	3550840	3550856	7340032	726460	6375236	7340032	1293932	645168	0	910071	99	
11010048	11010048	3550848	3550848	7340032	720908	6380788	7340032	1286864	644196	0	1003751	99	
11010048	11010048	3550832	3550864	7340032	544224	6557472	7340032	1076316	638088	0	779185	99	
11010048	11010048	3550812	3550884	7340032	660636	6441060	7340032	1029700	432884	0	609263	98	
11010048	11010048	3550848	3550848	7340032	708904	6392792	7340032	1225880	594440	0	796480	99	
11010048	11010048	3550832	3550864	7340032	764384	6337312	7340032	1278080	630188	0	839562	99	
11010048	11010048	3550836	3550860	7340032	776952	6324744	7340032	1299656	645896	0	790232	99	
11010048	11010048	3550828	3550868	7340032	762380	6339316	7340032	1299816	650200	0	866123	99	
11010048	11010048	3550792	3550904	7340032	547892	6553804	7340032	1107640	644952	0	911520	99	
11010048	11010048	3550684	3551012	7340032	697632	6404064	7340032	1050400	457932	0	876252	98	
11010048	11010048	3550844	3550852	7340032	671776	6429920	7340032	1187108	588084	0	1038580	99	
11010048	11010048	3550840	3550856	7340032	797396	6304300	7340032	1245796	597792	0	923089	99	
11010048	11010048	3550848	3550848	7340032	762180	6339516	7340032	1299596	646016	0	1025064	99	
11010048	11010048	3550840	3550856	7340032	777952	6323744	7340032	660740	0	0	502737	0	
11010048	11010048	3550836	3550860	7340032	774276	6327420	7340032	1307244	659456	0	853476	99	
11010048	11010048	3550836	3550860	7340032	771768	6329928	7340032	1299464	645768	0	858890	99	
11010048	11010048	3550832	3550864	7340032	770116	6331580	7340032	1299836	650220	0	751223	99	
11010048	11010048	3550504	3551192	7340032	531636	6570060	7340032	1075568	644952	0	689622	99	
11010048	11010048	3550820	3550876	7340032	719996	6381700	7340032	1032452	425280	0	610525	98	
11010048	11010048	3550844	3550852	7340032	763092	6338604	7340032	1219748	604104	0	737519	99	
11010048	11010048	3550844	3550852	7340032	715652	6386044	7340032	1262256	614316	0	875641	99	
11010048	11010048	3550836	3550860	7340032	779076	6322620	7340032	1299680	645944	0	860915	99	
11010048	11010048	3550840	3550856	7340032	794552	6307144	7340032	1299768	650260	0	919464	99	
11010048	11010048	3550820	3550876	7340032	511076	6590620	7340032	1056196	644952	0	858369	99	
11010048	11010048	3550808	3550888	7340032	706584	6395112	7340032	1025036	406408	0	726772	98	
11010048	11010048	3550844	3550852	7340032	710904	6390792	7340032	1238620	615860	0	859992	99	
11010048	11010048	3550848	3550848	7340032	719368	6382328	7340032	1269436	621432	0	842564	99	
11010048	11010048	3550832	3550864	7340032	728652	6373044	7340032	1299792	645984	0	988619	99	
11010048	11010048	3550844	3550852	7340032	794948	6306748	7340032	1299740	650220	0	903197	99	
11010048	11010048	3550840	3550856	7340032	582456	6519240	7340032	1131192	644952	0	1039634	99	
11010048	11010048	3550820	3550876	7340032	644832	6456864	7340032	1045176	481484	0	871299	99	
11010048	11010048	3550832	3550864	7340032	674444	6427252	7340032	1163668	559688	0	793601	99	
11010048	11010048	3550844	3550852	7340032	773636	6328060	7340032	1254680	603008	0	860238	99	
11010048	11010048	3550848	3550848	7340032	793688	6308008	7340032	1299260	650140	0	1044066	99	
11010048	11010048	3550840	3550856	7340032	773748	6327948	7340032	659024	0	0	488375	0	
11010048	11010048	3550840	3550856	7340032	764100	6337596	7340032	1305736	658420	0	964201	99	
11010048	11010048	3550840	3550856	7340032	796336	6305360	7340032	1298944	645288	0	833010	99	
11010048	11010048	3550844	3550852	7340032	794756	6306940	7340032	1299692	650160	0	847327	99	
11010048	11010048	3550812	3550884	7340032	540392	6561304	7340032	1098976	644952	0	698572	99	
11010048	11010048	3550848	3550848	7340032	679444	6422252	7340032	1049240	449268	0	850130	98	
11010048	11010048	3550844	3550852	7340032	706716	6394980	7340032	1195772	595924	0	957254	99	
11010048	11010048	3550848	3550848	7340032	761760	6339936	7340032	1246572	598616	0	1047810	99	
11010048	11010048	3550840	3550856	7340032	801816	6299880	7340032	1299608	645936	0	1053990	99	
11010048	11010048	3550848	3550848	7340032	733692	6368004	7340032	1299680	650160	0	1026647	99	
11010048	11010048	3550844	3550852	7340032	578288	6523408	7340032	1144188	644952	0	769967	99	
11010048	11010048	3550848	3550848	7340032	655160	6446536	7340032	1057636	494480	0	892662	99	
11010048	11010048	3550848	3550848	7340032	674456	6427240	7340032	1150536	558568	0	901929	99	
11010048	11010048	3550832	3550864	7340032	764672	6337024	7340032	1242776	591084	0	1003632	99	
11010048	11010048	3550836	3550860	7340032	764336	6337360	7340032	1299440	650140	0	975961	99	
11010048	11010048	3550844	3550852	7340032	716712	6384984	7340032	1295160	645632	0	879490	99	
11010048	11010048	3550848	3550848	7340032	704348	6397348	7340032	1242160	644952	0	979549	99	
11010048	11010048	3550848	3550848	7340032	530172	6571524	7340032	1053916	592412	0	897180	99	
11010048	11010048	3550836	3550860	7340032	721384	6380312	7340032	1062832	457132	0	855909	99	
11010048	11010048	3550844	3550852	7340032	720784	6380912	7340032	1247264	604220	0	886080	99	
11010048	11010048	3550848	3550848	7340032	728584	6373112	7340032	1289712	641728	0	1021563	99	
11010048	11010048	3550816	3550880	7340032	764216	6337480	7340032	659988	0	0	458122	0	
11010048	11010048	3550840	3550856	7340032	722632	6379064	7340032	1309704	659356	0	741102	99	
11010048	11010048	3550848	3550848	7340032	732268	6369428	7340032	1298064	648816	0	862399	99	
11010048	11010048	3550836	3550860	7340032	794504	6307192	7340032	1298772	646172	0	889010	99	
11010048	11010048	3550836	3550860	7340032	694636	6407060	7340032	1254312	648504	0	752041	99	
11010048	11010048	3550688	3551008	7340032	543928	6557768	7340032	1064876	601012	0	682139	99	
11010048	11010048	3550824	3550872	7340032	675812	6425884	7340032	1055740	458616	0	677941	98	
11010048	11010048	3550844	3550852	7340032	760964	6340732	7340032	1233088	595280	0	1096078	99	
11010048	11010048	3550836	3550860	7340032	731036	6370660	7340032	1284544	636492	0	827576	99	
11010048	11010048	3550844	3550852	7340032	768004	6333692	7340032	1299724	645964	0	879899	99	
11010048	11010048	3550812	3550884	7340032	724884	6376812	7340032	1299788	650240	0	877102	99	
11010048	11010048	3550836	3550860	7340032	538300	6563396	7340032	1110804	644952	0	823670	99	
11010048	11010048	3550836	3550860	7340032	710280	6391416	7340032	1059508	461096	0	902243	98	
11010048	11010048	3550848	3550848	7340032	680116	6421580	7340032	1183932	593716	0	888314	99	
11010048	11010048	3550840	3550856	7340032	762852	6338844	7340032	1237000	588996	0	924435	99	
11010048	11010048	3550836	3550860	7340032	797112	6304584	7340032	1299656	646016	0	1090182	99	
11010048	11010048	3550848	3550848	7340032	720492	6381204	7340032	1299588	650080	0	1011169	99	
11010048	11010048	3550812	3550884	7340032	597132	6504564	7340032	1169336	644952	0	841912	99	
11010048	11010048	3550816	3550880	7340032	638432	6463264	7340032	1063696	519628	0	789203	99	
11010048	11010048	3550848	3550848	7340032	679476	6422220	7340032	1125464	538984	0	825848	99	
11010048	11010048	3550844	3550852	7340032	763548	6338148	7340032	1237204	585628	0	1076812	99	
11010048	11010048	3550840	3550856	7340032	1023556	6078140	7340032	865940	0	0	519107	0	
11010048	11010048	3550836	3550860	7340032	573172	6528524	7340032	1304912	861184	0	1229897	99	
11010048	11010048	3550824	3550872	7340032	783356	6318340	7340032	1090316	442316	0	747146	99	
11010048	11010048	3550844	3550852	7340032	725992	6375704	7340032	1299712	646024	0	717365	99	
11010048	11010048	3550848	3550848	7340032	722156	6379540	7340032	1299700	650180	0	746891	99	
11010048	11010048	3550836	3550860	7340032	644932	6456764	7340032	1191852	644952	0	808873	99	
11010048	11010048	3550840	3550856	7340032	593168	6508528	7340032	1048652	542144	0	751324	99	
11010048	11010048	3550844	3550852	7340032	673804	6427892	7340032	1102936	502256	0	835828	99	
11010048	11010048	3550832	3550864	7340032	761148	6340548	7340032	1252428	600056	0	852124	99	
11010048	11010048	3550828	3550868	7340032	761572	6340124	7340032	1299020	651036	0	847820	99	
11010048	11010048	3550844	3550852	7340032	764564	6337132	7340032	1293920	644628	0	1048893	99	
11010048	11010048	3550808	3550888	7340032	673704	6427992	7340032	1249396	644736	0	916855	99	
11010048	11010048	3550848	3550848	7340032	558744	6542952	7340032	1079472	599864	0	829003	99	
11010048	11010048	3550828	3550868	7340032	674368	6427328	7340032	1061576	474048	0	775191	98	
11010048	11010048	3550844	3550852	7340032	716368	6385328	7340032	1222908	585756	0	740647	99	
11010048	11010048	3550848	3550848	7340032	764892	6336804	7340032	1283848	635824	0	949998	99	
11010048	11010048	3550840	3550856	7340032	768120	6333576	7340032	1299692	645984	0	935817	99	
11010048	11010048	3550844	3550852	7340032	761148	6340548	7340032	1299728	650220	0	932764	99	
11010048	11010048	3550848	3550848	7340032	509848	6591848	7340032	1090076	644952	0	841397	99	
11010048	11010048	3550832	3550864	7340032	736132	6365564	7340032	1063132	440368	0	786889	98	
11010048	11010048	3550844	3550852	7340032	681088	6420608	7340032	1204872	617832	0	917147	99	
11010048	11010048	3550828	3550868	7340032	1052460	6049236	7340032	909996	0	0	705775	0	
11010048	11010048	3550848	3550848	7340032	467464	6634232	7340032	1304528	905200	0	853142	99	
11010048	11010048	3550844	3550852	7340032	720160	6381536	7340032	1051116	397976	0	753927	99	
11010048	11010048	3550824	3550872	7340032	727344	6374352	7340032	1299848	651792	0	980013	99	
11010048	11010048	3550824	3550872	7340032	763724	6337972	7340032	1299796	645944	0	941421	99	
11010048	11010048	3550844	3550852	7340032	763304	6338392	7340032	1298800	649828	0	821972	99	
11010048	11010048	3550828	3550868	7340032	470568	6631128	7340032	1068584	644404	0	774122	99	
11010048	11010048	3550816	3550880	7340032	765888	6335808	7340032	1064920	418772	0	753342	98	
11010048	11010048	3550848	3550848	7340032	676964	6424732	7340032	1227236	641212	0	789607	99	
11010048	11010048	3550844	3550852	7340032	775928	6325768	7340032	1232696	584696	0	952028	99	
11010048	11010048	3550844	3550852	7340032	728072	6373624	7340032	1299700	646004	0	975177	99	
11010048	11010048	3550832	3550864	7340032	765652	6336044	7340032	1299748	650200	0	881925	99	
11010048	11010048	3550812	3550884	7340032	575828	6525868	7340032	1138092	644952	0	798086	99	
11010048	11010048	3550832	3550864	7340032	648140	6453556	7340032	1054716	488384	0	765132	99	
11010048	11010048	3550840	3550856	7340032	686600	6415096	7340032	1156632	561808	0	825704	99	
11010048	11010048	3550840	3550856	7340032	714568	6387128	7340032	1245656	593940	0	925586	99	
11010048	11010048	3550840	3550856	7340032	715804	6385892	7340032	1299284	650140	0	1064120	99	
11010048	11010048	3550804	3550892	7340032	776604	6325092	7340032	1297460	645632	0	1209929	99	
11010048	11010048	3550784	3550912	7340032	716244	6385452	7340032	1270964	647732	0	985977	99	
11010048	11010048	3550832	3550864	7340032	532532	6569164	7340032	1062648	618652	0	788384	99	
11010048	11010048	3550712	3550984	7340032	673160	6428536	7340032	1043508	438804	0	868924	98	
11010048	11010048	3550840	3550856	7340032	940764	6160932	7340032	808488	0	0	586879	0	
11010048	11010048	3550804	3550892	7340032	563768	6537928	7340032	1279488	803892	0	768413	99	
11010048	11010048	3550820	3550876	7340032	650064	6451632	7340032	1049564	470840	0	822452	98	
11010048	11010048	3550832	3550864	7340032	688996	6412700	7340032	1173980	574396	0	852064	99	
11010048	11010048	3550828	3550868	7340032	719404	6382292	7340032	1250620	598680	0	849454	99	
11010048	11010048	3550844	3550852	7340032	771784	6329912	7340032	1299284	650140	0	804985	99	
11010048	11010048	3550848	3550848	7340032	768780	6332916	7340032	1295152	645632	0	862002	99	
11010048	11010048	3550848	3550848	7340032	642848	6458848	7340032	1215856	644952	0	708464	99	
11010048	11010048	3550832	3550864	7340032	580924	6520772	7340032	1070988	566216	0	1017996	99	
11010048	11010048	3550832	3550864	7340032	673120	6428576	7340032	1078888	499644	0	946789	98	
11010048	11010048	3550832	3550864	7340032	762240	6339456	7340032	1231140	578704	0	852311	99	
11010048	11010048	3550848	3550848	7340032	776456	6325240	7340032	1298848	650928	0	867933	99	
11010048	11010048	3550828	3550868	7340032	778456	6323240	7340032	1294180	645944	0	1033185	99	
11010048	11010048	3550824	3550872	7340032	708684	6393012	7340032	1264680	643960	0	941937	99	
11010048	11010048	3550692	3551004	7340032	561784	6539912	7340032	1066740	616140	0	912036	99	
11010048	11010048	3550836	3550860	7340032	681688	6420008	7340032	1030496	445352	0	775730	98	
11010048	11010048	3550832	3550864	7340032	779248	6322448	7340032	1234864	584092	0	1003607	99	
11010048	11010048	3550824	3550872	7340032	717136	6384560	7340032	1299012	649368	0	1019679	99	
11010048	11010048	3550840	3550856	7340032	765712	6335984	7340032	1301324	647600	0	765605	99	
11010048	11010048	3550844	3550852	7340032	727132	6374564	7340032	1298216	649708	0	1007577	99	
11010048	11010048	3550840	3550856	7340032	510592	6591104	7340032	1083008	643940	0	840497	99	
11010048	11010048	3550824	3550872	7340032	827728	6273968	7340032	714392	0	0	500082	0	
11010048	11010048	3550840	3550856	7340032	773116	6328580	7340032	1359208	710808	0	828349	99	
11010048	11010048	3550840	3550856	7340032	513904	6587792	7340032	1060492	643820	0	737164	99	
11010048	11010048	3550844	3550852	7340032	763204	6338492	7340032	1029056	411676	0	725739	98	
11010048	11010048	3550848	3550848	7340032	704100	6397596	7340032	1234384	614272	0	898150	99	
11010048	11010048	3550836	3550860	7340032	727784	6373912	7340032	1266732	618772	0	782184	99	
11010048	11010048	3550816	3550880	7340032	778932	6322764	7340032	1299636	645932	0	864547	99	
11010048	11010048	3550848	3550848	7340032	712684	6389012	7340032	1299684	650208	0	879535	99	
11010048	11010048	3550816	3550880	7340032	575636	6526060	7340032	1113904	644920	0	850184	99	
11010048	11010048	3550820	3550876	7340032	674440	6427256	7340032	1036800	464252	0	848453	98	
11010048	11010048	3550844	3550852	7340032	684016	6417680	7340032	1180684	569148	0	946289	99	
11010048	11010048	3550844	3550852	7340032	731864	6369832	7340032	1258288	610328	0	959669	99	
11010048	11010048	3550840	3550856	7340032	729988	6371708	7340032	1299532	645984	0	791308	99	
11010048	11010048	3550848	3550848	7340032	766132	6335564	7340032	1299536	650048	0	849982	99	
11010048	11010048	3550844	3550852	7340032	672984	6428712	7340032	1215268	644920	0	827519	99	
11010048	11010048	3550832	3550864	7340032	575464	6526232	7340032	1047904	565684	0	839721	99	
11010048	11010048	3550840	3550856	7340032	720096	6381600	7340032	1079288	478124	0	991034	99	
11010048	11010048	3550844	3550852	7340032	768960	6332736	7340032	1251884	600568	0	846306	99	
11010048	11010048	3550844	3550852	7340032	779272	6322424	7340032	1298960	649784	0	986886	99	
11010048	11010048	3550832	3550864	7340032	773192	6328504	7340032	1295184	645600	0	1135573	99	
11010048	11010048	3550832	3550864	7340032	642144	6459552	7340032	1203440	644920	0	900568	99	
11010048	11010048	3550844	3550852	7340032	794744	6306952	7340032	662156	0	0	465910	0	
11010048	11010048	3550836	3550860	7340032	763132	6338564	7340032	1308252	658668	0	962043	99	
11010048	11010048	3550844	3550852	7340032	639560	6462136	7340032	1205856	644920	0	681121	99	
11010048	11010048	3550828	3550868	7340032	576024	6525672	7340032	1062796	556204	0	796231	99	
11010048	11010048	3550824	3550872	7340032	690296	6411400	7340032	1088916	501704	0	765012	99	
11010048	11010048	3550840	3550856	7340032	728832	6372864	7340032	1238812	586576	0	742893	99	
11010048	11010048	3550824	3550872	7340032	763632	6338064	7340032	1298804	650896	0	782985	99	
11010048	11010048	3550832	3550864	7340032	794552	6307144	7340032	1299628	645912	0	905900	99	
11010048	11010048	3550808	3550888	7340032	709516	6392180	7340032	1271268	649656	0	1038525	99	
11010048	11010048	3550840	3550856	7340032	559744	6541952	7340032	1064784	617032	0	807217	99	
11010048	11010048	3550844	3550852	7340032	667448	6434248	7340032	1029376	442648	0	841779	98	
11010048	11010048	3550840	3550856	7340032	772700	6328996	7340032	1230784	585100	0	900760	99	
11010048	11010048	3550828	3550868	7340032	764768	6336928	7340032	1292308	644332	0	1094916	99	
11010048	11010048	3550840	3550856	7340032	736204	6365492	7340032	1299616	645912	0	785648	99	
11010048	11010048	3550840	3550856	7340032	728928	6372768	7340032	1299168	649688	0	1040459	99	
11010048	11010048	3550828	3550868	7340032	542800	6558896	7340032	1093088	644900	0	810874	99	
11010048	11010048	3550840	3550856	7340032	676764	6424932	7340032	1043500	443436	0	880373	98	
11010048	11010048	3550840	3550856	7340032	710484	6391212	7340032	1202072	596192	0	927328	99	
11010048	11010048	3550820	3550876	7340032	761564	6340132	7340032	1252528	604660	0	1056887	99	
11010048	11010048	3550848	3550848	7340032	770184	6331512	7340032	1299544	645904	0	1074839	99	
11010048	11010048	3550848	3550848	7340032	780484	6321212	7340032	1299624	650128	0	1135259	99	
11010048	11010048	3550816	3550880	7340032	795624	6306072	7340032	662264	0	0	606011	0	
11010048	11010048	3550828	3550868	7340032	762324	6339372	7340032	1313924	660192	0	871330	99	
11010048	11010048	3550812	3550884	7340032	767704	6333992	7340032	1299684	650168	0	852620	99	
11010048	11010048	3550836	3550860	7340032	512068	6589628	7340032	1079152	644920	0	734008	99	
11010048	11010048	3550828	3550868	7340032	708528	6393168	7340032	1052352	429284	0	735577	98	
11010048	11010048	3550844	3550852	7340032	671548	6430148	7340032	1215740	618828	0	785822	99	
11010048	11010048	3550844	3550852	7340032	771304	6330392	7340032	1243600	595616	0	846223	99	
11010048	11010048	3550840	3550856	7340032	792152	6309544	7340032	1299508	645984	0	929166	99	
11010048	11010048	3550840	3550856	7340032	794408	6307288	7340032	1299548	650048	0	919942	99	
11010048	11010048	3550840	3550856	7340032	541264	6560432	7340032	1100776	644920	0	912587	99	
11010048	11010048	3550840	3550856	7340032	679448	6422248	7340032	1050252	451124	0	740378	98	
11010048	11010048	3550840	3550856	7340032	683120	6418576	7340032	1193836	594792	0	924248	99	
11010048	11010048	3550840	3550856	7340032	721860	6379836	7340032	1245760	597812	0	985948	99	
11010048	11010048	3550832	3550864	7340032	761668	6340028	7340032	1299548	645984	0	899981	99	
11010048	11010048	3550844	3550852	7340032	763472	6338224	7340032	1299556	650048	0	1011348	99	
11010048	11010048	3550824	3550872	7340032	677508	6424188	7340032	1213044	644920	0	826130	99	
11010048	11010048	3550828	3550868	7340032	543140	6558556	7340032	1042812	563392	0	896228	99	
11010048	11010048	3550840	3550856	7340032	716224	6385472	7340032	1081620	475676	0	894838	99	
11010048	11010048	3550836	3550860	7340032	769644	6332052	7340032	1257672	605416	0	822880	99	
11010048	11010048	3550840	3550856	7340032	722172	6379524	7340032	1298752	650896	0	968742	99	
11010048	11010048	3550816	3550880	7340032	771316	6330380	7340032	1294148	644380	0	1031392	99	
11010048	11010048	3550836	3550860	7340032	798308	6303388	7340032	659472	0	0	486437	0	
11010048	11010048	3550828	3550868	7340032	779692	6322004	7340032	1307040	657920	0	1010737	99	
11010048	11010048	3550848	3550848	7340032	761352	6340344	7340032	1295088	645600	0	842313	99	
11010048	11010048	3550844	3550852	7340032	607024	6494672	7340032	1156896	644920	0	882843	99	
11010048	11010048	3550832	3550864	7340032	643328	6458368	7340032	1047904	507224	0	884896	99	
11010048	11010048	3550840	3550856	7340032	709056	6392640	7340032	1137712	536584	0	854931	99	
11010048	11010048	3550832	3550864	7340032	785420	6316276	7340032	1250304	600244	0	967341	99	
11010048	11010048	3550820	3550876	7340032	765600	6336096	7340032	1299292	648096	0	789637	99	
11010048	11010048	3550848	3550848	7340032	735248	6366448	7340032	1297088	647612	0	873609	99	
11010048	11010048	3550808	3550888	7340032	642880	6458816	7340032	1184008	644920	0	910153	99	
11010048	11010048	3550824	3550872	7340032	588300	6513396	7340032	1044296	534356	0	862545	99	
11010048	11010048	3550840	3550856	7340032	705360	6396336	7340032	1110580	506240	0	865319	99	
11010048	11010048	3550848	3550848	7340032	764400	6337296	7340032	1255120	603780	0	885546	99	
11010048	11010048	3550828	3550868	7340032	768960	6332736	7340032	1298924	649784	0	1040662	99	
11010048	11010048	3550848	3550848	7340032	734004	6367692	7340032	1295088	645600	0	880504	99	
11010048	11010048	3550836	3550860	7340032	673712	6427984	7340032	1237900	644920	0	974934	99	
11010048	11010048	3550832	3550864	7340032	554388	6547308	7340032	1071728	588184	0	902210	99	
11010048	11010048	3550816	3550880	7340032	706680	6395016	7340032	1068864	478268	0	882398	98	
11010048	11010048	3550832	3550864	7340032	763416	6338280	7340032	1230264	588956	0	774154	99	
11010048	11010048	3550828	3550868	7340032	705660	6396036	7340032	1287840	639972	0	927440	99	
11010048	11010048	3550816	3550880	7340032	795560	6306136	7340032	1299908	645892	0	1045665	99	
