b_initial_y_size_0	b_max_y_size_1	b_used_2	b_available_3	b_committed_4	a_used_5	a_available_6	a_committed_7	a_survived_8	a_promoted_9	a_copied_10	a_time_in_ns_11	promotion_rate_12
26738688	26738688	8623488	8623488	17825792	34616	17212360	17825792	384448	381796	0	560510	99	
26738688	26738688	8623488	8623488	17825792	47272	17199704	17825792	27156	708	0	201219	26	
26738688	26738688	8623488	8623488	17825792	135332	17111644	17825792	36068	24744	0	255073	93	
26738688	26738688	8623488	8623488	17825792	39524	17207452	17825792	19952	10680	0	180254	94	
26738688	26738688	8623488	8623488	17825792	35312	17211664	17825792	12632	8460	0	147358	91	
26738688	26738688	8623480	8623496	17825792	405440	16841536	17825792	331436	2932	0	663222	70	
26738688	26738688	8623488	8623488	17825792	453784	16793192	17825792	339780	5204	0	552162	1	
26738688	26738688	8623480	8623496	17825792	454092	16792884	17825792	339244	12076	0	688041	3	
26738688	26738688	8623488	8623488	17825792	821836	16425140	17825792	661212	2392	0	578524	0	
26738688	26738688	8623480	8623496	17825792	391536	16855440	17825792	339464	9916	0	521543	1	
26738688	26738688	8623472	8623504	17825792	769248	16477728	17825792	656312	7808	0	646781	2	
26738688	26738688	8623488	8623488	17825792	802748	16444228	17825792	622100	7064	0	515555	1	
26738688	26738688	8623480	8623496	17825792	641600	16605376	17825792	561296	4828	0	545994	0	
26738688	26738688	8623488	8623488	17825792	865464	16381512	17825792	645404	928	0	443128	0	
26738688	26738688	8623448	8623528	17825792	797548	16449428	17825792	627036	4164	0	509079	0	
26738688	26738688	8623488	8623488	17825792	826464	16420512	17825792	640920	824	0	440654	0	
26738688	26738688	8623488	8623488	17825792	801864	16445112	17825792	641300	0	0	465192	0	
26738688	26738688	8623480	8623496	17825792	826592	16420384	17825792	642988	0	0	581980	0	
26738688	26738688	8623484	8623492	17825792	798092	16448884	17825792	642980	1672	0	510240	0	
26738688	26738688	8623472	8623504	17825792	795816	16451160	17825792	642712	0	0	539833	0	
26738688	26738688	8623480	8623496	17825792	799628	16447348	17825792	644616	1416	0	566388	0	
26738688	26738688	8623464	8623512	17825792	866152	16380824	17825792	648928	1904	0	678936	0	
26738688	26738688	8623480	8623496	17825792	880704	16366272	17825792	647124	0	0	629170	0	
26738688	26738688	8623480	8623496	17825792	809476	16437500	17825792	647148	56	0	564646	0	
26738688	26738688	8623480	8623496	17825792	799024	16447952	17825792	647080	0	0	537538	0	
26738688	26738688	8623460	8623516	17825792	768076	16478900	17825792	647084	0	0	455610	0	
26738688	26738688	8623476	8623500	17825792	814444	16432532	17825792	647896	28	0	480629	0	
26738688	26738688	8623488	8623488	17825792	440240	16806736	17825792	321808	564	0	491229	0	
26738688	26738688	8623480	8623496	17825792	418016	16828960	17825792	326460	0	0	443632	0	
26738688	26738688	8623472	8623504	17825792	831436	16415540	17825792	619356	0	0	476829	0	
26738688	26738688	8623480	8623496	17825792	776744	16470232	17825792	639860	0	0	492550	0	
26738688	26738688	8623472	8623504	17825792	866220	16380756	17825792	641336	0	0	484819	0	
26738688	26738688	8623480	8623496	17825792	827136	16419840	17825792	641308	0	0	428919	0	
26738688	26738688	8623488	8623488	17825792	827752	16419224	17825792	641308	0	0	437102	0	
26738688	26738688	8623480	8623496	17825792	828344	16418632	17825792	641444	0	0	434838	0	
26738688	26738688	8623476	8623500	17825792	809000	16437976	17825792	641604	0	0	447561	0	
26738688	26738688	8623484	8623492	17825792	835012	16411964	17825792	647236	0	0	424448	0	
26738688	26738688	8623480	8623496	17825792	844444	16402532	17825792	647080	0	0	499170	0	
26738688	26738688	8623468	8623508	17825792	861756	16385220	17825792	647076	0	0	447486	0	
26738688	26738688	8623488	8623488	17825792	800872	16446104	17825792	647476	0	0	506554	0	
26738688	26738688	8623472	8623504	17825792	798720	16448256	17825792	647560	396	0	486554	0	
26738688	26738688	8623460	8623516	17825792	798392	16448584	17825792	647988	0	0	515652	0	
26738688	26738688	8623464	8623512	17825792	402728	16844248	17825792	322120	876	0	419875	0	
26738688	26738688	8623476	8623500	17825792	517360	16729616	17825792	326408	0	0	369526	0	
26738688	26738688	8623456	8623520	17825792	807028	16439948	17825792	600228	0	0	505179	0	
26738688	26738688	8623480	8623496	17825792	805120	16441856	17825792	640220	0	0	461456	0	
26738688	26738688	8623480	8623496	17825792	838228	16408748	17825792	641968	0	0	474763	0	
26738688	26738688	8623488	8623488	17825792	799088	16447888	17825792	641992	672	0	598457	0	
26738688	26738688	8623484	8623492	17825792	829568	16417408	17825792	641320	0	0	491849	0	
26738688	26738688	8623476	8623500	17825792	798188	16448788	17825792	641480	0	0	579023	0	
26738688	26738688	8623484	8623492	17825792	831492	16415484	17825792	647316	0	0	462802	0	
26738688	26738688	8623484	8623492	17825792	826720	16420256	17825792	647088	0	0	449275	0	
26738688	26738688	8623476	8623500	17825792	838356	16408620	17825792	647204	0	0	468407	0	
26738688	26738688	8623484	8623492	17825792	829568	16417408	17825792	647080	0	0	481629	0	
26738688	26738688	8623480	8623496	17825792	799616	16447360	17825792	647080	0	0	447921	0	
26738688	26738688	8623468	8623508	17825792	453548	16793428	17825792	321176	0	0	370397	0	
26738688	26738688	8623480	8623496	17825792	458052	16788924	17825792	326388	0	0	392852	0	
26738688	26738688	8623484	8623492	17825792	720128	16526848	17825792	568040	0	0	441623	0	
26738688	26738688	8623472	8623504	17825792	859264	16387712	17825792	641296	0	0	484033	0	
26738688	26738688	8623480	8623496	17825792	830080	16416896	17825792	641332	0	0	423103	0	
26738688	26738688	8623472	8623504	17825792	802904	16444072	17825792	641468	0	0	392314	0	
26738688	26738688	8623472	8623504	17825792	785928	16461048	17825792	641404	0	0	444158	0	
26738688	26738688	8623480	8623496	17825792	829264	16417712	17825792	647092	0	0	436459	0	
26738688	26738688	8623484	8623492	17825792	809936	16437040	17825792	647080	0	0	469892	0	
26738688	26738688	8623480	8623496	17825792	833940	16413036	17825792	647080	0	0	464154	0	
26738688	26738688	8623480	8623496	17825792	845820	16401156	17825792	647056	0	0	536906	0	
26738688	26738688	8623472	8623504	17825792	804848	16442128	17825792	647076	0	0	456039	0	
26738688	26738688	8623468	8623508	17825792	804864	16442112	17825792	647132	0	0	441238	0	
26738688	26738688	8623484	8623492	17825792	511248	16735728	17825792	321280	0	0	400868	0	
26738688	26738688	8623484	8623492	17825792	425940	16821036	17825792	326376	0	0	410595	0	
26738688	26738688	8623448	8623528	17825792	799912	16447064	17825792	591064	0	0	465697	0	
26738688	26738688	8623480	8623496	17825792	808616	16438360	17825792	640216	0	0	467713	0	
26738688	26738688	8623480	8623496	17825792	833184	16413792	17825792	641348	0	0	524128	0	
26738688	26738688	8623480	8623496	17825792	840944	16406032	17825792	641348	28	0	544592	0	
26738688	26738688	8623480	8623496	17825792	874204	16372772	17825792	641296	0	0	469222	0	
26738688	26738688	8623484	8623492	17825792	800068	16446908	17825792	641296	0	0	471898	0	
26738688	26738688	8623480	8623496	17825792	806632	16440344	17825792	641436	0	0	427897	0	
26738688	26738688	8623480	8623496	17825792	870708	16376268	17825792	647236	0	0	525204	0	
26738688	26738688	8623460	8623516	17825792	835456	16411520	17825792	647056	0	0	514339	0	
26738688	26738688	8623480	8623496	17825792	842816	16404160	17825792	647248	0	0	439937	0	
26738688	26738688	8623488	8623488	17825792	804388	16442588	17825792	647080	0	0	507229	0	
26738688	26738688	8623472	8623504	17825792	826560	16420416	17825792	647076	0	0	430115	0	
26738688	26738688	8623468	8623508	17825792	840684	16406292	17825792	647132	0	0	458662	0	
26738688	26738688	8623480	8623496	17825792	433184	16813792	17825792	321292	0	0	377539	0	
26738688	26738688	8623488	8623488	17825792	453344	16793632	17825792	326376	0	0	348586	0	
26738688	26738688	8623468	8623508	17825792	797628	16449348	17825792	579884	0	0	476661	0	
26738688	26738688	8623480	8623496	17825792	794444	16452532	17825792	639484	0	0	469574	0	
26738688	26738688	8623488	8623488	17825792	861988	16384988	17825792	642004	0	0	581203	0	
26738688	26738688	8623480	8623496	17825792	815148	16431828	17825792	642012	684	0	479128	0	
26738688	26738688	8623484	8623492	17825792	830900	16416076	17825792	641296	0	0	465195	0	
26738688	26738688	8623484	8623492	17825792	833252	16413724	17825792	641380	0	0	451810	0	
26738688	26738688	8623432	8623544	17825792	862544	16384432	17825792	641588	0	0	557201	0	
26738688	26738688	8623488	8623488	17825792	836904	16410072	17825792	646980	0	0	438682	0	
26738688	26738688	8623460	8623516	17825792	811292	16435684	17825792	647344	0	0	469918	0	
26738688	26738688	8623488	8623488	17825792	801812	16445164	17825792	647100	0	0	416614	0	
26738688	26738688	8623484	8623492	17825792	781468	16465508	17825792	647080	0	0	398515	0	
26738688	26738688	8623468	8623508	17825792	836400	16410576	17825792	647188	0	0	511182	0	
26738688	26738688	8623480	8623496	17825792	455428	16791548	17825792	321184	0	0	459310	0	
26738688	26738688	8623480	8623496	17825792	431624	16815352	17825792	326384	0	0	330093	0	
26738688	26738688	8623444	8623532	17825792	767792	16479184	17825792	608048	0	0	446232	0	
26738688	26738688	8623484	8623492	17825792	859288	16387688	17825792	641320	0	0	464880	0	
26738688	26738688	8623480	8623496	17825792	816168	16430808	17825792	641296	0	0	536763	0	
26738688	26738688	8623488	8623488	17825792	840148	16406828	17825792	641336	0	0	475839	0	
26738688	26738688	8623476	8623500	17825792	807984	16438992	17825792	641468	0	0	514452	0	
26738688	26738688	8623456	8623520	17825792	865532	16381444	17825792	641416	0	0	499694	0	
26738688	26738688	8623464	8623512	17825792	865620	16381356	17825792	645324	0	0	495698	0	
26738688	26738688	8623480	8623496	17825792	844548	16402428	17825792	647036	0	0	480095	0	
26738688	26738688	8623472	8623504	17825792	845352	16401624	17825792	647260	0	0	505570	0	
26738688	26738688	8623488	8623488	17825792	761888	16485088	17825792	647080	0	0	482663	0	
26738688	26738688	8623484	8623492	17825792	816032	16430944	17825792	647092	0	0	484044	0	
26738688	26738688	8623484	8623492	17825792	865944	16381032	17825792	647164	0	0	485635	0	
26738688	26738688	8623476	8623500	17825792	833804	16413172	17825792	647316	0	0	542594	0	
26738688	26738688	8623452	8623524	17825792	425528	16821448	17825792	321196	0	0	443845	0	
26738688	26738688	8623484	8623492	17825792	452232	16794744	17825792	326452	0	0	380596	0	
26738688	26738688	8623460	8623516	17825792	762608	16484368	17825792	601428	0	0	460308	0	
26738688	26738688	8623488	8623488	17825792	806912	16440064	17825792	641308	0	0	655151	0	
26738688	26738688	8623488	8623488	17825792	791696	16455280	17825792	641332	0	0	549505	0	
26738688	26738688	8623460	8623516	17825792	811836	16435140	17825792	641296	0	0	451653	0	
26738688	26738688	8623468	8623508	17825792	866328	16380648	17825792	647100	0	0	541547	0	
26738688	26738688	8623480	8623496	17825792	797408	16449568	17825792	647080	0	0	488061	0	
26738688	26738688	8623472	8623504	17825792	808292	16438684	17825792	647056	0	0	438039	0	
26738688	26738688	8623488	8623488	17825792	880240	16366736	17825792	647124	0	0	449764	0	
26738688	26738688	8623460	8623516	17825792	829584	16417392	17825792	647100	0	0	453263	0	
26738688	26738688	8623484	8623492	17825792	828160	16418816	17825792	647144	0	0	446223	0	
26738688	26738688	8623476	8623500	17825792	796256	16450720	17825792	647120	0	0	480048	0	
26738688	26738688	8623480	8623496	17825792	450836	16796140	17825792	321220	0	0	390563	0	
26738688	26738688	8623488	8623488	17825792	453360	16793616	17825792	326376	0	0	399007	0	
26738688	26738688	8623468	8623508	17825792	772888	16474088	17825792	617448	0	0	386833	0	
26738688	26738688	8623472	8623504	17825792	787948	16459028	17825792	641336	0	0	487969	0	
26738688	26738688	8623480	8623496	17825792	766828	16480148	17825792	641332	0	0	618408	0	
26738688	26738688	8623488	8623488	17825792	861304	16385672	17825792	642152	0	0	434768	0	
26738688	26738688	8623472	8623504	17825792	794768	16452208	17825792	647068	0	0	453169	0	
26738688	26738688	8623480	8623496	17825792	832736	16414240	17825792	647068	0	0	425336	0	
26738688	26738688	8623488	8623488	17825792	833720	16413256	17825792	647056	0	0	728211	0	
26738688	26738688	8623488	8623488	17825792	829472	16417504	17825792	647080	0	0	432310	0	
26738688	26738688	8623484	8623492	17825792	804796	16442180	17825792	647080	0	0	491405	0	
26738688	26738688	8623484	8623492	17825792	445440	16801536	17825792	321164	0	0	426807	0	
26738688	26738688	8623484	8623492	17825792	455296	16791680	17825792	326388	0	0	300691	0	
26738688	26738688	8623464	8623512	17825792	793888	16453088	17825792	570976	0	0	399872	0	
26738688	26738688	8623468	8623508	17825792	796192	16450784	17825792	639524	0	0	425994	0	
26738688	26738688	8623484	8623492	17825792	841744	16405232	17825792	641308	0	0	394844	0	
26738688	26738688	8623480	8623496	17825792	796592	16450384	17825792	641308	0	0	472077	0	
26738688	26738688	8623488	8623488	17825792	827976	16419000	17825792	641320	0	0	576425	0	
26738688	26738688	8623472	8623504	17825792	838448	16408528	17825792	641372	0	0	518978	0	
26738688	26738688	8623480	8623496	17825792	782244	16464732	17825792	647068	0	0	446529	0	
26738688	26738688	8623476	8623500	17825792	833848	16413128	17825792	647100	0	0	480607	0	
26738688	26738688	8623460	8623516	17825792	805052	16441924	17825792	647056	0	0	495427	0	
26738688	26738688	8623484	8623492	17825792	796496	16450480	17825792	647080	0	0	520218	0	
26738688	26738688	8623472	8623504	17825792	439604	16807372	17825792	321176	0	0	323089	0	
26738688	26738688	8623480	8623496	17825792	418792	16828184	17825792	326364	0	0	333764	0	
26738688	26738688	8623452	8623524	17825792	828416	16418560	17825792	618080	0	0	456088	0	
26738688	26738688	8623480	8623496	17825792	833208	16413768	17825792	640216	0	0	539561	0	
26738688	26738688	8623484	8623492	17825792	797248	16449728	17825792	641320	0	0	465285	0	
26738688	26738688	8623464	8623512	17825792	805064	16441912	17825792	641296	0	0	438694	0	
26738688	26738688	8623480	8623496	17825792	831712	16415264	17825792	641316	0	0	518675	0	
26738688	26738688	8623448	8623528	17825792	833264	16413712	17825792	641588	0	0	465171	0	
26738688	26738688	8623480	8623496	17825792	860496	16386480	17825792	647092	0	0	503808	0	
26738688	26738688	8623480	8623496	17825792	817236	16429740	17825792	647408	0	0	455690	0	
26738688	26738688	8623484	8623492	17825792	811580	16435396	17825792	647076	0	0	547586	0	
26738688	26738688	8623488	8623488	17825792	833236	16413740	17825792	647080	0	0	599309	0	
26738688	26738688	8623484	8623492	17825792	830104	16416872	17825792	647168	0	0	623593	0	
26738688	26738688	8623440	8623536	17825792	862188	16384788	17825792	647388	0	0	496877	0	
26738688	26738688	8623472	8623504	17825792	827608	16419368	17825792	647112	0	0	497127	0	
26738688	26738688	8623468	8623508	17825792	512660	16734316	17825792	321284	0	0	367214	0	
26738688	26738688	8623456	8623520	17825792	425188	16821788	17825792	326548	0	0	467843	0	
26738688	26738688	8623420	8623556	17825792	704128	16542848	17825792	570632	0	0	372155	0	
26738688	26738688	8623488	8623488	17825792	835528	16411448	17825792	641308	0	0	500816	0	
26738688	26738688	8623484	8623492	17825792	806864	16440112	17825792	641332	0	0	579742	0	
26738688	26738688	8623480	8623496	17825792	826880	16420096	17825792	641296	0	0	444033	0	
26738688	26738688	8623484	8623492	17825792	798404	16448572	17825792	641480	0	0	539515	0	
26738688	26738688	8623476	8623500	17825792	827440	16419536	17825792	647076	0	0	426665	0	
26738688	26738688	8623468	8623508	17825792	837772	16409204	17825792	647076	0	0	447234	0	
26738688	26738688	8623488	8623488	17825792	830256	16416720	17825792	647088	0	0	470432	0	
26738688	26738688	8623484	8623492	17825792	859480	16387496	17825792	647056	0	0	478925	0	
26738688	26738688	8623480	8623496	17825792	826792	16420184	17825792	647156	0	0	513869	0	
26738688	26738688	8623464	8623512	17825792	835276	16411700	17825792	647348	0	0	466934	0	
26738688	26738688	8623488	8623488	17825792	407564	16839412	17825792	321196	0	0	363905	0	
26738688	26738688	8623488	8623488	17825792	426372	16820604	17825792	326388	0	0	426899	0	
26738688	26738688	8623476	8623500	17825792	833660	16413316	17825792	638552	0	0	454468	0	
26738688	26738688	8623488	8623488	17825792	860016	16386960	17825792	641296	0	0	496030	0	
26738688	26738688	8623484	8623492	17825792	801824	16445152	17825792	641320	0	0	606547	0	
26738688	26738688	8623484	8623492	17825792	799932	16447044	17825792	641320	0	0	488557	0	
26738688	26738688	8623468	8623508	17825792	763284	16483692	17825792	641444	0	0	452124	0	
26738688	26738688	8623484	8623492	17825792	828708	16418268	17825792	647280	0	0	470870	0	
26738688	26738688	8623476	8623500	17825792	828368	16418608	17825792	647056	0	0	492438	0	
26738688	26738688	8623476	8623500	17825792	862876	16384100	17825792	647140	0	0	480089	0	
26738688	26738688	8623464	8623512	17825792	812292	16434684	17825792	647056	0	0	406966	0	
26738688	26738688	8623480	8623496	17825792	818800	16428176	17825792	647080	0	0	477339	0	
26738688	26738688	8623480	8623496	17825792	802724	16444252	17825792	647180	0	0	479603	0	
26738688	26738688	8623472	8623504	17825792	451944	16795032	17825792	321260	0	0	406028	0	
26738688	26738688	8623488	8623488	17825792	452504	16794472	17825792	326364	0	0	405868	0	
26738688	26738688	8623488	8623488	17825792	808728	16438248	17825792	626396	0	0	589221	0	
26738688	26738688	8623484	8623492	17825792	849844	16397132	17825792	641320	0	0	448548	0	
26738688	26738688	8623468	8623508	17825792	829744	16417232	17825792	641296	0	0	505623	0	
26738688	26738688	8623480	8623496	17825792	834980	16411996	17825792	641296	0	0	509907	0	
26738688	26738688	8623488	8623488	17825792	863644	16383332	17825792	641308	0	0	558688	0	
26738688	26738688	8623480	8623496	17825792	859328	16387648	17825792	641336	0	0	490446	0	
26738688	26738688	8623488	8623488	17825792	788792	16458184	17825792	641320	0	0	516376	0	
26738688	26738688	8623480	8623496	17825792	807652	16439324	17825792	647068	0	0	435891	0	
26738688	26738688	8623480	8623496	17825792	815672	16431304	17825792	647080	0	0	456264	0	
26738688	26738688	8623488	8623488	17825792	776840	16470136	17825792	647088	0	0	462840	0	
26738688	26738688	8623468	8623508	17825792	767272	16479704	17825792	647204	0	0	429092	0	
26738688	26738688	8623488	8623488	17825792	389168	16857808	17825792	321224	0	0	353844	0	
26738688	26738688	8623452	8623524	17825792	400700	16846276	17825792	337636	0	0	516252	0	
26738688	26738688	8623480	8623496	17825792	865144	16381832	17825792	641444	0	0	434245	0	
26738688	26738688	8623484	8623492	17825792	831692	16415284	17825792	641320	0	0	469532	0	
26738688	26738688	8623472	8623504	17825792	834208	16412768	17825792	641296	0	0	529473	0	
26738688	26738688	8623484	8623492	17825792	834468	16412508	17825792	641320	0	0	462907	0	
26738688	26738688	8623484	8623492	17825792	843940	16403036	17825792	641296	0	0	469745	0	
26738688	26738688	8623484	8623492	17825792	830656	16416320	17825792	641920	0	0	420127	0	
26738688	26738688	8623484	8623492	17825792	819144	16427832	17825792	647216	0	0	466225	0	
26738688	26738688	8623484	8623492	17825792	816836	16430140	17825792	647076	0	0	433571	0	
26738688	26738688	8623488	8623488	17825792	845920	16401056	17825792	647056	0	0	435688	0	
26738688	26738688	8623484	8623492	17825792	832992	16413984	17825792	647068	0	0	473498	0	
26738688	26738688	8623480	8623496	17825792	827328	16419648	17825792	647852	0	0	557252	0	
26738688	26738688	8623472	8623504	17825792	869804	16377172	17825792	647952	772	0	513450	0	
26738688	26738688	8623480	8623496	17825792	373552	16873424	17825792	321188	0	0	333808	0	
26738688	26738688	8623484	8623492	17825792	453620	16793356	17825792	327492	0	0	461765	0	
26738688	26738688	8623468	8623508	17825792	798672	16448304	17825792	633272	1116	0	537998	0	
26738688	26738688	8623480	8623496	17825792	875812	16371164	17825792	641332	0	0	587056	0	
26738688	26738688	8623476	8623500	17825792	798064	16448912	17825792	641336	0	0	464577	0	
26738688	26738688	8623488	8623488	17825792	790920	16456056	17825792	641444	0	0	490591	0	
26738688	26738688	8623484	8623492	17825792	826292	16420684	17825792	641320	0	0	533225	0	
26738688	26738688	8623480	8623496	17825792	845756	16401220	17825792	647068	0	0	562309	0	
26738688	26738688	8623460	8623516	17825792	802660	16444316	17825792	647276	0	0	496311	0	
26738688	26738688	8623488	8623488	17825792	844024	16402952	17825792	647056	0	0	435985	0	
26738688	26738688	8623460	8623516	17825792	802532	16444444	17825792	647100	0	0	446136	0	
26738688	26738688	8623488	8623488	17825792	830376	16416600	17825792	647080	0	0	536840	0	
26738688	26738688	8623480	8623496	17825792	827040	16419936	17825792	647176	0	0	469999	0	
26738688	26738688	8623460	8623516	17825792	424176	16822800	17825792	321196	0	0	401538	0	
26738688	26738688	8623480	8623496	17825792	452780	16794196	17825792	326388	0	0	325581	0	
26738688	26738688	8623476	8623500	17825792	806512	16440464	17825792	624532	0	0	501186	0	
26738688	26738688	8623488	8623488	17825792	834660	16412316	17825792	641380	0	0	485497	0	
26738688	26738688	8623488	8623488	17825792	802944	16444032	17825792	641368	48	0	506853	0	
26738688	26738688	8623484	8623492	17825792	801632	16445344	17825792	641308	0	0	472374	0	
26738688	26738688	8623468	8623508	17825792	829952	16417024	17825792	641456	0	0	456696	0	
26738688	26738688	8623480	8623496	17825792	831020	16415956	17825792	647056	0	0	464511	0	
26738688	26738688	8623488	8623488	17825792	835652	16411324	17825792	647100	0	0	488337	0	
26738688	26738688	8623468	8623508	17825792	806104	16440872	17825792	647068	0	0	462357	0	
26738688	26738688	8623480	8623496	17825792	865624	16381352	17825792	647080	0	0	507767	0	
26738688	26738688	8623456	8623520	17825792	803128	16443848	17825792	647096	0	0	455274	0	
26738688	26738688	8623468	8623508	17825792	832900	16414076	17825792	647132	0	0	502946	0	
26738688	26738688	8623464	8623512	17825792	431264	16815712	17825792	321332	0	0	359358	0	
26738688	26738688	8623460	8623516	17825792	452720	16794256	17825792	326364	0	0	361970	0	
26738688	26738688	8623448	8623528	17825792	797264	16449712	17825792	610960	0	0	503080	0	
26738688	26738688	8623480	8623496	17825792	805472	16441504	17825792	641316	0	0	439515	0	
26738688	26738688	8623448	8623528	17825792	799280	16447696	17825792	641336	0	0	464803	0	
26738688	26738688	8623484	8623492	17825792	832456	16414520	17825792	641320	0	0	430757	0	
26738688	26738688	8623488	8623488	17825792	833656	16413320	17825792	641308	0	0	530921	0	
26738688	26738688	8623476	8623500	17825792	805436	16441540	17825792	647136	0	0	407107	0	
26738688	26738688	8623480	8623496	17825792	831364	16415612	17825792	647056	0	0	475510	0	
26738688	26738688	8623488	8623488	17825792	799040	16447936	17825792	647080	0	0	492637	0	
26738688	26738688	8623472	8623504	17825792	864104	16382872	17825792	647100	0	0	464742	0	
26738688	26738688	8623480	8623496	17825792	807740	16439236	17825792	647092	0	0	454910	0	
26738688	26738688	8623476	8623500	17825792	406384	16840592	17825792	321208	0	0	398785	0	
26738688	26738688	8623476	8623500	17825792	425064	16821912	17825792	326384	0	0	382409	0	
26738688	26738688	8623452	8623524	17825792	815440	16431536	17825792	633180	0	0	510785	0	
26738688	26738688	8623484	8623492	17825792	831340	16415636	17825792	641320	0	0	451365	0	
26738688	26738688	8623480	8623496	17825792	803432	16443544	17825792	641296	0	0	512403	0	
26738688	26738688	8623480	8623496	17825792	801380	16445596	17825792	641380	0	0	465950	0	
26738688	26738688	8623480	8623496	17825792	867996	16378980	17825792	641456	0	0	562574	0	
26738688	26738688	8623468	8623508	17825792	794384	16452592	17825792	641556	0	0	435913	0	
26738688	26738688	8623488	8623488	17825792	830116	16416860	17825792	647068	0	0	479153	0	
26738688	26738688	8623476	8623500	17825792	832448	16414528	17825792	647144	0	0	456058	0	
26738688	26738688	8623484	8623492	17825792	831732	16415244	17825792	647076	0	0	470822	0	
26738688	26738688	8623476	8623500	17825792	868860	16378116	17825792	647120	0	0	449372	0	
26738688	26738688	8623488	8623488	17825792	804848	16442128	17825792	647080	0	0	488278	0	
26738688	26738688	8623440	8623536	17825792	391008	16855968	17825792	321164	0	0	384482	0	
26738688	26738688	8623484	8623492	17825792	424904	16822072	17825792	326376	0	0	370414	0	
26738688	26738688	8623472	8623504	17825792	838688	16408288	17825792	639656	0	0	477742	0	
26738688	26738688	8623488	8623488	17825792	842260	16404716	17825792	641556	0	0	477494	0	
26738688	26738688	8623488	8623488	17825792	795344	16451632	17825792	643012	260	0	466239	0	
26738688	26738688	8623488	8623488	17825792	845892	16401084	17825792	642764	1432	0	528971	0	
26738688	26738688	8623488	8623488	17825792	840932	16406044	17825792	641296	0	0	508993	0	
26738688	26738688	8623484	8623492	17825792	809200	16437776	17825792	641296	0	0	491875	0	
26738688	26738688	8623480	8623496	17825792	796132	16450844	17825792	647176	0	0	437876	0	
26738688	26738688	8623460	8623516	17825792	798776	16448200	17825792	647056	0	0	538862	0	
26738688	26738688	8623480	8623496	17825792	808980	16437996	17825792	647056	0	0	419834	0	
26738688	26738688	8623460	8623516	17825792	799748	16447228	17825792	647316	0	0	459681	0	
26738688	26738688	8623464	8623512	17825792	428476	16818500	17825792	321308	0	0	337111	0	
26738688	26738688	8623484	8623492	17825792	517964	16729012	17825792	326376	0	0	389543	0	
26738688	26738688	8623484	8623492	17825792	718112	16528864	17825792	575820	0	0	482860	0	
26738688	26738688	8623488	8623488	17825792	832168	16414808	17825792	641296	0	0	475946	0	
26738688	26738688	8623488	8623488	17825792	782608	16464368	17825792	641308	0	0	496495	0	
26738688	26738688	8623484	8623492	17825792	798592	16448384	17825792	641308	0	0	463292	0	
26738688	26738688	8623480	8623496	17825792	859380	16387596	17825792	647056	0	0	518934	0	
26738688	26738688	8623436	8623540	17825792	868768	16378208	17825792	647348	0	0	456836	0	
26738688	26738688	8623484	8623492	17825792	797392	16449584	17825792	647120	0	0	480817	0	
26738688	26738688	8623476	8623500	17825792	841668	16405308	17825792	647076	0	0	460475	0	
26738688	26738688	8623488	8623488	17825792	831796	16415180	17825792	647068	0	0	466759	0	
26738688	26738688	8623484	8623492	17825792	870532	16376444	17825792	647056	0	0	590156	0	
26738688	26738688	8623476	8623500	17825792	838088	16408888	17825792	647076	0	0	489604	0	
26738688	26738688	8623480	8623496	17825792	796584	16450392	17825792	647180	0	0	524857	0	
26738688	26738688	8623476	8623500	17825792	451008	16795968	17825792	321236	0	0	364963	0	
26738688	26738688	8623472	8623504	17825792	457480	16789496	17825792	326428	0	0	440812	0	
26738688	26738688	8623472	8623504	17825792	800044	16446932	17825792	631432	0	0	399737	0	
26738688	26738688	8623484	8623492	17825792	804720	16442256	17825792	641320	0	0	411538	0	
26738688	26738688	8623484	8623492	17825792	840640	16406336	17825792	641296	0	0	663615	0	
26738688	26738688	8623456	8623520	17825792	850568	16396408	17825792	641404	0	0	500609	0	
26738688	26738688	8623452	8623524	17825792	846460	16400516	17825792	641404	0	0	545856	0	
26738688	26738688	8623476	8623500	17825792	829644	16417332	17825792	641468	0	0	561221	0	
26738688	26738688	8623480	8623496	17825792	828896	16418080	17825792	647080	0	0	504806	0	
26738688	26738688	8623472	8623504	17825792	831780	16415196	17825792	647100	0	0	514234	0	
